Mplus VERSION 7.4 (Mac)
MUTHEN & MUTHEN
07/25/2019   3:51 PM

INPUT INSTRUCTIONS


  TITLE:
  	Correlations
  	;
  DATA:
  	file = SB190418.csv
  	;
  VARIABLE:
  	NAMES =
  		ID_Fam   Wave
  		ID_MPL00
  		SRPBLK00 SRPCLR00 SRPWRD00
  		WASVCB00 WASBLK00 WASDGT00 WSISUM00
  		TRLATS00 TRLBTS00
  		CVLATS00 CVLA1R00 CVLA5R00 CVLBTR00 CVLASF00
  		CVLASC00 CVLALF00 CVLALC00 CVLLRN00 CVLPSV00
  		CVLINT00 CVLCRH00
  		CANEVR00 CANONS00 CANFLF00 CANFTY00 CANF6M00
  		ALCEVR00 ALCONS00 ALCFLF00 ALCFTY00 ALCF6M00
  		COGPGS00
  		ID_MPL03
  		SRPBLK03 SRPCLR03 SRPWRD03
  		WASVCB03 WASBLK03 WASDGT03 WSISUM03
  		TRLATS03 TRLBTS03
  		CVLATS03 CVLA1R03 CVLA5R03 CVLBTR03 CVLASF03
  		CVLASC03 CVLALF03 CVLALC03 CVLLRN03 CVLPSV03
  		CVLINT03 CVLCRH03
  		CANEVR03 CANONS03 CANFLF03 CANFTY03 CANF6M03
  		ALCEVR03 ALCONS03 ALCFLF03 ALCFTY03 ALCF6M03
  		COGPGS03
  	;
    	USEOBSERVATION =
    		(Wave EQ 1)
    	;
  	USEVARIABLES =
  	! PROBAND
  		! PGS
  			COGPGS00
  		!CANNABIS OUTCOMES
  			CANONS00 CANFLF00 CANFTY00 CANF6M00
  		!COG
  			
  			WASVCB00 WASBLK00 WASDGT00 WSISUM00
  			TRLATS00 TRLBTS00
  			CVLASF00 CVLASC00 CVLALF00 CVLALC00
  	! SIBLING
  		! PGS
  			COGPGS03
  		!CANNABIS OUTCOMES			
  			CANONS03 CANFLF03 CANFTY03 CANF6M03
  		!COG
  			WASVCB03 WASBLK03 WASDGT03 WSISUM03			
  			TRLATS03 TRLBTS03
  			CVLASF03 CVLASC03 CVLALF03 CVLALC03
  	! new
  		SRPWCR00
  		SRPWCR03
  	;
  	MISSING = .;
  DEFINE:
  	SRPWCR00 = SRPWRD00 - SRPBLK00;
  	SRPWCR03 = SRPWRD03 - SRPBLK03;
  OUTPUT:
  	sampstat stdyx cint;
  MODEL:

  ! Means
  [COGPGS00  COGPGS03] (Mean1);
  [CANONS00  CANONS03] (Mean3);
  [CANFLF00  CANFLF03] (Mean4);
  [CANFTY00  CANFTY03] (Mean5);
  [CANF6M00  CANF6M03] (Mean6);
  [SRPWCR00  SRPWCR03] (Mean7);
  [WASVCB00  WASVCB03] (Mean8);
  [WASBLK00  WASBLK03] (Mean9);
  [WASDGT00  WASDGT03] (Mean10);
  [WSISUM00  WSISUM03] (Mean11);
  [TRLATS00  TRLATS03] (Mean12);
  [TRLBTS00  TRLBTS03] (Mean13);
  [CVLASF00  CVLASF03] (Mean14);
  [CVLASC00  CVLASC03] (Mean15);
  [CVLALF00  CVLALF03] (Mean16);
  [CVLALC00  CVLALC03] (Mean17);

  ! Variances
  COGPGS00  COGPGS03* (Var1);
  CANONS00  CANONS03* (Var3);
  CANFLF00  CANFLF03* (Var4);
  CANFTY00  CANFTY03* (Var5);
  CANF6M00  CANF6M03* (Var6);
  SRPWCR00  SRPWCR03* (Var7);
  WASVCB00  WASVCB03* (Var8);
  WASBLK00  WASBLK03* (Var9);
  WASDGT00  WASDGT03* (Var10);
  WSISUM00  WSISUM03* (Var11);
  TRLATS00  TRLATS03* (Var12);
  TRLBTS00  TRLBTS03* (Var13);
  CVLASF00  CVLASF03* (Var14);
  CVLASC00  CVLASC03* (Var15);
  CVLALF00  CVLALF03* (Var16);
  CVLALC00  CVLALC03* (Var17);


  ! Correlations
  	COGPGS00-SRPWCR00 WITH COGPGS00-SRPWCR00* (CovWI1-CovWI120);
  	COGPGS03-SRPWCR03 WITH COGPGS03-SRPWCR03* (CovWI1-CovWI120);
  	
  COGPGS00 WITH COGPGS03* (CovBW1);
  COGPGS00 WITH CANONS03* (CovBW3);
  COGPGS00 WITH CANFLF03* (CovBW4);
  COGPGS00 WITH CANFTY03* (CovBW5);
  COGPGS00 WITH CANF6M03* (CovBW6);
  COGPGS00 WITH SRPWCR03* (CovBW7);
  COGPGS00 WITH WASVCB03* (CovBW8);
  COGPGS00 WITH WASBLK03* (CovBW9);
  COGPGS00 WITH WASDGT03* (CovBW10);
  COGPGS00 WITH WSISUM03* (CovBW11);
  COGPGS00 WITH TRLATS03* (CovBW12);
  COGPGS00 WITH TRLBTS03* (CovBW13);
  COGPGS00 WITH CVLASF03* (CovBW14);
  COGPGS00 WITH CVLASC03* (CovBW15);
  COGPGS00 WITH CVLALF03* (CovBW16);
  COGPGS00 WITH CVLALC03* (CovBW17);

  CANONS00 WITH CANONS03* (CovBW34);
  CANONS00 WITH CANFLF03* (CovBW35);
  CANONS00 WITH CANFTY03* (CovBW36);
  CANONS00 WITH CANF6M03* (CovBW37);
  CANONS00 WITH SRPWCR03* (CovBW38);
  CANONS00 WITH WASVCB03* (CovBW39);
  CANONS00 WITH WASBLK03* (CovBW40);
  CANONS00 WITH WASDGT03* (CovBW41);
  CANONS00 WITH WSISUM03* (CovBW42);
  CANONS00 WITH TRLATS03* (CovBW43);
  CANONS00 WITH TRLBTS03* (CovBW44);
  CANONS00 WITH CVLASF03* (CovBW45);
  CANONS00 WITH CVLASC03* (CovBW46);
  CANONS00 WITH CVLALF03* (CovBW47);
  CANONS00 WITH CVLALC03* (CovBW48);
  CANFLF00 WITH CANFLF03* (CovBW49);
  CANFLF00 WITH CANFTY03* (CovBW50);
  CANFLF00 WITH CANF6M03* (CovBW51);
  CANFLF00 WITH SRPWCR03* (CovBW52);
  CANFLF00 WITH WASVCB03* (CovBW53);
  CANFLF00 WITH WASBLK03* (CovBW54);
  CANFLF00 WITH WASDGT03* (CovBW55);
  CANFLF00 WITH WSISUM03* (CovBW56);
  CANFLF00 WITH TRLATS03* (CovBW57);
  CANFLF00 WITH TRLBTS03* (CovBW58);
  CANFLF00 WITH CVLASF03* (CovBW59);
  CANFLF00 WITH CVLASC03* (CovBW60);
  CANFLF00 WITH CVLALF03* (CovBW61);
  CANFLF00 WITH CVLALC03* (CovBW62);
  CANFTY00 WITH CANFTY03* (CovBW63);
  CANFTY00 WITH CANF6M03* (CovBW64);
  CANFTY00 WITH SRPWCR03* (CovBW65);
  CANFTY00 WITH WASVCB03* (CovBW66);
  CANFTY00 WITH WASBLK03* (CovBW67);
  CANFTY00 WITH WASDGT03* (CovBW68);
  CANFTY00 WITH WSISUM03* (CovBW69);
  CANFTY00 WITH TRLATS03* (CovBW70);
  CANFTY00 WITH TRLBTS03* (CovBW71);
  CANFTY00 WITH CVLASF03* (CovBW72);
  CANFTY00 WITH CVLASC03* (CovBW73);
  CANFTY00 WITH CVLALF03* (CovBW74);
  CANFTY00 WITH CVLALC03* (CovBW75);
  CANF6M00 WITH CANF6M03* (CovBW76);
  CANF6M00 WITH SRPWCR03* (CovBW77);
  CANF6M00 WITH WASVCB03* (CovBW78);
  CANF6M00 WITH WASBLK03* (CovBW79);
  CANF6M00 WITH WASDGT03* (CovBW80);
  CANF6M00 WITH WSISUM03* (CovBW81);
  CANF6M00 WITH TRLATS03* (CovBW82);
  CANF6M00 WITH TRLBTS03* (CovBW83);
  CANF6M00 WITH CVLASF03* (CovBW84);
  CANF6M00 WITH CVLASC03* (CovBW85);
  CANF6M00 WITH CVLALF03* (CovBW86);
  CANF6M00 WITH CVLALC03* (CovBW87);
  SRPWCR00 WITH SRPWCR03* ;
  SRPWCR00 WITH WASVCB03* ;
  SRPWCR00 WITH WASBLK03* ;
  SRPWCR00 WITH WASDGT03* ;
  SRPWCR00 WITH WSISUM03* ;
  SRPWCR00 WITH TRLATS03* ;
  SRPWCR00 WITH TRLBTS03* ;
  SRPWCR00 WITH CVLASF03* ;
  SRPWCR00 WITH CVLASC03* ;
  SRPWCR00 WITH CVLALF03* ;
  SRPWCR00 WITH CVLALC03* ;
  WASVCB00 WITH WASVCB03* ;
  WASVCB00 WITH WASBLK03* ;
  WASVCB00 WITH WASDGT03* ;
  WASVCB00 WITH WSISUM03* ;
  WASVCB00 WITH TRLATS03* ;
  WASVCB00 WITH TRLBTS03* ;
  WASVCB00 WITH CVLASF03* ;
  WASVCB00 WITH CVLASC03* ;
  WASVCB00 WITH CVLALF03* ;
  WASVCB00 WITH CVLALC03* ;
  WASBLK00 WITH WASBLK03* ;
  WASBLK00 WITH WASDGT03* ;
  WASBLK00 WITH WSISUM03* ;
  WASBLK00 WITH TRLATS03* ;
  WASBLK00 WITH TRLBTS03* ;
  WASBLK00 WITH CVLASF03* ;
  WASBLK00 WITH CVLASC03* ;
  WASBLK00 WITH CVLALF03* ;
  WASBLK00 WITH CVLALC03* ;
  WASDGT00 WITH WASDGT03* ;
  WASDGT00 WITH WSISUM03* ;
  WASDGT00 WITH TRLATS03* ;
  WASDGT00 WITH TRLBTS03* ;
  WASDGT00 WITH CVLASF03* ;
  WASDGT00 WITH CVLASC03* ;
  WASDGT00 WITH CVLALF03* ;
  WASDGT00 WITH CVLALC03* ;
  WSISUM00 WITH WSISUM03* ;
  WSISUM00 WITH TRLATS03* ;
  WSISUM00 WITH TRLBTS03* ;
  WSISUM00 WITH CVLASF03* ;
  WSISUM00 WITH CVLASC03* ;
  WSISUM00 WITH CVLALF03* ;
  WSISUM00 WITH CVLALC03* ;
  TRLATS00 WITH TRLATS03* ;
  TRLATS00 WITH TRLBTS03* ;
  TRLATS00 WITH CVLASF03* ;
  TRLATS00 WITH CVLASC03* ;
  TRLATS00 WITH CVLALF03* ;
  TRLATS00 WITH CVLALC03* ;
  TRLBTS00 WITH TRLBTS03* ;
  TRLBTS00 WITH CVLASF03* ;
  TRLBTS00 WITH CVLASC03* ;
  TRLBTS00 WITH CVLALF03* ;
  TRLBTS00 WITH CVLALC03* ;
  CVLASF00 WITH CVLASF03* ;
  CVLASF00 WITH CVLASC03* ;
  CVLASF00 WITH CVLALF03* ;
  CVLASF00 WITH CVLALC03* ;
  CVLASC00 WITH CVLASC03* ;
  CVLASC00 WITH CVLALF03* ;
  CVLASC00 WITH CVLALC03* ;
  CVLALF00 WITH CVLALF03* ;
  CVLALF00 WITH CVLALC03* ;
  CVLALC00 WITH CVLALC03* ;


  COGPGS03 WITH CANONS00* (CovBW3);
  COGPGS03 WITH CANFLF00* (CovBW4);
  COGPGS03 WITH CANFTY00* (CovBW5);
  COGPGS03 WITH CANF6M00* (CovBW6);
  COGPGS03 WITH SRPWCR00* (CovBW7);
  COGPGS03 WITH WASVCB00* (CovBW8);
  COGPGS03 WITH WASBLK00* (CovBW9);
  COGPGS03 WITH WASDGT00* (CovBW10);
  COGPGS03 WITH WSISUM00* (CovBW11);
  COGPGS03 WITH TRLATS00* (CovBW12);
  COGPGS03 WITH TRLBTS00* (CovBW13);
  COGPGS03 WITH CVLASF00* (CovBW14);
  COGPGS03 WITH CVLASC00* (CovBW15);
  COGPGS03 WITH CVLALF00* (CovBW16);
  COGPGS03 WITH CVLALC00* (CovBW17);

  CANONS03 WITH CANFLF00* (CovBW35);
  CANONS03 WITH CANFTY00* (CovBW36);
  CANONS03 WITH CANF6M00* (CovBW37);
  CANONS03 WITH SRPWCR00* (CovBW38);
  CANONS03 WITH WASVCB00* (CovBW39);
  CANONS03 WITH WASBLK00* (CovBW40);
  CANONS03 WITH WASDGT00* (CovBW41);
  CANONS03 WITH WSISUM00* (CovBW42);
  CANONS03 WITH TRLATS00* (CovBW43);
  CANONS03 WITH TRLBTS00* (CovBW44);
  CANONS03 WITH CVLASF00* (CovBW45);
  CANONS03 WITH CVLASC00* (CovBW46);
  CANONS03 WITH CVLALF00* (CovBW47);
  CANONS03 WITH CVLALC00* (CovBW48);

  CANFLF03 WITH CANFTY00* (CovBW50);
  CANFLF03 WITH CANF6M00* (CovBW51);
  CANFLF03 WITH SRPWCR00* (CovBW52);
  CANFLF03 WITH WASVCB00* (CovBW53);
  CANFLF03 WITH WASBLK00* (CovBW54);
  CANFLF03 WITH WASDGT00* (CovBW55);
  CANFLF03 WITH WSISUM00* (CovBW56);
  CANFLF03 WITH TRLATS00* (CovBW57);
  CANFLF03 WITH TRLBTS00* (CovBW58);
  CANFLF03 WITH CVLASF00* (CovBW59);
  CANFLF03 WITH CVLASC00* (CovBW60);
  CANFLF03 WITH CVLALF00* (CovBW61);
  CANFLF03 WITH CVLALC00* (CovBW62);

  CANFTY03 WITH CANF6M00* (CovBW64);
  CANFTY03 WITH SRPWCR00* (CovBW65);
  CANFTY03 WITH WASVCB00* (CovBW66);
  CANFTY03 WITH WASBLK00* (CovBW67);
  CANFTY03 WITH WASDGT00* (CovBW68);
  CANFTY03 WITH WSISUM00* (CovBW69);
  CANFTY03 WITH TRLATS00* (CovBW70);
  CANFTY03 WITH TRLBTS00* (CovBW71);
  CANFTY03 WITH CVLASF00* (CovBW72);
  CANFTY03 WITH CVLASC00* (CovBW73);
  CANFTY03 WITH CVLALF00* (CovBW74);
  CANFTY03 WITH CVLALC00* (CovBW75);

  CANF6M03 WITH SRPWCR00* (CovBW77);
  CANF6M03 WITH WASVCB00* (CovBW78);
  CANF6M03 WITH WASBLK00* (CovBW79);
  CANF6M03 WITH WASDGT00* (CovBW80);
  CANF6M03 WITH WSISUM00* (CovBW81);
  CANF6M03 WITH TRLATS00* (CovBW82);
  CANF6M03 WITH TRLBTS00* (CovBW83);
  CANF6M03 WITH CVLASF00* (CovBW84);
  CANF6M03 WITH CVLASC00* (CovBW85);
  CANF6M03 WITH CVLALF00* (CovBW86);
  CANF6M03 WITH CVLALC00* (CovBW87);
  SRPWCR03 WITH SRPWCR00* ;
  SRPWCR03 WITH WASVCB00* ;
  SRPWCR03 WITH WASBLK00* ;
  SRPWCR03 WITH WASDGT00* ;
  SRPWCR03 WITH WSISUM00* ;
  SRPWCR03 WITH TRLATS00* ;
  SRPWCR03 WITH TRLBTS00* ;
  SRPWCR03 WITH CVLASF00* ;
  SRPWCR03 WITH CVLASC00* ;
  SRPWCR03 WITH CVLALF00* ;
  SRPWCR03 WITH CVLALC00* ;
  WASVCB03 WITH WASVCB00* ;
  WASVCB03 WITH WASBLK00* ;
  WASVCB03 WITH WASDGT00* ;
  WASVCB03 WITH WSISUM00* ;
  WASVCB03 WITH TRLATS00* ;
  WASVCB03 WITH TRLBTS00* ;
  WASVCB03 WITH CVLASF00* ;
  WASVCB03 WITH CVLASC00* ;
  WASVCB03 WITH CVLALF00* ;
  WASVCB03 WITH CVLALC00* ;
  WASBLK03 WITH WASBLK00* ;
  WASBLK03 WITH WASDGT00* ;
  WASBLK03 WITH WSISUM00* ;
  WASBLK03 WITH TRLATS00* ;
  WASBLK03 WITH TRLBTS00* ;
  WASBLK03 WITH CVLASF00* ;
  WASBLK03 WITH CVLASC00* ;
  WASBLK03 WITH CVLALF00* ;
  WASBLK03 WITH CVLALC00* ;
  WASDGT03 WITH WASDGT00* ;
  WASDGT03 WITH WSISUM00* ;
  WASDGT03 WITH TRLATS00* ;
  WASDGT03 WITH TRLBTS00* ;
  WASDGT03 WITH CVLASF00* ;
  WASDGT03 WITH CVLASC00* ;
  WASDGT03 WITH CVLALF00* ;
  WASDGT03 WITH CVLALC00* ;
  WSISUM03 WITH WSISUM00* ;
  WSISUM03 WITH TRLATS00* ;
  WSISUM03 WITH TRLBTS00* ;
  WSISUM03 WITH CVLASF00* ;
  WSISUM03 WITH CVLASC00* ;
  WSISUM03 WITH CVLALF00* ;
  WSISUM03 WITH CVLALC00* ;
  TRLATS03 WITH TRLATS00* ;
  TRLATS03 WITH TRLBTS00* ;
  TRLATS03 WITH CVLASF00* ;
  TRLATS03 WITH CVLASC00* ;
  TRLATS03 WITH CVLALF00* ;
  TRLATS03 WITH CVLALC00* ;
  TRLBTS03 WITH TRLBTS00* ;
  TRLBTS03 WITH CVLASF00* ;
  TRLBTS03 WITH CVLASC00* ;
  TRLBTS03 WITH CVLALF00* ;
  TRLBTS03 WITH CVLALC00* ;
  CVLASF03 WITH CVLASF00* ;
  CVLASF03 WITH CVLASC00* ;
  CVLASF03 WITH CVLALF00* ;
  CVLASF03 WITH CVLALC00* ;
  CVLASC03 WITH CVLASC00* ;
  CVLASC03 WITH CVLALF00* ;
  CVLASC03 WITH CVLALC00* ;
  CVLALF03 WITH CVLALF00* ;
  CVLALF03 WITH CVLALC00* ;
  CVLALC03 WITH CVLALC00* ;

*** ERROR in MODEL command
  The number of equality/parameter labels in the following statement does not
  match the number of parameters.  Problem found in the statement:
  COGPGS00-SRPWCR00 WITH COGPGS00-SRPWCR00* (COVWI1-COVWI120)


MUTHEN & MUTHEN
3463 Stoner Ave.
Los Angeles, CA  90066

Tel: (310) 391-9971
Fax: (310) 391-8971
Web: www.StatModel.com
Support: Support@StatModel.com

Copyright (c) 1998-2015 Muthen & Muthen
