Mplus VERSION 7.4 (Mac)
MUTHEN & MUTHEN
07/30/2019   2:25 PM

INPUT INSTRUCTIONS


  TITLE: CANEVR_WASBLK_2;

  DATA:
  	FILE = GD190618.csv;

  VARIABLE:
  	NAMES =
  			ID_Fam   Wave     ID_MPL
  			DEMMAL   DEMAGE   DEMHSP   DEMRAC
  			SRPWCR
  			WASVCB   WASBLK   WASDGT   WSISUM
  			TRLATS   TRLBTS
  			CVLASF   CVLASC   CVLALF   CVLALC
  			WASCOM   COGCOM   CVLCOM
  			CANEVR   CANONS   CANFLF
  			CANFTY   CANF6M   CANAC6
  			CANYRS
  			ALCEVR   ALCONS   ALCFLF
  			ALCFTY   ALCF6M   ALCAC6
  			ALCYRS
  			SRPWCRDt WASVCBDt WASBLKDt
  			WASDGTDt WSISUMDt TRLATSDt
  			TRLBTSDt CVLASFDt CVLASCDt
  			CVLALFDt CVLALCDt WASCOMDt
  			COGCOMDt CVLCOMDt
  			COGPGS
  			PC1 PC2 PC3 PC4 PC5 PC6
  		;
  	USEVARIABLES =
  		! outcome
    			WASBLK
    		! covariates
    			DEMAGE
    			DEMMAL  		
    		! within predictor
    			CANEVR
    		! between predictor
    			CANEVRBW
    		;
    	USEOBSERVATION =
    			(Wave EQ 2 AND WASBLKDt EQ 1)
    		;
    	CLUSTER =
    			ID_Fam
    		;
    	MISSING = .;
    	BETWEEN =   		
    			CANEVRBW
    		;
    	WITHIN  		
    			CANEVR
    			DEMAGE
    			DEMMAL
    		;  		

  DEFINE:
  	! CREATE BW FAM PREDICTOR
  		CANEVRBW = cluster_mean (CANEVR);
  	! CENTER WI FAM VARIABLES
  		CENTER CANEVR (GROUPMEAN);
  		CENTER DEMMAL (GRANDMEAN);
  		CENTER DEMAGE (GRANDMEAN);
  	! CENTER BW FAM VARIABLES
  		CENTER CANEVRBW (GRANDMEAN);

  ANALYSIS:
          ITERATIONS = 1000000;
          TYPE = TWOLEVEL RANDOM;
          ALGORITHM = INTEGRATION;

  OUTPUT:
  	SAMPSTAT STDYX TECH1 CINT;

  MODEL:
  %WITHIN%
  	WASBLK on CANEVR;
  	WASBLK on  DEMMAL DEMAGE;	
  	WASBLK*;
  	CANEVR WITH DEMMAL*;
  	CANEVR WITH DEMAGE*;

  %BETWEEN%
  	WASBLK on CANEVRBW;
  	WASBLK*;

  PLOT:
  	TYPE = plot3;



INPUT READING TERMINATED NORMALLY



CANEVR_WASBLK_2;

SUMMARY OF ANALYSIS

Number of groups                                                 1
Number of observations                                         807

Number of dependent variables                                    1
Number of independent variables                                  4
Number of continuous latent variables                            0

Observed dependent variables

  Continuous
   WASBLK

Observed independent variables
   DEMAGE      DEMMAL      CANEVR      CANEVRBW

Variables with special functions

  Cluster variable      ID_FAM

  Within variables
   DEMAGE      DEMMAL      CANEVR

  Between variables
   CANEVRBW

  Centering (GRANDMEAN)
   DEMMAL      DEMAGE      CANEVRBW

  Centering (GROUPMEAN)
   CANEVR


Estimator                                                      MLR
Information matrix                                        OBSERVED
Optimization Specifications for the Quasi-Newton Algorithm for
Continuous Outcomes
  Maximum number of iterations                             1000000
  Convergence criterion                                  0.100D-05
Optimization Specifications for the EM Algorithm
  Maximum number of iterations                                 500
  Convergence criteria
    Loglikelihood change                                 0.100D-02
    Relative loglikelihood change                        0.100D-05
    Derivative                                           0.100D-02
Optimization Specifications for the M step of the EM Algorithm for
Categorical Latent variables
  Number of M step iterations                                    1
  M step convergence criterion                           0.100D-02
  Basis for M step termination                           ITERATION
Optimization Specifications for the M step of the EM Algorithm for
Censored, Binary or Ordered Categorical (Ordinal), Unordered
Categorical (Nominal) and Count Outcomes
  Number of M step iterations                                    1
  M step convergence criterion                           0.100D-02
  Basis for M step termination                           ITERATION
  Maximum value for logit thresholds                            15
  Minimum value for logit thresholds                           -15
  Minimum expected cell size for chi-square              0.100D-01
Maximum number of iterations for H1                           2000
Convergence criterion for H1                             0.100D-03
Optimization algorithm                                         EMA
Integration Specifications
  Type                                                    STANDARD
  Number of integration points                                  15
  Dimensions of numerical integration                            0
  Adaptive quadrature                                           ON
Cholesky                                                       OFF

Input data file(s)
  GD190618.csv
Input data format  FREE


SUMMARY OF DATA

     Number of missing data patterns             3
     Number of clusters                        459



COVARIANCE COVERAGE OF DATA

Minimum covariance coverage value   0.100


     PROPORTION OF DATA PRESENT FOR Y


           Covariance Coverage
              WASBLK        DEMAGE        DEMMAL        CANEVR        CANEVRBW
              ________      ________      ________      ________      ________
 WASBLK         0.444
 DEMAGE         0.444         0.999
 DEMMAL         0.444         0.999         0.999
 CANEVR         0.444         0.999         0.999         1.000
 CANEVRBW       0.444         0.999         0.999         1.000         1.000


SAMPLE STATISTICS


     ESTIMATED SAMPLE STATISTICS


           Means
              WASBLK        DEMAGE        DEMMAL        CANEVR        CANEVRBW
              ________      ________      ________      ________      ________
 1             54.740         0.000         0.000         0.000         0.000


           Covariances
              WASBLK        DEMAGE        DEMMAL        CANEVR        CANEVRBW
              ________      ________      ________      ________      ________
 WASBLK        70.756
 DEMAGE        -2.578         8.031
 DEMMAL         0.946        -0.199         0.236
 CANEVR         0.024        -0.089         0.006         0.025
 CANEVRBW       0.118        -0.054         0.011         0.000         0.031


           Correlations
              WASBLK        DEMAGE        DEMMAL        CANEVR        CANEVRBW
              ________      ________      ________      ________      ________
 WASBLK         1.000
 DEMAGE        -0.108         1.000
 DEMMAL         0.231        -0.144         1.000
 CANEVR         0.018        -0.198         0.080         1.000
 CANEVRBW       0.081        -0.109         0.125         0.000         1.000


     MAXIMUM LOG-LIKELIHOOD VALUE FOR THE UNRESTRICTED (H1) MODEL IS -3169.325


UNIVARIATE SAMPLE STATISTICS


     UNIVARIATE HIGHER-ORDER MOMENT DESCRIPTIVE STATISTICS

         Variable/         Mean/     Skewness/   Minimum/ % with                Percentiles
        Sample Size      Variance    Kurtosis    Maximum  Min/Max      20%/60%    40%/80%    Median

     WASBLK               54.587      -0.724      26.000    0.56%      49.000     53.000     55.000
             358.000      70.818       0.572      71.000    0.28%      58.000     63.000
     DEMAGE                0.000       0.972      -5.542    0.12%      -2.422     -1.042     -0.427
             806.000       8.032       1.675      15.628    0.12%       0.268      2.148
     DEMMAL                0.000      -0.480      -0.617   38.34%      -0.617      0.383      0.383
             806.000       0.236      -1.770       0.383   61.66%       0.383      0.383
     CANEVR                0.000      -0.408      -0.667    0.74%       0.000      0.000      0.000
             807.000       0.025       7.482       0.500    4.09%       0.000      0.000
     CANEVRBW              0.003      -3.457      -0.941    1.74%       0.059      0.059      0.059
             459.000       0.033      12.134       0.059   89.98%       0.059      0.059

     THE STANDARD ERRORS OF THE MODEL PARAMETER ESTIMATES MAY NOT BE
     TRUSTWORTHY FOR SOME PARAMETERS DUE TO A NON-POSITIVE DEFINITE
     FIRST-ORDER DERIVATIVE PRODUCT MATRIX.  THIS MAY BE DUE TO THE STARTING
     VALUES BUT MAY ALSO BE AN INDICATION OF MODEL NONIDENTIFICATION.  THE
     CONDITION NUMBER IS      -0.283D-16.  PROBLEM INVOLVING THE FOLLOWING PARAMETER:
     Parameter 3, %WITHIN%: [ CANEVR ]


THE MODEL ESTIMATION TERMINATED NORMALLY



MODEL FIT INFORMATION

Number of Free Parameters                       15

Loglikelihood

          H0 Value                       -3433.655
          H0 Scaling Correction Factor      1.5674
            for MLR

Information Criteria

          Akaike (AIC)                    6897.311
          Bayesian (BIC)                  6967.711
          Sample-Size Adjusted BIC        6920.077
            (n* = (n + 2) / 24)



MODEL RESULTS

                                                    Two-Tailed
                    Estimate       S.E.  Est./S.E.    P-Value

Within Level

 WASBLK     ON
    CANEVR            -0.308      1.803     -0.171      0.864
    DEMMAL             3.143      0.870      3.614      0.000
    DEMAGE            -0.182      0.160     -1.140      0.254

 CANEVR   WITH
    DEMMAL             0.004      0.003      1.374      0.169
    DEMAGE            -0.086      0.018     -4.831      0.000

 Means
    DEMAGE             0.000      0.107      0.000      1.000
    DEMMAL             0.000      0.018      0.000      1.000
    CANEVR             0.000      0.000      0.000      1.000

 Variances
    DEMAGE             8.031      0.540     14.867      0.000
    DEMMAL             0.236      0.004     55.741      0.000
    CANEVR             0.025      0.004      6.481      0.000

 Residual Variances
    WASBLK            36.451      4.138      8.808      0.000

Between Level

 WASBLK     ON
    CANEVRBW           2.698      2.822      0.956      0.339

 Intercepts
    WASBLK            54.716      0.512    106.871      0.000

 Residual Variances
    WASBLK            30.689      6.654      4.612      0.000


STANDARDIZED MODEL RESULTS


STDYX Standardization

                                                    Two-Tailed
                    Estimate       S.E.  Est./S.E.    P-Value

Within Level

 WASBLK     ON
    CANEVR            -0.008      0.046     -0.171      0.864
    DEMMAL             0.245      0.064      3.851      0.000
    DEMAGE            -0.083      0.073     -1.136      0.256

 CANEVR   WITH
    DEMMAL             0.053      0.038      1.387      0.166
    DEMAGE            -0.190      0.029     -6.517      0.000

 Means
    DEMAGE             0.000      0.038      0.000      1.000
    DEMMAL             0.000      0.037      0.000      1.000
    CANEVR             0.000      0.000    999.000    999.000

 Variances
    DEMAGE             1.000      0.000    999.000    999.000
    DEMMAL             1.000      0.000    999.000    999.000
    CANEVR             1.000      0.000    999.000    999.000

 Residual Variances
    WASBLK             0.934      0.031     30.181      0.000

Between Level

 WASBLK     ON
    CANEVRBW           0.088      0.093      0.949      0.342

 Intercepts
    WASBLK             9.838      1.087      9.052      0.000

 Residual Variances
    WASBLK             0.992      0.016     60.437      0.000


R-SQUARE

Within Level

    Observed                                        Two-Tailed
    Variable        Estimate       S.E.  Est./S.E.    P-Value

    WASBLK             0.066      0.031      2.141      0.032

Between Level

    Observed                                        Two-Tailed
    Variable        Estimate       S.E.  Est./S.E.    P-Value

    WASBLK             0.008      0.016      0.475      0.635


QUALITY OF NUMERICAL RESULTS

     Condition Number for the Information Matrix             -0.283E-16
       (ratio of smallest to largest eigenvalue)


CONFIDENCE INTERVALS OF MODEL RESULTS

                  Lower .5%  Lower 2.5%    Lower 5%    Estimate    Upper 5%  Upper 2.5%   Upper .5%

Within Level

 WASBLK   ON
    CANEVR          -4.952      -3.842      -3.274      -0.308       2.658       3.226       4.336
    DEMMAL           0.903       1.438       1.712       3.143       4.573       4.847       5.382
    DEMAGE          -0.593      -0.495      -0.445      -0.182       0.081       0.131       0.229

 CANEVR   WITH
    DEMMAL          -0.004      -0.002      -0.001       0.004       0.009       0.010       0.012
    DEMAGE          -0.132      -0.121      -0.115      -0.086      -0.057      -0.051      -0.040

 Means
    DEMAGE          -0.274      -0.209      -0.175       0.000       0.175       0.209       0.274
    DEMMAL          -0.047      -0.036      -0.030       0.000       0.030       0.036       0.047
    CANEVR           0.000       0.000       0.000       0.000       0.000       0.000       0.000

 Variances
    DEMAGE           6.640       6.973       7.143       8.031       8.920       9.090       9.423
    DEMMAL           0.225       0.228       0.229       0.236       0.243       0.245       0.247
    CANEVR           0.015       0.018       0.019       0.025       0.032       0.033       0.035

 Residual Variances
    WASBLK          25.792      28.340      29.644      36.451      43.259      44.562      47.111

Between Level

 WASBLK   ON
    CANEVRBW        -4.571      -2.833      -1.944       2.698       7.341       8.230       9.968

 Intercepts
    WASBLK          53.397      53.712      53.873      54.716      55.558      55.719      56.034

 Residual Variances
    WASBLK          13.549      17.647      19.743      30.689      41.635      43.731      47.829


CONFIDENCE INTERVALS OF STANDARDIZED MODEL RESULTS


STDYX Standardization

                  Lower .5%  Lower 2.5%    Lower 5%    Estimate    Upper 5%  Upper 2.5%   Upper .5%

Within Level

 WASBLK   ON
    CANEVR          -0.126      -0.098      -0.083      -0.008       0.068       0.082       0.110
    DEMMAL           0.081       0.120       0.140       0.245       0.349       0.369       0.408
    DEMAGE          -0.270      -0.225      -0.202      -0.083       0.037       0.060       0.105

 CANEVR   WITH
    DEMMAL          -0.045      -0.022      -0.010       0.053       0.115       0.127       0.150
    DEMAGE          -0.265      -0.247      -0.238      -0.190      -0.142      -0.133      -0.115

 Means
    DEMAGE          -0.097      -0.074      -0.062       0.000       0.062       0.074       0.097
    DEMMAL          -0.096      -0.073      -0.062       0.000       0.062       0.073       0.096
    CANEVR           0.000       0.000       0.000       0.000       0.000       0.000       0.000

 Variances
    DEMAGE           1.000       1.000       1.000       1.000       1.000       1.000       1.000
    DEMMAL           1.000       1.000       1.000       1.000       1.000       1.000       1.000
    CANEVR           1.000       1.000       1.000       1.000       1.000       1.000       1.000

 Residual Variances
    WASBLK           0.854       0.873       0.883       0.934       0.985       0.994       1.013

Between Level

 WASBLK   ON
    CANEVRBW        -0.151      -0.094      -0.065       0.088       0.241       0.271       0.328

 Intercepts
    WASBLK           7.039       7.708       8.050       9.838      11.626      11.969      12.638

 Residual Variances
    WASBLK           0.950       0.960       0.965       0.992       1.019       1.024       1.034


TECHNICAL 1 OUTPUT


     PARAMETER SPECIFICATION FOR WITHIN


           NU
              WASBLK        DEMAGE        DEMMAL        CANEVR        CANEVRBW
              ________      ________      ________      ________      ________
 1                  0             0             0             0             0


           LAMBDA
              WASBLK        DEMAGE        DEMMAL        CANEVR        CANEVRBW
              ________      ________      ________      ________      ________
 WASBLK             0             0             0             0             0
 DEMAGE             0             0             0             0             0
 DEMMAL             0             0             0             0             0
 CANEVR             0             0             0             0             0
 CANEVRBW           0             0             0             0             0


           THETA
              WASBLK        DEMAGE        DEMMAL        CANEVR        CANEVRBW
              ________      ________      ________      ________      ________
 WASBLK             0
 DEMAGE             0             0
 DEMMAL             0             0             0
 CANEVR             0             0             0             0
 CANEVRBW           0             0             0             0             0


           ALPHA
              WASBLK        DEMAGE        DEMMAL        CANEVR        CANEVRBW
              ________      ________      ________      ________      ________
 1                  0             1             2             3             0


           BETA
              WASBLK        DEMAGE        DEMMAL        CANEVR        CANEVRBW
              ________      ________      ________      ________      ________
 WASBLK             0             4             5             6             0
 DEMAGE             0             0             0             0             0
 DEMMAL             0             0             0             0             0
 CANEVR             0             0             0             0             0
 CANEVRBW           0             0             0             0             0


           PSI
              WASBLK        DEMAGE        DEMMAL        CANEVR        CANEVRBW
              ________      ________      ________      ________      ________
 WASBLK             7
 DEMAGE             0             8
 DEMMAL             0             0             9
 CANEVR             0            10            11            12
 CANEVRBW           0             0             0             0             0


     PARAMETER SPECIFICATION FOR BETWEEN


           NU
              WASBLK        DEMAGE        DEMMAL        CANEVR        CANEVRBW
              ________      ________      ________      ________      ________
 1                  0             0             0             0             0


           LAMBDA
              WASBLK        DEMAGE        DEMMAL        CANEVR        CANEVRBW
              ________      ________      ________      ________      ________
 WASBLK             0             0             0             0             0
 DEMAGE             0             0             0             0             0
 DEMMAL             0             0             0             0             0
 CANEVR             0             0             0             0             0
 CANEVRBW           0             0             0             0             0


           THETA
              WASBLK        DEMAGE        DEMMAL        CANEVR        CANEVRBW
              ________      ________      ________      ________      ________
 WASBLK             0
 DEMAGE             0             0
 DEMMAL             0             0             0
 CANEVR             0             0             0             0
 CANEVRBW           0             0             0             0             0


           ALPHA
              WASBLK        DEMAGE        DEMMAL        CANEVR        CANEVRBW
              ________      ________      ________      ________      ________
 1                 13             0             0             0             0


           BETA
              WASBLK        DEMAGE        DEMMAL        CANEVR        CANEVRBW
              ________      ________      ________      ________      ________
 WASBLK             0             0             0             0            14
 DEMAGE             0             0             0             0             0
 DEMMAL             0             0             0             0             0
 CANEVR             0             0             0             0             0
 CANEVRBW           0             0             0             0             0


           PSI
              WASBLK        DEMAGE        DEMMAL        CANEVR        CANEVRBW
              ________      ________      ________      ________      ________
 WASBLK            15
 DEMAGE             0             0
 DEMMAL             0             0             0
 CANEVR             0             0             0             0
 CANEVRBW           0             0             0             0             0


     STARTING VALUES FOR WITHIN


           NU
              WASBLK        DEMAGE        DEMMAL        CANEVR        CANEVRBW
              ________      ________      ________      ________      ________
 1              0.000         0.000         0.000         0.000         0.000


           LAMBDA
              WASBLK        DEMAGE        DEMMAL        CANEVR        CANEVRBW
              ________      ________      ________      ________      ________
 WASBLK         1.000         0.000         0.000         0.000         0.000
 DEMAGE         0.000         1.000         0.000         0.000         0.000
 DEMMAL         0.000         0.000         1.000         0.000         0.000
 CANEVR         0.000         0.000         0.000         1.000         0.000
 CANEVRBW       0.000         0.000         0.000         0.000         1.000


           THETA
              WASBLK        DEMAGE        DEMMAL        CANEVR        CANEVRBW
              ________      ________      ________      ________      ________
 WASBLK         0.000
 DEMAGE         0.000         0.000
 DEMMAL         0.000         0.000         0.000
 CANEVR         0.000         0.000         0.000         0.000
 CANEVRBW       0.000         0.000         0.000         0.000         0.000


           ALPHA
              WASBLK        DEMAGE        DEMMAL        CANEVR        CANEVRBW
              ________      ________      ________      ________      ________
 1              0.000         0.000         0.000         0.000         0.000


           BETA
              WASBLK        DEMAGE        DEMMAL        CANEVR        CANEVRBW
              ________      ________      ________      ________      ________
 WASBLK         0.000         0.000         0.000         0.000         0.000
 DEMAGE         0.000         0.000         0.000         0.000         0.000
 DEMMAL         0.000         0.000         0.000         0.000         0.000
 CANEVR         0.000         0.000         0.000         0.000         0.000
 CANEVRBW       0.000         0.000         0.000         0.000         0.000


           PSI
              WASBLK        DEMAGE        DEMMAL        CANEVR        CANEVRBW
              ________      ________      ________      ________      ________
 WASBLK        35.409
 DEMAGE         0.000         4.016
 DEMMAL         0.000         0.000         0.118
 CANEVR         0.000         0.000         0.000         0.013
 CANEVRBW       0.000         0.000         0.000         0.000         0.000


     STARTING VALUES FOR BETWEEN


           NU
              WASBLK        DEMAGE        DEMMAL        CANEVR        CANEVRBW
              ________      ________      ________      ________      ________
 1              0.000         0.000         0.000         0.000         0.000


           LAMBDA
              WASBLK        DEMAGE        DEMMAL        CANEVR        CANEVRBW
              ________      ________      ________      ________      ________
 WASBLK         1.000         0.000         0.000         0.000         0.000
 DEMAGE         0.000         1.000         0.000         0.000         0.000
 DEMMAL         0.000         0.000         1.000         0.000         0.000
 CANEVR         0.000         0.000         0.000         1.000         0.000
 CANEVRBW       0.000         0.000         0.000         0.000         1.000


           THETA
              WASBLK        DEMAGE        DEMMAL        CANEVR        CANEVRBW
              ________      ________      ________      ________      ________
 WASBLK         0.000
 DEMAGE         0.000         0.000
 DEMMAL         0.000         0.000         0.000
 CANEVR         0.000         0.000         0.000         0.000
 CANEVRBW       0.000         0.000         0.000         0.000         0.000


           ALPHA
              WASBLK        DEMAGE        DEMMAL        CANEVR        CANEVRBW
              ________      ________      ________      ________      ________
 1             54.587         0.000         0.000         0.000         0.000


           BETA
              WASBLK        DEMAGE        DEMMAL        CANEVR        CANEVRBW
              ________      ________      ________      ________      ________
 WASBLK         0.000         0.000         0.000         0.000         0.000
 DEMAGE         0.000         0.000         0.000         0.000         0.000
 DEMMAL         0.000         0.000         0.000         0.000         0.000
 CANEVR         0.000         0.000         0.000         0.000         0.000
 CANEVRBW       0.000         0.000         0.000         0.000         0.000


           PSI
              WASBLK        DEMAGE        DEMMAL        CANEVR        CANEVRBW
              ________      ________      ________      ________      ________
 WASBLK        35.409
 DEMAGE         0.000         0.000
 DEMMAL         0.000         0.000         0.000
 CANEVR         0.000         0.000         0.000         0.000
 CANEVRBW       0.000         0.000         0.000         0.000         0.015


SAMPLE STATISTICS FOR ESTIMATED FACTOR SCORES


     SAMPLE STATISTICS


           Means
              B_WASBLK
              ________
 1             54.718


           Covariances
              B_WASBLK
              ________
 B_WASBLK       8.639


           Correlations
              B_WASBLK
              ________
 B_WASBLK       1.000


PLOT INFORMATION

The following plots are available:

  Histograms (sample values)
  Scatterplots (sample values)

     Beginning Time:  14:25:12
        Ending Time:  14:25:12
       Elapsed Time:  00:00:00



MUTHEN & MUTHEN
3463 Stoner Ave.
Los Angeles, CA  90066

Tel: (310) 391-9971
Fax: (310) 391-8971
Web: www.StatModel.com
Support: Support@StatModel.com

Copyright (c) 1998-2015 Muthen & Muthen
