Mplus VERSION 7.4 (Mac)
MUTHEN & MUTHEN
07/30/2019   2:26 PM

INPUT INSTRUCTIONS


  TITLE: CANFLF_WASBLK_1;

  DATA:
  	FILE = GD190618.csv;

  VARIABLE:
  	NAMES =
  			ID_Fam   Wave     ID_MPL
  			DEMMAL   DEMAGE   DEMHSP   DEMRAC
  			SRPWCR
  			WASVCB   WASBLK   WASDGT   WSISUM
  			TRLATS   TRLBTS
  			CVLASF   CVLASC   CVLALF   CVLALC
  			WASCOM   COGCOM   CVLCOM
  			CANEVR   CANONS   CANFLF
  			CANFTY   CANF6M   CANAC6
  			CANYRS
  			ALCEVR   ALCONS   ALCFLF
  			ALCFTY   ALCF6M   ALCAC6
  			ALCYRS
  			SRPWCRDt WASVCBDt WASBLKDt
  			WASDGTDt WSISUMDt TRLATSDt
  			TRLBTSDt CVLASFDt CVLASCDt
  			CVLALFDt CVLALCDt WASCOMDt
  			COGCOMDt CVLCOMDt
  			COGPGS
  			PC1 PC2 PC3 PC4 PC5 PC6
  		;
  	USEVARIABLES =
  		! outcome
    			WASBLK
    		! covariates
    			DEMAGE
    			DEMMAL  		
    		! within predictor
    			CANFLF
    		! between predictor
    			CANFLFBW
    		;
    	USEOBSERVATION =
    			(Wave EQ 1 AND WASBLKDt EQ 1)
    		;
    	CLUSTER =
    			ID_Fam
    		;
    	MISSING = .;
    	BETWEEN =   		
    			CANFLFBW
    		;
    	WITHIN  		
    			CANFLF
    			DEMAGE
    			DEMMAL
    		;  		

  DEFINE:
  	! CREATE BW FAM PREDICTOR
  		CANFLFBW = cluster_mean (CANFLF);
  	! CENTER WI FAM VARIABLES
  		CENTER CANFLF (GROUPMEAN);
  		CENTER DEMMAL (GRANDMEAN);
  		CENTER DEMAGE (GRANDMEAN);
  	! CENTER BW FAM VARIABLES
  		CENTER CANFLFBW (GRANDMEAN);

  ANALYSIS:
          ITERATIONS = 1000000;
          TYPE = TWOLEVEL RANDOM;
          ALGORITHM = INTEGRATION;

  OUTPUT:
  	SAMPSTAT STDYX TECH1 CINT;

  MODEL:
  %WITHIN%
  	WASBLK on CANFLF;
  	WASBLK on  DEMMAL DEMAGE;	
  	WASBLK*;
  	CANFLF WITH DEMMAL*;
  	CANFLF WITH DEMAGE*;

  %BETWEEN%
  	WASBLK on CANFLFBW;
  	WASBLK*;

  PLOT:
  	TYPE = plot3;



*** WARNING
  Data set contains cases with missing on x-variables.
  These cases were not included in the analysis.
  Number of cases with missing on x-variables:  83
*** WARNING
  Data set contains cases with missing on all variables except
  x-variables.  These cases were not included in the analysis.
  Number of cases with missing on all variables except x-variables:  1
   2 WARNING(S) FOUND IN THE INPUT INSTRUCTIONS



CANFLF_WASBLK_1;

SUMMARY OF ANALYSIS

Number of groups                                                 1
Number of observations                                        1046

Number of dependent variables                                    1
Number of independent variables                                  4
Number of continuous latent variables                            0

Observed dependent variables

  Continuous
   WASBLK

Observed independent variables
   DEMAGE      DEMMAL      CANFLF      CANFLFBW

Variables with special functions

  Cluster variable      ID_FAM

  Within variables
   DEMAGE      DEMMAL      CANFLF

  Between variables
   CANFLFBW

  Centering (GRANDMEAN)
   DEMMAL      DEMAGE      CANFLFBW

  Centering (GROUPMEAN)
   CANFLF


Estimator                                                      MLR
Information matrix                                        OBSERVED
Optimization Specifications for the Quasi-Newton Algorithm for
Continuous Outcomes
  Maximum number of iterations                             1000000
  Convergence criterion                                  0.100D-05
Optimization Specifications for the EM Algorithm
  Maximum number of iterations                                 500
  Convergence criteria
    Loglikelihood change                                 0.100D-02
    Relative loglikelihood change                        0.100D-05
    Derivative                                           0.100D-02
Optimization Specifications for the M step of the EM Algorithm for
Categorical Latent variables
  Number of M step iterations                                    1
  M step convergence criterion                           0.100D-02
  Basis for M step termination                           ITERATION
Optimization Specifications for the M step of the EM Algorithm for
Censored, Binary or Ordered Categorical (Ordinal), Unordered
Categorical (Nominal) and Count Outcomes
  Number of M step iterations                                    1
  M step convergence criterion                           0.100D-02
  Basis for M step termination                           ITERATION
  Maximum value for logit thresholds                            15
  Minimum value for logit thresholds                           -15
  Minimum expected cell size for chi-square              0.100D-01
Maximum number of iterations for H1                           2000
Convergence criterion for H1                             0.100D-03
Optimization algorithm                                         EMA
Integration Specifications
  Type                                                    STANDARD
  Number of integration points                                  15
  Dimensions of numerical integration                            0
  Adaptive quadrature                                           ON
Cholesky                                                       OFF

Input data file(s)
  GD190618.csv
Input data format  FREE


SUMMARY OF DATA

     Number of missing data patterns             4
     Number of clusters                        536



COVARIANCE COVERAGE OF DATA

Minimum covariance coverage value   0.100


     PROPORTION OF DATA PRESENT FOR Y


           Covariance Coverage
              WASBLK        DEMAGE        DEMMAL        CANFLF        CANFLFBW
              ________      ________      ________      ________      ________
 WASBLK         0.999
 DEMAGE         0.998         0.999
 DEMMAL         0.999         0.999         1.000
 CANFLF         0.948         0.948         0.949         0.949
 CANFLFBW       0.999         0.999         1.000         0.949         1.000


SAMPLE STATISTICS


     ESTIMATED SAMPLE STATISTICS


           Means
              WASBLK        DEMAGE        DEMMAL        CANFLF        CANFLFBW
              ________      ________      ________      ________      ________
 1             49.177         0.001         0.000         0.147         0.000


           Covariances
              WASBLK        DEMAGE        DEMMAL        CANFLF        CANFLFBW
              ________      ________      ________      ________      ________
 WASBLK        89.992
 DEMAGE         0.734         6.349
 DEMMAL         0.709        -0.182         0.232
 CANFLF         6.824       -10.478         1.884       275.713
 CANFLFBW      -1.940         2.221         1.264        -3.644       408.408


           Correlations
              WASBLK        DEMAGE        DEMMAL        CANFLF        CANFLFBW
              ________      ________      ________      ________      ________
 WASBLK         1.000
 DEMAGE         0.031         1.000
 DEMMAL         0.155        -0.150         1.000
 CANFLF         0.043        -0.250         0.236         1.000
 CANFLFBW      -0.010         0.044         0.130        -0.011         1.000


     MAXIMUM LOG-LIKELIHOOD VALUE FOR THE UNRESTRICTED (H1) MODEL IS -15737.352


UNIVARIATE SAMPLE STATISTICS


     UNIVARIATE HIGHER-ORDER MOMENT DESCRIPTIVE STATISTICS

         Variable/         Mean/     Skewness/   Minimum/ % with                Percentiles
        Sample Size      Variance    Kurtosis    Maximum  Min/Max      20%/60%    40%/80%    Median

     WASBLK               49.177      -0.544      21.000    0.10%      41.000     48.000     50.000
            1045.000      89.994      -0.184      67.000    0.10%      52.000     58.000
     DEMAGE                0.000       1.396      -4.047    0.10%      -1.957     -1.067     -0.567
            1045.000       6.349       2.745      15.923    0.10%      -0.027      1.573
     DEMMAL                0.000      -0.560      -0.635   36.52%      -0.635      0.365      0.365
            1046.000       0.232      -1.686       0.365   63.48%       0.365      0.365
     CANFLF                0.000      -0.089     -40.000    0.81%     -14.300      0.000      0.000
             993.000     275.979      -0.077      38.167    0.10%       0.000     14.250
     CANFLFBW              2.098      -0.803     -40.549    5.60%     -10.549     -3.049      4.451
             536.000     395.002      -0.516      19.451   48.32%      19.451     19.451

     THE STANDARD ERRORS OF THE MODEL PARAMETER ESTIMATES MAY NOT BE
     TRUSTWORTHY FOR SOME PARAMETERS DUE TO A NON-POSITIVE DEFINITE
     FIRST-ORDER DERIVATIVE PRODUCT MATRIX.  THIS MAY BE DUE TO THE STARTING
     VALUES BUT MAY ALSO BE AN INDICATION OF MODEL NONIDENTIFICATION.  THE
     CONDITION NUMBER IS      -0.138D-16.  PROBLEM INVOLVING THE FOLLOWING PARAMETER:
     Parameter 12, %WITHIN%: CANFLF


THE MODEL ESTIMATION TERMINATED NORMALLY



MODEL FIT INFORMATION

Number of Free Parameters                       15

Loglikelihood

          H0 Value                      -11094.397
          H0 Scaling Correction Factor      1.0237
            for MLR

Information Criteria

          Akaike (AIC)                   22218.793
          Bayesian (BIC)                 22293.084
          Sample-Size Adjusted BIC       22245.442
            (n* = (n + 2) / 24)



MODEL RESULTS

                                                    Two-Tailed
                    Estimate       S.E.  Est./S.E.    P-Value

Within Level

 WASBLK     ON
    CANFLF             0.014      0.014      1.021      0.307
    DEMMAL             2.651      0.606      4.378      0.000
    DEMAGE             0.214      0.108      1.977      0.048

 CANFLF   WITH
    DEMMAL             1.617      0.241      6.715      0.000
    DEMAGE            -9.186      1.295     -7.091      0.000

 Means
    DEMAGE             0.000      0.079      0.000      1.000
    DEMMAL             0.000      0.016      0.000      1.000
    CANFLF             0.113      0.031      3.651      0.000

 Variances
    DEMAGE             6.349      0.413     15.380      0.000
    DEMMAL             0.232      0.004     54.339      0.000
    CANFLF           271.888     15.783     17.227      0.000

 Residual Variances
    WASBLK            55.813      4.054     13.768      0.000

Between Level

 WASBLK     ON
    CANFLFBW          -0.011      0.017     -0.685      0.494

 Intercepts
    WASBLK            49.166      0.342    143.645      0.000

 Residual Variances
    WASBLK            31.969      4.258      7.508      0.000


STANDARDIZED MODEL RESULTS


STDYX Standardization

                                                    Two-Tailed
                    Estimate       S.E.  Est./S.E.    P-Value

Within Level

 WASBLK     ON
    CANFLF             0.031      0.031      1.019      0.308
    DEMMAL             0.168      0.037      4.536      0.000
    DEMAGE             0.071      0.036      1.949      0.051

 CANFLF   WITH
    DEMMAL             0.204      0.029      7.119      0.000
    DEMAGE            -0.221      0.028     -7.770      0.000

 Means
    DEMAGE             0.000      0.031      0.000      1.000
    DEMMAL             0.000      0.033      0.000      1.000
    CANFLF             0.007      0.002      3.688      0.000

 Variances
    DEMAGE             1.000      0.000    999.000    999.000
    DEMMAL             1.000      0.000    999.000    999.000
    CANFLF             1.000      0.000    999.000    999.000

 Residual Variances
    WASBLK             0.965      0.014     68.142      0.000

Between Level

 WASBLK     ON
    CANFLFBW          -0.040      0.059     -0.681      0.496

 Intercepts
    WASBLK             8.689      0.590     14.737      0.000

 Residual Variances
    WASBLK             0.998      0.005    208.911      0.000


R-SQUARE

Within Level

    Observed                                        Two-Tailed
    Variable        Estimate       S.E.  Est./S.E.    P-Value

    WASBLK             0.035      0.014      2.497      0.013

Between Level

    Observed                                        Two-Tailed
    Variable        Estimate       S.E.  Est./S.E.    P-Value

    WASBLK             0.002      0.005      0.340      0.733


QUALITY OF NUMERICAL RESULTS

     Condition Number for the Information Matrix             -0.138E-16
       (ratio of smallest to largest eigenvalue)


CONFIDENCE INTERVALS OF MODEL RESULTS

                  Lower .5%  Lower 2.5%    Lower 5%    Estimate    Upper 5%  Upper 2.5%   Upper .5%

Within Level

 WASBLK   ON
    CANFLF          -0.022      -0.013      -0.009       0.014       0.038       0.042       0.051
    DEMMAL           1.092       1.464       1.655       2.651       3.647       3.838       4.211
    DEMAGE          -0.065       0.002       0.036       0.214       0.392       0.426       0.493

 CANFLF   WITH
    DEMMAL           0.997       1.145       1.221       1.617       2.013       2.089       2.237
    DEMAGE         -12.523     -11.725     -11.317      -9.186      -7.055      -6.647      -5.849

 Means
    DEMAGE          -0.203      -0.154      -0.129       0.000       0.129       0.154       0.203
    DEMMAL          -0.041      -0.031      -0.026       0.000       0.026       0.031       0.041
    CANFLF           0.033       0.053       0.062       0.113       0.164       0.174       0.193

 Variances
    DEMAGE           5.285       5.540       5.670       6.349       7.028       7.158       7.412
    DEMMAL           0.221       0.223       0.225       0.232       0.239       0.240       0.243
    CANFLF         231.235     240.954     245.926     271.888     297.851     302.823     312.542

 Residual Variances
    WASBLK          45.371      47.867      49.144      55.813      62.481      63.758      66.255

Between Level

 WASBLK   ON
    CANFLFBW        -0.055      -0.044      -0.039      -0.011       0.016       0.021       0.032

 Intercepts
    WASBLK          48.285      48.495      48.603      49.166      49.729      49.837      50.048

 Residual Variances
    WASBLK          21.001      23.623      24.965      31.969      38.974      40.316      42.938


CONFIDENCE INTERVALS OF STANDARDIZED MODEL RESULTS


STDYX Standardization

                  Lower .5%  Lower 2.5%    Lower 5%    Estimate    Upper 5%  Upper 2.5%   Upper .5%

Within Level

 WASBLK   ON
    CANFLF          -0.048      -0.029      -0.019       0.031       0.082       0.092       0.111
    DEMMAL           0.073       0.095       0.107       0.168       0.229       0.240       0.263
    DEMAGE          -0.023       0.000       0.011       0.071       0.131       0.142       0.165

 CANFLF   WITH
    DEMMAL           0.130       0.148       0.157       0.204       0.251       0.260       0.277
    DEMAGE          -0.294      -0.277      -0.268      -0.221      -0.174      -0.165      -0.148

 Means
    DEMAGE          -0.080      -0.061      -0.051       0.000       0.051       0.061       0.080
    DEMMAL          -0.085      -0.064      -0.054       0.000       0.054       0.064       0.085
    CANFLF           0.002       0.003       0.004       0.007       0.010       0.011       0.012

 Variances
    DEMAGE           1.000       1.000       1.000       1.000       1.000       1.000       1.000
    DEMMAL           1.000       1.000       1.000       1.000       1.000       1.000       1.000
    CANFLF           1.000       1.000       1.000       1.000       1.000       1.000       1.000

 Residual Variances
    WASBLK           0.928       0.937       0.941       0.965       0.988       0.992       1.001

Between Level

 WASBLK   ON
    CANFLFBW        -0.193      -0.156      -0.138      -0.040       0.057       0.076       0.112

 Intercepts
    WASBLK           7.170       7.533       7.719       8.689       9.658       9.844      10.207

 Residual Variances
    WASBLK           0.986       0.989       0.991       0.998       1.006       1.008       1.011


TECHNICAL 1 OUTPUT


     PARAMETER SPECIFICATION FOR WITHIN


           NU
              WASBLK        DEMAGE        DEMMAL        CANFLF        CANFLFBW
              ________      ________      ________      ________      ________
 1                  0             0             0             0             0


           LAMBDA
              WASBLK        DEMAGE        DEMMAL        CANFLF        CANFLFBW
              ________      ________      ________      ________      ________
 WASBLK             0             0             0             0             0
 DEMAGE             0             0             0             0             0
 DEMMAL             0             0             0             0             0
 CANFLF             0             0             0             0             0
 CANFLFBW           0             0             0             0             0


           THETA
              WASBLK        DEMAGE        DEMMAL        CANFLF        CANFLFBW
              ________      ________      ________      ________      ________
 WASBLK             0
 DEMAGE             0             0
 DEMMAL             0             0             0
 CANFLF             0             0             0             0
 CANFLFBW           0             0             0             0             0


           ALPHA
              WASBLK        DEMAGE        DEMMAL        CANFLF        CANFLFBW
              ________      ________      ________      ________      ________
 1                  0             1             2             3             0


           BETA
              WASBLK        DEMAGE        DEMMAL        CANFLF        CANFLFBW
              ________      ________      ________      ________      ________
 WASBLK             0             4             5             6             0
 DEMAGE             0             0             0             0             0
 DEMMAL             0             0             0             0             0
 CANFLF             0             0             0             0             0
 CANFLFBW           0             0             0             0             0


           PSI
              WASBLK        DEMAGE        DEMMAL        CANFLF        CANFLFBW
              ________      ________      ________      ________      ________
 WASBLK             7
 DEMAGE             0             8
 DEMMAL             0             0             9
 CANFLF             0            10            11            12
 CANFLFBW           0             0             0             0             0


     PARAMETER SPECIFICATION FOR BETWEEN


           NU
              WASBLK        DEMAGE        DEMMAL        CANFLF        CANFLFBW
              ________      ________      ________      ________      ________
 1                  0             0             0             0             0


           LAMBDA
              WASBLK        DEMAGE        DEMMAL        CANFLF        CANFLFBW
              ________      ________      ________      ________      ________
 WASBLK             0             0             0             0             0
 DEMAGE             0             0             0             0             0
 DEMMAL             0             0             0             0             0
 CANFLF             0             0             0             0             0
 CANFLFBW           0             0             0             0             0


           THETA
              WASBLK        DEMAGE        DEMMAL        CANFLF        CANFLFBW
              ________      ________      ________      ________      ________
 WASBLK             0
 DEMAGE             0             0
 DEMMAL             0             0             0
 CANFLF             0             0             0             0
 CANFLFBW           0             0             0             0             0


           ALPHA
              WASBLK        DEMAGE        DEMMAL        CANFLF        CANFLFBW
              ________      ________      ________      ________      ________
 1                 13             0             0             0             0


           BETA
              WASBLK        DEMAGE        DEMMAL        CANFLF        CANFLFBW
              ________      ________      ________      ________      ________
 WASBLK             0             0             0             0            14
 DEMAGE             0             0             0             0             0
 DEMMAL             0             0             0             0             0
 CANFLF             0             0             0             0             0
 CANFLFBW           0             0             0             0             0


           PSI
              WASBLK        DEMAGE        DEMMAL        CANFLF        CANFLFBW
              ________      ________      ________      ________      ________
 WASBLK            15
 DEMAGE             0             0
 DEMMAL             0             0             0
 CANFLF             0             0             0             0
 CANFLFBW           0             0             0             0             0


     STARTING VALUES FOR WITHIN


           NU
              WASBLK        DEMAGE        DEMMAL        CANFLF        CANFLFBW
              ________      ________      ________      ________      ________
 1              0.000         0.000         0.000         0.000         0.000


           LAMBDA
              WASBLK        DEMAGE        DEMMAL        CANFLF        CANFLFBW
              ________      ________      ________      ________      ________
 WASBLK         1.000         0.000         0.000         0.000         0.000
 DEMAGE         0.000         1.000         0.000         0.000         0.000
 DEMMAL         0.000         0.000         1.000         0.000         0.000
 CANFLF         0.000         0.000         0.000         1.000         0.000
 CANFLFBW       0.000         0.000         0.000         0.000         1.000


           THETA
              WASBLK        DEMAGE        DEMMAL        CANFLF        CANFLFBW
              ________      ________      ________      ________      ________
 WASBLK         0.000
 DEMAGE         0.000         0.000
 DEMMAL         0.000         0.000         0.000
 CANFLF         0.000         0.000         0.000         0.000
 CANFLFBW       0.000         0.000         0.000         0.000         0.000


           ALPHA
              WASBLK        DEMAGE        DEMMAL        CANFLF        CANFLFBW
              ________      ________      ________      ________      ________
 1              0.000         0.000         0.000         0.000         0.000


           BETA
              WASBLK        DEMAGE        DEMMAL        CANFLF        CANFLFBW
              ________      ________      ________      ________      ________
 WASBLK         0.000         0.000         0.000         0.000         0.000
 DEMAGE         0.000         0.000         0.000         0.000         0.000
 DEMMAL         0.000         0.000         0.000         0.000         0.000
 CANFLF         0.000         0.000         0.000         0.000         0.000
 CANFLFBW       0.000         0.000         0.000         0.000         0.000


           PSI
              WASBLK        DEMAGE        DEMMAL        CANFLF        CANFLFBW
              ________      ________      ________      ________      ________
 WASBLK        44.997
 DEMAGE         0.000         3.175
 DEMMAL         0.000         0.000         0.116
 CANFLF         0.000         0.000         0.000       137.990
 CANFLFBW       0.000         0.000         0.000         0.000         0.000


     STARTING VALUES FOR BETWEEN


           NU
              WASBLK        DEMAGE        DEMMAL        CANFLF        CANFLFBW
              ________      ________      ________      ________      ________
 1              0.000         0.000         0.000         0.000         0.000


           LAMBDA
              WASBLK        DEMAGE        DEMMAL        CANFLF        CANFLFBW
              ________      ________      ________      ________      ________
 WASBLK         1.000         0.000         0.000         0.000         0.000
 DEMAGE         0.000         1.000         0.000         0.000         0.000
 DEMMAL         0.000         0.000         1.000         0.000         0.000
 CANFLF         0.000         0.000         0.000         1.000         0.000
 CANFLFBW       0.000         0.000         0.000         0.000         1.000


           THETA
              WASBLK        DEMAGE        DEMMAL        CANFLF        CANFLFBW
              ________      ________      ________      ________      ________
 WASBLK         0.000
 DEMAGE         0.000         0.000
 DEMMAL         0.000         0.000         0.000
 CANFLF         0.000         0.000         0.000         0.000
 CANFLFBW       0.000         0.000         0.000         0.000         0.000


           ALPHA
              WASBLK        DEMAGE        DEMMAL        CANFLF        CANFLFBW
              ________      ________      ________      ________      ________
 1             49.177         0.000         0.000         0.000         0.000


           BETA
              WASBLK        DEMAGE        DEMMAL        CANFLF        CANFLFBW
              ________      ________      ________      ________      ________
 WASBLK         0.000         0.000         0.000         0.000         0.000
 DEMAGE         0.000         0.000         0.000         0.000         0.000
 DEMMAL         0.000         0.000         0.000         0.000         0.000
 CANFLF         0.000         0.000         0.000         0.000         0.000
 CANFLFBW       0.000         0.000         0.000         0.000         0.000


           PSI
              WASBLK        DEMAGE        DEMMAL        CANFLF        CANFLFBW
              ________      ________      ________      ________      ________
 WASBLK        44.997
 DEMAGE         0.000         0.000
 DEMMAL         0.000         0.000         0.000
 CANFLF         0.000         0.000         0.000         0.000
 CANFLFBW       0.000         0.000         0.000         0.000       204.204


SAMPLE STATISTICS FOR ESTIMATED FACTOR SCORES


     SAMPLE STATISTICS


           Means
              B_WASBLK
              ________
 1             49.174


           Covariances
              B_WASBLK
              ________
 B_WASBLK      17.109


           Correlations
              B_WASBLK
              ________
 B_WASBLK       1.000


PLOT INFORMATION

The following plots are available:

  Histograms (sample values)
  Scatterplots (sample values)

     Beginning Time:  14:26:22
        Ending Time:  14:26:23
       Elapsed Time:  00:00:01



MUTHEN & MUTHEN
3463 Stoner Ave.
Los Angeles, CA  90066

Tel: (310) 391-9971
Fax: (310) 391-8971
Web: www.StatModel.com
Support: Support@StatModel.com

Copyright (c) 1998-2015 Muthen & Muthen
