Mplus VERSION 7.4 (Mac)
MUTHEN & MUTHEN
07/30/2019   2:25 PM

INPUT INSTRUCTIONS


  TITLE: CANF6M_CVLASF_1;

  DATA:
  	FILE = GD190618.csv;

  VARIABLE:
  	NAMES =
  			ID_Fam   Wave     ID_MPL
  			DEMMAL   DEMAGE   DEMHSP   DEMRAC
  			SRPWCR
  			WASVCB   WASBLK   WASDGT   WSISUM
  			TRLATS   TRLBTS
  			CVLASF   CVLASC   CVLALF   CVLALC
  			WASCOM   COGCOM   CVLCOM
  			CANEVR   CANONS   CANFLF
  			CANFTY   CANF6M   CANAC6
  			CANYRS
  			ALCEVR   ALCONS   ALCFLF
  			ALCFTY   ALCF6M   ALCAC6
  			ALCYRS
  			SRPWCRDt WASVCBDt WASBLKDt
  			WASDGTDt WSISUMDt TRLATSDt
  			TRLBTSDt CVLASFDt CVLASCDt
  			CVLALFDt CVLALCDt WASCOMDt
  			COGCOMDt CVLCOMDt
  			COGPGS
  			PC1 PC2 PC3 PC4 PC5 PC6
  		;
  	USEVARIABLES =
  		! outcome
    			CVLASF
    		! covariates
    			DEMAGE
    			DEMMAL  		
    		! within predictor
    			CANF6M
    		! between predictor
    			CANF6MBW
    		;
    	USEOBSERVATION =
    			(Wave EQ 1 AND CVLASFDt EQ 1)
    		;
    	CLUSTER =
    			ID_Fam
    		;
    	MISSING = .;
    	BETWEEN =   		
    			CANF6MBW
    		;
    	WITHIN  		
    			CANF6M
    			DEMAGE
    			DEMMAL
    		;  		

  DEFINE:
  	! CREATE BW FAM PREDICTOR
  		CANF6MBW = cluster_mean (CANF6M);
  	! CENTER WI FAM VARIABLES
  		CENTER CANF6M (GROUPMEAN);
  		CENTER DEMMAL (GRANDMEAN);
  		CENTER DEMAGE (GRANDMEAN);
  	! CENTER BW FAM VARIABLES
  		CENTER CANF6MBW (GRANDMEAN);

  ANALYSIS:
          ITERATIONS = 1000000;
          TYPE = TWOLEVEL RANDOM;
          ALGORITHM = INTEGRATION;

  OUTPUT:
  	SAMPSTAT STDYX TECH1 CINT;

  MODEL:
  %WITHIN%
  	CVLASF on CANF6M;
  	CVLASF on  DEMMAL DEMAGE;	
  	CVLASF*;
  	CANF6M WITH DEMMAL*;
  	CANF6M WITH DEMAGE*;

  %BETWEEN%
  	CVLASF on CANF6MBW;
  	CVLASF*;

  PLOT:
  	TYPE = plot3;



*** WARNING
  Data set contains cases with missing on all variables except
  x-variables.  These cases were not included in the analysis.
  Number of cases with missing on all variables except x-variables:  1
   1 WARNING(S) FOUND IN THE INPUT INSTRUCTIONS



CANF6M_CVLASF_1;

SUMMARY OF ANALYSIS

Number of groups                                                 1
Number of observations                                         489

Number of dependent variables                                    1
Number of independent variables                                  4
Number of continuous latent variables                            0

Observed dependent variables

  Continuous
   CVLASF

Observed independent variables
   DEMAGE      DEMMAL      CANF6M      CANF6MBW

Variables with special functions

  Cluster variable      ID_FAM

  Within variables
   DEMAGE      DEMMAL      CANF6M

  Between variables
   CANF6MBW

  Centering (GRANDMEAN)
   DEMMAL      DEMAGE      CANF6MBW

  Centering (GROUPMEAN)
   CANF6M


Estimator                                                      MLR
Information matrix                                        OBSERVED
Optimization Specifications for the Quasi-Newton Algorithm for
Continuous Outcomes
  Maximum number of iterations                             1000000
  Convergence criterion                                  0.100D-05
Optimization Specifications for the EM Algorithm
  Maximum number of iterations                                 500
  Convergence criteria
    Loglikelihood change                                 0.100D-02
    Relative loglikelihood change                        0.100D-05
    Derivative                                           0.100D-02
Optimization Specifications for the M step of the EM Algorithm for
Categorical Latent variables
  Number of M step iterations                                    1
  M step convergence criterion                           0.100D-02
  Basis for M step termination                           ITERATION
Optimization Specifications for the M step of the EM Algorithm for
Censored, Binary or Ordered Categorical (Ordinal), Unordered
Categorical (Nominal) and Count Outcomes
  Number of M step iterations                                    1
  M step convergence criterion                           0.100D-02
  Basis for M step termination                           ITERATION
  Maximum value for logit thresholds                            15
  Minimum value for logit thresholds                           -15
  Minimum expected cell size for chi-square              0.100D-01
Maximum number of iterations for H1                           2000
Convergence criterion for H1                             0.100D-03
Optimization algorithm                                         EMA
Integration Specifications
  Type                                                    STANDARD
  Number of integration points                                  15
  Dimensions of numerical integration                            0
  Adaptive quadrature                                           ON
Cholesky                                                       OFF

Input data file(s)
  GD190618.csv
Input data format  FREE


SUMMARY OF DATA

     Number of missing data patterns             3
     Number of clusters                        244



COVARIANCE COVERAGE OF DATA

Minimum covariance coverage value   0.100


     PROPORTION OF DATA PRESENT FOR Y


           Covariance Coverage
              CVLASF        DEMAGE        DEMMAL        CANF6M        CANF6MBW
              ________      ________      ________      ________      ________
 CVLASF         0.998
 DEMAGE         0.996         0.998
 DEMMAL         0.998         0.998         1.000
 CANF6M         0.998         0.998         1.000         1.000
 CANF6MBW       0.998         0.998         1.000         1.000         1.000


SAMPLE STATISTICS


     ESTIMATED SAMPLE STATISTICS


           Means
              CVLASF        DEMAGE        DEMMAL        CANF6M        CANF6MBW
              ________      ________      ________      ________      ________
 1             -0.610         0.001         0.000         0.000         0.000


           Covariances
              CVLASF        DEMAGE        DEMMAL        CANF6M        CANF6MBW
              ________      ________      ________      ________      ________
 CVLASF         0.942
 DEMAGE        -0.062         6.010
 DEMMAL        -0.053        -0.132         0.247
 CANF6M        -0.475        -2.323         0.275        43.461
 CANF6MBW      -0.398         0.197         0.483         0.000        70.404


           Correlations
              CVLASF        DEMAGE        DEMMAL        CANF6M        CANF6MBW
              ________      ________      ________      ________      ________
 CVLASF         1.000
 DEMAGE        -0.026         1.000
 DEMMAL        -0.109        -0.108         1.000
 CANF6M        -0.074        -0.144         0.084         1.000
 CANF6MBW      -0.049         0.010         0.116         0.000         1.000


     MAXIMUM LOG-LIKELIHOOD VALUE FOR THE UNRESTRICTED (H1) MODEL IS -5492.693


UNIVARIATE SAMPLE STATISTICS


     UNIVARIATE HIGHER-ORDER MOMENT DESCRIPTIVE STATISTICS

         Variable/         Mean/     Skewness/   Minimum/ % with                Percentiles
        Sample Size      Variance    Kurtosis    Maximum  Min/Max      20%/60%    40%/80%    Median

     CVLASF               -0.610      -0.639      -4.500    0.61%      -1.500     -0.500     -0.500
             488.000       0.942       1.086       1.500    1.84%      -0.500      0.000
     DEMAGE                0.000       1.646      -3.804    0.20%      -1.924     -0.974     -0.534
             488.000       6.010       4.211      15.296    0.20%      -0.094      1.316
     DEMMAL                0.000      -0.218      -0.554   44.58%      -0.554     -0.554      0.446
             489.000       0.247      -1.952       0.446   55.42%       0.446      0.446
     CANF6M                0.000       0.041     -15.000    2.45%      -4.000     -0.085      0.000
             489.000      43.461       0.707      19.780    0.20%       0.000      4.000
     CANF6MBW              0.146       1.178      -7.229   16.39%      -7.144     -5.564     -3.144
             244.000      73.870       0.471      22.771    4.51%      -0.729      7.771

     THE STANDARD ERRORS OF THE MODEL PARAMETER ESTIMATES MAY NOT BE
     TRUSTWORTHY FOR SOME PARAMETERS DUE TO A NON-POSITIVE DEFINITE
     FIRST-ORDER DERIVATIVE PRODUCT MATRIX.  THIS MAY BE DUE TO THE STARTING
     VALUES BUT MAY ALSO BE AN INDICATION OF MODEL NONIDENTIFICATION.  THE
     CONDITION NUMBER IS      -0.221D-16.  PROBLEM INVOLVING THE FOLLOWING PARAMETER:
     Parameter 3, %WITHIN%: [ CANF6M ]


THE MODEL ESTIMATION TERMINATED NORMALLY



MODEL FIT INFORMATION

Number of Free Parameters                       15

Loglikelihood

          H0 Value                       -3763.046
          H0 Scaling Correction Factor      1.1930
            for MLR

Information Criteria

          Akaike (AIC)                    7556.092
          Bayesian (BIC)                  7618.978
          Sample-Size Adjusted BIC        7571.368
            (n* = (n + 2) / 24)



MODEL RESULTS

                                                    Two-Tailed
                    Estimate       S.E.  Est./S.E.    P-Value

Within Level

 CVLASF     ON
    CANF6M            -0.010      0.006     -1.764      0.078
    DEMMAL            -0.196      0.086     -2.285      0.022
    DEMAGE            -0.014      0.018     -0.801      0.423

 CANF6M   WITH
    DEMMAL             0.226      0.136      1.669      0.095
    DEMAGE            -2.200      0.714     -3.082      0.002

 Means
    DEMAGE             0.001      0.109      0.006      0.995
    DEMMAL             0.000      0.025      0.000      1.000
    CANF6M             0.000      0.000      0.000      1.000

 Variances
    DEMAGE             6.010      0.654      9.184      0.000
    DEMMAL             0.247      0.003     90.990      0.000
    CANF6M            43.373      4.530      9.575      0.000

 Residual Variances
    CVLASF             0.800      0.083      9.636      0.000

Between Level

 CVLASF     ON
    CANF6MBW          -0.004      0.005     -0.722      0.470

 Intercepts
    CVLASF            -0.613      0.047    -13.154      0.000

 Residual Variances
    CVLASF             0.127      0.085      1.483      0.138


STANDARDIZED MODEL RESULTS


STDYX Standardization

                                                    Two-Tailed
                    Estimate       S.E.  Est./S.E.    P-Value

Within Level

 CVLASF     ON
    CANF6M            -0.076      0.043     -1.783      0.075
    DEMMAL            -0.108      0.046     -2.344      0.019
    DEMAGE            -0.038      0.048     -0.807      0.420

 CANF6M   WITH
    DEMMAL             0.069      0.041      1.689      0.091
    DEMAGE            -0.136      0.041     -3.347      0.001

 Means
    DEMAGE             0.000      0.044      0.006      0.995
    DEMMAL             0.000      0.050      0.000      1.000
    CANF6M             0.000      0.000      0.000      1.000

 Variances
    DEMAGE             1.000      0.000    999.000    999.000
    DEMMAL             1.000      0.000    999.000    999.000
    CANF6M             1.000      0.000    999.000    999.000

 Residual Variances
    CVLASF             0.981      0.013     76.543      0.000

Between Level

 CVLASF     ON
    CANF6MBW          -0.094      0.127     -0.742      0.458

 Intercepts
    CVLASF            -1.716      0.563     -3.050      0.002

 Residual Variances
    CVLASF             0.991      0.024     41.321      0.000


R-SQUARE

Within Level

    Observed                                        Two-Tailed
    Variable        Estimate       S.E.  Est./S.E.    P-Value

    CVLASF             0.019      0.013      1.503      0.133

Between Level

    Observed                                        Two-Tailed
    Variable        Estimate       S.E.  Est./S.E.    P-Value

    CVLASF             0.009      0.024      0.371      0.711


QUALITY OF NUMERICAL RESULTS

     Condition Number for the Information Matrix             -0.221E-16
       (ratio of smallest to largest eigenvalue)


CONFIDENCE INTERVALS OF MODEL RESULTS

                  Lower .5%  Lower 2.5%    Lower 5%    Estimate    Upper 5%  Upper 2.5%   Upper .5%

Within Level

 CVLASF   ON
    CANF6M          -0.026      -0.022      -0.020      -0.010      -0.001       0.001       0.005
    DEMMAL          -0.416      -0.363      -0.336      -0.196      -0.055      -0.028       0.025
    DEMAGE          -0.060      -0.049      -0.043      -0.014       0.015       0.021       0.031

 CANF6M   WITH
    DEMMAL          -0.123      -0.039       0.003       0.226       0.449       0.492       0.576
    DEMAGE          -4.038      -3.599      -3.374      -2.200      -1.025      -0.801      -0.361

 Means
    DEMAGE          -0.280      -0.213      -0.178       0.001       0.180       0.214       0.281
    DEMMAL          -0.065      -0.049      -0.041       0.000       0.041       0.049       0.065
    CANF6M           0.000       0.000       0.000       0.000       0.000       0.000       0.000

 Variances
    DEMAGE           4.324       4.727       4.934       6.010       7.087       7.293       7.696
    DEMMAL           0.240       0.242       0.243       0.247       0.252       0.252       0.254
    CANF6M          31.706      34.495      35.922      43.373      50.824      52.251      55.041

 Residual Variances
    CVLASF           0.586       0.637       0.663       0.800       0.937       0.963       1.014

Between Level

 CVLASF   ON
    CANF6MBW        -0.018      -0.015      -0.013      -0.004       0.005       0.007       0.010

 Intercepts
    CVLASF          -0.733      -0.704      -0.690      -0.613      -0.536      -0.522      -0.493

 Residual Variances
    CVLASF          -0.093      -0.041      -0.014       0.127       0.267       0.294       0.347


CONFIDENCE INTERVALS OF STANDARDIZED MODEL RESULTS


STDYX Standardization

                  Lower .5%  Lower 2.5%    Lower 5%    Estimate    Upper 5%  Upper 2.5%   Upper .5%

Within Level

 CVLASF   ON
    CANF6M          -0.187      -0.161      -0.147      -0.076      -0.006       0.008       0.034
    DEMMAL          -0.226      -0.198      -0.183      -0.108      -0.032      -0.018       0.011
    DEMAGE          -0.161      -0.132      -0.117      -0.038       0.040       0.055       0.084

 CANF6M   WITH
    DEMMAL          -0.036      -0.011       0.002       0.069       0.136       0.149       0.175
    DEMAGE          -0.241      -0.216      -0.203      -0.136      -0.069      -0.056      -0.031

 Means
    DEMAGE          -0.114      -0.087      -0.073       0.000       0.073       0.087       0.115
    DEMMAL          -0.130      -0.099      -0.083       0.000       0.083       0.099       0.130
    CANF6M           0.000       0.000       0.000       0.000       0.000       0.000       0.000

 Variances
    DEMAGE           1.000       1.000       1.000       1.000       1.000       1.000       1.000
    DEMMAL           1.000       1.000       1.000       1.000       1.000       1.000       1.000
    CANF6M           1.000       1.000       1.000       1.000       1.000       1.000       1.000

 Residual Variances
    CVLASF           0.948       0.956       0.960       0.981       1.002       1.006       1.014

Between Level

 CVLASF   ON
    CANF6MBW        -0.422      -0.344      -0.303      -0.094       0.115       0.155       0.233

 Intercepts
    CVLASF          -3.165      -2.818      -2.641      -1.716      -0.790      -0.613      -0.267

 Residual Variances
    CVLASF           0.929       0.944       0.952       0.991       1.031       1.038       1.053


TECHNICAL 1 OUTPUT


     PARAMETER SPECIFICATION FOR WITHIN


           NU
              CVLASF        DEMAGE        DEMMAL        CANF6M        CANF6MBW
              ________      ________      ________      ________      ________
 1                  0             0             0             0             0


           LAMBDA
              CVLASF        DEMAGE        DEMMAL        CANF6M        CANF6MBW
              ________      ________      ________      ________      ________
 CVLASF             0             0             0             0             0
 DEMAGE             0             0             0             0             0
 DEMMAL             0             0             0             0             0
 CANF6M             0             0             0             0             0
 CANF6MBW           0             0             0             0             0


           THETA
              CVLASF        DEMAGE        DEMMAL        CANF6M        CANF6MBW
              ________      ________      ________      ________      ________
 CVLASF             0
 DEMAGE             0             0
 DEMMAL             0             0             0
 CANF6M             0             0             0             0
 CANF6MBW           0             0             0             0             0


           ALPHA
              CVLASF        DEMAGE        DEMMAL        CANF6M        CANF6MBW
              ________      ________      ________      ________      ________
 1                  0             1             2             3             0


           BETA
              CVLASF        DEMAGE        DEMMAL        CANF6M        CANF6MBW
              ________      ________      ________      ________      ________
 CVLASF             0             4             5             6             0
 DEMAGE             0             0             0             0             0
 DEMMAL             0             0             0             0             0
 CANF6M             0             0             0             0             0
 CANF6MBW           0             0             0             0             0


           PSI
              CVLASF        DEMAGE        DEMMAL        CANF6M        CANF6MBW
              ________      ________      ________      ________      ________
 CVLASF             7
 DEMAGE             0             8
 DEMMAL             0             0             9
 CANF6M             0            10            11            12
 CANF6MBW           0             0             0             0             0


     PARAMETER SPECIFICATION FOR BETWEEN


           NU
              CVLASF        DEMAGE        DEMMAL        CANF6M        CANF6MBW
              ________      ________      ________      ________      ________
 1                  0             0             0             0             0


           LAMBDA
              CVLASF        DEMAGE        DEMMAL        CANF6M        CANF6MBW
              ________      ________      ________      ________      ________
 CVLASF             0             0             0             0             0
 DEMAGE             0             0             0             0             0
 DEMMAL             0             0             0             0             0
 CANF6M             0             0             0             0             0
 CANF6MBW           0             0             0             0             0


           THETA
              CVLASF        DEMAGE        DEMMAL        CANF6M        CANF6MBW
              ________      ________      ________      ________      ________
 CVLASF             0
 DEMAGE             0             0
 DEMMAL             0             0             0
 CANF6M             0             0             0             0
 CANF6MBW           0             0             0             0             0


           ALPHA
              CVLASF        DEMAGE        DEMMAL        CANF6M        CANF6MBW
              ________      ________      ________      ________      ________
 1                 13             0             0             0             0


           BETA
              CVLASF        DEMAGE        DEMMAL        CANF6M        CANF6MBW
              ________      ________      ________      ________      ________
 CVLASF             0             0             0             0            14
 DEMAGE             0             0             0             0             0
 DEMMAL             0             0             0             0             0
 CANF6M             0             0             0             0             0
 CANF6MBW           0             0             0             0             0


           PSI
              CVLASF        DEMAGE        DEMMAL        CANF6M        CANF6MBW
              ________      ________      ________      ________      ________
 CVLASF            15
 DEMAGE             0             0
 DEMMAL             0             0             0
 CANF6M             0             0             0             0
 CANF6MBW           0             0             0             0             0


     STARTING VALUES FOR WITHIN


           NU
              CVLASF        DEMAGE        DEMMAL        CANF6M        CANF6MBW
              ________      ________      ________      ________      ________
 1              0.000         0.000         0.000         0.000         0.000


           LAMBDA
              CVLASF        DEMAGE        DEMMAL        CANF6M        CANF6MBW
              ________      ________      ________      ________      ________
 CVLASF         1.000         0.000         0.000         0.000         0.000
 DEMAGE         0.000         1.000         0.000         0.000         0.000
 DEMMAL         0.000         0.000         1.000         0.000         0.000
 CANF6M         0.000         0.000         0.000         1.000         0.000
 CANF6MBW       0.000         0.000         0.000         0.000         1.000


           THETA
              CVLASF        DEMAGE        DEMMAL        CANF6M        CANF6MBW
              ________      ________      ________      ________      ________
 CVLASF         0.000
 DEMAGE         0.000         0.000
 DEMMAL         0.000         0.000         0.000
 CANF6M         0.000         0.000         0.000         0.000
 CANF6MBW       0.000         0.000         0.000         0.000         0.000


           ALPHA
              CVLASF        DEMAGE        DEMMAL        CANF6M        CANF6MBW
              ________      ________      ________      ________      ________
 1              0.000         0.000         0.000         0.000         0.000


           BETA
              CVLASF        DEMAGE        DEMMAL        CANF6M        CANF6MBW
              ________      ________      ________      ________      ________
 CVLASF         0.000         0.000         0.000         0.000         0.000
 DEMAGE         0.000         0.000         0.000         0.000         0.000
 DEMMAL         0.000         0.000         0.000         0.000         0.000
 CANF6M         0.000         0.000         0.000         0.000         0.000
 CANF6MBW       0.000         0.000         0.000         0.000         0.000


           PSI
              CVLASF        DEMAGE        DEMMAL        CANF6M        CANF6MBW
              ________      ________      ________      ________      ________
 CVLASF         0.471
 DEMAGE         0.000         3.005
 DEMMAL         0.000         0.000         0.124
 CANF6M         0.000         0.000         0.000        21.731
 CANF6MBW       0.000         0.000         0.000         0.000         0.000


     STARTING VALUES FOR BETWEEN


           NU
              CVLASF        DEMAGE        DEMMAL        CANF6M        CANF6MBW
              ________      ________      ________      ________      ________
 1              0.000         0.000         0.000         0.000         0.000


           LAMBDA
              CVLASF        DEMAGE        DEMMAL        CANF6M        CANF6MBW
              ________      ________      ________      ________      ________
 CVLASF         1.000         0.000         0.000         0.000         0.000
 DEMAGE         0.000         1.000         0.000         0.000         0.000
 DEMMAL         0.000         0.000         1.000         0.000         0.000
 CANF6M         0.000         0.000         0.000         1.000         0.000
 CANF6MBW       0.000         0.000         0.000         0.000         1.000


           THETA
              CVLASF        DEMAGE        DEMMAL        CANF6M        CANF6MBW
              ________      ________      ________      ________      ________
 CVLASF         0.000
 DEMAGE         0.000         0.000
 DEMMAL         0.000         0.000         0.000
 CANF6M         0.000         0.000         0.000         0.000
 CANF6MBW       0.000         0.000         0.000         0.000         0.000


           ALPHA
              CVLASF        DEMAGE        DEMMAL        CANF6M        CANF6MBW
              ________      ________      ________      ________      ________
 1             -0.610         0.000         0.000         0.000         0.000


           BETA
              CVLASF        DEMAGE        DEMMAL        CANF6M        CANF6MBW
              ________      ________      ________      ________      ________
 CVLASF         0.000         0.000         0.000         0.000         0.000
 DEMAGE         0.000         0.000         0.000         0.000         0.000
 DEMMAL         0.000         0.000         0.000         0.000         0.000
 CANF6M         0.000         0.000         0.000         0.000         0.000
 CANF6MBW       0.000         0.000         0.000         0.000         0.000


           PSI
              CVLASF        DEMAGE        DEMMAL        CANF6M        CANF6MBW
              ________      ________      ________      ________      ________
 CVLASF         0.471
 DEMAGE         0.000         0.000
 DEMMAL         0.000         0.000         0.000
 CANF6M         0.000         0.000         0.000         0.000
 CANF6MBW       0.000         0.000         0.000         0.000        35.202


SAMPLE STATISTICS FOR ESTIMATED FACTOR SCORES


     SAMPLE STATISTICS


           Means
              B_CVLASF
              ________
 1             -0.610


           Covariances
              B_CVLASF
              ________
 B_CVLASF       0.032


           Correlations
              B_CVLASF
              ________
 B_CVLASF       1.000


PLOT INFORMATION

The following plots are available:

  Histograms (sample values)
  Scatterplots (sample values)

     Beginning Time:  14:25:31
        Ending Time:  14:25:32
       Elapsed Time:  00:00:01



MUTHEN & MUTHEN
3463 Stoner Ave.
Los Angeles, CA  90066

Tel: (310) 391-9971
Fax: (310) 391-8971
Web: www.StatModel.com
Support: Support@StatModel.com

Copyright (c) 1998-2015 Muthen & Muthen
