Mplus VERSION 7.4 (Mac)
MUTHEN & MUTHEN
07/30/2019   2:26 PM

INPUT INSTRUCTIONS


  TITLE: CANFLF_WASCOM_1;

  DATA:
  	FILE = GD190618.csv;

  VARIABLE:
  	NAMES =
  			ID_Fam   Wave     ID_MPL
  			DEMMAL   DEMAGE   DEMHSP   DEMRAC
  			SRPWCR
  			WASVCB   WASBLK   WASDGT   WSISUM
  			TRLATS   TRLBTS
  			CVLASF   CVLASC   CVLALF   CVLALC
  			WASCOM   COGCOM   CVLCOM
  			CANEVR   CANONS   CANFLF
  			CANFTY   CANF6M   CANAC6
  			CANYRS
  			ALCEVR   ALCONS   ALCFLF
  			ALCFTY   ALCF6M   ALCAC6
  			ALCYRS
  			SRPWCRDt WASVCBDt WASBLKDt
  			WASDGTDt WSISUMDt TRLATSDt
  			TRLBTSDt CVLASFDt CVLASCDt
  			CVLALFDt CVLALCDt WASCOMDt
  			COGCOMDt CVLCOMDt
  			COGPGS
  			PC1 PC2 PC3 PC4 PC5 PC6
  		;
  	USEVARIABLES =
  		! outcome
    			WASCOM
    		! covariates
    			DEMAGE
    			DEMMAL  		
    		! within predictor
    			CANFLF
    		! between predictor
    			CANFLFBW
    		;
    	USEOBSERVATION =
    			(Wave EQ 1 AND WASCOMDt EQ 1)
    		;
    	CLUSTER =
    			ID_Fam
    		;
    	MISSING = .;
    	BETWEEN =   		
    			CANFLFBW
    		;
    	WITHIN  		
    			CANFLF
    			DEMAGE
    			DEMMAL
    		;  		

  DEFINE:
  	! CREATE BW FAM PREDICTOR
  		CANFLFBW = cluster_mean (CANFLF);
  	! CENTER WI FAM VARIABLES
  		CENTER CANFLF (GROUPMEAN);
  		CENTER DEMMAL (GRANDMEAN);
  		CENTER DEMAGE (GRANDMEAN);
  	! CENTER BW FAM VARIABLES
  		CENTER CANFLFBW (GRANDMEAN);

  ANALYSIS:
          ITERATIONS = 1000000;
          TYPE = TWOLEVEL RANDOM;
          ALGORITHM = INTEGRATION;

  OUTPUT:
  	SAMPSTAT STDYX TECH1 CINT;

  MODEL:
  %WITHIN%
  	WASCOM on CANFLF;
  	WASCOM on  DEMMAL DEMAGE;	
  	WASCOM*;
  	CANFLF WITH DEMMAL*;
  	CANFLF WITH DEMAGE*;
  	
  %BETWEEN%
  	WASCOM on CANFLFBW;
  	WASCOM*;

  PLOT:
  	TYPE = plot3;



*** WARNING
  Data set contains cases with missing on x-variables.
  These cases were not included in the analysis.
  Number of cases with missing on x-variables:  82
   1 WARNING(S) FOUND IN THE INPUT INSTRUCTIONS



CANFLF_WASCOM_1;

SUMMARY OF ANALYSIS

Number of groups                                                 1
Number of observations                                        1043

Number of dependent variables                                    1
Number of independent variables                                  4
Number of continuous latent variables                            0

Observed dependent variables

  Continuous
   WASCOM

Observed independent variables
   DEMAGE      DEMMAL      CANFLF      CANFLFBW

Variables with special functions

  Cluster variable      ID_FAM

  Within variables
   DEMAGE      DEMMAL      CANFLF

  Between variables
   CANFLFBW

  Centering (GRANDMEAN)
   DEMMAL      DEMAGE      CANFLFBW

  Centering (GROUPMEAN)
   CANFLF


Estimator                                                      MLR
Information matrix                                        OBSERVED
Optimization Specifications for the Quasi-Newton Algorithm for
Continuous Outcomes
  Maximum number of iterations                             1000000
  Convergence criterion                                  0.100D-05
Optimization Specifications for the EM Algorithm
  Maximum number of iterations                                 500
  Convergence criteria
    Loglikelihood change                                 0.100D-02
    Relative loglikelihood change                        0.100D-05
    Derivative                                           0.100D-02
Optimization Specifications for the M step of the EM Algorithm for
Categorical Latent variables
  Number of M step iterations                                    1
  M step convergence criterion                           0.100D-02
  Basis for M step termination                           ITERATION
Optimization Specifications for the M step of the EM Algorithm for
Censored, Binary or Ordered Categorical (Ordinal), Unordered
Categorical (Nominal) and Count Outcomes
  Number of M step iterations                                    1
  M step convergence criterion                           0.100D-02
  Basis for M step termination                           ITERATION
  Maximum value for logit thresholds                            15
  Minimum value for logit thresholds                           -15
  Minimum expected cell size for chi-square              0.100D-01
Maximum number of iterations for H1                           2000
Convergence criterion for H1                             0.100D-03
Optimization algorithm                                         EMA
Integration Specifications
  Type                                                    STANDARD
  Number of integration points                                  15
  Dimensions of numerical integration                            0
  Adaptive quadrature                                           ON
Cholesky                                                       OFF

Input data file(s)
  GD190618.csv
Input data format  FREE


SUMMARY OF DATA

     Number of missing data patterns             3
     Number of clusters                        536



COVARIANCE COVERAGE OF DATA

Minimum covariance coverage value   0.100


     PROPORTION OF DATA PRESENT FOR Y


           Covariance Coverage
              WASCOM        DEMAGE        DEMMAL        CANFLF        CANFLFBW
              ________      ________      ________      ________      ________
 WASCOM         1.000
 DEMAGE         0.999         0.999
 DEMMAL         1.000         0.999         1.000
 CANFLF         0.949         0.948         0.949         0.949
 CANFLFBW       1.000         0.999         1.000         0.949         1.000


SAMPLE STATISTICS


     ESTIMATED SAMPLE STATISTICS


           Means
              WASCOM        DEMAGE        DEMMAL        CANFLF        CANFLFBW
              ________      ________      ________      ________      ________
 1             -0.015         0.000         0.000         0.138         0.000


           Covariances
              WASCOM        DEMAGE        DEMMAL        CANFLF        CANFLFBW
              ________      ________      ________      ________      ________
 WASCOM         0.914
 DEMAGE        -0.108         6.341
 DEMMAL         0.029        -0.179         0.232
 CANFLF         0.042       -10.492         1.892       276.522
 CANFLFBW      -0.304         2.439         1.229        -3.204       407.285


           Correlations
              WASCOM        DEMAGE        DEMMAL        CANFLF        CANFLFBW
              ________      ________      ________      ________      ________
 WASCOM         1.000
 DEMAGE        -0.045         1.000
 DEMMAL         0.063        -0.148         1.000
 CANFLF         0.003        -0.251         0.236         1.000
 CANFLFBW      -0.016         0.048         0.127        -0.010         1.000


     MAXIMUM LOG-LIKELIHOOD VALUE FOR THE UNRESTRICTED (H1) MODEL IS -13313.620


UNIVARIATE SAMPLE STATISTICS


     UNIVARIATE HIGHER-ORDER MOMENT DESCRIPTIVE STATISTICS

         Variable/         Mean/     Skewness/   Minimum/ % with                Percentiles
        Sample Size      Variance    Kurtosis    Maximum  Min/Max      20%/60%    40%/80%    Median

     WASCOM               -0.015      -0.096      -2.862    0.10%      -0.834     -0.244      0.014
            1043.000       0.914      -0.218       2.816    0.10%       0.265      0.826
     DEMAGE                0.000       1.399      -4.043    0.10%      -1.953     -1.083     -0.563
            1042.000       6.341       2.768      15.927    0.10%      -0.023      1.577
     DEMMAL                0.000      -0.560      -0.635   36.53%      -0.635      0.365      0.365
            1043.000       0.232      -1.687       0.365   63.47%       0.365      0.365
     CANFLF                0.000      -0.089     -40.000    0.81%     -15.000      0.000      0.000
             990.000     276.810      -0.086      38.167    0.10%       0.000     14.250
     CANFLFBW              2.098      -0.803     -40.551    5.60%     -10.551     -3.051      4.449
             536.000     394.864      -0.517      19.449   48.32%      19.449     19.449

     THE STANDARD ERRORS OF THE MODEL PARAMETER ESTIMATES MAY NOT BE
     TRUSTWORTHY FOR SOME PARAMETERS DUE TO A NON-POSITIVE DEFINITE
     FIRST-ORDER DERIVATIVE PRODUCT MATRIX.  THIS MAY BE DUE TO THE STARTING
     VALUES BUT MAY ALSO BE AN INDICATION OF MODEL NONIDENTIFICATION.  THE
     CONDITION NUMBER IS       0.516D-16.  PROBLEM INVOLVING THE FOLLOWING PARAMETER:
     Parameter 12, %WITHIN%: CANFLF


THE MODEL ESTIMATION TERMINATED NORMALLY



MODEL FIT INFORMATION

Number of Free Parameters                       15

Loglikelihood

          H0 Value                       -8634.913
          H0 Scaling Correction Factor      1.0399
            for MLR

Information Criteria

          Akaike (AIC)                   17299.827
          Bayesian (BIC)                 17374.075
          Sample-Size Adjusted BIC       17326.433
            (n* = (n + 2) / 24)



MODEL RESULTS

                                                    Two-Tailed
                    Estimate       S.E.  Est./S.E.    P-Value

Within Level

 WASCOM     ON
    CANFLF            -0.001      0.001     -0.443      0.658
    DEMMAL             0.064      0.060      1.066      0.286
    DEMAGE            -0.008      0.012     -0.694      0.488

 CANFLF   WITH
    DEMMAL             1.628      0.241      6.755      0.000
    DEMAGE            -9.218      1.298     -7.100      0.000

 Means
    DEMAGE             0.000      0.079     -0.002      0.999
    DEMMAL             0.000      0.016      0.000      1.000
    CANFLF             0.111      0.031      3.513      0.000

 Variances
    DEMAGE             6.341      0.414     15.307      0.000
    DEMMAL             0.232      0.004     54.507      0.000
    CANFLF           272.755     15.804     17.259      0.000

 Residual Variances
    WASCOM             0.437      0.027     16.355      0.000

Between Level

 WASCOM     ON
    CANFLFBW          -0.001      0.002     -0.489      0.625

 Intercepts
    WASCOM            -0.006      0.037     -0.173      0.863

 Residual Variances
    WASCOM             0.466      0.041     11.298      0.000


STANDARDIZED MODEL RESULTS


STDYX Standardization

                                                    Two-Tailed
                    Estimate       S.E.  Est./S.E.    P-Value

Within Level

 WASCOM     ON
    CANFLF            -0.015      0.035     -0.444      0.657
    DEMMAL             0.046      0.043      1.067      0.286
    DEMAGE            -0.032      0.046     -0.689      0.491

 CANFLF   WITH
    DEMMAL             0.205      0.029      7.163      0.000
    DEMAGE            -0.222      0.028     -7.780      0.000

 Means
    DEMAGE             0.000      0.031     -0.002      0.999
    DEMMAL             0.000      0.033      0.000      1.000
    CANFLF             0.007      0.002      3.546      0.000

 Variances
    DEMAGE             1.000      0.000    999.000    999.000
    DEMMAL             1.000      0.000    999.000    999.000
    CANFLF             1.000      0.000    999.000    999.000

 Residual Variances
    WASCOM             0.997      0.004    242.684      0.000

Between Level

 WASCOM     ON
    CANFLFBW          -0.026      0.052     -0.489      0.625

 Intercepts
    WASCOM            -0.009      0.054     -0.173      0.863

 Residual Variances
    WASCOM             0.999      0.003    373.752      0.000


R-SQUARE

Within Level

    Observed                                        Two-Tailed
    Variable        Estimate       S.E.  Est./S.E.    P-Value

    WASCOM             0.003      0.004      0.700      0.484

Between Level

    Observed                                        Two-Tailed
    Variable        Estimate       S.E.  Est./S.E.    P-Value

    WASCOM             0.001      0.003      0.244      0.807


QUALITY OF NUMERICAL RESULTS

     Condition Number for the Information Matrix              0.516E-16
       (ratio of smallest to largest eigenvalue)


CONFIDENCE INTERVALS OF MODEL RESULTS

                  Lower .5%  Lower 2.5%    Lower 5%    Estimate    Upper 5%  Upper 2.5%   Upper .5%

Within Level

 WASCOM   ON
    CANFLF          -0.004      -0.003      -0.003      -0.001       0.002       0.002       0.003
    DEMMAL          -0.090      -0.053      -0.035       0.064       0.162       0.181       0.218
    DEMAGE          -0.039      -0.032      -0.028      -0.008       0.011       0.015       0.023

 CANFLF   WITH
    DEMMAL           1.007       1.156       1.232       1.628       2.025       2.101       2.249
    DEMAGE         -12.562     -11.762     -11.353      -9.218      -7.082      -6.673      -5.874

 Means
    DEMAGE          -0.203      -0.154      -0.130       0.000       0.129       0.154       0.203
    DEMMAL          -0.041      -0.031      -0.026       0.000       0.026       0.031       0.041
    CANFLF           0.029       0.049       0.059       0.111       0.162       0.172       0.192

 Variances
    DEMAGE           5.274       5.529       5.659       6.341       7.022       7.152       7.408
    DEMMAL           0.221       0.224       0.225       0.232       0.239       0.240       0.243
    CANFLF         232.048     241.780     246.758     272.755     298.752     303.730     313.462

 Residual Variances
    WASCOM           0.368       0.385       0.393       0.437       0.481       0.490       0.506

Between Level

 WASCOM   ON
    CANFLFBW        -0.006      -0.004      -0.004      -0.001       0.002       0.003       0.004

 Intercepts
    WASCOM          -0.101      -0.078      -0.067      -0.006       0.054       0.066       0.088

 Residual Variances
    WASCOM           0.360       0.385       0.398       0.466       0.534       0.546       0.572


CONFIDENCE INTERVALS OF STANDARDIZED MODEL RESULTS


STDYX Standardization

                  Lower .5%  Lower 2.5%    Lower 5%    Estimate    Upper 5%  Upper 2.5%   Upper .5%

Within Level

 WASCOM   ON
    CANFLF          -0.105      -0.084      -0.073      -0.015       0.042       0.053       0.074
    DEMMAL          -0.066      -0.039      -0.025       0.046       0.118       0.131       0.158
    DEMAGE          -0.150      -0.122      -0.107      -0.032       0.044       0.058       0.087

 CANFLF   WITH
    DEMMAL           0.131       0.149       0.158       0.205       0.252       0.261       0.278
    DEMAGE          -0.295      -0.277      -0.269      -0.222      -0.175      -0.166      -0.148

 Means
    DEMAGE          -0.081      -0.061      -0.051       0.000       0.051       0.061       0.080
    DEMMAL          -0.084      -0.064      -0.054       0.000       0.054       0.064       0.084
    CANFLF           0.002       0.003       0.004       0.007       0.010       0.010       0.012

 Variances
    DEMAGE           1.000       1.000       1.000       1.000       1.000       1.000       1.000
    DEMMAL           1.000       1.000       1.000       1.000       1.000       1.000       1.000
    CANFLF           1.000       1.000       1.000       1.000       1.000       1.000       1.000

 Residual Variances
    WASCOM           0.987       0.989       0.990       0.997       1.004       1.005       1.008

Between Level

 WASCOM   ON
    CANFLFBW        -0.160      -0.128      -0.112      -0.026       0.060       0.077       0.109

 Intercepts
    WASCOM          -0.148      -0.115      -0.098      -0.009       0.079       0.096       0.129

 Residual Variances
    WASCOM           0.992       0.994       0.995       0.999       1.004       1.005       1.006


TECHNICAL 1 OUTPUT


     PARAMETER SPECIFICATION FOR WITHIN


           NU
              WASCOM        DEMAGE        DEMMAL        CANFLF        CANFLFBW
              ________      ________      ________      ________      ________
 1                  0             0             0             0             0


           LAMBDA
              WASCOM        DEMAGE        DEMMAL        CANFLF        CANFLFBW
              ________      ________      ________      ________      ________
 WASCOM             0             0             0             0             0
 DEMAGE             0             0             0             0             0
 DEMMAL             0             0             0             0             0
 CANFLF             0             0             0             0             0
 CANFLFBW           0             0             0             0             0


           THETA
              WASCOM        DEMAGE        DEMMAL        CANFLF        CANFLFBW
              ________      ________      ________      ________      ________
 WASCOM             0
 DEMAGE             0             0
 DEMMAL             0             0             0
 CANFLF             0             0             0             0
 CANFLFBW           0             0             0             0             0


           ALPHA
              WASCOM        DEMAGE        DEMMAL        CANFLF        CANFLFBW
              ________      ________      ________      ________      ________
 1                  0             1             2             3             0


           BETA
              WASCOM        DEMAGE        DEMMAL        CANFLF        CANFLFBW
              ________      ________      ________      ________      ________
 WASCOM             0             4             5             6             0
 DEMAGE             0             0             0             0             0
 DEMMAL             0             0             0             0             0
 CANFLF             0             0             0             0             0
 CANFLFBW           0             0             0             0             0


           PSI
              WASCOM        DEMAGE        DEMMAL        CANFLF        CANFLFBW
              ________      ________      ________      ________      ________
 WASCOM             7
 DEMAGE             0             8
 DEMMAL             0             0             9
 CANFLF             0            10            11            12
 CANFLFBW           0             0             0             0             0


     PARAMETER SPECIFICATION FOR BETWEEN


           NU
              WASCOM        DEMAGE        DEMMAL        CANFLF        CANFLFBW
              ________      ________      ________      ________      ________
 1                  0             0             0             0             0


           LAMBDA
              WASCOM        DEMAGE        DEMMAL        CANFLF        CANFLFBW
              ________      ________      ________      ________      ________
 WASCOM             0             0             0             0             0
 DEMAGE             0             0             0             0             0
 DEMMAL             0             0             0             0             0
 CANFLF             0             0             0             0             0
 CANFLFBW           0             0             0             0             0


           THETA
              WASCOM        DEMAGE        DEMMAL        CANFLF        CANFLFBW
              ________      ________      ________      ________      ________
 WASCOM             0
 DEMAGE             0             0
 DEMMAL             0             0             0
 CANFLF             0             0             0             0
 CANFLFBW           0             0             0             0             0


           ALPHA
              WASCOM        DEMAGE        DEMMAL        CANFLF        CANFLFBW
              ________      ________      ________      ________      ________
 1                 13             0             0             0             0


           BETA
              WASCOM        DEMAGE        DEMMAL        CANFLF        CANFLFBW
              ________      ________      ________      ________      ________
 WASCOM             0             0             0             0            14
 DEMAGE             0             0             0             0             0
 DEMMAL             0             0             0             0             0
 CANFLF             0             0             0             0             0
 CANFLFBW           0             0             0             0             0


           PSI
              WASCOM        DEMAGE        DEMMAL        CANFLF        CANFLFBW
              ________      ________      ________      ________      ________
 WASCOM            15
 DEMAGE             0             0
 DEMMAL             0             0             0
 CANFLF             0             0             0             0
 CANFLFBW           0             0             0             0             0


     STARTING VALUES FOR WITHIN


           NU
              WASCOM        DEMAGE        DEMMAL        CANFLF        CANFLFBW
              ________      ________      ________      ________      ________
 1              0.000         0.000         0.000         0.000         0.000


           LAMBDA
              WASCOM        DEMAGE        DEMMAL        CANFLF        CANFLFBW
              ________      ________      ________      ________      ________
 WASCOM         1.000         0.000         0.000         0.000         0.000
 DEMAGE         0.000         1.000         0.000         0.000         0.000
 DEMMAL         0.000         0.000         1.000         0.000         0.000
 CANFLF         0.000         0.000         0.000         1.000         0.000
 CANFLFBW       0.000         0.000         0.000         0.000         1.000


           THETA
              WASCOM        DEMAGE        DEMMAL        CANFLF        CANFLFBW
              ________      ________      ________      ________      ________
 WASCOM         0.000
 DEMAGE         0.000         0.000
 DEMMAL         0.000         0.000         0.000
 CANFLF         0.000         0.000         0.000         0.000
 CANFLFBW       0.000         0.000         0.000         0.000         0.000


           ALPHA
              WASCOM        DEMAGE        DEMMAL        CANFLF        CANFLFBW
              ________      ________      ________      ________      ________
 1              0.000         0.000         0.000         0.000         0.000


           BETA
              WASCOM        DEMAGE        DEMMAL        CANFLF        CANFLFBW
              ________      ________      ________      ________      ________
 WASCOM         0.000         0.000         0.000         0.000         0.000
 DEMAGE         0.000         0.000         0.000         0.000         0.000
 DEMMAL         0.000         0.000         0.000         0.000         0.000
 CANFLF         0.000         0.000         0.000         0.000         0.000
 CANFLFBW       0.000         0.000         0.000         0.000         0.000


           PSI
              WASCOM        DEMAGE        DEMMAL        CANFLF        CANFLFBW
              ________      ________      ________      ________      ________
 WASCOM         0.457
 DEMAGE         0.000         3.170
 DEMMAL         0.000         0.000         0.116
 CANFLF         0.000         0.000         0.000       138.405
 CANFLFBW       0.000         0.000         0.000         0.000         0.000


     STARTING VALUES FOR BETWEEN


           NU
              WASCOM        DEMAGE        DEMMAL        CANFLF        CANFLFBW
              ________      ________      ________      ________      ________
 1              0.000         0.000         0.000         0.000         0.000


           LAMBDA
              WASCOM        DEMAGE        DEMMAL        CANFLF        CANFLFBW
              ________      ________      ________      ________      ________
 WASCOM         1.000         0.000         0.000         0.000         0.000
 DEMAGE         0.000         1.000         0.000         0.000         0.000
 DEMMAL         0.000         0.000         1.000         0.000         0.000
 CANFLF         0.000         0.000         0.000         1.000         0.000
 CANFLFBW       0.000         0.000         0.000         0.000         1.000


           THETA
              WASCOM        DEMAGE        DEMMAL        CANFLF        CANFLFBW
              ________      ________      ________      ________      ________
 WASCOM         0.000
 DEMAGE         0.000         0.000
 DEMMAL         0.000         0.000         0.000
 CANFLF         0.000         0.000         0.000         0.000
 CANFLFBW       0.000         0.000         0.000         0.000         0.000


           ALPHA
              WASCOM        DEMAGE        DEMMAL        CANFLF        CANFLFBW
              ________      ________      ________      ________      ________
 1             -0.015         0.000         0.000         0.000         0.000


           BETA
              WASCOM        DEMAGE        DEMMAL        CANFLF        CANFLFBW
              ________      ________      ________      ________      ________
 WASCOM         0.000         0.000         0.000         0.000         0.000
 DEMAGE         0.000         0.000         0.000         0.000         0.000
 DEMMAL         0.000         0.000         0.000         0.000         0.000
 CANFLF         0.000         0.000         0.000         0.000         0.000
 CANFLFBW       0.000         0.000         0.000         0.000         0.000


           PSI
              WASCOM        DEMAGE        DEMMAL        CANFLF        CANFLFBW
              ________      ________      ________      ________      ________
 WASCOM         0.457
 DEMAGE         0.000         0.000
 DEMMAL         0.000         0.000         0.000
 CANFLF         0.000         0.000         0.000         0.000
 CANFLFBW       0.000         0.000         0.000         0.000       203.643


SAMPLE STATISTICS FOR ESTIMATED FACTOR SCORES


     SAMPLE STATISTICS


           Means
              B_WASCOM
              ________
 1             -0.015


           Covariances
              B_WASCOM
              ________
 B_WASCOM       0.325


           Correlations
              B_WASCOM
              ________
 B_WASCOM       1.000


PLOT INFORMATION

The following plots are available:

  Histograms (sample values)
  Scatterplots (sample values)

     Beginning Time:  14:26:25
        Ending Time:  14:26:26
       Elapsed Time:  00:00:01



MUTHEN & MUTHEN
3463 Stoner Ave.
Los Angeles, CA  90066

Tel: (310) 391-9971
Fax: (310) 391-8971
Web: www.StatModel.com
Support: Support@StatModel.com

Copyright (c) 1998-2015 Muthen & Muthen
