Mplus VERSION 7.4 (Mac)
MUTHEN & MUTHEN
07/30/2019   2:25 PM

INPUT INSTRUCTIONS


  TITLE: CANF6M_WASDGT_2;

  DATA:
  	FILE = GD190618.csv;

  VARIABLE:
  	NAMES =
  			ID_Fam   Wave     ID_MPL
  			DEMMAL   DEMAGE   DEMHSP   DEMRAC
  			SRPWCR
  			WASVCB   WASBLK   WASDGT   WSISUM
  			TRLATS   TRLBTS
  			CVLASF   CVLASC   CVLALF   CVLALC
  			WASCOM   COGCOM   CVLCOM
  			CANEVR   CANONS   CANFLF
  			CANFTY   CANF6M   CANAC6
  			CANYRS
  			ALCEVR   ALCONS   ALCFLF
  			ALCFTY   ALCF6M   ALCAC6
  			ALCYRS
  			SRPWCRDt WASVCBDt WASBLKDt
  			WASDGTDt WSISUMDt TRLATSDt
  			TRLBTSDt CVLASFDt CVLASCDt
  			CVLALFDt CVLALCDt WASCOMDt
  			COGCOMDt CVLCOMDt
  			COGPGS
  			PC1 PC2 PC3 PC4 PC5 PC6
  		;
  	USEVARIABLES =
  		! outcome
    			WASDGT
    		! covariates
    			DEMAGE
    			DEMMAL  		
    		! within predictor
    			CANF6M
    		! between predictor
    			CANF6MBW
    		;
    	USEOBSERVATION =
    			(Wave EQ 2 AND WASDGTDt EQ 1)
    		;
    	CLUSTER =
    			ID_Fam
    		;
    	MISSING = .;
    	BETWEEN =   		
    			CANF6MBW
    		;
    	WITHIN  		
    			CANF6M
    			DEMAGE
    			DEMMAL
    		;  		

  DEFINE:
  	! CREATE BW FAM PREDICTOR
  		CANF6MBW = cluster_mean (CANF6M);
  	! CENTER WI FAM VARIABLES
  		CENTER CANF6M (GROUPMEAN);
  		CENTER DEMMAL (GRANDMEAN);
  		CENTER DEMAGE (GRANDMEAN);
  	! CENTER BW FAM VARIABLES
  		CENTER CANF6MBW (GRANDMEAN);

  ANALYSIS:
          ITERATIONS = 1000000;
          TYPE = TWOLEVEL RANDOM;
          ALGORITHM = INTEGRATION;

  OUTPUT:
  	SAMPSTAT STDYX TECH1 CINT;

  MODEL:
  %WITHIN%
  	WASDGT on CANF6M;
  	WASDGT on  DEMMAL DEMAGE;	
  	WASDGT*;
  	CANF6M WITH DEMMAL*;
  	CANF6M WITH DEMAGE*;

  %BETWEEN%
  	WASDGT on CANF6MBW;
  	WASDGT*;

  PLOT:
  	TYPE = plot3;



INPUT READING TERMINATED NORMALLY



CANF6M_WASDGT_2;

SUMMARY OF ANALYSIS

Number of groups                                                 1
Number of observations                                         425

Number of dependent variables                                    1
Number of independent variables                                  4
Number of continuous latent variables                            0

Observed dependent variables

  Continuous
   WASDGT

Observed independent variables
   DEMAGE      DEMMAL      CANF6M      CANF6MBW

Variables with special functions

  Cluster variable      ID_FAM

  Within variables
   DEMAGE      DEMMAL      CANF6M

  Between variables
   CANF6MBW

  Centering (GRANDMEAN)
   DEMMAL      DEMAGE      CANF6MBW

  Centering (GROUPMEAN)
   CANF6M


Estimator                                                      MLR
Information matrix                                        OBSERVED
Optimization Specifications for the Quasi-Newton Algorithm for
Continuous Outcomes
  Maximum number of iterations                             1000000
  Convergence criterion                                  0.100D-05
Optimization Specifications for the EM Algorithm
  Maximum number of iterations                                 500
  Convergence criteria
    Loglikelihood change                                 0.100D-02
    Relative loglikelihood change                        0.100D-05
    Derivative                                           0.100D-02
Optimization Specifications for the M step of the EM Algorithm for
Categorical Latent variables
  Number of M step iterations                                    1
  M step convergence criterion                           0.100D-02
  Basis for M step termination                           ITERATION
Optimization Specifications for the M step of the EM Algorithm for
Censored, Binary or Ordered Categorical (Ordinal), Unordered
Categorical (Nominal) and Count Outcomes
  Number of M step iterations                                    1
  M step convergence criterion                           0.100D-02
  Basis for M step termination                           ITERATION
  Maximum value for logit thresholds                            15
  Minimum value for logit thresholds                           -15
  Minimum expected cell size for chi-square              0.100D-01
Maximum number of iterations for H1                           2000
Convergence criterion for H1                             0.100D-03
Optimization algorithm                                         EMA
Integration Specifications
  Type                                                    STANDARD
  Number of integration points                                  15
  Dimensions of numerical integration                            0
  Adaptive quadrature                                           ON
Cholesky                                                       OFF

Input data file(s)
  GD190618.csv
Input data format  FREE


SUMMARY OF DATA

     Number of missing data patterns             3
     Number of clusters                        227



COVARIANCE COVERAGE OF DATA

Minimum covariance coverage value   0.100


     PROPORTION OF DATA PRESENT FOR Y


           Covariance Coverage
              WASDGT        DEMAGE        DEMMAL        CANF6M        CANF6MBW
              ________      ________      ________      ________      ________
 WASDGT         0.842
 DEMAGE         0.842         0.998
 DEMMAL         0.842         0.998         0.998
 CANF6M         0.842         0.998         0.998         1.000
 CANF6MBW       0.842         0.998         0.998         1.000         1.000


SAMPLE STATISTICS


     ESTIMATED SAMPLE STATISTICS


           Means
              WASDGT        DEMAGE        DEMMAL        CANF6M        CANF6MBW
              ________      ________      ________      ________      ________
 1             10.149         0.001         0.000         0.000         0.000


           Covariances
              WASDGT        DEMAGE        DEMMAL        CANF6M        CANF6MBW
              ________      ________      ________      ________      ________
 WASDGT         7.456
 DEMAGE         0.226         8.686
 DEMMAL         0.131        -0.174         0.248
 CANF6M        -0.112        -1.420         0.465        49.886
 CANF6MBW       3.573        -1.949         0.865         0.000        85.133


           Correlations
              WASDGT        DEMAGE        DEMMAL        CANF6M        CANF6MBW
              ________      ________      ________      ________      ________
 WASDGT         1.000
 DEMAGE         0.028         1.000
 DEMMAL         0.096        -0.119         1.000
 CANF6M        -0.006        -0.068         0.132         1.000
 CANF6MBW       0.142        -0.072         0.188         0.000         1.000


     MAXIMUM LOG-LIKELIHOOD VALUE FOR THE UNRESTRICTED (H1) MODEL IS -5193.947


UNIVARIATE SAMPLE STATISTICS


     UNIVARIATE HIGHER-ORDER MOMENT DESCRIPTIVE STATISTICS

         Variable/         Mean/     Skewness/   Minimum/ % with                Percentiles
        Sample Size      Variance    Kurtosis    Maximum  Min/Max      20%/60%    40%/80%    Median

     WASDGT               10.151       0.523       3.000    0.28%       8.000      9.000     10.000
             358.000       7.463       0.289      19.000    0.56%      10.000     12.000
     DEMAGE                0.000       1.017      -5.608    0.24%      -2.468     -0.978     -0.303
             424.000       8.686       2.157      15.562    0.24%       0.262      2.102
     DEMMAL                0.000      -0.190      -0.547   45.28%      -0.547     -0.547      0.453
             424.000       0.248      -1.964       0.453   54.72%       0.453      0.453
     CANF6M                0.000       0.165     -15.000    3.53%      -2.223      0.000      0.000
             425.000      49.886       0.968      20.000    0.47%       0.000      1.665
     CANF6MBW              0.226       1.033      -7.668   26.87%      -7.668     -7.168     -5.583
             227.000      92.723      -0.106      22.332    6.61%       0.247      7.332

     THE STANDARD ERRORS OF THE MODEL PARAMETER ESTIMATES MAY NOT BE
     TRUSTWORTHY FOR SOME PARAMETERS DUE TO A NON-POSITIVE DEFINITE
     FIRST-ORDER DERIVATIVE PRODUCT MATRIX.  THIS MAY BE DUE TO THE STARTING
     VALUES BUT MAY ALSO BE AN INDICATION OF MODEL NONIDENTIFICATION.  THE
     CONDITION NUMBER IS       0.599D-16.  PROBLEM INVOLVING THE FOLLOWING PARAMETER:
     Parameter 3, %WITHIN%: [ CANF6M ]


THE MODEL ESTIMATION TERMINATED NORMALLY



MODEL FIT INFORMATION

Number of Free Parameters                       15

Loglikelihood

          H0 Value                       -3640.831
          H0 Scaling Correction Factor      1.0425
            for MLR

Information Criteria

          Akaike (AIC)                    7311.662
          Bayesian (BIC)                  7372.443
          Sample-Size Adjusted BIC        7324.843
            (n* = (n + 2) / 24)



MODEL RESULTS

                                                    Two-Tailed
                    Estimate       S.E.  Est./S.E.    P-Value

Within Level

 WASDGT     ON
    CANF6M            -0.008      0.017     -0.496      0.620
    DEMMAL             0.294      0.269      1.094      0.274
    DEMAGE             0.038      0.039      0.968      0.333

 CANF6M   WITH
    DEMMAL             0.443      0.151      2.925      0.003
    DEMAGE            -1.108      0.858     -1.291      0.197

 Means
    DEMAGE             0.000      0.155      0.003      0.998
    DEMMAL             0.000      0.026     -0.007      0.995
    CANF6M             0.000      0.000      7.649      0.000

 Variances
    DEMAGE             8.686      0.860     10.100      0.000
    DEMMAL             0.248      0.002    100.499      0.000
    CANF6M            49.806      5.743      8.672      0.000

 Residual Variances
    WASDGT             3.964      0.404      9.812      0.000

Between Level

 WASDGT     ON
    CANF6MBW           0.038      0.019      2.073      0.038

 Intercepts
    WASDGT            10.180      0.170     59.957      0.000

 Residual Variances
    WASDGT             3.371      0.643      5.241      0.000


STANDARDIZED MODEL RESULTS


STDYX Standardization

                                                    Two-Tailed
                    Estimate       S.E.  Est./S.E.    P-Value

Within Level

 WASDGT     ON
    CANF6M            -0.029      0.059     -0.496      0.620
    DEMMAL             0.073      0.066      1.102      0.271
    DEMAGE             0.055      0.057      0.967      0.333

 CANF6M   WITH
    DEMMAL             0.126      0.041      3.081      0.002
    DEMAGE            -0.053      0.041     -1.295      0.195

 Means
    DEMAGE             0.000      0.053      0.003      0.998
    DEMMAL             0.000      0.052     -0.007      0.995
    CANF6M             0.000      0.000     11.504      0.000

 Variances
    DEMAGE             1.000      0.000    999.000    999.000
    DEMMAL             1.000      0.000    999.000    999.000
    CANF6M             1.000      0.000    999.000    999.000

 Residual Variances
    WASDGT             0.991      0.012     81.542      0.000

Between Level

 WASDGT     ON
    CANF6MBW           0.197      0.094      2.102      0.036

 Intercepts
    WASDGT             5.436      0.494     10.995      0.000

 Residual Variances
    WASDGT             0.961      0.037     25.902      0.000


R-SQUARE

Within Level

    Observed                                        Two-Tailed
    Variable        Estimate       S.E.  Est./S.E.    P-Value

    WASDGT             0.009      0.012      0.734      0.463

Between Level

    Observed                                        Two-Tailed
    Variable        Estimate       S.E.  Est./S.E.    P-Value

    WASDGT             0.039      0.037      1.051      0.293


QUALITY OF NUMERICAL RESULTS

     Condition Number for the Information Matrix              0.599E-16
       (ratio of smallest to largest eigenvalue)


CONFIDENCE INTERVALS OF MODEL RESULTS

                  Lower .5%  Lower 2.5%    Lower 5%    Estimate    Upper 5%  Upper 2.5%   Upper .5%

Within Level

 WASDGT   ON
    CANF6M          -0.052      -0.041      -0.036      -0.008       0.019       0.025       0.035
    DEMMAL          -0.399      -0.233      -0.148       0.294       0.736       0.821       0.987
    DEMAGE          -0.062      -0.038      -0.026       0.038       0.101       0.114       0.138

 CANF6M   WITH
    DEMMAL           0.053       0.146       0.194       0.443       0.692       0.740       0.833
    DEMAGE          -3.319      -2.790      -2.520      -1.108       0.304       0.574       1.102

 Means
    DEMAGE          -0.399      -0.304      -0.255       0.000       0.256       0.304       0.400
    DEMMAL          -0.067      -0.051      -0.043       0.000       0.043       0.051       0.067
    CANF6M           0.000       0.000       0.000       0.000       0.000       0.000       0.000

 Variances
    DEMAGE           6.471       7.000       7.271       8.686      10.101      10.372      10.901
    DEMMAL           0.241       0.243       0.244       0.248       0.252       0.253       0.254
    CANF6M          35.013      38.549      40.359      49.806      59.254      61.063      64.600

 Residual Variances
    WASDGT           2.923       3.172       3.299       3.964       4.628       4.756       5.004

Between Level

 WASDGT   ON
    CANF6MBW        -0.009       0.002       0.008       0.038       0.069       0.075       0.086

 Intercepts
    WASDGT           9.742       9.847       9.900      10.180      10.459      10.513      10.617

 Residual Variances
    WASDGT           1.714       2.110       2.313       3.371       4.429       4.631       5.027


CONFIDENCE INTERVALS OF STANDARDIZED MODEL RESULTS


STDYX Standardization

                  Lower .5%  Lower 2.5%    Lower 5%    Estimate    Upper 5%  Upper 2.5%   Upper .5%

Within Level

 WASDGT   ON
    CANF6M          -0.183      -0.146      -0.127      -0.029       0.068       0.087       0.124
    DEMMAL          -0.098      -0.057      -0.036       0.073       0.182       0.203       0.244
    DEMAGE          -0.092      -0.057      -0.039       0.055       0.150       0.168       0.203

 CANF6M   WITH
    DEMMAL           0.021       0.046       0.059       0.126       0.193       0.206       0.231
    DEMAGE          -0.159      -0.134      -0.121      -0.053       0.014       0.027       0.053

 Means
    DEMAGE          -0.135      -0.103      -0.086       0.000       0.087       0.103       0.136
    DEMMAL          -0.136      -0.103      -0.087       0.000       0.086       0.103       0.135
    CANF6M           0.000       0.000       0.000       0.000       0.000       0.000       0.000

 Variances
    DEMAGE           1.000       1.000       1.000       1.000       1.000       1.000       1.000
    DEMMAL           1.000       1.000       1.000       1.000       1.000       1.000       1.000
    CANF6M           1.000       1.000       1.000       1.000       1.000       1.000       1.000

 Residual Variances
    WASDGT           0.960       0.967       0.971       0.991       1.011       1.015       1.022

Between Level

 WASDGT   ON
    CANF6MBW        -0.044       0.013       0.043       0.197       0.352       0.382       0.439

 Intercepts
    WASDGT           4.162       4.467       4.622       5.436       6.249       6.405       6.709

 Residual Variances
    WASDGT           0.865       0.888       0.900       0.961       1.022       1.034       1.057


TECHNICAL 1 OUTPUT


     PARAMETER SPECIFICATION FOR WITHIN


           NU
              WASDGT        DEMAGE        DEMMAL        CANF6M        CANF6MBW
              ________      ________      ________      ________      ________
 1                  0             0             0             0             0


           LAMBDA
              WASDGT        DEMAGE        DEMMAL        CANF6M        CANF6MBW
              ________      ________      ________      ________      ________
 WASDGT             0             0             0             0             0
 DEMAGE             0             0             0             0             0
 DEMMAL             0             0             0             0             0
 CANF6M             0             0             0             0             0
 CANF6MBW           0             0             0             0             0


           THETA
              WASDGT        DEMAGE        DEMMAL        CANF6M        CANF6MBW
              ________      ________      ________      ________      ________
 WASDGT             0
 DEMAGE             0             0
 DEMMAL             0             0             0
 CANF6M             0             0             0             0
 CANF6MBW           0             0             0             0             0


           ALPHA
              WASDGT        DEMAGE        DEMMAL        CANF6M        CANF6MBW
              ________      ________      ________      ________      ________
 1                  0             1             2             3             0


           BETA
              WASDGT        DEMAGE        DEMMAL        CANF6M        CANF6MBW
              ________      ________      ________      ________      ________
 WASDGT             0             4             5             6             0
 DEMAGE             0             0             0             0             0
 DEMMAL             0             0             0             0             0
 CANF6M             0             0             0             0             0
 CANF6MBW           0             0             0             0             0


           PSI
              WASDGT        DEMAGE        DEMMAL        CANF6M        CANF6MBW
              ________      ________      ________      ________      ________
 WASDGT             7
 DEMAGE             0             8
 DEMMAL             0             0             9
 CANF6M             0            10            11            12
 CANF6MBW           0             0             0             0             0


     PARAMETER SPECIFICATION FOR BETWEEN


           NU
              WASDGT        DEMAGE        DEMMAL        CANF6M        CANF6MBW
              ________      ________      ________      ________      ________
 1                  0             0             0             0             0


           LAMBDA
              WASDGT        DEMAGE        DEMMAL        CANF6M        CANF6MBW
              ________      ________      ________      ________      ________
 WASDGT             0             0             0             0             0
 DEMAGE             0             0             0             0             0
 DEMMAL             0             0             0             0             0
 CANF6M             0             0             0             0             0
 CANF6MBW           0             0             0             0             0


           THETA
              WASDGT        DEMAGE        DEMMAL        CANF6M        CANF6MBW
              ________      ________      ________      ________      ________
 WASDGT             0
 DEMAGE             0             0
 DEMMAL             0             0             0
 CANF6M             0             0             0             0
 CANF6MBW           0             0             0             0             0


           ALPHA
              WASDGT        DEMAGE        DEMMAL        CANF6M        CANF6MBW
              ________      ________      ________      ________      ________
 1                 13             0             0             0             0


           BETA
              WASDGT        DEMAGE        DEMMAL        CANF6M        CANF6MBW
              ________      ________      ________      ________      ________
 WASDGT             0             0             0             0            14
 DEMAGE             0             0             0             0             0
 DEMMAL             0             0             0             0             0
 CANF6M             0             0             0             0             0
 CANF6MBW           0             0             0             0             0


           PSI
              WASDGT        DEMAGE        DEMMAL        CANF6M        CANF6MBW
              ________      ________      ________      ________      ________
 WASDGT            15
 DEMAGE             0             0
 DEMMAL             0             0             0
 CANF6M             0             0             0             0
 CANF6MBW           0             0             0             0             0


     STARTING VALUES FOR WITHIN


           NU
              WASDGT        DEMAGE        DEMMAL        CANF6M        CANF6MBW
              ________      ________      ________      ________      ________
 1              0.000         0.000         0.000         0.000         0.000


           LAMBDA
              WASDGT        DEMAGE        DEMMAL        CANF6M        CANF6MBW
              ________      ________      ________      ________      ________
 WASDGT         1.000         0.000         0.000         0.000         0.000
 DEMAGE         0.000         1.000         0.000         0.000         0.000
 DEMMAL         0.000         0.000         1.000         0.000         0.000
 CANF6M         0.000         0.000         0.000         1.000         0.000
 CANF6MBW       0.000         0.000         0.000         0.000         1.000


           THETA
              WASDGT        DEMAGE        DEMMAL        CANF6M        CANF6MBW
              ________      ________      ________      ________      ________
 WASDGT         0.000
 DEMAGE         0.000         0.000
 DEMMAL         0.000         0.000         0.000
 CANF6M         0.000         0.000         0.000         0.000
 CANF6MBW       0.000         0.000         0.000         0.000         0.000


           ALPHA
              WASDGT        DEMAGE        DEMMAL        CANF6M        CANF6MBW
              ________      ________      ________      ________      ________
 1              0.000         0.000         0.000         0.000         0.000


           BETA
              WASDGT        DEMAGE        DEMMAL        CANF6M        CANF6MBW
              ________      ________      ________      ________      ________
 WASDGT         0.000         0.000         0.000         0.000         0.000
 DEMAGE         0.000         0.000         0.000         0.000         0.000
 DEMMAL         0.000         0.000         0.000         0.000         0.000
 CANF6M         0.000         0.000         0.000         0.000         0.000
 CANF6MBW       0.000         0.000         0.000         0.000         0.000


           PSI
              WASDGT        DEMAGE        DEMMAL        CANF6M        CANF6MBW
              ________      ________      ________      ________      ________
 WASDGT         3.732
 DEMAGE         0.000         4.343
 DEMMAL         0.000         0.000         0.124
 CANF6M         0.000         0.000         0.000        24.943
 CANF6MBW       0.000         0.000         0.000         0.000         0.000


     STARTING VALUES FOR BETWEEN


           NU
              WASDGT        DEMAGE        DEMMAL        CANF6M        CANF6MBW
              ________      ________      ________      ________      ________
 1              0.000         0.000         0.000         0.000         0.000


           LAMBDA
              WASDGT        DEMAGE        DEMMAL        CANF6M        CANF6MBW
              ________      ________      ________      ________      ________
 WASDGT         1.000         0.000         0.000         0.000         0.000
 DEMAGE         0.000         1.000         0.000         0.000         0.000
 DEMMAL         0.000         0.000         1.000         0.000         0.000
 CANF6M         0.000         0.000         0.000         1.000         0.000
 CANF6MBW       0.000         0.000         0.000         0.000         1.000


           THETA
              WASDGT        DEMAGE        DEMMAL        CANF6M        CANF6MBW
              ________      ________      ________      ________      ________
 WASDGT         0.000
 DEMAGE         0.000         0.000
 DEMMAL         0.000         0.000         0.000
 CANF6M         0.000         0.000         0.000         0.000
 CANF6MBW       0.000         0.000         0.000         0.000         0.000


           ALPHA
              WASDGT        DEMAGE        DEMMAL        CANF6M        CANF6MBW
              ________      ________      ________      ________      ________
 1             10.151         0.000         0.000         0.000         0.000


           BETA
              WASDGT        DEMAGE        DEMMAL        CANF6M        CANF6MBW
              ________      ________      ________      ________      ________
 WASDGT         0.000         0.000         0.000         0.000         0.000
 DEMAGE         0.000         0.000         0.000         0.000         0.000
 DEMMAL         0.000         0.000         0.000         0.000         0.000
 CANF6M         0.000         0.000         0.000         0.000         0.000
 CANF6MBW       0.000         0.000         0.000         0.000         0.000


           PSI
              WASDGT        DEMAGE        DEMMAL        CANF6M        CANF6MBW
              ________      ________      ________      ________      ________
 WASDGT         3.732
 DEMAGE         0.000         0.000
 DEMMAL         0.000         0.000         0.000
 CANF6M         0.000         0.000         0.000         0.000
 CANF6MBW       0.000         0.000         0.000         0.000        42.567


SAMPLE STATISTICS FOR ESTIMATED FACTOR SCORES


     SAMPLE STATISTICS


           Means
              B_WASDGT
              ________
 1             10.156


           Covariances
              B_WASDGT
              ________
 B_WASDGT       1.903


           Correlations
              B_WASDGT
              ________
 B_WASDGT       1.000


PLOT INFORMATION

The following plots are available:

  Histograms (sample values)
  Scatterplots (sample values)

     Beginning Time:  14:25:53
        Ending Time:  14:25:54
       Elapsed Time:  00:00:01



MUTHEN & MUTHEN
3463 Stoner Ave.
Los Angeles, CA  90066

Tel: (310) 391-9971
Fax: (310) 391-8971
Web: www.StatModel.com
Support: Support@StatModel.com

Copyright (c) 1998-2015 Muthen & Muthen
