Mplus VERSION 7.4 (Mac)
MUTHEN & MUTHEN
07/30/2019   2:25 PM

INPUT INSTRUCTIONS


  TITLE: CANF6M_CVLALC_1;

  DATA:
  	FILE = GD190618.csv;

  VARIABLE:
  	NAMES =
  			ID_Fam   Wave     ID_MPL
  			DEMMAL   DEMAGE   DEMHSP   DEMRAC
  			SRPWCR
  			WASVCB   WASBLK   WASDGT   WSISUM
  			TRLATS   TRLBTS
  			CVLASF   CVLASC   CVLALF   CVLALC
  			WASCOM   COGCOM   CVLCOM
  			CANEVR   CANONS   CANFLF
  			CANFTY   CANF6M   CANAC6
  			CANYRS
  			ALCEVR   ALCONS   ALCFLF
  			ALCFTY   ALCF6M   ALCAC6
  			ALCYRS
  			SRPWCRDt WASVCBDt WASBLKDt
  			WASDGTDt WSISUMDt TRLATSDt
  			TRLBTSDt CVLASFDt CVLASCDt
  			CVLALFDt CVLALCDt WASCOMDt
  			COGCOMDt CVLCOMDt
  			COGPGS
  			PC1 PC2 PC3 PC4 PC5 PC6
  		;
  	USEVARIABLES =
  		! outcome
    			CVLALC
    		! covariates
    			DEMAGE
    			DEMMAL  		
    		! within predictor
    			CANF6M
    		! between predictor
    			CANF6MBW
    		;
    	USEOBSERVATION =
    			(Wave EQ 1 AND CVLALCDt EQ 1)
    		;
    	CLUSTER =
    			ID_Fam
    		;
    	MISSING = .;
    	BETWEEN =   		
    			CANF6MBW
    		;
    	WITHIN  		
    			CANF6M
    			DEMAGE
    			DEMMAL
    		;  		

  DEFINE:
  	! CREATE BW FAM PREDICTOR
  		CANF6MBW = cluster_mean (CANF6M);
  	! CENTER WI FAM VARIABLES
  		CENTER CANF6M (GROUPMEAN);
  		CENTER DEMMAL (GRANDMEAN);
  		CENTER DEMAGE (GRANDMEAN);
  	! CENTER BW FAM VARIABLES
  		CENTER CANF6MBW (GRANDMEAN);

  ANALYSIS:
          ITERATIONS = 1000000;
          TYPE = TWOLEVEL RANDOM;
          ALGORITHM = INTEGRATION;

  OUTPUT:
  	SAMPSTAT STDYX TECH1 CINT;

  MODEL:
  %WITHIN%
  	CVLALC on CANF6M;
  	CVLALC on  DEMMAL DEMAGE;	
  	CVLALC*;
  	CANF6M WITH DEMMAL*;
  	CANF6M WITH DEMAGE*;

  %BETWEEN%
  	CVLALC on CANF6MBW;
  	CVLALC*;

  PLOT:
  	TYPE = plot3;



*** WARNING
  Data set contains cases with missing on all variables except
  x-variables.  These cases were not included in the analysis.
  Number of cases with missing on all variables except x-variables:  1
   1 WARNING(S) FOUND IN THE INPUT INSTRUCTIONS



CANF6M_CVLALC_1;

SUMMARY OF ANALYSIS

Number of groups                                                 1
Number of observations                                         489

Number of dependent variables                                    1
Number of independent variables                                  4
Number of continuous latent variables                            0

Observed dependent variables

  Continuous
   CVLALC

Observed independent variables
   DEMAGE      DEMMAL      CANF6M      CANF6MBW

Variables with special functions

  Cluster variable      ID_FAM

  Within variables
   DEMAGE      DEMMAL      CANF6M

  Between variables
   CANF6MBW

  Centering (GRANDMEAN)
   DEMMAL      DEMAGE      CANF6MBW

  Centering (GROUPMEAN)
   CANF6M


Estimator                                                      MLR
Information matrix                                        OBSERVED
Optimization Specifications for the Quasi-Newton Algorithm for
Continuous Outcomes
  Maximum number of iterations                             1000000
  Convergence criterion                                  0.100D-05
Optimization Specifications for the EM Algorithm
  Maximum number of iterations                                 500
  Convergence criteria
    Loglikelihood change                                 0.100D-02
    Relative loglikelihood change                        0.100D-05
    Derivative                                           0.100D-02
Optimization Specifications for the M step of the EM Algorithm for
Categorical Latent variables
  Number of M step iterations                                    1
  M step convergence criterion                           0.100D-02
  Basis for M step termination                           ITERATION
Optimization Specifications for the M step of the EM Algorithm for
Censored, Binary or Ordered Categorical (Ordinal), Unordered
Categorical (Nominal) and Count Outcomes
  Number of M step iterations                                    1
  M step convergence criterion                           0.100D-02
  Basis for M step termination                           ITERATION
  Maximum value for logit thresholds                            15
  Minimum value for logit thresholds                           -15
  Minimum expected cell size for chi-square              0.100D-01
Maximum number of iterations for H1                           2000
Convergence criterion for H1                             0.100D-03
Optimization algorithm                                         EMA
Integration Specifications
  Type                                                    STANDARD
  Number of integration points                                  15
  Dimensions of numerical integration                            0
  Adaptive quadrature                                           ON
Cholesky                                                       OFF

Input data file(s)
  GD190618.csv
Input data format  FREE


SUMMARY OF DATA

     Number of missing data patterns             3
     Number of clusters                        244



COVARIANCE COVERAGE OF DATA

Minimum covariance coverage value   0.100


     PROPORTION OF DATA PRESENT FOR Y


           Covariance Coverage
              CVLALC        DEMAGE        DEMMAL        CANF6M        CANF6MBW
              ________      ________      ________      ________      ________
 CVLALC         0.998
 DEMAGE         0.996         0.998
 DEMMAL         0.998         0.998         1.000
 CANF6M         0.998         0.998         1.000         1.000
 CANF6MBW       0.998         0.998         1.000         1.000         1.000


SAMPLE STATISTICS


     ESTIMATED SAMPLE STATISTICS


           Means
              CVLALC        DEMAGE        DEMMAL        CANF6M        CANF6MBW
              ________      ________      ________      ________      ________
 1             -0.295         0.001         0.000         0.000         0.000


           Covariances
              CVLALC        DEMAGE        DEMMAL        CANF6M        CANF6MBW
              ________      ________      ________      ________      ________
 CVLALC         0.972
 DEMAGE        -0.033         6.010
 DEMMAL        -0.080        -0.132         0.247
 CANF6M        -0.826        -2.322         0.275        43.461
 CANF6MBW      -0.544         0.198         0.483         0.000        70.404


           Correlations
              CVLALC        DEMAGE        DEMMAL        CANF6M        CANF6MBW
              ________      ________      ________      ________      ________
 CVLALC         1.000
 DEMAGE        -0.014         1.000
 DEMMAL        -0.163        -0.108         1.000
 CANF6M        -0.127        -0.144         0.084         1.000
 CANF6MBW      -0.066         0.010         0.116         0.000         1.000


     MAXIMUM LOG-LIKELIHOOD VALUE FOR THE UNRESTRICTED (H1) MODEL IS -5494.205


UNIVARIATE SAMPLE STATISTICS


     UNIVARIATE HIGHER-ORDER MOMENT DESCRIPTIVE STATISTICS

         Variable/         Mean/     Skewness/   Minimum/ % with                Percentiles
        Sample Size      Variance    Kurtosis    Maximum  Min/Max      20%/60%    40%/80%    Median

     CVLALC               -0.295      -1.220      -5.000    0.82%      -1.000     -0.500     -0.500
             488.000       0.972       3.724       1.500    2.87%       0.000      0.500
     DEMAGE                0.000       1.646      -3.804    0.20%      -1.924     -0.974     -0.534
             488.000       6.010       4.211      15.296    0.20%      -0.094      1.316
     DEMMAL                0.000      -0.218      -0.554   44.58%      -0.554     -0.554      0.446
             489.000       0.247      -1.952       0.446   55.42%       0.446      0.446
     CANF6M                0.000       0.041     -15.000    2.45%      -4.000     -0.085      0.000
             489.000      43.461       0.707      19.780    0.20%       0.000      4.000
     CANF6MBW              0.146       1.178      -7.229   16.39%      -7.144     -5.564     -3.144
             244.000      73.870       0.471      22.771    4.51%      -0.729      7.771

     THE STANDARD ERRORS OF THE MODEL PARAMETER ESTIMATES MAY NOT BE
     TRUSTWORTHY FOR SOME PARAMETERS DUE TO A NON-POSITIVE DEFINITE
     FIRST-ORDER DERIVATIVE PRODUCT MATRIX.  THIS MAY BE DUE TO THE STARTING
     VALUES BUT MAY ALSO BE AN INDICATION OF MODEL NONIDENTIFICATION.  THE
     CONDITION NUMBER IS      -0.353D-16.  PROBLEM INVOLVING THE FOLLOWING PARAMETER:
     Parameter 3, %WITHIN%: [ CANF6M ]


THE MODEL ESTIMATION TERMINATED NORMALLY



MODEL FIT INFORMATION

Number of Free Parameters                       15

Loglikelihood

          H0 Value                       -3763.660
          H0 Scaling Correction Factor      1.4071
            for MLR

Information Criteria

          Akaike (AIC)                    7557.321
          Bayesian (BIC)                  7620.206
          Sample-Size Adjusted BIC        7572.597
            (n* = (n + 2) / 24)



MODEL RESULTS

                                                    Two-Tailed
                    Estimate       S.E.  Est./S.E.    P-Value

Within Level

 CVLALC     ON
    CANF6M            -0.018      0.006     -3.039      0.002
    DEMMAL            -0.296      0.088     -3.355      0.001
    DEMAGE            -0.012      0.018     -0.699      0.484

 CANF6M   WITH
    DEMMAL             0.226      0.136      1.670      0.095
    DEMAGE            -2.199      0.714     -3.080      0.002

 Means
    DEMAGE             0.000      0.109      0.004      0.997
    DEMMAL             0.000      0.025      0.000      1.000
    CANF6M             0.000      0.000      0.080      0.936

 Variances
    DEMAGE             6.010      0.654      9.184      0.000
    DEMMAL             0.247      0.003     90.990      0.000
    CANF6M            43.373      4.530      9.575      0.000

 Residual Variances
    CVLALC             0.774      0.103      7.541      0.000

Between Level

 CVLALC     ON
    CANF6MBW          -0.005      0.006     -0.905      0.365

 Intercepts
    CVLALC            -0.298      0.048     -6.238      0.000

 Residual Variances
    CVLALC             0.160      0.123      1.300      0.194


STANDARDIZED MODEL RESULTS


STDYX Standardization

                                                    Two-Tailed
                    Estimate       S.E.  Est./S.E.    P-Value

Within Level

 CVLALC     ON
    CANF6M            -0.130      0.043     -3.050      0.002
    DEMMAL            -0.163      0.045     -3.611      0.000
    DEMAGE            -0.034      0.048     -0.702      0.483

 CANF6M   WITH
    DEMMAL             0.069      0.041      1.690      0.091
    DEMAGE            -0.136      0.041     -3.346      0.001

 Means
    DEMAGE             0.000      0.044      0.004      0.997
    DEMMAL             0.000      0.050      0.000      1.000
    CANF6M             0.000      0.000      0.080      0.936

 Variances
    DEMAGE             1.000      0.000    999.000    999.000
    DEMMAL             1.000      0.000    999.000    999.000
    CANF6M             1.000      0.000    999.000    999.000

 Residual Variances
    CVLALC             0.953      0.019     49.793      0.000

Between Level

 CVLALC     ON
    CANF6MBW          -0.117      0.120     -0.970      0.332

 Intercepts
    CVLALC            -0.739      0.261     -2.825      0.005

 Residual Variances
    CVLALC             0.986      0.028     35.049      0.000


R-SQUARE

Within Level

    Observed                                        Two-Tailed
    Variable        Estimate       S.E.  Est./S.E.    P-Value

    CVLALC             0.047      0.019      2.433      0.015

Between Level

    Observed                                        Two-Tailed
    Variable        Estimate       S.E.  Est./S.E.    P-Value

    CVLALC             0.014      0.028      0.485      0.628


QUALITY OF NUMERICAL RESULTS

     Condition Number for the Information Matrix             -0.353E-16
       (ratio of smallest to largest eigenvalue)


CONFIDENCE INTERVALS OF MODEL RESULTS

                  Lower .5%  Lower 2.5%    Lower 5%    Estimate    Upper 5%  Upper 2.5%   Upper .5%

Within Level

 CVLALC   ON
    CANF6M          -0.033      -0.029      -0.028      -0.018      -0.008      -0.006      -0.003
    DEMMAL          -0.523      -0.469      -0.441      -0.296      -0.151      -0.123      -0.069
    DEMAGE          -0.058      -0.047      -0.042      -0.012       0.017       0.022       0.033

 CANF6M   WITH
    DEMMAL          -0.123      -0.039       0.003       0.226       0.449       0.492       0.576
    DEMAGE          -4.037      -3.598      -3.373      -2.199      -1.025      -0.800      -0.360

 Means
    DEMAGE          -0.280      -0.213      -0.179       0.000       0.180       0.214       0.281
    DEMMAL          -0.065      -0.049      -0.041       0.000       0.041       0.049       0.065
    CANF6M           0.000       0.000       0.000       0.000       0.000       0.000       0.000

 Variances
    DEMAGE           4.324       4.727       4.933       6.010       7.086       7.293       7.696
    DEMMAL           0.240       0.242       0.243       0.247       0.252       0.252       0.254
    CANF6M          31.706      34.495      35.922      43.373      50.825      52.251      55.041

 Residual Variances
    CVLALC           0.509       0.573       0.605       0.774       0.943       0.975       1.038

Between Level

 CVLALC   ON
    CANF6MBW        -0.021      -0.017      -0.015      -0.005       0.004       0.006       0.010

 Intercepts
    CVLALC          -0.421      -0.392      -0.376      -0.298      -0.219      -0.204      -0.175

 Residual Variances
    CVLALC          -0.158      -0.082      -0.043       0.160       0.364       0.402       0.479


CONFIDENCE INTERVALS OF STANDARDIZED MODEL RESULTS


STDYX Standardization

                  Lower .5%  Lower 2.5%    Lower 5%    Estimate    Upper 5%  Upper 2.5%   Upper .5%

Within Level

 CVLALC   ON
    CANF6M          -0.241      -0.214      -0.201      -0.130      -0.060      -0.047      -0.020
    DEMMAL          -0.280      -0.252      -0.238      -0.163      -0.089      -0.075      -0.047
    DEMAGE          -0.158      -0.128      -0.113      -0.034       0.045       0.061       0.090

 CANF6M   WITH
    DEMMAL          -0.036      -0.011       0.002       0.069       0.136       0.149       0.175
    DEMAGE          -0.241      -0.216      -0.203      -0.136      -0.069      -0.056      -0.031

 Means
    DEMAGE          -0.114      -0.087      -0.073       0.000       0.073       0.087       0.115
    DEMMAL          -0.130      -0.099      -0.083       0.000       0.083       0.099       0.130
    CANF6M           0.000       0.000       0.000       0.000       0.000       0.000       0.000

 Variances
    DEMAGE           1.000       1.000       1.000       1.000       1.000       1.000       1.000
    DEMMAL           1.000       1.000       1.000       1.000       1.000       1.000       1.000
    CANF6M           1.000       1.000       1.000       1.000       1.000       1.000       1.000

 Residual Variances
    CVLALC           0.904       0.916       0.922       0.953       0.985       0.991       1.003

Between Level

 CVLALC   ON
    CANF6MBW        -0.427      -0.353      -0.315      -0.117       0.081       0.119       0.194

 Intercepts
    CVLALC          -1.412      -1.251      -1.169      -0.739      -0.308      -0.226      -0.065

 Residual Variances
    CVLALC           0.914       0.931       0.940       0.986       1.033       1.042       1.059


TECHNICAL 1 OUTPUT


     PARAMETER SPECIFICATION FOR WITHIN


           NU
              CVLALC        DEMAGE        DEMMAL        CANF6M        CANF6MBW
              ________      ________      ________      ________      ________
 1                  0             0             0             0             0


           LAMBDA
              CVLALC        DEMAGE        DEMMAL        CANF6M        CANF6MBW
              ________      ________      ________      ________      ________
 CVLALC             0             0             0             0             0
 DEMAGE             0             0             0             0             0
 DEMMAL             0             0             0             0             0
 CANF6M             0             0             0             0             0
 CANF6MBW           0             0             0             0             0


           THETA
              CVLALC        DEMAGE        DEMMAL        CANF6M        CANF6MBW
              ________      ________      ________      ________      ________
 CVLALC             0
 DEMAGE             0             0
 DEMMAL             0             0             0
 CANF6M             0             0             0             0
 CANF6MBW           0             0             0             0             0


           ALPHA
              CVLALC        DEMAGE        DEMMAL        CANF6M        CANF6MBW
              ________      ________      ________      ________      ________
 1                  0             1             2             3             0


           BETA
              CVLALC        DEMAGE        DEMMAL        CANF6M        CANF6MBW
              ________      ________      ________      ________      ________
 CVLALC             0             4             5             6             0
 DEMAGE             0             0             0             0             0
 DEMMAL             0             0             0             0             0
 CANF6M             0             0             0             0             0
 CANF6MBW           0             0             0             0             0


           PSI
              CVLALC        DEMAGE        DEMMAL        CANF6M        CANF6MBW
              ________      ________      ________      ________      ________
 CVLALC             7
 DEMAGE             0             8
 DEMMAL             0             0             9
 CANF6M             0            10            11            12
 CANF6MBW           0             0             0             0             0


     PARAMETER SPECIFICATION FOR BETWEEN


           NU
              CVLALC        DEMAGE        DEMMAL        CANF6M        CANF6MBW
              ________      ________      ________      ________      ________
 1                  0             0             0             0             0


           LAMBDA
              CVLALC        DEMAGE        DEMMAL        CANF6M        CANF6MBW
              ________      ________      ________      ________      ________
 CVLALC             0             0             0             0             0
 DEMAGE             0             0             0             0             0
 DEMMAL             0             0             0             0             0
 CANF6M             0             0             0             0             0
 CANF6MBW           0             0             0             0             0


           THETA
              CVLALC        DEMAGE        DEMMAL        CANF6M        CANF6MBW
              ________      ________      ________      ________      ________
 CVLALC             0
 DEMAGE             0             0
 DEMMAL             0             0             0
 CANF6M             0             0             0             0
 CANF6MBW           0             0             0             0             0


           ALPHA
              CVLALC        DEMAGE        DEMMAL        CANF6M        CANF6MBW
              ________      ________      ________      ________      ________
 1                 13             0             0             0             0


           BETA
              CVLALC        DEMAGE        DEMMAL        CANF6M        CANF6MBW
              ________      ________      ________      ________      ________
 CVLALC             0             0             0             0            14
 DEMAGE             0             0             0             0             0
 DEMMAL             0             0             0             0             0
 CANF6M             0             0             0             0             0
 CANF6MBW           0             0             0             0             0


           PSI
              CVLALC        DEMAGE        DEMMAL        CANF6M        CANF6MBW
              ________      ________      ________      ________      ________
 CVLALC            15
 DEMAGE             0             0
 DEMMAL             0             0             0
 CANF6M             0             0             0             0
 CANF6MBW           0             0             0             0             0


     STARTING VALUES FOR WITHIN


           NU
              CVLALC        DEMAGE        DEMMAL        CANF6M        CANF6MBW
              ________      ________      ________      ________      ________
 1              0.000         0.000         0.000         0.000         0.000


           LAMBDA
              CVLALC        DEMAGE        DEMMAL        CANF6M        CANF6MBW
              ________      ________      ________      ________      ________
 CVLALC         1.000         0.000         0.000         0.000         0.000
 DEMAGE         0.000         1.000         0.000         0.000         0.000
 DEMMAL         0.000         0.000         1.000         0.000         0.000
 CANF6M         0.000         0.000         0.000         1.000         0.000
 CANF6MBW       0.000         0.000         0.000         0.000         1.000


           THETA
              CVLALC        DEMAGE        DEMMAL        CANF6M        CANF6MBW
              ________      ________      ________      ________      ________
 CVLALC         0.000
 DEMAGE         0.000         0.000
 DEMMAL         0.000         0.000         0.000
 CANF6M         0.000         0.000         0.000         0.000
 CANF6MBW       0.000         0.000         0.000         0.000         0.000


           ALPHA
              CVLALC        DEMAGE        DEMMAL        CANF6M        CANF6MBW
              ________      ________      ________      ________      ________
 1              0.000         0.000         0.000         0.000         0.000


           BETA
              CVLALC        DEMAGE        DEMMAL        CANF6M        CANF6MBW
              ________      ________      ________      ________      ________
 CVLALC         0.000         0.000         0.000         0.000         0.000
 DEMAGE         0.000         0.000         0.000         0.000         0.000
 DEMMAL         0.000         0.000         0.000         0.000         0.000
 CANF6M         0.000         0.000         0.000         0.000         0.000
 CANF6MBW       0.000         0.000         0.000         0.000         0.000


           PSI
              CVLALC        DEMAGE        DEMMAL        CANF6M        CANF6MBW
              ________      ________      ________      ________      ________
 CVLALC         0.486
 DEMAGE         0.000         3.005
 DEMMAL         0.000         0.000         0.124
 CANF6M         0.000         0.000         0.000        21.731
 CANF6MBW       0.000         0.000         0.000         0.000         0.000


     STARTING VALUES FOR BETWEEN


           NU
              CVLALC        DEMAGE        DEMMAL        CANF6M        CANF6MBW
              ________      ________      ________      ________      ________
 1              0.000         0.000         0.000         0.000         0.000


           LAMBDA
              CVLALC        DEMAGE        DEMMAL        CANF6M        CANF6MBW
              ________      ________      ________      ________      ________
 CVLALC         1.000         0.000         0.000         0.000         0.000
 DEMAGE         0.000         1.000         0.000         0.000         0.000
 DEMMAL         0.000         0.000         1.000         0.000         0.000
 CANF6M         0.000         0.000         0.000         1.000         0.000
 CANF6MBW       0.000         0.000         0.000         0.000         1.000


           THETA
              CVLALC        DEMAGE        DEMMAL        CANF6M        CANF6MBW
              ________      ________      ________      ________      ________
 CVLALC         0.000
 DEMAGE         0.000         0.000
 DEMMAL         0.000         0.000         0.000
 CANF6M         0.000         0.000         0.000         0.000
 CANF6MBW       0.000         0.000         0.000         0.000         0.000


           ALPHA
              CVLALC        DEMAGE        DEMMAL        CANF6M        CANF6MBW
              ________      ________      ________      ________      ________
 1             -0.295         0.000         0.000         0.000         0.000


           BETA
              CVLALC        DEMAGE        DEMMAL        CANF6M        CANF6MBW
              ________      ________      ________      ________      ________
 CVLALC         0.000         0.000         0.000         0.000         0.000
 DEMAGE         0.000         0.000         0.000         0.000         0.000
 DEMMAL         0.000         0.000         0.000         0.000         0.000
 CANF6M         0.000         0.000         0.000         0.000         0.000
 CANF6MBW       0.000         0.000         0.000         0.000         0.000


           PSI
              CVLALC        DEMAGE        DEMMAL        CANF6M        CANF6MBW
              ________      ________      ________      ________      ________
 CVLALC         0.486
 DEMAGE         0.000         0.000
 DEMMAL         0.000         0.000         0.000
 CANF6M         0.000         0.000         0.000         0.000
 CANF6MBW       0.000         0.000         0.000         0.000        35.202


SAMPLE STATISTICS FOR ESTIMATED FACTOR SCORES


     SAMPLE STATISTICS


           Means
              B_CVLALC
              ________
 1             -0.295


           Covariances
              B_CVLALC
              ________
 B_CVLALC       0.047


           Correlations
              B_CVLALC
              ________
 B_CVLALC       1.000


PLOT INFORMATION

The following plots are available:

  Histograms (sample values)
  Scatterplots (sample values)

     Beginning Time:  14:25:23
        Ending Time:  14:25:23
       Elapsed Time:  00:00:00



MUTHEN & MUTHEN
3463 Stoner Ave.
Los Angeles, CA  90066

Tel: (310) 391-9971
Fax: (310) 391-8971
Web: www.StatModel.com
Support: Support@StatModel.com

Copyright (c) 1998-2015 Muthen & Muthen
