Mplus VERSION 7.4 (Mac)
MUTHEN & MUTHEN
07/30/2019   2:26 PM

INPUT INSTRUCTIONS


  TITLE: CANONS_TRLATS_2;

  DATA:
  	FILE = GD190618.csv;

  VARIABLE:
  	NAMES =
  			ID_Fam   Wave     ID_MPL
  			DEMMAL   DEMAGE   DEMHSP   DEMRAC
  			SRPWCR
  			WASVCB   WASBLK   WASDGT   WSISUM
  			TRLATS   TRLBTS
  			CVLASF   CVLASC   CVLALF   CVLALC
  			WASCOM   COGCOM   CVLCOM
  			CANEVR   CANONS   CANFLF
  			CANFTY   CANF6M   CANAC6
  			CANYRS
  			ALCEVR   ALCONS   ALCFLF
  			ALCFTY   ALCF6M   ALCAC6
  			ALCYRS
  			SRPWCRDt WASVCBDt WASBLKDt
  			WASDGTDt WSISUMDt TRLATSDt
  			TRLBTSDt CVLASFDt CVLASCDt
  			CVLALFDt CVLALCDt WASCOMDt
  			COGCOMDt CVLCOMDt
  			COGPGS
  			PC1 PC2 PC3 PC4 PC5 PC6
  		;
  	USEVARIABLES =
  		! outcome
    			TRLATS
    		! covariates
    			DEMAGE
    			DEMMAL  		
    		! within predictor
    			CANONS
    		! between predictor
    			CANONSBW
    		;
    	USEOBSERVATION =
    			(Wave EQ 2 AND TRLATSDt EQ 1)
    		;
    	CLUSTER =
    			ID_Fam
    		;
    	MISSING = .;
    	BETWEEN =   		
    			CANONSBW
    		;
    	WITHIN  		
    			CANONS
    			DEMAGE
    			DEMMAL
    		;  		

  DEFINE:
  	! CREATE BW FAM PREDICTOR
  		CANONSBW = cluster_mean (CANONS);
  	! CENTER WI FAM VARIABLES
  		CENTER CANONS (GROUPMEAN);
  		CENTER DEMMAL (GRANDMEAN);
  		CENTER DEMAGE (GRANDMEAN);
  	! CENTER BW FAM VARIABLES
  		CENTER CANONSBW (GRANDMEAN);

  ANALYSIS:
          ITERATIONS = 1000000;
          TYPE = TWOLEVEL RANDOM;
          ALGORITHM = INTEGRATION;

  OUTPUT:
  	SAMPSTAT STDYX TECH1 CINT;

  MODEL:
  %WITHIN%
  	TRLATS on CANONS;
  	TRLATS on  DEMMAL DEMAGE;	
  	TRLATS*;
  	CANONS WITH DEMMAL*;
  	CANONS WITH DEMAGE*;

  %BETWEEN%
  	TRLATS on CANONSBW;
  	TRLATS*;

  PLOT:
  	TYPE = plot3;



*** WARNING
  Data set contains cases with missing on x-variables.
  These cases were not included in the analysis.
  Number of cases with missing on x-variables:  46
   1 WARNING(S) FOUND IN THE INPUT INSTRUCTIONS



CANONS_TRLATS_2;

SUMMARY OF ANALYSIS

Number of groups                                                 1
Number of observations                                         847

Number of dependent variables                                    1
Number of independent variables                                  4
Number of continuous latent variables                            0

Observed dependent variables

  Continuous
   TRLATS

Observed independent variables
   DEMAGE      DEMMAL      CANONS      CANONSBW

Variables with special functions

  Cluster variable      ID_FAM

  Within variables
   DEMAGE      DEMMAL      CANONS

  Between variables
   CANONSBW

  Centering (GRANDMEAN)
   DEMMAL      DEMAGE      CANONSBW

  Centering (GROUPMEAN)
   CANONS


Estimator                                                      MLR
Information matrix                                        OBSERVED
Optimization Specifications for the Quasi-Newton Algorithm for
Continuous Outcomes
  Maximum number of iterations                             1000000
  Convergence criterion                                  0.100D-05
Optimization Specifications for the EM Algorithm
  Maximum number of iterations                                 500
  Convergence criteria
    Loglikelihood change                                 0.100D-02
    Relative loglikelihood change                        0.100D-05
    Derivative                                           0.100D-02
Optimization Specifications for the M step of the EM Algorithm for
Categorical Latent variables
  Number of M step iterations                                    1
  M step convergence criterion                           0.100D-02
  Basis for M step termination                           ITERATION
Optimization Specifications for the M step of the EM Algorithm for
Censored, Binary or Ordered Categorical (Ordinal), Unordered
Categorical (Nominal) and Count Outcomes
  Number of M step iterations                                    1
  M step convergence criterion                           0.100D-02
  Basis for M step termination                           ITERATION
  Maximum value for logit thresholds                            15
  Minimum value for logit thresholds                           -15
  Minimum expected cell size for chi-square              0.100D-01
Maximum number of iterations for H1                           2000
Convergence criterion for H1                             0.100D-03
Optimization algorithm                                         EMA
Integration Specifications
  Type                                                    STANDARD
  Number of integration points                                  15
  Dimensions of numerical integration                            0
  Adaptive quadrature                                           ON
Cholesky                                                       OFF

Input data file(s)
  GD190618.csv
Input data format  FREE


SUMMARY OF DATA

     Number of missing data patterns             5
     Number of clusters                        445



COVARIANCE COVERAGE OF DATA

Minimum covariance coverage value   0.100


     PROPORTION OF DATA PRESENT FOR Y


           Covariance Coverage
              TRLATS        DEMAGE        DEMMAL        CANONS        CANONSBW
              ________      ________      ________      ________      ________
 TRLATS         0.908
 DEMAGE         0.908         0.999
 DEMMAL         0.908         0.999         0.999
 CANONS         0.773         0.849         0.849         0.850
 CANONSBW       0.908         0.999         0.999         0.850         1.000


SAMPLE STATISTICS


     ESTIMATED SAMPLE STATISTICS


           Means
              TRLATS        DEMAGE        DEMMAL        CANONS        CANONSBW
              ________      ________      ________      ________      ________
 1             51.076         0.001         0.000         0.040         0.000


           Covariances
              TRLATS        DEMAGE        DEMMAL        CANONS        CANONSBW
              ________      ________      ________      ________      ________
 TRLATS       134.014
 DEMAGE        -0.611         8.299
 DEMMAL        -0.216        -0.154         0.233
 CANONS        -0.697         0.755        -0.097         2.182
 CANONSBW       0.330         0.923        -0.082        -0.033         3.810


           Correlations
              TRLATS        DEMAGE        DEMMAL        CANONS        CANONSBW
              ________      ________      ________      ________      ________
 TRLATS         1.000
 DEMAGE        -0.018         1.000
 DEMMAL        -0.039        -0.110         1.000
 CANONS        -0.041         0.177        -0.136         1.000
 CANONSBW       0.015         0.164        -0.087        -0.011         1.000


     MAXIMUM LOG-LIKELIHOOD VALUE FOR THE UNRESTRICTED (H1) MODEL IS -8686.830


UNIVARIATE SAMPLE STATISTICS


     UNIVARIATE HIGHER-ORDER MOMENT DESCRIPTIVE STATISTICS

         Variable/         Mean/     Skewness/   Minimum/ % with                Percentiles
        Sample Size      Variance    Kurtosis    Maximum  Min/Max      20%/60%    40%/80%    Median

     TRLATS               51.074      -0.009       2.000    0.13%      42.000     49.000     51.000
             769.000     134.004       0.279      84.000    0.13%      53.000     60.000
     DEMAGE                0.000       0.952      -5.390    0.12%      -2.400     -1.050     -0.410
             846.000       8.299       1.785      15.780    0.12%       0.360      2.190
     DEMMAL                0.000      -0.544      -0.631   36.88%      -0.631      0.369      0.369
             846.000       0.233      -1.704       0.369   63.12%       0.369      0.369
     CANONS                0.000       0.322      -5.667    0.14%      -1.000      0.000      0.000
             720.000       2.166       3.725       9.333    0.14%       0.000      1.000
     CANONSBW             -0.060       0.947      -5.427    0.45%      -1.427     -0.427     -0.427
             445.000       3.810       4.069      11.573    0.22%       0.573      1.073


THE MODEL ESTIMATION TERMINATED NORMALLY



MODEL FIT INFORMATION

Number of Free Parameters                       15

Loglikelihood

          H0 Value                       -6935.523
          H0 Scaling Correction Factor      1.2242
            for MLR

Information Criteria

          Akaike (AIC)                   13901.045
          Bayesian (BIC)                 13972.171
          Sample-Size Adjusted BIC       13924.535
            (n* = (n + 2) / 24)



MODEL RESULTS

                                                    Two-Tailed
                    Estimate       S.E.  Est./S.E.    P-Value

Within Level

 TRLATS     ON
    CANONS            -0.323      0.304     -1.063      0.288
    DEMMAL            -1.121      0.917     -1.222      0.222
    DEMAGE            -0.096      0.150     -0.642      0.521

 CANONS   WITH
    DEMMAL            -0.084      0.025     -3.405      0.001
    DEMAGE             0.682      0.171      3.985      0.000

 Means
    DEMAGE             0.000      0.110      0.003      0.997
    DEMMAL             0.000      0.017     -0.003      0.998
    CANONS             0.038      0.010      3.775      0.000

 Variances
    DEMAGE             8.299      0.553     15.019      0.000
    DEMMAL             0.233      0.005     50.868      0.000
    CANONS             2.170      0.265      8.198      0.000

 Residual Variances
    TRLATS           117.451      9.004     13.044      0.000

Between Level

 TRLATS     ON
    CANONSBW           0.070      0.221      0.317      0.751

 Intercepts
    TRLATS            51.107      0.443    115.346      0.000

 Residual Variances
    TRLATS            16.272      7.022      2.317      0.020


STANDARDIZED MODEL RESULTS


STDYX Standardization

                                                    Two-Tailed
                    Estimate       S.E.  Est./S.E.    P-Value

Within Level

 TRLATS     ON
    CANONS            -0.044      0.042     -1.041      0.298
    DEMMAL            -0.050      0.040     -1.230      0.219
    DEMAGE            -0.026      0.040     -0.640      0.522

 CANONS   WITH
    DEMMAL            -0.119      0.032     -3.684      0.000
    DEMAGE             0.161      0.035      4.531      0.000

 Means
    DEMAGE             0.000      0.038      0.003      0.997
    DEMMAL             0.000      0.036     -0.003      0.998
    CANONS             0.026      0.006      4.148      0.000

 Variances
    DEMAGE             1.000      0.000    999.000    999.000
    DEMMAL             1.000      0.000    999.000    999.000
    CANONS             1.000      0.000    999.000    999.000

 Residual Variances
    TRLATS             0.995      0.006    166.867      0.000

Between Level

 TRLATS     ON
    CANONSBW           0.034      0.107      0.317      0.751

 Intercepts
    TRLATS            12.662      2.709      4.675      0.000

 Residual Variances
    TRLATS             0.999      0.007    136.999      0.000


R-SQUARE

Within Level

    Observed                                        Two-Tailed
    Variable        Estimate       S.E.  Est./S.E.    P-Value

    TRLATS             0.005      0.006      0.820      0.412

Between Level

    Observed                                        Two-Tailed
    Variable        Estimate       S.E.  Est./S.E.    P-Value

    TRLATS             0.001      0.007      0.158      0.874


QUALITY OF NUMERICAL RESULTS

     Condition Number for the Information Matrix              0.269E-07
       (ratio of smallest to largest eigenvalue)


CONFIDENCE INTERVALS OF MODEL RESULTS

                  Lower .5%  Lower 2.5%    Lower 5%    Estimate    Upper 5%  Upper 2.5%   Upper .5%

Within Level

 TRLATS   ON
    CANONS          -1.106      -0.919      -0.823      -0.323       0.177       0.273       0.460
    DEMMAL          -3.484      -2.919      -2.630      -1.121       0.388       0.677       1.242
    DEMAGE          -0.483      -0.390      -0.343      -0.096       0.150       0.198       0.290

 CANONS   WITH
    DEMMAL          -0.148      -0.133      -0.125      -0.084      -0.044      -0.036      -0.021
    DEMAGE           0.241       0.347       0.401       0.682       0.964       1.018       1.123

 Means
    DEMAGE          -0.282      -0.214      -0.180       0.000       0.181       0.215       0.282
    DEMMAL          -0.045      -0.034      -0.029       0.000       0.029       0.034       0.045
    CANONS           0.012       0.018       0.022       0.038       0.055       0.058       0.064

 Variances
    DEMAGE           6.876       7.216       7.390       8.299       9.208       9.382       9.722
    DEMMAL           0.221       0.224       0.225       0.233       0.240       0.242       0.245
    CANONS           1.488       1.651       1.734       2.170       2.605       2.688       2.851

 Residual Variances
    TRLATS          94.259      99.803     102.639     117.451     132.262     135.098     140.643

Between Level

 TRLATS   ON
    CANONSBW        -0.500      -0.364      -0.294       0.070       0.434       0.504       0.641

 Intercepts
    TRLATS          49.965      50.238      50.378      51.107      51.835      51.975      52.248

 Residual Variances
    TRLATS          -1.814       2.510       4.722      16.272      27.823      30.034      34.358


CONFIDENCE INTERVALS OF STANDARDIZED MODEL RESULTS


STDYX Standardization

                  Lower .5%  Lower 2.5%    Lower 5%    Estimate    Upper 5%  Upper 2.5%   Upper .5%

Within Level

 TRLATS   ON
    CANONS          -0.152      -0.126      -0.113      -0.044       0.025       0.039       0.065
    DEMMAL          -0.154      -0.129      -0.116      -0.050       0.017       0.030       0.055
    DEMAGE          -0.128      -0.104      -0.091      -0.026       0.040       0.053       0.077

 CANONS   WITH
    DEMMAL          -0.202      -0.182      -0.172      -0.119      -0.066      -0.056      -0.036
    DEMAGE           0.069       0.091       0.102       0.161       0.219       0.230       0.252

 Means
    DEMAGE          -0.098      -0.074      -0.062       0.000       0.063       0.075       0.098
    DEMMAL          -0.093      -0.071      -0.060       0.000       0.059       0.071       0.093
    CANONS           0.010       0.014       0.016       0.026       0.036       0.038       0.042

 Variances
    DEMAGE           1.000       1.000       1.000       1.000       1.000       1.000       1.000
    DEMMAL           1.000       1.000       1.000       1.000       1.000       1.000       1.000
    CANONS           1.000       1.000       1.000       1.000       1.000       1.000       1.000

 Residual Variances
    TRLATS           0.980       0.983       0.985       0.995       1.005       1.007       1.010

Between Level

 TRLATS   ON
    CANONSBW        -0.242      -0.176      -0.142       0.034       0.210       0.244       0.310

 Intercepts
    TRLATS           5.685       7.353       8.206      12.662      17.118      17.971      19.639

 Residual Variances
    TRLATS           0.980       0.985       0.987       0.999       1.011       1.013       1.018


TECHNICAL 1 OUTPUT


     PARAMETER SPECIFICATION FOR WITHIN


           NU
              TRLATS        DEMAGE        DEMMAL        CANONS        CANONSBW
              ________      ________      ________      ________      ________
 1                  0             0             0             0             0


           LAMBDA
              TRLATS        DEMAGE        DEMMAL        CANONS        CANONSBW
              ________      ________      ________      ________      ________
 TRLATS             0             0             0             0             0
 DEMAGE             0             0             0             0             0
 DEMMAL             0             0             0             0             0
 CANONS             0             0             0             0             0
 CANONSBW           0             0             0             0             0


           THETA
              TRLATS        DEMAGE        DEMMAL        CANONS        CANONSBW
              ________      ________      ________      ________      ________
 TRLATS             0
 DEMAGE             0             0
 DEMMAL             0             0             0
 CANONS             0             0             0             0
 CANONSBW           0             0             0             0             0


           ALPHA
              TRLATS        DEMAGE        DEMMAL        CANONS        CANONSBW
              ________      ________      ________      ________      ________
 1                  0             1             2             3             0


           BETA
              TRLATS        DEMAGE        DEMMAL        CANONS        CANONSBW
              ________      ________      ________      ________      ________
 TRLATS             0             4             5             6             0
 DEMAGE             0             0             0             0             0
 DEMMAL             0             0             0             0             0
 CANONS             0             0             0             0             0
 CANONSBW           0             0             0             0             0


           PSI
              TRLATS        DEMAGE        DEMMAL        CANONS        CANONSBW
              ________      ________      ________      ________      ________
 TRLATS             7
 DEMAGE             0             8
 DEMMAL             0             0             9
 CANONS             0            10            11            12
 CANONSBW           0             0             0             0             0


     PARAMETER SPECIFICATION FOR BETWEEN


           NU
              TRLATS        DEMAGE        DEMMAL        CANONS        CANONSBW
              ________      ________      ________      ________      ________
 1                  0             0             0             0             0


           LAMBDA
              TRLATS        DEMAGE        DEMMAL        CANONS        CANONSBW
              ________      ________      ________      ________      ________
 TRLATS             0             0             0             0             0
 DEMAGE             0             0             0             0             0
 DEMMAL             0             0             0             0             0
 CANONS             0             0             0             0             0
 CANONSBW           0             0             0             0             0


           THETA
              TRLATS        DEMAGE        DEMMAL        CANONS        CANONSBW
              ________      ________      ________      ________      ________
 TRLATS             0
 DEMAGE             0             0
 DEMMAL             0             0             0
 CANONS             0             0             0             0
 CANONSBW           0             0             0             0             0


           ALPHA
              TRLATS        DEMAGE        DEMMAL        CANONS        CANONSBW
              ________      ________      ________      ________      ________
 1                 13             0             0             0             0


           BETA
              TRLATS        DEMAGE        DEMMAL        CANONS        CANONSBW
              ________      ________      ________      ________      ________
 TRLATS             0             0             0             0            14
 DEMAGE             0             0             0             0             0
 DEMMAL             0             0             0             0             0
 CANONS             0             0             0             0             0
 CANONSBW           0             0             0             0             0


           PSI
              TRLATS        DEMAGE        DEMMAL        CANONS        CANONSBW
              ________      ________      ________      ________      ________
 TRLATS            15
 DEMAGE             0             0
 DEMMAL             0             0             0
 CANONS             0             0             0             0
 CANONSBW           0             0             0             0             0


     STARTING VALUES FOR WITHIN


           NU
              TRLATS        DEMAGE        DEMMAL        CANONS        CANONSBW
              ________      ________      ________      ________      ________
 1              0.000         0.000         0.000         0.000         0.000


           LAMBDA
              TRLATS        DEMAGE        DEMMAL        CANONS        CANONSBW
              ________      ________      ________      ________      ________
 TRLATS         1.000         0.000         0.000         0.000         0.000
 DEMAGE         0.000         1.000         0.000         0.000         0.000
 DEMMAL         0.000         0.000         1.000         0.000         0.000
 CANONS         0.000         0.000         0.000         1.000         0.000
 CANONSBW       0.000         0.000         0.000         0.000         1.000


           THETA
              TRLATS        DEMAGE        DEMMAL        CANONS        CANONSBW
              ________      ________      ________      ________      ________
 TRLATS         0.000
 DEMAGE         0.000         0.000
 DEMMAL         0.000         0.000         0.000
 CANONS         0.000         0.000         0.000         0.000
 CANONSBW       0.000         0.000         0.000         0.000         0.000


           ALPHA
              TRLATS        DEMAGE        DEMMAL        CANONS        CANONSBW
              ________      ________      ________      ________      ________
 1              0.000         0.000         0.000         0.000         0.000


           BETA
              TRLATS        DEMAGE        DEMMAL        CANONS        CANONSBW
              ________      ________      ________      ________      ________
 TRLATS         0.000         0.000         0.000         0.000         0.000
 DEMAGE         0.000         0.000         0.000         0.000         0.000
 DEMMAL         0.000         0.000         0.000         0.000         0.000
 CANONS         0.000         0.000         0.000         0.000         0.000
 CANONSBW       0.000         0.000         0.000         0.000         0.000


           PSI
              TRLATS        DEMAGE        DEMMAL        CANONS        CANONSBW
              ________      ________      ________      ________      ________
 TRLATS        67.002
 DEMAGE         0.000         4.150
 DEMMAL         0.000         0.000         0.116
 CANONS         0.000         0.000         0.000         1.083
 CANONSBW       0.000         0.000         0.000         0.000         0.000


     STARTING VALUES FOR BETWEEN


           NU
              TRLATS        DEMAGE        DEMMAL        CANONS        CANONSBW
              ________      ________      ________      ________      ________
 1              0.000         0.000         0.000         0.000         0.000


           LAMBDA
              TRLATS        DEMAGE        DEMMAL        CANONS        CANONSBW
              ________      ________      ________      ________      ________
 TRLATS         1.000         0.000         0.000         0.000         0.000
 DEMAGE         0.000         1.000         0.000         0.000         0.000
 DEMMAL         0.000         0.000         1.000         0.000         0.000
 CANONS         0.000         0.000         0.000         1.000         0.000
 CANONSBW       0.000         0.000         0.000         0.000         1.000


           THETA
              TRLATS        DEMAGE        DEMMAL        CANONS        CANONSBW
              ________      ________      ________      ________      ________
 TRLATS         0.000
 DEMAGE         0.000         0.000
 DEMMAL         0.000         0.000         0.000
 CANONS         0.000         0.000         0.000         0.000
 CANONSBW       0.000         0.000         0.000         0.000         0.000


           ALPHA
              TRLATS        DEMAGE        DEMMAL        CANONS        CANONSBW
              ________      ________      ________      ________      ________
 1             51.074         0.000         0.000         0.000         0.000


           BETA
              TRLATS        DEMAGE        DEMMAL        CANONS        CANONSBW
              ________      ________      ________      ________      ________
 TRLATS         0.000         0.000         0.000         0.000         0.000
 DEMAGE         0.000         0.000         0.000         0.000         0.000
 DEMMAL         0.000         0.000         0.000         0.000         0.000
 CANONS         0.000         0.000         0.000         0.000         0.000
 CANONSBW       0.000         0.000         0.000         0.000         0.000


           PSI
              TRLATS        DEMAGE        DEMMAL        CANONS        CANONSBW
              ________      ________      ________      ________      ________
 TRLATS        67.002
 DEMAGE         0.000         0.000
 DEMMAL         0.000         0.000         0.000
 CANONS         0.000         0.000         0.000         0.000
 CANONSBW       0.000         0.000         0.000         0.000         1.905


SAMPLE STATISTICS FOR ESTIMATED FACTOR SCORES


     SAMPLE STATISTICS


           Means
              B_TRLATS
              ________
 1             51.090


           Covariances
              B_TRLATS
              ________
 B_TRLATS       3.391


           Correlations
              B_TRLATS
              ________
 B_TRLATS       1.000


PLOT INFORMATION

The following plots are available:

  Histograms (sample values)
  Scatterplots (sample values)

     Beginning Time:  14:26:53
        Ending Time:  14:26:53
       Elapsed Time:  00:00:00



MUTHEN & MUTHEN
3463 Stoner Ave.
Los Angeles, CA  90066

Tel: (310) 391-9971
Fax: (310) 391-8971
Web: www.StatModel.com
Support: Support@StatModel.com

Copyright (c) 1998-2015 Muthen & Muthen
