Mplus VERSION 7.4 (Mac)
MUTHEN & MUTHEN
07/30/2019   2:26 PM

INPUT INSTRUCTIONS


  TITLE: CANONS_TRLBTS_1;

  DATA:
  	FILE = GD190618.csv;

  VARIABLE:
  	NAMES =
  			ID_Fam   Wave     ID_MPL
  			DEMMAL   DEMAGE   DEMHSP   DEMRAC
  			SRPWCR
  			WASVCB   WASBLK   WASDGT   WSISUM
  			TRLATS   TRLBTS
  			CVLASF   CVLASC   CVLALF   CVLALC
  			WASCOM   COGCOM   CVLCOM
  			CANEVR   CANONS   CANFLF
  			CANFTY   CANF6M   CANAC6
  			CANYRS
  			ALCEVR   ALCONS   ALCFLF
  			ALCFTY   ALCF6M   ALCAC6
  			ALCYRS
  			SRPWCRDt WASVCBDt WASBLKDt
  			WASDGTDt WSISUMDt TRLATSDt
  			TRLBTSDt CVLASFDt CVLASCDt
  			CVLALFDt CVLALCDt WASCOMDt
  			COGCOMDt CVLCOMDt
  			COGPGS
  			PC1 PC2 PC3 PC4 PC5 PC6
  		;
  	USEVARIABLES =
  		! outcome
    			TRLBTS
    		! covariates
    			DEMAGE
    			DEMMAL  		
    		! within predictor
    			CANONS
    		! between predictor
    			CANONSBW
    		;
    	USEOBSERVATION =
    			(Wave EQ 1 AND TRLBTSDt EQ 1)
    		;
    	CLUSTER =
    			ID_Fam
    		;
    	MISSING = .;
    	BETWEEN =   		
    			CANONSBW
    		;
    	WITHIN  		
    			CANONS
    			DEMAGE
    			DEMMAL
    		;  		

  DEFINE:
  	! CREATE BW FAM PREDICTOR
  		CANONSBW = cluster_mean (CANONS);
  	! CENTER WI FAM VARIABLES
  		CENTER CANONS (GROUPMEAN);
  		CENTER DEMMAL (GRANDMEAN);
  		CENTER DEMAGE (GRANDMEAN);
  	! CENTER BW FAM VARIABLES
  		CENTER CANONSBW (GRANDMEAN);

  ANALYSIS:
          ITERATIONS = 1000000;
          TYPE = TWOLEVEL RANDOM;
          ALGORITHM = INTEGRATION;

  OUTPUT:
  	SAMPSTAT STDYX TECH1 CINT;

  MODEL:
  %WITHIN%
  	TRLBTS on CANONS;
  	TRLBTS on  DEMMAL DEMAGE;	
  	TRLBTS*;
  	CANONS WITH DEMMAL*;
  	CANONS WITH DEMAGE*;

  %BETWEEN%
  	TRLBTS on CANONSBW;
  	TRLBTS*;

  PLOT:
  	TYPE = plot3;



*** WARNING
  Data set contains cases with missing on x-variables.
  These cases were not included in the analysis.
  Number of cases with missing on x-variables:  51
*** WARNING
  Data set contains cases with missing on all variables except
  x-variables.  These cases were not included in the analysis.
  Number of cases with missing on all variables except x-variables:  1
   2 WARNING(S) FOUND IN THE INPUT INSTRUCTIONS



CANONS_TRLBTS_1;

SUMMARY OF ANALYSIS

Number of groups                                                 1
Number of observations                                        1142

Number of dependent variables                                    1
Number of independent variables                                  4
Number of continuous latent variables                            0

Observed dependent variables

  Continuous
   TRLBTS

Observed independent variables
   DEMAGE      DEMMAL      CANONS      CANONSBW

Variables with special functions

  Cluster variable      ID_FAM

  Within variables
   DEMAGE      DEMMAL      CANONS

  Between variables
   CANONSBW

  Centering (GRANDMEAN)
   DEMMAL      DEMAGE      CANONSBW

  Centering (GROUPMEAN)
   CANONS


Estimator                                                      MLR
Information matrix                                        OBSERVED
Optimization Specifications for the Quasi-Newton Algorithm for
Continuous Outcomes
  Maximum number of iterations                             1000000
  Convergence criterion                                  0.100D-05
Optimization Specifications for the EM Algorithm
  Maximum number of iterations                                 500
  Convergence criteria
    Loglikelihood change                                 0.100D-02
    Relative loglikelihood change                        0.100D-05
    Derivative                                           0.100D-02
Optimization Specifications for the M step of the EM Algorithm for
Categorical Latent variables
  Number of M step iterations                                    1
  M step convergence criterion                           0.100D-02
  Basis for M step termination                           ITERATION
Optimization Specifications for the M step of the EM Algorithm for
Censored, Binary or Ordered Categorical (Ordinal), Unordered
Categorical (Nominal) and Count Outcomes
  Number of M step iterations                                    1
  M step convergence criterion                           0.100D-02
  Basis for M step termination                           ITERATION
  Maximum value for logit thresholds                            15
  Minimum value for logit thresholds                           -15
  Minimum expected cell size for chi-square              0.100D-01
Maximum number of iterations for H1                           2000
Convergence criterion for H1                             0.100D-03
Optimization algorithm                                         EMA
Integration Specifications
  Type                                                    STANDARD
  Number of integration points                                  15
  Dimensions of numerical integration                            0
  Adaptive quadrature                                           ON
Cholesky                                                       OFF

Input data file(s)
  GD190618.csv
Input data format  FREE


SUMMARY OF DATA

     Number of missing data patterns             5
     Number of clusters                        568



COVARIANCE COVERAGE OF DATA

Minimum covariance coverage value   0.100


     PROPORTION OF DATA PRESENT FOR Y


           Covariance Coverage
              TRLBTS        DEMAGE        DEMMAL        CANONS        CANONSBW
              ________      ________      ________      ________      ________
 TRLBTS         0.890
 DEMAGE         0.889         0.999
 DEMMAL         0.890         0.999         1.000
 CANONS         0.738         0.801         0.802         0.802
 CANONSBW       0.890         0.999         1.000         0.802         1.000


SAMPLE STATISTICS


     ESTIMATED SAMPLE STATISTICS


           Means
              TRLBTS        DEMAGE        DEMMAL        CANONS        CANONSBW
              ________      ________      ________      ________      ________
 1             51.001         0.000         0.000         0.063         0.000


           Covariances
              TRLBTS        DEMAGE        DEMMAL        CANONS        CANONSBW
              ________      ________      ________      ________      ________
 TRLBTS       115.600
 DEMAGE        -3.088         6.664
 DEMMAL         0.052        -0.159         0.229
 CANONS        -0.396         1.473        -0.112         1.786
 CANONSBW      -0.738         0.968        -0.031        -0.071         2.564


           Correlations
              TRLBTS        DEMAGE        DEMMAL        CANONS        CANONSBW
              ________      ________      ________      ________      ________
 TRLBTS         1.000
 DEMAGE        -0.111         1.000
 DEMMAL         0.010        -0.129         1.000
 CANONS        -0.028         0.427        -0.175         1.000
 CANONSBW      -0.043         0.234        -0.040        -0.033         1.000


     MAXIMUM LOG-LIKELIHOOD VALUE FOR THE UNRESTRICTED (H1) MODEL IS -10898.509


UNIVARIATE SAMPLE STATISTICS


     UNIVARIATE HIGHER-ORDER MOMENT DESCRIPTIVE STATISTICS

         Variable/         Mean/     Skewness/   Minimum/ % with                Percentiles
        Sample Size      Variance    Kurtosis    Maximum  Min/Max      20%/60%    40%/80%    Median

     TRLBTS               50.964      -0.071       4.000    0.10%      43.000     48.000     52.000
            1016.000     115.513       1.014      89.000    0.10%      54.000     60.000
     DEMAGE                0.000       1.533      -3.954    0.09%      -1.984     -1.094     -0.564
            1141.000       6.665       3.597      16.016    0.09%       0.006      1.606
     DEMMAL                0.000      -0.604      -0.644   35.55%      -0.644      0.356      0.356
            1142.000       0.229      -1.636       0.356   64.45%       0.356      0.356
     CANONS                0.000       0.092      -6.500    0.11%      -1.000      0.000      0.000
             916.000       1.714       2.881       6.500    0.11%       0.000      1.000
     CANONSBW             -0.066      -0.292      -4.626    2.46%      -1.626     -0.626     -0.126
             568.000       2.758       0.378       4.374    0.53%       0.374      1.374

     THE STANDARD ERRORS OF THE MODEL PARAMETER ESTIMATES MAY NOT BE
     TRUSTWORTHY FOR SOME PARAMETERS DUE TO A NON-POSITIVE DEFINITE
     FIRST-ORDER DERIVATIVE PRODUCT MATRIX.  THIS MAY BE DUE TO THE STARTING
     VALUES BUT MAY ALSO BE AN INDICATION OF MODEL NONIDENTIFICATION.  THE
     CONDITION NUMBER IS      -0.254D-16.  PROBLEM INVOLVING THE FOLLOWING PARAMETER:
     Parameter 12, %WITHIN%: CANONS


THE MODEL ESTIMATION TERMINATED NORMALLY



MODEL FIT INFORMATION

Number of Free Parameters                       15

Loglikelihood

          H0 Value                       -8781.284
          H0 Scaling Correction Factor      1.2756
            for MLR

Information Criteria

          Akaike (AIC)                   17592.568
          Bayesian (BIC)                 17668.176
          Sample-Size Adjusted BIC       17620.531
            (n* = (n + 2) / 24)



MODEL RESULTS

                                                    Two-Tailed
                    Estimate       S.E.  Est./S.E.    P-Value

Within Level

 TRLBTS     ON
    CANONS             0.150      0.283      0.529      0.597
    DEMMAL             0.051      0.705      0.072      0.943
    DEMAGE            -0.434      0.168     -2.584      0.010

 CANONS   WITH
    DEMMAL            -0.074      0.019     -3.850      0.000
    DEMAGE             1.372      0.179      7.645      0.000

 Means
    DEMAGE            -0.001      0.079     -0.007      0.995
    DEMMAL             0.000      0.015      0.000      1.000
    CANONS             0.052      0.012      4.390      0.000

 Variances
    DEMAGE             6.664      0.461     14.458      0.000
    DEMMAL             0.229      0.004     52.674      0.000
    CANONS             1.738      0.172     10.113      0.000

 Residual Variances
    TRLBTS            89.690      6.467     13.868      0.000

Between Level

 TRLBTS     ON
    CANONSBW          -0.132      0.233     -0.567      0.571

 Intercepts
    TRLBTS            50.952      0.370    137.715      0.000

 Residual Variances
    TRLBTS            24.808      6.163      4.025      0.000


STANDARDIZED MODEL RESULTS


STDYX Standardization

                                                    Two-Tailed
                    Estimate       S.E.  Est./S.E.    P-Value

Within Level

 TRLBTS     ON
    CANONS             0.021      0.039      0.530      0.596
    DEMMAL             0.003      0.035      0.072      0.943
    DEMAGE            -0.118      0.045     -2.633      0.008

 CANONS   WITH
    DEMMAL            -0.118      0.030     -3.981      0.000
    DEMAGE             0.403      0.032     12.699      0.000

 Means
    DEMAGE             0.000      0.030     -0.007      0.995
    DEMMAL             0.000      0.031      0.000      1.000
    CANONS             0.039      0.009      4.546      0.000

 Variances
    DEMAGE             1.000      0.000    999.000    999.000
    DEMMAL             1.000      0.000    999.000    999.000
    CANONS             1.000      0.000    999.000    999.000

 Residual Variances
    TRLBTS             0.988      0.009    111.069      0.000

Between Level

 TRLBTS     ON
    CANONSBW          -0.044      0.078     -0.564      0.573

 Intercepts
    TRLBTS            10.220      1.267      8.069      0.000

 Residual Variances
    TRLBTS             0.998      0.007    145.346      0.000


R-SQUARE

Within Level

    Observed                                        Two-Tailed
    Variable        Estimate       S.E.  Est./S.E.    P-Value

    TRLBTS             0.012      0.009      1.382      0.167

Between Level

    Observed                                        Two-Tailed
    Variable        Estimate       S.E.  Est./S.E.    P-Value

    TRLBTS             0.002      0.007      0.282      0.778


QUALITY OF NUMERICAL RESULTS

     Condition Number for the Information Matrix             -0.254E-16
       (ratio of smallest to largest eigenvalue)


CONFIDENCE INTERVALS OF MODEL RESULTS

                  Lower .5%  Lower 2.5%    Lower 5%    Estimate    Upper 5%  Upper 2.5%   Upper .5%

Within Level

 TRLBTS   ON
    CANONS          -0.580      -0.405      -0.316       0.150       0.616       0.705       0.879
    DEMMAL          -1.766      -1.332      -1.110       0.051       1.211       1.433       1.868
    DEMAGE          -0.867      -0.763      -0.711      -0.434      -0.158      -0.105      -0.001

 CANONS   WITH
    DEMMAL          -0.124      -0.112      -0.106      -0.074      -0.042      -0.036      -0.025
    DEMAGE           0.910       1.020       1.077       1.372       1.667       1.724       1.835

 Means
    DEMAGE          -0.203      -0.155      -0.130      -0.001       0.129       0.153       0.202
    DEMMAL          -0.039      -0.030      -0.025       0.000       0.025       0.030       0.039
    CANONS           0.021       0.029       0.032       0.052       0.071       0.075       0.082

 Variances
    DEMAGE           5.477       5.761       5.906       6.664       7.423       7.568       7.852
    DEMMAL           0.218       0.221       0.222       0.229       0.236       0.238       0.240
    CANONS           1.296       1.402       1.456       1.738       2.021       2.075       2.181

 Residual Variances
    TRLBTS          73.032      77.014      79.052      89.690     100.329     102.366     106.349

Between Level

 TRLBTS   ON
    CANONSBW        -0.733      -0.589      -0.516      -0.132       0.251       0.325       0.468

 Intercepts
    TRLBTS          49.999      50.227      50.343      50.952      51.561      51.677      51.905

 Residual Variances
    TRLBTS           8.934      12.729      14.670      24.808      34.945      36.887      40.682


CONFIDENCE INTERVALS OF STANDARDIZED MODEL RESULTS


STDYX Standardization

                  Lower .5%  Lower 2.5%    Lower 5%    Estimate    Upper 5%  Upper 2.5%   Upper .5%

Within Level

 TRLBTS   ON
    CANONS          -0.080      -0.056      -0.044       0.021       0.085       0.098       0.122
    DEMMAL          -0.089      -0.067      -0.056       0.003       0.061       0.072       0.094
    DEMAGE          -0.233      -0.205      -0.191      -0.118      -0.044      -0.030      -0.003

 CANONS   WITH
    DEMMAL          -0.194      -0.175      -0.166      -0.118      -0.069      -0.060      -0.041
    DEMAGE           0.321       0.341       0.351       0.403       0.455       0.465       0.485

 Means
    DEMAGE          -0.079      -0.060      -0.050       0.000       0.050       0.059       0.078
    DEMMAL          -0.081      -0.062      -0.052       0.000       0.052       0.062       0.081
    CANONS           0.017       0.022       0.025       0.039       0.054       0.056       0.062

 Variances
    DEMAGE           1.000       1.000       1.000       1.000       1.000       1.000       1.000
    DEMMAL           1.000       1.000       1.000       1.000       1.000       1.000       1.000
    CANONS           1.000       1.000       1.000       1.000       1.000       1.000       1.000

 Residual Variances
    TRLBTS           0.965       0.970       0.973       0.988       1.002       1.005       1.011

Between Level

 TRLBTS   ON
    CANONSBW        -0.245      -0.197      -0.172      -0.044       0.084       0.109       0.157

 Intercepts
    TRLBTS           6.958       7.738       8.136      10.220      12.303      12.702      13.482

 Residual Variances
    TRLBTS           0.980       0.985       0.987       0.998       1.009       1.012       1.016


TECHNICAL 1 OUTPUT


     PARAMETER SPECIFICATION FOR WITHIN


           NU
              TRLBTS        DEMAGE        DEMMAL        CANONS        CANONSBW
              ________      ________      ________      ________      ________
 1                  0             0             0             0             0


           LAMBDA
              TRLBTS        DEMAGE        DEMMAL        CANONS        CANONSBW
              ________      ________      ________      ________      ________
 TRLBTS             0             0             0             0             0
 DEMAGE             0             0             0             0             0
 DEMMAL             0             0             0             0             0
 CANONS             0             0             0             0             0
 CANONSBW           0             0             0             0             0


           THETA
              TRLBTS        DEMAGE        DEMMAL        CANONS        CANONSBW
              ________      ________      ________      ________      ________
 TRLBTS             0
 DEMAGE             0             0
 DEMMAL             0             0             0
 CANONS             0             0             0             0
 CANONSBW           0             0             0             0             0


           ALPHA
              TRLBTS        DEMAGE        DEMMAL        CANONS        CANONSBW
              ________      ________      ________      ________      ________
 1                  0             1             2             3             0


           BETA
              TRLBTS        DEMAGE        DEMMAL        CANONS        CANONSBW
              ________      ________      ________      ________      ________
 TRLBTS             0             4             5             6             0
 DEMAGE             0             0             0             0             0
 DEMMAL             0             0             0             0             0
 CANONS             0             0             0             0             0
 CANONSBW           0             0             0             0             0


           PSI
              TRLBTS        DEMAGE        DEMMAL        CANONS        CANONSBW
              ________      ________      ________      ________      ________
 TRLBTS             7
 DEMAGE             0             8
 DEMMAL             0             0             9
 CANONS             0            10            11            12
 CANONSBW           0             0             0             0             0


     PARAMETER SPECIFICATION FOR BETWEEN


           NU
              TRLBTS        DEMAGE        DEMMAL        CANONS        CANONSBW
              ________      ________      ________      ________      ________
 1                  0             0             0             0             0


           LAMBDA
              TRLBTS        DEMAGE        DEMMAL        CANONS        CANONSBW
              ________      ________      ________      ________      ________
 TRLBTS             0             0             0             0             0
 DEMAGE             0             0             0             0             0
 DEMMAL             0             0             0             0             0
 CANONS             0             0             0             0             0
 CANONSBW           0             0             0             0             0


           THETA
              TRLBTS        DEMAGE        DEMMAL        CANONS        CANONSBW
              ________      ________      ________      ________      ________
 TRLBTS             0
 DEMAGE             0             0
 DEMMAL             0             0             0
 CANONS             0             0             0             0
 CANONSBW           0             0             0             0             0


           ALPHA
              TRLBTS        DEMAGE        DEMMAL        CANONS        CANONSBW
              ________      ________      ________      ________      ________
 1                 13             0             0             0             0


           BETA
              TRLBTS        DEMAGE        DEMMAL        CANONS        CANONSBW
              ________      ________      ________      ________      ________
 TRLBTS             0             0             0             0            14
 DEMAGE             0             0             0             0             0
 DEMMAL             0             0             0             0             0
 CANONS             0             0             0             0             0
 CANONSBW           0             0             0             0             0


           PSI
              TRLBTS        DEMAGE        DEMMAL        CANONS        CANONSBW
              ________      ________      ________      ________      ________
 TRLBTS            15
 DEMAGE             0             0
 DEMMAL             0             0             0
 CANONS             0             0             0             0
 CANONSBW           0             0             0             0             0


     STARTING VALUES FOR WITHIN


           NU
              TRLBTS        DEMAGE        DEMMAL        CANONS        CANONSBW
              ________      ________      ________      ________      ________
 1              0.000         0.000         0.000         0.000         0.000


           LAMBDA
              TRLBTS        DEMAGE        DEMMAL        CANONS        CANONSBW
              ________      ________      ________      ________      ________
 TRLBTS         1.000         0.000         0.000         0.000         0.000
 DEMAGE         0.000         1.000         0.000         0.000         0.000
 DEMMAL         0.000         0.000         1.000         0.000         0.000
 CANONS         0.000         0.000         0.000         1.000         0.000
 CANONSBW       0.000         0.000         0.000         0.000         1.000


           THETA
              TRLBTS        DEMAGE        DEMMAL        CANONS        CANONSBW
              ________      ________      ________      ________      ________
 TRLBTS         0.000
 DEMAGE         0.000         0.000
 DEMMAL         0.000         0.000         0.000
 CANONS         0.000         0.000         0.000         0.000
 CANONSBW       0.000         0.000         0.000         0.000         0.000


           ALPHA
              TRLBTS        DEMAGE        DEMMAL        CANONS        CANONSBW
              ________      ________      ________      ________      ________
 1              0.000         0.000         0.000         0.000         0.000


           BETA
              TRLBTS        DEMAGE        DEMMAL        CANONS        CANONSBW
              ________      ________      ________      ________      ________
 TRLBTS         0.000         0.000         0.000         0.000         0.000
 DEMAGE         0.000         0.000         0.000         0.000         0.000
 DEMMAL         0.000         0.000         0.000         0.000         0.000
 CANONS         0.000         0.000         0.000         0.000         0.000
 CANONSBW       0.000         0.000         0.000         0.000         0.000


           PSI
              TRLBTS        DEMAGE        DEMMAL        CANONS        CANONSBW
              ________      ________      ________      ________      ________
 TRLBTS        57.757
 DEMAGE         0.000         3.333
 DEMMAL         0.000         0.000         0.115
 CANONS         0.000         0.000         0.000         0.857
 CANONSBW       0.000         0.000         0.000         0.000         0.000


     STARTING VALUES FOR BETWEEN


           NU
              TRLBTS        DEMAGE        DEMMAL        CANONS        CANONSBW
              ________      ________      ________      ________      ________
 1              0.000         0.000         0.000         0.000         0.000


           LAMBDA
              TRLBTS        DEMAGE        DEMMAL        CANONS        CANONSBW
              ________      ________      ________      ________      ________
 TRLBTS         1.000         0.000         0.000         0.000         0.000
 DEMAGE         0.000         1.000         0.000         0.000         0.000
 DEMMAL         0.000         0.000         1.000         0.000         0.000
 CANONS         0.000         0.000         0.000         1.000         0.000
 CANONSBW       0.000         0.000         0.000         0.000         1.000


           THETA
              TRLBTS        DEMAGE        DEMMAL        CANONS        CANONSBW
              ________      ________      ________      ________      ________
 TRLBTS         0.000
 DEMAGE         0.000         0.000
 DEMMAL         0.000         0.000         0.000
 CANONS         0.000         0.000         0.000         0.000
 CANONSBW       0.000         0.000         0.000         0.000         0.000


           ALPHA
              TRLBTS        DEMAGE        DEMMAL        CANONS        CANONSBW
              ________      ________      ________      ________      ________
 1             50.964         0.000         0.000         0.000         0.000


           BETA
              TRLBTS        DEMAGE        DEMMAL        CANONS        CANONSBW
              ________      ________      ________      ________      ________
 TRLBTS         0.000         0.000         0.000         0.000         0.000
 DEMAGE         0.000         0.000         0.000         0.000         0.000
 DEMMAL         0.000         0.000         0.000         0.000         0.000
 CANONS         0.000         0.000         0.000         0.000         0.000
 CANONSBW       0.000         0.000         0.000         0.000         0.000


           PSI
              TRLBTS        DEMAGE        DEMMAL        CANONS        CANONSBW
              ________      ________      ________      ________      ________
 TRLBTS        57.757
 DEMAGE         0.000         0.000
 DEMMAL         0.000         0.000         0.000
 CANONS         0.000         0.000         0.000         0.000
 CANONSBW       0.000         0.000         0.000         0.000         1.282


SAMPLE STATISTICS FOR ESTIMATED FACTOR SCORES


     SAMPLE STATISTICS


           Means
              B_TRLBTS
              ________
 1             50.984


           Covariances
              B_TRLBTS
              ________
 B_TRLBTS       8.253


           Correlations
              B_TRLBTS
              ________
 B_TRLBTS       1.000


PLOT INFORMATION

The following plots are available:

  Histograms (sample values)
  Scatterplots (sample values)

     Beginning Time:  14:26:54
        Ending Time:  14:26:55
       Elapsed Time:  00:00:01



MUTHEN & MUTHEN
3463 Stoner Ave.
Los Angeles, CA  90066

Tel: (310) 391-9971
Fax: (310) 391-8971
Web: www.StatModel.com
Support: Support@StatModel.com

Copyright (c) 1998-2015 Muthen & Muthen
