Mplus VERSION 7.4 (Mac)
MUTHEN & MUTHEN
07/30/2019   2:26 PM

INPUT INSTRUCTIONS


  TITLE: CANONS_CVLASF_1;

  DATA:
  	FILE = GD190618.csv;

  VARIABLE:
  	NAMES =
  			ID_Fam   Wave     ID_MPL
  			DEMMAL   DEMAGE   DEMHSP   DEMRAC
  			SRPWCR
  			WASVCB   WASBLK   WASDGT   WSISUM
  			TRLATS   TRLBTS
  			CVLASF   CVLASC   CVLALF   CVLALC
  			WASCOM   COGCOM   CVLCOM
  			CANEVR   CANONS   CANFLF
  			CANFTY   CANF6M   CANAC6
  			CANYRS
  			ALCEVR   ALCONS   ALCFLF
  			ALCFTY   ALCF6M   ALCAC6
  			ALCYRS
  			SRPWCRDt WASVCBDt WASBLKDt
  			WASDGTDt WSISUMDt TRLATSDt
  			TRLBTSDt CVLASFDt CVLASCDt
  			CVLALFDt CVLALCDt WASCOMDt
  			COGCOMDt CVLCOMDt
  			COGPGS
  			PC1 PC2 PC3 PC4 PC5 PC6
  		;
  	USEVARIABLES =
  		! outcome
    			CVLASF
    		! covariates
    			DEMAGE
    			DEMMAL  		
    		! within predictor
    			CANONS
    		! between predictor
    			CANONSBW
    		;
    	USEOBSERVATION =
    			(Wave EQ 1 AND CVLASFDt EQ 1)
    		;
    	CLUSTER =
    			ID_Fam
    		;
    	MISSING = .;
    	BETWEEN =   		
    			CANONSBW
    		;
    	WITHIN  		
    			CANONS
    			DEMAGE
    			DEMMAL
    		;  		

  DEFINE:
  	! CREATE BW FAM PREDICTOR
  		CANONSBW = cluster_mean (CANONS);
  	! CENTER WI FAM VARIABLES
  		CENTER CANONS (GROUPMEAN);
  		CENTER DEMMAL (GRANDMEAN);
  		CENTER DEMAGE (GRANDMEAN);
  	! CENTER BW FAM VARIABLES
  		CENTER CANONSBW (GRANDMEAN);

  ANALYSIS:
          ITERATIONS = 1000000;
          TYPE = TWOLEVEL RANDOM;
          ALGORITHM = INTEGRATION;

  OUTPUT:
  	SAMPSTAT STDYX TECH1 CINT;

  MODEL:
  %WITHIN%
  	CVLASF on CANONS;
  	CVLASF on  DEMMAL DEMAGE;	
  	CVLASF*;
  	CANONS WITH DEMMAL*;
  	CANONS WITH DEMAGE*;

  %BETWEEN%
  	CVLASF on CANONSBW;
  	CVLASF*;

  PLOT:
  	TYPE = plot3;



*** WARNING
  Data set contains cases with missing on x-variables.
  These cases were not included in the analysis.
  Number of cases with missing on x-variables:  33
*** WARNING
  Data set contains cases with missing on all variables except
  x-variables.  These cases were not included in the analysis.
  Number of cases with missing on all variables except x-variables:  1
   2 WARNING(S) FOUND IN THE INPUT INSTRUCTIONS



CANONS_CVLASF_1;

SUMMARY OF ANALYSIS

Number of groups                                                 1
Number of observations                                         456

Number of dependent variables                                    1
Number of independent variables                                  4
Number of continuous latent variables                            0

Observed dependent variables

  Continuous
   CVLASF

Observed independent variables
   DEMAGE      DEMMAL      CANONS      CANONSBW

Variables with special functions

  Cluster variable      ID_FAM

  Within variables
   DEMAGE      DEMMAL      CANONS

  Between variables
   CANONSBW

  Centering (GRANDMEAN)
   DEMMAL      DEMAGE      CANONSBW

  Centering (GROUPMEAN)
   CANONS


Estimator                                                      MLR
Information matrix                                        OBSERVED
Optimization Specifications for the Quasi-Newton Algorithm for
Continuous Outcomes
  Maximum number of iterations                             1000000
  Convergence criterion                                  0.100D-05
Optimization Specifications for the EM Algorithm
  Maximum number of iterations                                 500
  Convergence criteria
    Loglikelihood change                                 0.100D-02
    Relative loglikelihood change                        0.100D-05
    Derivative                                           0.100D-02
Optimization Specifications for the M step of the EM Algorithm for
Categorical Latent variables
  Number of M step iterations                                    1
  M step convergence criterion                           0.100D-02
  Basis for M step termination                           ITERATION
Optimization Specifications for the M step of the EM Algorithm for
Censored, Binary or Ordered Categorical (Ordinal), Unordered
Categorical (Nominal) and Count Outcomes
  Number of M step iterations                                    1
  M step convergence criterion                           0.100D-02
  Basis for M step termination                           ITERATION
  Maximum value for logit thresholds                            15
  Minimum value for logit thresholds                           -15
  Minimum expected cell size for chi-square              0.100D-01
Maximum number of iterations for H1                           2000
Convergence criterion for H1                             0.100D-03
Optimization algorithm                                         EMA
Integration Specifications
  Type                                                    STANDARD
  Number of integration points                                  15
  Dimensions of numerical integration                            0
  Adaptive quadrature                                           ON
Cholesky                                                       OFF

Input data file(s)
  GD190618.csv
Input data format  FREE


SUMMARY OF DATA

     Number of missing data patterns             4
     Number of clusters                        227



COVARIANCE COVERAGE OF DATA

Minimum covariance coverage value   0.100


     PROPORTION OF DATA PRESENT FOR Y


           Covariance Coverage
              CVLASF        DEMAGE        DEMMAL        CANONS        CANONSBW
              ________      ________      ________      ________      ________
 CVLASF         0.998
 DEMAGE         0.996         0.998
 DEMMAL         0.998         0.998         1.000
 CANONS         0.814         0.811         0.814         0.814
 CANONSBW       0.998         0.998         1.000         0.814         1.000


SAMPLE STATISTICS


     ESTIMATED SAMPLE STATISTICS


           Means
              CVLASF        DEMAGE        DEMMAL        CANONS        CANONSBW
              ________      ________      ________      ________      ________
 1             -0.639        -0.001         0.000         0.077         0.000


           Covariances
              CVLASF        DEMAGE        DEMMAL        CANONS        CANONSBW
              ________      ________      ________      ________      ________
 CVLASF         0.959
 DEMAGE        -0.074         6.018
 DEMMAL        -0.048        -0.113         0.246
 CANONS         0.107         1.272        -0.068         1.513
 CANONSBW       0.057         0.742         0.034        -0.049         2.186


           Correlations
              CVLASF        DEMAGE        DEMMAL        CANONS        CANONSBW
              ________      ________      ________      ________      ________
 CVLASF         1.000
 DEMAGE        -0.031         1.000
 DEMMAL        -0.099        -0.093         1.000
 CANONS         0.089         0.422        -0.112         1.000
 CANONSBW       0.039         0.205         0.047        -0.027         1.000


     MAXIMUM LOG-LIKELIHOOD VALUE FOR THE UNRESTRICTED (H1) MODEL IS -3387.419


UNIVARIATE SAMPLE STATISTICS


     UNIVARIATE HIGHER-ORDER MOMENT DESCRIPTIVE STATISTICS

         Variable/         Mean/     Skewness/   Minimum/ % with                Percentiles
        Sample Size      Variance    Kurtosis    Maximum  Min/Max      20%/60%    40%/80%    Median

     CVLASF               -0.638      -0.637      -4.500    0.66%      -1.500     -0.500     -0.500
             455.000       0.959       1.036       1.500    1.76%      -0.500      0.000
     DEMAGE                0.000       1.669      -3.824    0.22%      -1.864     -0.984     -0.544
             455.000       6.020       4.377      15.276    0.22%      -0.084      1.336
     DEMMAL                0.000      -0.247      -0.561   43.86%      -0.561     -0.561      0.439
             456.000       0.246      -1.939       0.439   56.14%       0.439      0.439
     CANONS                0.000       0.140      -4.000    0.27%      -1.000      0.000      0.000
             371.000       1.418       1.885       5.000    0.27%       0.000      1.000
     CANONSBW              0.006      -0.086      -4.194    0.88%      -1.194     -0.194     -0.194
             227.000       2.221       0.078       3.806    0.88%       0.306      1.139

     THE STANDARD ERRORS OF THE MODEL PARAMETER ESTIMATES MAY NOT BE
     TRUSTWORTHY FOR SOME PARAMETERS DUE TO A NON-POSITIVE DEFINITE
     FIRST-ORDER DERIVATIVE PRODUCT MATRIX.  THIS MAY BE DUE TO THE STARTING
     VALUES BUT MAY ALSO BE AN INDICATION OF MODEL NONIDENTIFICATION.  THE
     CONDITION NUMBER IS      -0.292D-16.  PROBLEM INVOLVING THE FOLLOWING PARAMETER:
     Parameter 12, %WITHIN%: CANONS


THE MODEL ESTIMATION TERMINATED NORMALLY



MODEL FIT INFORMATION

Number of Free Parameters                       15

Loglikelihood

          H0 Value                       -2575.607
          H0 Scaling Correction Factor      1.2850
            for MLR

Information Criteria

          Akaike (AIC)                    5181.214
          Bayesian (BIC)                  5243.052
          Sample-Size Adjusted BIC        5195.446
            (n* = (n + 2) / 24)



MODEL RESULTS

                                                    Two-Tailed
                    Estimate       S.E.  Est./S.E.    P-Value

Within Level

 CVLASF     ON
    CANONS             0.098      0.041      2.383      0.017
    DEMMAL            -0.191      0.088     -2.159      0.031
    DEMAGE            -0.037      0.023     -1.633      0.103

 CANONS   WITH
    DEMMAL            -0.042      0.025     -1.679      0.093
    DEMAGE             1.207      0.245      4.924      0.000

 Means
    DEMAGE            -0.001      0.113     -0.005      0.996
    DEMMAL             0.000      0.026      0.000      1.000
    CANONS             0.068      0.019      3.523      0.000

 Variances
    DEMAGE             6.018      0.688      8.744      0.000
    DEMMAL             0.246      0.003     76.542      0.000
    CANONS             1.484      0.215      6.898      0.000

 Residual Variances
    CVLASF             0.809      0.089      9.117      0.000

Between Level

 CVLASF     ON
    CANONSBW           0.044      0.033      1.330      0.183

 Intercepts
    CVLASF            -0.649      0.049    -13.297      0.000

 Residual Variances
    CVLASF             0.126      0.089      1.414      0.157


STANDARDIZED MODEL RESULTS


STDYX Standardization

                                                    Two-Tailed
                    Estimate       S.E.  Est./S.E.    P-Value

Within Level

 CVLASF     ON
    CANONS             0.131      0.056      2.329      0.020
    DEMMAL            -0.104      0.047     -2.220      0.026
    DEMAGE            -0.099      0.060     -1.651      0.099

 CANONS   WITH
    DEMMAL            -0.069      0.041     -1.688      0.091
    DEMAGE             0.404      0.054      7.529      0.000

 Means
    DEMAGE             0.000      0.046     -0.005      0.996
    DEMMAL             0.000      0.053      0.000      1.000
    CANONS             0.056      0.015      3.784      0.000

 Variances
    DEMAGE             1.000      0.000    999.000    999.000
    DEMMAL             1.000      0.000    999.000    999.000
    CANONS             1.000      0.000    999.000    999.000

 Residual Variances
    CVLASF             0.971      0.016     60.105      0.000

Between Level

 CVLASF     ON
    CANONSBW           0.181      0.143      1.269      0.204

 Intercepts
    CVLASF            -1.796      0.599     -3.001      0.003

 Residual Variances
    CVLASF             0.967      0.052     18.657      0.000


R-SQUARE

Within Level

    Observed                                        Two-Tailed
    Variable        Estimate       S.E.  Est./S.E.    P-Value

    CVLASF             0.029      0.016      1.804      0.071

Between Level

    Observed                                        Two-Tailed
    Variable        Estimate       S.E.  Est./S.E.    P-Value

    CVLASF             0.033      0.052      0.634      0.526


QUALITY OF NUMERICAL RESULTS

     Condition Number for the Information Matrix             -0.292E-16
       (ratio of smallest to largest eigenvalue)


CONFIDENCE INTERVALS OF MODEL RESULTS

                  Lower .5%  Lower 2.5%    Lower 5%    Estimate    Upper 5%  Upper 2.5%   Upper .5%

Within Level

 CVLASF   ON
    CANONS          -0.008       0.017       0.030       0.098       0.166       0.179       0.204
    DEMMAL          -0.419      -0.364      -0.336      -0.191      -0.045      -0.018       0.037
    DEMAGE          -0.095      -0.081      -0.074      -0.037       0.000       0.007       0.021

 CANONS   WITH
    DEMMAL          -0.106      -0.090      -0.082      -0.042      -0.001       0.007       0.022
    DEMAGE           0.576       0.727       0.804       1.207       1.610       1.687       1.838

 Means
    DEMAGE          -0.291      -0.221      -0.186      -0.001       0.185       0.220       0.290
    DEMMAL          -0.067      -0.051      -0.043       0.000       0.043       0.051       0.067
    CANONS           0.018       0.030       0.036       0.068       0.100       0.106       0.118

 Variances
    DEMAGE           4.246       4.669       4.886       6.018       7.151       7.367       7.791
    DEMMAL           0.238       0.240       0.241       0.246       0.252       0.253       0.255
    CANONS           0.930       1.062       1.130       1.484       1.838       1.905       2.038

 Residual Variances
    CVLASF           0.581       0.635       0.663       0.809       0.955       0.983       1.038

Between Level

 CVLASF   ON
    CANONSBW        -0.041      -0.021      -0.010       0.044       0.098       0.109       0.129

 Intercepts
    CVLASF          -0.775      -0.745      -0.730      -0.649      -0.569      -0.554      -0.524

 Residual Variances
    CVLASF          -0.104      -0.049      -0.021       0.126       0.274       0.302       0.357


CONFIDENCE INTERVALS OF STANDARDIZED MODEL RESULTS


STDYX Standardization

                  Lower .5%  Lower 2.5%    Lower 5%    Estimate    Upper 5%  Upper 2.5%   Upper .5%

Within Level

 CVLASF   ON
    CANONS          -0.014       0.021       0.038       0.131       0.224       0.241       0.276
    DEMMAL          -0.224      -0.195      -0.181      -0.104      -0.027      -0.012       0.017
    DEMAGE          -0.254      -0.217      -0.198      -0.099       0.000       0.019       0.056

 CANONS   WITH
    DEMMAL          -0.174      -0.149      -0.136      -0.069      -0.002       0.011       0.036
    DEMAGE           0.266       0.299       0.316       0.404       0.492       0.509       0.542

 Means
    DEMAGE          -0.119      -0.090      -0.076       0.000       0.075       0.090       0.118
    DEMMAL          -0.136      -0.103      -0.087       0.000       0.087       0.103       0.136
    CANONS           0.018       0.027       0.032       0.056       0.080       0.085       0.094

 Variances
    DEMAGE           1.000       1.000       1.000       1.000       1.000       1.000       1.000
    DEMMAL           1.000       1.000       1.000       1.000       1.000       1.000       1.000
    CANONS           1.000       1.000       1.000       1.000       1.000       1.000       1.000

 Residual Variances
    CVLASF           0.929       0.939       0.944       0.971       0.997       1.003       1.012

Between Level

 CVLASF   ON
    CANONSBW        -0.187      -0.099      -0.054       0.181       0.416       0.461       0.549

 Intercepts
    CVLASF          -3.338      -2.969      -2.781      -1.796      -0.812      -0.623      -0.255

 Residual Variances
    CVLASF           0.834       0.866       0.882       0.967       1.052       1.069       1.101


TECHNICAL 1 OUTPUT


     PARAMETER SPECIFICATION FOR WITHIN


           NU
              CVLASF        DEMAGE        DEMMAL        CANONS        CANONSBW
              ________      ________      ________      ________      ________
 1                  0             0             0             0             0


           LAMBDA
              CVLASF        DEMAGE        DEMMAL        CANONS        CANONSBW
              ________      ________      ________      ________      ________
 CVLASF             0             0             0             0             0
 DEMAGE             0             0             0             0             0
 DEMMAL             0             0             0             0             0
 CANONS             0             0             0             0             0
 CANONSBW           0             0             0             0             0


           THETA
              CVLASF        DEMAGE        DEMMAL        CANONS        CANONSBW
              ________      ________      ________      ________      ________
 CVLASF             0
 DEMAGE             0             0
 DEMMAL             0             0             0
 CANONS             0             0             0             0
 CANONSBW           0             0             0             0             0


           ALPHA
              CVLASF        DEMAGE        DEMMAL        CANONS        CANONSBW
              ________      ________      ________      ________      ________
 1                  0             1             2             3             0


           BETA
              CVLASF        DEMAGE        DEMMAL        CANONS        CANONSBW
              ________      ________      ________      ________      ________
 CVLASF             0             4             5             6             0
 DEMAGE             0             0             0             0             0
 DEMMAL             0             0             0             0             0
 CANONS             0             0             0             0             0
 CANONSBW           0             0             0             0             0


           PSI
              CVLASF        DEMAGE        DEMMAL        CANONS        CANONSBW
              ________      ________      ________      ________      ________
 CVLASF             7
 DEMAGE             0             8
 DEMMAL             0             0             9
 CANONS             0            10            11            12
 CANONSBW           0             0             0             0             0


     PARAMETER SPECIFICATION FOR BETWEEN


           NU
              CVLASF        DEMAGE        DEMMAL        CANONS        CANONSBW
              ________      ________      ________      ________      ________
 1                  0             0             0             0             0


           LAMBDA
              CVLASF        DEMAGE        DEMMAL        CANONS        CANONSBW
              ________      ________      ________      ________      ________
 CVLASF             0             0             0             0             0
 DEMAGE             0             0             0             0             0
 DEMMAL             0             0             0             0             0
 CANONS             0             0             0             0             0
 CANONSBW           0             0             0             0             0


           THETA
              CVLASF        DEMAGE        DEMMAL        CANONS        CANONSBW
              ________      ________      ________      ________      ________
 CVLASF             0
 DEMAGE             0             0
 DEMMAL             0             0             0
 CANONS             0             0             0             0
 CANONSBW           0             0             0             0             0


           ALPHA
              CVLASF        DEMAGE        DEMMAL        CANONS        CANONSBW
              ________      ________      ________      ________      ________
 1                 13             0             0             0             0


           BETA
              CVLASF        DEMAGE        DEMMAL        CANONS        CANONSBW
              ________      ________      ________      ________      ________
 CVLASF             0             0             0             0            14
 DEMAGE             0             0             0             0             0
 DEMMAL             0             0             0             0             0
 CANONS             0             0             0             0             0
 CANONSBW           0             0             0             0             0


           PSI
              CVLASF        DEMAGE        DEMMAL        CANONS        CANONSBW
              ________      ________      ________      ________      ________
 CVLASF            15
 DEMAGE             0             0
 DEMMAL             0             0             0
 CANONS             0             0             0             0
 CANONSBW           0             0             0             0             0


     STARTING VALUES FOR WITHIN


           NU
              CVLASF        DEMAGE        DEMMAL        CANONS        CANONSBW
              ________      ________      ________      ________      ________
 1              0.000         0.000         0.000         0.000         0.000


           LAMBDA
              CVLASF        DEMAGE        DEMMAL        CANONS        CANONSBW
              ________      ________      ________      ________      ________
 CVLASF         1.000         0.000         0.000         0.000         0.000
 DEMAGE         0.000         1.000         0.000         0.000         0.000
 DEMMAL         0.000         0.000         1.000         0.000         0.000
 CANONS         0.000         0.000         0.000         1.000         0.000
 CANONSBW       0.000         0.000         0.000         0.000         1.000


           THETA
              CVLASF        DEMAGE        DEMMAL        CANONS        CANONSBW
              ________      ________      ________      ________      ________
 CVLASF         0.000
 DEMAGE         0.000         0.000
 DEMMAL         0.000         0.000         0.000
 CANONS         0.000         0.000         0.000         0.000
 CANONSBW       0.000         0.000         0.000         0.000         0.000


           ALPHA
              CVLASF        DEMAGE        DEMMAL        CANONS        CANONSBW
              ________      ________      ________      ________      ________
 1              0.000         0.000         0.000         0.000         0.000


           BETA
              CVLASF        DEMAGE        DEMMAL        CANONS        CANONSBW
              ________      ________      ________      ________      ________
 CVLASF         0.000         0.000         0.000         0.000         0.000
 DEMAGE         0.000         0.000         0.000         0.000         0.000
 DEMMAL         0.000         0.000         0.000         0.000         0.000
 CANONS         0.000         0.000         0.000         0.000         0.000
 CANONSBW       0.000         0.000         0.000         0.000         0.000


           PSI
              CVLASF        DEMAGE        DEMMAL        CANONS        CANONSBW
              ________      ________      ________      ________      ________
 CVLASF         0.479
 DEMAGE         0.000         3.010
 DEMMAL         0.000         0.000         0.123
 CANONS         0.000         0.000         0.000         0.709
 CANONSBW       0.000         0.000         0.000         0.000         0.000


     STARTING VALUES FOR BETWEEN


           NU
              CVLASF        DEMAGE        DEMMAL        CANONS        CANONSBW
              ________      ________      ________      ________      ________
 1              0.000         0.000         0.000         0.000         0.000


           LAMBDA
              CVLASF        DEMAGE        DEMMAL        CANONS        CANONSBW
              ________      ________      ________      ________      ________
 CVLASF         1.000         0.000         0.000         0.000         0.000
 DEMAGE         0.000         1.000         0.000         0.000         0.000
 DEMMAL         0.000         0.000         1.000         0.000         0.000
 CANONS         0.000         0.000         0.000         1.000         0.000
 CANONSBW       0.000         0.000         0.000         0.000         1.000


           THETA
              CVLASF        DEMAGE        DEMMAL        CANONS        CANONSBW
              ________      ________      ________      ________      ________
 CVLASF         0.000
 DEMAGE         0.000         0.000
 DEMMAL         0.000         0.000         0.000
 CANONS         0.000         0.000         0.000         0.000
 CANONSBW       0.000         0.000         0.000         0.000         0.000


           ALPHA
              CVLASF        DEMAGE        DEMMAL        CANONS        CANONSBW
              ________      ________      ________      ________      ________
 1             -0.638         0.000         0.000         0.000         0.000


           BETA
              CVLASF        DEMAGE        DEMMAL        CANONS        CANONSBW
              ________      ________      ________      ________      ________
 CVLASF         0.000         0.000         0.000         0.000         0.000
 DEMAGE         0.000         0.000         0.000         0.000         0.000
 DEMMAL         0.000         0.000         0.000         0.000         0.000
 CANONS         0.000         0.000         0.000         0.000         0.000
 CANONSBW       0.000         0.000         0.000         0.000         0.000


           PSI
              CVLASF        DEMAGE        DEMMAL        CANONS        CANONSBW
              ________      ________      ________      ________      ________
 CVLASF         0.479
 DEMAGE         0.000         0.000
 DEMMAL         0.000         0.000         0.000
 CANONS         0.000         0.000         0.000         0.000
 CANONSBW       0.000         0.000         0.000         0.000         1.093


SAMPLE STATISTICS FOR ESTIMATED FACTOR SCORES


     SAMPLE STATISTICS


           Means
              B_CVLASF
              ________
 1             -0.645


           Covariances
              B_CVLASF
              ________
 B_CVLASF       0.034


           Correlations
              B_CVLASF
              ________
 B_CVLASF       1.000


PLOT INFORMATION

The following plots are available:

  Histograms (sample values)
  Scatterplots (sample values)

     Beginning Time:  14:26:41
        Ending Time:  14:26:41
       Elapsed Time:  00:00:00



MUTHEN & MUTHEN
3463 Stoner Ave.
Los Angeles, CA  90066

Tel: (310) 391-9971
Fax: (310) 391-8971
Web: www.StatModel.com
Support: Support@StatModel.com

Copyright (c) 1998-2015 Muthen & Muthen
