Mplus VERSION 7.4 (Mac)
MUTHEN & MUTHEN
07/30/2019   2:26 PM

INPUT INSTRUCTIONS


  TITLE: CANONS_CVLASC_1;

  DATA:
  	FILE = GD190618.csv;

  VARIABLE:
  	NAMES =
  			ID_Fam   Wave     ID_MPL
  			DEMMAL   DEMAGE   DEMHSP   DEMRAC
  			SRPWCR
  			WASVCB   WASBLK   WASDGT   WSISUM
  			TRLATS   TRLBTS
  			CVLASF   CVLASC   CVLALF   CVLALC
  			WASCOM   COGCOM   CVLCOM
  			CANEVR   CANONS   CANFLF
  			CANFTY   CANF6M   CANAC6
  			CANYRS
  			ALCEVR   ALCONS   ALCFLF
  			ALCFTY   ALCF6M   ALCAC6
  			ALCYRS
  			SRPWCRDt WASVCBDt WASBLKDt
  			WASDGTDt WSISUMDt TRLATSDt
  			TRLBTSDt CVLASFDt CVLASCDt
  			CVLALFDt CVLALCDt WASCOMDt
  			COGCOMDt CVLCOMDt
  			COGPGS
  			PC1 PC2 PC3 PC4 PC5 PC6
  		;
  	USEVARIABLES =
  		! outcome
    			CVLASC
    		! covariates
    			DEMAGE
    			DEMMAL  		
    		! within predictor
    			CANONS
    		! between predictor
    			CANONSBW
    		;
    	USEOBSERVATION =
    			(Wave EQ 1 AND CVLASCDt EQ 1)
    		;
    	CLUSTER =
    			ID_Fam
    		;
    	MISSING = .;
    	BETWEEN =   		
    			CANONSBW
    		;
    	WITHIN  		
    			CANONS
    			DEMAGE
    			DEMMAL
    		;  		

  DEFINE:
  	! CREATE BW FAM PREDICTOR
  		CANONSBW = cluster_mean (CANONS);
  	! CENTER WI FAM VARIABLES
  		CENTER CANONS (GROUPMEAN);
  		CENTER DEMMAL (GRANDMEAN);
  		CENTER DEMAGE (GRANDMEAN);
  	! CENTER BW FAM VARIABLES
  		CENTER CANONSBW (GRANDMEAN);

  ANALYSIS:
          ITERATIONS = 1000000;
          TYPE = TWOLEVEL RANDOM;
          ALGORITHM = INTEGRATION;

  OUTPUT:
  	SAMPSTAT STDYX TECH1 CINT;

  MODEL:
  %WITHIN%
  	CVLASC on CANONS;
  	CVLASC on  DEMMAL DEMAGE;	
  	CVLASC*;
  	CANONS WITH DEMMAL*;
  	CANONS WITH DEMAGE*;

  %BETWEEN%
  	CVLASC on CANONSBW;
  	CVLASC*;

  PLOT:
  	TYPE = plot3;



*** WARNING
  Data set contains cases with missing on x-variables.
  These cases were not included in the analysis.
  Number of cases with missing on x-variables:  33
*** WARNING
  Data set contains cases with missing on all variables except
  x-variables.  These cases were not included in the analysis.
  Number of cases with missing on all variables except x-variables:  1
   2 WARNING(S) FOUND IN THE INPUT INSTRUCTIONS



CANONS_CVLASC_1;

SUMMARY OF ANALYSIS

Number of groups                                                 1
Number of observations                                         456

Number of dependent variables                                    1
Number of independent variables                                  4
Number of continuous latent variables                            0

Observed dependent variables

  Continuous
   CVLASC

Observed independent variables
   DEMAGE      DEMMAL      CANONS      CANONSBW

Variables with special functions

  Cluster variable      ID_FAM

  Within variables
   DEMAGE      DEMMAL      CANONS

  Between variables
   CANONSBW

  Centering (GRANDMEAN)
   DEMMAL      DEMAGE      CANONSBW

  Centering (GROUPMEAN)
   CANONS


Estimator                                                      MLR
Information matrix                                        OBSERVED
Optimization Specifications for the Quasi-Newton Algorithm for
Continuous Outcomes
  Maximum number of iterations                             1000000
  Convergence criterion                                  0.100D-05
Optimization Specifications for the EM Algorithm
  Maximum number of iterations                                 500
  Convergence criteria
    Loglikelihood change                                 0.100D-02
    Relative loglikelihood change                        0.100D-05
    Derivative                                           0.100D-02
Optimization Specifications for the M step of the EM Algorithm for
Categorical Latent variables
  Number of M step iterations                                    1
  M step convergence criterion                           0.100D-02
  Basis for M step termination                           ITERATION
Optimization Specifications for the M step of the EM Algorithm for
Censored, Binary or Ordered Categorical (Ordinal), Unordered
Categorical (Nominal) and Count Outcomes
  Number of M step iterations                                    1
  M step convergence criterion                           0.100D-02
  Basis for M step termination                           ITERATION
  Maximum value for logit thresholds                            15
  Minimum value for logit thresholds                           -15
  Minimum expected cell size for chi-square              0.100D-01
Maximum number of iterations for H1                           2000
Convergence criterion for H1                             0.100D-03
Optimization algorithm                                         EMA
Integration Specifications
  Type                                                    STANDARD
  Number of integration points                                  15
  Dimensions of numerical integration                            0
  Adaptive quadrature                                           ON
Cholesky                                                       OFF

Input data file(s)
  GD190618.csv
Input data format  FREE


SUMMARY OF DATA

     Number of missing data patterns             4
     Number of clusters                        227



COVARIANCE COVERAGE OF DATA

Minimum covariance coverage value   0.100


     PROPORTION OF DATA PRESENT FOR Y


           Covariance Coverage
              CVLASC        DEMAGE        DEMMAL        CANONS        CANONSBW
              ________      ________      ________      ________      ________
 CVLASC         0.998
 DEMAGE         0.996         0.998
 DEMMAL         0.998         0.998         1.000
 CANONS         0.814         0.811         0.814         0.814
 CANONSBW       0.998         0.998         1.000         0.814         1.000


SAMPLE STATISTICS


     ESTIMATED SAMPLE STATISTICS


           Means
              CVLASC        DEMAGE        DEMMAL        CANONS        CANONSBW
              ________      ________      ________      ________      ________
 1             -0.471        -0.001         0.000         0.073         0.000


           Covariances
              CVLASC        DEMAGE        DEMMAL        CANONS        CANONSBW
              ________      ________      ________      ________      ________
 CVLASC         0.930
 DEMAGE        -0.012         6.018
 DEMMAL        -0.078        -0.113         0.246
 CANONS         0.013         1.264        -0.066         1.509
 CANONSBW       0.100         0.742         0.034        -0.051         2.186


           Correlations
              CVLASC        DEMAGE        DEMMAL        CANONS        CANONSBW
              ________      ________      ________      ________      ________
 CVLASC         1.000
 DEMAGE        -0.005         1.000
 DEMMAL        -0.163        -0.093         1.000
 CANONS         0.011         0.419        -0.109         1.000
 CANONSBW       0.070         0.205         0.047        -0.028         1.000


     MAXIMUM LOG-LIKELIHOOD VALUE FOR THE UNRESTRICTED (H1) MODEL IS -3378.328


UNIVARIATE SAMPLE STATISTICS


     UNIVARIATE HIGHER-ORDER MOMENT DESCRIPTIVE STATISTICS

         Variable/         Mean/     Skewness/   Minimum/ % with                Percentiles
        Sample Size      Variance    Kurtosis    Maximum  Min/Max      20%/60%    40%/80%    Median

     CVLASC               -0.471      -0.879      -5.000    0.66%      -1.000     -0.500     -0.500
             455.000       0.930       2.821       1.500    1.76%      -0.500      0.500
     DEMAGE                0.000       1.669      -3.824    0.22%      -1.864     -0.984     -0.544
             455.000       6.020       4.377      15.276    0.22%      -0.084      1.336
     DEMMAL                0.000      -0.247      -0.561   43.86%      -0.561     -0.561      0.439
             456.000       0.246      -1.939       0.439   56.14%       0.439      0.439
     CANONS                0.000       0.140      -4.000    0.27%      -1.000      0.000      0.000
             371.000       1.418       1.885       5.000    0.27%       0.000      1.000
     CANONSBW              0.006      -0.086      -4.194    0.88%      -1.194     -0.194     -0.194
             227.000       2.221       0.078       3.806    0.88%       0.306      1.139

     THE STANDARD ERRORS OF THE MODEL PARAMETER ESTIMATES MAY NOT BE
     TRUSTWORTHY FOR SOME PARAMETERS DUE TO A NON-POSITIVE DEFINITE
     FIRST-ORDER DERIVATIVE PRODUCT MATRIX.  THIS MAY BE DUE TO THE STARTING
     VALUES BUT MAY ALSO BE AN INDICATION OF MODEL NONIDENTIFICATION.  THE
     CONDITION NUMBER IS      -0.818D-16.  PROBLEM INVOLVING THE FOLLOWING PARAMETER:
     Parameter 12, %WITHIN%: CANONS


THE MODEL ESTIMATION TERMINATED NORMALLY



MODEL FIT INFORMATION

Number of Free Parameters                       15

Loglikelihood

          H0 Value                       -2567.391
          H0 Scaling Correction Factor      1.2926
            for MLR

Information Criteria

          Akaike (AIC)                    5164.783
          Bayesian (BIC)                  5226.620
          Sample-Size Adjusted BIC        5179.015
            (n* = (n + 2) / 24)



MODEL RESULTS

                                                    Two-Tailed
                    Estimate       S.E.  Est./S.E.    P-Value

Within Level

 CVLASC     ON
    CANONS             0.008      0.042      0.198      0.843
    DEMMAL            -0.325      0.093     -3.496      0.000
    DEMAGE            -0.013      0.020     -0.645      0.519

 CANONS   WITH
    DEMMAL            -0.040      0.025     -1.604      0.109
    DEMAGE             1.197      0.244      4.901      0.000

 Means
    DEMAGE            -0.001      0.113     -0.010      0.992
    DEMMAL             0.000      0.026      0.000      1.000
    CANONS             0.064      0.019      3.435      0.001

 Variances
    DEMAGE             6.019      0.688      8.744      0.000
    DEMMAL             0.246      0.003     76.542      0.000
    CANONS             1.479      0.214      6.902      0.000

 Residual Variances
    CVLASC             0.807      0.115      7.041      0.000

Between Level

 CVLASC     ON
    CANONSBW           0.056      0.030      1.860      0.063

 Intercepts
    CVLASC            -0.472      0.046    -10.226      0.000

 Residual Variances
    CVLASC             0.093      0.063      1.491      0.136


STANDARDIZED MODEL RESULTS


STDYX Standardization

                                                    Two-Tailed
                    Estimate       S.E.  Est./S.E.    P-Value

Within Level

 CVLASC     ON
    CANONS             0.011      0.056      0.198      0.843
    DEMMAL            -0.177      0.047     -3.730      0.000
    DEMAGE            -0.035      0.054     -0.642      0.521

 CANONS   WITH
    DEMMAL            -0.066      0.041     -1.611      0.107
    DEMAGE             0.401      0.054      7.477      0.000

 Means
    DEMAGE             0.000      0.046     -0.010      0.992
    DEMMAL             0.000      0.053      0.000      1.000
    CANONS             0.053      0.014      3.671      0.000

 Variances
    DEMAGE             1.000      0.000    999.000    999.000
    DEMMAL             1.000      0.000    999.000    999.000
    CANONS             1.000      0.000    999.000    999.000

 Residual Variances
    CVLASC             0.968      0.017     57.130      0.000

Between Level

 CVLASC     ON
    CANONSBW           0.264      0.151      1.746      0.081

 Intercepts
    CVLASC            -1.492      0.506     -2.946      0.003

 Residual Variances
    CVLASC             0.930      0.080     11.639      0.000


R-SQUARE

Within Level

    Observed                                        Two-Tailed
    Variable        Estimate       S.E.  Est./S.E.    P-Value

    CVLASC             0.032      0.017      1.915      0.055

Between Level

    Observed                                        Two-Tailed
    Variable        Estimate       S.E.  Est./S.E.    P-Value

    CVLASC             0.070      0.080      0.873      0.383


QUALITY OF NUMERICAL RESULTS

     Condition Number for the Information Matrix             -0.818E-16
       (ratio of smallest to largest eigenvalue)


CONFIDENCE INTERVALS OF MODEL RESULTS

                  Lower .5%  Lower 2.5%    Lower 5%    Estimate    Upper 5%  Upper 2.5%   Upper .5%

Within Level

 CVLASC   ON
    CANONS          -0.100      -0.074      -0.061       0.008       0.077       0.091       0.117
    DEMMAL          -0.564      -0.507      -0.478      -0.325      -0.172      -0.143      -0.086
    DEMAGE          -0.065      -0.052      -0.046      -0.013       0.020       0.026       0.039

 CANONS   WITH
    DEMMAL          -0.103      -0.088      -0.080      -0.040       0.001       0.009       0.024
    DEMAGE           0.568       0.718       0.795       1.197       1.599       1.675       1.826

 Means
    DEMAGE          -0.291      -0.222      -0.186      -0.001       0.184       0.220       0.289
    DEMMAL          -0.067      -0.051      -0.043       0.000       0.043       0.051       0.067
    CANONS           0.016       0.028       0.033       0.064       0.095       0.101       0.112

 Variances
    DEMAGE           4.246       4.670       4.887       6.019       7.151       7.368       7.792
    DEMMAL           0.238       0.240       0.241       0.246       0.252       0.253       0.255
    CANONS           0.927       1.059       1.127       1.479       1.832       1.900       2.032

 Residual Variances
    CVLASC           0.512       0.583       0.619       0.807       0.996       1.032       1.103

Between Level

 CVLASC   ON
    CANONSBW        -0.022      -0.003       0.006       0.056       0.106       0.115       0.134

 Intercepts
    CVLASC          -0.591      -0.563      -0.548      -0.472      -0.396      -0.382      -0.353

 Residual Variances
    CVLASC          -0.068      -0.029      -0.010       0.093       0.196       0.216       0.254


CONFIDENCE INTERVALS OF STANDARDIZED MODEL RESULTS


STDYX Standardization

                  Lower .5%  Lower 2.5%    Lower 5%    Estimate    Upper 5%  Upper 2.5%   Upper .5%

Within Level

 CVLASC   ON
    CANONS          -0.133      -0.099      -0.081       0.011       0.103       0.121       0.156
    DEMMAL          -0.298      -0.269      -0.254      -0.177      -0.099      -0.084      -0.055
    DEMAGE          -0.174      -0.141      -0.124      -0.035       0.054       0.071       0.105

 CANONS   WITH
    DEMMAL          -0.171      -0.146      -0.133      -0.066       0.001       0.014       0.039
    DEMAGE           0.263       0.296       0.313       0.401       0.489       0.506       0.539

 Means
    DEMAGE          -0.119      -0.091      -0.076       0.000       0.075       0.090       0.118
    DEMMAL          -0.136      -0.103      -0.087       0.000       0.087       0.103       0.136
    CANONS           0.016       0.025       0.029       0.053       0.076       0.081       0.090

 Variances
    DEMAGE           1.000       1.000       1.000       1.000       1.000       1.000       1.000
    DEMMAL           1.000       1.000       1.000       1.000       1.000       1.000       1.000
    CANONS           1.000       1.000       1.000       1.000       1.000       1.000       1.000

 Residual Variances
    CVLASC           0.924       0.934       0.940       0.968       0.995       1.001       1.011

Between Level

 CVLASC   ON
    CANONSBW        -0.126      -0.032       0.015       0.264       0.513       0.561       0.654

 Intercepts
    CVLASC          -2.796      -2.484      -2.325      -1.492      -0.659      -0.499      -0.188

 Residual Variances
    CVLASC           0.724       0.774       0.799       0.930       1.062       1.087       1.136


TECHNICAL 1 OUTPUT


     PARAMETER SPECIFICATION FOR WITHIN


           NU
              CVLASC        DEMAGE        DEMMAL        CANONS        CANONSBW
              ________      ________      ________      ________      ________
 1                  0             0             0             0             0


           LAMBDA
              CVLASC        DEMAGE        DEMMAL        CANONS        CANONSBW
              ________      ________      ________      ________      ________
 CVLASC             0             0             0             0             0
 DEMAGE             0             0             0             0             0
 DEMMAL             0             0             0             0             0
 CANONS             0             0             0             0             0
 CANONSBW           0             0             0             0             0


           THETA
              CVLASC        DEMAGE        DEMMAL        CANONS        CANONSBW
              ________      ________      ________      ________      ________
 CVLASC             0
 DEMAGE             0             0
 DEMMAL             0             0             0
 CANONS             0             0             0             0
 CANONSBW           0             0             0             0             0


           ALPHA
              CVLASC        DEMAGE        DEMMAL        CANONS        CANONSBW
              ________      ________      ________      ________      ________
 1                  0             1             2             3             0


           BETA
              CVLASC        DEMAGE        DEMMAL        CANONS        CANONSBW
              ________      ________      ________      ________      ________
 CVLASC             0             4             5             6             0
 DEMAGE             0             0             0             0             0
 DEMMAL             0             0             0             0             0
 CANONS             0             0             0             0             0
 CANONSBW           0             0             0             0             0


           PSI
              CVLASC        DEMAGE        DEMMAL        CANONS        CANONSBW
              ________      ________      ________      ________      ________
 CVLASC             7
 DEMAGE             0             8
 DEMMAL             0             0             9
 CANONS             0            10            11            12
 CANONSBW           0             0             0             0             0


     PARAMETER SPECIFICATION FOR BETWEEN


           NU
              CVLASC        DEMAGE        DEMMAL        CANONS        CANONSBW
              ________      ________      ________      ________      ________
 1                  0             0             0             0             0


           LAMBDA
              CVLASC        DEMAGE        DEMMAL        CANONS        CANONSBW
              ________      ________      ________      ________      ________
 CVLASC             0             0             0             0             0
 DEMAGE             0             0             0             0             0
 DEMMAL             0             0             0             0             0
 CANONS             0             0             0             0             0
 CANONSBW           0             0             0             0             0


           THETA
              CVLASC        DEMAGE        DEMMAL        CANONS        CANONSBW
              ________      ________      ________      ________      ________
 CVLASC             0
 DEMAGE             0             0
 DEMMAL             0             0             0
 CANONS             0             0             0             0
 CANONSBW           0             0             0             0             0


           ALPHA
              CVLASC        DEMAGE        DEMMAL        CANONS        CANONSBW
              ________      ________      ________      ________      ________
 1                 13             0             0             0             0


           BETA
              CVLASC        DEMAGE        DEMMAL        CANONS        CANONSBW
              ________      ________      ________      ________      ________
 CVLASC             0             0             0             0            14
 DEMAGE             0             0             0             0             0
 DEMMAL             0             0             0             0             0
 CANONS             0             0             0             0             0
 CANONSBW           0             0             0             0             0


           PSI
              CVLASC        DEMAGE        DEMMAL        CANONS        CANONSBW
              ________      ________      ________      ________      ________
 CVLASC            15
 DEMAGE             0             0
 DEMMAL             0             0             0
 CANONS             0             0             0             0
 CANONSBW           0             0             0             0             0


     STARTING VALUES FOR WITHIN


           NU
              CVLASC        DEMAGE        DEMMAL        CANONS        CANONSBW
              ________      ________      ________      ________      ________
 1              0.000         0.000         0.000         0.000         0.000


           LAMBDA
              CVLASC        DEMAGE        DEMMAL        CANONS        CANONSBW
              ________      ________      ________      ________      ________
 CVLASC         1.000         0.000         0.000         0.000         0.000
 DEMAGE         0.000         1.000         0.000         0.000         0.000
 DEMMAL         0.000         0.000         1.000         0.000         0.000
 CANONS         0.000         0.000         0.000         1.000         0.000
 CANONSBW       0.000         0.000         0.000         0.000         1.000


           THETA
              CVLASC        DEMAGE        DEMMAL        CANONS        CANONSBW
              ________      ________      ________      ________      ________
 CVLASC         0.000
 DEMAGE         0.000         0.000
 DEMMAL         0.000         0.000         0.000
 CANONS         0.000         0.000         0.000         0.000
 CANONSBW       0.000         0.000         0.000         0.000         0.000


           ALPHA
              CVLASC        DEMAGE        DEMMAL        CANONS        CANONSBW
              ________      ________      ________      ________      ________
 1              0.000         0.000         0.000         0.000         0.000


           BETA
              CVLASC        DEMAGE        DEMMAL        CANONS        CANONSBW
              ________      ________      ________      ________      ________
 CVLASC         0.000         0.000         0.000         0.000         0.000
 DEMAGE         0.000         0.000         0.000         0.000         0.000
 DEMMAL         0.000         0.000         0.000         0.000         0.000
 CANONS         0.000         0.000         0.000         0.000         0.000
 CANONSBW       0.000         0.000         0.000         0.000         0.000


           PSI
              CVLASC        DEMAGE        DEMMAL        CANONS        CANONSBW
              ________      ________      ________      ________      ________
 CVLASC         0.465
 DEMAGE         0.000         3.010
 DEMMAL         0.000         0.000         0.123
 CANONS         0.000         0.000         0.000         0.709
 CANONSBW       0.000         0.000         0.000         0.000         0.000


     STARTING VALUES FOR BETWEEN


           NU
              CVLASC        DEMAGE        DEMMAL        CANONS        CANONSBW
              ________      ________      ________      ________      ________
 1              0.000         0.000         0.000         0.000         0.000


           LAMBDA
              CVLASC        DEMAGE        DEMMAL        CANONS        CANONSBW
              ________      ________      ________      ________      ________
 CVLASC         1.000         0.000         0.000         0.000         0.000
 DEMAGE         0.000         1.000         0.000         0.000         0.000
 DEMMAL         0.000         0.000         1.000         0.000         0.000
 CANONS         0.000         0.000         0.000         1.000         0.000
 CANONSBW       0.000         0.000         0.000         0.000         1.000


           THETA
              CVLASC        DEMAGE        DEMMAL        CANONS        CANONSBW
              ________      ________      ________      ________      ________
 CVLASC         0.000
 DEMAGE         0.000         0.000
 DEMMAL         0.000         0.000         0.000
 CANONS         0.000         0.000         0.000         0.000
 CANONSBW       0.000         0.000         0.000         0.000         0.000


           ALPHA
              CVLASC        DEMAGE        DEMMAL        CANONS        CANONSBW
              ________      ________      ________      ________      ________
 1             -0.471         0.000         0.000         0.000         0.000


           BETA
              CVLASC        DEMAGE        DEMMAL        CANONS        CANONSBW
              ________      ________      ________      ________      ________
 CVLASC         0.000         0.000         0.000         0.000         0.000
 DEMAGE         0.000         0.000         0.000         0.000         0.000
 DEMMAL         0.000         0.000         0.000         0.000         0.000
 CANONS         0.000         0.000         0.000         0.000         0.000
 CANONSBW       0.000         0.000         0.000         0.000         0.000


           PSI
              CVLASC        DEMAGE        DEMMAL        CANONS        CANONSBW
              ________      ________      ________      ________      ________
 CVLASC         0.465
 DEMAGE         0.000         0.000
 DEMMAL         0.000         0.000         0.000
 CANONS         0.000         0.000         0.000         0.000
 CANONSBW       0.000         0.000         0.000         0.000         1.093


SAMPLE STATISTICS FOR ESTIMATED FACTOR SCORES


     SAMPLE STATISTICS


           Means
              B_CVLASC
              ________
 1             -0.471


           Covariances
              B_CVLASC
              ________
 B_CVLASC       0.024


           Correlations
              B_CVLASC
              ________
 B_CVLASC       1.000


PLOT INFORMATION

The following plots are available:

  Histograms (sample values)
  Scatterplots (sample values)

     Beginning Time:  14:26:38
        Ending Time:  14:26:39
       Elapsed Time:  00:00:01



MUTHEN & MUTHEN
3463 Stoner Ave.
Los Angeles, CA  90066

Tel: (310) 391-9971
Fax: (310) 391-8971
Web: www.StatModel.com
Support: Support@StatModel.com

Copyright (c) 1998-2015 Muthen & Muthen
