Mplus VERSION 7.4 (Mac)
MUTHEN & MUTHEN
07/30/2019   2:26 PM

INPUT INSTRUCTIONS


  TITLE: CANONS_CVLALC_2;

  DATA:
  	FILE = GD190618.csv;

  VARIABLE:
  	NAMES =
  			ID_Fam   Wave     ID_MPL
  			DEMMAL   DEMAGE   DEMHSP   DEMRAC
  			SRPWCR
  			WASVCB   WASBLK   WASDGT   WSISUM
  			TRLATS   TRLBTS
  			CVLASF   CVLASC   CVLALF   CVLALC
  			WASCOM   COGCOM   CVLCOM
  			CANEVR   CANONS   CANFLF
  			CANFTY   CANF6M   CANAC6
  			CANYRS
  			ALCEVR   ALCONS   ALCFLF
  			ALCFTY   ALCF6M   ALCAC6
  			ALCYRS
  			SRPWCRDt WASVCBDt WASBLKDt
  			WASDGTDt WSISUMDt TRLATSDt
  			TRLBTSDt CVLASFDt CVLASCDt
  			CVLALFDt CVLALCDt WASCOMDt
  			COGCOMDt CVLCOMDt
  			COGPGS
  			PC1 PC2 PC3 PC4 PC5 PC6
  		;
  	USEVARIABLES =
  		! outcome
    			CVLALC
    		! covariates
    			DEMAGE
    			DEMMAL  		
    		! within predictor
    			CANONS
    		! between predictor
    			CANONSBW
    		;
    	USEOBSERVATION =
    			(Wave EQ 2 AND CVLALCDt EQ 1)
    		;
    	CLUSTER =
    			ID_Fam
    		;
    	MISSING = .;
    	BETWEEN =   		
    			CANONSBW
    		;
    	WITHIN  		
    			CANONS
    			DEMAGE
    			DEMMAL
    		;  		

  DEFINE:
  	! CREATE BW FAM PREDICTOR
  		CANONSBW = cluster_mean (CANONS);
  	! CENTER WI FAM VARIABLES
  		CENTER CANONS (GROUPMEAN);
  		CENTER DEMMAL (GRANDMEAN);
  		CENTER DEMAGE (GRANDMEAN);
  	! CENTER BW FAM VARIABLES
  		CENTER CANONSBW (GRANDMEAN);

  ANALYSIS:
          ITERATIONS = 1000000;
          TYPE = TWOLEVEL RANDOM;
          ALGORITHM = INTEGRATION;

  OUTPUT:
  	SAMPSTAT STDYX TECH1 CINT;

  MODEL:
  %WITHIN%
  	CVLALC on CANONS;
  	CVLALC on  DEMMAL DEMAGE;	
  	CVLALC*;
  	CANONS WITH DEMMAL*;
  	CANONS WITH DEMAGE*;

  %BETWEEN%
  	CVLALC on CANONSBW;
  	CVLALC*;

  PLOT:
  	TYPE = plot3;



*** WARNING
  Data set contains cases with missing on x-variables.
  These cases were not included in the analysis.
  Number of cases with missing on x-variables:  29
   1 WARNING(S) FOUND IN THE INPUT INSTRUCTIONS



CANONS_CVLALC_2;

SUMMARY OF ANALYSIS

Number of groups                                                 1
Number of observations                                         395

Number of dependent variables                                    1
Number of independent variables                                  4
Number of continuous latent variables                            0

Observed dependent variables

  Continuous
   CVLALC

Observed independent variables
   DEMAGE      DEMMAL      CANONS      CANONSBW

Variables with special functions

  Cluster variable      ID_FAM

  Within variables
   DEMAGE      DEMMAL      CANONS

  Between variables
   CANONSBW

  Centering (GRANDMEAN)
   DEMMAL      DEMAGE      CANONSBW

  Centering (GROUPMEAN)
   CANONS


Estimator                                                      MLR
Information matrix                                        OBSERVED
Optimization Specifications for the Quasi-Newton Algorithm for
Continuous Outcomes
  Maximum number of iterations                             1000000
  Convergence criterion                                  0.100D-05
Optimization Specifications for the EM Algorithm
  Maximum number of iterations                                 500
  Convergence criteria
    Loglikelihood change                                 0.100D-02
    Relative loglikelihood change                        0.100D-05
    Derivative                                           0.100D-02
Optimization Specifications for the M step of the EM Algorithm for
Categorical Latent variables
  Number of M step iterations                                    1
  M step convergence criterion                           0.100D-02
  Basis for M step termination                           ITERATION
Optimization Specifications for the M step of the EM Algorithm for
Censored, Binary or Ordered Categorical (Ordinal), Unordered
Categorical (Nominal) and Count Outcomes
  Number of M step iterations                                    1
  M step convergence criterion                           0.100D-02
  Basis for M step termination                           ITERATION
  Maximum value for logit thresholds                            15
  Minimum value for logit thresholds                           -15
  Minimum expected cell size for chi-square              0.100D-01
Maximum number of iterations for H1                           2000
Convergence criterion for H1                             0.100D-03
Optimization algorithm                                         EMA
Integration Specifications
  Type                                                    STANDARD
  Number of integration points                                  15
  Dimensions of numerical integration                            0
  Adaptive quadrature                                           ON
Cholesky                                                       OFF

Input data file(s)
  GD190618.csv
Input data format  FREE


SUMMARY OF DATA

     Number of missing data patterns             5
     Number of clusters                        209



COVARIANCE COVERAGE OF DATA

Minimum covariance coverage value   0.100


     PROPORTION OF DATA PRESENT FOR Y


           Covariance Coverage
              CVLALC        DEMAGE        DEMMAL        CANONS        CANONSBW
              ________      ________      ________      ________      ________
 CVLALC         0.848
 DEMAGE         0.848         0.997
 DEMMAL         0.848         0.997         0.997
 CANONS         0.724         0.848         0.848         0.851
 CANONSBW       0.848         0.997         0.997         0.851         1.000


SAMPLE STATISTICS


     ESTIMATED SAMPLE STATISTICS


           Means
              CVLALC        DEMAGE        DEMMAL        CANONS        CANONSBW
              ________      ________      ________      ________      ________
 1             -0.586         0.001         0.000         0.020         0.000


           Covariances
              CVLALC        DEMAGE        DEMMAL        CANONS        CANONSBW
              ________      ________      ________      ________      ________
 CVLALC         1.142
 DEMAGE        -0.130         8.149
 DEMMAL         0.022        -0.187         0.246
 CANONS         0.186         0.580        -0.036         1.779
 CANONSBW       0.177         1.265        -0.109        -0.040         3.868


           Correlations
              CVLALC        DEMAGE        DEMMAL        CANONS        CANONSBW
              ________      ________      ________      ________      ________
 CVLALC         1.000
 DEMAGE        -0.043         1.000
 DEMMAL         0.042        -0.132         1.000
 CANONS         0.131         0.152        -0.054         1.000
 CANONSBW       0.084         0.225        -0.112        -0.015         1.000


     MAXIMUM LOG-LIKELIHOOD VALUE FOR THE UNRESTRICTED (H1) MODEL IS -3128.588


UNIVARIATE SAMPLE STATISTICS


     UNIVARIATE HIGHER-ORDER MOMENT DESCRIPTIVE STATISTICS

         Variable/         Mean/     Skewness/   Minimum/ % with                Percentiles
        Sample Size      Variance    Kurtosis    Maximum  Min/Max      20%/60%    40%/80%    Median

     CVLALC               -0.584      -0.695      -5.000    0.30%      -1.500     -1.000     -0.500
             335.000       1.142       0.645       1.500    1.49%       0.000      0.500
     DEMAGE                0.000       1.001      -5.525    0.25%      -2.455     -0.975     -0.305
             394.000       8.150       2.431      15.645    0.25%       0.285      2.105
     DEMMAL                0.000      -0.266      -0.566   43.40%      -0.566     -0.566      0.434
             394.000       0.246      -1.929       0.434   56.60%       0.434      0.434
     CANONS                0.000      -0.007      -4.500    0.89%      -1.000      0.000      0.000
             336.000       1.769       2.263       4.500    0.89%       0.000      1.000
     CANONSBW             -0.035       1.413      -4.984    0.48%      -1.484     -0.484      0.016
             209.000       3.884       5.634      11.016    0.48%       0.016      1.016


THE MODEL ESTIMATION TERMINATED NORMALLY



MODEL FIT INFORMATION

Number of Free Parameters                       15

Loglikelihood

          H0 Value                       -2316.288
          H0 Scaling Correction Factor      1.1583
            for MLR

Information Criteria

          Akaike (AIC)                    4662.575
          Bayesian (BIC)                  4722.259
          Sample-Size Adjusted BIC        4674.664
            (n* = (n + 2) / 24)



MODEL RESULTS

                                                    Two-Tailed
                    Estimate       S.E.  Est./S.E.    P-Value

Within Level

 CVLALC     ON
    CANONS             0.117      0.035      3.368      0.001
    DEMMAL             0.114      0.114      1.002      0.316
    DEMAGE            -0.027      0.024     -1.135      0.256

 CANONS   WITH
    DEMMAL            -0.024      0.028     -0.853      0.393
    DEMAGE             0.547      0.201      2.720      0.007

 Means
    DEMAGE             0.001      0.157      0.005      0.996
    DEMMAL             0.000      0.027     -0.001      0.999
    CANONS             0.019      0.010      1.863      0.062

 Variances
    DEMAGE             8.150      0.862      9.456      0.000
    DEMMAL             0.246      0.004     69.845      0.000
    CANONS             1.773      0.278      6.389      0.000

 Residual Variances
    CVLALC             1.020      0.142      7.206      0.000

Between Level

 CVLALC     ON
    CANONSBW           0.059      0.034      1.751      0.080

 Intercepts
    CVLALC            -0.587      0.060     -9.759      0.000

 Residual Variances
    CVLALC             0.085      0.090      0.944      0.345


STANDARDIZED MODEL RESULTS


STDYX Standardization

                                                    Two-Tailed
                    Estimate       S.E.  Est./S.E.    P-Value

Within Level

 CVLALC     ON
    CANONS             0.152      0.047      3.244      0.001
    DEMMAL             0.055      0.055      0.999      0.318
    DEMAGE            -0.076      0.067     -1.141      0.254

 CANONS   WITH
    DEMMAL            -0.036      0.042     -0.867      0.386
    DEMAGE             0.144      0.050      2.866      0.004

 Means
    DEMAGE             0.000      0.055      0.005      0.996
    DEMMAL             0.000      0.054     -0.001      0.999
    CANONS             0.014      0.007      1.918      0.055

 Variances
    DEMAGE             1.000      0.000    999.000    999.000
    DEMMAL             1.000      0.000    999.000    999.000
    CANONS             1.000      0.000    999.000    999.000

 Residual Variances
    CVLALC             0.972      0.018     54.804      0.000

Between Level

 CVLALC     ON
    CANONSBW           0.372      0.266      1.401      0.161

 Intercepts
    CVLALC            -1.866      0.872     -2.140      0.032

 Residual Variances
    CVLALC             0.861      0.198      4.351      0.000


R-SQUARE

Within Level

    Observed                                        Two-Tailed
    Variable        Estimate       S.E.  Est./S.E.    P-Value

    CVLALC             0.028      0.018      1.573      0.116

Between Level

    Observed                                        Two-Tailed
    Variable        Estimate       S.E.  Est./S.E.    P-Value

    CVLALC             0.139      0.198      0.701      0.484


QUALITY OF NUMERICAL RESULTS

     Condition Number for the Information Matrix              0.205E-08
       (ratio of smallest to largest eigenvalue)


CONFIDENCE INTERVALS OF MODEL RESULTS

                  Lower .5%  Lower 2.5%    Lower 5%    Estimate    Upper 5%  Upper 2.5%   Upper .5%

Within Level

 CVLALC   ON
    CANONS           0.027       0.049       0.060       0.117       0.174       0.184       0.206
    DEMMAL          -0.179      -0.109      -0.073       0.114       0.302       0.337       0.408
    DEMAGE          -0.089      -0.074      -0.067      -0.027       0.012       0.020       0.035

 CANONS   WITH
    DEMMAL          -0.096      -0.079      -0.070      -0.024       0.022       0.031       0.048
    DEMAGE           0.029       0.153       0.216       0.547       0.877       0.941       1.064

 Means
    DEMAGE          -0.404      -0.307      -0.257       0.001       0.259       0.308       0.405
    DEMMAL          -0.069      -0.052      -0.044       0.000       0.044       0.052       0.069
    CANONS          -0.007      -0.001       0.002       0.019       0.035       0.038       0.045

 Variances
    DEMAGE           5.930       6.461       6.732       8.150       9.568       9.839      10.370
    DEMMAL           0.237       0.239       0.240       0.246       0.251       0.253       0.255
    CANONS           1.059       1.229       1.317       1.773       2.230       2.318       2.488

 Residual Variances
    CVLALC           0.656       0.743       0.787       1.020       1.253       1.298       1.385

Between Level

 CVLALC   ON
    CANONSBW        -0.028      -0.007       0.004       0.059       0.115       0.126       0.147

 Intercepts
    CVLALC          -0.742      -0.705      -0.686      -0.587      -0.488      -0.469      -0.432

 Residual Variances
    CVLALC          -0.148      -0.092      -0.063       0.085       0.234       0.262       0.318


CONFIDENCE INTERVALS OF STANDARDIZED MODEL RESULTS


STDYX Standardization

                  Lower .5%  Lower 2.5%    Lower 5%    Estimate    Upper 5%  Upper 2.5%   Upper .5%

Within Level

 CVLALC   ON
    CANONS           0.031       0.060       0.075       0.152       0.228       0.243       0.272
    DEMMAL          -0.087      -0.053      -0.036       0.055       0.146       0.164       0.198
    DEMAGE          -0.248      -0.207      -0.186      -0.076       0.034       0.055       0.096

 CANONS   WITH
    DEMMAL          -0.144      -0.118      -0.105      -0.036       0.033       0.046       0.071
    DEMAGE           0.015       0.045       0.061       0.144       0.226       0.242       0.273

 Means
    DEMAGE          -0.141      -0.107      -0.090       0.000       0.091       0.108       0.142
    DEMMAL          -0.139      -0.105      -0.089       0.000       0.088       0.105       0.138
    CANONS          -0.005       0.000       0.002       0.014       0.026       0.028       0.033

 Variances
    DEMAGE           1.000       1.000       1.000       1.000       1.000       1.000       1.000
    DEMMAL           1.000       1.000       1.000       1.000       1.000       1.000       1.000
    CANONS           1.000       1.000       1.000       1.000       1.000       1.000       1.000

 Residual Variances
    CVLALC           0.926       0.937       0.943       0.972       1.001       1.007       1.018

Between Level

 CVLALC   ON
    CANONSBW        -0.312      -0.149      -0.065       0.372       0.810       0.893       1.057

 Intercepts
    CVLALC          -4.111      -3.574      -3.300      -1.866      -0.432      -0.157       0.380

 Residual Variances
    CVLALC           0.351       0.473       0.536       0.861       1.187       1.249       1.371


TECHNICAL 1 OUTPUT


     PARAMETER SPECIFICATION FOR WITHIN


           NU
              CVLALC        DEMAGE        DEMMAL        CANONS        CANONSBW
              ________      ________      ________      ________      ________
 1                  0             0             0             0             0


           LAMBDA
              CVLALC        DEMAGE        DEMMAL        CANONS        CANONSBW
              ________      ________      ________      ________      ________
 CVLALC             0             0             0             0             0
 DEMAGE             0             0             0             0             0
 DEMMAL             0             0             0             0             0
 CANONS             0             0             0             0             0
 CANONSBW           0             0             0             0             0


           THETA
              CVLALC        DEMAGE        DEMMAL        CANONS        CANONSBW
              ________      ________      ________      ________      ________
 CVLALC             0
 DEMAGE             0             0
 DEMMAL             0             0             0
 CANONS             0             0             0             0
 CANONSBW           0             0             0             0             0


           ALPHA
              CVLALC        DEMAGE        DEMMAL        CANONS        CANONSBW
              ________      ________      ________      ________      ________
 1                  0             1             2             3             0


           BETA
              CVLALC        DEMAGE        DEMMAL        CANONS        CANONSBW
              ________      ________      ________      ________      ________
 CVLALC             0             4             5             6             0
 DEMAGE             0             0             0             0             0
 DEMMAL             0             0             0             0             0
 CANONS             0             0             0             0             0
 CANONSBW           0             0             0             0             0


           PSI
              CVLALC        DEMAGE        DEMMAL        CANONS        CANONSBW
              ________      ________      ________      ________      ________
 CVLALC             7
 DEMAGE             0             8
 DEMMAL             0             0             9
 CANONS             0            10            11            12
 CANONSBW           0             0             0             0             0


     PARAMETER SPECIFICATION FOR BETWEEN


           NU
              CVLALC        DEMAGE        DEMMAL        CANONS        CANONSBW
              ________      ________      ________      ________      ________
 1                  0             0             0             0             0


           LAMBDA
              CVLALC        DEMAGE        DEMMAL        CANONS        CANONSBW
              ________      ________      ________      ________      ________
 CVLALC             0             0             0             0             0
 DEMAGE             0             0             0             0             0
 DEMMAL             0             0             0             0             0
 CANONS             0             0             0             0             0
 CANONSBW           0             0             0             0             0


           THETA
              CVLALC        DEMAGE        DEMMAL        CANONS        CANONSBW
              ________      ________      ________      ________      ________
 CVLALC             0
 DEMAGE             0             0
 DEMMAL             0             0             0
 CANONS             0             0             0             0
 CANONSBW           0             0             0             0             0


           ALPHA
              CVLALC        DEMAGE        DEMMAL        CANONS        CANONSBW
              ________      ________      ________      ________      ________
 1                 13             0             0             0             0


           BETA
              CVLALC        DEMAGE        DEMMAL        CANONS        CANONSBW
              ________      ________      ________      ________      ________
 CVLALC             0             0             0             0            14
 DEMAGE             0             0             0             0             0
 DEMMAL             0             0             0             0             0
 CANONS             0             0             0             0             0
 CANONSBW           0             0             0             0             0


           PSI
              CVLALC        DEMAGE        DEMMAL        CANONS        CANONSBW
              ________      ________      ________      ________      ________
 CVLALC            15
 DEMAGE             0             0
 DEMMAL             0             0             0
 CANONS             0             0             0             0
 CANONSBW           0             0             0             0             0


     STARTING VALUES FOR WITHIN


           NU
              CVLALC        DEMAGE        DEMMAL        CANONS        CANONSBW
              ________      ________      ________      ________      ________
 1              0.000         0.000         0.000         0.000         0.000


           LAMBDA
              CVLALC        DEMAGE        DEMMAL        CANONS        CANONSBW
              ________      ________      ________      ________      ________
 CVLALC         1.000         0.000         0.000         0.000         0.000
 DEMAGE         0.000         1.000         0.000         0.000         0.000
 DEMMAL         0.000         0.000         1.000         0.000         0.000
 CANONS         0.000         0.000         0.000         1.000         0.000
 CANONSBW       0.000         0.000         0.000         0.000         1.000


           THETA
              CVLALC        DEMAGE        DEMMAL        CANONS        CANONSBW
              ________      ________      ________      ________      ________
 CVLALC         0.000
 DEMAGE         0.000         0.000
 DEMMAL         0.000         0.000         0.000
 CANONS         0.000         0.000         0.000         0.000
 CANONSBW       0.000         0.000         0.000         0.000         0.000


           ALPHA
              CVLALC        DEMAGE        DEMMAL        CANONS        CANONSBW
              ________      ________      ________      ________      ________
 1              0.000         0.000         0.000         0.000         0.000


           BETA
              CVLALC        DEMAGE        DEMMAL        CANONS        CANONSBW
              ________      ________      ________      ________      ________
 CVLALC         0.000         0.000         0.000         0.000         0.000
 DEMAGE         0.000         0.000         0.000         0.000         0.000
 DEMMAL         0.000         0.000         0.000         0.000         0.000
 CANONS         0.000         0.000         0.000         0.000         0.000
 CANONSBW       0.000         0.000         0.000         0.000         0.000


           PSI
              CVLALC        DEMAGE        DEMMAL        CANONS        CANONSBW
              ________      ________      ________      ________      ________
 CVLALC         0.571
 DEMAGE         0.000         4.075
 DEMMAL         0.000         0.000         0.123
 CANONS         0.000         0.000         0.000         0.884
 CANONSBW       0.000         0.000         0.000         0.000         0.000


     STARTING VALUES FOR BETWEEN


           NU
              CVLALC        DEMAGE        DEMMAL        CANONS        CANONSBW
              ________      ________      ________      ________      ________
 1              0.000         0.000         0.000         0.000         0.000


           LAMBDA
              CVLALC        DEMAGE        DEMMAL        CANONS        CANONSBW
              ________      ________      ________      ________      ________
 CVLALC         1.000         0.000         0.000         0.000         0.000
 DEMAGE         0.000         1.000         0.000         0.000         0.000
 DEMMAL         0.000         0.000         1.000         0.000         0.000
 CANONS         0.000         0.000         0.000         1.000         0.000
 CANONSBW       0.000         0.000         0.000         0.000         1.000


           THETA
              CVLALC        DEMAGE        DEMMAL        CANONS        CANONSBW
              ________      ________      ________      ________      ________
 CVLALC         0.000
 DEMAGE         0.000         0.000
 DEMMAL         0.000         0.000         0.000
 CANONS         0.000         0.000         0.000         0.000
 CANONSBW       0.000         0.000         0.000         0.000         0.000


           ALPHA
              CVLALC        DEMAGE        DEMMAL        CANONS        CANONSBW
              ________      ________      ________      ________      ________
 1             -0.584         0.000         0.000         0.000         0.000


           BETA
              CVLALC        DEMAGE        DEMMAL        CANONS        CANONSBW
              ________      ________      ________      ________      ________
 CVLALC         0.000         0.000         0.000         0.000         0.000
 DEMAGE         0.000         0.000         0.000         0.000         0.000
 DEMMAL         0.000         0.000         0.000         0.000         0.000
 CANONS         0.000         0.000         0.000         0.000         0.000
 CANONSBW       0.000         0.000         0.000         0.000         0.000


           PSI
              CVLALC        DEMAGE        DEMMAL        CANONS        CANONSBW
              ________      ________      ________      ________      ________
 CVLALC         0.571
 DEMAGE         0.000         0.000
 DEMMAL         0.000         0.000         0.000
 CANONS         0.000         0.000         0.000         0.000
 CANONSBW       0.000         0.000         0.000         0.000         1.934


SAMPLE STATISTICS FOR ESTIMATED FACTOR SCORES


     SAMPLE STATISTICS


           Means
              B_CVLALC
              ________
 1             -0.589


           Covariances
              B_CVLALC
              ________
 B_CVLALC       0.024


           Correlations
              B_CVLALC
              ________
 B_CVLALC       1.000


PLOT INFORMATION

The following plots are available:

  Histograms (sample values)
  Scatterplots (sample values)

     Beginning Time:  14:26:34
        Ending Time:  14:26:34
       Elapsed Time:  00:00:00



MUTHEN & MUTHEN
3463 Stoner Ave.
Los Angeles, CA  90066

Tel: (310) 391-9971
Fax: (310) 391-8971
Web: www.StatModel.com
Support: Support@StatModel.com

Copyright (c) 1998-2015 Muthen & Muthen
