Mplus VERSION 7.4 (Mac)
MUTHEN & MUTHEN
07/30/2019   2:26 PM

INPUT INSTRUCTIONS


  TITLE: CANONS_CVLASF_2;

  DATA:
  	FILE = GD190618.csv;

  VARIABLE:
  	NAMES =
  			ID_Fam   Wave     ID_MPL
  			DEMMAL   DEMAGE   DEMHSP   DEMRAC
  			SRPWCR
  			WASVCB   WASBLK   WASDGT   WSISUM
  			TRLATS   TRLBTS
  			CVLASF   CVLASC   CVLALF   CVLALC
  			WASCOM   COGCOM   CVLCOM
  			CANEVR   CANONS   CANFLF
  			CANFTY   CANF6M   CANAC6
  			CANYRS
  			ALCEVR   ALCONS   ALCFLF
  			ALCFTY   ALCF6M   ALCAC6
  			ALCYRS
  			SRPWCRDt WASVCBDt WASBLKDt
  			WASDGTDt WSISUMDt TRLATSDt
  			TRLBTSDt CVLASFDt CVLASCDt
  			CVLALFDt CVLALCDt WASCOMDt
  			COGCOMDt CVLCOMDt
  			COGPGS
  			PC1 PC2 PC3 PC4 PC5 PC6
  		;
  	USEVARIABLES =
  		! outcome
    			CVLASF
    		! covariates
    			DEMAGE
    			DEMMAL  		
    		! within predictor
    			CANONS
    		! between predictor
    			CANONSBW
    		;
    	USEOBSERVATION =
    			(Wave EQ 2 AND CVLASFDt EQ 1)
    		;
    	CLUSTER =
    			ID_Fam
    		;
    	MISSING = .;
    	BETWEEN =   		
    			CANONSBW
    		;
    	WITHIN  		
    			CANONS
    			DEMAGE
    			DEMMAL
    		;  		

  DEFINE:
  	! CREATE BW FAM PREDICTOR
  		CANONSBW = cluster_mean (CANONS);
  	! CENTER WI FAM VARIABLES
  		CENTER CANONS (GROUPMEAN);
  		CENTER DEMMAL (GRANDMEAN);
  		CENTER DEMAGE (GRANDMEAN);
  	! CENTER BW FAM VARIABLES
  		CENTER CANONSBW (GRANDMEAN);

  ANALYSIS:
          ITERATIONS = 1000000;
          TYPE = TWOLEVEL RANDOM;
          ALGORITHM = INTEGRATION;

  OUTPUT:
  	SAMPSTAT STDYX TECH1 CINT;

  MODEL:
  %WITHIN%
  	CVLASF on CANONS;
  	CVLASF on  DEMMAL DEMAGE;	
  	CVLASF*;
  	CANONS WITH DEMMAL*;
  	CANONS WITH DEMAGE*;

  %BETWEEN%
  	CVLASF on CANONSBW;
  	CVLASF*;

  PLOT:
  	TYPE = plot3;



*** WARNING
  Data set contains cases with missing on x-variables.
  These cases were not included in the analysis.
  Number of cases with missing on x-variables:  29
   1 WARNING(S) FOUND IN THE INPUT INSTRUCTIONS



CANONS_CVLASF_2;

SUMMARY OF ANALYSIS

Number of groups                                                 1
Number of observations                                         395

Number of dependent variables                                    1
Number of independent variables                                  4
Number of continuous latent variables                            0

Observed dependent variables

  Continuous
   CVLASF

Observed independent variables
   DEMAGE      DEMMAL      CANONS      CANONSBW

Variables with special functions

  Cluster variable      ID_FAM

  Within variables
   DEMAGE      DEMMAL      CANONS

  Between variables
   CANONSBW

  Centering (GRANDMEAN)
   DEMMAL      DEMAGE      CANONSBW

  Centering (GROUPMEAN)
   CANONS


Estimator                                                      MLR
Information matrix                                        OBSERVED
Optimization Specifications for the Quasi-Newton Algorithm for
Continuous Outcomes
  Maximum number of iterations                             1000000
  Convergence criterion                                  0.100D-05
Optimization Specifications for the EM Algorithm
  Maximum number of iterations                                 500
  Convergence criteria
    Loglikelihood change                                 0.100D-02
    Relative loglikelihood change                        0.100D-05
    Derivative                                           0.100D-02
Optimization Specifications for the M step of the EM Algorithm for
Categorical Latent variables
  Number of M step iterations                                    1
  M step convergence criterion                           0.100D-02
  Basis for M step termination                           ITERATION
Optimization Specifications for the M step of the EM Algorithm for
Censored, Binary or Ordered Categorical (Ordinal), Unordered
Categorical (Nominal) and Count Outcomes
  Number of M step iterations                                    1
  M step convergence criterion                           0.100D-02
  Basis for M step termination                           ITERATION
  Maximum value for logit thresholds                            15
  Minimum value for logit thresholds                           -15
  Minimum expected cell size for chi-square              0.100D-01
Maximum number of iterations for H1                           2000
Convergence criterion for H1                             0.100D-03
Optimization algorithm                                         EMA
Integration Specifications
  Type                                                    STANDARD
  Number of integration points                                  15
  Dimensions of numerical integration                            0
  Adaptive quadrature                                           ON
Cholesky                                                       OFF

Input data file(s)
  GD190618.csv
Input data format  FREE


SUMMARY OF DATA

     Number of missing data patterns             5
     Number of clusters                        209



COVARIANCE COVERAGE OF DATA

Minimum covariance coverage value   0.100


     PROPORTION OF DATA PRESENT FOR Y


           Covariance Coverage
              CVLASF        DEMAGE        DEMMAL        CANONS        CANONSBW
              ________      ________      ________      ________      ________
 CVLASF         0.848
 DEMAGE         0.848         0.997
 DEMMAL         0.848         0.997         0.997
 CANONS         0.724         0.848         0.848         0.851
 CANONSBW       0.848         0.997         0.997         0.851         1.000


SAMPLE STATISTICS


     ESTIMATED SAMPLE STATISTICS


           Means
              CVLASF        DEMAGE        DEMMAL        CANONS        CANONSBW
              ________      ________      ________      ________      ________
 1             -0.355         0.001         0.000         0.021         0.000


           Covariances
              CVLASF        DEMAGE        DEMMAL        CANONS        CANONSBW
              ________      ________      ________      ________      ________
 CVLASF         1.121
 DEMAGE        -0.093         8.149
 DEMMAL         0.024        -0.187         0.246
 CANONS         0.182         0.583        -0.035         1.779
 CANONSBW       0.175         1.265        -0.109        -0.030         3.868


           Correlations
              CVLASF        DEMAGE        DEMMAL        CANONS        CANONSBW
              ________      ________      ________      ________      ________
 CVLASF         1.000
 DEMAGE        -0.031         1.000
 DEMMAL         0.047        -0.132         1.000
 CANONS         0.129         0.153        -0.053         1.000
 CANONSBW       0.084         0.225        -0.112        -0.011         1.000


     MAXIMUM LOG-LIKELIHOOD VALUE FOR THE UNRESTRICTED (H1) MODEL IS -3125.699


UNIVARIATE SAMPLE STATISTICS


     UNIVARIATE HIGHER-ORDER MOMENT DESCRIPTIVE STATISTICS

         Variable/         Mean/     Skewness/   Minimum/ % with                Percentiles
        Sample Size      Variance    Kurtosis    Maximum  Min/Max      20%/60%    40%/80%    Median

     CVLASF               -0.354      -0.266      -4.500    0.30%      -1.500     -0.500     -0.500
             335.000       1.120       0.027       2.000    0.90%       0.000      0.500
     DEMAGE                0.000       1.001      -5.525    0.25%      -2.455     -0.975     -0.305
             394.000       8.150       2.431      15.645    0.25%       0.285      2.105
     DEMMAL                0.000      -0.266      -0.566   43.40%      -0.566     -0.566      0.434
             394.000       0.246      -1.929       0.434   56.60%       0.434      0.434
     CANONS                0.000      -0.007      -4.500    0.89%      -1.000      0.000      0.000
             336.000       1.769       2.263       4.500    0.89%       0.000      1.000
     CANONSBW             -0.035       1.413      -4.984    0.48%      -1.484     -0.484      0.016
             209.000       3.884       5.634      11.016    0.48%       0.016      1.016


THE MODEL ESTIMATION TERMINATED NORMALLY



MODEL FIT INFORMATION

Number of Free Parameters                       15

Loglikelihood

          H0 Value                       -2313.404
          H0 Scaling Correction Factor      1.1240
            for MLR

Information Criteria

          Akaike (AIC)                    4656.809
          Bayesian (BIC)                  4716.492
          Sample-Size Adjusted BIC        4668.897
            (n* = (n + 2) / 24)



MODEL RESULTS

                                                    Two-Tailed
                    Estimate       S.E.  Est./S.E.    P-Value

Within Level

 CVLASF     ON
    CANONS             0.114      0.036      3.149      0.002
    DEMMAL             0.113      0.112      1.010      0.312
    DEMAGE            -0.024      0.021     -1.119      0.263

 CANONS   WITH
    DEMMAL            -0.023      0.028     -0.820      0.412
    DEMAGE             0.552      0.201      2.740      0.006

 Means
    DEMAGE             0.001      0.157      0.005      0.996
    DEMMAL             0.000      0.027     -0.001      0.999
    CANONS             0.020      0.010      1.918      0.055

 Variances
    DEMAGE             8.150      0.862      9.456      0.000
    DEMMAL             0.246      0.004     69.845      0.000
    CANONS             1.774      0.278      6.389      0.000

 Residual Variances
    CVLASF             1.007      0.135      7.462      0.000

Between Level

 CVLASF     ON
    CANONSBW           0.055      0.030      1.843      0.065

 Intercepts
    CVLASF            -0.355      0.059     -6.019      0.000

 Residual Variances
    CVLASF             0.079      0.100      0.791      0.429


STANDARDIZED MODEL RESULTS


STDYX Standardization

                                                    Two-Tailed
                    Estimate       S.E.  Est./S.E.    P-Value

Within Level

 CVLASF     ON
    CANONS             0.150      0.049      3.033      0.002
    DEMMAL             0.055      0.054      1.022      0.307
    DEMAGE            -0.067      0.060     -1.125      0.261

 CANONS   WITH
    DEMMAL            -0.035      0.042     -0.832      0.405
    DEMAGE             0.145      0.050      2.897      0.004

 Means
    DEMAGE             0.000      0.055      0.005      0.996
    DEMMAL             0.000      0.054     -0.001      0.999
    CANONS             0.015      0.008      1.981      0.048

 Variances
    DEMAGE             1.000      0.000    999.000    999.000
    DEMMAL             1.000      0.000    999.000    999.000
    CANONS             1.000      0.000    999.000    999.000

 Residual Variances
    CVLASF             0.974      0.015     62.864      0.000

Between Level

 CVLASF     ON
    CANONSBW           0.360      0.289      1.248      0.212

 Intercepts
    CVLASF            -1.178      0.676     -1.742      0.081

 Residual Variances
    CVLASF             0.870      0.208      4.186      0.000


R-SQUARE

Within Level

    Observed                                        Two-Tailed
    Variable        Estimate       S.E.  Est./S.E.    P-Value

    CVLASF             0.026      0.015      1.708      0.088

Between Level

    Observed                                        Two-Tailed
    Variable        Estimate       S.E.  Est./S.E.    P-Value

    CVLASF             0.130      0.208      0.624      0.533


QUALITY OF NUMERICAL RESULTS

     Condition Number for the Information Matrix              0.241E-08
       (ratio of smallest to largest eigenvalue)


CONFIDENCE INTERVALS OF MODEL RESULTS

                  Lower .5%  Lower 2.5%    Lower 5%    Estimate    Upper 5%  Upper 2.5%   Upper .5%

Within Level

 CVLASF   ON
    CANONS           0.021       0.043       0.055       0.114       0.174       0.186       0.208
    DEMMAL          -0.175      -0.106      -0.071       0.113       0.296       0.332       0.400
    DEMAGE          -0.079      -0.066      -0.059      -0.024       0.011       0.018       0.031

 CANONS   WITH
    DEMMAL          -0.095      -0.078      -0.069      -0.023       0.023       0.032       0.049
    DEMAGE           0.033       0.157       0.220       0.552       0.883       0.946       1.070

 Means
    DEMAGE          -0.404      -0.307      -0.257       0.001       0.259       0.308       0.405
    DEMMAL          -0.069      -0.052      -0.044       0.000       0.044       0.052       0.069
    CANONS          -0.007       0.000       0.003       0.020       0.037       0.040       0.046

 Variances
    DEMAGE           5.930       6.461       6.732       8.150       9.568       9.839      10.370
    DEMMAL           0.237       0.239       0.240       0.246       0.251       0.253       0.255
    CANONS           1.059       1.230       1.317       1.774       2.231       2.318       2.489

 Residual Variances
    CVLASF           0.660       0.743       0.785       1.007       1.229       1.272       1.355

Between Level

 CVLASF   ON
    CANONSBW        -0.022      -0.004       0.006       0.055       0.104       0.114       0.132

 Intercepts
    CVLASF          -0.507      -0.471      -0.452      -0.355      -0.258      -0.240      -0.203

 Residual Variances
    CVLASF          -0.179      -0.117      -0.085       0.079       0.244       0.275       0.337


CONFIDENCE INTERVALS OF STANDARDIZED MODEL RESULTS


STDYX Standardization

                  Lower .5%  Lower 2.5%    Lower 5%    Estimate    Upper 5%  Upper 2.5%   Upper .5%

Within Level

 CVLASF   ON
    CANONS           0.023       0.053       0.069       0.150       0.231       0.246       0.277
    DEMMAL          -0.084      -0.050      -0.034       0.055       0.143       0.160       0.193
    DEMAGE          -0.221      -0.184      -0.165      -0.067       0.031       0.050       0.087

 CANONS   WITH
    DEMMAL          -0.143      -0.117      -0.104      -0.035       0.034       0.047       0.073
    DEMAGE           0.016       0.047       0.063       0.145       0.227       0.243       0.274

 Means
    DEMAGE          -0.141      -0.107      -0.090       0.000       0.091       0.108       0.142
    DEMMAL          -0.139      -0.105      -0.089       0.000       0.088       0.105       0.138
    CANONS          -0.004       0.000       0.003       0.015       0.027       0.030       0.034

 Variances
    DEMAGE           1.000       1.000       1.000       1.000       1.000       1.000       1.000
    DEMMAL           1.000       1.000       1.000       1.000       1.000       1.000       1.000
    CANONS           1.000       1.000       1.000       1.000       1.000       1.000       1.000

 Residual Variances
    CVLASF           0.934       0.943       0.948       0.974       0.999       1.004       1.013

Between Level

 CVLASF   ON
    CANONSBW        -0.383      -0.205      -0.114       0.360       0.835       0.926       1.103

 Intercepts
    CVLASF          -2.920      -2.504      -2.291      -1.178      -0.066       0.147       0.564

 Residual Variances
    CVLASF           0.335       0.463       0.528       0.870       1.212       1.278       1.406


TECHNICAL 1 OUTPUT


     PARAMETER SPECIFICATION FOR WITHIN


           NU
              CVLASF        DEMAGE        DEMMAL        CANONS        CANONSBW
              ________      ________      ________      ________      ________
 1                  0             0             0             0             0


           LAMBDA
              CVLASF        DEMAGE        DEMMAL        CANONS        CANONSBW
              ________      ________      ________      ________      ________
 CVLASF             0             0             0             0             0
 DEMAGE             0             0             0             0             0
 DEMMAL             0             0             0             0             0
 CANONS             0             0             0             0             0
 CANONSBW           0             0             0             0             0


           THETA
              CVLASF        DEMAGE        DEMMAL        CANONS        CANONSBW
              ________      ________      ________      ________      ________
 CVLASF             0
 DEMAGE             0             0
 DEMMAL             0             0             0
 CANONS             0             0             0             0
 CANONSBW           0             0             0             0             0


           ALPHA
              CVLASF        DEMAGE        DEMMAL        CANONS        CANONSBW
              ________      ________      ________      ________      ________
 1                  0             1             2             3             0


           BETA
              CVLASF        DEMAGE        DEMMAL        CANONS        CANONSBW
              ________      ________      ________      ________      ________
 CVLASF             0             4             5             6             0
 DEMAGE             0             0             0             0             0
 DEMMAL             0             0             0             0             0
 CANONS             0             0             0             0             0
 CANONSBW           0             0             0             0             0


           PSI
              CVLASF        DEMAGE        DEMMAL        CANONS        CANONSBW
              ________      ________      ________      ________      ________
 CVLASF             7
 DEMAGE             0             8
 DEMMAL             0             0             9
 CANONS             0            10            11            12
 CANONSBW           0             0             0             0             0


     PARAMETER SPECIFICATION FOR BETWEEN


           NU
              CVLASF        DEMAGE        DEMMAL        CANONS        CANONSBW
              ________      ________      ________      ________      ________
 1                  0             0             0             0             0


           LAMBDA
              CVLASF        DEMAGE        DEMMAL        CANONS        CANONSBW
              ________      ________      ________      ________      ________
 CVLASF             0             0             0             0             0
 DEMAGE             0             0             0             0             0
 DEMMAL             0             0             0             0             0
 CANONS             0             0             0             0             0
 CANONSBW           0             0             0             0             0


           THETA
              CVLASF        DEMAGE        DEMMAL        CANONS        CANONSBW
              ________      ________      ________      ________      ________
 CVLASF             0
 DEMAGE             0             0
 DEMMAL             0             0             0
 CANONS             0             0             0             0
 CANONSBW           0             0             0             0             0


           ALPHA
              CVLASF        DEMAGE        DEMMAL        CANONS        CANONSBW
              ________      ________      ________      ________      ________
 1                 13             0             0             0             0


           BETA
              CVLASF        DEMAGE        DEMMAL        CANONS        CANONSBW
              ________      ________      ________      ________      ________
 CVLASF             0             0             0             0            14
 DEMAGE             0             0             0             0             0
 DEMMAL             0             0             0             0             0
 CANONS             0             0             0             0             0
 CANONSBW           0             0             0             0             0


           PSI
              CVLASF        DEMAGE        DEMMAL        CANONS        CANONSBW
              ________      ________      ________      ________      ________
 CVLASF            15
 DEMAGE             0             0
 DEMMAL             0             0             0
 CANONS             0             0             0             0
 CANONSBW           0             0             0             0             0


     STARTING VALUES FOR WITHIN


           NU
              CVLASF        DEMAGE        DEMMAL        CANONS        CANONSBW
              ________      ________      ________      ________      ________
 1              0.000         0.000         0.000         0.000         0.000


           LAMBDA
              CVLASF        DEMAGE        DEMMAL        CANONS        CANONSBW
              ________      ________      ________      ________      ________
 CVLASF         1.000         0.000         0.000         0.000         0.000
 DEMAGE         0.000         1.000         0.000         0.000         0.000
 DEMMAL         0.000         0.000         1.000         0.000         0.000
 CANONS         0.000         0.000         0.000         1.000         0.000
 CANONSBW       0.000         0.000         0.000         0.000         1.000


           THETA
              CVLASF        DEMAGE        DEMMAL        CANONS        CANONSBW
              ________      ________      ________      ________      ________
 CVLASF         0.000
 DEMAGE         0.000         0.000
 DEMMAL         0.000         0.000         0.000
 CANONS         0.000         0.000         0.000         0.000
 CANONSBW       0.000         0.000         0.000         0.000         0.000


           ALPHA
              CVLASF        DEMAGE        DEMMAL        CANONS        CANONSBW
              ________      ________      ________      ________      ________
 1              0.000         0.000         0.000         0.000         0.000


           BETA
              CVLASF        DEMAGE        DEMMAL        CANONS        CANONSBW
              ________      ________      ________      ________      ________
 CVLASF         0.000         0.000         0.000         0.000         0.000
 DEMAGE         0.000         0.000         0.000         0.000         0.000
 DEMMAL         0.000         0.000         0.000         0.000         0.000
 CANONS         0.000         0.000         0.000         0.000         0.000
 CANONSBW       0.000         0.000         0.000         0.000         0.000


           PSI
              CVLASF        DEMAGE        DEMMAL        CANONS        CANONSBW
              ________      ________      ________      ________      ________
 CVLASF         0.560
 DEMAGE         0.000         4.075
 DEMMAL         0.000         0.000         0.123
 CANONS         0.000         0.000         0.000         0.884
 CANONSBW       0.000         0.000         0.000         0.000         0.000


     STARTING VALUES FOR BETWEEN


           NU
              CVLASF        DEMAGE        DEMMAL        CANONS        CANONSBW
              ________      ________      ________      ________      ________
 1              0.000         0.000         0.000         0.000         0.000


           LAMBDA
              CVLASF        DEMAGE        DEMMAL        CANONS        CANONSBW
              ________      ________      ________      ________      ________
 CVLASF         1.000         0.000         0.000         0.000         0.000
 DEMAGE         0.000         1.000         0.000         0.000         0.000
 DEMMAL         0.000         0.000         1.000         0.000         0.000
 CANONS         0.000         0.000         0.000         1.000         0.000
 CANONSBW       0.000         0.000         0.000         0.000         1.000


           THETA
              CVLASF        DEMAGE        DEMMAL        CANONS        CANONSBW
              ________      ________      ________      ________      ________
 CVLASF         0.000
 DEMAGE         0.000         0.000
 DEMMAL         0.000         0.000         0.000
 CANONS         0.000         0.000         0.000         0.000
 CANONSBW       0.000         0.000         0.000         0.000         0.000


           ALPHA
              CVLASF        DEMAGE        DEMMAL        CANONS        CANONSBW
              ________      ________      ________      ________      ________
 1             -0.354         0.000         0.000         0.000         0.000


           BETA
              CVLASF        DEMAGE        DEMMAL        CANONS        CANONSBW
              ________      ________      ________      ________      ________
 CVLASF         0.000         0.000         0.000         0.000         0.000
 DEMAGE         0.000         0.000         0.000         0.000         0.000
 DEMMAL         0.000         0.000         0.000         0.000         0.000
 CANONS         0.000         0.000         0.000         0.000         0.000
 CANONSBW       0.000         0.000         0.000         0.000         0.000


           PSI
              CVLASF        DEMAGE        DEMMAL        CANONS        CANONSBW
              ________      ________      ________      ________      ________
 CVLASF         0.560
 DEMAGE         0.000         0.000
 DEMMAL         0.000         0.000         0.000
 CANONS         0.000         0.000         0.000         0.000
 CANONSBW       0.000         0.000         0.000         0.000         1.934


SAMPLE STATISTICS FOR ESTIMATED FACTOR SCORES


     SAMPLE STATISTICS


           Means
              B_CVLASF
              ________
 1             -0.358


           Covariances
              B_CVLASF
              ________
 B_CVLASF       0.021


           Correlations
              B_CVLASF
              ________
 B_CVLASF       1.000


PLOT INFORMATION

The following plots are available:

  Histograms (sample values)
  Scatterplots (sample values)

     Beginning Time:  14:26:42
        Ending Time:  14:26:43
       Elapsed Time:  00:00:01



MUTHEN & MUTHEN
3463 Stoner Ave.
Los Angeles, CA  90066

Tel: (310) 391-9971
Fax: (310) 391-8971
Web: www.StatModel.com
Support: Support@StatModel.com

Copyright (c) 1998-2015 Muthen & Muthen
