Mplus VERSION 7.4 (Mac)
MUTHEN & MUTHEN
07/30/2019   1:07 PM

INPUT INSTRUCTIONS


  TITLE: CANEVR_WASDGT_1;

  DATA:
  	FILE = GD190618.csv;

  VARIABLE:
  	NAMES =
  			ID_Fam   Wave     ID_MPL
  			DEMMAL   DEMAGE   DEMHSP   DEMRAC
  			SRPWCR
  			WASVCB   WASBLK   WASDGT   WSISUM
  			TRLATS   TRLBTS
  			CVLASF   CVLASC   CVLALF   CVLALC
  			WASCOM   COGCOM   CVLCOM
  			CANEVR   CANONS   CANFLF
  			CANFTY   CANF6M   CANAC6
  			CANYRS
  			ALCEVR   ALCONS   ALCFLF
  			ALCFTY   ALCF6M   ALCAC6
  			ALCYRS
  			SRPWCRDt WASVCBDt WASBLKDt
  			WASDGTDt WSISUMDt TRLATSDt
  			TRLBTSDt CVLASFDt CVLASCDt
  			CVLALFDt CVLALCDt WASCOMDt
  			COGCOMDt CVLCOMDt
  			COGPGS
  			PC1 PC2 PC3 PC4 PC5 PC6
  		;
  	USEVARIABLES =
  		! outcome
    			WASDGT
    		! covariates
    			DEMAGE
    			DEMMAL  			
    		! within predictor
    			CANEVR
    			ALCEVR
    			COGPGS
    		! between predictor
    			CANEVRBW
    			ALCEVRBW
    			COGPGSBW
    			PC1BW
    			PC2BW
    			PC3BW
    			PC4BW
    			PC5BW
    		;
    	USEOBSERVATION =
    			(Wave EQ 1 AND WASDGTDt EQ 1)
    		;
    	CLUSTER =
    			ID_Fam
    		;
    	MISSING = .;
    	BETWEEN =   		
    			CANEVRBW
    			ALCEVRBW
    			COGPGSBW
    			PC1BW
    			PC2BW
    			PC3BW
    			PC4BW
    			PC5BW 			
    		;
    	WITHIN  		
    			CANEVR
    			ALCEVR
    			COGPGS
    			DEMAGE
    			DEMMAL
    		;  		

  DEFINE:
  	! CREATE BW FAM PREDICTOR
  		CANEVRBW = cluster_mean (CANEVR);
  		ALCEVRBW = cluster_mean (ALCEVR);
  		COGPGSBW = cluster_mean (COGPGS);
  		PC1BW = cluster_mean (PC1);
  		PC2BW = cluster_mean (PC2);
  		PC3BW = cluster_mean (PC3);
  		PC4BW = cluster_mean (PC4);
  		PC5BW = cluster_mean (PC5);
  	! CENTER WI FAM VARIABLES
  		CENTER CANEVR (GROUPMEAN);
  		CENTER ALCEVR (GROUPMEAN);
  		CENTER COGPGS (GROUPMEAN);
  		CENTER DEMMAL (GRANDMEAN);
  		CENTER DEMAGE (GRANDMEAN);
  	! CENTER BW FAM VARIABLES
  		CENTER CANEVRBW (GRANDMEAN);
  		CENTER ALCEVRBW (GRANDMEAN);
  		CENTER COGPGSBW (GRANDMEAN);
  		CENTER PC1BW (GRANDMEAN);
  		CENTER PC2BW (GRANDMEAN);
  		CENTER PC3BW (GRANDMEAN);
  		CENTER PC4BW (GRANDMEAN);
  		CENTER PC5BW (GRANDMEAN);
  ANALYSIS:
          ITERATIONS = 1000000;
          TYPE = TWOLEVEL RANDOM;
          ALGORITHM = INTEGRATION;

  OUTPUT:
  	SAMPSTAT STDYX TECH1 CINT;

  MODEL:
  %WITHIN%
  	WASDGT on CANEVR;
  	WASDGT on  DEMMAL DEMAGE COGPGS ALCEVR;
  	COGPGS*;
  	ALCEVR*;
  	WASDGT*;
  	CANEVR WITH DEMMAL*;
  	CANEVR WITH DEMAGE*;
  	CANEVR WITH COGPGS*;

  	CANEVR WITH ALCEVR*;
  	
  	ALCEVR WITH DEMMAL*;
  	ALCEVR WITH DEMAGE*;
  	ALCEVR WITH COGPGS*;

  %BETWEEN%
  	WASDGT on CANEVRBW COGPGSBW ALCEVRBW
  			    PC1BW PC2BW PC3BW PC4BW PC5BW;
  	COGPGSBW*;
  	ALCEVRBW;
  	WASDGT*;
  	CANEVRBW WITH COGPGSBW*;
  	CANEVRBW WITH ALCEVRBW*;
  	ALCEVRBW WITH COGPGSBW*;


  PLOT:
  	TYPE = plot3;



*** WARNING
  Data set contains cases with missing on x-variables.
  These cases were not included in the analysis.
  Number of cases with missing on x-variables:  45
   1 WARNING(S) FOUND IN THE INPUT INSTRUCTIONS



CANEVR_WASDGT_1;

SUMMARY OF ANALYSIS

Number of groups                                                 1
Number of observations                                         447

Number of dependent variables                                    1
Number of independent variables                                 13
Number of continuous latent variables                            0

Observed dependent variables

  Continuous
   WASDGT

Observed independent variables
   DEMAGE      DEMMAL      CANEVR      ALCEVR      COGPGS      CANEVRBW
   ALCEVRBW    COGPGSBW    PC1BW       PC2BW       PC3BW       PC4BW
   PC5BW

Variables with special functions

  Cluster variable      ID_FAM

  Within variables
   DEMAGE      DEMMAL      CANEVR      ALCEVR      COGPGS

  Between variables
   CANEVRBW    ALCEVRBW    COGPGSBW    PC1BW       PC2BW       PC3BW
   PC4BW       PC5BW

  Centering (GRANDMEAN)
   DEMMAL      DEMAGE      CANEVRBW
   ALCEVRBW    COGPGSBW    PC1BW       PC2BW       PC3BW       PC4BW
   PC5BW

  Centering (GROUPMEAN)
   CANEVR      ALCEVR      COGPGS


Estimator                                                      MLR
Information matrix                                        OBSERVED
Optimization Specifications for the Quasi-Newton Algorithm for
Continuous Outcomes
  Maximum number of iterations                             1000000
  Convergence criterion                                  0.100D-05
Optimization Specifications for the EM Algorithm
  Maximum number of iterations                                 500
  Convergence criteria
    Loglikelihood change                                 0.100D-02
    Relative loglikelihood change                        0.100D-05
    Derivative                                           0.100D-02
Optimization Specifications for the M step of the EM Algorithm for
Categorical Latent variables
  Number of M step iterations                                    1
  M step convergence criterion                           0.100D-02
  Basis for M step termination                           ITERATION
Optimization Specifications for the M step of the EM Algorithm for
Censored, Binary or Ordered Categorical (Ordinal), Unordered
Categorical (Nominal) and Count Outcomes
  Number of M step iterations                                    1
  M step convergence criterion                           0.100D-02
  Basis for M step termination                           ITERATION
  Maximum value for logit thresholds                            15
  Minimum value for logit thresholds                           -15
  Minimum expected cell size for chi-square              0.100D-01
Maximum number of iterations for H1                           2000
Convergence criterion for H1                             0.100D-03
Optimization algorithm                                         EMA
Integration Specifications
  Type                                                    STANDARD
  Number of integration points                                  15
  Dimensions of numerical integration                            0
  Adaptive quadrature                                           ON
Cholesky                                                       OFF

Input data file(s)
  GD190618.csv
Input data format  FREE


SUMMARY OF DATA

     Number of missing data patterns             6
     Number of clusters                        221



COVARIANCE COVERAGE OF DATA

Minimum covariance coverage value   0.100


     PROPORTION OF DATA PRESENT FOR Y


           Covariance Coverage
              CANEVRBW      ALCEVRBW      COGPGSBW      WASDGT        DEMAGE
              ________      ________      ________      ________      ________
 CANEVRBW       0.998
 ALCEVRBW       0.998         0.998
 COGPGSBW       0.998         0.998         1.000
 WASDGT         0.993         0.993         0.993         0.993
 DEMAGE         0.996         0.996         0.996         0.991         0.996
 DEMMAL         0.998         0.998         0.998         0.993         0.996
 CANEVR         0.998         0.998         0.998         0.993         0.996
 ALCEVR         0.998         0.998         0.998         0.993         0.996
 COGPGS         0.707         0.707         0.709         0.705         0.707
 PC1BW          0.998         0.998         1.000         0.993         0.996
 PC2BW          0.998         0.998         1.000         0.993         0.996
 PC3BW          0.998         0.998         1.000         0.993         0.996
 PC4BW          0.998         0.998         1.000         0.993         0.996
 PC5BW          0.998         0.998         1.000         0.993         0.996


           Covariance Coverage
              DEMMAL        CANEVR        ALCEVR        COGPGS        PC1BW
              ________      ________      ________      ________      ________
 DEMMAL         0.998
 CANEVR         0.998         0.998
 ALCEVR         0.998         0.998         0.998
 COGPGS         0.707         0.707         0.707         0.709
 PC1BW          0.998         0.998         0.998         0.709         1.000
 PC2BW          0.998         0.998         0.998         0.709         1.000
 PC3BW          0.998         0.998         0.998         0.709         1.000
 PC4BW          0.998         0.998         0.998         0.709         1.000
 PC5BW          0.998         0.998         0.998         0.709         1.000


           Covariance Coverage
              PC2BW         PC3BW         PC4BW         PC5BW
              ________      ________      ________      ________
 PC2BW          1.000
 PC3BW          1.000         1.000
 PC4BW          1.000         1.000         1.000
 PC5BW          1.000         1.000         1.000         1.000


SAMPLE STATISTICS


     ESTIMATED SAMPLE STATISTICS


           Means
              CANEVRBW      ALCEVRBW      COGPGSBW      WASDGT        DEMAGE
              ________      ________      ________      ________      ________
 1              0.000         0.000         0.000         9.357        -0.002


           Means
              DEMMAL        CANEVR        ALCEVR        COGPGS        PC1BW
              ________      ________      ________      ________      ________
 1              0.000         0.000         0.000        -0.001         0.000


           Means
              PC2BW         PC3BW         PC4BW         PC5BW
              ________      ________      ________      ________
 1              0.000         0.000         0.000         0.000


           Covariances
              CANEVRBW      ALCEVRBW      COGPGSBW      WASDGT        DEMAGE
              ________      ________      ________      ________      ________
 CANEVRBW       0.056
 ALCEVRBW       0.011         0.022
 COGPGSBW       0.000         0.007         0.115
 WASDGT         0.088         0.025         0.088         6.549
 DEMAGE        -0.017         0.036         0.039        -0.409         5.908
 DEMMAL         0.013         0.001         0.008         0.097        -0.148
 CANEVR         0.000         0.000         0.000         0.029        -0.127
 ALCEVR         0.000         0.000         0.000         0.018        -0.023
 COGPGS        -0.001         0.000         0.000        -0.009        -0.025
 PC1BW         -0.001        -0.001        -0.005        -0.004         0.007
 PC2BW         -0.001         0.000         0.000        -0.038         0.006
 PC3BW          0.000         0.000        -0.001        -0.003        -0.001
 PC4BW          0.001         0.001         0.002         0.002         0.004
 PC5BW          0.002         0.000        -0.001         0.009         0.001


           Covariances
              DEMMAL        CANEVR        ALCEVR        COGPGS        PC1BW
              ________      ________      ________      ________      ________
 DEMMAL         0.248
 CANEVR         0.012         0.059
 ALCEVR         0.005         0.015         0.027
 COGPGS         0.003        -0.003         0.002         0.017
 PC1BW         -0.002         0.000         0.000         0.000         0.001
 PC2BW          0.000         0.000         0.000         0.000         0.000
 PC3BW         -0.001         0.000         0.000         0.000         0.000
 PC4BW          0.001         0.000         0.000         0.000         0.000
 PC5BW          0.000         0.000         0.000         0.000         0.000


           Covariances
              PC2BW         PC3BW         PC4BW         PC5BW
              ________      ________      ________      ________
 PC2BW          0.002
 PC3BW          0.000         0.000
 PC4BW          0.000        -0.001         0.002
 PC5BW          0.000         0.000         0.000         0.002


           Correlations
              CANEVRBW      ALCEVRBW      COGPGSBW      WASDGT        DEMAGE
              ________      ________      ________      ________      ________
 CANEVRBW       1.000
 ALCEVRBW       0.325         1.000
 COGPGSBW       0.005         0.129         1.000
 WASDGT         0.146         0.066         0.102         1.000
 DEMAGE        -0.029         0.100         0.048        -0.066         1.000
 DEMMAL         0.110         0.007         0.045         0.076        -0.122
 CANEVR         0.000         0.000         0.000         0.047        -0.216
 ALCEVR         0.000         0.000         0.000         0.042        -0.058
 COGPGS        -0.037         0.015         0.010        -0.027        -0.078
 PC1BW         -0.115        -0.126        -0.354        -0.041         0.074
 PC2BW         -0.145        -0.073         0.012        -0.372         0.064
 PC3BW         -0.115        -0.096        -0.128        -0.080        -0.013
 PC4BW          0.084         0.088         0.129         0.023         0.042
 PC5BW          0.167        -0.061        -0.033         0.081         0.013


           Correlations
              DEMMAL        CANEVR        ALCEVR        COGPGS        PC1BW
              ________      ________      ________      ________      ________
 DEMMAL         1.000
 CANEVR         0.102         1.000
 ALCEVR         0.065         0.387         1.000
 COGPGS         0.048        -0.111         0.079         1.000
 PC1BW         -0.085         0.000         0.000        -0.012         1.000
 PC2BW         -0.018         0.000         0.000         0.007        -0.110
 PC3BW         -0.063         0.000         0.000         0.006         0.054
 PC4BW          0.051         0.000         0.000        -0.005         0.006
 PC5BW          0.020         0.000         0.000        -0.001        -0.100


           Correlations
              PC2BW         PC3BW         PC4BW         PC5BW
              ________      ________      ________      ________
 PC2BW          1.000
 PC3BW          0.159         1.000
 PC4BW         -0.015        -0.967         1.000
 PC5BW          0.042         0.006         0.032         1.000


     MAXIMUM LOG-LIKELIHOOD VALUE FOR THE UNRESTRICTED (H1) MODEL IS 3364.323


UNIVARIATE SAMPLE STATISTICS


     UNIVARIATE HIGHER-ORDER MOMENT DESCRIPTIVE STATISTICS

         Variable/         Mean/     Skewness/   Minimum/ % with                Percentiles
        Sample Size      Variance    Kurtosis    Maximum  Min/Max      20%/60%    40%/80%    Median

     CANEVRBW              0.003      -1.606      -0.868    1.82%      -0.368      0.132      0.132
             220.000       0.057       1.659       0.132   75.45%       0.132      0.132
     ALCEVRBW              0.001      -2.626      -0.448    9.55%       0.052      0.052      0.052
             220.000       0.022       4.949       0.052   89.55%       0.052      0.052
     COGPGSBW              0.002       0.111      -0.981    0.45%      -0.291     -0.081     -0.003
             221.000       0.115       0.213       1.036    0.45%       0.049      0.288
     WASDGT                9.354       0.477       3.000    0.23%       7.000      8.000      9.000
             444.000       6.553       0.159      17.000    0.68%      10.000     11.000
     DEMAGE                0.000       1.675      -3.760    0.22%      -1.890     -0.960     -0.550
             445.000       5.909       4.582      15.340    0.22%      -0.070      1.350
     DEMMAL                0.000      -0.189      -0.547   45.29%      -0.547     -0.547      0.453
             446.000       0.248      -1.964       0.453   54.71%       0.453      0.453
     CANEVR                0.000      -0.104      -0.667    0.90%       0.000      0.000      0.000
             446.000       0.059       1.413       0.667    0.22%       0.000      0.000
     ALCEVR                0.000      -0.231      -0.667    0.45%       0.000      0.000      0.000
             446.000       0.027       6.776       0.500    4.71%       0.000      0.000
     COGPGS                0.000       0.036      -0.482    0.32%      -0.068      0.000      0.000
             317.000       0.017       2.351       0.482    0.32%       0.000      0.065
     PC1BW                 0.000       2.335      -0.023    0.45%      -0.021     -0.016     -0.012
             221.000       0.002       4.028       0.132    0.45%      -0.010     -0.005
     PC2BW                -0.001       0.597      -0.045    0.45%      -0.041     -0.028     -0.014
             221.000       0.002      -0.841       0.120    0.45%       0.006      0.040
     PC3BW                 0.000      -4.343      -0.117    0.45%      -0.003      0.001      0.002
             221.000       0.000      23.866       0.033    0.45%       0.004      0.008
     PC4BW                -0.001       4.956      -0.096    0.45%      -0.013     -0.009     -0.007
             221.000       0.001      28.390       0.283    0.45%      -0.006     -0.002
     PC5BW                 0.001     -13.380      -0.542    0.45%       0.001      0.003      0.004
             221.000       0.001     189.206       0.053    0.45%       0.004      0.006

     THE STANDARD ERRORS OF THE MODEL PARAMETER ESTIMATES MAY NOT BE
     TRUSTWORTHY FOR SOME PARAMETERS DUE TO A NON-POSITIVE DEFINITE
     FIRST-ORDER DERIVATIVE PRODUCT MATRIX.  THIS MAY BE DUE TO THE STARTING
     VALUES BUT MAY ALSO BE AN INDICATION OF MODEL NONIDENTIFICATION.  THE
     CONDITION NUMBER IS       0.949D-16.  PROBLEM INVOLVING THE FOLLOWING PARAMETER:
     Parameter 4, %WITHIN%: [ ALCEVR ]


THE MODEL ESTIMATION TERMINATED NORMALLY



MODEL FIT INFORMATION

Number of Free Parameters                       42

Loglikelihood

          H0 Value                       -1871.241
          H0 Scaling Correction Factor      1.4227
            for MLR

Information Criteria

          Akaike (AIC)                    3826.482
          Bayesian (BIC)                  3998.789
          Sample-Size Adjusted BIC        3865.498
            (n* = (n + 2) / 24)



MODEL RESULTS

                                                    Two-Tailed
                    Estimate       S.E.  Est./S.E.    P-Value

Within Level

 WASDGT     ON
    CANEVR             0.304      0.378      0.804      0.421
    DEMMAL             0.174      0.222      0.784      0.433
    DEMAGE             0.000      0.045      0.002      0.998
    COGPGS            -0.507      0.772     -0.656      0.512
    ALCEVR             0.483      0.697      0.693      0.488

 CANEVR   WITH
    DEMMAL             0.010      0.005      1.809      0.070
    DEMAGE            -0.124      0.033     -3.728      0.000
    COGPGS            -0.004      0.003     -1.238      0.216
    ALCEVR             0.015      0.004      3.603      0.000

 ALCEVR   WITH
    DEMMAL             0.005      0.004      1.274      0.203
    DEMAGE            -0.019      0.014     -1.319      0.187
    COGPGS             0.002      0.001      1.574      0.116

 Means
    DEMAGE             0.000      0.113     -0.001      0.999
    DEMMAL             0.000      0.026      0.000      1.000
    CANEVR             0.000      0.000      0.362      0.718
    ALCEVR             0.000      0.000     -0.515      0.607
    COGPGS             0.001      0.001      0.541      0.588

 Variances
    DEMAGE             5.909      0.697      8.475      0.000
    DEMMAL             0.248      0.002     99.903      0.000
    CANEVR             0.059      0.007      8.108      0.000
    ALCEVR             0.027      0.005      5.067      0.000
    COGPGS             0.017      0.003      6.220      0.000

 Residual Variances
    WASDGT             4.191      0.412     10.174      0.000

Between Level

 WASDGT     ON
    CANEVRBW           0.772      0.596      1.295      0.195
    COGPGSBW           0.751      0.430      1.745      0.081
    ALCEVRBW           0.123      0.764      0.161      0.872
    PC1BW             -1.521      3.759     -0.405      0.686
    PC2BW            -23.428      3.669     -6.386      0.000
    PC3BW             -6.473     34.904     -0.185      0.853
    PC4BW             -2.692     15.109     -0.178      0.859
    PC5BW              4.860      1.321      3.679      0.000

 CANEVRBW WITH
    COGPGSBW           0.000      0.005      0.008      0.993
    ALCEVRBW           0.011      0.003      3.439      0.001

 ALCEVRBW WITH
    COGPGSBW           0.006      0.003      2.129      0.033

 Means
    CANEVRBW           0.003      0.016      0.171      0.864
    ALCEVRBW           0.001      0.010      0.083      0.934
    COGPGSBW           0.002      0.023      0.068      0.945

 Intercepts
    WASDGT             9.356      0.122     76.395      0.000

 Variances
    CANEVRBW           0.057      0.007      7.754      0.000
    ALCEVRBW           0.022      0.004      5.627      0.000
    COGPGSBW           0.115      0.011      9.993      0.000

 Residual Variances
    WASDGT             1.238      0.413      2.998      0.003


STANDARDIZED MODEL RESULTS


STDYX Standardization

                                                    Two-Tailed
                    Estimate       S.E.  Est./S.E.    P-Value

Within Level

 WASDGT     ON
    CANEVR             0.036      0.045      0.796      0.426
    DEMMAL             0.042      0.054      0.788      0.431
    DEMAGE             0.000      0.053      0.002      0.998
    COGPGS            -0.032      0.049     -0.652      0.514
    ALCEVR             0.038      0.055      0.692      0.489

 CANEVR   WITH
    DEMMAL             0.080      0.044      1.839      0.066
    DEMAGE            -0.210      0.050     -4.165      0.000
    COGPGS            -0.115      0.092     -1.247      0.212
    ALCEVR             0.385      0.079      4.863      0.000

 ALCEVR   WITH
    DEMMAL             0.056      0.043      1.306      0.192
    DEMAGE            -0.048      0.036     -1.337      0.181
    COGPGS             0.072      0.045      1.621      0.105

 Means
    DEMAGE             0.000      0.046     -0.001      0.999
    DEMMAL             0.000      0.053      0.000      1.000
    CANEVR             0.000      0.000      0.363      0.717
    ALCEVR             0.000      0.000     -0.515      0.607
    COGPGS             0.006      0.011      0.538      0.590

 Variances
    DEMAGE             1.000      0.000    999.000    999.000
    DEMMAL             1.000      0.000    999.000    999.000
    CANEVR             1.000      0.000    999.000    999.000
    ALCEVR             1.000      0.000    999.000    999.000
    COGPGS             1.000      0.000    999.000    999.000

 Residual Variances
    WASDGT             0.993      0.007    133.551      0.000

Between Level

 WASDGT     ON
    CANEVRBW           0.123      0.096      1.280      0.201
    COGPGSBW           0.170      0.098      1.737      0.082
    ALCEVRBW           0.012      0.076      0.162      0.872
    PC1BW             -0.040      0.098     -0.405      0.686
    PC2BW             -0.617      0.096     -6.399      0.000
    PC3BW             -0.067      0.362     -0.186      0.853
    PC4BW             -0.065      0.366     -0.179      0.858
    PC5BW              0.123      0.033      3.741      0.000

 CANEVRBW WITH
    COGPGSBW           0.000      0.058      0.008      0.993
    ALCEVRBW           0.323      0.079      4.116      0.000

 ALCEVRBW WITH
    COGPGSBW           0.126      0.055      2.287      0.022

 Means
    CANEVRBW           0.012      0.068      0.169      0.865
    ALCEVRBW           0.006      0.068      0.082      0.935
    COGPGSBW           0.005      0.067      0.068      0.945

 Intercepts
    WASDGT             6.247      0.686      9.110      0.000

 Variances
    CANEVRBW           1.000      0.000    999.000    999.000
    ALCEVRBW           1.000      0.000    999.000    999.000
    COGPGSBW           1.000      0.000    999.000    999.000

 Residual Variances
    WASDGT             0.552      0.100      5.509      0.000


R-SQUARE

Within Level

    Observed                                        Two-Tailed
    Variable        Estimate       S.E.  Est./S.E.    P-Value

    WASDGT             0.007      0.007      0.958      0.338

Between Level

    Observed                                        Two-Tailed
    Variable        Estimate       S.E.  Est./S.E.    P-Value

    WASDGT             0.448      0.100      4.475      0.000


QUALITY OF NUMERICAL RESULTS

     Condition Number for the Information Matrix              0.949E-16
       (ratio of smallest to largest eigenvalue)


CONFIDENCE INTERVALS OF MODEL RESULTS

                  Lower .5%  Lower 2.5%    Lower 5%    Estimate    Upper 5%  Upper 2.5%   Upper .5%

Within Level

 WASDGT   ON
    CANEVR          -0.670      -0.437      -0.318       0.304       0.926       1.046       1.279
    DEMMAL          -0.398      -0.261      -0.191       0.174       0.539       0.609       0.746
    DEMAGE          -0.116      -0.088      -0.074       0.000       0.074       0.088       0.116
    COGPGS          -2.496      -2.020      -1.777      -0.507       0.763       1.007       1.482
    ALCEVR          -1.312      -0.883      -0.663       0.483       1.629       1.848       2.277

 CANEVR   WITH
    DEMMAL          -0.004      -0.001       0.001       0.010       0.018       0.020       0.023
    DEMAGE          -0.210      -0.189      -0.179      -0.124      -0.069      -0.059      -0.038
    COGPGS          -0.011      -0.009      -0.008      -0.004       0.001       0.002       0.004
    ALCEVR           0.004       0.007       0.008       0.015       0.022       0.024       0.026

 ALCEVR   WITH
    DEMMAL          -0.005      -0.002      -0.001       0.005       0.010       0.012       0.014
    DEMAGE          -0.056      -0.047      -0.043      -0.019       0.005       0.009       0.018
    COGPGS          -0.001       0.000       0.000       0.002       0.003       0.003       0.004

 Means
    DEMAGE          -0.291      -0.221      -0.186       0.000       0.186       0.221       0.291
    DEMMAL          -0.068      -0.052      -0.043       0.000       0.043       0.052       0.068
    CANEVR           0.000       0.000       0.000       0.000       0.000       0.000       0.000
    ALCEVR           0.000       0.000       0.000       0.000       0.000       0.000       0.000
    COGPGS          -0.003      -0.002      -0.002       0.001       0.003       0.004       0.005

 Variances
    DEMAGE           4.113       4.542       4.762       5.909       7.055       7.275       7.704
    DEMMAL           0.241       0.243       0.244       0.248       0.252       0.253       0.254
    CANEVR           0.040       0.045       0.047       0.059       0.071       0.073       0.078
    ALCEVR           0.013       0.016       0.018       0.027       0.035       0.037       0.040
    COGPGS           0.010       0.011       0.012       0.017       0.021       0.022       0.024

 Residual Variances
    WASDGT           3.130       3.384       3.514       4.191       4.869       4.999       5.252

Between Level

 WASDGT   ON
    CANEVRBW        -0.764      -0.396      -0.209       0.772       1.753       1.941       2.308
    COGPGSBW        -0.358      -0.093       0.043       0.751       1.459       1.594       1.859
    ALCEVRBW        -1.845      -1.374      -1.133       0.123       1.380       1.621       2.091
    PC1BW          -11.204      -8.889      -7.705      -1.521       4.662       5.847       8.161
    PC2BW          -32.878     -30.619     -29.463     -23.428     -17.393     -16.237     -13.978
    PC3BW          -96.379     -74.885     -63.890      -6.473      50.945      61.940      83.434
    PC4BW          -41.610     -32.306     -27.546      -2.692      22.163      26.923      36.227
    PC5BW            1.457       2.271       2.687       4.860       7.034       7.450       8.263

 CANEVRBW WITH
    COGPGSBW        -0.012      -0.009      -0.008       0.000       0.008       0.009       0.012
    ALCEVRBW         0.003       0.005       0.006       0.011       0.017       0.018       0.020

 ALCEVRBW WITH
    COGPGSBW        -0.001       0.001       0.001       0.006       0.011       0.012       0.014

 Means
    CANEVRBW        -0.039      -0.029      -0.024       0.003       0.029       0.034       0.044
    ALCEVRBW        -0.025      -0.019      -0.016       0.001       0.017       0.021       0.027
    COGPGSBW        -0.057      -0.043      -0.036       0.002       0.039       0.046       0.060

 Intercepts
    WASDGT           9.041       9.116       9.155       9.356       9.557       9.596       9.671

 Variances
    CANEVRBW         0.038       0.042       0.045       0.057       0.069       0.071       0.075
    ALCEVRBW         0.012       0.015       0.016       0.022       0.029       0.030       0.033
    COGPGSBW         0.085       0.092       0.096       0.115       0.133       0.137       0.144

 Residual Variances
    WASDGT           0.174       0.429       0.559       1.238       1.917       2.047       2.301


CONFIDENCE INTERVALS OF STANDARDIZED MODEL RESULTS


STDYX Standardization

                  Lower .5%  Lower 2.5%    Lower 5%    Estimate    Upper 5%  Upper 2.5%   Upper .5%

Within Level

 WASDGT   ON
    CANEVR          -0.080      -0.053      -0.038       0.036       0.110       0.124       0.152
    DEMMAL          -0.096      -0.063      -0.046       0.042       0.130       0.147       0.180
    DEMAGE          -0.137      -0.104      -0.088       0.000       0.088       0.105       0.137
    COGPGS          -0.158      -0.128      -0.112      -0.032       0.049       0.064       0.094
    ALCEVR          -0.104      -0.070      -0.053       0.038       0.129       0.147       0.181

 CANEVR   WITH
    DEMMAL          -0.032      -0.005       0.008       0.080       0.152       0.165       0.192
    DEMAGE          -0.340      -0.309      -0.293      -0.210      -0.127      -0.111      -0.080
    COGPGS          -0.351      -0.295      -0.266      -0.115       0.037       0.065       0.122
    ALCEVR           0.181       0.230       0.255       0.385       0.516       0.541       0.590

 ALCEVR   WITH
    DEMMAL          -0.055      -0.028      -0.015       0.056       0.127       0.141       0.168
    DEMAGE          -0.140      -0.118      -0.107      -0.048       0.011       0.022       0.044
    COGPGS          -0.043      -0.015      -0.001       0.072       0.146       0.160       0.187

 Means
    DEMAGE          -0.120      -0.091      -0.076       0.000       0.076       0.091       0.120
    DEMMAL          -0.136      -0.104      -0.087       0.000       0.087       0.104       0.136
    CANEVR           0.000       0.000       0.000       0.000       0.000       0.000       0.000
    ALCEVR           0.000       0.000       0.000       0.000       0.000       0.000       0.000
    COGPGS          -0.023      -0.016      -0.013       0.006       0.025       0.029       0.036

 Variances
    DEMAGE           1.000       1.000       1.000       1.000       1.000       1.000       1.000
    DEMMAL           1.000       1.000       1.000       1.000       1.000       1.000       1.000
    CANEVR           1.000       1.000       1.000       1.000       1.000       1.000       1.000
    ALCEVR           1.000       1.000       1.000       1.000       1.000       1.000       1.000
    COGPGS           1.000       1.000       1.000       1.000       1.000       1.000       1.000

 Residual Variances
    WASDGT           0.974       0.978       0.981       0.993       1.005       1.007       1.012

Between Level

 WASDGT   ON
    CANEVRBW        -0.124      -0.065      -0.035       0.123       0.280       0.311       0.370
    COGPGSBW        -0.082      -0.022       0.009       0.170       0.330       0.361       0.421
    ALCEVRBW        -0.184      -0.137      -0.113       0.012       0.137       0.161       0.208
    PC1BW           -0.292      -0.231      -0.201      -0.040       0.121       0.152       0.212
    PC2BW           -0.866      -0.807      -0.776      -0.617      -0.459      -0.428      -0.369
    PC3BW           -0.999      -0.776      -0.662      -0.067       0.528       0.642       0.865
    PC4BW           -1.008      -0.783      -0.668      -0.065       0.537       0.652       0.878
    PC5BW            0.038       0.058       0.069       0.123       0.177       0.187       0.207

 CANEVRBW WITH
    COGPGSBW        -0.149      -0.113      -0.095       0.000       0.096       0.114       0.150
    ALCEVRBW         0.121       0.169       0.194       0.323       0.452       0.477       0.526

 ALCEVRBW WITH
    COGPGSBW        -0.016       0.018       0.035       0.126       0.216       0.234       0.268

 Means
    CANEVRBW        -0.164      -0.122      -0.100       0.012       0.123       0.145       0.187
    ALCEVRBW        -0.169      -0.127      -0.106       0.006       0.117       0.139       0.180
    COGPGSBW        -0.169      -0.127      -0.106       0.005       0.115       0.136       0.178

 Intercepts
    WASDGT           4.481       4.903       5.119       6.247       7.375       7.591       8.013

 Variances
    CANEVRBW         1.000       1.000       1.000       1.000       1.000       1.000       1.000
    ALCEVRBW         1.000       1.000       1.000       1.000       1.000       1.000       1.000
    COGPGSBW         1.000       1.000       1.000       1.000       1.000       1.000       1.000

 Residual Variances
    WASDGT           0.294       0.355       0.387       0.552       0.717       0.748       0.810


TECHNICAL 1 OUTPUT


     PARAMETER SPECIFICATION FOR WITHIN


           NU
              CANEVRBW      ALCEVRBW      COGPGSBW      WASDGT        DEMAGE
              ________      ________      ________      ________      ________
 1                  0             0             0             0             0


           NU
              DEMMAL        CANEVR        ALCEVR        COGPGS        PC1BW
              ________      ________      ________      ________      ________
 1                  0             0             0             0             0


           NU
              PC2BW         PC3BW         PC4BW         PC5BW
              ________      ________      ________      ________
 1                  0             0             0             0


           LAMBDA
              CANEVRBW      ALCEVRBW      COGPGSBW      WASDGT        DEMAGE
              ________      ________      ________      ________      ________
 CANEVRBW           0             0             0             0             0
 ALCEVRBW           0             0             0             0             0
 COGPGSBW           0             0             0             0             0
 WASDGT             0             0             0             0             0
 DEMAGE             0             0             0             0             0
 DEMMAL             0             0             0             0             0
 CANEVR             0             0             0             0             0
 ALCEVR             0             0             0             0             0
 COGPGS             0             0             0             0             0
 PC1BW              0             0             0             0             0
 PC2BW              0             0             0             0             0
 PC3BW              0             0             0             0             0
 PC4BW              0             0             0             0             0
 PC5BW              0             0             0             0             0


           LAMBDA
              DEMMAL        CANEVR        ALCEVR        COGPGS        PC1BW
              ________      ________      ________      ________      ________
 CANEVRBW           0             0             0             0             0
 ALCEVRBW           0             0             0             0             0
 COGPGSBW           0             0             0             0             0
 WASDGT             0             0             0             0             0
 DEMAGE             0             0             0             0             0
 DEMMAL             0             0             0             0             0
 CANEVR             0             0             0             0             0
 ALCEVR             0             0             0             0             0
 COGPGS             0             0             0             0             0
 PC1BW              0             0             0             0             0
 PC2BW              0             0             0             0             0
 PC3BW              0             0             0             0             0
 PC4BW              0             0             0             0             0
 PC5BW              0             0             0             0             0


           LAMBDA
              PC2BW         PC3BW         PC4BW         PC5BW
              ________      ________      ________      ________
 CANEVRBW           0             0             0             0
 ALCEVRBW           0             0             0             0
 COGPGSBW           0             0             0             0
 WASDGT             0             0             0             0
 DEMAGE             0             0             0             0
 DEMMAL             0             0             0             0
 CANEVR             0             0             0             0
 ALCEVR             0             0             0             0
 COGPGS             0             0             0             0
 PC1BW              0             0             0             0
 PC2BW              0             0             0             0
 PC3BW              0             0             0             0
 PC4BW              0             0             0             0
 PC5BW              0             0             0             0


           THETA
              CANEVRBW      ALCEVRBW      COGPGSBW      WASDGT        DEMAGE
              ________      ________      ________      ________      ________
 CANEVRBW           0
 ALCEVRBW           0             0
 COGPGSBW           0             0             0
 WASDGT             0             0             0             0
 DEMAGE             0             0             0             0             0
 DEMMAL             0             0             0             0             0
 CANEVR             0             0             0             0             0
 ALCEVR             0             0             0             0             0
 COGPGS             0             0             0             0             0
 PC1BW              0             0             0             0             0
 PC2BW              0             0             0             0             0
 PC3BW              0             0             0             0             0
 PC4BW              0             0             0             0             0
 PC5BW              0             0             0             0             0


           THETA
              DEMMAL        CANEVR        ALCEVR        COGPGS        PC1BW
              ________      ________      ________      ________      ________
 DEMMAL             0
 CANEVR             0             0
 ALCEVR             0             0             0
 COGPGS             0             0             0             0
 PC1BW              0             0             0             0             0
 PC2BW              0             0             0             0             0
 PC3BW              0             0             0             0             0
 PC4BW              0             0             0             0             0
 PC5BW              0             0             0             0             0


           THETA
              PC2BW         PC3BW         PC4BW         PC5BW
              ________      ________      ________      ________
 PC2BW              0
 PC3BW              0             0
 PC4BW              0             0             0
 PC5BW              0             0             0             0


           ALPHA
              CANEVRBW      ALCEVRBW      COGPGSBW      WASDGT        DEMAGE
              ________      ________      ________      ________      ________
 1                  0             0             0             0             1


           ALPHA
              DEMMAL        CANEVR        ALCEVR        COGPGS        PC1BW
              ________      ________      ________      ________      ________
 1                  2             3             4             5             0


           ALPHA
              PC2BW         PC3BW         PC4BW         PC5BW
              ________      ________      ________      ________
 1                  0             0             0             0


           BETA
              CANEVRBW      ALCEVRBW      COGPGSBW      WASDGT        DEMAGE
              ________      ________      ________      ________      ________
 CANEVRBW           0             0             0             0             0
 ALCEVRBW           0             0             0             0             0
 COGPGSBW           0             0             0             0             0
 WASDGT             0             0             0             0             6
 DEMAGE             0             0             0             0             0
 DEMMAL             0             0             0             0             0
 CANEVR             0             0             0             0             0
 ALCEVR             0             0             0             0             0
 COGPGS             0             0             0             0             0
 PC1BW              0             0             0             0             0
 PC2BW              0             0             0             0             0
 PC3BW              0             0             0             0             0
 PC4BW              0             0             0             0             0
 PC5BW              0             0             0             0             0


           BETA
              DEMMAL        CANEVR        ALCEVR        COGPGS        PC1BW
              ________      ________      ________      ________      ________
 CANEVRBW           0             0             0             0             0
 ALCEVRBW           0             0             0             0             0
 COGPGSBW           0             0             0             0             0
 WASDGT             7             8             9            10             0
 DEMAGE             0             0             0             0             0
 DEMMAL             0             0             0             0             0
 CANEVR             0             0             0             0             0
 ALCEVR             0             0             0             0             0
 COGPGS             0             0             0             0             0
 PC1BW              0             0             0             0             0
 PC2BW              0             0             0             0             0
 PC3BW              0             0             0             0             0
 PC4BW              0             0             0             0             0
 PC5BW              0             0             0             0             0


           BETA
              PC2BW         PC3BW         PC4BW         PC5BW
              ________      ________      ________      ________
 CANEVRBW           0             0             0             0
 ALCEVRBW           0             0             0             0
 COGPGSBW           0             0             0             0
 WASDGT             0             0             0             0
 DEMAGE             0             0             0             0
 DEMMAL             0             0             0             0
 CANEVR             0             0             0             0
 ALCEVR             0             0             0             0
 COGPGS             0             0             0             0
 PC1BW              0             0             0             0
 PC2BW              0             0             0             0
 PC3BW              0             0             0             0
 PC4BW              0             0             0             0
 PC5BW              0             0             0             0


           PSI
              CANEVRBW      ALCEVRBW      COGPGSBW      WASDGT        DEMAGE
              ________      ________      ________      ________      ________
 CANEVRBW           0
 ALCEVRBW           0             0
 COGPGSBW           0             0             0
 WASDGT             0             0             0            11
 DEMAGE             0             0             0             0            12
 DEMMAL             0             0             0             0             0
 CANEVR             0             0             0             0            14
 ALCEVR             0             0             0             0            17
 COGPGS             0             0             0             0             0
 PC1BW              0             0             0             0             0
 PC2BW              0             0             0             0             0
 PC3BW              0             0             0             0             0
 PC4BW              0             0             0             0             0
 PC5BW              0             0             0             0             0


           PSI
              DEMMAL        CANEVR        ALCEVR        COGPGS        PC1BW
              ________      ________      ________      ________      ________
 DEMMAL            13
 CANEVR            15            16
 ALCEVR            18            19            20
 COGPGS             0            21            22            23
 PC1BW              0             0             0             0             0
 PC2BW              0             0             0             0             0
 PC3BW              0             0             0             0             0
 PC4BW              0             0             0             0             0
 PC5BW              0             0             0             0             0


           PSI
              PC2BW         PC3BW         PC4BW         PC5BW
              ________      ________      ________      ________
 PC2BW              0
 PC3BW              0             0
 PC4BW              0             0             0
 PC5BW              0             0             0             0


     PARAMETER SPECIFICATION FOR BETWEEN


           NU
              CANEVRBW      ALCEVRBW      COGPGSBW      WASDGT        DEMAGE
              ________      ________      ________      ________      ________
 1                  0             0             0             0             0


           NU
              DEMMAL        CANEVR        ALCEVR        COGPGS        PC1BW
              ________      ________      ________      ________      ________
 1                  0             0             0             0             0


           NU
              PC2BW         PC3BW         PC4BW         PC5BW
              ________      ________      ________      ________
 1                  0             0             0             0


           LAMBDA
              CANEVRBW      ALCEVRBW      COGPGSBW      WASDGT        DEMAGE
              ________      ________      ________      ________      ________
 CANEVRBW           0             0             0             0             0
 ALCEVRBW           0             0             0             0             0
 COGPGSBW           0             0             0             0             0
 WASDGT             0             0             0             0             0
 DEMAGE             0             0             0             0             0
 DEMMAL             0             0             0             0             0
 CANEVR             0             0             0             0             0
 ALCEVR             0             0             0             0             0
 COGPGS             0             0             0             0             0
 PC1BW              0             0             0             0             0
 PC2BW              0             0             0             0             0
 PC3BW              0             0             0             0             0
 PC4BW              0             0             0             0             0
 PC5BW              0             0             0             0             0


           LAMBDA
              DEMMAL        CANEVR        ALCEVR        COGPGS        PC1BW
              ________      ________      ________      ________      ________
 CANEVRBW           0             0             0             0             0
 ALCEVRBW           0             0             0             0             0
 COGPGSBW           0             0             0             0             0
 WASDGT             0             0             0             0             0
 DEMAGE             0             0             0             0             0
 DEMMAL             0             0             0             0             0
 CANEVR             0             0             0             0             0
 ALCEVR             0             0             0             0             0
 COGPGS             0             0             0             0             0
 PC1BW              0             0             0             0             0
 PC2BW              0             0             0             0             0
 PC3BW              0             0             0             0             0
 PC4BW              0             0             0             0             0
 PC5BW              0             0             0             0             0


           LAMBDA
              PC2BW         PC3BW         PC4BW         PC5BW
              ________      ________      ________      ________
 CANEVRBW           0             0             0             0
 ALCEVRBW           0             0             0             0
 COGPGSBW           0             0             0             0
 WASDGT             0             0             0             0
 DEMAGE             0             0             0             0
 DEMMAL             0             0             0             0
 CANEVR             0             0             0             0
 ALCEVR             0             0             0             0
 COGPGS             0             0             0             0
 PC1BW              0             0             0             0
 PC2BW              0             0             0             0
 PC3BW              0             0             0             0
 PC4BW              0             0             0             0
 PC5BW              0             0             0             0


           THETA
              CANEVRBW      ALCEVRBW      COGPGSBW      WASDGT        DEMAGE
              ________      ________      ________      ________      ________
 CANEVRBW           0
 ALCEVRBW           0             0
 COGPGSBW           0             0             0
 WASDGT             0             0             0             0
 DEMAGE             0             0             0             0             0
 DEMMAL             0             0             0             0             0
 CANEVR             0             0             0             0             0
 ALCEVR             0             0             0             0             0
 COGPGS             0             0             0             0             0
 PC1BW              0             0             0             0             0
 PC2BW              0             0             0             0             0
 PC3BW              0             0             0             0             0
 PC4BW              0             0             0             0             0
 PC5BW              0             0             0             0             0


           THETA
              DEMMAL        CANEVR        ALCEVR        COGPGS        PC1BW
              ________      ________      ________      ________      ________
 DEMMAL             0
 CANEVR             0             0
 ALCEVR             0             0             0
 COGPGS             0             0             0             0
 PC1BW              0             0             0             0             0
 PC2BW              0             0             0             0             0
 PC3BW              0             0             0             0             0
 PC4BW              0             0             0             0             0
 PC5BW              0             0             0             0             0


           THETA
              PC2BW         PC3BW         PC4BW         PC5BW
              ________      ________      ________      ________
 PC2BW              0
 PC3BW              0             0
 PC4BW              0             0             0
 PC5BW              0             0             0             0


           ALPHA
              CANEVRBW      ALCEVRBW      COGPGSBW      WASDGT        DEMAGE
              ________      ________      ________      ________      ________
 1                 24            25            26            27             0


           ALPHA
              DEMMAL        CANEVR        ALCEVR        COGPGS        PC1BW
              ________      ________      ________      ________      ________
 1                  0             0             0             0             0


           ALPHA
              PC2BW         PC3BW         PC4BW         PC5BW
              ________      ________      ________      ________
 1                  0             0             0             0


           BETA
              CANEVRBW      ALCEVRBW      COGPGSBW      WASDGT        DEMAGE
              ________      ________      ________      ________      ________
 CANEVRBW           0             0             0             0             0
 ALCEVRBW           0             0             0             0             0
 COGPGSBW           0             0             0             0             0
 WASDGT            28            29            30             0             0
 DEMAGE             0             0             0             0             0
 DEMMAL             0             0             0             0             0
 CANEVR             0             0             0             0             0
 ALCEVR             0             0             0             0             0
 COGPGS             0             0             0             0             0
 PC1BW              0             0             0             0             0
 PC2BW              0             0             0             0             0
 PC3BW              0             0             0             0             0
 PC4BW              0             0             0             0             0
 PC5BW              0             0             0             0             0


           BETA
              DEMMAL        CANEVR        ALCEVR        COGPGS        PC1BW
              ________      ________      ________      ________      ________
 CANEVRBW           0             0             0             0             0
 ALCEVRBW           0             0             0             0             0
 COGPGSBW           0             0             0             0             0
 WASDGT             0             0             0             0            31
 DEMAGE             0             0             0             0             0
 DEMMAL             0             0             0             0             0
 CANEVR             0             0             0             0             0
 ALCEVR             0             0             0             0             0
 COGPGS             0             0             0             0             0
 PC1BW              0             0             0             0             0
 PC2BW              0             0             0             0             0
 PC3BW              0             0             0             0             0
 PC4BW              0             0             0             0             0
 PC5BW              0             0             0             0             0


           BETA
              PC2BW         PC3BW         PC4BW         PC5BW
              ________      ________      ________      ________
 CANEVRBW           0             0             0             0
 ALCEVRBW           0             0             0             0
 COGPGSBW           0             0             0             0
 WASDGT            32            33            34            35
 DEMAGE             0             0             0             0
 DEMMAL             0             0             0             0
 CANEVR             0             0             0             0
 ALCEVR             0             0             0             0
 COGPGS             0             0             0             0
 PC1BW              0             0             0             0
 PC2BW              0             0             0             0
 PC3BW              0             0             0             0
 PC4BW              0             0             0             0
 PC5BW              0             0             0             0


           PSI
              CANEVRBW      ALCEVRBW      COGPGSBW      WASDGT        DEMAGE
              ________      ________      ________      ________      ________
 CANEVRBW          36
 ALCEVRBW          37            38
 COGPGSBW          39            40            41
 WASDGT             0             0             0            42
 DEMAGE             0             0             0             0             0
 DEMMAL             0             0             0             0             0
 CANEVR             0             0             0             0             0
 ALCEVR             0             0             0             0             0
 COGPGS             0             0             0             0             0
 PC1BW              0             0             0             0             0
 PC2BW              0             0             0             0             0
 PC3BW              0             0             0             0             0
 PC4BW              0             0             0             0             0
 PC5BW              0             0             0             0             0


           PSI
              DEMMAL        CANEVR        ALCEVR        COGPGS        PC1BW
              ________      ________      ________      ________      ________
 DEMMAL             0
 CANEVR             0             0
 ALCEVR             0             0             0
 COGPGS             0             0             0             0
 PC1BW              0             0             0             0             0
 PC2BW              0             0             0             0             0
 PC3BW              0             0             0             0             0
 PC4BW              0             0             0             0             0
 PC5BW              0             0             0             0             0


           PSI
              PC2BW         PC3BW         PC4BW         PC5BW
              ________      ________      ________      ________
 PC2BW              0
 PC3BW              0             0
 PC4BW              0             0             0
 PC5BW              0             0             0             0


     STARTING VALUES FOR WITHIN


           NU
              CANEVRBW      ALCEVRBW      COGPGSBW      WASDGT        DEMAGE
              ________      ________      ________      ________      ________
 1              0.000         0.000         0.000         0.000         0.000


           NU
              DEMMAL        CANEVR        ALCEVR        COGPGS        PC1BW
              ________      ________      ________      ________      ________
 1              0.000         0.000         0.000         0.000         0.000


           NU
              PC2BW         PC3BW         PC4BW         PC5BW
              ________      ________      ________      ________
 1              0.000         0.000         0.000         0.000


           LAMBDA
              CANEVRBW      ALCEVRBW      COGPGSBW      WASDGT        DEMAGE
              ________      ________      ________      ________      ________
 CANEVRBW       1.000         0.000         0.000         0.000         0.000
 ALCEVRBW       0.000         1.000         0.000         0.000         0.000
 COGPGSBW       0.000         0.000         1.000         0.000         0.000
 WASDGT         0.000         0.000         0.000         1.000         0.000
 DEMAGE         0.000         0.000         0.000         0.000         1.000
 DEMMAL         0.000         0.000         0.000         0.000         0.000
 CANEVR         0.000         0.000         0.000         0.000         0.000
 ALCEVR         0.000         0.000         0.000         0.000         0.000
 COGPGS         0.000         0.000         0.000         0.000         0.000
 PC1BW          0.000         0.000         0.000         0.000         0.000
 PC2BW          0.000         0.000         0.000         0.000         0.000
 PC3BW          0.000         0.000         0.000         0.000         0.000
 PC4BW          0.000         0.000         0.000         0.000         0.000
 PC5BW          0.000         0.000         0.000         0.000         0.000


           LAMBDA
              DEMMAL        CANEVR        ALCEVR        COGPGS        PC1BW
              ________      ________      ________      ________      ________
 CANEVRBW       0.000         0.000         0.000         0.000         0.000
 ALCEVRBW       0.000         0.000         0.000         0.000         0.000
 COGPGSBW       0.000         0.000         0.000         0.000         0.000
 WASDGT         0.000         0.000         0.000         0.000         0.000
 DEMAGE         0.000         0.000         0.000         0.000         0.000
 DEMMAL         1.000         0.000         0.000         0.000         0.000
 CANEVR         0.000         1.000         0.000         0.000         0.000
 ALCEVR         0.000         0.000         1.000         0.000         0.000
 COGPGS         0.000         0.000         0.000         1.000         0.000
 PC1BW          0.000         0.000         0.000         0.000         1.000
 PC2BW          0.000         0.000         0.000         0.000         0.000
 PC3BW          0.000         0.000         0.000         0.000         0.000
 PC4BW          0.000         0.000         0.000         0.000         0.000
 PC5BW          0.000         0.000         0.000         0.000         0.000


           LAMBDA
              PC2BW         PC3BW         PC4BW         PC5BW
              ________      ________      ________      ________
 CANEVRBW       0.000         0.000         0.000         0.000
 ALCEVRBW       0.000         0.000         0.000         0.000
 COGPGSBW       0.000         0.000         0.000         0.000
 WASDGT         0.000         0.000         0.000         0.000
 DEMAGE         0.000         0.000         0.000         0.000
 DEMMAL         0.000         0.000         0.000         0.000
 CANEVR         0.000         0.000         0.000         0.000
 ALCEVR         0.000         0.000         0.000         0.000
 COGPGS         0.000         0.000         0.000         0.000
 PC1BW          0.000         0.000         0.000         0.000
 PC2BW          1.000         0.000         0.000         0.000
 PC3BW          0.000         1.000         0.000         0.000
 PC4BW          0.000         0.000         1.000         0.000
 PC5BW          0.000         0.000         0.000         1.000


           THETA
              CANEVRBW      ALCEVRBW      COGPGSBW      WASDGT        DEMAGE
              ________      ________      ________      ________      ________
 CANEVRBW       0.000
 ALCEVRBW       0.000         0.000
 COGPGSBW       0.000         0.000         0.000
 WASDGT         0.000         0.000         0.000         0.000
 DEMAGE         0.000         0.000         0.000         0.000         0.000
 DEMMAL         0.000         0.000         0.000         0.000         0.000
 CANEVR         0.000         0.000         0.000         0.000         0.000
 ALCEVR         0.000         0.000         0.000         0.000         0.000
 COGPGS         0.000         0.000         0.000         0.000         0.000
 PC1BW          0.000         0.000         0.000         0.000         0.000
 PC2BW          0.000         0.000         0.000         0.000         0.000
 PC3BW          0.000         0.000         0.000         0.000         0.000
 PC4BW          0.000         0.000         0.000         0.000         0.000
 PC5BW          0.000         0.000         0.000         0.000         0.000


           THETA
              DEMMAL        CANEVR        ALCEVR        COGPGS        PC1BW
              ________      ________      ________      ________      ________
 DEMMAL         0.000
 CANEVR         0.000         0.000
 ALCEVR         0.000         0.000         0.000
 COGPGS         0.000         0.000         0.000         0.000
 PC1BW          0.000         0.000         0.000         0.000         0.000
 PC2BW          0.000         0.000         0.000         0.000         0.000
 PC3BW          0.000         0.000         0.000         0.000         0.000
 PC4BW          0.000         0.000         0.000         0.000         0.000
 PC5BW          0.000         0.000         0.000         0.000         0.000


           THETA
              PC2BW         PC3BW         PC4BW         PC5BW
              ________      ________      ________      ________
 PC2BW          0.000
 PC3BW          0.000         0.000
 PC4BW          0.000         0.000         0.000
 PC5BW          0.000         0.000         0.000         0.000


           ALPHA
              CANEVRBW      ALCEVRBW      COGPGSBW      WASDGT        DEMAGE
              ________      ________      ________      ________      ________
 1              0.000         0.000         0.000         0.000         0.000


           ALPHA
              DEMMAL        CANEVR        ALCEVR        COGPGS        PC1BW
              ________      ________      ________      ________      ________
 1              0.000         0.000         0.000         0.000         0.000


           ALPHA
              PC2BW         PC3BW         PC4BW         PC5BW
              ________      ________      ________      ________
 1              0.000         0.000         0.000         0.000


           BETA
              CANEVRBW      ALCEVRBW      COGPGSBW      WASDGT        DEMAGE
              ________      ________      ________      ________      ________
 CANEVRBW       0.000         0.000         0.000         0.000         0.000
 ALCEVRBW       0.000         0.000         0.000         0.000         0.000
 COGPGSBW       0.000         0.000         0.000         0.000         0.000
 WASDGT         0.000         0.000         0.000         0.000         0.000
 DEMAGE         0.000         0.000         0.000         0.000         0.000
 DEMMAL         0.000         0.000         0.000         0.000         0.000
 CANEVR         0.000         0.000         0.000         0.000         0.000
 ALCEVR         0.000         0.000         0.000         0.000         0.000
 COGPGS         0.000         0.000         0.000         0.000         0.000
 PC1BW          0.000         0.000         0.000         0.000         0.000
 PC2BW          0.000         0.000         0.000         0.000         0.000
 PC3BW          0.000         0.000         0.000         0.000         0.000
 PC4BW          0.000         0.000         0.000         0.000         0.000
 PC5BW          0.000         0.000         0.000         0.000         0.000


           BETA
              DEMMAL        CANEVR        ALCEVR        COGPGS        PC1BW
              ________      ________      ________      ________      ________
 CANEVRBW       0.000         0.000         0.000         0.000         0.000
 ALCEVRBW       0.000         0.000         0.000         0.000         0.000
 COGPGSBW       0.000         0.000         0.000         0.000         0.000
 WASDGT         0.000         0.000         0.000         0.000         0.000
 DEMAGE         0.000         0.000         0.000         0.000         0.000
 DEMMAL         0.000         0.000         0.000         0.000         0.000
 CANEVR         0.000         0.000         0.000         0.000         0.000
 ALCEVR         0.000         0.000         0.000         0.000         0.000
 COGPGS         0.000         0.000         0.000         0.000         0.000
 PC1BW          0.000         0.000         0.000         0.000         0.000
 PC2BW          0.000         0.000         0.000         0.000         0.000
 PC3BW          0.000         0.000         0.000         0.000         0.000
 PC4BW          0.000         0.000         0.000         0.000         0.000
 PC5BW          0.000         0.000         0.000         0.000         0.000


           BETA
              PC2BW         PC3BW         PC4BW         PC5BW
              ________      ________      ________      ________
 CANEVRBW       0.000         0.000         0.000         0.000
 ALCEVRBW       0.000         0.000         0.000         0.000
 COGPGSBW       0.000         0.000         0.000         0.000
 WASDGT         0.000         0.000         0.000         0.000
 DEMAGE         0.000         0.000         0.000         0.000
 DEMMAL         0.000         0.000         0.000         0.000
 CANEVR         0.000         0.000         0.000         0.000
 ALCEVR         0.000         0.000         0.000         0.000
 COGPGS         0.000         0.000         0.000         0.000
 PC1BW          0.000         0.000         0.000         0.000
 PC2BW          0.000         0.000         0.000         0.000
 PC3BW          0.000         0.000         0.000         0.000
 PC4BW          0.000         0.000         0.000         0.000
 PC5BW          0.000         0.000         0.000         0.000


           PSI
              CANEVRBW      ALCEVRBW      COGPGSBW      WASDGT        DEMAGE
              ________      ________      ________      ________      ________
 CANEVRBW       0.000
 ALCEVRBW       0.000         0.000
 COGPGSBW       0.000         0.000         0.000
 WASDGT         0.000         0.000         0.000         3.276
 DEMAGE         0.000         0.000         0.000         0.000         2.955
 DEMMAL         0.000         0.000         0.000         0.000         0.000
 CANEVR         0.000         0.000         0.000         0.000         0.000
 ALCEVR         0.000         0.000         0.000         0.000         0.000
 COGPGS         0.000         0.000         0.000         0.000         0.000
 PC1BW          0.000         0.000         0.000         0.000         0.000
 PC2BW          0.000         0.000         0.000         0.000         0.000
 PC3BW          0.000         0.000         0.000         0.000         0.000
 PC4BW          0.000         0.000         0.000         0.000         0.000
 PC5BW          0.000         0.000         0.000         0.000         0.000


           PSI
              DEMMAL        CANEVR        ALCEVR        COGPGS        PC1BW
              ________      ________      ________      ________      ________
 DEMMAL         0.124
 CANEVR         0.000         0.030
 ALCEVR         0.000         0.000         0.013
 COGPGS         0.000         0.000         0.000         0.008
 PC1BW          0.000         0.000         0.000         0.000         0.000
 PC2BW          0.000         0.000         0.000         0.000         0.000
 PC3BW          0.000         0.000         0.000         0.000         0.000
 PC4BW          0.000         0.000         0.000         0.000         0.000
 PC5BW          0.000         0.000         0.000         0.000         0.000


           PSI
              PC2BW         PC3BW         PC4BW         PC5BW
              ________      ________      ________      ________
 PC2BW          0.000
 PC3BW          0.000         0.000
 PC4BW          0.000         0.000         0.000
 PC5BW          0.000         0.000         0.000         0.000


     STARTING VALUES FOR BETWEEN


           NU
              CANEVRBW      ALCEVRBW      COGPGSBW      WASDGT        DEMAGE
              ________      ________      ________      ________      ________
 1              0.000         0.000         0.000         0.000         0.000


           NU
              DEMMAL        CANEVR        ALCEVR        COGPGS        PC1BW
              ________      ________      ________      ________      ________
 1              0.000         0.000         0.000         0.000         0.000


           NU
              PC2BW         PC3BW         PC4BW         PC5BW
              ________      ________      ________      ________
 1              0.000         0.000         0.000         0.000


           LAMBDA
              CANEVRBW      ALCEVRBW      COGPGSBW      WASDGT        DEMAGE
              ________      ________      ________      ________      ________
 CANEVRBW       1.000         0.000         0.000         0.000         0.000
 ALCEVRBW       0.000         1.000         0.000         0.000         0.000
 COGPGSBW       0.000         0.000         1.000         0.000         0.000
 WASDGT         0.000         0.000         0.000         1.000         0.000
 DEMAGE         0.000         0.000         0.000         0.000         1.000
 DEMMAL         0.000         0.000         0.000         0.000         0.000
 CANEVR         0.000         0.000         0.000         0.000         0.000
 ALCEVR         0.000         0.000         0.000         0.000         0.000
 COGPGS         0.000         0.000         0.000         0.000         0.000
 PC1BW          0.000         0.000         0.000         0.000         0.000
 PC2BW          0.000         0.000         0.000         0.000         0.000
 PC3BW          0.000         0.000         0.000         0.000         0.000
 PC4BW          0.000         0.000         0.000         0.000         0.000
 PC5BW          0.000         0.000         0.000         0.000         0.000


           LAMBDA
              DEMMAL        CANEVR        ALCEVR        COGPGS        PC1BW
              ________      ________      ________      ________      ________
 CANEVRBW       0.000         0.000         0.000         0.000         0.000
 ALCEVRBW       0.000         0.000         0.000         0.000         0.000
 COGPGSBW       0.000         0.000         0.000         0.000         0.000
 WASDGT         0.000         0.000         0.000         0.000         0.000
 DEMAGE         0.000         0.000         0.000         0.000         0.000
 DEMMAL         1.000         0.000         0.000         0.000         0.000
 CANEVR         0.000         1.000         0.000         0.000         0.000
 ALCEVR         0.000         0.000         1.000         0.000         0.000
 COGPGS         0.000         0.000         0.000         1.000         0.000
 PC1BW          0.000         0.000         0.000         0.000         1.000
 PC2BW          0.000         0.000         0.000         0.000         0.000
 PC3BW          0.000         0.000         0.000         0.000         0.000
 PC4BW          0.000         0.000         0.000         0.000         0.000
 PC5BW          0.000         0.000         0.000         0.000         0.000


           LAMBDA
              PC2BW         PC3BW         PC4BW         PC5BW
              ________      ________      ________      ________
 CANEVRBW       0.000         0.000         0.000         0.000
 ALCEVRBW       0.000         0.000         0.000         0.000
 COGPGSBW       0.000         0.000         0.000         0.000
 WASDGT         0.000         0.000         0.000         0.000
 DEMAGE         0.000         0.000         0.000         0.000
 DEMMAL         0.000         0.000         0.000         0.000
 CANEVR         0.000         0.000         0.000         0.000
 ALCEVR         0.000         0.000         0.000         0.000
 COGPGS         0.000         0.000         0.000         0.000
 PC1BW          0.000         0.000         0.000         0.000
 PC2BW          1.000         0.000         0.000         0.000
 PC3BW          0.000         1.000         0.000         0.000
 PC4BW          0.000         0.000         1.000         0.000
 PC5BW          0.000         0.000         0.000         1.000


           THETA
              CANEVRBW      ALCEVRBW      COGPGSBW      WASDGT        DEMAGE
              ________      ________      ________      ________      ________
 CANEVRBW       0.000
 ALCEVRBW       0.000         0.000
 COGPGSBW       0.000         0.000         0.000
 WASDGT         0.000         0.000         0.000         0.000
 DEMAGE         0.000         0.000         0.000         0.000         0.000
 DEMMAL         0.000         0.000         0.000         0.000         0.000
 CANEVR         0.000         0.000         0.000         0.000         0.000
 ALCEVR         0.000         0.000         0.000         0.000         0.000
 COGPGS         0.000         0.000         0.000         0.000         0.000
 PC1BW          0.000         0.000         0.000         0.000         0.000
 PC2BW          0.000         0.000         0.000         0.000         0.000
 PC3BW          0.000         0.000         0.000         0.000         0.000
 PC4BW          0.000         0.000         0.000         0.000         0.000
 PC5BW          0.000         0.000         0.000         0.000         0.000


           THETA
              DEMMAL        CANEVR        ALCEVR        COGPGS        PC1BW
              ________      ________      ________      ________      ________
 DEMMAL         0.000
 CANEVR         0.000         0.000
 ALCEVR         0.000         0.000         0.000
 COGPGS         0.000         0.000         0.000         0.000
 PC1BW          0.000         0.000         0.000         0.000         0.000
 PC2BW          0.000         0.000         0.000         0.000         0.000
 PC3BW          0.000         0.000         0.000         0.000         0.000
 PC4BW          0.000         0.000         0.000         0.000         0.000
 PC5BW          0.000         0.000         0.000         0.000         0.000


           THETA
              PC2BW         PC3BW         PC4BW         PC5BW
              ________      ________      ________      ________
 PC2BW          0.000
 PC3BW          0.000         0.000
 PC4BW          0.000         0.000         0.000
 PC5BW          0.000         0.000         0.000         0.000


           ALPHA
              CANEVRBW      ALCEVRBW      COGPGSBW      WASDGT        DEMAGE
              ________      ________      ________      ________      ________
 1              0.000         0.000         0.000         9.354         0.000


           ALPHA
              DEMMAL        CANEVR        ALCEVR        COGPGS        PC1BW
              ________      ________      ________      ________      ________
 1              0.000         0.000         0.000         0.000         0.000


           ALPHA
              PC2BW         PC3BW         PC4BW         PC5BW
              ________      ________      ________      ________
 1              0.000         0.000         0.000         0.000


           BETA
              CANEVRBW      ALCEVRBW      COGPGSBW      WASDGT        DEMAGE
              ________      ________      ________      ________      ________
 CANEVRBW       0.000         0.000         0.000         0.000         0.000
 ALCEVRBW       0.000         0.000         0.000         0.000         0.000
 COGPGSBW       0.000         0.000         0.000         0.000         0.000
 WASDGT         0.000         0.000         0.000         0.000         0.000
 DEMAGE         0.000         0.000         0.000         0.000         0.000
 DEMMAL         0.000         0.000         0.000         0.000         0.000
 CANEVR         0.000         0.000         0.000         0.000         0.000
 ALCEVR         0.000         0.000         0.000         0.000         0.000
 COGPGS         0.000         0.000         0.000         0.000         0.000
 PC1BW          0.000         0.000         0.000         0.000         0.000
 PC2BW          0.000         0.000         0.000         0.000         0.000
 PC3BW          0.000         0.000         0.000         0.000         0.000
 PC4BW          0.000         0.000         0.000         0.000         0.000
 PC5BW          0.000         0.000         0.000         0.000         0.000


           BETA
              DEMMAL        CANEVR        ALCEVR        COGPGS        PC1BW
              ________      ________      ________      ________      ________
 CANEVRBW       0.000         0.000         0.000         0.000         0.000
 ALCEVRBW       0.000         0.000         0.000         0.000         0.000
 COGPGSBW       0.000         0.000         0.000         0.000         0.000
 WASDGT         0.000         0.000         0.000         0.000         0.000
 DEMAGE         0.000         0.000         0.000         0.000         0.000
 DEMMAL         0.000         0.000         0.000         0.000         0.000
 CANEVR         0.000         0.000         0.000         0.000         0.000
 ALCEVR         0.000         0.000         0.000         0.000         0.000
 COGPGS         0.000         0.000         0.000         0.000         0.000
 PC1BW          0.000         0.000         0.000         0.000         0.000
 PC2BW          0.000         0.000         0.000         0.000         0.000
 PC3BW          0.000         0.000         0.000         0.000         0.000
 PC4BW          0.000         0.000         0.000         0.000         0.000
 PC5BW          0.000         0.000         0.000         0.000         0.000


           BETA
              PC2BW         PC3BW         PC4BW         PC5BW
              ________      ________      ________      ________
 CANEVRBW       0.000         0.000         0.000         0.000
 ALCEVRBW       0.000         0.000         0.000         0.000
 COGPGSBW       0.000         0.000         0.000         0.000
 WASDGT         0.000         0.000         0.000         0.000
 DEMAGE         0.000         0.000         0.000         0.000
 DEMMAL         0.000         0.000         0.000         0.000
 CANEVR         0.000         0.000         0.000         0.000
 ALCEVR         0.000         0.000         0.000         0.000
 COGPGS         0.000         0.000         0.000         0.000
 PC1BW          0.000         0.000         0.000         0.000
 PC2BW          0.000         0.000         0.000         0.000
 PC3BW          0.000         0.000         0.000         0.000
 PC4BW          0.000         0.000         0.000         0.000
 PC5BW          0.000         0.000         0.000         0.000


           PSI
              CANEVRBW      ALCEVRBW      COGPGSBW      WASDGT        DEMAGE
              ________      ________      ________      ________      ________
 CANEVRBW       0.028
 ALCEVRBW       0.000         0.011
 COGPGSBW       0.000         0.000         0.058
 WASDGT         0.000         0.000         0.000         3.276
 DEMAGE         0.000         0.000         0.000         0.000         0.000
 DEMMAL         0.000         0.000         0.000         0.000         0.000
 CANEVR         0.000         0.000         0.000         0.000         0.000
 ALCEVR         0.000         0.000         0.000         0.000         0.000
 COGPGS         0.000         0.000         0.000         0.000         0.000
 PC1BW          0.000         0.000         0.000         0.000         0.000
 PC2BW          0.000         0.000         0.000         0.000         0.000
 PC3BW          0.000         0.000         0.000         0.000         0.000
 PC4BW          0.000         0.000         0.000         0.000         0.000
 PC5BW          0.000         0.000         0.000         0.000         0.000


           PSI
              DEMMAL        CANEVR        ALCEVR        COGPGS        PC1BW
              ________      ________      ________      ________      ________
 DEMMAL         0.000
 CANEVR         0.000         0.000
 ALCEVR         0.000         0.000         0.000
 COGPGS         0.000         0.000         0.000         0.000
 PC1BW          0.000         0.000         0.000         0.000         0.001
 PC2BW          0.000         0.000         0.000         0.000         0.000
 PC3BW          0.000         0.000         0.000         0.000         0.000
 PC4BW          0.000         0.000         0.000         0.000         0.000
 PC5BW          0.000         0.000         0.000         0.000         0.000


           PSI
              PC2BW         PC3BW         PC4BW         PC5BW
              ________      ________      ________      ________
 PC2BW          0.001
 PC3BW          0.000         0.000
 PC4BW          0.000         0.000         0.001
 PC5BW          0.000         0.000         0.000         0.001


SAMPLE STATISTICS FOR ESTIMATED FACTOR SCORES


     SAMPLE STATISTICS


           Means
              B_WASDGT
              ________
 1              9.359


           Covariances
              B_WASDGT
              ________
 B_WASDGT       1.547


           Correlations
              B_WASDGT
              ________
 B_WASDGT       1.000


PLOT INFORMATION

The following plots are available:

  Histograms (sample values)
  Scatterplots (sample values)

     Beginning Time:  13:07:53
        Ending Time:  13:07:54
       Elapsed Time:  00:00:01



MUTHEN & MUTHEN
3463 Stoner Ave.
Los Angeles, CA  90066

Tel: (310) 391-9971
Fax: (310) 391-8971
Web: www.StatModel.com
Support: Support@StatModel.com

Copyright (c) 1998-2015 Muthen & Muthen
