Mplus VERSION 7.4 (Mac)
MUTHEN & MUTHEN
07/30/2019   1:07 PM

INPUT INSTRUCTIONS


  TITLE: CANEVR_TRLATS_1;

  DATA:
  	FILE = GD190618.csv;

  VARIABLE:
  	NAMES =
  			ID_Fam   Wave     ID_MPL
  			DEMMAL   DEMAGE   DEMHSP   DEMRAC
  			SRPWCR
  			WASVCB   WASBLK   WASDGT   WSISUM
  			TRLATS   TRLBTS
  			CVLASF   CVLASC   CVLALF   CVLALC
  			WASCOM   COGCOM   CVLCOM
  			CANEVR   CANONS   CANFLF
  			CANFTY   CANF6M   CANAC6
  			CANYRS
  			ALCEVR   ALCONS   ALCFLF
  			ALCFTY   ALCF6M   ALCAC6
  			ALCYRS
  			SRPWCRDt WASVCBDt WASBLKDt
  			WASDGTDt WSISUMDt TRLATSDt
  			TRLBTSDt CVLASFDt CVLASCDt
  			CVLALFDt CVLALCDt WASCOMDt
  			COGCOMDt CVLCOMDt
  			COGPGS
  			PC1 PC2 PC3 PC4 PC5 PC6
  		;
  	USEVARIABLES =
  		! outcome
    			TRLATS
    		! covariates
    			DEMAGE
    			DEMMAL  			
    		! within predictor
    			CANEVR
    			ALCEVR
    			COGPGS
    		! between predictor
    			CANEVRBW
    			ALCEVRBW
    			COGPGSBW
    			PC1BW
    			PC2BW
    			PC3BW
    			PC4BW
    			PC5BW
    		;
    	USEOBSERVATION =
    			(Wave EQ 1 AND TRLATSDt EQ 1)
    		;
    	CLUSTER =
    			ID_Fam
    		;
    	MISSING = .;
    	BETWEEN =   		
    			CANEVRBW
    			ALCEVRBW
    			COGPGSBW
    			PC1BW
    			PC2BW
    			PC3BW
    			PC4BW
    			PC5BW 			
    		;
    	WITHIN  		
    			CANEVR
    			ALCEVR
    			COGPGS
    			DEMAGE
    			DEMMAL
    		;  		

  DEFINE:
  	! CREATE BW FAM PREDICTOR
  		CANEVRBW = cluster_mean (CANEVR);
  		ALCEVRBW = cluster_mean (ALCEVR);
  		COGPGSBW = cluster_mean (COGPGS);
  		PC1BW = cluster_mean (PC1);
  		PC2BW = cluster_mean (PC2);
  		PC3BW = cluster_mean (PC3);
  		PC4BW = cluster_mean (PC4);
  		PC5BW = cluster_mean (PC5);
  	! CENTER WI FAM VARIABLES
  		CENTER CANEVR (GROUPMEAN);
  		CENTER ALCEVR (GROUPMEAN);
  		CENTER COGPGS (GROUPMEAN);
  		CENTER DEMMAL (GRANDMEAN);
  		CENTER DEMAGE (GRANDMEAN);
  	! CENTER BW FAM VARIABLES
  		CENTER CANEVRBW (GRANDMEAN);
  		CENTER ALCEVRBW (GRANDMEAN);
  		CENTER COGPGSBW (GRANDMEAN);
  		CENTER PC1BW (GRANDMEAN);
  		CENTER PC2BW (GRANDMEAN);
  		CENTER PC3BW (GRANDMEAN);
  		CENTER PC4BW (GRANDMEAN);
  		CENTER PC5BW (GRANDMEAN);
  ANALYSIS:
          ITERATIONS = 1000000;
          TYPE = TWOLEVEL RANDOM;
          ALGORITHM = INTEGRATION;

  OUTPUT:
  	SAMPSTAT STDYX TECH1 CINT;

  MODEL:
  %WITHIN%
  	TRLATS on CANEVR;
  	TRLATS on  DEMMAL DEMAGE COGPGS ALCEVR;
  	COGPGS*;
  	ALCEVR*;
  	TRLATS*;
  	CANEVR WITH DEMMAL*;
  	CANEVR WITH DEMAGE*;
  	CANEVR WITH COGPGS*;

  	CANEVR WITH ALCEVR*;
  	
  	ALCEVR WITH DEMMAL*;
  	ALCEVR WITH DEMAGE*;
  	ALCEVR WITH COGPGS*;

  %BETWEEN%
  	TRLATS on CANEVRBW COGPGSBW ALCEVRBW
  			    PC1BW PC2BW PC3BW PC4BW PC5BW;
  	COGPGSBW*;
  	ALCEVRBW;
  	TRLATS*;
  	CANEVRBW WITH COGPGSBW*;
  	CANEVRBW WITH ALCEVRBW*;
  	ALCEVRBW WITH COGPGSBW*;


  PLOT:
  	TYPE = plot3;



*** WARNING
  Data set contains cases with missing on x-variables.
  These cases were not included in the analysis.
  Number of cases with missing on x-variables:  161
   1 WARNING(S) FOUND IN THE INPUT INSTRUCTIONS



CANEVR_TRLATS_1;

SUMMARY OF ANALYSIS

Number of groups                                                 1
Number of observations                                        1055

Number of dependent variables                                    1
Number of independent variables                                 13
Number of continuous latent variables                            0

Observed dependent variables

  Continuous
   TRLATS

Observed independent variables
   DEMAGE      DEMMAL      CANEVR      ALCEVR      COGPGS      CANEVRBW
   ALCEVRBW    COGPGSBW    PC1BW       PC2BW       PC3BW       PC4BW
   PC5BW

Variables with special functions

  Cluster variable      ID_FAM

  Within variables
   DEMAGE      DEMMAL      CANEVR      ALCEVR      COGPGS

  Between variables
   CANEVRBW    ALCEVRBW    COGPGSBW    PC1BW       PC2BW       PC3BW
   PC4BW       PC5BW

  Centering (GRANDMEAN)
   DEMMAL      DEMAGE      CANEVRBW
   ALCEVRBW    COGPGSBW    PC1BW       PC2BW       PC3BW       PC4BW
   PC5BW

  Centering (GROUPMEAN)
   CANEVR      ALCEVR      COGPGS


Estimator                                                      MLR
Information matrix                                        OBSERVED
Optimization Specifications for the Quasi-Newton Algorithm for
Continuous Outcomes
  Maximum number of iterations                             1000000
  Convergence criterion                                  0.100D-05
Optimization Specifications for the EM Algorithm
  Maximum number of iterations                                 500
  Convergence criteria
    Loglikelihood change                                 0.100D-02
    Relative loglikelihood change                        0.100D-05
    Derivative                                           0.100D-02
Optimization Specifications for the M step of the EM Algorithm for
Categorical Latent variables
  Number of M step iterations                                    1
  M step convergence criterion                           0.100D-02
  Basis for M step termination                           ITERATION
Optimization Specifications for the M step of the EM Algorithm for
Censored, Binary or Ordered Categorical (Ordinal), Unordered
Categorical (Nominal) and Count Outcomes
  Number of M step iterations                                    1
  M step convergence criterion                           0.100D-02
  Basis for M step termination                           ITERATION
  Maximum value for logit thresholds                            15
  Minimum value for logit thresholds                           -15
  Minimum expected cell size for chi-square              0.100D-01
Maximum number of iterations for H1                           2000
Convergence criterion for H1                             0.100D-03
Optimization algorithm                                         EMA
Integration Specifications
  Type                                                    STANDARD
  Number of integration points                                  15
  Dimensions of numerical integration                            0
  Adaptive quadrature                                           ON
Cholesky                                                       OFF

Input data file(s)
  GD190618.csv
Input data format  FREE


SUMMARY OF DATA

     Number of missing data patterns             9
     Number of clusters                        512



COVARIANCE COVERAGE OF DATA

Minimum covariance coverage value   0.100


     PROPORTION OF DATA PRESENT FOR Y


           Covariance Coverage
              CANEVRBW      ALCEVRBW      COGPGSBW      TRLATS        DEMAGE
              ________      ________      ________      ________      ________
 CANEVRBW       0.998
 ALCEVRBW       0.998         0.998
 COGPGSBW       0.998         0.998         1.000
 TRLATS         0.926         0.926         0.927         0.927
 DEMAGE         0.997         0.997         0.998         0.926         0.998
 DEMMAL         0.998         0.998         0.999         0.927         0.998
 CANEVR         0.996         0.996         0.996         0.924         0.995
 ALCEVR         0.996         0.996         0.996         0.924         0.995
 COGPGS         0.688         0.688         0.690         0.641         0.689
 PC1BW          0.998         0.998         1.000         0.927         0.998
 PC2BW          0.998         0.998         1.000         0.927         0.998
 PC3BW          0.998         0.998         1.000         0.927         0.998
 PC4BW          0.998         0.998         1.000         0.927         0.998
 PC5BW          0.998         0.998         1.000         0.927         0.998


           Covariance Coverage
              DEMMAL        CANEVR        ALCEVR        COGPGS        PC1BW
              ________      ________      ________      ________      ________
 DEMMAL         0.999
 CANEVR         0.996         0.996
 ALCEVR         0.996         0.996         0.996
 COGPGS         0.689         0.687         0.687         0.690
 PC1BW          0.999         0.996         0.996         0.690         1.000
 PC2BW          0.999         0.996         0.996         0.690         1.000
 PC3BW          0.999         0.996         0.996         0.690         1.000
 PC4BW          0.999         0.996         0.996         0.690         1.000
 PC5BW          0.999         0.996         0.996         0.690         1.000


           Covariance Coverage
              PC2BW         PC3BW         PC4BW         PC5BW
              ________      ________      ________      ________
 PC2BW          1.000
 PC3BW          1.000         1.000
 PC4BW          1.000         1.000         1.000
 PC5BW          1.000         1.000         1.000         1.000


SAMPLE STATISTICS


     ESTIMATED SAMPLE STATISTICS


           Means
              CANEVRBW      ALCEVRBW      COGPGSBW      TRLATS        DEMAGE
              ________      ________      ________      ________      ________
 1              0.000         0.000         0.000        51.622         0.000


           Means
              DEMMAL        CANEVR        ALCEVR        COGPGS        PC1BW
              ________      ________      ________      ________      ________
 1              0.000         0.000         0.000        -0.002         0.000


           Means
              PC2BW         PC3BW         PC4BW         PC5BW
              ________      ________      ________      ________
 1              0.000         0.000         0.000         0.000


           Covariances
              CANEVRBW      ALCEVRBW      COGPGSBW      TRLATS        DEMAGE
              ________      ________      ________      ________      ________
 CANEVRBW       0.046
 ALCEVRBW       0.014         0.025
 COGPGSBW       0.001         0.006         0.110
 TRLATS         0.092         0.008         0.127       107.671
 DEMAGE        -0.004         0.040         0.053        -1.882         6.708
 DEMMAL         0.009         0.001         0.005         0.025        -0.177
 CANEVR         0.000         0.000         0.000         0.118        -0.070
 ALCEVR         0.000         0.000         0.000         0.094         0.004
 COGPGS         0.000         0.000         0.000        -0.081        -0.012
 PC1BW          0.000         0.000        -0.003        -0.020         0.001
 PC2BW         -0.001         0.000         0.000        -0.048         0.005
 PC3BW          0.000         0.000         0.000         0.005        -0.002
 PC4BW          0.001         0.000         0.001         0.018         0.003
 PC5BW          0.001         0.000         0.000        -0.011         0.000


           Covariances
              DEMMAL        CANEVR        ALCEVR        COGPGS        PC1BW
              ________      ________      ________      ________      ________
 DEMMAL         0.234
 CANEVR         0.017         0.057
 ALCEVR         0.005         0.020         0.029
 COGPGS         0.003        -0.001         0.002         0.019
 PC1BW         -0.001         0.000         0.000         0.000         0.001
 PC2BW         -0.001         0.000         0.000         0.000         0.000
 PC3BW          0.000         0.000         0.000         0.000         0.000
 PC4BW          0.001         0.000         0.000         0.000         0.000
 PC5BW          0.000         0.000         0.000         0.000         0.000


           Covariances
              PC2BW         PC3BW         PC4BW         PC5BW
              ________      ________      ________      ________
 PC2BW          0.001
 PC3BW          0.000         0.001
 PC4BW          0.000         0.000         0.001
 PC5BW          0.000         0.000         0.000         0.001


           Correlations
              CANEVRBW      ALCEVRBW      COGPGSBW      TRLATS        DEMAGE
              ________      ________      ________      ________      ________
 CANEVRBW       1.000
 ALCEVRBW       0.426         1.000
 COGPGSBW       0.010         0.108         1.000
 TRLATS         0.041         0.005         0.037         1.000
 DEMAGE        -0.007         0.097         0.061        -0.070         1.000
 DEMMAL         0.085         0.012         0.030         0.005        -0.141
 CANEVR         0.000         0.000         0.001         0.048        -0.113
 ALCEVR         0.000         0.000         0.000         0.053         0.009
 COGPGS        -0.013         0.020         0.008        -0.057        -0.034
 PC1BW         -0.053        -0.027        -0.254        -0.051         0.012
 PC2BW         -0.074        -0.073        -0.038        -0.127         0.052
 PC3BW         -0.003        -0.021         0.007         0.016        -0.027
 PC4BW          0.077         0.079         0.085         0.054         0.037
 PC5BW          0.102        -0.045        -0.047        -0.035        -0.002


           Correlations
              DEMMAL        CANEVR        ALCEVR        COGPGS        PC1BW
              ________      ________      ________      ________      ________
 DEMMAL         1.000
 CANEVR         0.148         1.000
 ALCEVR         0.064         0.491         1.000
 COGPGS         0.039        -0.029         0.081         1.000
 PC1BW         -0.052         0.000         0.000        -0.001         1.000
 PC2BW         -0.048         0.000         0.000         0.001        -0.008
 PC3BW          0.026         0.000         0.000         0.001         0.015
 PC4BW          0.044         0.000         0.000        -0.001        -0.011
 PC5BW          0.021         0.000         0.000         0.000         0.033


           Correlations
              PC2BW         PC3BW         PC4BW         PC5BW
              ________      ________      ________      ________
 PC2BW          1.000
 PC3BW          0.020         1.000
 PC4BW          0.000        -0.036         1.000
 PC5BW         -0.007         0.008        -0.018         1.000


     MAXIMUM LOG-LIKELIHOOD VALUE FOR THE UNRESTRICTED (H1) MODEL IS 4978.517


UNIVARIATE SAMPLE STATISTICS


     UNIVARIATE HIGHER-ORDER MOMENT DESCRIPTIVE STATISTICS

         Variable/         Mean/     Skewness/   Minimum/ % with                Percentiles
        Sample Size      Variance    Kurtosis    Maximum  Min/Max      20%/60%    40%/80%    Median

     CANEVRBW              0.011      -1.797      -0.884    0.78%      -0.217      0.116      0.116
             510.000       0.044       2.272       0.116   78.43%       0.116      0.116
     ALCEVRBW              0.004      -2.833      -0.943    0.20%       0.057      0.057      0.057
             510.000       0.024       7.100       0.057   89.02%       0.057      0.057
     COGPGSBW             -0.004       0.207      -1.035    0.20%      -0.296     -0.088     -0.014
             512.000       0.119       0.599       1.222    0.20%       0.064      0.273
     TRLATS               51.584       0.016       7.000    0.20%      43.000     48.000     51.000
             978.000     107.636       0.625      87.000    0.10%      53.000     60.000
     DEMAGE                0.000       1.534      -3.948    0.09%      -2.008     -1.098     -0.558
            1053.000       6.709       3.643      16.022    0.09%      -0.018      1.612
     DEMMAL                0.000      -0.517      -0.625   37.48%      -0.625      0.375      0.375
            1054.000       0.234      -1.732       0.375   62.52%       0.375      0.375
     CANEVR                0.000      -0.359      -0.750    0.38%       0.000      0.000      0.000
            1051.000       0.057       2.038       0.750    0.10%       0.000      0.000
     ALCEVR                0.000      -0.463      -0.800    0.10%       0.000      0.000      0.000
            1051.000       0.029       6.882       0.750    0.10%       0.000      0.000
     COGPGS                0.000      -0.048      -0.505    0.14%      -0.055      0.000      0.000
             728.000       0.019       2.457       0.604    0.14%       0.000      0.060
     PC1BW                 0.001       2.505      -0.020    0.20%      -0.018     -0.016     -0.013
             512.000       0.001       4.907       0.136    0.20%      -0.009     -0.004
     PC2BW                -0.001       0.948      -0.036    0.20%      -0.031     -0.026     -0.017
             512.000       0.001      -0.177       0.131    0.20%      -0.003      0.036
     PC3BW                -0.001      13.775      -0.119    0.20%      -0.005     -0.002      0.000
             512.000       0.001     280.389       0.457    0.20%       0.001      0.005
     PC4BW                -0.001       5.825      -0.094    0.20%      -0.009     -0.006     -0.004
             512.000       0.001      41.747       0.284    0.20%      -0.003      0.000
     PC5BW                 0.000     -17.901      -0.544    0.20%      -0.002      0.000      0.000
             512.000       0.001     377.319       0.110    0.20%       0.001      0.004

     THE STANDARD ERRORS OF THE MODEL PARAMETER ESTIMATES MAY NOT BE
     TRUSTWORTHY FOR SOME PARAMETERS DUE TO A NON-POSITIVE DEFINITE
     FIRST-ORDER DERIVATIVE PRODUCT MATRIX.  THIS MAY BE DUE TO THE STARTING
     VALUES BUT MAY ALSO BE AN INDICATION OF MODEL NONIDENTIFICATION.  THE
     CONDITION NUMBER IS      -0.227D-16.  PROBLEM INVOLVING THE FOLLOWING PARAMETER:
     Parameter 20, %WITHIN%: ALCEVR


THE MODEL ESTIMATION TERMINATED NORMALLY



MODEL FIT INFORMATION

Number of Free Parameters                       42

Loglikelihood

          H0 Value                       -5747.055
          H0 Scaling Correction Factor      1.4833
            for MLR

Information Criteria

          Akaike (AIC)                   11578.109
          Bayesian (BIC)                 11786.484
          Sample-Size Adjusted BIC       11653.085
            (n* = (n + 2) / 24)



MODEL RESULTS

                                                    Two-Tailed
                    Estimate       S.E.  Est./S.E.    P-Value

Within Level

 TRLATS     ON
    CANEVR             0.690      1.534      0.450      0.653
    DEMMAL            -0.518      0.708     -0.731      0.465
    DEMAGE            -0.251      0.143     -1.758      0.079
    COGPGS            -4.736      2.743     -1.727      0.084
    ALCEVR             3.066      2.177      1.409      0.159

 CANEVR   WITH
    DEMMAL             0.016      0.004      3.999      0.000
    DEMAGE            -0.058      0.020     -2.911      0.004
    COGPGS            -0.001      0.002     -0.582      0.561
    ALCEVR             0.020      0.003      6.359      0.000

 ALCEVR   WITH
    DEMMAL             0.005      0.003      1.861      0.063
    DEMAGE             0.008      0.012      0.709      0.478
    COGPGS             0.002      0.001      1.346      0.178

 Means
    DEMAGE             0.000      0.082     -0.002      0.999
    DEMMAL             0.000      0.016      0.000      1.000
    CANEVR             0.000      0.000      1.372      0.170
    ALCEVR             0.000      0.000      0.865      0.387
    COGPGS             0.000      0.001     -0.351      0.726

 Variances
    DEMAGE             6.709      0.487     13.763      0.000
    DEMMAL             0.234      0.004     59.007      0.000
    CANEVR             0.057      0.005     11.854      0.000
    ALCEVR             0.029      0.004      7.844      0.000
    COGPGS             0.019      0.002      9.749      0.000

 Residual Variances
    TRLATS            93.787      6.498     14.433      0.000

Between Level

 TRLATS     ON
    CANEVRBW           1.911      1.587      1.204      0.229
    COGPGSBW           0.739      1.036      0.713      0.476
    ALCEVRBW          -1.658      2.542     -0.652      0.514
    PC1BW            -13.062      7.971     -1.639      0.101
    PC2BW            -34.380      8.975     -3.831      0.000
    PC3BW              6.562      3.150      2.083      0.037
    PC4BW             18.047      5.593      3.226      0.001
    PC5BW            -12.517      3.013     -4.154      0.000

 CANEVRBW WITH
    COGPGSBW           0.000      0.003      0.085      0.932
    ALCEVRBW           0.013      0.002      5.609      0.000

 ALCEVRBW WITH
    COGPGSBW           0.005      0.002      2.464      0.014

 Means
    CANEVRBW           0.011      0.009      1.224      0.221
    ALCEVRBW           0.005      0.007      0.669      0.504
    COGPGSBW          -0.004      0.015     -0.264      0.792

 Intercepts
    TRLATS            51.619      0.345    149.811      0.000

 Variances
    CANEVRBW           0.044      0.004     10.926      0.000
    ALCEVRBW           0.024      0.003      7.486      0.000
    COGPGSBW           0.119      0.008     14.035      0.000

 Residual Variances
    TRLATS            10.128      5.142      1.970      0.049


STANDARDIZED MODEL RESULTS


STDYX Standardization

                                                    Two-Tailed
                    Estimate       S.E.  Est./S.E.    P-Value

Within Level

 TRLATS     ON
    CANEVR             0.017      0.037      0.451      0.652
    DEMMAL            -0.026      0.035     -0.729      0.466
    DEMAGE            -0.067      0.038     -1.753      0.080
    COGPGS            -0.066      0.039     -1.720      0.085
    ALCEVR             0.054      0.038      1.408      0.159

 CANEVR   WITH
    DEMMAL             0.136      0.033      4.175      0.000
    DEMAGE            -0.094      0.032     -2.982      0.003
    COGPGS            -0.035      0.061     -0.580      0.562
    ALCEVR             0.491      0.048     10.289      0.000

 ALCEVR   WITH
    DEMMAL             0.065      0.034      1.898      0.058
    DEMAGE             0.019      0.027      0.714      0.475
    COGPGS             0.070      0.051      1.374      0.170

 Means
    DEMAGE             0.000      0.032     -0.002      0.999
    DEMMAL             0.000      0.033      0.000      1.000
    CANEVR             0.000      0.000      1.377      0.168
    ALCEVR             0.000      0.000      0.868      0.386
    COGPGS            -0.003      0.008     -0.351      0.725

 Variances
    DEMAGE             1.000      0.000    999.000    999.000
    DEMMAL             1.000      0.000    999.000    999.000
    CANEVR             1.000      0.000    999.000    999.000
    ALCEVR             1.000      0.000    999.000    999.000
    COGPGS             1.000      0.000    999.000    999.000

 Residual Variances
    TRLATS             0.987      0.008    120.502      0.000

Between Level

 TRLATS     ON
    CANEVRBW           0.114      0.095      1.194      0.233
    COGPGSBW           0.072      0.103      0.701      0.483
    ALCEVRBW          -0.073      0.113     -0.644      0.519
    PC1BW             -0.139      0.084     -1.651      0.099
    PC2BW             -0.347      0.106     -3.269      0.001
    PC3BW              0.044      0.023      1.865      0.062
    PC4BW              0.146      0.055      2.654      0.008
    PC5BW             -0.092      0.028     -3.262      0.001

 CANEVRBW WITH
    COGPGSBW           0.003      0.040      0.085      0.932
    ALCEVRBW           0.397      0.058      6.878      0.000

 ALCEVRBW WITH
    COGPGSBW           0.102      0.040      2.551      0.011

 Means
    CANEVRBW           0.054      0.046      1.167      0.243
    ALCEVRBW           0.030      0.046      0.642      0.521
    COGPGSBW          -0.012      0.044     -0.264      0.792

 Intercepts
    TRLATS            14.658      3.113      4.709      0.000

 Variances
    CANEVRBW           1.000      0.000    999.000    999.000
    ALCEVRBW           1.000      0.000    999.000    999.000
    COGPGSBW           1.000      0.000    999.000    999.000

 Residual Variances
    TRLATS             0.817      0.094      8.710      0.000


R-SQUARE

Within Level

    Observed                                        Two-Tailed
    Variable        Estimate       S.E.  Est./S.E.    P-Value

    TRLATS             0.013      0.008      1.578      0.114

Between Level

    Observed                                        Two-Tailed
    Variable        Estimate       S.E.  Est./S.E.    P-Value

    TRLATS             0.183      0.094      1.955      0.051


QUALITY OF NUMERICAL RESULTS

     Condition Number for the Information Matrix             -0.227E-16
       (ratio of smallest to largest eigenvalue)


CONFIDENCE INTERVALS OF MODEL RESULTS

                  Lower .5%  Lower 2.5%    Lower 5%    Estimate    Upper 5%  Upper 2.5%   Upper .5%

Within Level

 TRLATS   ON
    CANEVR          -3.260      -2.316      -1.833       0.690       3.213       3.696       4.641
    DEMMAL          -2.342      -1.906      -1.683      -0.518       0.648       0.871       1.307
    DEMAGE          -0.619      -0.531      -0.486      -0.251      -0.016       0.029       0.117
    COGPGS         -11.802     -10.113      -9.249      -4.736      -0.224       0.640       2.329
    ALCEVR          -2.540      -1.200      -0.514       3.066       6.647       7.333       8.673

 CANEVR   WITH
    DEMMAL           0.006       0.008       0.009       0.016       0.022       0.023       0.026
    DEMAGE          -0.110      -0.097      -0.091      -0.058      -0.025      -0.019      -0.007
    COGPGS          -0.006      -0.005      -0.004      -0.001       0.002       0.003       0.004
    ALCEVR           0.012       0.014       0.015       0.020       0.025       0.026       0.028

 ALCEVR   WITH
    DEMMAL          -0.002       0.000       0.001       0.005       0.010       0.011       0.013
    DEMAGE          -0.022      -0.015      -0.011       0.008       0.028       0.031       0.039
    COGPGS          -0.001      -0.001       0.000       0.002       0.004       0.004       0.005

 Means
    DEMAGE          -0.212      -0.161      -0.135       0.000       0.135       0.161       0.212
    DEMMAL          -0.041      -0.031      -0.026       0.000       0.026       0.031       0.041
    CANEVR           0.000       0.000       0.000       0.000       0.000       0.000       0.000
    ALCEVR           0.000       0.000       0.000       0.000       0.000       0.000       0.000
    COGPGS          -0.003      -0.002      -0.002       0.000       0.001       0.002       0.002

 Variances
    DEMAGE           5.453       5.753       5.907       6.709       7.511       7.664       7.964
    DEMMAL           0.224       0.227       0.228       0.234       0.241       0.242       0.245
    CANEVR           0.044       0.047       0.049       0.057       0.065       0.066       0.069
    ALCEVR           0.020       0.022       0.023       0.029       0.035       0.036       0.039
    COGPGS           0.014       0.015       0.016       0.019       0.022       0.022       0.024

 Residual Variances
    TRLATS          77.050      81.051      83.098      93.787     104.477     106.524     110.525

Between Level

 TRLATS   ON
    CANEVRBW        -2.177      -1.200      -0.700       1.911       4.522       5.022       6.000
    COGPGSBW        -1.931      -1.292      -0.966       0.739       2.444       2.770       3.409
    ALCEVRBW        -8.205      -6.640      -5.839      -1.658       2.523       3.324       4.889
    PC1BW          -33.594     -28.685     -26.174     -13.062       0.050       2.561       7.470
    PC2BW          -57.498     -51.971     -49.144     -34.380     -19.616     -16.788     -11.261
    PC3BW           -1.552       0.388       1.380       6.562      11.743      12.735      14.675
    PC4BW            3.639       7.084       8.845      18.047      27.248      29.010      32.454
    PC5BW          -20.279     -18.424     -17.474     -12.517      -7.561      -6.611      -4.756

 CANEVRBW WITH
    COGPGSBW        -0.007      -0.005      -0.004       0.000       0.005       0.006       0.008
    ALCEVRBW         0.007       0.008       0.009       0.013       0.017       0.017       0.019

 ALCEVRBW WITH
    COGPGSBW         0.000       0.001       0.002       0.005       0.009       0.010       0.011

 Means
    CANEVRBW        -0.013      -0.007      -0.004       0.011       0.027       0.029       0.035
    ALCEVRBW        -0.013      -0.009      -0.007       0.005       0.016       0.018       0.022
    COGPGSBW        -0.043      -0.034      -0.029      -0.004       0.021       0.026       0.035

 Intercepts
    TRLATS          50.731      50.943      51.052      51.619      52.185      52.294      52.506

 Variances
    CANEVRBW         0.033       0.036       0.037       0.044       0.050       0.052       0.054
    ALCEVRBW         0.016       0.018       0.019       0.024       0.029       0.030       0.032
    COGPGSBW         0.097       0.102       0.105       0.119       0.132       0.135       0.140

 Residual Variances
    TRLATS          -3.118       0.049       1.669      10.128      18.587      20.207      23.374


CONFIDENCE INTERVALS OF STANDARDIZED MODEL RESULTS


STDYX Standardization

                  Lower .5%  Lower 2.5%    Lower 5%    Estimate    Upper 5%  Upper 2.5%   Upper .5%

Within Level

 TRLATS   ON
    CANEVR          -0.080      -0.057      -0.045       0.017       0.079       0.090       0.113
    DEMMAL          -0.116      -0.095      -0.084      -0.026       0.032       0.043       0.065
    DEMAGE          -0.165      -0.141      -0.129      -0.067      -0.004       0.008       0.031
    COGPGS          -0.166      -0.142      -0.130      -0.066      -0.003       0.009       0.033
    ALCEVR          -0.045      -0.021      -0.009       0.054       0.116       0.128       0.152

 CANEVR   WITH
    DEMMAL           0.052       0.072       0.082       0.136       0.190       0.200       0.220
    DEMAGE          -0.176      -0.156      -0.146      -0.094      -0.042      -0.032      -0.013
    COGPGS          -0.191      -0.154      -0.135      -0.035       0.064       0.083       0.121
    ALCEVR           0.368       0.398       0.413       0.491       0.570       0.585       0.614

 ALCEVR   WITH
    DEMMAL          -0.023      -0.002       0.009       0.065       0.121       0.132       0.153
    DEMAGE          -0.049      -0.033      -0.025       0.019       0.063       0.071       0.087
    COGPGS          -0.062      -0.030      -0.014       0.070       0.155       0.171       0.202

 Means
    DEMAGE          -0.082      -0.062      -0.052       0.000       0.052       0.062       0.082
    DEMMAL          -0.084      -0.064      -0.054       0.000       0.054       0.064       0.084
    CANEVR           0.000       0.000       0.000       0.000       0.001       0.001       0.001
    ALCEVR           0.000       0.000       0.000       0.000       0.000       0.000       0.001
    COGPGS          -0.022      -0.018      -0.015      -0.003       0.010       0.012       0.017

 Variances
    DEMAGE           1.000       1.000       1.000       1.000       1.000       1.000       1.000
    DEMMAL           1.000       1.000       1.000       1.000       1.000       1.000       1.000
    CANEVR           1.000       1.000       1.000       1.000       1.000       1.000       1.000
    ALCEVR           1.000       1.000       1.000       1.000       1.000       1.000       1.000
    COGPGS           1.000       1.000       1.000       1.000       1.000       1.000       1.000

 Residual Variances
    TRLATS           0.966       0.971       0.974       0.987       1.001       1.003       1.008

Between Level

 TRLATS   ON
    CANEVRBW        -0.131      -0.073      -0.043       0.114       0.270       0.300       0.358
    COGPGSBW        -0.193      -0.130      -0.097       0.072       0.242       0.274       0.338
    ALCEVRBW        -0.363      -0.294      -0.258      -0.073       0.113       0.148       0.218
    PC1BW           -0.356      -0.304      -0.277      -0.139      -0.001       0.026       0.078
    PC2BW           -0.621      -0.555      -0.522      -0.347      -0.172      -0.139      -0.074
    PC3BW           -0.017      -0.002       0.005       0.044       0.082       0.090       0.104
    PC4BW            0.004       0.038       0.056       0.146       0.237       0.254       0.288
    PC5BW           -0.165      -0.148      -0.139      -0.092      -0.046      -0.037      -0.019

 CANEVRBW WITH
    COGPGSBW        -0.099      -0.074      -0.062       0.003       0.069       0.081       0.106
    ALCEVRBW         0.248       0.284       0.302       0.397       0.492       0.510       0.546

 ALCEVRBW WITH
    COGPGSBW        -0.001       0.024       0.036       0.102       0.168       0.181       0.205

 Means
    CANEVRBW        -0.065      -0.037      -0.022       0.054       0.131       0.145       0.174
    ALCEVRBW        -0.089      -0.061      -0.046       0.030       0.105       0.120       0.148
    COGPGSBW        -0.126      -0.098      -0.084      -0.012       0.061       0.075       0.102

 Intercepts
    TRLATS           6.641       8.557       9.538      14.658      19.778      20.759      22.676

 Variances
    CANEVRBW         1.000       1.000       1.000       1.000       1.000       1.000       1.000
    ALCEVRBW         1.000       1.000       1.000       1.000       1.000       1.000       1.000
    COGPGSBW         1.000       1.000       1.000       1.000       1.000       1.000       1.000

 Residual Variances
    TRLATS           0.575       0.633       0.662       0.817       0.971       1.000       1.058


TECHNICAL 1 OUTPUT


     PARAMETER SPECIFICATION FOR WITHIN


           NU
              CANEVRBW      ALCEVRBW      COGPGSBW      TRLATS        DEMAGE
              ________      ________      ________      ________      ________
 1                  0             0             0             0             0


           NU
              DEMMAL        CANEVR        ALCEVR        COGPGS        PC1BW
              ________      ________      ________      ________      ________
 1                  0             0             0             0             0


           NU
              PC2BW         PC3BW         PC4BW         PC5BW
              ________      ________      ________      ________
 1                  0             0             0             0


           LAMBDA
              CANEVRBW      ALCEVRBW      COGPGSBW      TRLATS        DEMAGE
              ________      ________      ________      ________      ________
 CANEVRBW           0             0             0             0             0
 ALCEVRBW           0             0             0             0             0
 COGPGSBW           0             0             0             0             0
 TRLATS             0             0             0             0             0
 DEMAGE             0             0             0             0             0
 DEMMAL             0             0             0             0             0
 CANEVR             0             0             0             0             0
 ALCEVR             0             0             0             0             0
 COGPGS             0             0             0             0             0
 PC1BW              0             0             0             0             0
 PC2BW              0             0             0             0             0
 PC3BW              0             0             0             0             0
 PC4BW              0             0             0             0             0
 PC5BW              0             0             0             0             0


           LAMBDA
              DEMMAL        CANEVR        ALCEVR        COGPGS        PC1BW
              ________      ________      ________      ________      ________
 CANEVRBW           0             0             0             0             0
 ALCEVRBW           0             0             0             0             0
 COGPGSBW           0             0             0             0             0
 TRLATS             0             0             0             0             0
 DEMAGE             0             0             0             0             0
 DEMMAL             0             0             0             0             0
 CANEVR             0             0             0             0             0
 ALCEVR             0             0             0             0             0
 COGPGS             0             0             0             0             0
 PC1BW              0             0             0             0             0
 PC2BW              0             0             0             0             0
 PC3BW              0             0             0             0             0
 PC4BW              0             0             0             0             0
 PC5BW              0             0             0             0             0


           LAMBDA
              PC2BW         PC3BW         PC4BW         PC5BW
              ________      ________      ________      ________
 CANEVRBW           0             0             0             0
 ALCEVRBW           0             0             0             0
 COGPGSBW           0             0             0             0
 TRLATS             0             0             0             0
 DEMAGE             0             0             0             0
 DEMMAL             0             0             0             0
 CANEVR             0             0             0             0
 ALCEVR             0             0             0             0
 COGPGS             0             0             0             0
 PC1BW              0             0             0             0
 PC2BW              0             0             0             0
 PC3BW              0             0             0             0
 PC4BW              0             0             0             0
 PC5BW              0             0             0             0


           THETA
              CANEVRBW      ALCEVRBW      COGPGSBW      TRLATS        DEMAGE
              ________      ________      ________      ________      ________
 CANEVRBW           0
 ALCEVRBW           0             0
 COGPGSBW           0             0             0
 TRLATS             0             0             0             0
 DEMAGE             0             0             0             0             0
 DEMMAL             0             0             0             0             0
 CANEVR             0             0             0             0             0
 ALCEVR             0             0             0             0             0
 COGPGS             0             0             0             0             0
 PC1BW              0             0             0             0             0
 PC2BW              0             0             0             0             0
 PC3BW              0             0             0             0             0
 PC4BW              0             0             0             0             0
 PC5BW              0             0             0             0             0


           THETA
              DEMMAL        CANEVR        ALCEVR        COGPGS        PC1BW
              ________      ________      ________      ________      ________
 DEMMAL             0
 CANEVR             0             0
 ALCEVR             0             0             0
 COGPGS             0             0             0             0
 PC1BW              0             0             0             0             0
 PC2BW              0             0             0             0             0
 PC3BW              0             0             0             0             0
 PC4BW              0             0             0             0             0
 PC5BW              0             0             0             0             0


           THETA
              PC2BW         PC3BW         PC4BW         PC5BW
              ________      ________      ________      ________
 PC2BW              0
 PC3BW              0             0
 PC4BW              0             0             0
 PC5BW              0             0             0             0


           ALPHA
              CANEVRBW      ALCEVRBW      COGPGSBW      TRLATS        DEMAGE
              ________      ________      ________      ________      ________
 1                  0             0             0             0             1


           ALPHA
              DEMMAL        CANEVR        ALCEVR        COGPGS        PC1BW
              ________      ________      ________      ________      ________
 1                  2             3             4             5             0


           ALPHA
              PC2BW         PC3BW         PC4BW         PC5BW
              ________      ________      ________      ________
 1                  0             0             0             0


           BETA
              CANEVRBW      ALCEVRBW      COGPGSBW      TRLATS        DEMAGE
              ________      ________      ________      ________      ________
 CANEVRBW           0             0             0             0             0
 ALCEVRBW           0             0             0             0             0
 COGPGSBW           0             0             0             0             0
 TRLATS             0             0             0             0             6
 DEMAGE             0             0             0             0             0
 DEMMAL             0             0             0             0             0
 CANEVR             0             0             0             0             0
 ALCEVR             0             0             0             0             0
 COGPGS             0             0             0             0             0
 PC1BW              0             0             0             0             0
 PC2BW              0             0             0             0             0
 PC3BW              0             0             0             0             0
 PC4BW              0             0             0             0             0
 PC5BW              0             0             0             0             0


           BETA
              DEMMAL        CANEVR        ALCEVR        COGPGS        PC1BW
              ________      ________      ________      ________      ________
 CANEVRBW           0             0             0             0             0
 ALCEVRBW           0             0             0             0             0
 COGPGSBW           0             0             0             0             0
 TRLATS             7             8             9            10             0
 DEMAGE             0             0             0             0             0
 DEMMAL             0             0             0             0             0
 CANEVR             0             0             0             0             0
 ALCEVR             0             0             0             0             0
 COGPGS             0             0             0             0             0
 PC1BW              0             0             0             0             0
 PC2BW              0             0             0             0             0
 PC3BW              0             0             0             0             0
 PC4BW              0             0             0             0             0
 PC5BW              0             0             0             0             0


           BETA
              PC2BW         PC3BW         PC4BW         PC5BW
              ________      ________      ________      ________
 CANEVRBW           0             0             0             0
 ALCEVRBW           0             0             0             0
 COGPGSBW           0             0             0             0
 TRLATS             0             0             0             0
 DEMAGE             0             0             0             0
 DEMMAL             0             0             0             0
 CANEVR             0             0             0             0
 ALCEVR             0             0             0             0
 COGPGS             0             0             0             0
 PC1BW              0             0             0             0
 PC2BW              0             0             0             0
 PC3BW              0             0             0             0
 PC4BW              0             0             0             0
 PC5BW              0             0             0             0


           PSI
              CANEVRBW      ALCEVRBW      COGPGSBW      TRLATS        DEMAGE
              ________      ________      ________      ________      ________
 CANEVRBW           0
 ALCEVRBW           0             0
 COGPGSBW           0             0             0
 TRLATS             0             0             0            11
 DEMAGE             0             0             0             0            12
 DEMMAL             0             0             0             0             0
 CANEVR             0             0             0             0            14
 ALCEVR             0             0             0             0            17
 COGPGS             0             0             0             0             0
 PC1BW              0             0             0             0             0
 PC2BW              0             0             0             0             0
 PC3BW              0             0             0             0             0
 PC4BW              0             0             0             0             0
 PC5BW              0             0             0             0             0


           PSI
              DEMMAL        CANEVR        ALCEVR        COGPGS        PC1BW
              ________      ________      ________      ________      ________
 DEMMAL            13
 CANEVR            15            16
 ALCEVR            18            19            20
 COGPGS             0            21            22            23
 PC1BW              0             0             0             0             0
 PC2BW              0             0             0             0             0
 PC3BW              0             0             0             0             0
 PC4BW              0             0             0             0             0
 PC5BW              0             0             0             0             0


           PSI
              PC2BW         PC3BW         PC4BW         PC5BW
              ________      ________      ________      ________
 PC2BW              0
 PC3BW              0             0
 PC4BW              0             0             0
 PC5BW              0             0             0             0


     PARAMETER SPECIFICATION FOR BETWEEN


           NU
              CANEVRBW      ALCEVRBW      COGPGSBW      TRLATS        DEMAGE
              ________      ________      ________      ________      ________
 1                  0             0             0             0             0


           NU
              DEMMAL        CANEVR        ALCEVR        COGPGS        PC1BW
              ________      ________      ________      ________      ________
 1                  0             0             0             0             0


           NU
              PC2BW         PC3BW         PC4BW         PC5BW
              ________      ________      ________      ________
 1                  0             0             0             0


           LAMBDA
              CANEVRBW      ALCEVRBW      COGPGSBW      TRLATS        DEMAGE
              ________      ________      ________      ________      ________
 CANEVRBW           0             0             0             0             0
 ALCEVRBW           0             0             0             0             0
 COGPGSBW           0             0             0             0             0
 TRLATS             0             0             0             0             0
 DEMAGE             0             0             0             0             0
 DEMMAL             0             0             0             0             0
 CANEVR             0             0             0             0             0
 ALCEVR             0             0             0             0             0
 COGPGS             0             0             0             0             0
 PC1BW              0             0             0             0             0
 PC2BW              0             0             0             0             0
 PC3BW              0             0             0             0             0
 PC4BW              0             0             0             0             0
 PC5BW              0             0             0             0             0


           LAMBDA
              DEMMAL        CANEVR        ALCEVR        COGPGS        PC1BW
              ________      ________      ________      ________      ________
 CANEVRBW           0             0             0             0             0
 ALCEVRBW           0             0             0             0             0
 COGPGSBW           0             0             0             0             0
 TRLATS             0             0             0             0             0
 DEMAGE             0             0             0             0             0
 DEMMAL             0             0             0             0             0
 CANEVR             0             0             0             0             0
 ALCEVR             0             0             0             0             0
 COGPGS             0             0             0             0             0
 PC1BW              0             0             0             0             0
 PC2BW              0             0             0             0             0
 PC3BW              0             0             0             0             0
 PC4BW              0             0             0             0             0
 PC5BW              0             0             0             0             0


           LAMBDA
              PC2BW         PC3BW         PC4BW         PC5BW
              ________      ________      ________      ________
 CANEVRBW           0             0             0             0
 ALCEVRBW           0             0             0             0
 COGPGSBW           0             0             0             0
 TRLATS             0             0             0             0
 DEMAGE             0             0             0             0
 DEMMAL             0             0             0             0
 CANEVR             0             0             0             0
 ALCEVR             0             0             0             0
 COGPGS             0             0             0             0
 PC1BW              0             0             0             0
 PC2BW              0             0             0             0
 PC3BW              0             0             0             0
 PC4BW              0             0             0             0
 PC5BW              0             0             0             0


           THETA
              CANEVRBW      ALCEVRBW      COGPGSBW      TRLATS        DEMAGE
              ________      ________      ________      ________      ________
 CANEVRBW           0
 ALCEVRBW           0             0
 COGPGSBW           0             0             0
 TRLATS             0             0             0             0
 DEMAGE             0             0             0             0             0
 DEMMAL             0             0             0             0             0
 CANEVR             0             0             0             0             0
 ALCEVR             0             0             0             0             0
 COGPGS             0             0             0             0             0
 PC1BW              0             0             0             0             0
 PC2BW              0             0             0             0             0
 PC3BW              0             0             0             0             0
 PC4BW              0             0             0             0             0
 PC5BW              0             0             0             0             0


           THETA
              DEMMAL        CANEVR        ALCEVR        COGPGS        PC1BW
              ________      ________      ________      ________      ________
 DEMMAL             0
 CANEVR             0             0
 ALCEVR             0             0             0
 COGPGS             0             0             0             0
 PC1BW              0             0             0             0             0
 PC2BW              0             0             0             0             0
 PC3BW              0             0             0             0             0
 PC4BW              0             0             0             0             0
 PC5BW              0             0             0             0             0


           THETA
              PC2BW         PC3BW         PC4BW         PC5BW
              ________      ________      ________      ________
 PC2BW              0
 PC3BW              0             0
 PC4BW              0             0             0
 PC5BW              0             0             0             0


           ALPHA
              CANEVRBW      ALCEVRBW      COGPGSBW      TRLATS        DEMAGE
              ________      ________      ________      ________      ________
 1                 24            25            26            27             0


           ALPHA
              DEMMAL        CANEVR        ALCEVR        COGPGS        PC1BW
              ________      ________      ________      ________      ________
 1                  0             0             0             0             0


           ALPHA
              PC2BW         PC3BW         PC4BW         PC5BW
              ________      ________      ________      ________
 1                  0             0             0             0


           BETA
              CANEVRBW      ALCEVRBW      COGPGSBW      TRLATS        DEMAGE
              ________      ________      ________      ________      ________
 CANEVRBW           0             0             0             0             0
 ALCEVRBW           0             0             0             0             0
 COGPGSBW           0             0             0             0             0
 TRLATS            28            29            30             0             0
 DEMAGE             0             0             0             0             0
 DEMMAL             0             0             0             0             0
 CANEVR             0             0             0             0             0
 ALCEVR             0             0             0             0             0
 COGPGS             0             0             0             0             0
 PC1BW              0             0             0             0             0
 PC2BW              0             0             0             0             0
 PC3BW              0             0             0             0             0
 PC4BW              0             0             0             0             0
 PC5BW              0             0             0             0             0


           BETA
              DEMMAL        CANEVR        ALCEVR        COGPGS        PC1BW
              ________      ________      ________      ________      ________
 CANEVRBW           0             0             0             0             0
 ALCEVRBW           0             0             0             0             0
 COGPGSBW           0             0             0             0             0
 TRLATS             0             0             0             0            31
 DEMAGE             0             0             0             0             0
 DEMMAL             0             0             0             0             0
 CANEVR             0             0             0             0             0
 ALCEVR             0             0             0             0             0
 COGPGS             0             0             0             0             0
 PC1BW              0             0             0             0             0
 PC2BW              0             0             0             0             0
 PC3BW              0             0             0             0             0
 PC4BW              0             0             0             0             0
 PC5BW              0             0             0             0             0


           BETA
              PC2BW         PC3BW         PC4BW         PC5BW
              ________      ________      ________      ________
 CANEVRBW           0             0             0             0
 ALCEVRBW           0             0             0             0
 COGPGSBW           0             0             0             0
 TRLATS            32            33            34            35
 DEMAGE             0             0             0             0
 DEMMAL             0             0             0             0
 CANEVR             0             0             0             0
 ALCEVR             0             0             0             0
 COGPGS             0             0             0             0
 PC1BW              0             0             0             0
 PC2BW              0             0             0             0
 PC3BW              0             0             0             0
 PC4BW              0             0             0             0
 PC5BW              0             0             0             0


           PSI
              CANEVRBW      ALCEVRBW      COGPGSBW      TRLATS        DEMAGE
              ________      ________      ________      ________      ________
 CANEVRBW          36
 ALCEVRBW          37            38
 COGPGSBW          39            40            41
 TRLATS             0             0             0            42
 DEMAGE             0             0             0             0             0
 DEMMAL             0             0             0             0             0
 CANEVR             0             0             0             0             0
 ALCEVR             0             0             0             0             0
 COGPGS             0             0             0             0             0
 PC1BW              0             0             0             0             0
 PC2BW              0             0             0             0             0
 PC3BW              0             0             0             0             0
 PC4BW              0             0             0             0             0
 PC5BW              0             0             0             0             0


           PSI
              DEMMAL        CANEVR        ALCEVR        COGPGS        PC1BW
              ________      ________      ________      ________      ________
 DEMMAL             0
 CANEVR             0             0
 ALCEVR             0             0             0
 COGPGS             0             0             0             0
 PC1BW              0             0             0             0             0
 PC2BW              0             0             0             0             0
 PC3BW              0             0             0             0             0
 PC4BW              0             0             0             0             0
 PC5BW              0             0             0             0             0


           PSI
              PC2BW         PC3BW         PC4BW         PC5BW
              ________      ________      ________      ________
 PC2BW              0
 PC3BW              0             0
 PC4BW              0             0             0
 PC5BW              0             0             0             0


     STARTING VALUES FOR WITHIN


           NU
              CANEVRBW      ALCEVRBW      COGPGSBW      TRLATS        DEMAGE
              ________      ________      ________      ________      ________
 1              0.000         0.000         0.000         0.000         0.000


           NU
              DEMMAL        CANEVR        ALCEVR        COGPGS        PC1BW
              ________      ________      ________      ________      ________
 1              0.000         0.000         0.000         0.000         0.000


           NU
              PC2BW         PC3BW         PC4BW         PC5BW
              ________      ________      ________      ________
 1              0.000         0.000         0.000         0.000


           LAMBDA
              CANEVRBW      ALCEVRBW      COGPGSBW      TRLATS        DEMAGE
              ________      ________      ________      ________      ________
 CANEVRBW       1.000         0.000         0.000         0.000         0.000
 ALCEVRBW       0.000         1.000         0.000         0.000         0.000
 COGPGSBW       0.000         0.000         1.000         0.000         0.000
 TRLATS         0.000         0.000         0.000         1.000         0.000
 DEMAGE         0.000         0.000         0.000         0.000         1.000
 DEMMAL         0.000         0.000         0.000         0.000         0.000
 CANEVR         0.000         0.000         0.000         0.000         0.000
 ALCEVR         0.000         0.000         0.000         0.000         0.000
 COGPGS         0.000         0.000         0.000         0.000         0.000
 PC1BW          0.000         0.000         0.000         0.000         0.000
 PC2BW          0.000         0.000         0.000         0.000         0.000
 PC3BW          0.000         0.000         0.000         0.000         0.000
 PC4BW          0.000         0.000         0.000         0.000         0.000
 PC5BW          0.000         0.000         0.000         0.000         0.000


           LAMBDA
              DEMMAL        CANEVR        ALCEVR        COGPGS        PC1BW
              ________      ________      ________      ________      ________
 CANEVRBW       0.000         0.000         0.000         0.000         0.000
 ALCEVRBW       0.000         0.000         0.000         0.000         0.000
 COGPGSBW       0.000         0.000         0.000         0.000         0.000
 TRLATS         0.000         0.000         0.000         0.000         0.000
 DEMAGE         0.000         0.000         0.000         0.000         0.000
 DEMMAL         1.000         0.000         0.000         0.000         0.000
 CANEVR         0.000         1.000         0.000         0.000         0.000
 ALCEVR         0.000         0.000         1.000         0.000         0.000
 COGPGS         0.000         0.000         0.000         1.000         0.000
 PC1BW          0.000         0.000         0.000         0.000         1.000
 PC2BW          0.000         0.000         0.000         0.000         0.000
 PC3BW          0.000         0.000         0.000         0.000         0.000
 PC4BW          0.000         0.000         0.000         0.000         0.000
 PC5BW          0.000         0.000         0.000         0.000         0.000


           LAMBDA
              PC2BW         PC3BW         PC4BW         PC5BW
              ________      ________      ________      ________
 CANEVRBW       0.000         0.000         0.000         0.000
 ALCEVRBW       0.000         0.000         0.000         0.000
 COGPGSBW       0.000         0.000         0.000         0.000
 TRLATS         0.000         0.000         0.000         0.000
 DEMAGE         0.000         0.000         0.000         0.000
 DEMMAL         0.000         0.000         0.000         0.000
 CANEVR         0.000         0.000         0.000         0.000
 ALCEVR         0.000         0.000         0.000         0.000
 COGPGS         0.000         0.000         0.000         0.000
 PC1BW          0.000         0.000         0.000         0.000
 PC2BW          1.000         0.000         0.000         0.000
 PC3BW          0.000         1.000         0.000         0.000
 PC4BW          0.000         0.000         1.000         0.000
 PC5BW          0.000         0.000         0.000         1.000


           THETA
              CANEVRBW      ALCEVRBW      COGPGSBW      TRLATS        DEMAGE
              ________      ________      ________      ________      ________
 CANEVRBW       0.000
 ALCEVRBW       0.000         0.000
 COGPGSBW       0.000         0.000         0.000
 TRLATS         0.000         0.000         0.000         0.000
 DEMAGE         0.000         0.000         0.000         0.000         0.000
 DEMMAL         0.000         0.000         0.000         0.000         0.000
 CANEVR         0.000         0.000         0.000         0.000         0.000
 ALCEVR         0.000         0.000         0.000         0.000         0.000
 COGPGS         0.000         0.000         0.000         0.000         0.000
 PC1BW          0.000         0.000         0.000         0.000         0.000
 PC2BW          0.000         0.000         0.000         0.000         0.000
 PC3BW          0.000         0.000         0.000         0.000         0.000
 PC4BW          0.000         0.000         0.000         0.000         0.000
 PC5BW          0.000         0.000         0.000         0.000         0.000


           THETA
              DEMMAL        CANEVR        ALCEVR        COGPGS        PC1BW
              ________      ________      ________      ________      ________
 DEMMAL         0.000
 CANEVR         0.000         0.000
 ALCEVR         0.000         0.000         0.000
 COGPGS         0.000         0.000         0.000         0.000
 PC1BW          0.000         0.000         0.000         0.000         0.000
 PC2BW          0.000         0.000         0.000         0.000         0.000
 PC3BW          0.000         0.000         0.000         0.000         0.000
 PC4BW          0.000         0.000         0.000         0.000         0.000
 PC5BW          0.000         0.000         0.000         0.000         0.000


           THETA
              PC2BW         PC3BW         PC4BW         PC5BW
              ________      ________      ________      ________
 PC2BW          0.000
 PC3BW          0.000         0.000
 PC4BW          0.000         0.000         0.000
 PC5BW          0.000         0.000         0.000         0.000


           ALPHA
              CANEVRBW      ALCEVRBW      COGPGSBW      TRLATS        DEMAGE
              ________      ________      ________      ________      ________
 1              0.000         0.000         0.000         0.000         0.000


           ALPHA
              DEMMAL        CANEVR        ALCEVR        COGPGS        PC1BW
              ________      ________      ________      ________      ________
 1              0.000         0.000         0.000         0.000         0.000


           ALPHA
              PC2BW         PC3BW         PC4BW         PC5BW
              ________      ________      ________      ________
 1              0.000         0.000         0.000         0.000


           BETA
              CANEVRBW      ALCEVRBW      COGPGSBW      TRLATS        DEMAGE
              ________      ________      ________      ________      ________
 CANEVRBW       0.000         0.000         0.000         0.000         0.000
 ALCEVRBW       0.000         0.000         0.000         0.000         0.000
 COGPGSBW       0.000         0.000         0.000         0.000         0.000
 TRLATS         0.000         0.000         0.000         0.000         0.000
 DEMAGE         0.000         0.000         0.000         0.000         0.000
 DEMMAL         0.000         0.000         0.000         0.000         0.000
 CANEVR         0.000         0.000         0.000         0.000         0.000
 ALCEVR         0.000         0.000         0.000         0.000         0.000
 COGPGS         0.000         0.000         0.000         0.000         0.000
 PC1BW          0.000         0.000         0.000         0.000         0.000
 PC2BW          0.000         0.000         0.000         0.000         0.000
 PC3BW          0.000         0.000         0.000         0.000         0.000
 PC4BW          0.000         0.000         0.000         0.000         0.000
 PC5BW          0.000         0.000         0.000         0.000         0.000


           BETA
              DEMMAL        CANEVR        ALCEVR        COGPGS        PC1BW
              ________      ________      ________      ________      ________
 CANEVRBW       0.000         0.000         0.000         0.000         0.000
 ALCEVRBW       0.000         0.000         0.000         0.000         0.000
 COGPGSBW       0.000         0.000         0.000         0.000         0.000
 TRLATS         0.000         0.000         0.000         0.000         0.000
 DEMAGE         0.000         0.000         0.000         0.000         0.000
 DEMMAL         0.000         0.000         0.000         0.000         0.000
 CANEVR         0.000         0.000         0.000         0.000         0.000
 ALCEVR         0.000         0.000         0.000         0.000         0.000
 COGPGS         0.000         0.000         0.000         0.000         0.000
 PC1BW          0.000         0.000         0.000         0.000         0.000
 PC2BW          0.000         0.000         0.000         0.000         0.000
 PC3BW          0.000         0.000         0.000         0.000         0.000
 PC4BW          0.000         0.000         0.000         0.000         0.000
 PC5BW          0.000         0.000         0.000         0.000         0.000


           BETA
              PC2BW         PC3BW         PC4BW         PC5BW
              ________      ________      ________      ________
 CANEVRBW       0.000         0.000         0.000         0.000
 ALCEVRBW       0.000         0.000         0.000         0.000
 COGPGSBW       0.000         0.000         0.000         0.000
 TRLATS         0.000         0.000         0.000         0.000
 DEMAGE         0.000         0.000         0.000         0.000
 DEMMAL         0.000         0.000         0.000         0.000
 CANEVR         0.000         0.000         0.000         0.000
 ALCEVR         0.000         0.000         0.000         0.000
 COGPGS         0.000         0.000         0.000         0.000
 PC1BW          0.000         0.000         0.000         0.000
 PC2BW          0.000         0.000         0.000         0.000
 PC3BW          0.000         0.000         0.000         0.000
 PC4BW          0.000         0.000         0.000         0.000
 PC5BW          0.000         0.000         0.000         0.000


           PSI
              CANEVRBW      ALCEVRBW      COGPGSBW      TRLATS        DEMAGE
              ________      ________      ________      ________      ________
 CANEVRBW       0.000
 ALCEVRBW       0.000         0.000
 COGPGSBW       0.000         0.000         0.000
 TRLATS         0.000         0.000         0.000        53.818
 DEMAGE         0.000         0.000         0.000         0.000         3.354
 DEMMAL         0.000         0.000         0.000         0.000         0.000
 CANEVR         0.000         0.000         0.000         0.000         0.000
 ALCEVR         0.000         0.000         0.000         0.000         0.000
 COGPGS         0.000         0.000         0.000         0.000         0.000
 PC1BW          0.000         0.000         0.000         0.000         0.000
 PC2BW          0.000         0.000         0.000         0.000         0.000
 PC3BW          0.000         0.000         0.000         0.000         0.000
 PC4BW          0.000         0.000         0.000         0.000         0.000
 PC5BW          0.000         0.000         0.000         0.000         0.000


           PSI
              DEMMAL        CANEVR        ALCEVR        COGPGS        PC1BW
              ________      ________      ________      ________      ________
 DEMMAL         0.117
 CANEVR         0.000         0.029
 ALCEVR         0.000         0.000         0.015
 COGPGS         0.000         0.000         0.000         0.009
 PC1BW          0.000         0.000         0.000         0.000         0.000
 PC2BW          0.000         0.000         0.000         0.000         0.000
 PC3BW          0.000         0.000         0.000         0.000         0.000
 PC4BW          0.000         0.000         0.000         0.000         0.000
 PC5BW          0.000         0.000         0.000         0.000         0.000


           PSI
              PC2BW         PC3BW         PC4BW         PC5BW
              ________      ________      ________      ________
 PC2BW          0.000
 PC3BW          0.000         0.000
 PC4BW          0.000         0.000         0.000
 PC5BW          0.000         0.000         0.000         0.000


     STARTING VALUES FOR BETWEEN


           NU
              CANEVRBW      ALCEVRBW      COGPGSBW      TRLATS        DEMAGE
              ________      ________      ________      ________      ________
 1              0.000         0.000         0.000         0.000         0.000


           NU
              DEMMAL        CANEVR        ALCEVR        COGPGS        PC1BW
              ________      ________      ________      ________      ________
 1              0.000         0.000         0.000         0.000         0.000


           NU
              PC2BW         PC3BW         PC4BW         PC5BW
              ________      ________      ________      ________
 1              0.000         0.000         0.000         0.000


           LAMBDA
              CANEVRBW      ALCEVRBW      COGPGSBW      TRLATS        DEMAGE
              ________      ________      ________      ________      ________
 CANEVRBW       1.000         0.000         0.000         0.000         0.000
 ALCEVRBW       0.000         1.000         0.000         0.000         0.000
 COGPGSBW       0.000         0.000         1.000         0.000         0.000
 TRLATS         0.000         0.000         0.000         1.000         0.000
 DEMAGE         0.000         0.000         0.000         0.000         1.000
 DEMMAL         0.000         0.000         0.000         0.000         0.000
 CANEVR         0.000         0.000         0.000         0.000         0.000
 ALCEVR         0.000         0.000         0.000         0.000         0.000
 COGPGS         0.000         0.000         0.000         0.000         0.000
 PC1BW          0.000         0.000         0.000         0.000         0.000
 PC2BW          0.000         0.000         0.000         0.000         0.000
 PC3BW          0.000         0.000         0.000         0.000         0.000
 PC4BW          0.000         0.000         0.000         0.000         0.000
 PC5BW          0.000         0.000         0.000         0.000         0.000


           LAMBDA
              DEMMAL        CANEVR        ALCEVR        COGPGS        PC1BW
              ________      ________      ________      ________      ________
 CANEVRBW       0.000         0.000         0.000         0.000         0.000
 ALCEVRBW       0.000         0.000         0.000         0.000         0.000
 COGPGSBW       0.000         0.000         0.000         0.000         0.000
 TRLATS         0.000         0.000         0.000         0.000         0.000
 DEMAGE         0.000         0.000         0.000         0.000         0.000
 DEMMAL         1.000         0.000         0.000         0.000         0.000
 CANEVR         0.000         1.000         0.000         0.000         0.000
 ALCEVR         0.000         0.000         1.000         0.000         0.000
 COGPGS         0.000         0.000         0.000         1.000         0.000
 PC1BW          0.000         0.000         0.000         0.000         1.000
 PC2BW          0.000         0.000         0.000         0.000         0.000
 PC3BW          0.000         0.000         0.000         0.000         0.000
 PC4BW          0.000         0.000         0.000         0.000         0.000
 PC5BW          0.000         0.000         0.000         0.000         0.000


           LAMBDA
              PC2BW         PC3BW         PC4BW         PC5BW
              ________      ________      ________      ________
 CANEVRBW       0.000         0.000         0.000         0.000
 ALCEVRBW       0.000         0.000         0.000         0.000
 COGPGSBW       0.000         0.000         0.000         0.000
 TRLATS         0.000         0.000         0.000         0.000
 DEMAGE         0.000         0.000         0.000         0.000
 DEMMAL         0.000         0.000         0.000         0.000
 CANEVR         0.000         0.000         0.000         0.000
 ALCEVR         0.000         0.000         0.000         0.000
 COGPGS         0.000         0.000         0.000         0.000
 PC1BW          0.000         0.000         0.000         0.000
 PC2BW          1.000         0.000         0.000         0.000
 PC3BW          0.000         1.000         0.000         0.000
 PC4BW          0.000         0.000         1.000         0.000
 PC5BW          0.000         0.000         0.000         1.000


           THETA
              CANEVRBW      ALCEVRBW      COGPGSBW      TRLATS        DEMAGE
              ________      ________      ________      ________      ________
 CANEVRBW       0.000
 ALCEVRBW       0.000         0.000
 COGPGSBW       0.000         0.000         0.000
 TRLATS         0.000         0.000         0.000         0.000
 DEMAGE         0.000         0.000         0.000         0.000         0.000
 DEMMAL         0.000         0.000         0.000         0.000         0.000
 CANEVR         0.000         0.000         0.000         0.000         0.000
 ALCEVR         0.000         0.000         0.000         0.000         0.000
 COGPGS         0.000         0.000         0.000         0.000         0.000
 PC1BW          0.000         0.000         0.000         0.000         0.000
 PC2BW          0.000         0.000         0.000         0.000         0.000
 PC3BW          0.000         0.000         0.000         0.000         0.000
 PC4BW          0.000         0.000         0.000         0.000         0.000
 PC5BW          0.000         0.000         0.000         0.000         0.000


           THETA
              DEMMAL        CANEVR        ALCEVR        COGPGS        PC1BW
              ________      ________      ________      ________      ________
 DEMMAL         0.000
 CANEVR         0.000         0.000
 ALCEVR         0.000         0.000         0.000
 COGPGS         0.000         0.000         0.000         0.000
 PC1BW          0.000         0.000         0.000         0.000         0.000
 PC2BW          0.000         0.000         0.000         0.000         0.000
 PC3BW          0.000         0.000         0.000         0.000         0.000
 PC4BW          0.000         0.000         0.000         0.000         0.000
 PC5BW          0.000         0.000         0.000         0.000         0.000


           THETA
              PC2BW         PC3BW         PC4BW         PC5BW
              ________      ________      ________      ________
 PC2BW          0.000
 PC3BW          0.000         0.000
 PC4BW          0.000         0.000         0.000
 PC5BW          0.000         0.000         0.000         0.000


           ALPHA
              CANEVRBW      ALCEVRBW      COGPGSBW      TRLATS        DEMAGE
              ________      ________      ________      ________      ________
 1              0.000         0.000         0.000        51.584         0.000


           ALPHA
              DEMMAL        CANEVR        ALCEVR        COGPGS        PC1BW
              ________      ________      ________      ________      ________
 1              0.000         0.000         0.000         0.000         0.000


           ALPHA
              PC2BW         PC3BW         PC4BW         PC5BW
              ________      ________      ________      ________
 1              0.000         0.000         0.000         0.000


           BETA
              CANEVRBW      ALCEVRBW      COGPGSBW      TRLATS        DEMAGE
              ________      ________      ________      ________      ________
 CANEVRBW       0.000         0.000         0.000         0.000         0.000
 ALCEVRBW       0.000         0.000         0.000         0.000         0.000
 COGPGSBW       0.000         0.000         0.000         0.000         0.000
 TRLATS         0.000         0.000         0.000         0.000         0.000
 DEMAGE         0.000         0.000         0.000         0.000         0.000
 DEMMAL         0.000         0.000         0.000         0.000         0.000
 CANEVR         0.000         0.000         0.000         0.000         0.000
 ALCEVR         0.000         0.000         0.000         0.000         0.000
 COGPGS         0.000         0.000         0.000         0.000         0.000
 PC1BW          0.000         0.000         0.000         0.000         0.000
 PC2BW          0.000         0.000         0.000         0.000         0.000
 PC3BW          0.000         0.000         0.000         0.000         0.000
 PC4BW          0.000         0.000         0.000         0.000         0.000
 PC5BW          0.000         0.000         0.000         0.000         0.000


           BETA
              DEMMAL        CANEVR        ALCEVR        COGPGS        PC1BW
              ________      ________      ________      ________      ________
 CANEVRBW       0.000         0.000         0.000         0.000         0.000
 ALCEVRBW       0.000         0.000         0.000         0.000         0.000
 COGPGSBW       0.000         0.000         0.000         0.000         0.000
 TRLATS         0.000         0.000         0.000         0.000         0.000
 DEMAGE         0.000         0.000         0.000         0.000         0.000
 DEMMAL         0.000         0.000         0.000         0.000         0.000
 CANEVR         0.000         0.000         0.000         0.000         0.000
 ALCEVR         0.000         0.000         0.000         0.000         0.000
 COGPGS         0.000         0.000         0.000         0.000         0.000
 PC1BW          0.000         0.000         0.000         0.000         0.000
 PC2BW          0.000         0.000         0.000         0.000         0.000
 PC3BW          0.000         0.000         0.000         0.000         0.000
 PC4BW          0.000         0.000         0.000         0.000         0.000
 PC5BW          0.000         0.000         0.000         0.000         0.000


           BETA
              PC2BW         PC3BW         PC4BW         PC5BW
              ________      ________      ________      ________
 CANEVRBW       0.000         0.000         0.000         0.000
 ALCEVRBW       0.000         0.000         0.000         0.000
 COGPGSBW       0.000         0.000         0.000         0.000
 TRLATS         0.000         0.000         0.000         0.000
 DEMAGE         0.000         0.000         0.000         0.000
 DEMMAL         0.000         0.000         0.000         0.000
 CANEVR         0.000         0.000         0.000         0.000
 ALCEVR         0.000         0.000         0.000         0.000
 COGPGS         0.000         0.000         0.000         0.000
 PC1BW          0.000         0.000         0.000         0.000
 PC2BW          0.000         0.000         0.000         0.000
 PC3BW          0.000         0.000         0.000         0.000
 PC4BW          0.000         0.000         0.000         0.000
 PC5BW          0.000         0.000         0.000         0.000


           PSI
              CANEVRBW      ALCEVRBW      COGPGSBW      TRLATS        DEMAGE
              ________      ________      ________      ________      ________
 CANEVRBW       0.023
 ALCEVRBW       0.000         0.012
 COGPGSBW       0.000         0.000         0.055
 TRLATS         0.000         0.000         0.000        53.818
 DEMAGE         0.000         0.000         0.000         0.000         0.000
 DEMMAL         0.000         0.000         0.000         0.000         0.000
 CANEVR         0.000         0.000         0.000         0.000         0.000
 ALCEVR         0.000         0.000         0.000         0.000         0.000
 COGPGS         0.000         0.000         0.000         0.000         0.000
 PC1BW          0.000         0.000         0.000         0.000         0.000
 PC2BW          0.000         0.000         0.000         0.000         0.000
 PC3BW          0.000         0.000         0.000         0.000         0.000
 PC4BW          0.000         0.000         0.000         0.000         0.000
 PC5BW          0.000         0.000         0.000         0.000         0.000


           PSI
              DEMMAL        CANEVR        ALCEVR        COGPGS        PC1BW
              ________      ________      ________      ________      ________
 DEMMAL         0.000
 CANEVR         0.000         0.000
 ALCEVR         0.000         0.000         0.000
 COGPGS         0.000         0.000         0.000         0.000
 PC1BW          0.000         0.000         0.000         0.000         0.001
 PC2BW          0.000         0.000         0.000         0.000         0.000
 PC3BW          0.000         0.000         0.000         0.000         0.000
 PC4BW          0.000         0.000         0.000         0.000         0.000
 PC5BW          0.000         0.000         0.000         0.000         0.000


           PSI
              PC2BW         PC3BW         PC4BW         PC5BW
              ________      ________      ________      ________
 PC2BW          0.001
 PC3BW          0.000         0.000
 PC4BW          0.000         0.000         0.001
 PC5BW          0.000         0.000         0.000         0.000


SAMPLE STATISTICS FOR ESTIMATED FACTOR SCORES


     SAMPLE STATISTICS


           Means
              B_TRLATS
              ________
 1             51.616


           Covariances
              B_TRLATS
              ________
 B_TRLATS       4.435


           Correlations
              B_TRLATS
              ________
 B_TRLATS       1.000


PLOT INFORMATION

The following plots are available:

  Histograms (sample values)
  Scatterplots (sample values)

     Beginning Time:  13:07:25
        Ending Time:  13:07:26
       Elapsed Time:  00:00:01



MUTHEN & MUTHEN
3463 Stoner Ave.
Los Angeles, CA  90066

Tel: (310) 391-9971
Fax: (310) 391-8971
Web: www.StatModel.com
Support: Support@StatModel.com

Copyright (c) 1998-2015 Muthen & Muthen
