Mplus VERSION 7.4 (Mac)
MUTHEN & MUTHEN
07/30/2019   1:07 PM

INPUT INSTRUCTIONS


  TITLE: CANEVR_TRLBTS_2;

  DATA:
  	FILE = GD190618.csv;

  VARIABLE:
  	NAMES =
  			ID_Fam   Wave     ID_MPL
  			DEMMAL   DEMAGE   DEMHSP   DEMRAC
  			SRPWCR
  			WASVCB   WASBLK   WASDGT   WSISUM
  			TRLATS   TRLBTS
  			CVLASF   CVLASC   CVLALF   CVLALC
  			WASCOM   COGCOM   CVLCOM
  			CANEVR   CANONS   CANFLF
  			CANFTY   CANF6M   CANAC6
  			CANYRS
  			ALCEVR   ALCONS   ALCFLF
  			ALCFTY   ALCF6M   ALCAC6
  			ALCYRS
  			SRPWCRDt WASVCBDt WASBLKDt
  			WASDGTDt WSISUMDt TRLATSDt
  			TRLBTSDt CVLASFDt CVLASCDt
  			CVLALFDt CVLALCDt WASCOMDt
  			COGCOMDt CVLCOMDt
  			COGPGS
  			PC1 PC2 PC3 PC4 PC5 PC6
  		;
  	USEVARIABLES =
  		! outcome
    			TRLBTS
    		! covariates
    			DEMAGE
    			DEMMAL  			
    		! within predictor
    			CANEVR
    			ALCEVR
    			COGPGS
    		! between predictor
    			CANEVRBW
    			ALCEVRBW
    			COGPGSBW
    			PC1BW
    			PC2BW
    			PC3BW
    			PC4BW
    			PC5BW
    		;
    	USEOBSERVATION =
    			(Wave EQ 2 AND TRLBTSDt EQ 1)
    		;
    	CLUSTER =
    			ID_Fam
    		;
    	MISSING = .;
    	BETWEEN =   		
    			CANEVRBW
    			ALCEVRBW
    			COGPGSBW
    			PC1BW
    			PC2BW
    			PC3BW
    			PC4BW
    			PC5BW 			
    		;
    	WITHIN  		
    			CANEVR
    			ALCEVR
    			COGPGS
    			DEMAGE
    			DEMMAL
    		;  		

  DEFINE:
  	! CREATE BW FAM PREDICTOR
  		CANEVRBW = cluster_mean (CANEVR);
  		ALCEVRBW = cluster_mean (ALCEVR);
  		COGPGSBW = cluster_mean (COGPGS);
  		PC1BW = cluster_mean (PC1);
  		PC2BW = cluster_mean (PC2);
  		PC3BW = cluster_mean (PC3);
  		PC4BW = cluster_mean (PC4);
  		PC5BW = cluster_mean (PC5);
  	! CENTER WI FAM VARIABLES
  		CENTER CANEVR (GROUPMEAN);
  		CENTER ALCEVR (GROUPMEAN);
  		CENTER COGPGS (GROUPMEAN);
  		CENTER DEMMAL (GRANDMEAN);
  		CENTER DEMAGE (GRANDMEAN);
  	! CENTER BW FAM VARIABLES
  		CENTER CANEVRBW (GRANDMEAN);
  		CENTER ALCEVRBW (GRANDMEAN);
  		CENTER COGPGSBW (GRANDMEAN);
  		CENTER PC1BW (GRANDMEAN);
  		CENTER PC2BW (GRANDMEAN);
  		CENTER PC3BW (GRANDMEAN);
  		CENTER PC4BW (GRANDMEAN);
  		CENTER PC5BW (GRANDMEAN);
  ANALYSIS:
          ITERATIONS = 1000000;
          TYPE = TWOLEVEL RANDOM;
          ALGORITHM = INTEGRATION;

  OUTPUT:
  	SAMPSTAT STDYX TECH1 CINT;

  MODEL:
  %WITHIN%
  	TRLBTS on CANEVR;
  	TRLBTS on  DEMMAL DEMAGE COGPGS ALCEVR;
  	COGPGS*;
  	ALCEVR*;
  	TRLBTS*;
  	CANEVR WITH DEMMAL*;
  	CANEVR WITH DEMAGE*;
  	CANEVR WITH COGPGS*;

  	CANEVR WITH ALCEVR*;
  	
  	ALCEVR WITH DEMMAL*;
  	ALCEVR WITH DEMAGE*;
  	ALCEVR WITH COGPGS*;

  %BETWEEN%
  	TRLBTS on CANEVRBW COGPGSBW ALCEVRBW
  			    PC1BW PC2BW PC3BW PC4BW PC5BW;
  	COGPGSBW*;
  	ALCEVRBW;
  	TRLBTS*;
  	CANEVRBW WITH COGPGSBW*;
  	CANEVRBW WITH ALCEVRBW*;
  	ALCEVRBW WITH COGPGSBW*;


  PLOT:
  	TYPE = plot3;



*** WARNING
  Data set contains cases with missing on x-variables.
  These cases were not included in the analysis.
  Number of cases with missing on x-variables:  117
   1 WARNING(S) FOUND IN THE INPUT INSTRUCTIONS



CANEVR_TRLBTS_2;

SUMMARY OF ANALYSIS

Number of groups                                                 1
Number of observations                                         768

Number of dependent variables                                    1
Number of independent variables                                 13
Number of continuous latent variables                            0

Observed dependent variables

  Continuous
   TRLBTS

Observed independent variables
   DEMAGE      DEMMAL      CANEVR      ALCEVR      COGPGS      CANEVRBW
   ALCEVRBW    COGPGSBW    PC1BW       PC2BW       PC3BW       PC4BW
   PC5BW

Variables with special functions

  Cluster variable      ID_FAM

  Within variables
   DEMAGE      DEMMAL      CANEVR      ALCEVR      COGPGS

  Between variables
   CANEVRBW    ALCEVRBW    COGPGSBW    PC1BW       PC2BW       PC3BW
   PC4BW       PC5BW

  Centering (GRANDMEAN)
   DEMMAL      DEMAGE      CANEVRBW
   ALCEVRBW    COGPGSBW    PC1BW       PC2BW       PC3BW       PC4BW
   PC5BW

  Centering (GROUPMEAN)
   CANEVR      ALCEVR      COGPGS


Estimator                                                      MLR
Information matrix                                        OBSERVED
Optimization Specifications for the Quasi-Newton Algorithm for
Continuous Outcomes
  Maximum number of iterations                             1000000
  Convergence criterion                                  0.100D-05
Optimization Specifications for the EM Algorithm
  Maximum number of iterations                                 500
  Convergence criteria
    Loglikelihood change                                 0.100D-02
    Relative loglikelihood change                        0.100D-05
    Derivative                                           0.100D-02
Optimization Specifications for the M step of the EM Algorithm for
Categorical Latent variables
  Number of M step iterations                                    1
  M step convergence criterion                           0.100D-02
  Basis for M step termination                           ITERATION
Optimization Specifications for the M step of the EM Algorithm for
Censored, Binary or Ordered Categorical (Ordinal), Unordered
Categorical (Nominal) and Count Outcomes
  Number of M step iterations                                    1
  M step convergence criterion                           0.100D-02
  Basis for M step termination                           ITERATION
  Maximum value for logit thresholds                            15
  Minimum value for logit thresholds                           -15
  Minimum expected cell size for chi-square              0.100D-01
Maximum number of iterations for H1                           2000
Convergence criterion for H1                             0.100D-03
Optimization algorithm                                         EMA
Integration Specifications
  Type                                                    STANDARD
  Number of integration points                                  15
  Dimensions of numerical integration                            0
  Adaptive quadrature                                           ON
Cholesky                                                       OFF

Input data file(s)
  GD190618.csv
Input data format  FREE


SUMMARY OF DATA

     Number of missing data patterns             5
     Number of clusters                        394



COVARIANCE COVERAGE OF DATA

Minimum covariance coverage value   0.100


     PROPORTION OF DATA PRESENT FOR Y


           Covariance Coverage
              CANEVRBW      ALCEVRBW      COGPGSBW      TRLBTS        DEMAGE
              ________      ________      ________      ________      ________
 CANEVRBW       1.000
 ALCEVRBW       1.000         1.000
 COGPGSBW       1.000         1.000         1.000
 TRLBTS         0.915         0.915         0.915         0.915
 DEMAGE         0.999         0.999         0.999         0.915         0.999
 DEMMAL         0.999         0.999         0.999         0.915         0.999
 CANEVR         1.000         1.000         1.000         0.915         0.999
 ALCEVR         1.000         1.000         1.000         0.915         0.999
 COGPGS         0.763         0.763         0.763         0.702         0.763
 PC1BW          1.000         1.000         1.000         0.915         0.999
 PC2BW          1.000         1.000         1.000         0.915         0.999
 PC3BW          1.000         1.000         1.000         0.915         0.999
 PC4BW          1.000         1.000         1.000         0.915         0.999
 PC5BW          1.000         1.000         1.000         0.915         0.999


           Covariance Coverage
              DEMMAL        CANEVR        ALCEVR        COGPGS        PC1BW
              ________      ________      ________      ________      ________
 DEMMAL         0.999
 CANEVR         0.999         1.000
 ALCEVR         0.999         1.000         1.000
 COGPGS         0.763         0.763         0.763         0.763
 PC1BW          0.999         1.000         1.000         0.763         1.000
 PC2BW          0.999         1.000         1.000         0.763         1.000
 PC3BW          0.999         1.000         1.000         0.763         1.000
 PC4BW          0.999         1.000         1.000         0.763         1.000
 PC5BW          0.999         1.000         1.000         0.763         1.000


           Covariance Coverage
              PC2BW         PC3BW         PC4BW         PC5BW
              ________      ________      ________      ________
 PC2BW          1.000
 PC3BW          1.000         1.000
 PC4BW          1.000         1.000         1.000
 PC5BW          1.000         1.000         1.000         1.000


SAMPLE STATISTICS


     ESTIMATED SAMPLE STATISTICS


           Means
              CANEVRBW      ALCEVRBW      COGPGSBW      TRLBTS        DEMAGE
              ________      ________      ________      ________      ________
 1              0.000         0.000         0.000        48.867         0.000


           Means
              DEMMAL        CANEVR        ALCEVR        COGPGS        PC1BW
              ________      ________      ________      ________      ________
 1              0.000         0.000         0.000         0.000         0.000


           Means
              PC2BW         PC3BW         PC4BW         PC5BW
              ________      ________      ________      ________
 1              0.000         0.000         0.000         0.000


           Covariances
              CANEVRBW      ALCEVRBW      COGPGSBW      TRLBTS        DEMAGE
              ________      ________      ________      ________      ________
 CANEVRBW       0.027
 ALCEVRBW       0.001         0.002
 COGPGSBW      -0.001         0.001         0.110
 TRLBTS         0.177         0.032         0.156       111.345
 DEMAGE        -0.056         0.003         0.026         0.131         8.271
 DEMMAL         0.008         0.000         0.011        -0.092        -0.143
 CANEVR         0.000         0.000         0.000        -0.143        -0.090
 ALCEVR         0.000         0.000         0.000         0.000        -0.010
 COGPGS         0.000         0.000         0.000        -0.021        -0.003
 PC1BW          0.000         0.000        -0.003        -0.017         0.004
 PC2BW         -0.001         0.000        -0.001        -0.038        -0.003
 PC3BW          0.000         0.000         0.000         0.002        -0.002
 PC4BW          0.000         0.000         0.001        -0.002         0.002
 PC5BW          0.000         0.000         0.000         0.006         0.003


           Covariances
              DEMMAL        CANEVR        ALCEVR        COGPGS        PC1BW
              ________      ________      ________      ________      ________
 DEMMAL         0.236
 CANEVR         0.010         0.030
 ALCEVR        -0.001         0.002         0.003
 COGPGS         0.003         0.000         0.000         0.020
 PC1BW         -0.001         0.000         0.000         0.000         0.001
 PC2BW         -0.002         0.000         0.000         0.000         0.000
 PC3BW          0.000         0.000         0.000         0.000         0.000
 PC4BW          0.001         0.000         0.000         0.000         0.000
 PC5BW          0.000         0.000         0.000         0.000         0.000


           Covariances
              PC2BW         PC3BW         PC4BW         PC5BW
              ________      ________      ________      ________
 PC2BW          0.001
 PC3BW          0.000         0.001
 PC4BW          0.000         0.000         0.001
 PC5BW          0.000         0.000         0.000         0.001


           Correlations
              CANEVRBW      ALCEVRBW      COGPGSBW      TRLBTS        DEMAGE
              ________      ________      ________      ________      ________
 CANEVRBW       1.000
 ALCEVRBW       0.177         1.000
 COGPGSBW      -0.014         0.038         1.000
 TRLBTS         0.102         0.062         0.044         1.000
 DEMAGE        -0.118         0.024         0.028         0.004         1.000
 DEMMAL         0.102         0.017         0.066        -0.018        -0.102
 CANEVR         0.000         0.000         0.000        -0.078        -0.181
 ALCEVR         0.000         0.000         0.000         0.000        -0.065
 COGPGS        -0.004        -0.010         0.000        -0.014        -0.007
 PC1BW         -0.055        -0.041        -0.245        -0.045         0.041
 PC2BW         -0.109         0.035        -0.050        -0.097        -0.029
 PC3BW          0.003         0.006         0.014         0.006        -0.022
 PC4BW          0.071         0.003         0.101        -0.007         0.021
 PC5BW          0.061        -0.016        -0.034         0.017         0.032


           Correlations
              DEMMAL        CANEVR        ALCEVR        COGPGS        PC1BW
              ________      ________      ________      ________      ________
 DEMMAL         1.000
 CANEVR         0.119         1.000
 ALCEVR        -0.042         0.235         1.000
 COGPGS         0.044        -0.013        -0.016         1.000
 PC1BW         -0.037         0.000         0.000         0.001         1.000
 PC2BW         -0.091         0.000         0.000         0.001        -0.001
 PC3BW          0.025         0.000         0.000         0.000         0.006
 PC4BW          0.072         0.000         0.000         0.000        -0.005
 PC5BW          0.024         0.000         0.000         0.000        -0.014


           Correlations
              PC2BW         PC3BW         PC4BW         PC5BW
              ________      ________      ________      ________
 PC2BW          1.000
 PC3BW          0.009         1.000
 PC4BW         -0.016         0.015         1.000
 PC5BW          0.005         0.001         0.002         1.000


     MAXIMUM LOG-LIKELIHOOD VALUE FOR THE UNRESTRICTED (H1) MODEL IS 5358.477


UNIVARIATE SAMPLE STATISTICS


     UNIVARIATE HIGHER-ORDER MOMENT DESCRIPTIVE STATISTICS

         Variable/         Mean/     Skewness/   Minimum/ % with                Percentiles
        Sample Size      Variance    Kurtosis    Maximum  Min/Max      20%/60%    40%/80%    Median

     CANEVRBW              0.008      -2.846      -0.939    0.25%       0.061      0.061      0.061
             394.000       0.024       7.269       0.061   89.09%       0.061      0.061
     ALCEVRBW              0.001     -10.088      -0.495    0.76%       0.005      0.005      0.005
             394.000       0.002     101.226       0.005   98.98%       0.005      0.005
     COGPGSBW              0.000       0.005      -1.028    0.25%      -0.289     -0.081     -0.011
             394.000       0.115       0.381       1.215    0.25%       0.074      0.289
     TRLBTS               48.844      -0.127       1.000    0.14%      40.000     46.000     49.000
             703.000     111.475       0.390      78.000    0.28%      52.000     57.000
     DEMAGE                0.000       1.006      -5.322    0.13%      -2.352     -1.042     -0.432
             767.000       8.272       2.014      15.848    0.13%       0.308      2.218
     DEMMAL                0.000      -0.486      -0.618   38.20%      -0.618      0.382      0.382
             767.000       0.236      -1.764       0.382   61.80%       0.382      0.382
     CANEVR                0.000      -0.367      -0.750    0.13%       0.000      0.000      0.000
             768.000       0.030       6.168       0.667    0.26%       0.000      0.000
     ALCEVR                0.000      -1.931      -0.667    0.13%       0.000      0.000      0.000
             768.000       0.003      94.704       0.500    0.39%       0.000      0.000
     COGPGS                0.000      -0.018      -0.505    0.17%      -0.072      0.000      0.000
             586.000       0.020       2.036       0.604    0.17%       0.000      0.073
     PC1BW                 0.000       2.629      -0.020    0.25%      -0.018     -0.015     -0.012
             394.000       0.001       5.542       0.136    0.25%      -0.008     -0.003
     PC2BW                -0.001       0.962      -0.036    0.25%      -0.031     -0.027     -0.018
             394.000       0.001      -0.151       0.131    0.25%      -0.003      0.035
     PC3BW                -0.001      12.533      -0.119    0.25%      -0.006     -0.003     -0.001
             394.000       0.001     225.600       0.457    0.25%       0.000      0.004
     PC4BW                 0.000       5.571      -0.094    0.25%      -0.009     -0.006     -0.005
             394.000       0.001      36.829       0.285    0.25%      -0.003      0.000
     PC5BW                 0.001     -15.927      -0.544    0.25%      -0.002      0.000      0.001
             394.000       0.001     295.350       0.111    0.25%       0.002      0.004

     THE STANDARD ERRORS OF THE MODEL PARAMETER ESTIMATES MAY NOT BE
     TRUSTWORTHY FOR SOME PARAMETERS DUE TO A NON-POSITIVE DEFINITE
     FIRST-ORDER DERIVATIVE PRODUCT MATRIX.  THIS MAY BE DUE TO THE STARTING
     VALUES BUT MAY ALSO BE AN INDICATION OF MODEL NONIDENTIFICATION.  THE
     CONDITION NUMBER IS      -0.132D-17.  PROBLEM INVOLVING THE FOLLOWING PARAMETER:
     Parameter 4, %WITHIN%: [ ALCEVR ]


THE MODEL ESTIMATION TERMINATED NORMALLY



MODEL FIT INFORMATION

Number of Free Parameters                       42

Loglikelihood

          H0 Value                       -2609.639
          H0 Scaling Correction Factor      4.7930
            for MLR

Information Criteria

          Akaike (AIC)                    5303.278
          Bayesian (BIC)                  5498.317
          Sample-Size Adjusted BIC        5364.948
            (n* = (n + 2) / 24)



MODEL RESULTS

                                                    Two-Tailed
                    Estimate       S.E.  Est./S.E.    P-Value

Within Level

 TRLBTS     ON
    CANEVR            -4.810      2.333     -2.062      0.039
    DEMMAL            -0.653      0.793     -0.824      0.410
    DEMAGE            -0.018      0.158     -0.115      0.909
    COGPGS            -1.089      2.983     -0.365      0.715
    ALCEVR             3.438      9.212      0.373      0.709

 CANEVR   WITH
    DEMMAL             0.009      0.003      2.526      0.012
    DEMAGE            -0.085      0.019     -4.503      0.000
    COGPGS             0.000      0.002     -0.257      0.797
    ALCEVR             0.002      0.001      1.726      0.084

 ALCEVR   WITH
    DEMMAL            -0.001      0.001     -1.008      0.313
    DEMAGE            -0.011      0.007     -1.534      0.125
    COGPGS             0.000      0.000     -0.703      0.482

 Means
    DEMAGE             0.000      0.115      0.000      1.000
    DEMMAL             0.000      0.019      0.000      1.000
    CANEVR             0.000      0.000      0.001      0.999
    ALCEVR             0.000      0.000      0.007      0.995
    COGPGS             0.000      0.000      0.424      0.672

 Variances
    DEMAGE             8.271      0.598     13.834      0.000
    DEMMAL             0.236      0.004     53.843      0.000
    CANEVR             0.030      0.004      6.900      0.000
    ALCEVR             0.003      0.001      1.994      0.046
    COGPGS             0.020      0.002      9.180      0.000

 Residual Variances
    TRLBTS            92.359      8.243     11.204      0.000

Between Level

 TRLBTS     ON
    CANEVRBW           5.427      2.685      2.022      0.043
    COGPGSBW           1.077      1.481      0.727      0.467
    ALCEVRBW          10.448      3.720      2.809      0.005
    PC1BW             -8.749     10.010     -0.874      0.382
    PC2BW            -25.352     11.137     -2.276      0.023
    PC3BW              1.899      3.912      0.485      0.627
    PC4BW             -3.563      8.761     -0.407      0.684
    PC5BW              4.019      3.215      1.250      0.211

 CANEVRBW WITH
    COGPGSBW           0.000      0.002     -0.231      0.817
    ALCEVRBW           0.001      0.001      1.573      0.116

 ALCEVRBW WITH
    COGPGSBW           0.001      0.001      0.843      0.399

 Means
    CANEVRBW           0.008      0.008      1.030      0.303
    ALCEVRBW           0.001      0.002      0.237      0.813
    COGPGSBW           0.000      0.017      0.010      0.992

 Intercepts
    TRLBTS            48.859      0.420    116.195      0.000

 Variances
    CANEVRBW           0.024      0.004      6.520      0.000
    ALCEVRBW           0.002      0.001      1.954      0.051
    COGPGSBW           0.115      0.009     12.863      0.000

 Residual Variances
    TRLBTS            15.698      6.521      2.407      0.016


STANDARDIZED MODEL RESULTS


STDYX Standardization

                                                    Two-Tailed
                    Estimate       S.E.  Est./S.E.    P-Value

Within Level

 TRLBTS     ON
    CANEVR            -0.087      0.042     -2.037      0.042
    DEMMAL            -0.033      0.040     -0.827      0.408
    DEMAGE            -0.005      0.047     -0.115      0.909
    COGPGS            -0.016      0.044     -0.363      0.717
    ALCEVR             0.019      0.051      0.370      0.712

 CANEVR   WITH
    DEMMAL             0.103      0.039      2.638      0.008
    DEMAGE            -0.171      0.031     -5.593      0.000
    COGPGS            -0.017      0.066     -0.256      0.798
    ALCEVR             0.235      0.086      2.751      0.006

 ALCEVR   WITH
    DEMMAL            -0.049      0.043     -1.127      0.260
    DEMAGE            -0.070      0.033     -2.116      0.034
    COGPGS            -0.007      0.009     -0.735      0.463

 Means
    DEMAGE             0.000      0.040      0.000      1.000
    DEMMAL             0.000      0.038      0.000      1.000
    CANEVR             0.000      0.000      0.001      0.999
    ALCEVR             0.000      0.000    999.000    999.000
    COGPGS             0.001      0.003      0.422      0.673

 Variances
    DEMAGE             1.000      0.000    999.000    999.000
    DEMMAL             1.000      0.000    999.000    999.000
    CANEVR             1.000      0.000    999.000    999.000
    ALCEVR             1.000      0.000    999.000    999.000
    COGPGS             1.000      0.000    999.000    999.000

 Residual Variances
    TRLBTS             0.991      0.008    125.828      0.000

Between Level

 TRLBTS     ON
    CANEVRBW           0.200      0.094      2.126      0.033
    COGPGSBW           0.086      0.123      0.703      0.482
    ALCEVRBW           0.115      0.056      2.055      0.040
    PC1BW             -0.076      0.087     -0.871      0.383
    PC2BW             -0.217      0.104     -2.084      0.037
    PC3BW              0.012      0.025      0.485      0.628
    PC4BW             -0.026      0.065     -0.407      0.684
    PC5BW              0.028      0.023      1.196      0.232

 CANEVRBW WITH
    COGPGSBW          -0.009      0.041     -0.232      0.817
    ALCEVRBW           0.179      0.083      2.159      0.031

 ALCEVRBW WITH
    COGPGSBW           0.044      0.047      0.934      0.350

 Means
    CANEVRBW           0.052      0.054      0.959      0.338
    ALCEVRBW           0.012      0.053      0.223      0.823
    COGPGSBW           0.001      0.050      0.010      0.992

 Intercepts
    TRLBTS            11.545      2.099      5.500      0.000

 Variances
    CANEVRBW           1.000      0.000    999.000    999.000
    ALCEVRBW           1.000      0.000    999.000    999.000
    COGPGSBW           1.000      0.000    999.000    999.000

 Residual Variances
    TRLBTS             0.876      0.076     11.545      0.000


R-SQUARE

Within Level

    Observed                                        Two-Tailed
    Variable        Estimate       S.E.  Est./S.E.    P-Value

    TRLBTS             0.009      0.008      1.130      0.258

Between Level

    Observed                                        Two-Tailed
    Variable        Estimate       S.E.  Est./S.E.    P-Value

    TRLBTS             0.124      0.076      1.627      0.104


QUALITY OF NUMERICAL RESULTS

     Condition Number for the Information Matrix             -0.132E-17
       (ratio of smallest to largest eigenvalue)


CONFIDENCE INTERVALS OF MODEL RESULTS

                  Lower .5%  Lower 2.5%    Lower 5%    Estimate    Upper 5%  Upper 2.5%   Upper .5%

Within Level

 TRLBTS   ON
    CANEVR         -10.819      -9.382      -8.647      -4.810      -0.972      -0.237       1.199
    DEMMAL          -2.695      -2.207      -1.957      -0.653       0.651       0.901       1.389
    DEMAGE          -0.426      -0.328      -0.279      -0.018       0.242       0.292       0.390
    COGPGS          -8.773      -6.936      -5.996      -1.089       3.819       4.758       6.595
    ALCEVR         -20.291     -14.618     -11.716       3.438      18.592      21.494      27.167

 CANEVR   WITH
    DEMMAL           0.000       0.002       0.003       0.009       0.014       0.015       0.017
    DEMAGE          -0.134      -0.122      -0.116      -0.085      -0.054      -0.048      -0.036
    COGPGS          -0.005      -0.004      -0.003       0.000       0.002       0.003       0.004
    ALCEVR          -0.001       0.000       0.000       0.002       0.004       0.005       0.005

 ALCEVR   WITH
    DEMMAL          -0.004      -0.004      -0.003      -0.001       0.001       0.001       0.002
    DEMAGE          -0.029      -0.024      -0.022      -0.011       0.001       0.003       0.007
    COGPGS           0.000       0.000       0.000       0.000       0.000       0.000       0.000

 Means
    DEMAGE          -0.296      -0.225      -0.189       0.000       0.189       0.225       0.296
    DEMMAL          -0.048      -0.036      -0.031       0.000       0.031       0.036       0.048
    CANEVR           0.000       0.000       0.000       0.000       0.000       0.000       0.000
    ALCEVR           0.000       0.000       0.000       0.000       0.000       0.000       0.000
    COGPGS          -0.001      -0.001       0.000       0.000       0.001       0.001       0.001

 Variances
    DEMAGE           6.731       7.099       7.288       8.271       9.255       9.443       9.811
    DEMMAL           0.225       0.227       0.229       0.236       0.243       0.245       0.247
    CANEVR           0.019       0.022       0.023       0.030       0.037       0.039       0.041
    ALCEVR          -0.001       0.000       0.000       0.003       0.005       0.006       0.006
    COGPGS           0.015       0.016       0.017       0.020       0.024       0.025       0.026

 Residual Variances
    TRLBTS          71.127      76.203      78.799      92.359     105.919     108.516     113.592

Between Level

 TRLBTS   ON
    CANEVRBW        -1.488       0.166       1.011       5.427       9.843      10.689      12.342
    COGPGSBW        -2.739      -1.826      -1.360       1.077       3.513       3.980       4.892
    ALCEVRBW         0.867       3.158       4.329      10.448      16.567      17.739      20.029
    PC1BW          -34.533     -28.369     -25.216      -8.749       7.717      10.871      17.035
    PC2BW          -54.038     -47.180     -43.672     -25.352      -7.032      -3.524       3.334
    PC3BW           -8.178      -5.769      -4.537       1.899       8.335       9.567      11.976
    PC4BW          -26.129     -20.734     -17.974      -3.563      10.848      13.608      19.003
    PC5BW           -4.263      -2.283      -1.270       4.019       9.308      10.321      12.301

 CANEVRBW WITH
    COGPGSBW        -0.006      -0.005      -0.004       0.000       0.003       0.004       0.005
    ALCEVRBW        -0.001       0.000       0.000       0.001       0.003       0.003       0.003

 ALCEVRBW WITH
    COGPGSBW        -0.001      -0.001      -0.001       0.001       0.002       0.002       0.003

 Means
    CANEVRBW        -0.012      -0.007      -0.005       0.008       0.021       0.024       0.028
    ALCEVRBW        -0.005      -0.004      -0.003       0.001       0.004       0.005       0.007
    COGPGSBW        -0.044      -0.033      -0.028       0.000       0.028       0.034       0.044

 Intercepts
    TRLBTS          47.776      48.035      48.168      48.859      49.551      49.684      49.943

 Variances
    CANEVRBW         0.015       0.017       0.018       0.024       0.031       0.032       0.034
    ALCEVRBW        -0.001       0.000       0.000       0.002       0.004       0.004       0.005
    COGPGSBW         0.092       0.097       0.100       0.115       0.130       0.133       0.138

 Residual Variances
    TRLBTS          -1.099       2.917       4.971      15.698      26.425      28.479      32.495


CONFIDENCE INTERVALS OF STANDARDIZED MODEL RESULTS


STDYX Standardization

                  Lower .5%  Lower 2.5%    Lower 5%    Estimate    Upper 5%  Upper 2.5%   Upper .5%

Within Level

 TRLBTS   ON
    CANEVR          -0.196      -0.170      -0.156      -0.087      -0.017      -0.003       0.023
    DEMMAL          -0.135      -0.111      -0.098      -0.033       0.033       0.045       0.070
    DEMAGE          -0.127      -0.098      -0.083      -0.005       0.072       0.087       0.116
    COGPGS          -0.131      -0.103      -0.089      -0.016       0.057       0.071       0.098
    ALCEVR          -0.113      -0.081      -0.065       0.019       0.103       0.119       0.151

 CANEVR   WITH
    DEMMAL           0.002       0.026       0.039       0.103       0.167       0.179       0.203
    DEMAGE          -0.249      -0.230      -0.221      -0.171      -0.120      -0.111      -0.092
    COGPGS          -0.186      -0.145      -0.125      -0.017       0.091       0.112       0.152
    ALCEVR           0.015       0.068       0.095       0.235       0.376       0.403       0.456

 ALCEVR   WITH
    DEMMAL          -0.161      -0.134      -0.120      -0.049       0.022       0.036       0.063
    DEMAGE          -0.155      -0.135      -0.124      -0.070      -0.016      -0.005       0.015
    COGPGS          -0.031      -0.026      -0.023      -0.007       0.009       0.012       0.017

 Means
    DEMAGE          -0.103      -0.078      -0.066       0.000       0.066       0.078       0.103
    DEMMAL          -0.098      -0.075      -0.063       0.000       0.063       0.075       0.098
    CANEVR           0.000       0.000       0.000       0.000       0.000       0.000       0.000
    ALCEVR           0.000       0.000       0.000       0.000       0.000       0.000       0.000
    COGPGS          -0.005      -0.004      -0.003       0.001       0.005       0.006       0.008

 Variances
    DEMAGE           1.000       1.000       1.000       1.000       1.000       1.000       1.000
    DEMMAL           1.000       1.000       1.000       1.000       1.000       1.000       1.000
    CANEVR           1.000       1.000       1.000       1.000       1.000       1.000       1.000
    ALCEVR           1.000       1.000       1.000       1.000       1.000       1.000       1.000
    COGPGS           1.000       1.000       1.000       1.000       1.000       1.000       1.000

 Residual Variances
    TRLBTS           0.971       0.976       0.978       0.991       1.004       1.007       1.011

Between Level

 TRLBTS   ON
    CANEVRBW        -0.042       0.016       0.045       0.200       0.355       0.385       0.443
    COGPGSBW        -0.230      -0.154      -0.116       0.086       0.288       0.327       0.402
    ALCEVRBW        -0.029       0.005       0.023       0.115       0.207       0.224       0.259
    PC1BW           -0.299      -0.246      -0.218      -0.076       0.067       0.094       0.148
    PC2BW           -0.484      -0.420      -0.388      -0.217      -0.046      -0.013       0.051
    PC3BW           -0.051      -0.036      -0.028       0.012       0.052       0.060       0.075
    PC4BW           -0.193      -0.153      -0.133      -0.026       0.080       0.101       0.141
    PC5BW           -0.032      -0.018      -0.010       0.028       0.066       0.074       0.088

 CANEVRBW WITH
    COGPGSBW        -0.114      -0.089      -0.076      -0.009       0.057       0.070       0.095
    ALCEVRBW        -0.035       0.017       0.043       0.179       0.316       0.342       0.393

 ALCEVRBW WITH
    COGPGSBW        -0.077      -0.048      -0.033       0.044       0.121       0.136       0.165

 Means
    CANEVRBW        -0.087      -0.054      -0.037       0.052       0.141       0.158       0.191
    ALCEVRBW        -0.126      -0.093      -0.076       0.012       0.100       0.117       0.150
    COGPGSBW        -0.129      -0.098      -0.082       0.001       0.083       0.099       0.130

 Intercepts
    TRLBTS           6.138       7.431       8.092      11.545      14.998      15.659      16.952

 Variances
    CANEVRBW         1.000       1.000       1.000       1.000       1.000       1.000       1.000
    ALCEVRBW         1.000       1.000       1.000       1.000       1.000       1.000       1.000
    COGPGSBW         1.000       1.000       1.000       1.000       1.000       1.000       1.000

 Residual Variances
    TRLBTS           0.681       0.728       0.752       0.876       1.001       1.025       1.072


TECHNICAL 1 OUTPUT


     PARAMETER SPECIFICATION FOR WITHIN


           NU
              CANEVRBW      ALCEVRBW      COGPGSBW      TRLBTS        DEMAGE
              ________      ________      ________      ________      ________
 1                  0             0             0             0             0


           NU
              DEMMAL        CANEVR        ALCEVR        COGPGS        PC1BW
              ________      ________      ________      ________      ________
 1                  0             0             0             0             0


           NU
              PC2BW         PC3BW         PC4BW         PC5BW
              ________      ________      ________      ________
 1                  0             0             0             0


           LAMBDA
              CANEVRBW      ALCEVRBW      COGPGSBW      TRLBTS        DEMAGE
              ________      ________      ________      ________      ________
 CANEVRBW           0             0             0             0             0
 ALCEVRBW           0             0             0             0             0
 COGPGSBW           0             0             0             0             0
 TRLBTS             0             0             0             0             0
 DEMAGE             0             0             0             0             0
 DEMMAL             0             0             0             0             0
 CANEVR             0             0             0             0             0
 ALCEVR             0             0             0             0             0
 COGPGS             0             0             0             0             0
 PC1BW              0             0             0             0             0
 PC2BW              0             0             0             0             0
 PC3BW              0             0             0             0             0
 PC4BW              0             0             0             0             0
 PC5BW              0             0             0             0             0


           LAMBDA
              DEMMAL        CANEVR        ALCEVR        COGPGS        PC1BW
              ________      ________      ________      ________      ________
 CANEVRBW           0             0             0             0             0
 ALCEVRBW           0             0             0             0             0
 COGPGSBW           0             0             0             0             0
 TRLBTS             0             0             0             0             0
 DEMAGE             0             0             0             0             0
 DEMMAL             0             0             0             0             0
 CANEVR             0             0             0             0             0
 ALCEVR             0             0             0             0             0
 COGPGS             0             0             0             0             0
 PC1BW              0             0             0             0             0
 PC2BW              0             0             0             0             0
 PC3BW              0             0             0             0             0
 PC4BW              0             0             0             0             0
 PC5BW              0             0             0             0             0


           LAMBDA
              PC2BW         PC3BW         PC4BW         PC5BW
              ________      ________      ________      ________
 CANEVRBW           0             0             0             0
 ALCEVRBW           0             0             0             0
 COGPGSBW           0             0             0             0
 TRLBTS             0             0             0             0
 DEMAGE             0             0             0             0
 DEMMAL             0             0             0             0
 CANEVR             0             0             0             0
 ALCEVR             0             0             0             0
 COGPGS             0             0             0             0
 PC1BW              0             0             0             0
 PC2BW              0             0             0             0
 PC3BW              0             0             0             0
 PC4BW              0             0             0             0
 PC5BW              0             0             0             0


           THETA
              CANEVRBW      ALCEVRBW      COGPGSBW      TRLBTS        DEMAGE
              ________      ________      ________      ________      ________
 CANEVRBW           0
 ALCEVRBW           0             0
 COGPGSBW           0             0             0
 TRLBTS             0             0             0             0
 DEMAGE             0             0             0             0             0
 DEMMAL             0             0             0             0             0
 CANEVR             0             0             0             0             0
 ALCEVR             0             0             0             0             0
 COGPGS             0             0             0             0             0
 PC1BW              0             0             0             0             0
 PC2BW              0             0             0             0             0
 PC3BW              0             0             0             0             0
 PC4BW              0             0             0             0             0
 PC5BW              0             0             0             0             0


           THETA
              DEMMAL        CANEVR        ALCEVR        COGPGS        PC1BW
              ________      ________      ________      ________      ________
 DEMMAL             0
 CANEVR             0             0
 ALCEVR             0             0             0
 COGPGS             0             0             0             0
 PC1BW              0             0             0             0             0
 PC2BW              0             0             0             0             0
 PC3BW              0             0             0             0             0
 PC4BW              0             0             0             0             0
 PC5BW              0             0             0             0             0


           THETA
              PC2BW         PC3BW         PC4BW         PC5BW
              ________      ________      ________      ________
 PC2BW              0
 PC3BW              0             0
 PC4BW              0             0             0
 PC5BW              0             0             0             0


           ALPHA
              CANEVRBW      ALCEVRBW      COGPGSBW      TRLBTS        DEMAGE
              ________      ________      ________      ________      ________
 1                  0             0             0             0             1


           ALPHA
              DEMMAL        CANEVR        ALCEVR        COGPGS        PC1BW
              ________      ________      ________      ________      ________
 1                  2             3             4             5             0


           ALPHA
              PC2BW         PC3BW         PC4BW         PC5BW
              ________      ________      ________      ________
 1                  0             0             0             0


           BETA
              CANEVRBW      ALCEVRBW      COGPGSBW      TRLBTS        DEMAGE
              ________      ________      ________      ________      ________
 CANEVRBW           0             0             0             0             0
 ALCEVRBW           0             0             0             0             0
 COGPGSBW           0             0             0             0             0
 TRLBTS             0             0             0             0             6
 DEMAGE             0             0             0             0             0
 DEMMAL             0             0             0             0             0
 CANEVR             0             0             0             0             0
 ALCEVR             0             0             0             0             0
 COGPGS             0             0             0             0             0
 PC1BW              0             0             0             0             0
 PC2BW              0             0             0             0             0
 PC3BW              0             0             0             0             0
 PC4BW              0             0             0             0             0
 PC5BW              0             0             0             0             0


           BETA
              DEMMAL        CANEVR        ALCEVR        COGPGS        PC1BW
              ________      ________      ________      ________      ________
 CANEVRBW           0             0             0             0             0
 ALCEVRBW           0             0             0             0             0
 COGPGSBW           0             0             0             0             0
 TRLBTS             7             8             9            10             0
 DEMAGE             0             0             0             0             0
 DEMMAL             0             0             0             0             0
 CANEVR             0             0             0             0             0
 ALCEVR             0             0             0             0             0
 COGPGS             0             0             0             0             0
 PC1BW              0             0             0             0             0
 PC2BW              0             0             0             0             0
 PC3BW              0             0             0             0             0
 PC4BW              0             0             0             0             0
 PC5BW              0             0             0             0             0


           BETA
              PC2BW         PC3BW         PC4BW         PC5BW
              ________      ________      ________      ________
 CANEVRBW           0             0             0             0
 ALCEVRBW           0             0             0             0
 COGPGSBW           0             0             0             0
 TRLBTS             0             0             0             0
 DEMAGE             0             0             0             0
 DEMMAL             0             0             0             0
 CANEVR             0             0             0             0
 ALCEVR             0             0             0             0
 COGPGS             0             0             0             0
 PC1BW              0             0             0             0
 PC2BW              0             0             0             0
 PC3BW              0             0             0             0
 PC4BW              0             0             0             0
 PC5BW              0             0             0             0


           PSI
              CANEVRBW      ALCEVRBW      COGPGSBW      TRLBTS        DEMAGE
              ________      ________      ________      ________      ________
 CANEVRBW           0
 ALCEVRBW           0             0
 COGPGSBW           0             0             0
 TRLBTS             0             0             0            11
 DEMAGE             0             0             0             0            12
 DEMMAL             0             0             0             0             0
 CANEVR             0             0             0             0            14
 ALCEVR             0             0             0             0            17
 COGPGS             0             0             0             0             0
 PC1BW              0             0             0             0             0
 PC2BW              0             0             0             0             0
 PC3BW              0             0             0             0             0
 PC4BW              0             0             0             0             0
 PC5BW              0             0             0             0             0


           PSI
              DEMMAL        CANEVR        ALCEVR        COGPGS        PC1BW
              ________      ________      ________      ________      ________
 DEMMAL            13
 CANEVR            15            16
 ALCEVR            18            19            20
 COGPGS             0            21            22            23
 PC1BW              0             0             0             0             0
 PC2BW              0             0             0             0             0
 PC3BW              0             0             0             0             0
 PC4BW              0             0             0             0             0
 PC5BW              0             0             0             0             0


           PSI
              PC2BW         PC3BW         PC4BW         PC5BW
              ________      ________      ________      ________
 PC2BW              0
 PC3BW              0             0
 PC4BW              0             0             0
 PC5BW              0             0             0             0


     PARAMETER SPECIFICATION FOR BETWEEN


           NU
              CANEVRBW      ALCEVRBW      COGPGSBW      TRLBTS        DEMAGE
              ________      ________      ________      ________      ________
 1                  0             0             0             0             0


           NU
              DEMMAL        CANEVR        ALCEVR        COGPGS        PC1BW
              ________      ________      ________      ________      ________
 1                  0             0             0             0             0


           NU
              PC2BW         PC3BW         PC4BW         PC5BW
              ________      ________      ________      ________
 1                  0             0             0             0


           LAMBDA
              CANEVRBW      ALCEVRBW      COGPGSBW      TRLBTS        DEMAGE
              ________      ________      ________      ________      ________
 CANEVRBW           0             0             0             0             0
 ALCEVRBW           0             0             0             0             0
 COGPGSBW           0             0             0             0             0
 TRLBTS             0             0             0             0             0
 DEMAGE             0             0             0             0             0
 DEMMAL             0             0             0             0             0
 CANEVR             0             0             0             0             0
 ALCEVR             0             0             0             0             0
 COGPGS             0             0             0             0             0
 PC1BW              0             0             0             0             0
 PC2BW              0             0             0             0             0
 PC3BW              0             0             0             0             0
 PC4BW              0             0             0             0             0
 PC5BW              0             0             0             0             0


           LAMBDA
              DEMMAL        CANEVR        ALCEVR        COGPGS        PC1BW
              ________      ________      ________      ________      ________
 CANEVRBW           0             0             0             0             0
 ALCEVRBW           0             0             0             0             0
 COGPGSBW           0             0             0             0             0
 TRLBTS             0             0             0             0             0
 DEMAGE             0             0             0             0             0
 DEMMAL             0             0             0             0             0
 CANEVR             0             0             0             0             0
 ALCEVR             0             0             0             0             0
 COGPGS             0             0             0             0             0
 PC1BW              0             0             0             0             0
 PC2BW              0             0             0             0             0
 PC3BW              0             0             0             0             0
 PC4BW              0             0             0             0             0
 PC5BW              0             0             0             0             0


           LAMBDA
              PC2BW         PC3BW         PC4BW         PC5BW
              ________      ________      ________      ________
 CANEVRBW           0             0             0             0
 ALCEVRBW           0             0             0             0
 COGPGSBW           0             0             0             0
 TRLBTS             0             0             0             0
 DEMAGE             0             0             0             0
 DEMMAL             0             0             0             0
 CANEVR             0             0             0             0
 ALCEVR             0             0             0             0
 COGPGS             0             0             0             0
 PC1BW              0             0             0             0
 PC2BW              0             0             0             0
 PC3BW              0             0             0             0
 PC4BW              0             0             0             0
 PC5BW              0             0             0             0


           THETA
              CANEVRBW      ALCEVRBW      COGPGSBW      TRLBTS        DEMAGE
              ________      ________      ________      ________      ________
 CANEVRBW           0
 ALCEVRBW           0             0
 COGPGSBW           0             0             0
 TRLBTS             0             0             0             0
 DEMAGE             0             0             0             0             0
 DEMMAL             0             0             0             0             0
 CANEVR             0             0             0             0             0
 ALCEVR             0             0             0             0             0
 COGPGS             0             0             0             0             0
 PC1BW              0             0             0             0             0
 PC2BW              0             0             0             0             0
 PC3BW              0             0             0             0             0
 PC4BW              0             0             0             0             0
 PC5BW              0             0             0             0             0


           THETA
              DEMMAL        CANEVR        ALCEVR        COGPGS        PC1BW
              ________      ________      ________      ________      ________
 DEMMAL             0
 CANEVR             0             0
 ALCEVR             0             0             0
 COGPGS             0             0             0             0
 PC1BW              0             0             0             0             0
 PC2BW              0             0             0             0             0
 PC3BW              0             0             0             0             0
 PC4BW              0             0             0             0             0
 PC5BW              0             0             0             0             0


           THETA
              PC2BW         PC3BW         PC4BW         PC5BW
              ________      ________      ________      ________
 PC2BW              0
 PC3BW              0             0
 PC4BW              0             0             0
 PC5BW              0             0             0             0


           ALPHA
              CANEVRBW      ALCEVRBW      COGPGSBW      TRLBTS        DEMAGE
              ________      ________      ________      ________      ________
 1                 24            25            26            27             0


           ALPHA
              DEMMAL        CANEVR        ALCEVR        COGPGS        PC1BW
              ________      ________      ________      ________      ________
 1                  0             0             0             0             0


           ALPHA
              PC2BW         PC3BW         PC4BW         PC5BW
              ________      ________      ________      ________
 1                  0             0             0             0


           BETA
              CANEVRBW      ALCEVRBW      COGPGSBW      TRLBTS        DEMAGE
              ________      ________      ________      ________      ________
 CANEVRBW           0             0             0             0             0
 ALCEVRBW           0             0             0             0             0
 COGPGSBW           0             0             0             0             0
 TRLBTS            28            29            30             0             0
 DEMAGE             0             0             0             0             0
 DEMMAL             0             0             0             0             0
 CANEVR             0             0             0             0             0
 ALCEVR             0             0             0             0             0
 COGPGS             0             0             0             0             0
 PC1BW              0             0             0             0             0
 PC2BW              0             0             0             0             0
 PC3BW              0             0             0             0             0
 PC4BW              0             0             0             0             0
 PC5BW              0             0             0             0             0


           BETA
              DEMMAL        CANEVR        ALCEVR        COGPGS        PC1BW
              ________      ________      ________      ________      ________
 CANEVRBW           0             0             0             0             0
 ALCEVRBW           0             0             0             0             0
 COGPGSBW           0             0             0             0             0
 TRLBTS             0             0             0             0            31
 DEMAGE             0             0             0             0             0
 DEMMAL             0             0             0             0             0
 CANEVR             0             0             0             0             0
 ALCEVR             0             0             0             0             0
 COGPGS             0             0             0             0             0
 PC1BW              0             0             0             0             0
 PC2BW              0             0             0             0             0
 PC3BW              0             0             0             0             0
 PC4BW              0             0             0             0             0
 PC5BW              0             0             0             0             0


           BETA
              PC2BW         PC3BW         PC4BW         PC5BW
              ________      ________      ________      ________
 CANEVRBW           0             0             0             0
 ALCEVRBW           0             0             0             0
 COGPGSBW           0             0             0             0
 TRLBTS            32            33            34            35
 DEMAGE             0             0             0             0
 DEMMAL             0             0             0             0
 CANEVR             0             0             0             0
 ALCEVR             0             0             0             0
 COGPGS             0             0             0             0
 PC1BW              0             0             0             0
 PC2BW              0             0             0             0
 PC3BW              0             0             0             0
 PC4BW              0             0             0             0
 PC5BW              0             0             0             0


           PSI
              CANEVRBW      ALCEVRBW      COGPGSBW      TRLBTS        DEMAGE
              ________      ________      ________      ________      ________
 CANEVRBW          36
 ALCEVRBW          37            38
 COGPGSBW          39            40            41
 TRLBTS             0             0             0            42
 DEMAGE             0             0             0             0             0
 DEMMAL             0             0             0             0             0
 CANEVR             0             0             0             0             0
 ALCEVR             0             0             0             0             0
 COGPGS             0             0             0             0             0
 PC1BW              0             0             0             0             0
 PC2BW              0             0             0             0             0
 PC3BW              0             0             0             0             0
 PC4BW              0             0             0             0             0
 PC5BW              0             0             0             0             0


           PSI
              DEMMAL        CANEVR        ALCEVR        COGPGS        PC1BW
              ________      ________      ________      ________      ________
 DEMMAL             0
 CANEVR             0             0
 ALCEVR             0             0             0
 COGPGS             0             0             0             0
 PC1BW              0             0             0             0             0
 PC2BW              0             0             0             0             0
 PC3BW              0             0             0             0             0
 PC4BW              0             0             0             0             0
 PC5BW              0             0             0             0             0


           PSI
              PC2BW         PC3BW         PC4BW         PC5BW
              ________      ________      ________      ________
 PC2BW              0
 PC3BW              0             0
 PC4BW              0             0             0
 PC5BW              0             0             0             0


     STARTING VALUES FOR WITHIN


           NU
              CANEVRBW      ALCEVRBW      COGPGSBW      TRLBTS        DEMAGE
              ________      ________      ________      ________      ________
 1              0.000         0.000         0.000         0.000         0.000


           NU
              DEMMAL        CANEVR        ALCEVR        COGPGS        PC1BW
              ________      ________      ________      ________      ________
 1              0.000         0.000         0.000         0.000         0.000


           NU
              PC2BW         PC3BW         PC4BW         PC5BW
              ________      ________      ________      ________
 1              0.000         0.000         0.000         0.000


           LAMBDA
              CANEVRBW      ALCEVRBW      COGPGSBW      TRLBTS        DEMAGE
              ________      ________      ________      ________      ________
 CANEVRBW       1.000         0.000         0.000         0.000         0.000
 ALCEVRBW       0.000         1.000         0.000         0.000         0.000
 COGPGSBW       0.000         0.000         1.000         0.000         0.000
 TRLBTS         0.000         0.000         0.000         1.000         0.000
 DEMAGE         0.000         0.000         0.000         0.000         1.000
 DEMMAL         0.000         0.000         0.000         0.000         0.000
 CANEVR         0.000         0.000         0.000         0.000         0.000
 ALCEVR         0.000         0.000         0.000         0.000         0.000
 COGPGS         0.000         0.000         0.000         0.000         0.000
 PC1BW          0.000         0.000         0.000         0.000         0.000
 PC2BW          0.000         0.000         0.000         0.000         0.000
 PC3BW          0.000         0.000         0.000         0.000         0.000
 PC4BW          0.000         0.000         0.000         0.000         0.000
 PC5BW          0.000         0.000         0.000         0.000         0.000


           LAMBDA
              DEMMAL        CANEVR        ALCEVR        COGPGS        PC1BW
              ________      ________      ________      ________      ________
 CANEVRBW       0.000         0.000         0.000         0.000         0.000
 ALCEVRBW       0.000         0.000         0.000         0.000         0.000
 COGPGSBW       0.000         0.000         0.000         0.000         0.000
 TRLBTS         0.000         0.000         0.000         0.000         0.000
 DEMAGE         0.000         0.000         0.000         0.000         0.000
 DEMMAL         1.000         0.000         0.000         0.000         0.000
 CANEVR         0.000         1.000         0.000         0.000         0.000
 ALCEVR         0.000         0.000         1.000         0.000         0.000
 COGPGS         0.000         0.000         0.000         1.000         0.000
 PC1BW          0.000         0.000         0.000         0.000         1.000
 PC2BW          0.000         0.000         0.000         0.000         0.000
 PC3BW          0.000         0.000         0.000         0.000         0.000
 PC4BW          0.000         0.000         0.000         0.000         0.000
 PC5BW          0.000         0.000         0.000         0.000         0.000


           LAMBDA
              PC2BW         PC3BW         PC4BW         PC5BW
              ________      ________      ________      ________
 CANEVRBW       0.000         0.000         0.000         0.000
 ALCEVRBW       0.000         0.000         0.000         0.000
 COGPGSBW       0.000         0.000         0.000         0.000
 TRLBTS         0.000         0.000         0.000         0.000
 DEMAGE         0.000         0.000         0.000         0.000
 DEMMAL         0.000         0.000         0.000         0.000
 CANEVR         0.000         0.000         0.000         0.000
 ALCEVR         0.000         0.000         0.000         0.000
 COGPGS         0.000         0.000         0.000         0.000
 PC1BW          0.000         0.000         0.000         0.000
 PC2BW          1.000         0.000         0.000         0.000
 PC3BW          0.000         1.000         0.000         0.000
 PC4BW          0.000         0.000         1.000         0.000
 PC5BW          0.000         0.000         0.000         1.000


           THETA
              CANEVRBW      ALCEVRBW      COGPGSBW      TRLBTS        DEMAGE
              ________      ________      ________      ________      ________
 CANEVRBW       0.000
 ALCEVRBW       0.000         0.000
 COGPGSBW       0.000         0.000         0.000
 TRLBTS         0.000         0.000         0.000         0.000
 DEMAGE         0.000         0.000         0.000         0.000         0.000
 DEMMAL         0.000         0.000         0.000         0.000         0.000
 CANEVR         0.000         0.000         0.000         0.000         0.000
 ALCEVR         0.000         0.000         0.000         0.000         0.000
 COGPGS         0.000         0.000         0.000         0.000         0.000
 PC1BW          0.000         0.000         0.000         0.000         0.000
 PC2BW          0.000         0.000         0.000         0.000         0.000
 PC3BW          0.000         0.000         0.000         0.000         0.000
 PC4BW          0.000         0.000         0.000         0.000         0.000
 PC5BW          0.000         0.000         0.000         0.000         0.000


           THETA
              DEMMAL        CANEVR        ALCEVR        COGPGS        PC1BW
              ________      ________      ________      ________      ________
 DEMMAL         0.000
 CANEVR         0.000         0.000
 ALCEVR         0.000         0.000         0.000
 COGPGS         0.000         0.000         0.000         0.000
 PC1BW          0.000         0.000         0.000         0.000         0.000
 PC2BW          0.000         0.000         0.000         0.000         0.000
 PC3BW          0.000         0.000         0.000         0.000         0.000
 PC4BW          0.000         0.000         0.000         0.000         0.000
 PC5BW          0.000         0.000         0.000         0.000         0.000


           THETA
              PC2BW         PC3BW         PC4BW         PC5BW
              ________      ________      ________      ________
 PC2BW          0.000
 PC3BW          0.000         0.000
 PC4BW          0.000         0.000         0.000
 PC5BW          0.000         0.000         0.000         0.000


           ALPHA
              CANEVRBW      ALCEVRBW      COGPGSBW      TRLBTS        DEMAGE
              ________      ________      ________      ________      ________
 1              0.000         0.000         0.000         0.000         0.000


           ALPHA
              DEMMAL        CANEVR        ALCEVR        COGPGS        PC1BW
              ________      ________      ________      ________      ________
 1              0.000         0.000         0.000         0.000         0.000


           ALPHA
              PC2BW         PC3BW         PC4BW         PC5BW
              ________      ________      ________      ________
 1              0.000         0.000         0.000         0.000


           BETA
              CANEVRBW      ALCEVRBW      COGPGSBW      TRLBTS        DEMAGE
              ________      ________      ________      ________      ________
 CANEVRBW       0.000         0.000         0.000         0.000         0.000
 ALCEVRBW       0.000         0.000         0.000         0.000         0.000
 COGPGSBW       0.000         0.000         0.000         0.000         0.000
 TRLBTS         0.000         0.000         0.000         0.000         0.000
 DEMAGE         0.000         0.000         0.000         0.000         0.000
 DEMMAL         0.000         0.000         0.000         0.000         0.000
 CANEVR         0.000         0.000         0.000         0.000         0.000
 ALCEVR         0.000         0.000         0.000         0.000         0.000
 COGPGS         0.000         0.000         0.000         0.000         0.000
 PC1BW          0.000         0.000         0.000         0.000         0.000
 PC2BW          0.000         0.000         0.000         0.000         0.000
 PC3BW          0.000         0.000         0.000         0.000         0.000
 PC4BW          0.000         0.000         0.000         0.000         0.000
 PC5BW          0.000         0.000         0.000         0.000         0.000


           BETA
              DEMMAL        CANEVR        ALCEVR        COGPGS        PC1BW
              ________      ________      ________      ________      ________
 CANEVRBW       0.000         0.000         0.000         0.000         0.000
 ALCEVRBW       0.000         0.000         0.000         0.000         0.000
 COGPGSBW       0.000         0.000         0.000         0.000         0.000
 TRLBTS         0.000         0.000         0.000         0.000         0.000
 DEMAGE         0.000         0.000         0.000         0.000         0.000
 DEMMAL         0.000         0.000         0.000         0.000         0.000
 CANEVR         0.000         0.000         0.000         0.000         0.000
 ALCEVR         0.000         0.000         0.000         0.000         0.000
 COGPGS         0.000         0.000         0.000         0.000         0.000
 PC1BW          0.000         0.000         0.000         0.000         0.000
 PC2BW          0.000         0.000         0.000         0.000         0.000
 PC3BW          0.000         0.000         0.000         0.000         0.000
 PC4BW          0.000         0.000         0.000         0.000         0.000
 PC5BW          0.000         0.000         0.000         0.000         0.000


           BETA
              PC2BW         PC3BW         PC4BW         PC5BW
              ________      ________      ________      ________
 CANEVRBW       0.000         0.000         0.000         0.000
 ALCEVRBW       0.000         0.000         0.000         0.000
 COGPGSBW       0.000         0.000         0.000         0.000
 TRLBTS         0.000         0.000         0.000         0.000
 DEMAGE         0.000         0.000         0.000         0.000
 DEMMAL         0.000         0.000         0.000         0.000
 CANEVR         0.000         0.000         0.000         0.000
 ALCEVR         0.000         0.000         0.000         0.000
 COGPGS         0.000         0.000         0.000         0.000
 PC1BW          0.000         0.000         0.000         0.000
 PC2BW          0.000         0.000         0.000         0.000
 PC3BW          0.000         0.000         0.000         0.000
 PC4BW          0.000         0.000         0.000         0.000
 PC5BW          0.000         0.000         0.000         0.000


           PSI
              CANEVRBW      ALCEVRBW      COGPGSBW      TRLBTS        DEMAGE
              ________      ________      ________      ________      ________
 CANEVRBW       0.000
 ALCEVRBW       0.000         0.000
 COGPGSBW       0.000         0.000         0.000
 TRLBTS         0.000         0.000         0.000        55.737
 DEMAGE         0.000         0.000         0.000         0.000         4.136
 DEMMAL         0.000         0.000         0.000         0.000         0.000
 CANEVR         0.000         0.000         0.000         0.000         0.000
 ALCEVR         0.000         0.000         0.000         0.000         0.000
 COGPGS         0.000         0.000         0.000         0.000         0.000
 PC1BW          0.000         0.000         0.000         0.000         0.000
 PC2BW          0.000         0.000         0.000         0.000         0.000
 PC3BW          0.000         0.000         0.000         0.000         0.000
 PC4BW          0.000         0.000         0.000         0.000         0.000
 PC5BW          0.000         0.000         0.000         0.000         0.000


           PSI
              DEMMAL        CANEVR        ALCEVR        COGPGS        PC1BW
              ________      ________      ________      ________      ________
 DEMMAL         0.118
 CANEVR         0.000         0.015
 ALCEVR         0.000         0.000         0.001
 COGPGS         0.000         0.000         0.000         0.010
 PC1BW          0.000         0.000         0.000         0.000         0.000
 PC2BW          0.000         0.000         0.000         0.000         0.000
 PC3BW          0.000         0.000         0.000         0.000         0.000
 PC4BW          0.000         0.000         0.000         0.000         0.000
 PC5BW          0.000         0.000         0.000         0.000         0.000


           PSI
              PC2BW         PC3BW         PC4BW         PC5BW
              ________      ________      ________      ________
 PC2BW          0.000
 PC3BW          0.000         0.000
 PC4BW          0.000         0.000         0.000
 PC5BW          0.000         0.000         0.000         0.000


     STARTING VALUES FOR BETWEEN


           NU
              CANEVRBW      ALCEVRBW      COGPGSBW      TRLBTS        DEMAGE
              ________      ________      ________      ________      ________
 1              0.000         0.000         0.000         0.000         0.000


           NU
              DEMMAL        CANEVR        ALCEVR        COGPGS        PC1BW
              ________      ________      ________      ________      ________
 1              0.000         0.000         0.000         0.000         0.000


           NU
              PC2BW         PC3BW         PC4BW         PC5BW
              ________      ________      ________      ________
 1              0.000         0.000         0.000         0.000


           LAMBDA
              CANEVRBW      ALCEVRBW      COGPGSBW      TRLBTS        DEMAGE
              ________      ________      ________      ________      ________
 CANEVRBW       1.000         0.000         0.000         0.000         0.000
 ALCEVRBW       0.000         1.000         0.000         0.000         0.000
 COGPGSBW       0.000         0.000         1.000         0.000         0.000
 TRLBTS         0.000         0.000         0.000         1.000         0.000
 DEMAGE         0.000         0.000         0.000         0.000         1.000
 DEMMAL         0.000         0.000         0.000         0.000         0.000
 CANEVR         0.000         0.000         0.000         0.000         0.000
 ALCEVR         0.000         0.000         0.000         0.000         0.000
 COGPGS         0.000         0.000         0.000         0.000         0.000
 PC1BW          0.000         0.000         0.000         0.000         0.000
 PC2BW          0.000         0.000         0.000         0.000         0.000
 PC3BW          0.000         0.000         0.000         0.000         0.000
 PC4BW          0.000         0.000         0.000         0.000         0.000
 PC5BW          0.000         0.000         0.000         0.000         0.000


           LAMBDA
              DEMMAL        CANEVR        ALCEVR        COGPGS        PC1BW
              ________      ________      ________      ________      ________
 CANEVRBW       0.000         0.000         0.000         0.000         0.000
 ALCEVRBW       0.000         0.000         0.000         0.000         0.000
 COGPGSBW       0.000         0.000         0.000         0.000         0.000
 TRLBTS         0.000         0.000         0.000         0.000         0.000
 DEMAGE         0.000         0.000         0.000         0.000         0.000
 DEMMAL         1.000         0.000         0.000         0.000         0.000
 CANEVR         0.000         1.000         0.000         0.000         0.000
 ALCEVR         0.000         0.000         1.000         0.000         0.000
 COGPGS         0.000         0.000         0.000         1.000         0.000
 PC1BW          0.000         0.000         0.000         0.000         1.000
 PC2BW          0.000         0.000         0.000         0.000         0.000
 PC3BW          0.000         0.000         0.000         0.000         0.000
 PC4BW          0.000         0.000         0.000         0.000         0.000
 PC5BW          0.000         0.000         0.000         0.000         0.000


           LAMBDA
              PC2BW         PC3BW         PC4BW         PC5BW
              ________      ________      ________      ________
 CANEVRBW       0.000         0.000         0.000         0.000
 ALCEVRBW       0.000         0.000         0.000         0.000
 COGPGSBW       0.000         0.000         0.000         0.000
 TRLBTS         0.000         0.000         0.000         0.000
 DEMAGE         0.000         0.000         0.000         0.000
 DEMMAL         0.000         0.000         0.000         0.000
 CANEVR         0.000         0.000         0.000         0.000
 ALCEVR         0.000         0.000         0.000         0.000
 COGPGS         0.000         0.000         0.000         0.000
 PC1BW          0.000         0.000         0.000         0.000
 PC2BW          1.000         0.000         0.000         0.000
 PC3BW          0.000         1.000         0.000         0.000
 PC4BW          0.000         0.000         1.000         0.000
 PC5BW          0.000         0.000         0.000         1.000


           THETA
              CANEVRBW      ALCEVRBW      COGPGSBW      TRLBTS        DEMAGE
              ________      ________      ________      ________      ________
 CANEVRBW       0.000
 ALCEVRBW       0.000         0.000
 COGPGSBW       0.000         0.000         0.000
 TRLBTS         0.000         0.000         0.000         0.000
 DEMAGE         0.000         0.000         0.000         0.000         0.000
 DEMMAL         0.000         0.000         0.000         0.000         0.000
 CANEVR         0.000         0.000         0.000         0.000         0.000
 ALCEVR         0.000         0.000         0.000         0.000         0.000
 COGPGS         0.000         0.000         0.000         0.000         0.000
 PC1BW          0.000         0.000         0.000         0.000         0.000
 PC2BW          0.000         0.000         0.000         0.000         0.000
 PC3BW          0.000         0.000         0.000         0.000         0.000
 PC4BW          0.000         0.000         0.000         0.000         0.000
 PC5BW          0.000         0.000         0.000         0.000         0.000


           THETA
              DEMMAL        CANEVR        ALCEVR        COGPGS        PC1BW
              ________      ________      ________      ________      ________
 DEMMAL         0.000
 CANEVR         0.000         0.000
 ALCEVR         0.000         0.000         0.000
 COGPGS         0.000         0.000         0.000         0.000
 PC1BW          0.000         0.000         0.000         0.000         0.000
 PC2BW          0.000         0.000         0.000         0.000         0.000
 PC3BW          0.000         0.000         0.000         0.000         0.000
 PC4BW          0.000         0.000         0.000         0.000         0.000
 PC5BW          0.000         0.000         0.000         0.000         0.000


           THETA
              PC2BW         PC3BW         PC4BW         PC5BW
              ________      ________      ________      ________
 PC2BW          0.000
 PC3BW          0.000         0.000
 PC4BW          0.000         0.000         0.000
 PC5BW          0.000         0.000         0.000         0.000


           ALPHA
              CANEVRBW      ALCEVRBW      COGPGSBW      TRLBTS        DEMAGE
              ________      ________      ________      ________      ________
 1              0.000         0.000         0.000        48.844         0.000


           ALPHA
              DEMMAL        CANEVR        ALCEVR        COGPGS        PC1BW
              ________      ________      ________      ________      ________
 1              0.000         0.000         0.000         0.000         0.000


           ALPHA
              PC2BW         PC3BW         PC4BW         PC5BW
              ________      ________      ________      ________
 1              0.000         0.000         0.000         0.000


           BETA
              CANEVRBW      ALCEVRBW      COGPGSBW      TRLBTS        DEMAGE
              ________      ________      ________      ________      ________
 CANEVRBW       0.000         0.000         0.000         0.000         0.000
 ALCEVRBW       0.000         0.000         0.000         0.000         0.000
 COGPGSBW       0.000         0.000         0.000         0.000         0.000
 TRLBTS         0.000         0.000         0.000         0.000         0.000
 DEMAGE         0.000         0.000         0.000         0.000         0.000
 DEMMAL         0.000         0.000         0.000         0.000         0.000
 CANEVR         0.000         0.000         0.000         0.000         0.000
 ALCEVR         0.000         0.000         0.000         0.000         0.000
 COGPGS         0.000         0.000         0.000         0.000         0.000
 PC1BW          0.000         0.000         0.000         0.000         0.000
 PC2BW          0.000         0.000         0.000         0.000         0.000
 PC3BW          0.000         0.000         0.000         0.000         0.000
 PC4BW          0.000         0.000         0.000         0.000         0.000
 PC5BW          0.000         0.000         0.000         0.000         0.000


           BETA
              DEMMAL        CANEVR        ALCEVR        COGPGS        PC1BW
              ________      ________      ________      ________      ________
 CANEVRBW       0.000         0.000         0.000         0.000         0.000
 ALCEVRBW       0.000         0.000         0.000         0.000         0.000
 COGPGSBW       0.000         0.000         0.000         0.000         0.000
 TRLBTS         0.000         0.000         0.000         0.000         0.000
 DEMAGE         0.000         0.000         0.000         0.000         0.000
 DEMMAL         0.000         0.000         0.000         0.000         0.000
 CANEVR         0.000         0.000         0.000         0.000         0.000
 ALCEVR         0.000         0.000         0.000         0.000         0.000
 COGPGS         0.000         0.000         0.000         0.000         0.000
 PC1BW          0.000         0.000         0.000         0.000         0.000
 PC2BW          0.000         0.000         0.000         0.000         0.000
 PC3BW          0.000         0.000         0.000         0.000         0.000
 PC4BW          0.000         0.000         0.000         0.000         0.000
 PC5BW          0.000         0.000         0.000         0.000         0.000


           BETA
              PC2BW         PC3BW         PC4BW         PC5BW
              ________      ________      ________      ________
 CANEVRBW       0.000         0.000         0.000         0.000
 ALCEVRBW       0.000         0.000         0.000         0.000
 COGPGSBW       0.000         0.000         0.000         0.000
 TRLBTS         0.000         0.000         0.000         0.000
 DEMAGE         0.000         0.000         0.000         0.000
 DEMMAL         0.000         0.000         0.000         0.000
 CANEVR         0.000         0.000         0.000         0.000
 ALCEVR         0.000         0.000         0.000         0.000
 COGPGS         0.000         0.000         0.000         0.000
 PC1BW          0.000         0.000         0.000         0.000
 PC2BW          0.000         0.000         0.000         0.000
 PC3BW          0.000         0.000         0.000         0.000
 PC4BW          0.000         0.000         0.000         0.000
 PC5BW          0.000         0.000         0.000         0.000


           PSI
              CANEVRBW      ALCEVRBW      COGPGSBW      TRLBTS        DEMAGE
              ________      ________      ________      ________      ________
 CANEVRBW       0.014
 ALCEVRBW       0.000         0.001
 COGPGSBW       0.000         0.000         0.055
 TRLBTS         0.000         0.000         0.000        55.737
 DEMAGE         0.000         0.000         0.000         0.000         0.000
 DEMMAL         0.000         0.000         0.000         0.000         0.000
 CANEVR         0.000         0.000         0.000         0.000         0.000
 ALCEVR         0.000         0.000         0.000         0.000         0.000
 COGPGS         0.000         0.000         0.000         0.000         0.000
 PC1BW          0.000         0.000         0.000         0.000         0.000
 PC2BW          0.000         0.000         0.000         0.000         0.000
 PC3BW          0.000         0.000         0.000         0.000         0.000
 PC4BW          0.000         0.000         0.000         0.000         0.000
 PC5BW          0.000         0.000         0.000         0.000         0.000


           PSI
              DEMMAL        CANEVR        ALCEVR        COGPGS        PC1BW
              ________      ________      ________      ________      ________
 DEMMAL         0.000
 CANEVR         0.000         0.000
 ALCEVR         0.000         0.000         0.000
 COGPGS         0.000         0.000         0.000         0.000
 PC1BW          0.000         0.000         0.000         0.000         0.001
 PC2BW          0.000         0.000         0.000         0.000         0.000
 PC3BW          0.000         0.000         0.000         0.000         0.000
 PC4BW          0.000         0.000         0.000         0.000         0.000
 PC5BW          0.000         0.000         0.000         0.000         0.000


           PSI
              PC2BW         PC3BW         PC4BW         PC5BW
              ________      ________      ________      ________
 PC2BW          0.001
 PC3BW          0.000         0.001
 PC4BW          0.000         0.000         0.001
 PC5BW          0.000         0.000         0.000         0.001


SAMPLE STATISTICS FOR ESTIMATED FACTOR SCORES


     SAMPLE STATISTICS


           Means
              B_TRLBTS
              ________
 1             48.870


           Covariances
              B_TRLBTS
              ________
 B_TRLBTS       6.629


           Correlations
              B_TRLBTS
              ________
 B_TRLBTS       1.000


PLOT INFORMATION

The following plots are available:

  Histograms (sample values)
  Scatterplots (sample values)

     Beginning Time:  13:07:37
        Ending Time:  13:07:39
       Elapsed Time:  00:00:02



MUTHEN & MUTHEN
3463 Stoner Ave.
Los Angeles, CA  90066

Tel: (310) 391-9971
Fax: (310) 391-8971
Web: www.StatModel.com
Support: Support@StatModel.com

Copyright (c) 1998-2015 Muthen & Muthen
