Mplus VERSION 7.4 (Mac)
MUTHEN & MUTHEN
07/30/2019   1:06 PM

INPUT INSTRUCTIONS


  TITLE: CANEVR_COGCOM_1;

  DATA:
  	FILE = GD190618.csv;

  VARIABLE:
  	NAMES =
  			ID_Fam   Wave     ID_MPL
  			DEMMAL   DEMAGE   DEMHSP   DEMRAC
  			SRPWCR
  			WASVCB   WASBLK   WASDGT   WSISUM
  			TRLATS   TRLBTS
  			CVLASF   CVLASC   CVLALF   CVLALC
  			WASCOM   COGCOM   CVLCOM
  			CANEVR   CANONS   CANFLF
  			CANFTY   CANF6M   CANAC6
  			CANYRS
  			ALCEVR   ALCONS   ALCFLF
  			ALCFTY   ALCF6M   ALCAC6
  			ALCYRS
  			SRPWCRDt WASVCBDt WASBLKDt
  			WASDGTDt WSISUMDt TRLATSDt
  			TRLBTSDt CVLASFDt CVLASCDt
  			CVLALFDt CVLALCDt WASCOMDt
  			COGCOMDt CVLCOMDt
  			COGPGS
  			PC1 PC2 PC3 PC4 PC5 PC6
  		;
  	USEVARIABLES =
  		! outcome
    			COGCOM
    		! covariates
    			DEMAGE
    			DEMMAL  			
    		! within predictor
    			CANEVR
    			ALCEVR
    			COGPGS
    		! between predictor
    			CANEVRBW
    			ALCEVRBW
    			COGPGSBW
    			PC1BW
    			PC2BW
    			PC3BW
    			PC4BW
    			PC5BW
    		;
    	USEOBSERVATION =
    			(Wave EQ 1 AND COGCOMDt EQ 1)
    		;
    	CLUSTER =
    			ID_Fam
    		;
    	MISSING = .;
    	BETWEEN =   		
    			CANEVRBW
    			ALCEVRBW
    			COGPGSBW
    			PC1BW
    			PC2BW
    			PC3BW
    			PC4BW
    			PC5BW 			
    		;
    	WITHIN  		
    			CANEVR
    			ALCEVR
    			COGPGS
    			DEMAGE
    			DEMMAL
    		;  		

  DEFINE:
  	! CREATE BW FAM PREDICTOR
  		CANEVRBW = cluster_mean (CANEVR);
  		ALCEVRBW = cluster_mean (ALCEVR);
  		COGPGSBW = cluster_mean (COGPGS);
  		PC1BW = cluster_mean (PC1);
  		PC2BW = cluster_mean (PC2);
  		PC3BW = cluster_mean (PC3);
  		PC4BW = cluster_mean (PC4);
  		PC5BW = cluster_mean (PC5);
  	! CENTER WI FAM VARIABLES
  		CENTER CANEVR (GROUPMEAN);
  		CENTER ALCEVR (GROUPMEAN);
  		CENTER COGPGS (GROUPMEAN);
  		CENTER DEMMAL (GRANDMEAN);
  		CENTER DEMAGE (GRANDMEAN);
  	! CENTER BW FAM VARIABLES
  		CENTER CANEVRBW (GRANDMEAN);
  		CENTER ALCEVRBW (GRANDMEAN);
  		CENTER COGPGSBW (GRANDMEAN);
  		CENTER PC1BW (GRANDMEAN);
  		CENTER PC2BW (GRANDMEAN);
  		CENTER PC3BW (GRANDMEAN);
  		CENTER PC4BW (GRANDMEAN);
  		CENTER PC5BW (GRANDMEAN);
  ANALYSIS:
          ITERATIONS = 1000000;
          TYPE = TWOLEVEL RANDOM;
          ALGORITHM = INTEGRATION;

  OUTPUT:
  	SAMPSTAT STDYX TECH1 CINT;

  MODEL:
  %WITHIN%
  	COGCOM on CANEVR;
  	COGCOM on  DEMMAL DEMAGE COGPGS ALCEVR;
  	COGPGS*;
  	ALCEVR*;
  	COGCOM*;
  	CANEVR WITH DEMMAL*;
  	CANEVR WITH DEMAGE*;
  	CANEVR WITH COGPGS*;

  	CANEVR WITH ALCEVR*;
  	
  	ALCEVR WITH DEMMAL*;
  	ALCEVR WITH DEMAGE*;
  	ALCEVR WITH COGPGS*;

  %BETWEEN%
  	COGCOM on CANEVRBW COGPGSBW ALCEVRBW
  			    PC1BW PC2BW PC3BW PC4BW PC5BW;
  	COGPGSBW*;
  	ALCEVRBW;
  	COGCOM*;
  	CANEVRBW WITH COGPGSBW*;
  	CANEVRBW WITH ALCEVRBW*;
  	ALCEVRBW WITH COGPGSBW*;


  PLOT:
  	TYPE = plot3;



*** WARNING
  Data set contains cases with missing on x-variables.
  These cases were not included in the analysis.
  Number of cases with missing on x-variables:  162
   1 WARNING(S) FOUND IN THE INPUT INSTRUCTIONS



CANEVR_COGCOM_1;

SUMMARY OF ANALYSIS

Number of groups                                                 1
Number of observations                                         960

Number of dependent variables                                    1
Number of independent variables                                 13
Number of continuous latent variables                            0

Observed dependent variables

  Continuous
   COGCOM

Observed independent variables
   DEMAGE      DEMMAL      CANEVR      ALCEVR      COGPGS      CANEVRBW
   ALCEVRBW    COGPGSBW    PC1BW       PC2BW       PC3BW       PC4BW
   PC5BW

Variables with special functions

  Cluster variable      ID_FAM

  Within variables
   DEMAGE      DEMMAL      CANEVR      ALCEVR      COGPGS

  Between variables
   CANEVRBW    ALCEVRBW    COGPGSBW    PC1BW       PC2BW       PC3BW
   PC4BW       PC5BW

  Centering (GRANDMEAN)
   DEMMAL      DEMAGE      CANEVRBW
   ALCEVRBW    COGPGSBW    PC1BW       PC2BW       PC3BW       PC4BW
   PC5BW

  Centering (GROUPMEAN)
   CANEVR      ALCEVR      COGPGS


Estimator                                                      MLR
Information matrix                                        OBSERVED
Optimization Specifications for the Quasi-Newton Algorithm for
Continuous Outcomes
  Maximum number of iterations                             1000000
  Convergence criterion                                  0.100D-05
Optimization Specifications for the EM Algorithm
  Maximum number of iterations                                 500
  Convergence criteria
    Loglikelihood change                                 0.100D-02
    Relative loglikelihood change                        0.100D-05
    Derivative                                           0.100D-02
Optimization Specifications for the M step of the EM Algorithm for
Categorical Latent variables
  Number of M step iterations                                    1
  M step convergence criterion                           0.100D-02
  Basis for M step termination                           ITERATION
Optimization Specifications for the M step of the EM Algorithm for
Censored, Binary or Ordered Categorical (Ordinal), Unordered
Categorical (Nominal) and Count Outcomes
  Number of M step iterations                                    1
  M step convergence criterion                           0.100D-02
  Basis for M step termination                           ITERATION
  Maximum value for logit thresholds                            15
  Minimum value for logit thresholds                           -15
  Minimum expected cell size for chi-square              0.100D-01
Maximum number of iterations for H1                           2000
Convergence criterion for H1                             0.100D-03
Optimization algorithm                                         EMA
Integration Specifications
  Type                                                    STANDARD
  Number of integration points                                  15
  Dimensions of numerical integration                            0
  Adaptive quadrature                                           ON
Cholesky                                                       OFF

Input data file(s)
  GD190618.csv
Input data format  FREE


SUMMARY OF DATA

     Number of missing data patterns             9
     Number of clusters                        489



COVARIANCE COVERAGE OF DATA

Minimum covariance coverage value   0.100


     PROPORTION OF DATA PRESENT FOR Y


           Covariance Coverage
              CANEVRBW      ALCEVRBW      COGPGSBW      COGCOM        DEMAGE
              ________      ________      ________      ________      ________
 CANEVRBW       0.998
 ALCEVRBW       0.998         0.998
 COGPGSBW       0.998         0.998         1.000
 COGCOM         0.995         0.995         0.996         0.996
 DEMAGE         0.997         0.997         0.998         0.995         0.998
 DEMMAL         0.998         0.998         0.999         0.996         0.998
 CANEVR         0.996         0.996         0.996         0.993         0.995
 ALCEVR         0.996         0.996         0.996         0.993         0.995
 COGPGS         0.695         0.695         0.697         0.694         0.696
 PC1BW          0.998         0.998         1.000         0.996         0.998
 PC2BW          0.998         0.998         1.000         0.996         0.998
 PC3BW          0.998         0.998         1.000         0.996         0.998
 PC4BW          0.998         0.998         1.000         0.996         0.998
 PC5BW          0.998         0.998         1.000         0.996         0.998


           Covariance Coverage
              DEMMAL        CANEVR        ALCEVR        COGPGS        PC1BW
              ________      ________      ________      ________      ________
 DEMMAL         0.999
 CANEVR         0.996         0.996
 ALCEVR         0.996         0.996         0.996
 COGPGS         0.696         0.694         0.694         0.697
 PC1BW          0.999         0.996         0.996         0.697         1.000
 PC2BW          0.999         0.996         0.996         0.697         1.000
 PC3BW          0.999         0.996         0.996         0.697         1.000
 PC4BW          0.999         0.996         0.996         0.697         1.000
 PC5BW          0.999         0.996         0.996         0.697         1.000


           Covariance Coverage
              PC2BW         PC3BW         PC4BW         PC5BW
              ________      ________      ________      ________
 PC2BW          1.000
 PC3BW          1.000         1.000
 PC4BW          1.000         1.000         1.000
 PC5BW          1.000         1.000         1.000         1.000


SAMPLE STATISTICS


     ESTIMATED SAMPLE STATISTICS


           Means
              CANEVRBW      ALCEVRBW      COGPGSBW      COGCOM        DEMAGE
              ________      ________      ________      ________      ________
 1              0.000         0.000         0.000         0.024         0.000


           Means
              DEMMAL        CANEVR        ALCEVR        COGPGS        PC1BW
              ________      ________      ________      ________      ________
 1              0.000         0.000         0.000        -0.002         0.000


           Means
              PC2BW         PC3BW         PC4BW         PC5BW
              ________      ________      ________      ________
 1              0.000         0.000         0.000         0.000


           Covariances
              CANEVRBW      ALCEVRBW      COGPGSBW      COGCOM        DEMAGE
              ________      ________      ________      ________      ________
 CANEVRBW       0.044
 ALCEVRBW       0.014         0.023
 COGPGSBW       0.002         0.004         0.112
 COGCOM         0.005         0.002         0.022         0.370
 DEMAGE        -0.001         0.038         0.042        -0.169         6.562
 DEMMAL         0.010         0.000         0.003         0.032        -0.200
 CANEVR         0.000         0.000         0.000         0.007        -0.095
 ALCEVR         0.000         0.000         0.000         0.005        -0.013
 COGPGS         0.000         0.000         0.000         0.000        -0.022
 PC1BW         -0.001         0.000        -0.003        -0.004         0.002
 PC2BW         -0.001        -0.001         0.000        -0.004         0.006
 PC3BW          0.000         0.000         0.000         0.001        -0.001
 PC4BW          0.000         0.000         0.001         0.001         0.004
 PC5BW          0.001         0.000        -0.001         0.000         0.000


           Covariances
              DEMMAL        CANEVR        ALCEVR        COGPGS        PC1BW
              ________      ________      ________      ________      ________
 DEMMAL         0.235
 CANEVR         0.014         0.049
 ALCEVR         0.005         0.016         0.024
 COGPGS         0.003        -0.001         0.002         0.018
 PC1BW         -0.001         0.000         0.000         0.000         0.001
 PC2BW         -0.001         0.000         0.000         0.000         0.000
 PC3BW          0.000         0.000         0.000         0.000         0.000
 PC4BW          0.001         0.000         0.000         0.000         0.000
 PC5BW          0.000         0.000         0.000         0.000         0.000


           Covariances
              PC2BW         PC3BW         PC4BW         PC5BW
              ________      ________      ________      ________
 PC2BW          0.001
 PC3BW          0.000         0.001
 PC4BW          0.000         0.000         0.001
 PC5BW          0.000         0.000         0.000         0.001


           Correlations
              CANEVRBW      ALCEVRBW      COGPGSBW      COGCOM        DEMAGE
              ________      ________      ________      ________      ________
 CANEVRBW       1.000
 ALCEVRBW       0.453         1.000
 COGPGSBW       0.023         0.086         1.000
 COGCOM         0.041         0.023         0.108         1.000
 DEMAGE        -0.002         0.098         0.049        -0.108         1.000
 DEMMAL         0.096         0.002         0.016         0.108        -0.161
 CANEVR         0.000         0.000         0.001         0.049        -0.168
 ALCEVR         0.000         0.000         0.000         0.053        -0.032
 COGPGS        -0.013         0.023         0.006        -0.001        -0.062
 PC1BW         -0.069        -0.059        -0.257        -0.195         0.019
 PC2BW         -0.117        -0.112        -0.026        -0.191         0.061
 PC3BW         -0.019        -0.038        -0.002         0.045        -0.011
 PC4BW          0.061         0.077         0.090         0.055         0.043
 PC5BW          0.118        -0.043        -0.048        -0.002         0.003


           Correlations
              DEMMAL        CANEVR        ALCEVR        COGPGS        PC1BW
              ________      ________      ________      ________      ________
 DEMMAL         1.000
 CANEVR         0.131         1.000
 ALCEVR         0.065         0.460         1.000
 COGPGS         0.042        -0.020         0.092         1.000
 PC1BW         -0.046         0.000         0.000        -0.004         1.000
 PC2BW         -0.061         0.000         0.000         0.000        -0.024
 PC3BW          0.017         0.000         0.000         0.001         0.017
 PC4BW          0.046         0.000         0.000         0.000        -0.007
 PC5BW          0.024         0.000         0.000        -0.001         0.025


           Correlations
              PC2BW         PC3BW         PC4BW         PC5BW
              ________      ________      ________      ________
 PC2BW          1.000
 PC3BW          0.032         1.000
 PC4BW          0.001        -0.140         1.000
 PC5BW         -0.004         0.011        -0.013         1.000


     MAXIMUM LOG-LIKELIHOOD VALUE FOR THE UNRESTRICTED (H1) MODEL IS 7257.145


UNIVARIATE SAMPLE STATISTICS


     UNIVARIATE HIGHER-ORDER MOMENT DESCRIPTIVE STATISTICS

         Variable/         Mean/     Skewness/   Minimum/ % with                Percentiles
        Sample Size      Variance    Kurtosis    Maximum  Min/Max      20%/60%    40%/80%    Median

     CANEVRBW              0.011      -2.103      -0.897    1.03%       0.103      0.103      0.103
             487.000       0.042       3.713       0.103   81.52%       0.103      0.103
     ALCEVRBW              0.004      -3.290      -0.950    0.41%       0.050      0.050      0.050
             487.000       0.023      10.701       0.050   90.76%       0.050      0.050
     COGPGSBW             -0.003       0.234      -1.032    0.20%      -0.293     -0.088     -0.015
             489.000       0.119       0.624       1.225    0.20%       0.052      0.279
     COGCOM                0.024      -0.069      -1.942    0.10%      -0.478     -0.141      0.036
             956.000       0.370       0.034       1.901    0.10%       0.198      0.535
     DEMAGE                0.000       1.565      -4.034    0.10%      -1.984     -1.084     -0.554
             958.000       6.562       3.910      15.936    0.10%      -0.024      1.556
     DEMMAL                0.000      -0.510      -0.624   37.64%      -0.624      0.376      0.376
             959.000       0.235      -1.740       0.376   62.36%       0.376      0.376
     CANEVR                0.000      -0.314      -0.750    0.21%       0.000      0.000      0.000
             956.000       0.049       2.736       0.750    0.10%       0.000      0.000
     ALCEVR                0.000      -0.322      -0.667    0.73%       0.000      0.000      0.000
             956.000       0.024       8.130       0.750    0.10%       0.000      0.000
     COGPGS                0.000       0.021      -0.505    0.15%      -0.046      0.000      0.000
             669.000       0.018       2.725       0.604    0.15%       0.000      0.046
     PC1BW                 0.001       2.446      -0.021    0.20%      -0.019     -0.016     -0.013
             489.000       0.001       4.578       0.135    0.20%      -0.009     -0.004
     PC2BW                -0.002       0.926      -0.038    0.20%      -0.032     -0.026     -0.018
             489.000       0.001      -0.200       0.129    0.20%      -0.003      0.035
     PC3BW                 0.000      13.403      -0.118    0.20%      -0.005     -0.002      0.000
             489.000       0.001     266.594       0.454    0.20%       0.001      0.005
     PC4BW                -0.001       5.690      -0.095    0.20%      -0.009     -0.006     -0.005
             489.000       0.001      39.788       0.284    0.20%      -0.004     -0.001
     PC5BW                 0.001     -17.517      -0.544    0.20%      -0.002      0.000      0.001
             489.000       0.001     360.844       0.110    0.20%       0.001      0.004

     THE STANDARD ERRORS OF THE MODEL PARAMETER ESTIMATES MAY NOT BE
     TRUSTWORTHY FOR SOME PARAMETERS DUE TO A NON-POSITIVE DEFINITE
     FIRST-ORDER DERIVATIVE PRODUCT MATRIX.  THIS MAY BE DUE TO THE STARTING
     VALUES BUT MAY ALSO BE AN INDICATION OF MODEL NONIDENTIFICATION.  THE
     CONDITION NUMBER IS      -0.193D-16.  PROBLEM INVOLVING THE FOLLOWING PARAMETER:
     Parameter 20, %WITHIN%: ALCEVR


THE MODEL ESTIMATION TERMINATED NORMALLY



MODEL FIT INFORMATION

Number of Free Parameters                       42

Loglikelihood

          H0 Value                       -2517.712
          H0 Scaling Correction Factor      1.6427
            for MLR

Information Criteria

          Akaike (AIC)                    5119.423
          Bayesian (BIC)                  5323.834
          Sample-Size Adjusted BIC        5190.443
            (n* = (n + 2) / 24)



MODEL RESULTS

                                                    Two-Tailed
                    Estimate       S.E.  Est./S.E.    P-Value

Within Level

 COGCOM     ON
    CANEVR             0.028      0.082      0.341      0.733
    DEMMAL             0.071      0.039      1.804      0.071
    DEMAGE            -0.017      0.007     -2.330      0.020
    COGPGS            -0.060      0.149     -0.405      0.685
    ALCEVR             0.166      0.112      1.484      0.138

 CANEVR   WITH
    DEMMAL             0.011      0.004      3.180      0.001
    DEMAGE            -0.086      0.019     -4.447      0.000
    COGPGS            -0.001      0.002     -0.438      0.662
    ALCEVR             0.016      0.003      5.463      0.000

 ALCEVR   WITH
    DEMMAL             0.005      0.003      1.800      0.072
    DEMAGE            -0.008      0.010     -0.805      0.421
    COGPGS             0.002      0.001      1.436      0.151

 Means
    DEMAGE             0.000      0.084     -0.001      0.999
    DEMMAL             0.000      0.017      0.000      1.000
    CANEVR             0.000      0.000      1.437      0.151
    ALCEVR             0.000      0.000      1.015      0.310
    COGPGS             0.000      0.001     -0.430      0.667

 Variances
    DEMAGE             6.562      0.515     12.742      0.000
    DEMMAL             0.235      0.004     56.631      0.000
    CANEVR             0.049      0.005     10.412      0.000
    ALCEVR             0.024      0.004      6.846      0.000
    COGPGS             0.018      0.002      8.987      0.000

 Residual Variances
    COGCOM             0.247      0.015     16.018      0.000

Between Level

 COGCOM     ON
    CANEVRBW           0.010      0.112      0.086      0.931
    COGPGSBW           0.116      0.068      1.704      0.088
    ALCEVRBW          -0.019      0.177     -0.110      0.913
    PC1BW             -2.946      0.634     -4.650      0.000
    PC2BW             -3.077      0.548     -5.614      0.000
    PC3BW              1.271      0.257      4.956      0.000
    PC4BW              1.156      0.432      2.673      0.008
    PC5BW              0.062      0.351      0.178      0.859

 CANEVRBW WITH
    COGPGSBW           0.001      0.003      0.313      0.754
    ALCEVRBW           0.014      0.003      4.743      0.000

 ALCEVRBW WITH
    COGPGSBW           0.004      0.002      1.892      0.058

 Means
    CANEVRBW           0.011      0.009      1.164      0.244
    ALCEVRBW           0.004      0.007      0.560      0.576
    COGPGSBW          -0.003      0.016     -0.223      0.823

 Intercepts
    COGCOM             0.022      0.021      1.063      0.288

 Variances
    CANEVRBW           0.042      0.005      9.232      0.000
    ALCEVRBW           0.023      0.004      6.192      0.000
    COGPGSBW           0.119      0.009     13.651      0.000

 Residual Variances
    COGCOM             0.086      0.016      5.264      0.000


STANDARDIZED MODEL RESULTS


STDYX Standardization

                                                    Two-Tailed
                    Estimate       S.E.  Est./S.E.    P-Value

Within Level

 COGCOM     ON
    CANEVR             0.012      0.036      0.341      0.733
    DEMMAL             0.069      0.038      1.812      0.070
    DEMAGE            -0.086      0.037     -2.313      0.021
    COGPGS            -0.016      0.040     -0.404      0.686
    ALCEVR             0.052      0.035      1.468      0.142

 CANEVR   WITH
    DEMMAL             0.107      0.033      3.291      0.001
    DEMAGE            -0.151      0.031     -4.835      0.000
    COGPGS            -0.029      0.067     -0.436      0.663
    ALCEVR             0.459      0.054      8.436      0.000

 ALCEVR   WITH
    DEMMAL             0.060      0.033      1.847      0.065
    DEMAGE            -0.020      0.025     -0.808      0.419
    COGPGS             0.079      0.053      1.495      0.135

 Means
    DEMAGE             0.000      0.033     -0.001      0.999
    DEMMAL             0.000      0.035      0.000      1.000
    CANEVR             0.000      0.000      1.446      0.148
    ALCEVR             0.000      0.000      1.022      0.307
    COGPGS            -0.003      0.008     -0.433      0.665

 Variances
    DEMAGE             1.000      0.000    999.000    999.000
    DEMMAL             1.000      0.000    999.000    999.000
    CANEVR             1.000      0.000    999.000    999.000
    ALCEVR             1.000      0.000    999.000    999.000
    COGPGS             1.000      0.000    999.000    999.000

 Residual Variances
    COGCOM             0.983      0.008    117.229      0.000

Between Level

 COGCOM     ON
    CANEVRBW           0.006      0.068      0.086      0.931
    COGPGSBW           0.119      0.071      1.670      0.095
    ALCEVRBW          -0.009      0.079     -0.110      0.913
    PC1BW             -0.334      0.070     -4.768      0.000
    PC2BW             -0.326      0.058     -5.622      0.000
    PC3BW              0.090      0.020      4.545      0.000
    PC4BW              0.100      0.038      2.639      0.008
    PC5BW              0.005      0.028      0.178      0.859

 CANEVRBW WITH
    COGPGSBW           0.013      0.040      0.314      0.754
    ALCEVRBW           0.440      0.066      6.626      0.000

 ALCEVRBW WITH
    COGPGSBW           0.078      0.040      1.949      0.051

 Means
    CANEVRBW           0.053      0.048      1.102      0.270
    ALCEVRBW           0.025      0.047      0.537      0.591
    COGPGSBW          -0.010      0.045     -0.223      0.824

 Intercepts
    COGCOM             0.067      0.063      1.057      0.290

 Variances
    CANEVRBW           1.000      0.000    999.000    999.000
    ALCEVRBW           1.000      0.000    999.000    999.000
    COGPGSBW           1.000      0.000    999.000    999.000

 Residual Variances
    COGCOM             0.764      0.059     12.876      0.000


R-SQUARE

Within Level

    Observed                                        Two-Tailed
    Variable        Estimate       S.E.  Est./S.E.    P-Value

    COGCOM             0.017      0.008      2.002      0.045

Between Level

    Observed                                        Two-Tailed
    Variable        Estimate       S.E.  Est./S.E.    P-Value

    COGCOM             0.236      0.059      3.984      0.000


QUALITY OF NUMERICAL RESULTS

     Condition Number for the Information Matrix             -0.193E-16
       (ratio of smallest to largest eigenvalue)


CONFIDENCE INTERVALS OF MODEL RESULTS

                  Lower .5%  Lower 2.5%    Lower 5%    Estimate    Upper 5%  Upper 2.5%   Upper .5%

Within Level

 COGCOM   ON
    CANEVR          -0.184      -0.133      -0.107       0.028       0.163       0.189       0.240
    DEMMAL          -0.030      -0.006       0.006       0.071       0.136       0.148       0.172
    DEMAGE          -0.035      -0.031      -0.029      -0.017      -0.005      -0.003       0.002
    COGPGS          -0.445      -0.353      -0.306      -0.060       0.185       0.232       0.324
    ALCEVR          -0.122      -0.053      -0.018       0.166       0.350       0.385       0.454

 CANEVR   WITH
    DEMMAL           0.002       0.004       0.006       0.011       0.017       0.019       0.021
    DEMAGE          -0.135      -0.124      -0.117      -0.086      -0.054      -0.048      -0.036
    COGPGS          -0.006      -0.005      -0.004      -0.001       0.002       0.003       0.004
    ALCEVR           0.008       0.010       0.011       0.016       0.021       0.022       0.023

 ALCEVR   WITH
    DEMMAL          -0.002       0.000       0.000       0.005       0.009       0.010       0.011
    DEMAGE          -0.034      -0.028      -0.025      -0.008       0.008       0.012       0.018
    COGPGS          -0.001      -0.001       0.000       0.002       0.004       0.004       0.005

 Means
    DEMAGE          -0.218      -0.166      -0.139       0.000       0.139       0.165       0.217
    DEMMAL          -0.043      -0.033      -0.028       0.000       0.028       0.033       0.043
    CANEVR           0.000       0.000       0.000       0.000       0.000       0.000       0.000
    ALCEVR           0.000       0.000       0.000       0.000       0.000       0.000       0.000
    COGPGS          -0.003      -0.003      -0.002       0.000       0.001       0.002       0.002

 Variances
    DEMAGE           5.236       5.553       5.715       6.562       7.409       7.572       7.889
    DEMMAL           0.224       0.227       0.228       0.235       0.242       0.243       0.245
    CANEVR           0.037       0.040       0.041       0.049       0.057       0.058       0.061
    ALCEVR           0.015       0.017       0.019       0.024       0.030       0.031       0.034
    COGPGS           0.013       0.014       0.015       0.018       0.022       0.022       0.024

 Residual Variances
    COGCOM           0.207       0.217       0.222       0.247       0.272       0.277       0.287

Between Level

 COGCOM   ON
    CANEVRBW        -0.279      -0.210      -0.175       0.010       0.194       0.229       0.298
    COGPGSBW        -0.059      -0.017       0.004       0.116       0.228       0.250       0.291
    ALCEVRBW        -0.475      -0.366      -0.311      -0.019       0.272       0.327       0.436
    PC1BW           -4.579      -4.188      -3.989      -2.946      -1.904      -1.705      -1.314
    PC2BW           -4.489      -4.151      -3.979      -3.077      -2.176      -2.003      -1.665
    PC3BW            0.611       0.769       0.849       1.271       1.694       1.774       1.932
    PC4BW            0.042       0.308       0.445       1.156       1.867       2.004       2.270
    PC5BW           -0.841      -0.625      -0.515       0.062       0.640       0.750       0.966

 CANEVRBW WITH
    COGPGSBW        -0.006      -0.005      -0.004       0.001       0.006       0.006       0.008
    ALCEVRBW         0.006       0.008       0.009       0.014       0.018       0.019       0.021

 ALCEVRBW WITH
    COGPGSBW        -0.001       0.000       0.001       0.004       0.008       0.008       0.010

 Means
    CANEVRBW        -0.013      -0.007      -0.004       0.011       0.026       0.029       0.035
    ALCEVRBW        -0.014      -0.010      -0.007       0.004       0.015       0.017       0.021
    COGPGSBW        -0.044      -0.034      -0.029      -0.003       0.022       0.027       0.037

 Intercepts
    COGCOM          -0.032      -0.019      -0.012       0.022       0.057       0.064       0.077

 Variances
    CANEVRBW         0.030       0.033       0.034       0.042       0.049       0.051       0.054
    ALCEVRBW         0.013       0.015       0.017       0.023       0.029       0.030       0.032
    COGPGSBW         0.096       0.102       0.104       0.119       0.133       0.136       0.141

 Residual Variances
    COGCOM           0.044       0.054       0.059       0.086       0.113       0.119       0.129


CONFIDENCE INTERVALS OF STANDARDIZED MODEL RESULTS


STDYX Standardization

                  Lower .5%  Lower 2.5%    Lower 5%    Estimate    Upper 5%  Upper 2.5%   Upper .5%

Within Level

 COGCOM   ON
    CANEVR          -0.081      -0.059      -0.047       0.012       0.072       0.083       0.106
    DEMMAL          -0.029      -0.006       0.006       0.069       0.131       0.143       0.166
    DEMAGE          -0.182      -0.159      -0.147      -0.086      -0.025      -0.013       0.010
    COGPGS          -0.120      -0.095      -0.083      -0.016       0.050       0.063       0.088
    ALCEVR          -0.039      -0.017      -0.006       0.052       0.110       0.121       0.143

 CANEVR   WITH
    DEMMAL           0.023       0.043       0.054       0.107       0.161       0.171       0.191
    DEMAGE          -0.232      -0.213      -0.203      -0.151      -0.100      -0.090      -0.071
    COGPGS          -0.201      -0.160      -0.139      -0.029       0.081       0.102       0.143
    ALCEVR           0.319       0.352       0.370       0.459       0.549       0.566       0.599

 ALCEVR   WITH
    DEMMAL          -0.024      -0.004       0.007       0.060       0.114       0.124       0.144
    DEMAGE          -0.085      -0.069      -0.062      -0.020       0.021       0.029       0.044
    COGPGS          -0.057      -0.025      -0.008       0.079       0.166       0.182       0.215

 Means
    DEMAGE          -0.085      -0.065      -0.054       0.000       0.054       0.065       0.085
    DEMMAL          -0.089      -0.068      -0.057       0.000       0.057       0.068       0.089
    CANEVR           0.000       0.000       0.000       0.000       0.001       0.001       0.001
    ALCEVR           0.000       0.000       0.000       0.000       0.001       0.001       0.001
    COGPGS          -0.023      -0.019      -0.016      -0.003       0.009       0.012       0.017

 Variances
    DEMAGE           1.000       1.000       1.000       1.000       1.000       1.000       1.000
    DEMMAL           1.000       1.000       1.000       1.000       1.000       1.000       1.000
    CANEVR           1.000       1.000       1.000       1.000       1.000       1.000       1.000
    ALCEVR           1.000       1.000       1.000       1.000       1.000       1.000       1.000
    COGPGS           1.000       1.000       1.000       1.000       1.000       1.000       1.000

 Residual Variances
    COGCOM           0.962       0.967       0.969       0.983       0.997       1.000       1.005

Between Level

 COGCOM   ON
    CANEVRBW        -0.170      -0.128      -0.106       0.006       0.118       0.139       0.181
    COGPGSBW        -0.064      -0.021       0.002       0.119       0.236       0.258       0.302
    ALCEVRBW        -0.213      -0.164      -0.139      -0.009       0.122       0.147       0.196
    PC1BW           -0.514      -0.471      -0.449      -0.334      -0.219      -0.196      -0.153
    PC2BW           -0.475      -0.440      -0.421      -0.326      -0.231      -0.212      -0.177
    PC3BW            0.039       0.051       0.058       0.090       0.123       0.129       0.142
    PC4BW            0.002       0.026       0.038       0.100       0.163       0.175       0.198
    PC5BW           -0.067      -0.049      -0.041       0.005       0.051       0.059       0.076

 CANEVRBW WITH
    COGPGSBW        -0.090      -0.066      -0.053       0.013       0.078       0.091       0.116
    ALCEVRBW         0.269       0.310       0.331       0.440       0.549       0.570       0.611

 ALCEVRBW WITH
    COGPGSBW        -0.025       0.000       0.012       0.078       0.144       0.156       0.181

 Means
    CANEVRBW        -0.070      -0.041      -0.026       0.053       0.131       0.146       0.176
    ALCEVRBW        -0.096      -0.067      -0.052       0.025       0.103       0.118       0.147
    COGPGSBW        -0.127      -0.099      -0.085      -0.010       0.064       0.079       0.107

 Intercepts
    COGCOM          -0.096      -0.057      -0.037       0.067       0.170       0.190       0.229

 Variances
    CANEVRBW         1.000       1.000       1.000       1.000       1.000       1.000       1.000
    ALCEVRBW         1.000       1.000       1.000       1.000       1.000       1.000       1.000
    COGPGSBW         1.000       1.000       1.000       1.000       1.000       1.000       1.000

 Residual Variances
    COGCOM           0.611       0.647       0.666       0.764       0.861       0.880       0.916


TECHNICAL 1 OUTPUT


     PARAMETER SPECIFICATION FOR WITHIN


           NU
              CANEVRBW      ALCEVRBW      COGPGSBW      COGCOM        DEMAGE
              ________      ________      ________      ________      ________
 1                  0             0             0             0             0


           NU
              DEMMAL        CANEVR        ALCEVR        COGPGS        PC1BW
              ________      ________      ________      ________      ________
 1                  0             0             0             0             0


           NU
              PC2BW         PC3BW         PC4BW         PC5BW
              ________      ________      ________      ________
 1                  0             0             0             0


           LAMBDA
              CANEVRBW      ALCEVRBW      COGPGSBW      COGCOM        DEMAGE
              ________      ________      ________      ________      ________
 CANEVRBW           0             0             0             0             0
 ALCEVRBW           0             0             0             0             0
 COGPGSBW           0             0             0             0             0
 COGCOM             0             0             0             0             0
 DEMAGE             0             0             0             0             0
 DEMMAL             0             0             0             0             0
 CANEVR             0             0             0             0             0
 ALCEVR             0             0             0             0             0
 COGPGS             0             0             0             0             0
 PC1BW              0             0             0             0             0
 PC2BW              0             0             0             0             0
 PC3BW              0             0             0             0             0
 PC4BW              0             0             0             0             0
 PC5BW              0             0             0             0             0


           LAMBDA
              DEMMAL        CANEVR        ALCEVR        COGPGS        PC1BW
              ________      ________      ________      ________      ________
 CANEVRBW           0             0             0             0             0
 ALCEVRBW           0             0             0             0             0
 COGPGSBW           0             0             0             0             0
 COGCOM             0             0             0             0             0
 DEMAGE             0             0             0             0             0
 DEMMAL             0             0             0             0             0
 CANEVR             0             0             0             0             0
 ALCEVR             0             0             0             0             0
 COGPGS             0             0             0             0             0
 PC1BW              0             0             0             0             0
 PC2BW              0             0             0             0             0
 PC3BW              0             0             0             0             0
 PC4BW              0             0             0             0             0
 PC5BW              0             0             0             0             0


           LAMBDA
              PC2BW         PC3BW         PC4BW         PC5BW
              ________      ________      ________      ________
 CANEVRBW           0             0             0             0
 ALCEVRBW           0             0             0             0
 COGPGSBW           0             0             0             0
 COGCOM             0             0             0             0
 DEMAGE             0             0             0             0
 DEMMAL             0             0             0             0
 CANEVR             0             0             0             0
 ALCEVR             0             0             0             0
 COGPGS             0             0             0             0
 PC1BW              0             0             0             0
 PC2BW              0             0             0             0
 PC3BW              0             0             0             0
 PC4BW              0             0             0             0
 PC5BW              0             0             0             0


           THETA
              CANEVRBW      ALCEVRBW      COGPGSBW      COGCOM        DEMAGE
              ________      ________      ________      ________      ________
 CANEVRBW           0
 ALCEVRBW           0             0
 COGPGSBW           0             0             0
 COGCOM             0             0             0             0
 DEMAGE             0             0             0             0             0
 DEMMAL             0             0             0             0             0
 CANEVR             0             0             0             0             0
 ALCEVR             0             0             0             0             0
 COGPGS             0             0             0             0             0
 PC1BW              0             0             0             0             0
 PC2BW              0             0             0             0             0
 PC3BW              0             0             0             0             0
 PC4BW              0             0             0             0             0
 PC5BW              0             0             0             0             0


           THETA
              DEMMAL        CANEVR        ALCEVR        COGPGS        PC1BW
              ________      ________      ________      ________      ________
 DEMMAL             0
 CANEVR             0             0
 ALCEVR             0             0             0
 COGPGS             0             0             0             0
 PC1BW              0             0             0             0             0
 PC2BW              0             0             0             0             0
 PC3BW              0             0             0             0             0
 PC4BW              0             0             0             0             0
 PC5BW              0             0             0             0             0


           THETA
              PC2BW         PC3BW         PC4BW         PC5BW
              ________      ________      ________      ________
 PC2BW              0
 PC3BW              0             0
 PC4BW              0             0             0
 PC5BW              0             0             0             0


           ALPHA
              CANEVRBW      ALCEVRBW      COGPGSBW      COGCOM        DEMAGE
              ________      ________      ________      ________      ________
 1                  0             0             0             0             1


           ALPHA
              DEMMAL        CANEVR        ALCEVR        COGPGS        PC1BW
              ________      ________      ________      ________      ________
 1                  2             3             4             5             0


           ALPHA
              PC2BW         PC3BW         PC4BW         PC5BW
              ________      ________      ________      ________
 1                  0             0             0             0


           BETA
              CANEVRBW      ALCEVRBW      COGPGSBW      COGCOM        DEMAGE
              ________      ________      ________      ________      ________
 CANEVRBW           0             0             0             0             0
 ALCEVRBW           0             0             0             0             0
 COGPGSBW           0             0             0             0             0
 COGCOM             0             0             0             0             6
 DEMAGE             0             0             0             0             0
 DEMMAL             0             0             0             0             0
 CANEVR             0             0             0             0             0
 ALCEVR             0             0             0             0             0
 COGPGS             0             0             0             0             0
 PC1BW              0             0             0             0             0
 PC2BW              0             0             0             0             0
 PC3BW              0             0             0             0             0
 PC4BW              0             0             0             0             0
 PC5BW              0             0             0             0             0


           BETA
              DEMMAL        CANEVR        ALCEVR        COGPGS        PC1BW
              ________      ________      ________      ________      ________
 CANEVRBW           0             0             0             0             0
 ALCEVRBW           0             0             0             0             0
 COGPGSBW           0             0             0             0             0
 COGCOM             7             8             9            10             0
 DEMAGE             0             0             0             0             0
 DEMMAL             0             0             0             0             0
 CANEVR             0             0             0             0             0
 ALCEVR             0             0             0             0             0
 COGPGS             0             0             0             0             0
 PC1BW              0             0             0             0             0
 PC2BW              0             0             0             0             0
 PC3BW              0             0             0             0             0
 PC4BW              0             0             0             0             0
 PC5BW              0             0             0             0             0


           BETA
              PC2BW         PC3BW         PC4BW         PC5BW
              ________      ________      ________      ________
 CANEVRBW           0             0             0             0
 ALCEVRBW           0             0             0             0
 COGPGSBW           0             0             0             0
 COGCOM             0             0             0             0
 DEMAGE             0             0             0             0
 DEMMAL             0             0             0             0
 CANEVR             0             0             0             0
 ALCEVR             0             0             0             0
 COGPGS             0             0             0             0
 PC1BW              0             0             0             0
 PC2BW              0             0             0             0
 PC3BW              0             0             0             0
 PC4BW              0             0             0             0
 PC5BW              0             0             0             0


           PSI
              CANEVRBW      ALCEVRBW      COGPGSBW      COGCOM        DEMAGE
              ________      ________      ________      ________      ________
 CANEVRBW           0
 ALCEVRBW           0             0
 COGPGSBW           0             0             0
 COGCOM             0             0             0            11
 DEMAGE             0             0             0             0            12
 DEMMAL             0             0             0             0             0
 CANEVR             0             0             0             0            14
 ALCEVR             0             0             0             0            17
 COGPGS             0             0             0             0             0
 PC1BW              0             0             0             0             0
 PC2BW              0             0             0             0             0
 PC3BW              0             0             0             0             0
 PC4BW              0             0             0             0             0
 PC5BW              0             0             0             0             0


           PSI
              DEMMAL        CANEVR        ALCEVR        COGPGS        PC1BW
              ________      ________      ________      ________      ________
 DEMMAL            13
 CANEVR            15            16
 ALCEVR            18            19            20
 COGPGS             0            21            22            23
 PC1BW              0             0             0             0             0
 PC2BW              0             0             0             0             0
 PC3BW              0             0             0             0             0
 PC4BW              0             0             0             0             0
 PC5BW              0             0             0             0             0


           PSI
              PC2BW         PC3BW         PC4BW         PC5BW
              ________      ________      ________      ________
 PC2BW              0
 PC3BW              0             0
 PC4BW              0             0             0
 PC5BW              0             0             0             0


     PARAMETER SPECIFICATION FOR BETWEEN


           NU
              CANEVRBW      ALCEVRBW      COGPGSBW      COGCOM        DEMAGE
              ________      ________      ________      ________      ________
 1                  0             0             0             0             0


           NU
              DEMMAL        CANEVR        ALCEVR        COGPGS        PC1BW
              ________      ________      ________      ________      ________
 1                  0             0             0             0             0


           NU
              PC2BW         PC3BW         PC4BW         PC5BW
              ________      ________      ________      ________
 1                  0             0             0             0


           LAMBDA
              CANEVRBW      ALCEVRBW      COGPGSBW      COGCOM        DEMAGE
              ________      ________      ________      ________      ________
 CANEVRBW           0             0             0             0             0
 ALCEVRBW           0             0             0             0             0
 COGPGSBW           0             0             0             0             0
 COGCOM             0             0             0             0             0
 DEMAGE             0             0             0             0             0
 DEMMAL             0             0             0             0             0
 CANEVR             0             0             0             0             0
 ALCEVR             0             0             0             0             0
 COGPGS             0             0             0             0             0
 PC1BW              0             0             0             0             0
 PC2BW              0             0             0             0             0
 PC3BW              0             0             0             0             0
 PC4BW              0             0             0             0             0
 PC5BW              0             0             0             0             0


           LAMBDA
              DEMMAL        CANEVR        ALCEVR        COGPGS        PC1BW
              ________      ________      ________      ________      ________
 CANEVRBW           0             0             0             0             0
 ALCEVRBW           0             0             0             0             0
 COGPGSBW           0             0             0             0             0
 COGCOM             0             0             0             0             0
 DEMAGE             0             0             0             0             0
 DEMMAL             0             0             0             0             0
 CANEVR             0             0             0             0             0
 ALCEVR             0             0             0             0             0
 COGPGS             0             0             0             0             0
 PC1BW              0             0             0             0             0
 PC2BW              0             0             0             0             0
 PC3BW              0             0             0             0             0
 PC4BW              0             0             0             0             0
 PC5BW              0             0             0             0             0


           LAMBDA
              PC2BW         PC3BW         PC4BW         PC5BW
              ________      ________      ________      ________
 CANEVRBW           0             0             0             0
 ALCEVRBW           0             0             0             0
 COGPGSBW           0             0             0             0
 COGCOM             0             0             0             0
 DEMAGE             0             0             0             0
 DEMMAL             0             0             0             0
 CANEVR             0             0             0             0
 ALCEVR             0             0             0             0
 COGPGS             0             0             0             0
 PC1BW              0             0             0             0
 PC2BW              0             0             0             0
 PC3BW              0             0             0             0
 PC4BW              0             0             0             0
 PC5BW              0             0             0             0


           THETA
              CANEVRBW      ALCEVRBW      COGPGSBW      COGCOM        DEMAGE
              ________      ________      ________      ________      ________
 CANEVRBW           0
 ALCEVRBW           0             0
 COGPGSBW           0             0             0
 COGCOM             0             0             0             0
 DEMAGE             0             0             0             0             0
 DEMMAL             0             0             0             0             0
 CANEVR             0             0             0             0             0
 ALCEVR             0             0             0             0             0
 COGPGS             0             0             0             0             0
 PC1BW              0             0             0             0             0
 PC2BW              0             0             0             0             0
 PC3BW              0             0             0             0             0
 PC4BW              0             0             0             0             0
 PC5BW              0             0             0             0             0


           THETA
              DEMMAL        CANEVR        ALCEVR        COGPGS        PC1BW
              ________      ________      ________      ________      ________
 DEMMAL             0
 CANEVR             0             0
 ALCEVR             0             0             0
 COGPGS             0             0             0             0
 PC1BW              0             0             0             0             0
 PC2BW              0             0             0             0             0
 PC3BW              0             0             0             0             0
 PC4BW              0             0             0             0             0
 PC5BW              0             0             0             0             0


           THETA
              PC2BW         PC3BW         PC4BW         PC5BW
              ________      ________      ________      ________
 PC2BW              0
 PC3BW              0             0
 PC4BW              0             0             0
 PC5BW              0             0             0             0


           ALPHA
              CANEVRBW      ALCEVRBW      COGPGSBW      COGCOM        DEMAGE
              ________      ________      ________      ________      ________
 1                 24            25            26            27             0


           ALPHA
              DEMMAL        CANEVR        ALCEVR        COGPGS        PC1BW
              ________      ________      ________      ________      ________
 1                  0             0             0             0             0


           ALPHA
              PC2BW         PC3BW         PC4BW         PC5BW
              ________      ________      ________      ________
 1                  0             0             0             0


           BETA
              CANEVRBW      ALCEVRBW      COGPGSBW      COGCOM        DEMAGE
              ________      ________      ________      ________      ________
 CANEVRBW           0             0             0             0             0
 ALCEVRBW           0             0             0             0             0
 COGPGSBW           0             0             0             0             0
 COGCOM            28            29            30             0             0
 DEMAGE             0             0             0             0             0
 DEMMAL             0             0             0             0             0
 CANEVR             0             0             0             0             0
 ALCEVR             0             0             0             0             0
 COGPGS             0             0             0             0             0
 PC1BW              0             0             0             0             0
 PC2BW              0             0             0             0             0
 PC3BW              0             0             0             0             0
 PC4BW              0             0             0             0             0
 PC5BW              0             0             0             0             0


           BETA
              DEMMAL        CANEVR        ALCEVR        COGPGS        PC1BW
              ________      ________      ________      ________      ________
 CANEVRBW           0             0             0             0             0
 ALCEVRBW           0             0             0             0             0
 COGPGSBW           0             0             0             0             0
 COGCOM             0             0             0             0            31
 DEMAGE             0             0             0             0             0
 DEMMAL             0             0             0             0             0
 CANEVR             0             0             0             0             0
 ALCEVR             0             0             0             0             0
 COGPGS             0             0             0             0             0
 PC1BW              0             0             0             0             0
 PC2BW              0             0             0             0             0
 PC3BW              0             0             0             0             0
 PC4BW              0             0             0             0             0
 PC5BW              0             0             0             0             0


           BETA
              PC2BW         PC3BW         PC4BW         PC5BW
              ________      ________      ________      ________
 CANEVRBW           0             0             0             0
 ALCEVRBW           0             0             0             0
 COGPGSBW           0             0             0             0
 COGCOM            32            33            34            35
 DEMAGE             0             0             0             0
 DEMMAL             0             0             0             0
 CANEVR             0             0             0             0
 ALCEVR             0             0             0             0
 COGPGS             0             0             0             0
 PC1BW              0             0             0             0
 PC2BW              0             0             0             0
 PC3BW              0             0             0             0
 PC4BW              0             0             0             0
 PC5BW              0             0             0             0


           PSI
              CANEVRBW      ALCEVRBW      COGPGSBW      COGCOM        DEMAGE
              ________      ________      ________      ________      ________
 CANEVRBW          36
 ALCEVRBW          37            38
 COGPGSBW          39            40            41
 COGCOM             0             0             0            42
 DEMAGE             0             0             0             0             0
 DEMMAL             0             0             0             0             0
 CANEVR             0             0             0             0             0
 ALCEVR             0             0             0             0             0
 COGPGS             0             0             0             0             0
 PC1BW              0             0             0             0             0
 PC2BW              0             0             0             0             0
 PC3BW              0             0             0             0             0
 PC4BW              0             0             0             0             0
 PC5BW              0             0             0             0             0


           PSI
              DEMMAL        CANEVR        ALCEVR        COGPGS        PC1BW
              ________      ________      ________      ________      ________
 DEMMAL             0
 CANEVR             0             0
 ALCEVR             0             0             0
 COGPGS             0             0             0             0
 PC1BW              0             0             0             0             0
 PC2BW              0             0             0             0             0
 PC3BW              0             0             0             0             0
 PC4BW              0             0             0             0             0
 PC5BW              0             0             0             0             0


           PSI
              PC2BW         PC3BW         PC4BW         PC5BW
              ________      ________      ________      ________
 PC2BW              0
 PC3BW              0             0
 PC4BW              0             0             0
 PC5BW              0             0             0             0


     STARTING VALUES FOR WITHIN


           NU
              CANEVRBW      ALCEVRBW      COGPGSBW      COGCOM        DEMAGE
              ________      ________      ________      ________      ________
 1              0.000         0.000         0.000         0.000         0.000


           NU
              DEMMAL        CANEVR        ALCEVR        COGPGS        PC1BW
              ________      ________      ________      ________      ________
 1              0.000         0.000         0.000         0.000         0.000


           NU
              PC2BW         PC3BW         PC4BW         PC5BW
              ________      ________      ________      ________
 1              0.000         0.000         0.000         0.000


           LAMBDA
              CANEVRBW      ALCEVRBW      COGPGSBW      COGCOM        DEMAGE
              ________      ________      ________      ________      ________
 CANEVRBW       1.000         0.000         0.000         0.000         0.000
 ALCEVRBW       0.000         1.000         0.000         0.000         0.000
 COGPGSBW       0.000         0.000         1.000         0.000         0.000
 COGCOM         0.000         0.000         0.000         1.000         0.000
 DEMAGE         0.000         0.000         0.000         0.000         1.000
 DEMMAL         0.000         0.000         0.000         0.000         0.000
 CANEVR         0.000         0.000         0.000         0.000         0.000
 ALCEVR         0.000         0.000         0.000         0.000         0.000
 COGPGS         0.000         0.000         0.000         0.000         0.000
 PC1BW          0.000         0.000         0.000         0.000         0.000
 PC2BW          0.000         0.000         0.000         0.000         0.000
 PC3BW          0.000         0.000         0.000         0.000         0.000
 PC4BW          0.000         0.000         0.000         0.000         0.000
 PC5BW          0.000         0.000         0.000         0.000         0.000


           LAMBDA
              DEMMAL        CANEVR        ALCEVR        COGPGS        PC1BW
              ________      ________      ________      ________      ________
 CANEVRBW       0.000         0.000         0.000         0.000         0.000
 ALCEVRBW       0.000         0.000         0.000         0.000         0.000
 COGPGSBW       0.000         0.000         0.000         0.000         0.000
 COGCOM         0.000         0.000         0.000         0.000         0.000
 DEMAGE         0.000         0.000         0.000         0.000         0.000
 DEMMAL         1.000         0.000         0.000         0.000         0.000
 CANEVR         0.000         1.000         0.000         0.000         0.000
 ALCEVR         0.000         0.000         1.000         0.000         0.000
 COGPGS         0.000         0.000         0.000         1.000         0.000
 PC1BW          0.000         0.000         0.000         0.000         1.000
 PC2BW          0.000         0.000         0.000         0.000         0.000
 PC3BW          0.000         0.000         0.000         0.000         0.000
 PC4BW          0.000         0.000         0.000         0.000         0.000
 PC5BW          0.000         0.000         0.000         0.000         0.000


           LAMBDA
              PC2BW         PC3BW         PC4BW         PC5BW
              ________      ________      ________      ________
 CANEVRBW       0.000         0.000         0.000         0.000
 ALCEVRBW       0.000         0.000         0.000         0.000
 COGPGSBW       0.000         0.000         0.000         0.000
 COGCOM         0.000         0.000         0.000         0.000
 DEMAGE         0.000         0.000         0.000         0.000
 DEMMAL         0.000         0.000         0.000         0.000
 CANEVR         0.000         0.000         0.000         0.000
 ALCEVR         0.000         0.000         0.000         0.000
 COGPGS         0.000         0.000         0.000         0.000
 PC1BW          0.000         0.000         0.000         0.000
 PC2BW          1.000         0.000         0.000         0.000
 PC3BW          0.000         1.000         0.000         0.000
 PC4BW          0.000         0.000         1.000         0.000
 PC5BW          0.000         0.000         0.000         1.000


           THETA
              CANEVRBW      ALCEVRBW      COGPGSBW      COGCOM        DEMAGE
              ________      ________      ________      ________      ________
 CANEVRBW       0.000
 ALCEVRBW       0.000         0.000
 COGPGSBW       0.000         0.000         0.000
 COGCOM         0.000         0.000         0.000         0.000
 DEMAGE         0.000         0.000         0.000         0.000         0.000
 DEMMAL         0.000         0.000         0.000         0.000         0.000
 CANEVR         0.000         0.000         0.000         0.000         0.000
 ALCEVR         0.000         0.000         0.000         0.000         0.000
 COGPGS         0.000         0.000         0.000         0.000         0.000
 PC1BW          0.000         0.000         0.000         0.000         0.000
 PC2BW          0.000         0.000         0.000         0.000         0.000
 PC3BW          0.000         0.000         0.000         0.000         0.000
 PC4BW          0.000         0.000         0.000         0.000         0.000
 PC5BW          0.000         0.000         0.000         0.000         0.000


           THETA
              DEMMAL        CANEVR        ALCEVR        COGPGS        PC1BW
              ________      ________      ________      ________      ________
 DEMMAL         0.000
 CANEVR         0.000         0.000
 ALCEVR         0.000         0.000         0.000
 COGPGS         0.000         0.000         0.000         0.000
 PC1BW          0.000         0.000         0.000         0.000         0.000
 PC2BW          0.000         0.000         0.000         0.000         0.000
 PC3BW          0.000         0.000         0.000         0.000         0.000
 PC4BW          0.000         0.000         0.000         0.000         0.000
 PC5BW          0.000         0.000         0.000         0.000         0.000


           THETA
              PC2BW         PC3BW         PC4BW         PC5BW
              ________      ________      ________      ________
 PC2BW          0.000
 PC3BW          0.000         0.000
 PC4BW          0.000         0.000         0.000
 PC5BW          0.000         0.000         0.000         0.000


           ALPHA
              CANEVRBW      ALCEVRBW      COGPGSBW      COGCOM        DEMAGE
              ________      ________      ________      ________      ________
 1              0.000         0.000         0.000         0.000         0.000


           ALPHA
              DEMMAL        CANEVR        ALCEVR        COGPGS        PC1BW
              ________      ________      ________      ________      ________
 1              0.000         0.000         0.000         0.000         0.000


           ALPHA
              PC2BW         PC3BW         PC4BW         PC5BW
              ________      ________      ________      ________
 1              0.000         0.000         0.000         0.000


           BETA
              CANEVRBW      ALCEVRBW      COGPGSBW      COGCOM        DEMAGE
              ________      ________      ________      ________      ________
 CANEVRBW       0.000         0.000         0.000         0.000         0.000
 ALCEVRBW       0.000         0.000         0.000         0.000         0.000
 COGPGSBW       0.000         0.000         0.000         0.000         0.000
 COGCOM         0.000         0.000         0.000         0.000         0.000
 DEMAGE         0.000         0.000         0.000         0.000         0.000
 DEMMAL         0.000         0.000         0.000         0.000         0.000
 CANEVR         0.000         0.000         0.000         0.000         0.000
 ALCEVR         0.000         0.000         0.000         0.000         0.000
 COGPGS         0.000         0.000         0.000         0.000         0.000
 PC1BW          0.000         0.000         0.000         0.000         0.000
 PC2BW          0.000         0.000         0.000         0.000         0.000
 PC3BW          0.000         0.000         0.000         0.000         0.000
 PC4BW          0.000         0.000         0.000         0.000         0.000
 PC5BW          0.000         0.000         0.000         0.000         0.000


           BETA
              DEMMAL        CANEVR        ALCEVR        COGPGS        PC1BW
              ________      ________      ________      ________      ________
 CANEVRBW       0.000         0.000         0.000         0.000         0.000
 ALCEVRBW       0.000         0.000         0.000         0.000         0.000
 COGPGSBW       0.000         0.000         0.000         0.000         0.000
 COGCOM         0.000         0.000         0.000         0.000         0.000
 DEMAGE         0.000         0.000         0.000         0.000         0.000
 DEMMAL         0.000         0.000         0.000         0.000         0.000
 CANEVR         0.000         0.000         0.000         0.000         0.000
 ALCEVR         0.000         0.000         0.000         0.000         0.000
 COGPGS         0.000         0.000         0.000         0.000         0.000
 PC1BW          0.000         0.000         0.000         0.000         0.000
 PC2BW          0.000         0.000         0.000         0.000         0.000
 PC3BW          0.000         0.000         0.000         0.000         0.000
 PC4BW          0.000         0.000         0.000         0.000         0.000
 PC5BW          0.000         0.000         0.000         0.000         0.000


           BETA
              PC2BW         PC3BW         PC4BW         PC5BW
              ________      ________      ________      ________
 CANEVRBW       0.000         0.000         0.000         0.000
 ALCEVRBW       0.000         0.000         0.000         0.000
 COGPGSBW       0.000         0.000         0.000         0.000
 COGCOM         0.000         0.000         0.000         0.000
 DEMAGE         0.000         0.000         0.000         0.000
 DEMMAL         0.000         0.000         0.000         0.000
 CANEVR         0.000         0.000         0.000         0.000
 ALCEVR         0.000         0.000         0.000         0.000
 COGPGS         0.000         0.000         0.000         0.000
 PC1BW          0.000         0.000         0.000         0.000
 PC2BW          0.000         0.000         0.000         0.000
 PC3BW          0.000         0.000         0.000         0.000
 PC4BW          0.000         0.000         0.000         0.000
 PC5BW          0.000         0.000         0.000         0.000


           PSI
              CANEVRBW      ALCEVRBW      COGPGSBW      COGCOM        DEMAGE
              ________      ________      ________      ________      ________
 CANEVRBW       0.000
 ALCEVRBW       0.000         0.000
 COGPGSBW       0.000         0.000         0.000
 COGCOM         0.000         0.000         0.000         0.185
 DEMAGE         0.000         0.000         0.000         0.000         3.281
 DEMMAL         0.000         0.000         0.000         0.000         0.000
 CANEVR         0.000         0.000         0.000         0.000         0.000
 ALCEVR         0.000         0.000         0.000         0.000         0.000
 COGPGS         0.000         0.000         0.000         0.000         0.000
 PC1BW          0.000         0.000         0.000         0.000         0.000
 PC2BW          0.000         0.000         0.000         0.000         0.000
 PC3BW          0.000         0.000         0.000         0.000         0.000
 PC4BW          0.000         0.000         0.000         0.000         0.000
 PC5BW          0.000         0.000         0.000         0.000         0.000


           PSI
              DEMMAL        CANEVR        ALCEVR        COGPGS        PC1BW
              ________      ________      ________      ________      ________
 DEMMAL         0.117
 CANEVR         0.000         0.025
 ALCEVR         0.000         0.000         0.012
 COGPGS         0.000         0.000         0.000         0.009
 PC1BW          0.000         0.000         0.000         0.000         0.000
 PC2BW          0.000         0.000         0.000         0.000         0.000
 PC3BW          0.000         0.000         0.000         0.000         0.000
 PC4BW          0.000         0.000         0.000         0.000         0.000
 PC5BW          0.000         0.000         0.000         0.000         0.000


           PSI
              PC2BW         PC3BW         PC4BW         PC5BW
              ________      ________      ________      ________
 PC2BW          0.000
 PC3BW          0.000         0.000
 PC4BW          0.000         0.000         0.000
 PC5BW          0.000         0.000         0.000         0.000


     STARTING VALUES FOR BETWEEN


           NU
              CANEVRBW      ALCEVRBW      COGPGSBW      COGCOM        DEMAGE
              ________      ________      ________      ________      ________
 1              0.000         0.000         0.000         0.000         0.000


           NU
              DEMMAL        CANEVR        ALCEVR        COGPGS        PC1BW
              ________      ________      ________      ________      ________
 1              0.000         0.000         0.000         0.000         0.000


           NU
              PC2BW         PC3BW         PC4BW         PC5BW
              ________      ________      ________      ________
 1              0.000         0.000         0.000         0.000


           LAMBDA
              CANEVRBW      ALCEVRBW      COGPGSBW      COGCOM        DEMAGE
              ________      ________      ________      ________      ________
 CANEVRBW       1.000         0.000         0.000         0.000         0.000
 ALCEVRBW       0.000         1.000         0.000         0.000         0.000
 COGPGSBW       0.000         0.000         1.000         0.000         0.000
 COGCOM         0.000         0.000         0.000         1.000         0.000
 DEMAGE         0.000         0.000         0.000         0.000         1.000
 DEMMAL         0.000         0.000         0.000         0.000         0.000
 CANEVR         0.000         0.000         0.000         0.000         0.000
 ALCEVR         0.000         0.000         0.000         0.000         0.000
 COGPGS         0.000         0.000         0.000         0.000         0.000
 PC1BW          0.000         0.000         0.000         0.000         0.000
 PC2BW          0.000         0.000         0.000         0.000         0.000
 PC3BW          0.000         0.000         0.000         0.000         0.000
 PC4BW          0.000         0.000         0.000         0.000         0.000
 PC5BW          0.000         0.000         0.000         0.000         0.000


           LAMBDA
              DEMMAL        CANEVR        ALCEVR        COGPGS        PC1BW
              ________      ________      ________      ________      ________
 CANEVRBW       0.000         0.000         0.000         0.000         0.000
 ALCEVRBW       0.000         0.000         0.000         0.000         0.000
 COGPGSBW       0.000         0.000         0.000         0.000         0.000
 COGCOM         0.000         0.000         0.000         0.000         0.000
 DEMAGE         0.000         0.000         0.000         0.000         0.000
 DEMMAL         1.000         0.000         0.000         0.000         0.000
 CANEVR         0.000         1.000         0.000         0.000         0.000
 ALCEVR         0.000         0.000         1.000         0.000         0.000
 COGPGS         0.000         0.000         0.000         1.000         0.000
 PC1BW          0.000         0.000         0.000         0.000         1.000
 PC2BW          0.000         0.000         0.000         0.000         0.000
 PC3BW          0.000         0.000         0.000         0.000         0.000
 PC4BW          0.000         0.000         0.000         0.000         0.000
 PC5BW          0.000         0.000         0.000         0.000         0.000


           LAMBDA
              PC2BW         PC3BW         PC4BW         PC5BW
              ________      ________      ________      ________
 CANEVRBW       0.000         0.000         0.000         0.000
 ALCEVRBW       0.000         0.000         0.000         0.000
 COGPGSBW       0.000         0.000         0.000         0.000
 COGCOM         0.000         0.000         0.000         0.000
 DEMAGE         0.000         0.000         0.000         0.000
 DEMMAL         0.000         0.000         0.000         0.000
 CANEVR         0.000         0.000         0.000         0.000
 ALCEVR         0.000         0.000         0.000         0.000
 COGPGS         0.000         0.000         0.000         0.000
 PC1BW          0.000         0.000         0.000         0.000
 PC2BW          1.000         0.000         0.000         0.000
 PC3BW          0.000         1.000         0.000         0.000
 PC4BW          0.000         0.000         1.000         0.000
 PC5BW          0.000         0.000         0.000         1.000


           THETA
              CANEVRBW      ALCEVRBW      COGPGSBW      COGCOM        DEMAGE
              ________      ________      ________      ________      ________
 CANEVRBW       0.000
 ALCEVRBW       0.000         0.000
 COGPGSBW       0.000         0.000         0.000
 COGCOM         0.000         0.000         0.000         0.000
 DEMAGE         0.000         0.000         0.000         0.000         0.000
 DEMMAL         0.000         0.000         0.000         0.000         0.000
 CANEVR         0.000         0.000         0.000         0.000         0.000
 ALCEVR         0.000         0.000         0.000         0.000         0.000
 COGPGS         0.000         0.000         0.000         0.000         0.000
 PC1BW          0.000         0.000         0.000         0.000         0.000
 PC2BW          0.000         0.000         0.000         0.000         0.000
 PC3BW          0.000         0.000         0.000         0.000         0.000
 PC4BW          0.000         0.000         0.000         0.000         0.000
 PC5BW          0.000         0.000         0.000         0.000         0.000


           THETA
              DEMMAL        CANEVR        ALCEVR        COGPGS        PC1BW
              ________      ________      ________      ________      ________
 DEMMAL         0.000
 CANEVR         0.000         0.000
 ALCEVR         0.000         0.000         0.000
 COGPGS         0.000         0.000         0.000         0.000
 PC1BW          0.000         0.000         0.000         0.000         0.000
 PC2BW          0.000         0.000         0.000         0.000         0.000
 PC3BW          0.000         0.000         0.000         0.000         0.000
 PC4BW          0.000         0.000         0.000         0.000         0.000
 PC5BW          0.000         0.000         0.000         0.000         0.000


           THETA
              PC2BW         PC3BW         PC4BW         PC5BW
              ________      ________      ________      ________
 PC2BW          0.000
 PC3BW          0.000         0.000
 PC4BW          0.000         0.000         0.000
 PC5BW          0.000         0.000         0.000         0.000


           ALPHA
              CANEVRBW      ALCEVRBW      COGPGSBW      COGCOM        DEMAGE
              ________      ________      ________      ________      ________
 1              0.000         0.000         0.000         0.024         0.000


           ALPHA
              DEMMAL        CANEVR        ALCEVR        COGPGS        PC1BW
              ________      ________      ________      ________      ________
 1              0.000         0.000         0.000         0.000         0.000


           ALPHA
              PC2BW         PC3BW         PC4BW         PC5BW
              ________      ________      ________      ________
 1              0.000         0.000         0.000         0.000


           BETA
              CANEVRBW      ALCEVRBW      COGPGSBW      COGCOM        DEMAGE
              ________      ________      ________      ________      ________
 CANEVRBW       0.000         0.000         0.000         0.000         0.000
 ALCEVRBW       0.000         0.000         0.000         0.000         0.000
 COGPGSBW       0.000         0.000         0.000         0.000         0.000
 COGCOM         0.000         0.000         0.000         0.000         0.000
 DEMAGE         0.000         0.000         0.000         0.000         0.000
 DEMMAL         0.000         0.000         0.000         0.000         0.000
 CANEVR         0.000         0.000         0.000         0.000         0.000
 ALCEVR         0.000         0.000         0.000         0.000         0.000
 COGPGS         0.000         0.000         0.000         0.000         0.000
 PC1BW          0.000         0.000         0.000         0.000         0.000
 PC2BW          0.000         0.000         0.000         0.000         0.000
 PC3BW          0.000         0.000         0.000         0.000         0.000
 PC4BW          0.000         0.000         0.000         0.000         0.000
 PC5BW          0.000         0.000         0.000         0.000         0.000


           BETA
              DEMMAL        CANEVR        ALCEVR        COGPGS        PC1BW
              ________      ________      ________      ________      ________
 CANEVRBW       0.000         0.000         0.000         0.000         0.000
 ALCEVRBW       0.000         0.000         0.000         0.000         0.000
 COGPGSBW       0.000         0.000         0.000         0.000         0.000
 COGCOM         0.000         0.000         0.000         0.000         0.000
 DEMAGE         0.000         0.000         0.000         0.000         0.000
 DEMMAL         0.000         0.000         0.000         0.000         0.000
 CANEVR         0.000         0.000         0.000         0.000         0.000
 ALCEVR         0.000         0.000         0.000         0.000         0.000
 COGPGS         0.000         0.000         0.000         0.000         0.000
 PC1BW          0.000         0.000         0.000         0.000         0.000
 PC2BW          0.000         0.000         0.000         0.000         0.000
 PC3BW          0.000         0.000         0.000         0.000         0.000
 PC4BW          0.000         0.000         0.000         0.000         0.000
 PC5BW          0.000         0.000         0.000         0.000         0.000


           BETA
              PC2BW         PC3BW         PC4BW         PC5BW
              ________      ________      ________      ________
 CANEVRBW       0.000         0.000         0.000         0.000
 ALCEVRBW       0.000         0.000         0.000         0.000
 COGPGSBW       0.000         0.000         0.000         0.000
 COGCOM         0.000         0.000         0.000         0.000
 DEMAGE         0.000         0.000         0.000         0.000
 DEMMAL         0.000         0.000         0.000         0.000
 CANEVR         0.000         0.000         0.000         0.000
 ALCEVR         0.000         0.000         0.000         0.000
 COGPGS         0.000         0.000         0.000         0.000
 PC1BW          0.000         0.000         0.000         0.000
 PC2BW          0.000         0.000         0.000         0.000
 PC3BW          0.000         0.000         0.000         0.000
 PC4BW          0.000         0.000         0.000         0.000
 PC5BW          0.000         0.000         0.000         0.000


           PSI
              CANEVRBW      ALCEVRBW      COGPGSBW      COGCOM        DEMAGE
              ________      ________      ________      ________      ________
 CANEVRBW       0.022
 ALCEVRBW       0.000         0.012
 COGPGSBW       0.000         0.000         0.056
 COGCOM         0.000         0.000         0.000         0.185
 DEMAGE         0.000         0.000         0.000         0.000         0.000
 DEMMAL         0.000         0.000         0.000         0.000         0.000
 CANEVR         0.000         0.000         0.000         0.000         0.000
 ALCEVR         0.000         0.000         0.000         0.000         0.000
 COGPGS         0.000         0.000         0.000         0.000         0.000
 PC1BW          0.000         0.000         0.000         0.000         0.000
 PC2BW          0.000         0.000         0.000         0.000         0.000
 PC3BW          0.000         0.000         0.000         0.000         0.000
 PC4BW          0.000         0.000         0.000         0.000         0.000
 PC5BW          0.000         0.000         0.000         0.000         0.000


           PSI
              DEMMAL        CANEVR        ALCEVR        COGPGS        PC1BW
              ________      ________      ________      ________      ________
 DEMMAL         0.000
 CANEVR         0.000         0.000
 ALCEVR         0.000         0.000         0.000
 COGPGS         0.000         0.000         0.000         0.000
 PC1BW          0.000         0.000         0.000         0.000         0.001
 PC2BW          0.000         0.000         0.000         0.000         0.000
 PC3BW          0.000         0.000         0.000         0.000         0.000
 PC4BW          0.000         0.000         0.000         0.000         0.000
 PC5BW          0.000         0.000         0.000         0.000         0.000


           PSI
              PC2BW         PC3BW         PC4BW         PC5BW
              ________      ________      ________      ________
 PC2BW          0.001
 PC3BW          0.000         0.000
 PC4BW          0.000         0.000         0.001
 PC5BW          0.000         0.000         0.000         0.001


SAMPLE STATISTICS FOR ESTIMATED FACTOR SCORES


     SAMPLE STATISTICS


           Means
              B_COGCOM
              ________
 1              0.024


           Covariances
              B_COGCOM
              ________
 B_COGCOM       0.066


           Correlations
              B_COGCOM
              ________
 B_COGCOM       1.000


PLOT INFORMATION

The following plots are available:

  Histograms (sample values)
  Scatterplots (sample values)

     Beginning Time:  13:06:37
        Ending Time:  13:06:38
       Elapsed Time:  00:00:01



MUTHEN & MUTHEN
3463 Stoner Ave.
Los Angeles, CA  90066

Tel: (310) 391-9971
Fax: (310) 391-8971
Web: www.StatModel.com
Support: Support@StatModel.com

Copyright (c) 1998-2015 Muthen & Muthen
