Mplus VERSION 7.4 (Mac)
MUTHEN & MUTHEN
07/30/2019   1:09 PM

INPUT INSTRUCTIONS


  TITLE: CANF6M_WASCOM_1;

  DATA:
  	FILE = GD190618.csv;

  VARIABLE:
  	NAMES =
  			ID_Fam   Wave     ID_MPL
  			DEMMAL   DEMAGE   DEMHSP   DEMRAC
  			SRPWCR
  			WASVCB   WASBLK   WASDGT   WSISUM
  			TRLATS   TRLBTS
  			CVLASF   CVLASC   CVLALF   CVLALC
  			WASCOM   COGCOM   CVLCOM
  			CANEVR   CANONS   CANFLF
  			CANFTY   CANF6M   CANAC6
  			CANYRS
  			ALCEVR   ALCONS   ALCFLF
  			ALCFTY   ALCF6M   ALCAC6
  			ALCYRS
  			SRPWCRDt WASVCBDt WASBLKDt
  			WASDGTDt WSISUMDt TRLATSDt
  			TRLBTSDt CVLASFDt CVLASCDt
  			CVLALFDt CVLALCDt WASCOMDt
  			COGCOMDt CVLCOMDt
  			COGPGS
  			PC1 PC2 PC3 PC4 PC5 PC6
  		;
  	USEVARIABLES =
  		! outcome
    			WASCOM
    		! covariates
    			DEMAGE
    			DEMMAL  	
    		! within predictor
    			CANF6M
    			ALCF6M
    			COGPGS
    		! between predictor
    			CANF6MBW
    			ALCF6MBW
    			COGPGSBW
    			PC1BW
    			PC2BW
    			PC3BW
    			PC4BW
    			PC5BW
    		;
    	USEOBSERVATION =
    			(Wave EQ 1 AND WASCOMDt EQ 1)
    		;
    	CLUSTER =
    			ID_Fam
    		;
    	MISSING = .;
    	BETWEEN =   		
    			CANF6MBW
    			ALCF6MBW
    			COGPGSBW
    			PC1BW
    			PC2BW
    			PC3BW
    			PC4BW
    			PC5BW		
    		;
    	WITHIN  		
    			CANF6M
    			ALCF6M
    			COGPGS
    			DEMAGE
    			DEMMAL
    		;  		

  DEFINE:
  	! CREATE BW FAM PREDICTOR
  		CANF6MBW = cluster_mean (CANF6M);
  		ALCF6MBW = cluster_mean (ALCF6M);
  		COGPGSBW = cluster_mean (COGPGS);
  		PC1BW = cluster_mean (PC1);
  		PC2BW = cluster_mean (PC2);
  		PC3BW = cluster_mean (PC3);
  		PC4BW = cluster_mean (PC4);
  		PC5BW = cluster_mean (PC5);
  	! CENTER WI FAM VARIABLES
  		CENTER CANF6M (GROUPMEAN);
  		CENTER ALCF6M (GROUPMEAN);
  		CENTER COGPGS (GROUPMEAN);
  		CENTER DEMMAL (GRANDMEAN);
  		CENTER DEMAGE (GRANDMEAN);
  	! CENTER BW FAM VARIABLES
  		CENTER CANF6MBW (GRANDMEAN);
  		CENTER ALCF6MBW (GRANDMEAN);
  		CENTER COGPGSBW (GRANDMEAN);
  		CENTER PC1BW (GRANDMEAN);
  		CENTER PC2BW (GRANDMEAN);
  		CENTER PC3BW (GRANDMEAN);
  		CENTER PC4BW (GRANDMEAN);
  		CENTER PC5BW (GRANDMEAN);

  ANALYSIS:
          ITERATIONS = 1000000;
          TYPE = TWOLEVEL RANDOM;
          ALGORITHM = INTEGRATION;

  OUTPUT:
  	SAMPSTAT STDYX TECH1 CINT;

  MODEL:
  %WITHIN%
  	WASCOM on CANF6M;
  	WASCOM on  DEMMAL DEMAGE COGPGS ALCF6M;
  	COGPGS*;
  	ALCF6M*;
  	WASCOM*;
  	CANF6M WITH DEMMAL*;
  	CANF6M WITH DEMAGE*;
  	CANF6M WITH COGPGS*;

  	CANF6M WITH ALCF6M*;
  	
  	ALCF6M WITH DEMMAL*;
  	ALCF6M WITH DEMAGE*;
  	ALCF6M WITH COGPGS*;


  %BETWEEN%
  	WASCOM on CANF6MBW COGPGSBW ALCF6MBW
  			    PC1BW PC2BW PC3BW PC4BW PC5BW;
  	COGPGSBW*;
  	ALCF6MBW;
  	WASCOM*;
  	CANF6MBW WITH COGPGSBW*;
  	CANF6MBW WITH ALCF6MBW*;
  	ALCF6MBW WITH COGPGSBW*;

  PLOT:
  	TYPE = plot3;



*** WARNING
  Data set contains cases with missing on x-variables.
  These cases were not included in the analysis.
  Number of cases with missing on x-variables:  160
   1 WARNING(S) FOUND IN THE INPUT INSTRUCTIONS



CANF6M_WASCOM_1;

SUMMARY OF ANALYSIS

Number of groups                                                 1
Number of observations                                         965

Number of dependent variables                                    1
Number of independent variables                                 13
Number of continuous latent variables                            0

Observed dependent variables

  Continuous
   WASCOM

Observed independent variables
   DEMAGE      DEMMAL      CANF6M      ALCF6M      COGPGS      CANF6MBW
   ALCF6MBW    COGPGSBW    PC1BW       PC2BW       PC3BW       PC4BW
   PC5BW

Variables with special functions

  Cluster variable      ID_FAM

  Within variables
   DEMAGE      DEMMAL      CANF6M      ALCF6M      COGPGS

  Between variables
   CANF6MBW    ALCF6MBW    COGPGSBW    PC1BW       PC2BW       PC3BW
   PC4BW       PC5BW

  Centering (GRANDMEAN)
   DEMMAL      DEMAGE      CANF6MBW
   ALCF6MBW    COGPGSBW    PC1BW       PC2BW       PC3BW       PC4BW
   PC5BW

  Centering (GROUPMEAN)
   CANF6M      ALCF6M      COGPGS


Estimator                                                      MLR
Information matrix                                        OBSERVED
Optimization Specifications for the Quasi-Newton Algorithm for
Continuous Outcomes
  Maximum number of iterations                             1000000
  Convergence criterion                                  0.100D-05
Optimization Specifications for the EM Algorithm
  Maximum number of iterations                                 500
  Convergence criteria
    Loglikelihood change                                 0.100D-02
    Relative loglikelihood change                        0.100D-05
    Derivative                                           0.100D-02
Optimization Specifications for the M step of the EM Algorithm for
Categorical Latent variables
  Number of M step iterations                                    1
  M step convergence criterion                           0.100D-02
  Basis for M step termination                           ITERATION
Optimization Specifications for the M step of the EM Algorithm for
Censored, Binary or Ordered Categorical (Ordinal), Unordered
Categorical (Nominal) and Count Outcomes
  Number of M step iterations                                    1
  M step convergence criterion                           0.100D-02
  Basis for M step termination                           ITERATION
  Maximum value for logit thresholds                            15
  Minimum value for logit thresholds                           -15
  Minimum expected cell size for chi-square              0.100D-01
Maximum number of iterations for H1                           2000
Convergence criterion for H1                             0.100D-03
Optimization algorithm                                         EMA
Integration Specifications
  Type                                                    STANDARD
  Number of integration points                                  15
  Dimensions of numerical integration                            0
  Adaptive quadrature                                           ON
Cholesky                                                       OFF

Input data file(s)
  GD190618.csv
Input data format  FREE


SUMMARY OF DATA

     Number of missing data patterns             7
     Number of clusters                        490



COVARIANCE COVERAGE OF DATA

Minimum covariance coverage value   0.100


     PROPORTION OF DATA PRESENT FOR Y


           Covariance Coverage
              CANF6MBW      ALCF6MBW      COGPGSBW      WASCOM        DEMAGE
              ________      ________      ________      ________      ________
 CANF6MBW       0.999
 ALCF6MBW       0.999         0.999
 COGPGSBW       0.999         0.999         1.000
 WASCOM         0.999         0.999         1.000         1.000
 DEMAGE         0.998         0.998         0.999         0.999         0.999
 DEMMAL         0.999         0.999         1.000         1.000         0.999
 CANF6M         0.997         0.997         0.997         0.997         0.996
 ALCF6M         0.996         0.996         0.996         0.996         0.995
 COGPGS         0.696         0.696         0.697         0.697         0.697
 PC1BW          0.999         0.999         1.000         1.000         0.999
 PC2BW          0.999         0.999         1.000         1.000         0.999
 PC3BW          0.999         0.999         1.000         1.000         0.999
 PC4BW          0.999         0.999         1.000         1.000         0.999
 PC5BW          0.999         0.999         1.000         1.000         0.999


           Covariance Coverage
              DEMMAL        CANF6M        ALCF6M        COGPGS        PC1BW
              ________      ________      ________      ________      ________
 DEMMAL         1.000
 CANF6M         0.997         0.997
 ALCF6M         0.996         0.996         0.996
 COGPGS         0.697         0.695         0.694         0.697
 PC1BW          1.000         0.997         0.996         0.697         1.000
 PC2BW          1.000         0.997         0.996         0.697         1.000
 PC3BW          1.000         0.997         0.996         0.697         1.000
 PC4BW          1.000         0.997         0.996         0.697         1.000
 PC5BW          1.000         0.997         0.996         0.697         1.000


           Covariance Coverage
              PC2BW         PC3BW         PC4BW         PC5BW
              ________      ________      ________      ________
 PC2BW          1.000
 PC3BW          1.000         1.000
 PC4BW          1.000         1.000         1.000
 PC5BW          1.000         1.000         1.000         1.000


SAMPLE STATISTICS


     ESTIMATED SAMPLE STATISTICS


           Means
              CANF6MBW      ALCF6MBW      COGPGSBW      WASCOM        DEMAGE
              ________      ________      ________      ________      ________
 1              0.002         0.001         0.000         0.000         0.000


           Means
              DEMMAL        CANF6M        ALCF6M        COGPGS        PC1BW
              ________      ________      ________      ________      ________
 1              0.000         0.005         0.002        -0.002         0.000


           Means
              PC2BW         PC3BW         PC4BW         PC5BW
              ________      ________      ________      ________
 1              0.000         0.000         0.000         0.000


           Covariances
              CANF6MBW      ALCF6MBW      COGPGSBW      WASCOM        DEMAGE
              ________      ________      ________      ________      ________
 CANF6MBW      70.297
 ALCF6MBW      10.989        18.902
 COGPGSBW       0.031         0.098         0.113
 WASCOM         0.655         0.021         0.055         0.883
 DEMAGE        -0.890         1.218         0.049        -0.139         6.398
 DEMMAL         0.523         0.106         0.003         0.032        -0.181
 CANF6M         0.035         0.007         0.002         0.164        -3.918
 ALCF6M         0.031        -0.001         0.000         0.051        -0.409
 COGPGS        -0.001        -0.004         0.000         0.005        -0.021
 PC1BW         -0.025        -0.013        -0.003        -0.008         0.001
 PC2BW         -0.048         0.003         0.000        -0.012         0.005
 PC3BW         -0.002        -0.006         0.000        -0.001        -0.001
 PC4BW          0.001         0.007         0.001         0.001         0.004
 PC5BW          0.011        -0.001        -0.001         0.000         0.000


           Covariances
              DEMMAL        CANF6M        ALCF6M        COGPGS        PC1BW
              ________      ________      ________      ________      ________
 DEMMAL         0.234
 CANF6M         0.564        48.227
 ALCF6M         0.119         9.706        15.856
 COGPGS         0.003         0.045         0.021         0.018
 PC1BW         -0.001         0.000         0.000         0.000         0.001
 PC2BW         -0.001         0.000         0.000         0.000         0.000
 PC3BW          0.000         0.000         0.000         0.000         0.000
 PC4BW          0.001         0.000         0.000         0.000         0.000
 PC5BW          0.000         0.000         0.000         0.000         0.000


           Covariances
              PC2BW         PC3BW         PC4BW         PC5BW
              ________      ________      ________      ________
 PC2BW          0.001
 PC3BW          0.000         0.001
 PC4BW          0.000         0.000         0.001
 PC5BW          0.000         0.000         0.000         0.001


           Correlations
              CANF6MBW      ALCF6MBW      COGPGSBW      WASCOM        DEMAGE
              ________      ________      ________      ________      ________
 CANF6MBW       1.000
 ALCF6MBW       0.301         1.000
 COGPGSBW       0.011         0.067         1.000
 WASCOM         0.083         0.005         0.175         1.000
 DEMAGE        -0.042         0.111         0.058        -0.058         1.000
 DEMMAL         0.129         0.050         0.019         0.071        -0.148
 CANF6M         0.001         0.000         0.001         0.025        -0.223
 ALCF6M         0.001         0.000         0.000         0.014        -0.041
 COGPGS        -0.001        -0.007        -0.004         0.042        -0.060
 PC1BW         -0.081        -0.077        -0.258        -0.240         0.014
 PC2BW         -0.155         0.017        -0.028        -0.358         0.057
 PC3BW         -0.007        -0.045        -0.005        -0.040        -0.012
 PC4BW          0.004         0.049         0.092         0.022         0.044
 PC5BW          0.040        -0.006        -0.051        -0.010         0.001


           Correlations
              DEMMAL        CANF6M        ALCF6M        COGPGS        PC1BW
              ________      ________      ________      ________      ________
 DEMMAL         1.000
 CANF6M         0.168         1.000
 ALCF6M         0.062         0.351         1.000
 COGPGS         0.050         0.048         0.040         1.000
 PC1BW         -0.048         0.000         0.000         0.001         1.000
 PC2BW         -0.061         0.000        -0.001        -0.001        -0.024
 PC3BW          0.017         0.000         0.000         0.001         0.019
 PC4BW          0.045         0.000         0.000         0.000        -0.010
 PC5BW          0.022         0.000         0.000         0.000         0.031


           Correlations
              PC2BW         PC3BW         PC4BW         PC5BW
              ________      ________      ________      ________
 PC2BW          1.000
 PC3BW          0.031         1.000
 PC4BW          0.004        -0.139         1.000
 PC5BW         -0.005         0.012        -0.014         1.000


     MAXIMUM LOG-LIKELIHOOD VALUE FOR THE UNRESTRICTED (H1) MODEL IS -6387.376


UNIVARIATE SAMPLE STATISTICS


     UNIVARIATE HIGHER-ORDER MOMENT DESCRIPTIVE STATISTICS

         Variable/         Mean/     Skewness/   Minimum/ % with                Percentiles
        Sample Size      Variance    Kurtosis    Maximum  Min/Max      20%/60%    40%/80%    Median

     CANF6MBW              0.485       0.791      -8.508   13.29%      -8.285     -4.423     -1.008
             489.000      76.983      -0.395      21.492    3.07%       1.492      6.992
     ALCF6MBW              0.072       2.053      -3.936    6.54%      -3.600     -2.436     -1.851
             489.000      22.726       5.439      26.064    0.20%      -0.606      3.564
     COGPGSBW             -0.003       0.237      -1.031    0.20%      -0.294     -0.092     -0.016
             490.000       0.119       0.592       1.225    0.20%       0.052      0.280
     WASCOM                0.000      -0.040      -2.668    0.10%      -0.801     -0.241      0.004
             965.000       0.883      -0.226       2.816    0.10%       0.257      0.847
     DEMAGE                0.000       1.437      -4.026    0.10%      -1.976     -1.076     -0.551
             964.000       6.399       2.956      15.944    0.10%      -0.026      1.574
     DEMMAL                0.000      -0.516      -0.625   37.51%      -0.625      0.375      0.375
             965.000       0.234      -1.734       0.375   62.49%       0.375      0.375
     CANF6M                0.000       0.143     -18.113    0.10%      -5.000     -0.085      0.000
             962.000      48.230       0.317      19.887    0.10%       0.000      4.665
     ALCF6M                0.000       0.320     -14.915    0.10%      -1.920     -0.165      0.000
             961.000      15.856       3.095      17.057    0.10%       0.000      1.665
     COGPGS                0.000      -0.006      -0.505    0.15%      -0.046      0.000      0.000
             673.000       0.018       2.763       0.604    0.15%       0.000      0.048
     PC1BW                 0.000       2.449      -0.021    0.20%      -0.019     -0.016     -0.013
             490.000       0.001       4.597       0.135    0.20%      -0.009     -0.004
     PC2BW                -0.001       0.930      -0.038    0.20%      -0.032     -0.026     -0.017
             490.000       0.001      -0.197       0.130    0.20%      -0.003      0.035
     PC3BW                 0.000      13.417      -0.118    0.20%      -0.005     -0.002      0.000
             490.000       0.001     267.178       0.454    0.20%       0.001      0.005
     PC4BW                -0.001       5.694      -0.094    0.20%      -0.009     -0.006     -0.005
             490.000       0.001      39.868       0.284    0.20%      -0.003     -0.001
     PC5BW                 0.001     -17.522      -0.544    0.20%      -0.002      0.000      0.001
             490.000       0.001     361.273       0.110    0.20%       0.001      0.004

     THE STANDARD ERRORS OF THE MODEL PARAMETER ESTIMATES MAY NOT BE
     TRUSTWORTHY FOR SOME PARAMETERS DUE TO A NON-POSITIVE DEFINITE
     FIRST-ORDER DERIVATIVE PRODUCT MATRIX.  THIS MAY BE DUE TO THE STARTING
     VALUES BUT MAY ALSO BE AN INDICATION OF MODEL NONIDENTIFICATION.  THE
     CONDITION NUMBER IS       0.641D-17.  PROBLEM INVOLVING THE FOLLOWING PARAMETER:
     Parameter 20, %WITHIN%: ALCF6M


THE MODEL ESTIMATION TERMINATED NORMALLY



MODEL FIT INFORMATION

Number of Free Parameters                       42

Loglikelihood

          H0 Value                      -12887.505
          H0 Scaling Correction Factor      1.3104
            for MLR

Information Criteria

          Akaike (AIC)                   25859.010
          Bayesian (BIC)                 26063.640
          Sample-Size Adjusted BIC       25930.249
            (n* = (n + 2) / 24)



MODEL RESULTS

                                                    Two-Tailed
                    Estimate       S.E.  Est./S.E.    P-Value

Within Level

 WASCOM     ON
    CANF6M             0.002      0.003      0.570      0.569
    DEMMAL             0.035      0.058      0.591      0.555
    DEMAGE            -0.007      0.012     -0.560      0.576
    COGPGS             0.267      0.176      1.524      0.127
    ALCF6M             0.001      0.006      0.235      0.814

 CANF6M   WITH
    DEMMAL             0.461      0.104      4.430      0.000
    DEMAGE            -3.546      0.589     -6.022      0.000
    COGPGS             0.029      0.055      0.528      0.597
    ALCF6M             9.630      1.401      6.872      0.000

 ALCF6M   WITH
    DEMMAL             0.108      0.063      1.717      0.086
    DEMAGE            -0.314      0.369     -0.850      0.395
    COGPGS             0.019      0.042      0.447      0.655

 Means
    DEMAGE             0.000      0.083      0.002      0.999
    DEMMAL             0.000      0.017      0.000      1.000
    CANF6M             0.005      0.003      1.570      0.116
    ALCF6M             0.002      0.002      1.386      0.166
    COGPGS            -0.001      0.001     -0.498      0.619

 Variances
    DEMAGE             6.399      0.459     13.943      0.000
    DEMMAL             0.234      0.004     56.688      0.000
    CANF6M            47.803      3.183     15.019      0.000
    ALCF6M            15.845      1.606      9.866      0.000
    COGPGS             0.018      0.002      8.974      0.000

 Residual Variances
    WASCOM             0.443      0.028     15.748      0.000

Between Level

 WASCOM     ON
    CANF6MBW           0.002      0.004      0.417      0.677
    COGPGSBW           0.325      0.100      3.238      0.001
    ALCF6MBW          -0.004      0.007     -0.572      0.568
    PC1BW             -5.378      0.853     -6.305      0.000
    PC2BW             -8.980      0.862    -10.420      0.000
    PC3BW             -0.701      0.565     -1.240      0.215
    PC4BW              0.232      0.998      0.232      0.816
    PC5BW              0.042      0.541      0.077      0.938

 CANF6MBW WITH
    COGPGSBW          -0.028      0.141     -0.202      0.840
    ALCF6MBW          12.198      2.335      5.223      0.000

 ALCF6MBW WITH
    COGPGSBW           0.105      0.073      1.437      0.151

 Means
    CANF6MBW           0.485      0.397      1.222      0.222
    ALCF6MBW           0.074      0.216      0.343      0.732
    COGPGSBW          -0.003      0.016     -0.206      0.837

 Intercepts
    WASCOM             0.002      0.032      0.056      0.955

 Variances
    CANF6MBW          76.983      4.410     17.454      0.000
    ALCF6MBW          22.728      2.803      8.108      0.000
    COGPGSBW           0.119      0.009     13.750      0.000

 Residual Variances
    WASCOM             0.259      0.032      8.207      0.000


STANDARDIZED MODEL RESULTS


STDYX Standardization

                                                    Two-Tailed
                    Estimate       S.E.  Est./S.E.    P-Value

Within Level

 WASCOM     ON
    CANF6M             0.020      0.036      0.568      0.570
    DEMMAL             0.025      0.042      0.591      0.555
    DEMAGE            -0.025      0.046     -0.556      0.578
    COGPGS             0.054      0.036      1.511      0.131
    ALCF6M             0.008      0.034      0.236      0.814

 CANF6M   WITH
    DEMMAL             0.138      0.030      4.522      0.000
    DEMAGE            -0.203      0.029     -6.969      0.000
    COGPGS             0.031      0.059      0.527      0.598
    ALCF6M             0.350      0.041      8.502      0.000

 ALCF6M   WITH
    DEMMAL             0.056      0.032      1.732      0.083
    DEMAGE            -0.031      0.036     -0.859      0.391
    COGPGS             0.035      0.077      0.448      0.654

 Means
    DEMAGE             0.000      0.033      0.002      0.999
    DEMMAL             0.000      0.034      0.000      1.000
    CANF6M             0.001      0.000      1.574      0.116
    ALCF6M             0.001      0.000      1.393      0.164
    COGPGS            -0.004      0.007     -0.497      0.619

 Variances
    DEMAGE             1.000      0.000    999.000    999.000
    DEMMAL             1.000      0.000    999.000    999.000
    CANF6M             1.000      0.000    999.000    999.000
    ALCF6M             1.000      0.000    999.000    999.000
    COGPGS             1.000      0.000    999.000    999.000

 Residual Variances
    WASCOM             0.995      0.005    189.028      0.000

Between Level

 WASCOM     ON
    CANF6MBW           0.021      0.051      0.416      0.678
    COGPGSBW           0.174      0.055      3.178      0.001
    ALCF6MBW          -0.031      0.054     -0.569      0.570
    PC1BW             -0.318      0.049     -6.469      0.000
    PC2BW             -0.497      0.043    -11.692      0.000
    PC3BW             -0.026      0.021     -1.241      0.214
    PC4BW              0.010      0.045      0.233      0.816
    PC5BW              0.002      0.022      0.077      0.938

 CANF6MBW WITH
    COGPGSBW          -0.009      0.047     -0.202      0.840
    ALCF6MBW           0.292      0.051      5.747      0.000

 ALCF6MBW WITH
    COGPGSBW           0.064      0.044      1.430      0.153

 Means
    CANF6MBW           0.055      0.044      1.249      0.212
    ALCF6MBW           0.016      0.045      0.348      0.727
    COGPGSBW          -0.009      0.045     -0.206      0.837

 Intercepts
    WASCOM             0.003      0.050      0.056      0.955

 Variances
    CANF6MBW           1.000      0.000    999.000    999.000
    ALCF6MBW           1.000      0.000    999.000    999.000
    COGPGSBW           1.000      0.000    999.000    999.000

 Residual Variances
    WASCOM             0.625      0.048     12.976      0.000


R-SQUARE

Within Level

    Observed                                        Two-Tailed
    Variable        Estimate       S.E.  Est./S.E.    P-Value

    WASCOM             0.005      0.005      1.000      0.317

Between Level

    Observed                                        Two-Tailed
    Variable        Estimate       S.E.  Est./S.E.    P-Value

    WASCOM             0.375      0.048      7.788      0.000


QUALITY OF NUMERICAL RESULTS

     Condition Number for the Information Matrix              0.641E-17
       (ratio of smallest to largest eigenvalue)


CONFIDENCE INTERVALS OF MODEL RESULTS

                  Lower .5%  Lower 2.5%    Lower 5%    Estimate    Upper 5%  Upper 2.5%   Upper .5%

Within Level

 WASCOM   ON
    CANF6M          -0.007      -0.005      -0.004       0.002       0.008       0.009       0.011
    DEMMAL          -0.116      -0.080      -0.062       0.035       0.131       0.149       0.185
    DEMAGE          -0.037      -0.030      -0.026      -0.007       0.013       0.017       0.024
    COGPGS          -0.185      -0.077      -0.021       0.267       0.556       0.611       0.720
    ALCF6M          -0.013      -0.010      -0.008       0.001       0.011       0.012       0.016

 CANF6M   WITH
    DEMMAL           0.193       0.257       0.290       0.461       0.632       0.664       0.728
    DEMAGE          -5.062      -4.700      -4.514      -3.546      -2.577      -2.392      -2.029
    COGPGS          -0.112      -0.078      -0.061       0.029       0.119       0.136       0.170
    ALCF6M           6.020       6.883       7.324       9.630      11.935      12.376      13.239

 ALCF6M   WITH
    DEMMAL          -0.054      -0.015       0.005       0.108       0.212       0.232       0.271
    DEMAGE          -1.265      -1.037      -0.921      -0.314       0.293       0.410       0.637
    COGPGS          -0.089      -0.063      -0.050       0.019       0.087       0.100       0.126

 Means
    DEMAGE          -0.213      -0.162      -0.136       0.000       0.137       0.163       0.214
    DEMMAL          -0.043      -0.032      -0.027       0.000       0.027       0.032       0.043
    CANF6M          -0.003      -0.001       0.000       0.005       0.010       0.011       0.013
    ALCF6M          -0.002      -0.001       0.000       0.002       0.005       0.006       0.007
    COGPGS          -0.003      -0.002      -0.002      -0.001       0.001       0.001       0.002

 Variances
    DEMAGE           5.216       5.499       5.644       6.399       7.153       7.298       7.581
    DEMMAL           0.224       0.226       0.228       0.234       0.241       0.243       0.245
    CANF6M          39.605      41.565      42.568      47.803      53.039      54.042      56.001
    ALCF6M          11.708      12.697      13.203      15.845      18.487      18.993      19.982
    COGPGS           0.013       0.014       0.015       0.018       0.022       0.022       0.023

 Residual Variances
    WASCOM           0.370       0.388       0.397       0.443       0.489       0.498       0.515

Between Level

 WASCOM   ON
    CANF6MBW        -0.008      -0.006      -0.005       0.002       0.008       0.009       0.011
    COGPGSBW         0.066       0.128       0.160       0.325       0.489       0.521       0.583
    ALCF6MBW        -0.023      -0.018      -0.016      -0.004       0.008       0.010       0.015
    PC1BW           -7.575      -7.050      -6.781      -5.378      -3.975      -3.706      -3.181
    PC2BW          -11.200     -10.670     -10.398      -8.980      -7.563      -7.291      -6.760
    PC3BW           -2.156      -1.808      -1.630      -0.701       0.229       0.406       0.754
    PC4BW           -2.338      -1.724      -1.409       0.232       1.873       2.188       2.802
    PC5BW           -1.351      -1.018      -0.848       0.042       0.932       1.102       1.435

 CANF6MBW WITH
    COGPGSBW        -0.392      -0.305      -0.261      -0.028       0.204       0.248       0.335
    ALCF6MBW         6.183       7.621       8.357      12.198      16.040      16.776      18.214

 ALCF6MBW WITH
    COGPGSBW        -0.083      -0.038      -0.015       0.105       0.224       0.247       0.292

 Means
    CANF6MBW        -0.537      -0.293      -0.168       0.485       1.137       1.262       1.506
    ALCF6MBW        -0.481      -0.349      -0.281       0.074       0.429       0.496       0.629
    COGPGSBW        -0.043      -0.034      -0.029      -0.003       0.022       0.027       0.037

 Intercepts
    WASCOM          -0.081      -0.061      -0.051       0.002       0.054       0.064       0.084

 Variances
    CANF6MBW        65.622      68.338      69.728      76.983      84.238      85.627      88.343
    ALCF6MBW        15.508      17.234      18.117      22.728      27.339      28.222      29.948
    COGPGSBW         0.097       0.102       0.105       0.119       0.134       0.136       0.142

 Residual Variances
    WASCOM           0.178       0.197       0.207       0.259       0.311       0.321       0.341


CONFIDENCE INTERVALS OF STANDARDIZED MODEL RESULTS


STDYX Standardization

                  Lower .5%  Lower 2.5%    Lower 5%    Estimate    Upper 5%  Upper 2.5%   Upper .5%

Within Level

 WASCOM   ON
    CANF6M          -0.071      -0.049      -0.038       0.020       0.079       0.090       0.112
    DEMMAL          -0.084      -0.058      -0.045       0.025       0.095       0.108       0.134
    DEMAGE          -0.143      -0.115      -0.100      -0.025       0.050       0.064       0.092
    COGPGS          -0.038      -0.016      -0.005       0.054       0.113       0.124       0.146
    ALCF6M          -0.078      -0.058      -0.047       0.008       0.063       0.074       0.094

 CANF6M   WITH
    DEMMAL           0.059       0.078       0.088       0.138       0.188       0.197       0.216
    DEMAGE          -0.278      -0.260      -0.251      -0.203      -0.155      -0.146      -0.128
    COGPGS          -0.120      -0.084      -0.066       0.031       0.127       0.146       0.182
    ALCF6M           0.244       0.269       0.282       0.350       0.418       0.431       0.456

 ALCF6M   WITH
    DEMMAL          -0.027      -0.007       0.003       0.056       0.110       0.120       0.140
    DEMAGE          -0.125      -0.102      -0.091      -0.031       0.029       0.040       0.062
    COGPGS          -0.164      -0.117      -0.092       0.035       0.162       0.186       0.234

 Means
    DEMAGE          -0.084      -0.064      -0.054       0.000       0.054       0.064       0.084
    DEMMAL          -0.088      -0.067      -0.056       0.000       0.056       0.067       0.088
    CANF6M           0.000       0.000       0.000       0.001       0.001       0.002       0.002
    ALCF6M          -0.001       0.000       0.000       0.001       0.001       0.001       0.002
    COGPGS          -0.023      -0.018      -0.016      -0.004       0.009       0.011       0.016

 Variances
    DEMAGE           1.000       1.000       1.000       1.000       1.000       1.000       1.000
    DEMMAL           1.000       1.000       1.000       1.000       1.000       1.000       1.000
    CANF6M           1.000       1.000       1.000       1.000       1.000       1.000       1.000
    ALCF6M           1.000       1.000       1.000       1.000       1.000       1.000       1.000
    COGPGS           1.000       1.000       1.000       1.000       1.000       1.000       1.000

 Residual Variances
    WASCOM           0.981       0.984       0.986       0.995       1.003       1.005       1.008

Between Level

 WASCOM   ON
    CANF6MBW        -0.111      -0.079      -0.063       0.021       0.106       0.122       0.154
    COGPGSBW         0.033       0.067       0.084       0.174       0.264       0.282       0.315
    ALCF6MBW        -0.170      -0.136      -0.119      -0.031       0.058       0.075       0.108
    PC1BW           -0.444      -0.414      -0.399      -0.318      -0.237      -0.222      -0.191
    PC2BW           -0.607      -0.580      -0.567      -0.497      -0.427      -0.414      -0.388
    PC3BW           -0.080      -0.067      -0.060      -0.026       0.008       0.015       0.028
    PC4BW           -0.106      -0.078      -0.064       0.010       0.085       0.099       0.127
    PC5BW           -0.056      -0.042      -0.035       0.002       0.038       0.045       0.059

 CANF6MBW WITH
    COGPGSBW        -0.129      -0.101      -0.086      -0.009       0.067       0.082       0.110
    ALCF6MBW         0.161       0.192       0.208       0.292       0.375       0.391       0.422

 ALCF6MBW WITH
    COGPGSBW        -0.051      -0.024      -0.010       0.064       0.137       0.151       0.178

 Means
    CANF6MBW        -0.059      -0.031      -0.018       0.055       0.128       0.142       0.169
    ALCF6MBW        -0.099      -0.072      -0.058       0.016       0.089       0.103       0.130
    COGPGSBW        -0.126      -0.098      -0.084      -0.009       0.065       0.079       0.107

 Intercepts
    WASCOM          -0.125      -0.095      -0.079       0.003       0.084       0.100       0.131

 Variances
    CANF6MBW         1.000       1.000       1.000       1.000       1.000       1.000       1.000
    ALCF6MBW         1.000       1.000       1.000       1.000       1.000       1.000       1.000
    COGPGSBW         1.000       1.000       1.000       1.000       1.000       1.000       1.000

 Residual Variances
    WASCOM           0.501       0.531       0.546       0.625       0.704       0.719       0.749


TECHNICAL 1 OUTPUT


     PARAMETER SPECIFICATION FOR WITHIN


           NU
              CANF6MBW      ALCF6MBW      COGPGSBW      WASCOM        DEMAGE
              ________      ________      ________      ________      ________
 1                  0             0             0             0             0


           NU
              DEMMAL        CANF6M        ALCF6M        COGPGS        PC1BW
              ________      ________      ________      ________      ________
 1                  0             0             0             0             0


           NU
              PC2BW         PC3BW         PC4BW         PC5BW
              ________      ________      ________      ________
 1                  0             0             0             0


           LAMBDA
              CANF6MBW      ALCF6MBW      COGPGSBW      WASCOM        DEMAGE
              ________      ________      ________      ________      ________
 CANF6MBW           0             0             0             0             0
 ALCF6MBW           0             0             0             0             0
 COGPGSBW           0             0             0             0             0
 WASCOM             0             0             0             0             0
 DEMAGE             0             0             0             0             0
 DEMMAL             0             0             0             0             0
 CANF6M             0             0             0             0             0
 ALCF6M             0             0             0             0             0
 COGPGS             0             0             0             0             0
 PC1BW              0             0             0             0             0
 PC2BW              0             0             0             0             0
 PC3BW              0             0             0             0             0
 PC4BW              0             0             0             0             0
 PC5BW              0             0             0             0             0


           LAMBDA
              DEMMAL        CANF6M        ALCF6M        COGPGS        PC1BW
              ________      ________      ________      ________      ________
 CANF6MBW           0             0             0             0             0
 ALCF6MBW           0             0             0             0             0
 COGPGSBW           0             0             0             0             0
 WASCOM             0             0             0             0             0
 DEMAGE             0             0             0             0             0
 DEMMAL             0             0             0             0             0
 CANF6M             0             0             0             0             0
 ALCF6M             0             0             0             0             0
 COGPGS             0             0             0             0             0
 PC1BW              0             0             0             0             0
 PC2BW              0             0             0             0             0
 PC3BW              0             0             0             0             0
 PC4BW              0             0             0             0             0
 PC5BW              0             0             0             0             0


           LAMBDA
              PC2BW         PC3BW         PC4BW         PC5BW
              ________      ________      ________      ________
 CANF6MBW           0             0             0             0
 ALCF6MBW           0             0             0             0
 COGPGSBW           0             0             0             0
 WASCOM             0             0             0             0
 DEMAGE             0             0             0             0
 DEMMAL             0             0             0             0
 CANF6M             0             0             0             0
 ALCF6M             0             0             0             0
 COGPGS             0             0             0             0
 PC1BW              0             0             0             0
 PC2BW              0             0             0             0
 PC3BW              0             0             0             0
 PC4BW              0             0             0             0
 PC5BW              0             0             0             0


           THETA
              CANF6MBW      ALCF6MBW      COGPGSBW      WASCOM        DEMAGE
              ________      ________      ________      ________      ________
 CANF6MBW           0
 ALCF6MBW           0             0
 COGPGSBW           0             0             0
 WASCOM             0             0             0             0
 DEMAGE             0             0             0             0             0
 DEMMAL             0             0             0             0             0
 CANF6M             0             0             0             0             0
 ALCF6M             0             0             0             0             0
 COGPGS             0             0             0             0             0
 PC1BW              0             0             0             0             0
 PC2BW              0             0             0             0             0
 PC3BW              0             0             0             0             0
 PC4BW              0             0             0             0             0
 PC5BW              0             0             0             0             0


           THETA
              DEMMAL        CANF6M        ALCF6M        COGPGS        PC1BW
              ________      ________      ________      ________      ________
 DEMMAL             0
 CANF6M             0             0
 ALCF6M             0             0             0
 COGPGS             0             0             0             0
 PC1BW              0             0             0             0             0
 PC2BW              0             0             0             0             0
 PC3BW              0             0             0             0             0
 PC4BW              0             0             0             0             0
 PC5BW              0             0             0             0             0


           THETA
              PC2BW         PC3BW         PC4BW         PC5BW
              ________      ________      ________      ________
 PC2BW              0
 PC3BW              0             0
 PC4BW              0             0             0
 PC5BW              0             0             0             0


           ALPHA
              CANF6MBW      ALCF6MBW      COGPGSBW      WASCOM        DEMAGE
              ________      ________      ________      ________      ________
 1                  0             0             0             0             1


           ALPHA
              DEMMAL        CANF6M        ALCF6M        COGPGS        PC1BW
              ________      ________      ________      ________      ________
 1                  2             3             4             5             0


           ALPHA
              PC2BW         PC3BW         PC4BW         PC5BW
              ________      ________      ________      ________
 1                  0             0             0             0


           BETA
              CANF6MBW      ALCF6MBW      COGPGSBW      WASCOM        DEMAGE
              ________      ________      ________      ________      ________
 CANF6MBW           0             0             0             0             0
 ALCF6MBW           0             0             0             0             0
 COGPGSBW           0             0             0             0             0
 WASCOM             0             0             0             0             6
 DEMAGE             0             0             0             0             0
 DEMMAL             0             0             0             0             0
 CANF6M             0             0             0             0             0
 ALCF6M             0             0             0             0             0
 COGPGS             0             0             0             0             0
 PC1BW              0             0             0             0             0
 PC2BW              0             0             0             0             0
 PC3BW              0             0             0             0             0
 PC4BW              0             0             0             0             0
 PC5BW              0             0             0             0             0


           BETA
              DEMMAL        CANF6M        ALCF6M        COGPGS        PC1BW
              ________      ________      ________      ________      ________
 CANF6MBW           0             0             0             0             0
 ALCF6MBW           0             0             0             0             0
 COGPGSBW           0             0             0             0             0
 WASCOM             7             8             9            10             0
 DEMAGE             0             0             0             0             0
 DEMMAL             0             0             0             0             0
 CANF6M             0             0             0             0             0
 ALCF6M             0             0             0             0             0
 COGPGS             0             0             0             0             0
 PC1BW              0             0             0             0             0
 PC2BW              0             0             0             0             0
 PC3BW              0             0             0             0             0
 PC4BW              0             0             0             0             0
 PC5BW              0             0             0             0             0


           BETA
              PC2BW         PC3BW         PC4BW         PC5BW
              ________      ________      ________      ________
 CANF6MBW           0             0             0             0
 ALCF6MBW           0             0             0             0
 COGPGSBW           0             0             0             0
 WASCOM             0             0             0             0
 DEMAGE             0             0             0             0
 DEMMAL             0             0             0             0
 CANF6M             0             0             0             0
 ALCF6M             0             0             0             0
 COGPGS             0             0             0             0
 PC1BW              0             0             0             0
 PC2BW              0             0             0             0
 PC3BW              0             0             0             0
 PC4BW              0             0             0             0
 PC5BW              0             0             0             0


           PSI
              CANF6MBW      ALCF6MBW      COGPGSBW      WASCOM        DEMAGE
              ________      ________      ________      ________      ________
 CANF6MBW           0
 ALCF6MBW           0             0
 COGPGSBW           0             0             0
 WASCOM             0             0             0            11
 DEMAGE             0             0             0             0            12
 DEMMAL             0             0             0             0             0
 CANF6M             0             0             0             0            14
 ALCF6M             0             0             0             0            17
 COGPGS             0             0             0             0             0
 PC1BW              0             0             0             0             0
 PC2BW              0             0             0             0             0
 PC3BW              0             0             0             0             0
 PC4BW              0             0             0             0             0
 PC5BW              0             0             0             0             0


           PSI
              DEMMAL        CANF6M        ALCF6M        COGPGS        PC1BW
              ________      ________      ________      ________      ________
 DEMMAL            13
 CANF6M            15            16
 ALCF6M            18            19            20
 COGPGS             0            21            22            23
 PC1BW              0             0             0             0             0
 PC2BW              0             0             0             0             0
 PC3BW              0             0             0             0             0
 PC4BW              0             0             0             0             0
 PC5BW              0             0             0             0             0


           PSI
              PC2BW         PC3BW         PC4BW         PC5BW
              ________      ________      ________      ________
 PC2BW              0
 PC3BW              0             0
 PC4BW              0             0             0
 PC5BW              0             0             0             0


     PARAMETER SPECIFICATION FOR BETWEEN


           NU
              CANF6MBW      ALCF6MBW      COGPGSBW      WASCOM        DEMAGE
              ________      ________      ________      ________      ________
 1                  0             0             0             0             0


           NU
              DEMMAL        CANF6M        ALCF6M        COGPGS        PC1BW
              ________      ________      ________      ________      ________
 1                  0             0             0             0             0


           NU
              PC2BW         PC3BW         PC4BW         PC5BW
              ________      ________      ________      ________
 1                  0             0             0             0


           LAMBDA
              CANF6MBW      ALCF6MBW      COGPGSBW      WASCOM        DEMAGE
              ________      ________      ________      ________      ________
 CANF6MBW           0             0             0             0             0
 ALCF6MBW           0             0             0             0             0
 COGPGSBW           0             0             0             0             0
 WASCOM             0             0             0             0             0
 DEMAGE             0             0             0             0             0
 DEMMAL             0             0             0             0             0
 CANF6M             0             0             0             0             0
 ALCF6M             0             0             0             0             0
 COGPGS             0             0             0             0             0
 PC1BW              0             0             0             0             0
 PC2BW              0             0             0             0             0
 PC3BW              0             0             0             0             0
 PC4BW              0             0             0             0             0
 PC5BW              0             0             0             0             0


           LAMBDA
              DEMMAL        CANF6M        ALCF6M        COGPGS        PC1BW
              ________      ________      ________      ________      ________
 CANF6MBW           0             0             0             0             0
 ALCF6MBW           0             0             0             0             0
 COGPGSBW           0             0             0             0             0
 WASCOM             0             0             0             0             0
 DEMAGE             0             0             0             0             0
 DEMMAL             0             0             0             0             0
 CANF6M             0             0             0             0             0
 ALCF6M             0             0             0             0             0
 COGPGS             0             0             0             0             0
 PC1BW              0             0             0             0             0
 PC2BW              0             0             0             0             0
 PC3BW              0             0             0             0             0
 PC4BW              0             0             0             0             0
 PC5BW              0             0             0             0             0


           LAMBDA
              PC2BW         PC3BW         PC4BW         PC5BW
              ________      ________      ________      ________
 CANF6MBW           0             0             0             0
 ALCF6MBW           0             0             0             0
 COGPGSBW           0             0             0             0
 WASCOM             0             0             0             0
 DEMAGE             0             0             0             0
 DEMMAL             0             0             0             0
 CANF6M             0             0             0             0
 ALCF6M             0             0             0             0
 COGPGS             0             0             0             0
 PC1BW              0             0             0             0
 PC2BW              0             0             0             0
 PC3BW              0             0             0             0
 PC4BW              0             0             0             0
 PC5BW              0             0             0             0


           THETA
              CANF6MBW      ALCF6MBW      COGPGSBW      WASCOM        DEMAGE
              ________      ________      ________      ________      ________
 CANF6MBW           0
 ALCF6MBW           0             0
 COGPGSBW           0             0             0
 WASCOM             0             0             0             0
 DEMAGE             0             0             0             0             0
 DEMMAL             0             0             0             0             0
 CANF6M             0             0             0             0             0
 ALCF6M             0             0             0             0             0
 COGPGS             0             0             0             0             0
 PC1BW              0             0             0             0             0
 PC2BW              0             0             0             0             0
 PC3BW              0             0             0             0             0
 PC4BW              0             0             0             0             0
 PC5BW              0             0             0             0             0


           THETA
              DEMMAL        CANF6M        ALCF6M        COGPGS        PC1BW
              ________      ________      ________      ________      ________
 DEMMAL             0
 CANF6M             0             0
 ALCF6M             0             0             0
 COGPGS             0             0             0             0
 PC1BW              0             0             0             0             0
 PC2BW              0             0             0             0             0
 PC3BW              0             0             0             0             0
 PC4BW              0             0             0             0             0
 PC5BW              0             0             0             0             0


           THETA
              PC2BW         PC3BW         PC4BW         PC5BW
              ________      ________      ________      ________
 PC2BW              0
 PC3BW              0             0
 PC4BW              0             0             0
 PC5BW              0             0             0             0


           ALPHA
              CANF6MBW      ALCF6MBW      COGPGSBW      WASCOM        DEMAGE
              ________      ________      ________      ________      ________
 1                 24            25            26            27             0


           ALPHA
              DEMMAL        CANF6M        ALCF6M        COGPGS        PC1BW
              ________      ________      ________      ________      ________
 1                  0             0             0             0             0


           ALPHA
              PC2BW         PC3BW         PC4BW         PC5BW
              ________      ________      ________      ________
 1                  0             0             0             0


           BETA
              CANF6MBW      ALCF6MBW      COGPGSBW      WASCOM        DEMAGE
              ________      ________      ________      ________      ________
 CANF6MBW           0             0             0             0             0
 ALCF6MBW           0             0             0             0             0
 COGPGSBW           0             0             0             0             0
 WASCOM            28            29            30             0             0
 DEMAGE             0             0             0             0             0
 DEMMAL             0             0             0             0             0
 CANF6M             0             0             0             0             0
 ALCF6M             0             0             0             0             0
 COGPGS             0             0             0             0             0
 PC1BW              0             0             0             0             0
 PC2BW              0             0             0             0             0
 PC3BW              0             0             0             0             0
 PC4BW              0             0             0             0             0
 PC5BW              0             0             0             0             0


           BETA
              DEMMAL        CANF6M        ALCF6M        COGPGS        PC1BW
              ________      ________      ________      ________      ________
 CANF6MBW           0             0             0             0             0
 ALCF6MBW           0             0             0             0             0
 COGPGSBW           0             0             0             0             0
 WASCOM             0             0             0             0            31
 DEMAGE             0             0             0             0             0
 DEMMAL             0             0             0             0             0
 CANF6M             0             0             0             0             0
 ALCF6M             0             0             0             0             0
 COGPGS             0             0             0             0             0
 PC1BW              0             0             0             0             0
 PC2BW              0             0             0             0             0
 PC3BW              0             0             0             0             0
 PC4BW              0             0             0             0             0
 PC5BW              0             0             0             0             0


           BETA
              PC2BW         PC3BW         PC4BW         PC5BW
              ________      ________      ________      ________
 CANF6MBW           0             0             0             0
 ALCF6MBW           0             0             0             0
 COGPGSBW           0             0             0             0
 WASCOM            32            33            34            35
 DEMAGE             0             0             0             0
 DEMMAL             0             0             0             0
 CANF6M             0             0             0             0
 ALCF6M             0             0             0             0
 COGPGS             0             0             0             0
 PC1BW              0             0             0             0
 PC2BW              0             0             0             0
 PC3BW              0             0             0             0
 PC4BW              0             0             0             0
 PC5BW              0             0             0             0


           PSI
              CANF6MBW      ALCF6MBW      COGPGSBW      WASCOM        DEMAGE
              ________      ________      ________      ________      ________
 CANF6MBW          36
 ALCF6MBW          37            38
 COGPGSBW          39            40            41
 WASCOM             0             0             0            42
 DEMAGE             0             0             0             0             0
 DEMMAL             0             0             0             0             0
 CANF6M             0             0             0             0             0
 ALCF6M             0             0             0             0             0
 COGPGS             0             0             0             0             0
 PC1BW              0             0             0             0             0
 PC2BW              0             0             0             0             0
 PC3BW              0             0             0             0             0
 PC4BW              0             0             0             0             0
 PC5BW              0             0             0             0             0


           PSI
              DEMMAL        CANF6M        ALCF6M        COGPGS        PC1BW
              ________      ________      ________      ________      ________
 DEMMAL             0
 CANF6M             0             0
 ALCF6M             0             0             0
 COGPGS             0             0             0             0
 PC1BW              0             0             0             0             0
 PC2BW              0             0             0             0             0
 PC3BW              0             0             0             0             0
 PC4BW              0             0             0             0             0
 PC5BW              0             0             0             0             0


           PSI
              PC2BW         PC3BW         PC4BW         PC5BW
              ________      ________      ________      ________
 PC2BW              0
 PC3BW              0             0
 PC4BW              0             0             0
 PC5BW              0             0             0             0


     STARTING VALUES FOR WITHIN


           NU
              CANF6MBW      ALCF6MBW      COGPGSBW      WASCOM        DEMAGE
              ________      ________      ________      ________      ________
 1              0.000         0.000         0.000         0.000         0.000


           NU
              DEMMAL        CANF6M        ALCF6M        COGPGS        PC1BW
              ________      ________      ________      ________      ________
 1              0.000         0.000         0.000         0.000         0.000


           NU
              PC2BW         PC3BW         PC4BW         PC5BW
              ________      ________      ________      ________
 1              0.000         0.000         0.000         0.000


           LAMBDA
              CANF6MBW      ALCF6MBW      COGPGSBW      WASCOM        DEMAGE
              ________      ________      ________      ________      ________
 CANF6MBW       1.000         0.000         0.000         0.000         0.000
 ALCF6MBW       0.000         1.000         0.000         0.000         0.000
 COGPGSBW       0.000         0.000         1.000         0.000         0.000
 WASCOM         0.000         0.000         0.000         1.000         0.000
 DEMAGE         0.000         0.000         0.000         0.000         1.000
 DEMMAL         0.000         0.000         0.000         0.000         0.000
 CANF6M         0.000         0.000         0.000         0.000         0.000
 ALCF6M         0.000         0.000         0.000         0.000         0.000
 COGPGS         0.000         0.000         0.000         0.000         0.000
 PC1BW          0.000         0.000         0.000         0.000         0.000
 PC2BW          0.000         0.000         0.000         0.000         0.000
 PC3BW          0.000         0.000         0.000         0.000         0.000
 PC4BW          0.000         0.000         0.000         0.000         0.000
 PC5BW          0.000         0.000         0.000         0.000         0.000


           LAMBDA
              DEMMAL        CANF6M        ALCF6M        COGPGS        PC1BW
              ________      ________      ________      ________      ________
 CANF6MBW       0.000         0.000         0.000         0.000         0.000
 ALCF6MBW       0.000         0.000         0.000         0.000         0.000
 COGPGSBW       0.000         0.000         0.000         0.000         0.000
 WASCOM         0.000         0.000         0.000         0.000         0.000
 DEMAGE         0.000         0.000         0.000         0.000         0.000
 DEMMAL         1.000         0.000         0.000         0.000         0.000
 CANF6M         0.000         1.000         0.000         0.000         0.000
 ALCF6M         0.000         0.000         1.000         0.000         0.000
 COGPGS         0.000         0.000         0.000         1.000         0.000
 PC1BW          0.000         0.000         0.000         0.000         1.000
 PC2BW          0.000         0.000         0.000         0.000         0.000
 PC3BW          0.000         0.000         0.000         0.000         0.000
 PC4BW          0.000         0.000         0.000         0.000         0.000
 PC5BW          0.000         0.000         0.000         0.000         0.000


           LAMBDA
              PC2BW         PC3BW         PC4BW         PC5BW
              ________      ________      ________      ________
 CANF6MBW       0.000         0.000         0.000         0.000
 ALCF6MBW       0.000         0.000         0.000         0.000
 COGPGSBW       0.000         0.000         0.000         0.000
 WASCOM         0.000         0.000         0.000         0.000
 DEMAGE         0.000         0.000         0.000         0.000
 DEMMAL         0.000         0.000         0.000         0.000
 CANF6M         0.000         0.000         0.000         0.000
 ALCF6M         0.000         0.000         0.000         0.000
 COGPGS         0.000         0.000         0.000         0.000
 PC1BW          0.000         0.000         0.000         0.000
 PC2BW          1.000         0.000         0.000         0.000
 PC3BW          0.000         1.000         0.000         0.000
 PC4BW          0.000         0.000         1.000         0.000
 PC5BW          0.000         0.000         0.000         1.000


           THETA
              CANF6MBW      ALCF6MBW      COGPGSBW      WASCOM        DEMAGE
              ________      ________      ________      ________      ________
 CANF6MBW       0.000
 ALCF6MBW       0.000         0.000
 COGPGSBW       0.000         0.000         0.000
 WASCOM         0.000         0.000         0.000         0.000
 DEMAGE         0.000         0.000         0.000         0.000         0.000
 DEMMAL         0.000         0.000         0.000         0.000         0.000
 CANF6M         0.000         0.000         0.000         0.000         0.000
 ALCF6M         0.000         0.000         0.000         0.000         0.000
 COGPGS         0.000         0.000         0.000         0.000         0.000
 PC1BW          0.000         0.000         0.000         0.000         0.000
 PC2BW          0.000         0.000         0.000         0.000         0.000
 PC3BW          0.000         0.000         0.000         0.000         0.000
 PC4BW          0.000         0.000         0.000         0.000         0.000
 PC5BW          0.000         0.000         0.000         0.000         0.000


           THETA
              DEMMAL        CANF6M        ALCF6M        COGPGS        PC1BW
              ________      ________      ________      ________      ________
 DEMMAL         0.000
 CANF6M         0.000         0.000
 ALCF6M         0.000         0.000         0.000
 COGPGS         0.000         0.000         0.000         0.000
 PC1BW          0.000         0.000         0.000         0.000         0.000
 PC2BW          0.000         0.000         0.000         0.000         0.000
 PC3BW          0.000         0.000         0.000         0.000         0.000
 PC4BW          0.000         0.000         0.000         0.000         0.000
 PC5BW          0.000         0.000         0.000         0.000         0.000


           THETA
              PC2BW         PC3BW         PC4BW         PC5BW
              ________      ________      ________      ________
 PC2BW          0.000
 PC3BW          0.000         0.000
 PC4BW          0.000         0.000         0.000
 PC5BW          0.000         0.000         0.000         0.000


           ALPHA
              CANF6MBW      ALCF6MBW      COGPGSBW      WASCOM        DEMAGE
              ________      ________      ________      ________      ________
 1              0.000         0.000         0.000         0.000         0.000


           ALPHA
              DEMMAL        CANF6M        ALCF6M        COGPGS        PC1BW
              ________      ________      ________      ________      ________
 1              0.000         0.000         0.000         0.000         0.000


           ALPHA
              PC2BW         PC3BW         PC4BW         PC5BW
              ________      ________      ________      ________
 1              0.000         0.000         0.000         0.000


           BETA
              CANF6MBW      ALCF6MBW      COGPGSBW      WASCOM        DEMAGE
              ________      ________      ________      ________      ________
 CANF6MBW       0.000         0.000         0.000         0.000         0.000
 ALCF6MBW       0.000         0.000         0.000         0.000         0.000
 COGPGSBW       0.000         0.000         0.000         0.000         0.000
 WASCOM         0.000         0.000         0.000         0.000         0.000
 DEMAGE         0.000         0.000         0.000         0.000         0.000
 DEMMAL         0.000         0.000         0.000         0.000         0.000
 CANF6M         0.000         0.000         0.000         0.000         0.000
 ALCF6M         0.000         0.000         0.000         0.000         0.000
 COGPGS         0.000         0.000         0.000         0.000         0.000
 PC1BW          0.000         0.000         0.000         0.000         0.000
 PC2BW          0.000         0.000         0.000         0.000         0.000
 PC3BW          0.000         0.000         0.000         0.000         0.000
 PC4BW          0.000         0.000         0.000         0.000         0.000
 PC5BW          0.000         0.000         0.000         0.000         0.000


           BETA
              DEMMAL        CANF6M        ALCF6M        COGPGS        PC1BW
              ________      ________      ________      ________      ________
 CANF6MBW       0.000         0.000         0.000         0.000         0.000
 ALCF6MBW       0.000         0.000         0.000         0.000         0.000
 COGPGSBW       0.000         0.000         0.000         0.000         0.000
 WASCOM         0.000         0.000         0.000         0.000         0.000
 DEMAGE         0.000         0.000         0.000         0.000         0.000
 DEMMAL         0.000         0.000         0.000         0.000         0.000
 CANF6M         0.000         0.000         0.000         0.000         0.000
 ALCF6M         0.000         0.000         0.000         0.000         0.000
 COGPGS         0.000         0.000         0.000         0.000         0.000
 PC1BW          0.000         0.000         0.000         0.000         0.000
 PC2BW          0.000         0.000         0.000         0.000         0.000
 PC3BW          0.000         0.000         0.000         0.000         0.000
 PC4BW          0.000         0.000         0.000         0.000         0.000
 PC5BW          0.000         0.000         0.000         0.000         0.000


           BETA
              PC2BW         PC3BW         PC4BW         PC5BW
              ________      ________      ________      ________
 CANF6MBW       0.000         0.000         0.000         0.000
 ALCF6MBW       0.000         0.000         0.000         0.000
 COGPGSBW       0.000         0.000         0.000         0.000
 WASCOM         0.000         0.000         0.000         0.000
 DEMAGE         0.000         0.000         0.000         0.000
 DEMMAL         0.000         0.000         0.000         0.000
 CANF6M         0.000         0.000         0.000         0.000
 ALCF6M         0.000         0.000         0.000         0.000
 COGPGS         0.000         0.000         0.000         0.000
 PC1BW          0.000         0.000         0.000         0.000
 PC2BW          0.000         0.000         0.000         0.000
 PC3BW          0.000         0.000         0.000         0.000
 PC4BW          0.000         0.000         0.000         0.000
 PC5BW          0.000         0.000         0.000         0.000


           PSI
              CANF6MBW      ALCF6MBW      COGPGSBW      WASCOM        DEMAGE
              ________      ________      ________      ________      ________
 CANF6MBW       0.000
 ALCF6MBW       0.000         0.000
 COGPGSBW       0.000         0.000         0.000
 WASCOM         0.000         0.000         0.000         0.442
 DEMAGE         0.000         0.000         0.000         0.000         3.199
 DEMMAL         0.000         0.000         0.000         0.000         0.000
 CANF6M         0.000         0.000         0.000         0.000         0.000
 ALCF6M         0.000         0.000         0.000         0.000         0.000
 COGPGS         0.000         0.000         0.000         0.000         0.000
 PC1BW          0.000         0.000         0.000         0.000         0.000
 PC2BW          0.000         0.000         0.000         0.000         0.000
 PC3BW          0.000         0.000         0.000         0.000         0.000
 PC4BW          0.000         0.000         0.000         0.000         0.000
 PC5BW          0.000         0.000         0.000         0.000         0.000


           PSI
              DEMMAL        CANF6M        ALCF6M        COGPGS        PC1BW
              ________      ________      ________      ________      ________
 DEMMAL         0.117
 CANF6M         0.000        24.115
 ALCF6M         0.000         0.000         7.928
 COGPGS         0.000         0.000         0.000         0.009
 PC1BW          0.000         0.000         0.000         0.000         0.000
 PC2BW          0.000         0.000         0.000         0.000         0.000
 PC3BW          0.000         0.000         0.000         0.000         0.000
 PC4BW          0.000         0.000         0.000         0.000         0.000
 PC5BW          0.000         0.000         0.000         0.000         0.000


           PSI
              PC2BW         PC3BW         PC4BW         PC5BW
              ________      ________      ________      ________
 PC2BW          0.000
 PC3BW          0.000         0.000
 PC4BW          0.000         0.000         0.000
 PC5BW          0.000         0.000         0.000         0.000


     STARTING VALUES FOR BETWEEN


           NU
              CANF6MBW      ALCF6MBW      COGPGSBW      WASCOM        DEMAGE
              ________      ________      ________      ________      ________
 1              0.000         0.000         0.000         0.000         0.000


           NU
              DEMMAL        CANF6M        ALCF6M        COGPGS        PC1BW
              ________      ________      ________      ________      ________
 1              0.000         0.000         0.000         0.000         0.000


           NU
              PC2BW         PC3BW         PC4BW         PC5BW
              ________      ________      ________      ________
 1              0.000         0.000         0.000         0.000


           LAMBDA
              CANF6MBW      ALCF6MBW      COGPGSBW      WASCOM        DEMAGE
              ________      ________      ________      ________      ________
 CANF6MBW       1.000         0.000         0.000         0.000         0.000
 ALCF6MBW       0.000         1.000         0.000         0.000         0.000
 COGPGSBW       0.000         0.000         1.000         0.000         0.000
 WASCOM         0.000         0.000         0.000         1.000         0.000
 DEMAGE         0.000         0.000         0.000         0.000         1.000
 DEMMAL         0.000         0.000         0.000         0.000         0.000
 CANF6M         0.000         0.000         0.000         0.000         0.000
 ALCF6M         0.000         0.000         0.000         0.000         0.000
 COGPGS         0.000         0.000         0.000         0.000         0.000
 PC1BW          0.000         0.000         0.000         0.000         0.000
 PC2BW          0.000         0.000         0.000         0.000         0.000
 PC3BW          0.000         0.000         0.000         0.000         0.000
 PC4BW          0.000         0.000         0.000         0.000         0.000
 PC5BW          0.000         0.000         0.000         0.000         0.000


           LAMBDA
              DEMMAL        CANF6M        ALCF6M        COGPGS        PC1BW
              ________      ________      ________      ________      ________
 CANF6MBW       0.000         0.000         0.000         0.000         0.000
 ALCF6MBW       0.000         0.000         0.000         0.000         0.000
 COGPGSBW       0.000         0.000         0.000         0.000         0.000
 WASCOM         0.000         0.000         0.000         0.000         0.000
 DEMAGE         0.000         0.000         0.000         0.000         0.000
 DEMMAL         1.000         0.000         0.000         0.000         0.000
 CANF6M         0.000         1.000         0.000         0.000         0.000
 ALCF6M         0.000         0.000         1.000         0.000         0.000
 COGPGS         0.000         0.000         0.000         1.000         0.000
 PC1BW          0.000         0.000         0.000         0.000         1.000
 PC2BW          0.000         0.000         0.000         0.000         0.000
 PC3BW          0.000         0.000         0.000         0.000         0.000
 PC4BW          0.000         0.000         0.000         0.000         0.000
 PC5BW          0.000         0.000         0.000         0.000         0.000


           LAMBDA
              PC2BW         PC3BW         PC4BW         PC5BW
              ________      ________      ________      ________
 CANF6MBW       0.000         0.000         0.000         0.000
 ALCF6MBW       0.000         0.000         0.000         0.000
 COGPGSBW       0.000         0.000         0.000         0.000
 WASCOM         0.000         0.000         0.000         0.000
 DEMAGE         0.000         0.000         0.000         0.000
 DEMMAL         0.000         0.000         0.000         0.000
 CANF6M         0.000         0.000         0.000         0.000
 ALCF6M         0.000         0.000         0.000         0.000
 COGPGS         0.000         0.000         0.000         0.000
 PC1BW          0.000         0.000         0.000         0.000
 PC2BW          1.000         0.000         0.000         0.000
 PC3BW          0.000         1.000         0.000         0.000
 PC4BW          0.000         0.000         1.000         0.000
 PC5BW          0.000         0.000         0.000         1.000


           THETA
              CANF6MBW      ALCF6MBW      COGPGSBW      WASCOM        DEMAGE
              ________      ________      ________      ________      ________
 CANF6MBW       0.000
 ALCF6MBW       0.000         0.000
 COGPGSBW       0.000         0.000         0.000
 WASCOM         0.000         0.000         0.000         0.000
 DEMAGE         0.000         0.000         0.000         0.000         0.000
 DEMMAL         0.000         0.000         0.000         0.000         0.000
 CANF6M         0.000         0.000         0.000         0.000         0.000
 ALCF6M         0.000         0.000         0.000         0.000         0.000
 COGPGS         0.000         0.000         0.000         0.000         0.000
 PC1BW          0.000         0.000         0.000         0.000         0.000
 PC2BW          0.000         0.000         0.000         0.000         0.000
 PC3BW          0.000         0.000         0.000         0.000         0.000
 PC4BW          0.000         0.000         0.000         0.000         0.000
 PC5BW          0.000         0.000         0.000         0.000         0.000


           THETA
              DEMMAL        CANF6M        ALCF6M        COGPGS        PC1BW
              ________      ________      ________      ________      ________
 DEMMAL         0.000
 CANF6M         0.000         0.000
 ALCF6M         0.000         0.000         0.000
 COGPGS         0.000         0.000         0.000         0.000
 PC1BW          0.000         0.000         0.000         0.000         0.000
 PC2BW          0.000         0.000         0.000         0.000         0.000
 PC3BW          0.000         0.000         0.000         0.000         0.000
 PC4BW          0.000         0.000         0.000         0.000         0.000
 PC5BW          0.000         0.000         0.000         0.000         0.000


           THETA
              PC2BW         PC3BW         PC4BW         PC5BW
              ________      ________      ________      ________
 PC2BW          0.000
 PC3BW          0.000         0.000
 PC4BW          0.000         0.000         0.000
 PC5BW          0.000         0.000         0.000         0.000


           ALPHA
              CANF6MBW      ALCF6MBW      COGPGSBW      WASCOM        DEMAGE
              ________      ________      ________      ________      ________
 1              0.000         0.000         0.000         0.000         0.000


           ALPHA
              DEMMAL        CANF6M        ALCF6M        COGPGS        PC1BW
              ________      ________      ________      ________      ________
 1              0.000         0.000         0.000         0.000         0.000


           ALPHA
              PC2BW         PC3BW         PC4BW         PC5BW
              ________      ________      ________      ________
 1              0.000         0.000         0.000         0.000


           BETA
              CANF6MBW      ALCF6MBW      COGPGSBW      WASCOM        DEMAGE
              ________      ________      ________      ________      ________
 CANF6MBW       0.000         0.000         0.000         0.000         0.000
 ALCF6MBW       0.000         0.000         0.000         0.000         0.000
 COGPGSBW       0.000         0.000         0.000         0.000         0.000
 WASCOM         0.000         0.000         0.000         0.000         0.000
 DEMAGE         0.000         0.000         0.000         0.000         0.000
 DEMMAL         0.000         0.000         0.000         0.000         0.000
 CANF6M         0.000         0.000         0.000         0.000         0.000
 ALCF6M         0.000         0.000         0.000         0.000         0.000
 COGPGS         0.000         0.000         0.000         0.000         0.000
 PC1BW          0.000         0.000         0.000         0.000         0.000
 PC2BW          0.000         0.000         0.000         0.000         0.000
 PC3BW          0.000         0.000         0.000         0.000         0.000
 PC4BW          0.000         0.000         0.000         0.000         0.000
 PC5BW          0.000         0.000         0.000         0.000         0.000


           BETA
              DEMMAL        CANF6M        ALCF6M        COGPGS        PC1BW
              ________      ________      ________      ________      ________
 CANF6MBW       0.000         0.000         0.000         0.000         0.000
 ALCF6MBW       0.000         0.000         0.000         0.000         0.000
 COGPGSBW       0.000         0.000         0.000         0.000         0.000
 WASCOM         0.000         0.000         0.000         0.000         0.000
 DEMAGE         0.000         0.000         0.000         0.000         0.000
 DEMMAL         0.000         0.000         0.000         0.000         0.000
 CANF6M         0.000         0.000         0.000         0.000         0.000
 ALCF6M         0.000         0.000         0.000         0.000         0.000
 COGPGS         0.000         0.000         0.000         0.000         0.000
 PC1BW          0.000         0.000         0.000         0.000         0.000
 PC2BW          0.000         0.000         0.000         0.000         0.000
 PC3BW          0.000         0.000         0.000         0.000         0.000
 PC4BW          0.000         0.000         0.000         0.000         0.000
 PC5BW          0.000         0.000         0.000         0.000         0.000


           BETA
              PC2BW         PC3BW         PC4BW         PC5BW
              ________      ________      ________      ________
 CANF6MBW       0.000         0.000         0.000         0.000
 ALCF6MBW       0.000         0.000         0.000         0.000
 COGPGSBW       0.000         0.000         0.000         0.000
 WASCOM         0.000         0.000         0.000         0.000
 DEMAGE         0.000         0.000         0.000         0.000
 DEMMAL         0.000         0.000         0.000         0.000
 CANF6M         0.000         0.000         0.000         0.000
 ALCF6M         0.000         0.000         0.000         0.000
 COGPGS         0.000         0.000         0.000         0.000
 PC1BW          0.000         0.000         0.000         0.000
 PC2BW          0.000         0.000         0.000         0.000
 PC3BW          0.000         0.000         0.000         0.000
 PC4BW          0.000         0.000         0.000         0.000
 PC5BW          0.000         0.000         0.000         0.000


           PSI
              CANF6MBW      ALCF6MBW      COGPGSBW      WASCOM        DEMAGE
              ________      ________      ________      ________      ________
 CANF6MBW      35.148
 ALCF6MBW       0.000         9.451
 COGPGSBW       0.000         0.000         0.057
 WASCOM         0.000         0.000         0.000         0.442
 DEMAGE         0.000         0.000         0.000         0.000         0.000
 DEMMAL         0.000         0.000         0.000         0.000         0.000
 CANF6M         0.000         0.000         0.000         0.000         0.000
 ALCF6M         0.000         0.000         0.000         0.000         0.000
 COGPGS         0.000         0.000         0.000         0.000         0.000
 PC1BW          0.000         0.000         0.000         0.000         0.000
 PC2BW          0.000         0.000         0.000         0.000         0.000
 PC3BW          0.000         0.000         0.000         0.000         0.000
 PC4BW          0.000         0.000         0.000         0.000         0.000
 PC5BW          0.000         0.000         0.000         0.000         0.000


           PSI
              DEMMAL        CANF6M        ALCF6M        COGPGS        PC1BW
              ________      ________      ________      ________      ________
 DEMMAL         0.000
 CANF6M         0.000         0.000
 ALCF6M         0.000         0.000         0.000
 COGPGS         0.000         0.000         0.000         0.000
 PC1BW          0.000         0.000         0.000         0.000         0.001
 PC2BW          0.000         0.000         0.000         0.000         0.000
 PC3BW          0.000         0.000         0.000         0.000         0.000
 PC4BW          0.000         0.000         0.000         0.000         0.000
 PC5BW          0.000         0.000         0.000         0.000         0.000


           PSI
              PC2BW         PC3BW         PC4BW         PC5BW
              ________      ________      ________      ________
 PC2BW          0.001
 PC3BW          0.000         0.000
 PC4BW          0.000         0.000         0.001
 PC5BW          0.000         0.000         0.000         0.001


SAMPLE STATISTICS FOR ESTIMATED FACTOR SCORES


     SAMPLE STATISTICS


           Means
              B_WASCOM
              ________
 1              0.000


           Covariances
              B_WASCOM
              ________
 B_WASCOM       0.319


           Correlations
              B_WASCOM
              ________
 B_WASCOM       1.000


PLOT INFORMATION

The following plots are available:

  Histograms (sample values)
  Scatterplots (sample values)

     Beginning Time:  13:09:02
        Ending Time:  13:09:03
       Elapsed Time:  00:00:01



MUTHEN & MUTHEN
3463 Stoner Ave.
Los Angeles, CA  90066

Tel: (310) 391-9971
Fax: (310) 391-8971
Web: www.StatModel.com
Support: Support@StatModel.com

Copyright (c) 1998-2015 Muthen & Muthen
