Mplus VERSION 7.4 (Mac)
MUTHEN & MUTHEN
07/30/2019   1:09 PM

INPUT INSTRUCTIONS


  TITLE: CANFLF_CVLALF_1;

  DATA:
  	FILE = GD190618.csv;

  VARIABLE:
  	NAMES =
  			ID_Fam   Wave     ID_MPL
  			DEMMAL   DEMAGE   DEMHSP   DEMRAC
  			SRPWCR
  			WASVCB   WASBLK   WASDGT   WSISUM
  			TRLATS   TRLBTS
  			CVLASF   CVLASC   CVLALF   CVLALC
  			WASCOM   COGCOM   CVLCOM
  			CANEVR   CANONS   CANFLF
  			CANFTY   CANF6M   CANAC6
  			CANYRS
  			ALCEVR   ALCONS   ALCFLF
  			ALCFTY   ALCF6M   ALCAC6
  			ALCYRS
  			SRPWCRDt WASVCBDt WASBLKDt
  			WASDGTDt WSISUMDt TRLATSDt
  			TRLBTSDt CVLASFDt CVLASCDt
  			CVLALFDt CVLALCDt WASCOMDt
  			COGCOMDt CVLCOMDt
  			COGPGS
  			PC1 PC2 PC3 PC4 PC5 PC6
  		;
  	USEVARIABLES =
  		! outcome
    			CVLALF
    		! covariates
    			DEMAGE
    			DEMMAL  			
    		! within predictor
    			CANFLF
    			ALCFLF
    			COGPGS
    		! between predictor
    			CANFLFBW
    			ALCFLFBW
    			COGPGSBW
    			PC1BW
    			PC2BW
    			PC3BW
    			PC4BW
    			PC5BW
    		;
    	USEOBSERVATION =
    			(Wave EQ 1 AND CVLALFDt EQ 1)
    		;
    	CLUSTER =
    			ID_Fam
    		;
    	MISSING = .;
    	BETWEEN =   		
    			CANFLFBW
    			ALCFLFBW
    			COGPGSBW
    			PC1BW
    			PC2BW
    			PC3BW
    			PC4BW
    			PC5BW 			
    		;
    	WITHIN  		
    			CANFLF
    			ALCFLF
    			COGPGS
    			DEMAGE
    			DEMMAL
    		;  		

  DEFINE:
  	! CREATE BW FAM PREDICTOR
  		CANFLFBW = cluster_mean (CANFLF);
  		ALCFLFBW = cluster_mean (ALCFLF);
  		COGPGSBW = cluster_mean (COGPGS);
  		PC1BW = cluster_mean (PC1);
  		PC2BW = cluster_mean (PC2);
  		PC3BW = cluster_mean (PC3);
  		PC4BW = cluster_mean (PC4);
  		PC5BW = cluster_mean (PC5);
  	! CENTER WI FAM VARIABLES
  		CENTER CANFLF (GROUPMEAN);
  		CENTER ALCFLF (GROUPMEAN);
  		CENTER COGPGS (GROUPMEAN);
  		CENTER DEMMAL (GRANDMEAN);
  		CENTER DEMAGE (GRANDMEAN);
  	! CENTER BW FAM VARIABLES
  		CENTER CANFLFBW (GRANDMEAN);
  		CENTER ALCFLFBW (GRANDMEAN);
  		CENTER COGPGSBW (GRANDMEAN);
  		CENTER PC1BW (GRANDMEAN);
  		CENTER PC2BW (GRANDMEAN);
  		CENTER PC3BW (GRANDMEAN);
  		CENTER PC4BW (GRANDMEAN);
  		CENTER PC5BW (GRANDMEAN);
  ANALYSIS:
          ITERATIONS = 1000000;
          TYPE = TWOLEVEL RANDOM;
          ALGORITHM = INTEGRATION;

  OUTPUT:
  	SAMPSTAT STDYX TECH1 CINT;

  MODEL:
  %WITHIN%
  	CVLALF on CANFLF;
  	CVLALF on  DEMMAL DEMAGE COGPGS ALCFLF;
  	COGPGS*;
  	ALCFLF*;
  	CVLALF*;
  	CANFLF WITH DEMMAL*;
  	CANFLF WITH DEMAGE*;
  	CANFLF WITH COGPGS*;

  	CANFLF WITH ALCFLF*;
  	
  	ALCFLF WITH DEMMAL*;
  	ALCFLF WITH DEMAGE*;
  	ALCFLF WITH COGPGS*;

  %BETWEEN%
  	CVLALF on CANFLFBW COGPGSBW ALCFLFBW
  			    PC1BW PC2BW PC3BW PC4BW PC5BW;
  	COGPGSBW*;
  	ALCFLFBW;
  	CVLALF*;
  	CANFLFBW WITH COGPGSBW*;
  	CANFLFBW WITH ALCFLFBW*;
  	ALCFLFBW WITH COGPGSBW*;


  PLOT:
  	TYPE = plot3;



*** WARNING
  Data set contains cases with missing on x-variables.
  These cases were not included in the analysis.
  Number of cases with missing on x-variables:  46
   1 WARNING(S) FOUND IN THE INPUT INSTRUCTIONS



CANFLF_CVLALF_1;

SUMMARY OF ANALYSIS

Number of groups                                                 1
Number of observations                                         444

Number of dependent variables                                    1
Number of independent variables                                 13
Number of continuous latent variables                            0

Observed dependent variables

  Continuous
   CVLALF

Observed independent variables
   DEMAGE      DEMMAL      CANFLF      ALCFLF      COGPGS      CANFLFBW
   ALCFLFBW    COGPGSBW    PC1BW       PC2BW       PC3BW       PC4BW
   PC5BW

Variables with special functions

  Cluster variable      ID_FAM

  Within variables
   DEMAGE      DEMMAL      CANFLF      ALCFLF      COGPGS

  Between variables
   CANFLFBW    ALCFLFBW    COGPGSBW    PC1BW       PC2BW       PC3BW
   PC4BW       PC5BW

  Centering (GRANDMEAN)
   DEMMAL      DEMAGE      CANFLFBW
   ALCFLFBW    COGPGSBW    PC1BW       PC2BW       PC3BW       PC4BW
   PC5BW

  Centering (GROUPMEAN)
   CANFLF      ALCFLF      COGPGS


Estimator                                                      MLR
Information matrix                                        OBSERVED
Optimization Specifications for the Quasi-Newton Algorithm for
Continuous Outcomes
  Maximum number of iterations                             1000000
  Convergence criterion                                  0.100D-05
Optimization Specifications for the EM Algorithm
  Maximum number of iterations                                 500
  Convergence criteria
    Loglikelihood change                                 0.100D-02
    Relative loglikelihood change                        0.100D-05
    Derivative                                           0.100D-02
Optimization Specifications for the M step of the EM Algorithm for
Categorical Latent variables
  Number of M step iterations                                    1
  M step convergence criterion                           0.100D-02
  Basis for M step termination                           ITERATION
Optimization Specifications for the M step of the EM Algorithm for
Censored, Binary or Ordered Categorical (Ordinal), Unordered
Categorical (Nominal) and Count Outcomes
  Number of M step iterations                                    1
  M step convergence criterion                           0.100D-02
  Basis for M step termination                           ITERATION
  Maximum value for logit thresholds                            15
  Minimum value for logit thresholds                           -15
  Minimum expected cell size for chi-square              0.100D-01
Maximum number of iterations for H1                           2000
Convergence criterion for H1                             0.100D-03
Optimization algorithm                                         EMA
Integration Specifications
  Type                                                    STANDARD
  Number of integration points                                  15
  Dimensions of numerical integration                            0
  Adaptive quadrature                                           ON
Cholesky                                                       OFF

Input data file(s)
  GD190618.csv
Input data format  FREE


SUMMARY OF DATA

     Number of missing data patterns            14
     Number of clusters                        220



COVARIANCE COVERAGE OF DATA

Minimum covariance coverage value   0.100


     PROPORTION OF DATA PRESENT FOR Y


           Covariance Coverage
              CANFLFBW      ALCFLFBW      COGPGSBW      CVLALF        DEMAGE
              ________      ________      ________      ________      ________
 CANFLFBW       0.926
 ALCFLFBW       0.901         0.905
 COGPGSBW       0.926         0.905         1.000
 CVLALF         0.926         0.905         0.995         0.995
 DEMAGE         0.923         0.903         0.995         0.993         0.995
 DEMMAL         0.926         0.905         0.998         0.995         0.995
 CANFLF         0.899         0.883         0.899         0.899         0.896
 ALCFLF         0.883         0.885         0.885         0.885         0.883
 COGPGS         0.651         0.637         0.712         0.709         0.709
 PC1BW          0.926         0.905         1.000         0.995         0.995
 PC2BW          0.926         0.905         1.000         0.995         0.995
 PC3BW          0.926         0.905         1.000         0.995         0.995
 PC4BW          0.926         0.905         1.000         0.995         0.995
 PC5BW          0.926         0.905         1.000         0.995         0.995


           Covariance Coverage
              DEMMAL        CANFLF        ALCFLF        COGPGS        PC1BW
              ________      ________      ________      ________      ________
 DEMMAL         0.998
 CANFLF         0.899         0.899
 ALCFLF         0.885         0.883         0.885
 COGPGS         0.709         0.626         0.617         0.712
 PC1BW          0.998         0.899         0.885         0.712         1.000
 PC2BW          0.998         0.899         0.885         0.712         1.000
 PC3BW          0.998         0.899         0.885         0.712         1.000
 PC4BW          0.998         0.899         0.885         0.712         1.000
 PC5BW          0.998         0.899         0.885         0.712         1.000


           Covariance Coverage
              PC2BW         PC3BW         PC4BW         PC5BW
              ________      ________      ________      ________
 PC2BW          1.000
 PC3BW          1.000         1.000
 PC4BW          1.000         1.000         1.000
 PC5BW          1.000         1.000         1.000         1.000


SAMPLE STATISTICS


     ESTIMATED SAMPLE STATISTICS


           Means
              CANFLFBW      ALCFLFBW      COGPGSBW      CVLALF        DEMAGE
              ________      ________      ________      ________      ________
 1              0.074        -0.557         0.000        -0.376        -0.002


           Means
              DEMMAL        CANFLF        ALCFLF        COGPGS        PC1BW
              ________      ________      ________      ________      ________
 1              0.000        -0.035         0.034        -0.002         0.000


           Means
              PC2BW         PC3BW         PC4BW         PC5BW
              ________      ________      ________      ________
 1              0.000         0.000         0.000         0.000


           Covariances
              CANFLFBW      ALCFLFBW      COGPGSBW      CVLALF        DEMAGE
              ________      ________      ________      ________      ________
 CANFLFBW     424.410
 ALCFLFBW     195.523       355.484
 COGPGSBW      -0.152         0.417         0.116
 CVLALF        -2.828        -1.561        -0.006         0.892
 DEMAGE         1.646         7.715         0.036        -0.157         5.898
 DEMMAL         1.598         0.726         0.008        -0.053        -0.140
 CANFLF        -1.526        -0.194         0.023        -1.880       -10.420
 ALCFLF        -1.236        -0.684         0.015        -0.900        -2.391
 COGPGS         0.013         0.015         0.000        -0.005        -0.020
 PC1BW         -0.018        -0.028        -0.005        -0.001         0.007
 PC2BW         -0.083         0.059         0.000        -0.003         0.006
 PC3BW         -0.025        -0.007        -0.001         0.000        -0.001
 PC4BW          0.038         0.017         0.002         0.000         0.005
 PC5BW          0.139        -0.092        -0.001        -0.001         0.001


           Covariances
              DEMMAL        CANFLF        ALCFLF        COGPGS        PC1BW
              ________      ________      ________      ________      ________
 DEMMAL         0.248
 CANFLF         1.421       284.341
 ALCFLF         0.959       112.501       219.157
 COGPGS         0.004         0.205         0.025         0.017
 PC1BW         -0.002         0.001         0.000         0.000         0.001
 PC2BW          0.000         0.003        -0.001         0.000         0.000
 PC3BW          0.000        -0.001        -0.001         0.000         0.000
 PC4BW          0.001         0.004         0.002         0.000         0.000
 PC5BW          0.000        -0.001         0.000         0.000         0.000


           Covariances
              PC2BW         PC3BW         PC4BW         PC5BW
              ________      ________      ________      ________
 PC2BW          0.002
 PC3BW          0.000         0.000
 PC4BW          0.000        -0.001         0.002
 PC5BW          0.000         0.000         0.000         0.002


           Correlations
              CANFLFBW      ALCFLFBW      COGPGSBW      CVLALF        DEMAGE
              ________      ________      ________      ________      ________
 CANFLFBW       1.000
 ALCFLFBW       0.503         1.000
 COGPGSBW      -0.022         0.065         1.000
 CVLALF        -0.145        -0.088        -0.019         1.000
 DEMAGE         0.033         0.168         0.044        -0.068         1.000
 DEMMAL         0.156         0.077         0.050        -0.113        -0.116
 CANFLF        -0.004        -0.001         0.004        -0.118        -0.254
 ALCFLF        -0.004        -0.002         0.003        -0.064        -0.067
 COGPGS         0.005         0.006        -0.004        -0.043        -0.063
 PC1BW         -0.022        -0.039        -0.356        -0.026         0.075
 PC2BW         -0.099         0.078         0.010        -0.092         0.060
 PC3BW         -0.071        -0.021        -0.134        -0.001        -0.019
 PC4BW          0.046         0.022         0.134         0.002         0.047
 PC5BW          0.147        -0.107        -0.033        -0.015         0.012


           Correlations
              DEMMAL        CANFLF        ALCFLF        COGPGS        PC1BW
              ________      ________      ________      ________      ________
 DEMMAL         1.000
 CANFLF         0.169         1.000
 ALCFLF         0.130         0.451         1.000
 COGPGS         0.059         0.094         0.013         1.000
 PC1BW         -0.085         0.002         0.000        -0.001         1.000
 PC2BW         -0.014         0.004        -0.001         0.000        -0.110
 PC3BW         -0.057        -0.005        -0.005         0.001         0.053
 PC4BW          0.046         0.005         0.004        -0.001         0.007
 PC5BW          0.021        -0.001        -0.001        -0.001        -0.100


           Correlations
              PC2BW         PC3BW         PC4BW         PC5BW
              ________      ________      ________      ________
 PC2BW          1.000
 PC3BW          0.158         1.000
 PC4BW         -0.012        -0.966         1.000
 PC5BW          0.041         0.005         0.033         1.000


     MAXIMUM LOG-LIKELIHOOD VALUE FOR THE UNRESTRICTED (H1) MODEL IS -3487.063


UNIVARIATE SAMPLE STATISTICS


     UNIVARIATE HIGHER-ORDER MOMENT DESCRIPTIVE STATISTICS

         Variable/         Mean/     Skewness/   Minimum/ % with                Percentiles
        Sample Size      Variance    Kurtosis    Maximum  Min/Max      20%/60%    40%/80%    Median

     CANFLFBW              0.449      -0.518     -38.639    4.95%     -16.139     -6.639     -1.139
             202.000     418.509      -0.912      21.361   39.60%      11.361     21.361
     ALCFLFBW              0.090      -0.484     -39.451    1.02%     -16.951     -1.951      5.549
             197.000     351.182      -0.934      20.549   33.50%       5.549     20.549
     COGPGSBW              0.002       0.102      -0.982    0.45%      -0.292     -0.078      0.000
             220.000       0.115       0.217       1.035    0.45%       0.048      0.287
     CVLALF               -0.376      -0.879      -4.500    0.68%      -1.000     -0.500      0.000
             442.000       0.892       1.837       1.500    2.49%       0.000      0.500
     DEMAGE                0.000       1.685      -3.760    0.23%      -1.890     -0.940     -0.530
             442.000       5.899       4.644      15.340    0.23%      -0.070      1.350
     DEMMAL                0.000      -0.186      -0.546   45.37%      -0.546     -0.546      0.454
             443.000       0.248      -1.965       0.454   54.63%       0.454      0.454
     CANFLF                0.000      -0.022     -40.000    0.25%     -15.000      0.000      0.000
             399.000     283.800      -0.291      37.500    0.25%       0.000     15.000
     ALCFLF                0.000      -0.032     -37.333    0.25%     -15.000      0.000      0.000
             393.000     219.865      -0.104      42.625    0.25%       0.000     15.000
     COGPGS                0.000       0.036      -0.482    0.32%      -0.068      0.000      0.000
             316.000       0.017       2.334       0.482    0.32%       0.000      0.065
     PC1BW                 0.000       2.328      -0.023    0.45%      -0.021     -0.016     -0.012
             220.000       0.002       3.990       0.132    0.45%      -0.010     -0.005
     PC2BW                -0.001       0.592      -0.045    0.45%      -0.041     -0.028     -0.014
             220.000       0.002      -0.852       0.120    0.45%       0.006      0.040
     PC3BW                 0.000      -4.401      -0.117    0.45%      -0.003      0.001      0.002
             220.000       0.000      24.351       0.033    0.45%       0.004      0.007
     PC4BW                -0.001       5.011      -0.096    0.45%      -0.013     -0.009     -0.007
             220.000       0.001      28.847       0.283    0.45%      -0.006     -0.002
     PC5BW                 0.001     -13.359      -0.542    0.45%       0.001      0.003      0.004
             220.000       0.001     188.505       0.053    0.45%       0.004      0.006

     THE STANDARD ERRORS OF THE MODEL PARAMETER ESTIMATES MAY NOT BE
     TRUSTWORTHY FOR SOME PARAMETERS DUE TO A NON-POSITIVE DEFINITE
     FIRST-ORDER DERIVATIVE PRODUCT MATRIX.  THIS MAY BE DUE TO THE STARTING
     VALUES BUT MAY ALSO BE AN INDICATION OF MODEL NONIDENTIFICATION.  THE
     CONDITION NUMBER IS       0.599D-16.  PROBLEM INVOLVING THE FOLLOWING PARAMETER:
     Parameter 20, %WITHIN%: ALCFLF


THE MODEL ESTIMATION TERMINATED NORMALLY



MODEL FIT INFORMATION

Number of Free Parameters                       42

Loglikelihood

          H0 Value                       -6768.454
          H0 Scaling Correction Factor      1.2167
            for MLR

Information Criteria

          Akaike (AIC)                   13620.908
          Bayesian (BIC)                 13792.933
          Sample-Size Adjusted BIC       13659.643
            (n* = (n + 2) / 24)



MODEL RESULTS

                                                    Two-Tailed
                    Estimate       S.E.  Est./S.E.    P-Value

Within Level

 CVLALF     ON
    CANFLF            -0.007      0.003     -2.447      0.014
    DEMMAL            -0.133      0.092     -1.444      0.149
    DEMAGE            -0.034      0.018     -1.832      0.067
    COGPGS            -0.254      0.347     -0.732      0.464
    ALCFLF             0.000      0.003     -0.127      0.899

 CANFLF   WITH
    DEMMAL             1.170      0.402      2.910      0.004
    DEMAGE            -9.626      2.497     -3.856      0.000
    COGPGS             0.157      0.165      0.955      0.340
    ALCFLF           111.256     18.939      5.874      0.000

 ALCFLF   WITH
    DEMMAL             0.910      0.371      2.455      0.014
    DEMAGE            -1.860      1.853     -1.003      0.316
    COGPGS             0.000      0.161      0.001      1.000

 Means
    DEMAGE             0.000      0.113      0.001      0.999
    DEMMAL             0.000      0.026      0.000      1.000
    CANFLF             0.021      0.094      0.219      0.827
    ALCFLF             0.028      0.045      0.634      0.526
    COGPGS            -0.001      0.001     -0.382      0.702

 Variances
    DEMAGE             5.898      0.702      8.406      0.000
    DEMMAL             0.248      0.002    101.231      0.000
    CANFLF           281.404     25.497     11.037      0.000
    ALCFLF           218.787     20.453     10.697      0.000
    COGPGS             0.017      0.003      6.236      0.000

 Residual Variances
    CVLALF             0.661      0.086      7.680      0.000

Between Level

 CVLALF     ON
    CANFLFBW          -0.007      0.003     -2.115      0.034
    COGPGSBW          -0.121      0.151     -0.803      0.422
    ALCFLFBW           0.002      0.004      0.390      0.696
    PC1BW             -2.310      1.378     -1.677      0.094
    PC2BW             -4.336      1.493     -2.905      0.004
    PC3BW             26.414     19.531      1.352      0.176
    PC4BW             11.308      8.275      1.367      0.172
    PC5BW             -0.139      0.558     -0.249      0.803

 CANFLFBW WITH
    COGPGSBW          -0.148      0.474     -0.312      0.755
    ALCFLFBW         197.505     28.916      6.830      0.000

 ALCFLFBW WITH
    COGPGSBW           0.408      0.440      0.927      0.354

 Means
    CANFLFBW           0.410      1.438      0.285      0.775
    ALCFLFBW          -0.452      1.356     -0.334      0.739
    COGPGSBW           0.002      0.023      0.082      0.935

 Intercepts
    CVLALF            -0.377      0.047     -7.939      0.000

 Variances
    CANFLFBW         421.654     31.204     13.513      0.000
    ALCFLFBW         358.618     26.620     13.472      0.000
    COGPGSBW           0.115      0.012      9.963      0.000

 Residual Variances
    CVLALF             0.167      0.088      1.902      0.057


STANDARDIZED MODEL RESULTS


STDYX Standardization

                                                    Two-Tailed
                    Estimate       S.E.  Est./S.E.    P-Value

Within Level

 CVLALF     ON
    CANFLF            -0.137      0.058     -2.381      0.017
    DEMMAL            -0.080      0.054     -1.485      0.137
    DEMAGE            -0.098      0.054     -1.825      0.068
    COGPGS            -0.040      0.056     -0.714      0.475
    ALCFLF            -0.007      0.056     -0.127      0.899

 CANFLF   WITH
    DEMMAL             0.140      0.046      3.018      0.003
    DEMAGE            -0.236      0.052     -4.504      0.000
    COGPGS             0.072      0.074      0.972      0.331
    ALCFLF             0.448      0.058      7.683      0.000

 ALCFLF   WITH
    DEMMAL             0.124      0.049      2.512      0.012
    DEMAGE            -0.052      0.051     -1.010      0.312
    COGPGS             0.000      0.084      0.001      1.000

 Means
    DEMAGE             0.000      0.046      0.001      0.999
    DEMMAL             0.000      0.053      0.000      1.000
    CANFLF             0.001      0.006      0.219      0.827
    ALCFLF             0.002      0.003      0.635      0.525
    COGPGS            -0.004      0.011     -0.383      0.701

 Variances
    DEMAGE             1.000      0.000    999.000    999.000
    DEMMAL             1.000      0.000    999.000    999.000
    CANFLF             1.000      0.000    999.000    999.000
    ALCFLF             1.000      0.000    999.000    999.000
    COGPGS             1.000      0.000    999.000    999.000

 Residual Variances
    CVLALF             0.965      0.020     48.659      0.000

Between Level

 CVLALF     ON
    CANFLFBW          -0.321      0.138     -2.333      0.020
    COGPGSBW          -0.090      0.105     -0.854      0.393
    ALCFLFBW           0.063      0.156      0.403      0.687
    PC1BW             -0.198      0.112     -1.764      0.078
    PC2BW             -0.377      0.116     -3.257      0.001
    PC3BW              0.900      0.547      1.644      0.100
    PC4BW              0.903      0.545      1.656      0.098
    PC5BW             -0.012      0.046     -0.250      0.802

 CANFLFBW WITH
    COGPGSBW          -0.021      0.068     -0.311      0.756
    ALCFLFBW           0.508      0.061      8.299      0.000

 ALCFLFBW WITH
    COGPGSBW           0.064      0.068      0.931      0.352

 Means
    CANFLFBW           0.020      0.070      0.284      0.777
    ALCFLFBW          -0.024      0.071     -0.336      0.737
    COGPGSBW           0.006      0.067      0.082      0.935

 Intercepts
    CVLALF            -0.828      0.195     -4.247      0.000

 Variances
    CANFLFBW           1.000      0.000    999.000    999.000
    ALCFLFBW           1.000      0.000    999.000    999.000
    COGPGSBW           1.000      0.000    999.000    999.000

 Residual Variances
    CVLALF             0.808      0.091      8.872      0.000


R-SQUARE

Within Level

    Observed                                        Two-Tailed
    Variable        Estimate       S.E.  Est./S.E.    P-Value

    CVLALF             0.035      0.020      1.766      0.077

Between Level

    Observed                                        Two-Tailed
    Variable        Estimate       S.E.  Est./S.E.    P-Value

    CVLALF             0.192      0.091      2.101      0.036


QUALITY OF NUMERICAL RESULTS

     Condition Number for the Information Matrix              0.599E-16
       (ratio of smallest to largest eigenvalue)


CONFIDENCE INTERVALS OF MODEL RESULTS

                  Lower .5%  Lower 2.5%    Lower 5%    Estimate    Upper 5%  Upper 2.5%   Upper .5%

Within Level

 CVLALF   ON
    CANFLF          -0.014      -0.012      -0.011      -0.007      -0.002      -0.001       0.000
    DEMMAL          -0.371      -0.314      -0.285      -0.133       0.019       0.048       0.104
    DEMAGE          -0.081      -0.069      -0.064      -0.034      -0.003       0.002       0.014
    COGPGS          -1.147      -0.933      -0.824      -0.254       0.316       0.426       0.639
    ALCFLF          -0.009      -0.007      -0.006       0.000       0.005       0.006       0.008

 CANFLF   WITH
    DEMMAL           0.134       0.382       0.509       1.170       1.832       1.958       2.206
    DEMAGE         -16.057     -14.520     -13.733      -9.626      -5.519      -4.733      -3.195
    COGPGS          -0.267      -0.166      -0.114       0.157       0.428       0.480       0.582
    ALCFLF          62.473      74.135      80.101     111.256     142.412     148.378     160.040

 ALCFLF   WITH
    DEMMAL          -0.045       0.184       0.300       0.910       1.521       1.637       1.866
    DEMAGE          -6.634      -5.493      -4.909      -1.860       1.189       1.773       2.914
    COGPGS          -0.415      -0.316      -0.265       0.000       0.265       0.316       0.416

 Means
    DEMAGE          -0.290      -0.221      -0.185       0.000       0.186       0.221       0.291
    DEMMAL          -0.068      -0.052      -0.044       0.000       0.044       0.052       0.068
    CANFLF          -0.221      -0.163      -0.134       0.021       0.175       0.205       0.262
    ALCFLF          -0.087      -0.059      -0.045       0.028       0.102       0.116       0.144
    COGPGS          -0.004      -0.003      -0.003      -0.001       0.002       0.002       0.003

 Variances
    DEMAGE           4.091       4.523       4.744       5.898       7.052       7.273       7.705
    DEMMAL           0.242       0.243       0.244       0.248       0.252       0.253       0.254
    CANFLF         215.729     231.430     239.461     281.404     323.347     331.378     347.079
    ALCFLF         166.105     178.699     185.142     218.787     252.432     258.874     271.469
    COGPGS           0.010       0.012       0.012       0.017       0.021       0.022       0.024

 Residual Variances
    CVLALF           0.440       0.493       0.520       0.661       0.803       0.830       0.883

Between Level

 CVLALF   ON
    CANFLFBW        -0.016      -0.014      -0.013      -0.007      -0.002      -0.001       0.002
    COGPGSBW        -0.509      -0.416      -0.368      -0.121       0.127       0.174       0.267
    ALCFLFBW        -0.008      -0.006      -0.005       0.002       0.008       0.009       0.011
    PC1BW           -5.859      -5.010      -4.577      -2.310      -0.044       0.390       1.238
    PC2BW           -8.180      -7.261      -6.791      -4.336      -1.880      -1.410      -0.491
    PC3BW          -23.895     -11.867      -5.715      26.414      58.543      64.695      76.723
    PC4BW          -10.006      -4.911      -2.304      11.308      24.920      27.526      32.622
    PC5BW           -1.577      -1.233      -1.057      -0.139       0.779       0.955       1.299

 CANFLFBW WITH
    COGPGSBW        -1.368      -1.076      -0.927      -0.148       0.631       0.781       1.072
    ALCFLFBW       123.022     140.829     149.937     197.505     245.072     254.181     271.988

 ALCFLFBW WITH
    COGPGSBW        -0.726      -0.455      -0.316       0.408       1.132       1.271       1.542

 Means
    CANFLFBW        -3.295      -2.409      -1.956       0.410       2.777       3.230       4.115
    ALCFLFBW        -3.944      -3.110      -2.683      -0.452       1.778       2.205       3.040
    COGPGSBW        -0.057      -0.043      -0.036       0.002       0.039       0.047       0.061

 Intercepts
    CVLALF          -0.499      -0.470      -0.455      -0.377      -0.299      -0.284      -0.255

 Variances
    CANFLFBW       341.279     360.494     370.324     421.654     472.984     482.813     502.028
    ALCFLFBW       290.049     306.442     314.828     358.618     402.409     410.795     427.187
    COGPGSBW         0.085       0.092       0.096       0.115       0.134       0.137       0.144

 Residual Variances
    CVLALF          -0.059      -0.005       0.023       0.167       0.312       0.340       0.394


CONFIDENCE INTERVALS OF STANDARDIZED MODEL RESULTS


STDYX Standardization

                  Lower .5%  Lower 2.5%    Lower 5%    Estimate    Upper 5%  Upper 2.5%   Upper .5%

Within Level

 CVLALF   ON
    CANFLF          -0.286      -0.250      -0.232      -0.137      -0.042      -0.024       0.011
    DEMMAL          -0.219      -0.186      -0.169      -0.080       0.009       0.026       0.059
    DEMAGE          -0.237      -0.204      -0.187      -0.098      -0.010       0.007       0.040
    COGPGS          -0.183      -0.149      -0.131      -0.040       0.052       0.069       0.104
    ALCFLF          -0.152      -0.118      -0.100      -0.007       0.086       0.103       0.138

 CANFLF   WITH
    DEMMAL           0.021       0.049       0.064       0.140       0.216       0.231       0.260
    DEMAGE          -0.371      -0.339      -0.323      -0.236      -0.150      -0.133      -0.101
    COGPGS          -0.119      -0.074      -0.050       0.072       0.195       0.218       0.264
    ALCFLF           0.298       0.334       0.352       0.448       0.544       0.563       0.599

 ALCFLF   WITH
    DEMMAL          -0.003       0.027       0.043       0.124       0.205       0.220       0.250
    DEMAGE          -0.184      -0.152      -0.136      -0.052       0.033       0.049       0.080
    COGPGS          -0.217      -0.165      -0.138       0.000       0.138       0.165       0.217

 Means
    DEMAGE          -0.120      -0.091      -0.076       0.000       0.076       0.091       0.120
    DEMMAL          -0.137      -0.104      -0.087       0.000       0.087       0.104       0.137
    CANFLF          -0.013      -0.010      -0.008       0.001       0.010       0.012       0.016
    ALCFLF          -0.006      -0.004      -0.003       0.002       0.007       0.008       0.010
    COGPGS          -0.032      -0.025      -0.022      -0.004       0.014       0.017       0.024

 Variances
    DEMAGE           1.000       1.000       1.000       1.000       1.000       1.000       1.000
    DEMMAL           1.000       1.000       1.000       1.000       1.000       1.000       1.000
    CANFLF           1.000       1.000       1.000       1.000       1.000       1.000       1.000
    ALCFLF           1.000       1.000       1.000       1.000       1.000       1.000       1.000
    COGPGS           1.000       1.000       1.000       1.000       1.000       1.000       1.000

 Residual Variances
    CVLALF           0.914       0.926       0.932       0.965       0.998       1.004       1.016

Between Level

 CVLALF   ON
    CANFLFBW        -0.676      -0.592      -0.548      -0.321      -0.095      -0.051       0.033
    COGPGSBW        -0.361      -0.296      -0.263      -0.090       0.083       0.116       0.181
    ALCFLFBW        -0.338      -0.242      -0.193       0.063       0.319       0.368       0.464
    PC1BW           -0.488      -0.419      -0.383      -0.198      -0.013       0.022       0.091
    PC2BW           -0.675      -0.604      -0.567      -0.377      -0.187      -0.150      -0.079
    PC3BW           -0.510      -0.173      -0.001       0.900       1.800       1.973       2.310
    PC4BW           -0.501      -0.166       0.006       0.903       1.799       1.971       2.307
    PC5BW           -0.131      -0.102      -0.088      -0.012       0.064       0.079       0.108

 CANFLFBW WITH
    COGPGSBW        -0.197      -0.155      -0.133      -0.021       0.091       0.112       0.154
    ALCFLFBW         0.350       0.388       0.407       0.508       0.609       0.628       0.666

 ALCFLFBW WITH
    COGPGSBW        -0.112      -0.070      -0.049       0.064       0.176       0.198       0.240

 Means
    CANFLFBW        -0.161      -0.118      -0.096       0.020       0.136       0.158       0.201
    ALCFLFBW        -0.207      -0.163      -0.141      -0.024       0.093       0.116       0.159
    COGPGSBW        -0.168      -0.127      -0.105       0.006       0.116       0.138       0.179

 Intercepts
    CVLALF          -1.330      -1.210      -1.149      -0.828      -0.507      -0.446      -0.326

 Variances
    CANFLFBW         1.000       1.000       1.000       1.000       1.000       1.000       1.000
    ALCFLFBW         1.000       1.000       1.000       1.000       1.000       1.000       1.000
    COGPGSBW         1.000       1.000       1.000       1.000       1.000       1.000       1.000

 Residual Variances
    CVLALF           0.574       0.630       0.659       0.808       0.958       0.987       1.043


TECHNICAL 1 OUTPUT


     PARAMETER SPECIFICATION FOR WITHIN


           NU
              CANFLFBW      ALCFLFBW      COGPGSBW      CVLALF        DEMAGE
              ________      ________      ________      ________      ________
 1                  0             0             0             0             0


           NU
              DEMMAL        CANFLF        ALCFLF        COGPGS        PC1BW
              ________      ________      ________      ________      ________
 1                  0             0             0             0             0


           NU
              PC2BW         PC3BW         PC4BW         PC5BW
              ________      ________      ________      ________
 1                  0             0             0             0


           LAMBDA
              CANFLFBW      ALCFLFBW      COGPGSBW      CVLALF        DEMAGE
              ________      ________      ________      ________      ________
 CANFLFBW           0             0             0             0             0
 ALCFLFBW           0             0             0             0             0
 COGPGSBW           0             0             0             0             0
 CVLALF             0             0             0             0             0
 DEMAGE             0             0             0             0             0
 DEMMAL             0             0             0             0             0
 CANFLF             0             0             0             0             0
 ALCFLF             0             0             0             0             0
 COGPGS             0             0             0             0             0
 PC1BW              0             0             0             0             0
 PC2BW              0             0             0             0             0
 PC3BW              0             0             0             0             0
 PC4BW              0             0             0             0             0
 PC5BW              0             0             0             0             0


           LAMBDA
              DEMMAL        CANFLF        ALCFLF        COGPGS        PC1BW
              ________      ________      ________      ________      ________
 CANFLFBW           0             0             0             0             0
 ALCFLFBW           0             0             0             0             0
 COGPGSBW           0             0             0             0             0
 CVLALF             0             0             0             0             0
 DEMAGE             0             0             0             0             0
 DEMMAL             0             0             0             0             0
 CANFLF             0             0             0             0             0
 ALCFLF             0             0             0             0             0
 COGPGS             0             0             0             0             0
 PC1BW              0             0             0             0             0
 PC2BW              0             0             0             0             0
 PC3BW              0             0             0             0             0
 PC4BW              0             0             0             0             0
 PC5BW              0             0             0             0             0


           LAMBDA
              PC2BW         PC3BW         PC4BW         PC5BW
              ________      ________      ________      ________
 CANFLFBW           0             0             0             0
 ALCFLFBW           0             0             0             0
 COGPGSBW           0             0             0             0
 CVLALF             0             0             0             0
 DEMAGE             0             0             0             0
 DEMMAL             0             0             0             0
 CANFLF             0             0             0             0
 ALCFLF             0             0             0             0
 COGPGS             0             0             0             0
 PC1BW              0             0             0             0
 PC2BW              0             0             0             0
 PC3BW              0             0             0             0
 PC4BW              0             0             0             0
 PC5BW              0             0             0             0


           THETA
              CANFLFBW      ALCFLFBW      COGPGSBW      CVLALF        DEMAGE
              ________      ________      ________      ________      ________
 CANFLFBW           0
 ALCFLFBW           0             0
 COGPGSBW           0             0             0
 CVLALF             0             0             0             0
 DEMAGE             0             0             0             0             0
 DEMMAL             0             0             0             0             0
 CANFLF             0             0             0             0             0
 ALCFLF             0             0             0             0             0
 COGPGS             0             0             0             0             0
 PC1BW              0             0             0             0             0
 PC2BW              0             0             0             0             0
 PC3BW              0             0             0             0             0
 PC4BW              0             0             0             0             0
 PC5BW              0             0             0             0             0


           THETA
              DEMMAL        CANFLF        ALCFLF        COGPGS        PC1BW
              ________      ________      ________      ________      ________
 DEMMAL             0
 CANFLF             0             0
 ALCFLF             0             0             0
 COGPGS             0             0             0             0
 PC1BW              0             0             0             0             0
 PC2BW              0             0             0             0             0
 PC3BW              0             0             0             0             0
 PC4BW              0             0             0             0             0
 PC5BW              0             0             0             0             0


           THETA
              PC2BW         PC3BW         PC4BW         PC5BW
              ________      ________      ________      ________
 PC2BW              0
 PC3BW              0             0
 PC4BW              0             0             0
 PC5BW              0             0             0             0


           ALPHA
              CANFLFBW      ALCFLFBW      COGPGSBW      CVLALF        DEMAGE
              ________      ________      ________      ________      ________
 1                  0             0             0             0             1


           ALPHA
              DEMMAL        CANFLF        ALCFLF        COGPGS        PC1BW
              ________      ________      ________      ________      ________
 1                  2             3             4             5             0


           ALPHA
              PC2BW         PC3BW         PC4BW         PC5BW
              ________      ________      ________      ________
 1                  0             0             0             0


           BETA
              CANFLFBW      ALCFLFBW      COGPGSBW      CVLALF        DEMAGE
              ________      ________      ________      ________      ________
 CANFLFBW           0             0             0             0             0
 ALCFLFBW           0             0             0             0             0
 COGPGSBW           0             0             0             0             0
 CVLALF             0             0             0             0             6
 DEMAGE             0             0             0             0             0
 DEMMAL             0             0             0             0             0
 CANFLF             0             0             0             0             0
 ALCFLF             0             0             0             0             0
 COGPGS             0             0             0             0             0
 PC1BW              0             0             0             0             0
 PC2BW              0             0             0             0             0
 PC3BW              0             0             0             0             0
 PC4BW              0             0             0             0             0
 PC5BW              0             0             0             0             0


           BETA
              DEMMAL        CANFLF        ALCFLF        COGPGS        PC1BW
              ________      ________      ________      ________      ________
 CANFLFBW           0             0             0             0             0
 ALCFLFBW           0             0             0             0             0
 COGPGSBW           0             0             0             0             0
 CVLALF             7             8             9            10             0
 DEMAGE             0             0             0             0             0
 DEMMAL             0             0             0             0             0
 CANFLF             0             0             0             0             0
 ALCFLF             0             0             0             0             0
 COGPGS             0             0             0             0             0
 PC1BW              0             0             0             0             0
 PC2BW              0             0             0             0             0
 PC3BW              0             0             0             0             0
 PC4BW              0             0             0             0             0
 PC5BW              0             0             0             0             0


           BETA
              PC2BW         PC3BW         PC4BW         PC5BW
              ________      ________      ________      ________
 CANFLFBW           0             0             0             0
 ALCFLFBW           0             0             0             0
 COGPGSBW           0             0             0             0
 CVLALF             0             0             0             0
 DEMAGE             0             0             0             0
 DEMMAL             0             0             0             0
 CANFLF             0             0             0             0
 ALCFLF             0             0             0             0
 COGPGS             0             0             0             0
 PC1BW              0             0             0             0
 PC2BW              0             0             0             0
 PC3BW              0             0             0             0
 PC4BW              0             0             0             0
 PC5BW              0             0             0             0


           PSI
              CANFLFBW      ALCFLFBW      COGPGSBW      CVLALF        DEMAGE
              ________      ________      ________      ________      ________
 CANFLFBW           0
 ALCFLFBW           0             0
 COGPGSBW           0             0             0
 CVLALF             0             0             0            11
 DEMAGE             0             0             0             0            12
 DEMMAL             0             0             0             0             0
 CANFLF             0             0             0             0            14
 ALCFLF             0             0             0             0            17
 COGPGS             0             0             0             0             0
 PC1BW              0             0             0             0             0
 PC2BW              0             0             0             0             0
 PC3BW              0             0             0             0             0
 PC4BW              0             0             0             0             0
 PC5BW              0             0             0             0             0


           PSI
              DEMMAL        CANFLF        ALCFLF        COGPGS        PC1BW
              ________      ________      ________      ________      ________
 DEMMAL            13
 CANFLF            15            16
 ALCFLF            18            19            20
 COGPGS             0            21            22            23
 PC1BW              0             0             0             0             0
 PC2BW              0             0             0             0             0
 PC3BW              0             0             0             0             0
 PC4BW              0             0             0             0             0
 PC5BW              0             0             0             0             0


           PSI
              PC2BW         PC3BW         PC4BW         PC5BW
              ________      ________      ________      ________
 PC2BW              0
 PC3BW              0             0
 PC4BW              0             0             0
 PC5BW              0             0             0             0


     PARAMETER SPECIFICATION FOR BETWEEN


           NU
              CANFLFBW      ALCFLFBW      COGPGSBW      CVLALF        DEMAGE
              ________      ________      ________      ________      ________
 1                  0             0             0             0             0


           NU
              DEMMAL        CANFLF        ALCFLF        COGPGS        PC1BW
              ________      ________      ________      ________      ________
 1                  0             0             0             0             0


           NU
              PC2BW         PC3BW         PC4BW         PC5BW
              ________      ________      ________      ________
 1                  0             0             0             0


           LAMBDA
              CANFLFBW      ALCFLFBW      COGPGSBW      CVLALF        DEMAGE
              ________      ________      ________      ________      ________
 CANFLFBW           0             0             0             0             0
 ALCFLFBW           0             0             0             0             0
 COGPGSBW           0             0             0             0             0
 CVLALF             0             0             0             0             0
 DEMAGE             0             0             0             0             0
 DEMMAL             0             0             0             0             0
 CANFLF             0             0             0             0             0
 ALCFLF             0             0             0             0             0
 COGPGS             0             0             0             0             0
 PC1BW              0             0             0             0             0
 PC2BW              0             0             0             0             0
 PC3BW              0             0             0             0             0
 PC4BW              0             0             0             0             0
 PC5BW              0             0             0             0             0


           LAMBDA
              DEMMAL        CANFLF        ALCFLF        COGPGS        PC1BW
              ________      ________      ________      ________      ________
 CANFLFBW           0             0             0             0             0
 ALCFLFBW           0             0             0             0             0
 COGPGSBW           0             0             0             0             0
 CVLALF             0             0             0             0             0
 DEMAGE             0             0             0             0             0
 DEMMAL             0             0             0             0             0
 CANFLF             0             0             0             0             0
 ALCFLF             0             0             0             0             0
 COGPGS             0             0             0             0             0
 PC1BW              0             0             0             0             0
 PC2BW              0             0             0             0             0
 PC3BW              0             0             0             0             0
 PC4BW              0             0             0             0             0
 PC5BW              0             0             0             0             0


           LAMBDA
              PC2BW         PC3BW         PC4BW         PC5BW
              ________      ________      ________      ________
 CANFLFBW           0             0             0             0
 ALCFLFBW           0             0             0             0
 COGPGSBW           0             0             0             0
 CVLALF             0             0             0             0
 DEMAGE             0             0             0             0
 DEMMAL             0             0             0             0
 CANFLF             0             0             0             0
 ALCFLF             0             0             0             0
 COGPGS             0             0             0             0
 PC1BW              0             0             0             0
 PC2BW              0             0             0             0
 PC3BW              0             0             0             0
 PC4BW              0             0             0             0
 PC5BW              0             0             0             0


           THETA
              CANFLFBW      ALCFLFBW      COGPGSBW      CVLALF        DEMAGE
              ________      ________      ________      ________      ________
 CANFLFBW           0
 ALCFLFBW           0             0
 COGPGSBW           0             0             0
 CVLALF             0             0             0             0
 DEMAGE             0             0             0             0             0
 DEMMAL             0             0             0             0             0
 CANFLF             0             0             0             0             0
 ALCFLF             0             0             0             0             0
 COGPGS             0             0             0             0             0
 PC1BW              0             0             0             0             0
 PC2BW              0             0             0             0             0
 PC3BW              0             0             0             0             0
 PC4BW              0             0             0             0             0
 PC5BW              0             0             0             0             0


           THETA
              DEMMAL        CANFLF        ALCFLF        COGPGS        PC1BW
              ________      ________      ________      ________      ________
 DEMMAL             0
 CANFLF             0             0
 ALCFLF             0             0             0
 COGPGS             0             0             0             0
 PC1BW              0             0             0             0             0
 PC2BW              0             0             0             0             0
 PC3BW              0             0             0             0             0
 PC4BW              0             0             0             0             0
 PC5BW              0             0             0             0             0


           THETA
              PC2BW         PC3BW         PC4BW         PC5BW
              ________      ________      ________      ________
 PC2BW              0
 PC3BW              0             0
 PC4BW              0             0             0
 PC5BW              0             0             0             0


           ALPHA
              CANFLFBW      ALCFLFBW      COGPGSBW      CVLALF        DEMAGE
              ________      ________      ________      ________      ________
 1                 24            25            26            27             0


           ALPHA
              DEMMAL        CANFLF        ALCFLF        COGPGS        PC1BW
              ________      ________      ________      ________      ________
 1                  0             0             0             0             0


           ALPHA
              PC2BW         PC3BW         PC4BW         PC5BW
              ________      ________      ________      ________
 1                  0             0             0             0


           BETA
              CANFLFBW      ALCFLFBW      COGPGSBW      CVLALF        DEMAGE
              ________      ________      ________      ________      ________
 CANFLFBW           0             0             0             0             0
 ALCFLFBW           0             0             0             0             0
 COGPGSBW           0             0             0             0             0
 CVLALF            28            29            30             0             0
 DEMAGE             0             0             0             0             0
 DEMMAL             0             0             0             0             0
 CANFLF             0             0             0             0             0
 ALCFLF             0             0             0             0             0
 COGPGS             0             0             0             0             0
 PC1BW              0             0             0             0             0
 PC2BW              0             0             0             0             0
 PC3BW              0             0             0             0             0
 PC4BW              0             0             0             0             0
 PC5BW              0             0             0             0             0


           BETA
              DEMMAL        CANFLF        ALCFLF        COGPGS        PC1BW
              ________      ________      ________      ________      ________
 CANFLFBW           0             0             0             0             0
 ALCFLFBW           0             0             0             0             0
 COGPGSBW           0             0             0             0             0
 CVLALF             0             0             0             0            31
 DEMAGE             0             0             0             0             0
 DEMMAL             0             0             0             0             0
 CANFLF             0             0             0             0             0
 ALCFLF             0             0             0             0             0
 COGPGS             0             0             0             0             0
 PC1BW              0             0             0             0             0
 PC2BW              0             0             0             0             0
 PC3BW              0             0             0             0             0
 PC4BW              0             0             0             0             0
 PC5BW              0             0             0             0             0


           BETA
              PC2BW         PC3BW         PC4BW         PC5BW
              ________      ________      ________      ________
 CANFLFBW           0             0             0             0
 ALCFLFBW           0             0             0             0
 COGPGSBW           0             0             0             0
 CVLALF            32            33            34            35
 DEMAGE             0             0             0             0
 DEMMAL             0             0             0             0
 CANFLF             0             0             0             0
 ALCFLF             0             0             0             0
 COGPGS             0             0             0             0
 PC1BW              0             0             0             0
 PC2BW              0             0             0             0
 PC3BW              0             0             0             0
 PC4BW              0             0             0             0
 PC5BW              0             0             0             0


           PSI
              CANFLFBW      ALCFLFBW      COGPGSBW      CVLALF        DEMAGE
              ________      ________      ________      ________      ________
 CANFLFBW          36
 ALCFLFBW          37            38
 COGPGSBW          39            40            41
 CVLALF             0             0             0            42
 DEMAGE             0             0             0             0             0
 DEMMAL             0             0             0             0             0
 CANFLF             0             0             0             0             0
 ALCFLF             0             0             0             0             0
 COGPGS             0             0             0             0             0
 PC1BW              0             0             0             0             0
 PC2BW              0             0             0             0             0
 PC3BW              0             0             0             0             0
 PC4BW              0             0             0             0             0
 PC5BW              0             0             0             0             0


           PSI
              DEMMAL        CANFLF        ALCFLF        COGPGS        PC1BW
              ________      ________      ________      ________      ________
 DEMMAL             0
 CANFLF             0             0
 ALCFLF             0             0             0
 COGPGS             0             0             0             0
 PC1BW              0             0             0             0             0
 PC2BW              0             0             0             0             0
 PC3BW              0             0             0             0             0
 PC4BW              0             0             0             0             0
 PC5BW              0             0             0             0             0


           PSI
              PC2BW         PC3BW         PC4BW         PC5BW
              ________      ________      ________      ________
 PC2BW              0
 PC3BW              0             0
 PC4BW              0             0             0
 PC5BW              0             0             0             0


     STARTING VALUES FOR WITHIN


           NU
              CANFLFBW      ALCFLFBW      COGPGSBW      CVLALF        DEMAGE
              ________      ________      ________      ________      ________
 1              0.000         0.000         0.000         0.000         0.000


           NU
              DEMMAL        CANFLF        ALCFLF        COGPGS        PC1BW
              ________      ________      ________      ________      ________
 1              0.000         0.000         0.000         0.000         0.000


           NU
              PC2BW         PC3BW         PC4BW         PC5BW
              ________      ________      ________      ________
 1              0.000         0.000         0.000         0.000


           LAMBDA
              CANFLFBW      ALCFLFBW      COGPGSBW      CVLALF        DEMAGE
              ________      ________      ________      ________      ________
 CANFLFBW       1.000         0.000         0.000         0.000         0.000
 ALCFLFBW       0.000         1.000         0.000         0.000         0.000
 COGPGSBW       0.000         0.000         1.000         0.000         0.000
 CVLALF         0.000         0.000         0.000         1.000         0.000
 DEMAGE         0.000         0.000         0.000         0.000         1.000
 DEMMAL         0.000         0.000         0.000         0.000         0.000
 CANFLF         0.000         0.000         0.000         0.000         0.000
 ALCFLF         0.000         0.000         0.000         0.000         0.000
 COGPGS         0.000         0.000         0.000         0.000         0.000
 PC1BW          0.000         0.000         0.000         0.000         0.000
 PC2BW          0.000         0.000         0.000         0.000         0.000
 PC3BW          0.000         0.000         0.000         0.000         0.000
 PC4BW          0.000         0.000         0.000         0.000         0.000
 PC5BW          0.000         0.000         0.000         0.000         0.000


           LAMBDA
              DEMMAL        CANFLF        ALCFLF        COGPGS        PC1BW
              ________      ________      ________      ________      ________
 CANFLFBW       0.000         0.000         0.000         0.000         0.000
 ALCFLFBW       0.000         0.000         0.000         0.000         0.000
 COGPGSBW       0.000         0.000         0.000         0.000         0.000
 CVLALF         0.000         0.000         0.000         0.000         0.000
 DEMAGE         0.000         0.000         0.000         0.000         0.000
 DEMMAL         1.000         0.000         0.000         0.000         0.000
 CANFLF         0.000         1.000         0.000         0.000         0.000
 ALCFLF         0.000         0.000         1.000         0.000         0.000
 COGPGS         0.000         0.000         0.000         1.000         0.000
 PC1BW          0.000         0.000         0.000         0.000         1.000
 PC2BW          0.000         0.000         0.000         0.000         0.000
 PC3BW          0.000         0.000         0.000         0.000         0.000
 PC4BW          0.000         0.000         0.000         0.000         0.000
 PC5BW          0.000         0.000         0.000         0.000         0.000


           LAMBDA
              PC2BW         PC3BW         PC4BW         PC5BW
              ________      ________      ________      ________
 CANFLFBW       0.000         0.000         0.000         0.000
 ALCFLFBW       0.000         0.000         0.000         0.000
 COGPGSBW       0.000         0.000         0.000         0.000
 CVLALF         0.000         0.000         0.000         0.000
 DEMAGE         0.000         0.000         0.000         0.000
 DEMMAL         0.000         0.000         0.000         0.000
 CANFLF         0.000         0.000         0.000         0.000
 ALCFLF         0.000         0.000         0.000         0.000
 COGPGS         0.000         0.000         0.000         0.000
 PC1BW          0.000         0.000         0.000         0.000
 PC2BW          1.000         0.000         0.000         0.000
 PC3BW          0.000         1.000         0.000         0.000
 PC4BW          0.000         0.000         1.000         0.000
 PC5BW          0.000         0.000         0.000         1.000


           THETA
              CANFLFBW      ALCFLFBW      COGPGSBW      CVLALF        DEMAGE
              ________      ________      ________      ________      ________
 CANFLFBW       0.000
 ALCFLFBW       0.000         0.000
 COGPGSBW       0.000         0.000         0.000
 CVLALF         0.000         0.000         0.000         0.000
 DEMAGE         0.000         0.000         0.000         0.000         0.000
 DEMMAL         0.000         0.000         0.000         0.000         0.000
 CANFLF         0.000         0.000         0.000         0.000         0.000
 ALCFLF         0.000         0.000         0.000         0.000         0.000
 COGPGS         0.000         0.000         0.000         0.000         0.000
 PC1BW          0.000         0.000         0.000         0.000         0.000
 PC2BW          0.000         0.000         0.000         0.000         0.000
 PC3BW          0.000         0.000         0.000         0.000         0.000
 PC4BW          0.000         0.000         0.000         0.000         0.000
 PC5BW          0.000         0.000         0.000         0.000         0.000


           THETA
              DEMMAL        CANFLF        ALCFLF        COGPGS        PC1BW
              ________      ________      ________      ________      ________
 DEMMAL         0.000
 CANFLF         0.000         0.000
 ALCFLF         0.000         0.000         0.000
 COGPGS         0.000         0.000         0.000         0.000
 PC1BW          0.000         0.000         0.000         0.000         0.000
 PC2BW          0.000         0.000         0.000         0.000         0.000
 PC3BW          0.000         0.000         0.000         0.000         0.000
 PC4BW          0.000         0.000         0.000         0.000         0.000
 PC5BW          0.000         0.000         0.000         0.000         0.000


           THETA
              PC2BW         PC3BW         PC4BW         PC5BW
              ________      ________      ________      ________
 PC2BW          0.000
 PC3BW          0.000         0.000
 PC4BW          0.000         0.000         0.000
 PC5BW          0.000         0.000         0.000         0.000


           ALPHA
              CANFLFBW      ALCFLFBW      COGPGSBW      CVLALF        DEMAGE
              ________      ________      ________      ________      ________
 1              0.000         0.000         0.000         0.000         0.000


           ALPHA
              DEMMAL        CANFLF        ALCFLF        COGPGS        PC1BW
              ________      ________      ________      ________      ________
 1              0.000         0.000         0.000         0.000         0.000


           ALPHA
              PC2BW         PC3BW         PC4BW         PC5BW
              ________      ________      ________      ________
 1              0.000         0.000         0.000         0.000


           BETA
              CANFLFBW      ALCFLFBW      COGPGSBW      CVLALF        DEMAGE
              ________      ________      ________      ________      ________
 CANFLFBW       0.000         0.000         0.000         0.000         0.000
 ALCFLFBW       0.000         0.000         0.000         0.000         0.000
 COGPGSBW       0.000         0.000         0.000         0.000         0.000
 CVLALF         0.000         0.000         0.000         0.000         0.000
 DEMAGE         0.000         0.000         0.000         0.000         0.000
 DEMMAL         0.000         0.000         0.000         0.000         0.000
 CANFLF         0.000         0.000         0.000         0.000         0.000
 ALCFLF         0.000         0.000         0.000         0.000         0.000
 COGPGS         0.000         0.000         0.000         0.000         0.000
 PC1BW          0.000         0.000         0.000         0.000         0.000
 PC2BW          0.000         0.000         0.000         0.000         0.000
 PC3BW          0.000         0.000         0.000         0.000         0.000
 PC4BW          0.000         0.000         0.000         0.000         0.000
 PC5BW          0.000         0.000         0.000         0.000         0.000


           BETA
              DEMMAL        CANFLF        ALCFLF        COGPGS        PC1BW
              ________      ________      ________      ________      ________
 CANFLFBW       0.000         0.000         0.000         0.000         0.000
 ALCFLFBW       0.000         0.000         0.000         0.000         0.000
 COGPGSBW       0.000         0.000         0.000         0.000         0.000
 CVLALF         0.000         0.000         0.000         0.000         0.000
 DEMAGE         0.000         0.000         0.000         0.000         0.000
 DEMMAL         0.000         0.000         0.000         0.000         0.000
 CANFLF         0.000         0.000         0.000         0.000         0.000
 ALCFLF         0.000         0.000         0.000         0.000         0.000
 COGPGS         0.000         0.000         0.000         0.000         0.000
 PC1BW          0.000         0.000         0.000         0.000         0.000
 PC2BW          0.000         0.000         0.000         0.000         0.000
 PC3BW          0.000         0.000         0.000         0.000         0.000
 PC4BW          0.000         0.000         0.000         0.000         0.000
 PC5BW          0.000         0.000         0.000         0.000         0.000


           BETA
              PC2BW         PC3BW         PC4BW         PC5BW
              ________      ________      ________      ________
 CANFLFBW       0.000         0.000         0.000         0.000
 ALCFLFBW       0.000         0.000         0.000         0.000
 COGPGSBW       0.000         0.000         0.000         0.000
 CVLALF         0.000         0.000         0.000         0.000
 DEMAGE         0.000         0.000         0.000         0.000
 DEMMAL         0.000         0.000         0.000         0.000
 CANFLF         0.000         0.000         0.000         0.000
 ALCFLF         0.000         0.000         0.000         0.000
 COGPGS         0.000         0.000         0.000         0.000
 PC1BW          0.000         0.000         0.000         0.000
 PC2BW          0.000         0.000         0.000         0.000
 PC3BW          0.000         0.000         0.000         0.000
 PC4BW          0.000         0.000         0.000         0.000
 PC5BW          0.000         0.000         0.000         0.000


           PSI
              CANFLFBW      ALCFLFBW      COGPGSBW      CVLALF        DEMAGE
              ________      ________      ________      ________      ________
 CANFLFBW       0.000
 ALCFLFBW       0.000         0.000
 COGPGSBW       0.000         0.000         0.000
 CVLALF         0.000         0.000         0.000         0.446
 DEMAGE         0.000         0.000         0.000         0.000         2.950
 DEMMAL         0.000         0.000         0.000         0.000         0.000
 CANFLF         0.000         0.000         0.000         0.000         0.000
 ALCFLF         0.000         0.000         0.000         0.000         0.000
 COGPGS         0.000         0.000         0.000         0.000         0.000
 PC1BW          0.000         0.000         0.000         0.000         0.000
 PC2BW          0.000         0.000         0.000         0.000         0.000
 PC3BW          0.000         0.000         0.000         0.000         0.000
 PC4BW          0.000         0.000         0.000         0.000         0.000
 PC5BW          0.000         0.000         0.000         0.000         0.000


           PSI
              DEMMAL        CANFLF        ALCFLF        COGPGS        PC1BW
              ________      ________      ________      ________      ________
 DEMMAL         0.124
 CANFLF         0.000       141.900
 ALCFLF         0.000         0.000       109.933
 COGPGS         0.000         0.000         0.000         0.008
 PC1BW          0.000         0.000         0.000         0.000         0.000
 PC2BW          0.000         0.000         0.000         0.000         0.000
 PC3BW          0.000         0.000         0.000         0.000         0.000
 PC4BW          0.000         0.000         0.000         0.000         0.000
 PC5BW          0.000         0.000         0.000         0.000         0.000


           PSI
              PC2BW         PC3BW         PC4BW         PC5BW
              ________      ________      ________      ________
 PC2BW          0.000
 PC3BW          0.000         0.000
 PC4BW          0.000         0.000         0.000
 PC5BW          0.000         0.000         0.000         0.000


     STARTING VALUES FOR BETWEEN


           NU
              CANFLFBW      ALCFLFBW      COGPGSBW      CVLALF        DEMAGE
              ________      ________      ________      ________      ________
 1              0.000         0.000         0.000         0.000         0.000


           NU
              DEMMAL        CANFLF        ALCFLF        COGPGS        PC1BW
              ________      ________      ________      ________      ________
 1              0.000         0.000         0.000         0.000         0.000


           NU
              PC2BW         PC3BW         PC4BW         PC5BW
              ________      ________      ________      ________
 1              0.000         0.000         0.000         0.000


           LAMBDA
              CANFLFBW      ALCFLFBW      COGPGSBW      CVLALF        DEMAGE
              ________      ________      ________      ________      ________
 CANFLFBW       1.000         0.000         0.000         0.000         0.000
 ALCFLFBW       0.000         1.000         0.000         0.000         0.000
 COGPGSBW       0.000         0.000         1.000         0.000         0.000
 CVLALF         0.000         0.000         0.000         1.000         0.000
 DEMAGE         0.000         0.000         0.000         0.000         1.000
 DEMMAL         0.000         0.000         0.000         0.000         0.000
 CANFLF         0.000         0.000         0.000         0.000         0.000
 ALCFLF         0.000         0.000         0.000         0.000         0.000
 COGPGS         0.000         0.000         0.000         0.000         0.000
 PC1BW          0.000         0.000         0.000         0.000         0.000
 PC2BW          0.000         0.000         0.000         0.000         0.000
 PC3BW          0.000         0.000         0.000         0.000         0.000
 PC4BW          0.000         0.000         0.000         0.000         0.000
 PC5BW          0.000         0.000         0.000         0.000         0.000


           LAMBDA
              DEMMAL        CANFLF        ALCFLF        COGPGS        PC1BW
              ________      ________      ________      ________      ________
 CANFLFBW       0.000         0.000         0.000         0.000         0.000
 ALCFLFBW       0.000         0.000         0.000         0.000         0.000
 COGPGSBW       0.000         0.000         0.000         0.000         0.000
 CVLALF         0.000         0.000         0.000         0.000         0.000
 DEMAGE         0.000         0.000         0.000         0.000         0.000
 DEMMAL         1.000         0.000         0.000         0.000         0.000
 CANFLF         0.000         1.000         0.000         0.000         0.000
 ALCFLF         0.000         0.000         1.000         0.000         0.000
 COGPGS         0.000         0.000         0.000         1.000         0.000
 PC1BW          0.000         0.000         0.000         0.000         1.000
 PC2BW          0.000         0.000         0.000         0.000         0.000
 PC3BW          0.000         0.000         0.000         0.000         0.000
 PC4BW          0.000         0.000         0.000         0.000         0.000
 PC5BW          0.000         0.000         0.000         0.000         0.000


           LAMBDA
              PC2BW         PC3BW         PC4BW         PC5BW
              ________      ________      ________      ________
 CANFLFBW       0.000         0.000         0.000         0.000
 ALCFLFBW       0.000         0.000         0.000         0.000
 COGPGSBW       0.000         0.000         0.000         0.000
 CVLALF         0.000         0.000         0.000         0.000
 DEMAGE         0.000         0.000         0.000         0.000
 DEMMAL         0.000         0.000         0.000         0.000
 CANFLF         0.000         0.000         0.000         0.000
 ALCFLF         0.000         0.000         0.000         0.000
 COGPGS         0.000         0.000         0.000         0.000
 PC1BW          0.000         0.000         0.000         0.000
 PC2BW          1.000         0.000         0.000         0.000
 PC3BW          0.000         1.000         0.000         0.000
 PC4BW          0.000         0.000         1.000         0.000
 PC5BW          0.000         0.000         0.000         1.000


           THETA
              CANFLFBW      ALCFLFBW      COGPGSBW      CVLALF        DEMAGE
              ________      ________      ________      ________      ________
 CANFLFBW       0.000
 ALCFLFBW       0.000         0.000
 COGPGSBW       0.000         0.000         0.000
 CVLALF         0.000         0.000         0.000         0.000
 DEMAGE         0.000         0.000         0.000         0.000         0.000
 DEMMAL         0.000         0.000         0.000         0.000         0.000
 CANFLF         0.000         0.000         0.000         0.000         0.000
 ALCFLF         0.000         0.000         0.000         0.000         0.000
 COGPGS         0.000         0.000         0.000         0.000         0.000
 PC1BW          0.000         0.000         0.000         0.000         0.000
 PC2BW          0.000         0.000         0.000         0.000         0.000
 PC3BW          0.000         0.000         0.000         0.000         0.000
 PC4BW          0.000         0.000         0.000         0.000         0.000
 PC5BW          0.000         0.000         0.000         0.000         0.000


           THETA
              DEMMAL        CANFLF        ALCFLF        COGPGS        PC1BW
              ________      ________      ________      ________      ________
 DEMMAL         0.000
 CANFLF         0.000         0.000
 ALCFLF         0.000         0.000         0.000
 COGPGS         0.000         0.000         0.000         0.000
 PC1BW          0.000         0.000         0.000         0.000         0.000
 PC2BW          0.000         0.000         0.000         0.000         0.000
 PC3BW          0.000         0.000         0.000         0.000         0.000
 PC4BW          0.000         0.000         0.000         0.000         0.000
 PC5BW          0.000         0.000         0.000         0.000         0.000


           THETA
              PC2BW         PC3BW         PC4BW         PC5BW
              ________      ________      ________      ________
 PC2BW          0.000
 PC3BW          0.000         0.000
 PC4BW          0.000         0.000         0.000
 PC5BW          0.000         0.000         0.000         0.000


           ALPHA
              CANFLFBW      ALCFLFBW      COGPGSBW      CVLALF        DEMAGE
              ________      ________      ________      ________      ________
 1              0.000         0.000         0.000        -0.376         0.000


           ALPHA
              DEMMAL        CANFLF        ALCFLF        COGPGS        PC1BW
              ________      ________      ________      ________      ________
 1              0.000         0.000         0.000         0.000         0.000


           ALPHA
              PC2BW         PC3BW         PC4BW         PC5BW
              ________      ________      ________      ________
 1              0.000         0.000         0.000         0.000


           BETA
              CANFLFBW      ALCFLFBW      COGPGSBW      CVLALF        DEMAGE
              ________      ________      ________      ________      ________
 CANFLFBW       0.000         0.000         0.000         0.000         0.000
 ALCFLFBW       0.000         0.000         0.000         0.000         0.000
 COGPGSBW       0.000         0.000         0.000         0.000         0.000
 CVLALF         0.000         0.000         0.000         0.000         0.000
 DEMAGE         0.000         0.000         0.000         0.000         0.000
 DEMMAL         0.000         0.000         0.000         0.000         0.000
 CANFLF         0.000         0.000         0.000         0.000         0.000
 ALCFLF         0.000         0.000         0.000         0.000         0.000
 COGPGS         0.000         0.000         0.000         0.000         0.000
 PC1BW          0.000         0.000         0.000         0.000         0.000
 PC2BW          0.000         0.000         0.000         0.000         0.000
 PC3BW          0.000         0.000         0.000         0.000         0.000
 PC4BW          0.000         0.000         0.000         0.000         0.000
 PC5BW          0.000         0.000         0.000         0.000         0.000


           BETA
              DEMMAL        CANFLF        ALCFLF        COGPGS        PC1BW
              ________      ________      ________      ________      ________
 CANFLFBW       0.000         0.000         0.000         0.000         0.000
 ALCFLFBW       0.000         0.000         0.000         0.000         0.000
 COGPGSBW       0.000         0.000         0.000         0.000         0.000
 CVLALF         0.000         0.000         0.000         0.000         0.000
 DEMAGE         0.000         0.000         0.000         0.000         0.000
 DEMMAL         0.000         0.000         0.000         0.000         0.000
 CANFLF         0.000         0.000         0.000         0.000         0.000
 ALCFLF         0.000         0.000         0.000         0.000         0.000
 COGPGS         0.000         0.000         0.000         0.000         0.000
 PC1BW          0.000         0.000         0.000         0.000         0.000
 PC2BW          0.000         0.000         0.000         0.000         0.000
 PC3BW          0.000         0.000         0.000         0.000         0.000
 PC4BW          0.000         0.000         0.000         0.000         0.000
 PC5BW          0.000         0.000         0.000         0.000         0.000


           BETA
              PC2BW         PC3BW         PC4BW         PC5BW
              ________      ________      ________      ________
 CANFLFBW       0.000         0.000         0.000         0.000
 ALCFLFBW       0.000         0.000         0.000         0.000
 COGPGSBW       0.000         0.000         0.000         0.000
 CVLALF         0.000         0.000         0.000         0.000
 DEMAGE         0.000         0.000         0.000         0.000
 DEMMAL         0.000         0.000         0.000         0.000
 CANFLF         0.000         0.000         0.000         0.000
 ALCFLF         0.000         0.000         0.000         0.000
 COGPGS         0.000         0.000         0.000         0.000
 PC1BW          0.000         0.000         0.000         0.000
 PC2BW          0.000         0.000         0.000         0.000
 PC3BW          0.000         0.000         0.000         0.000
 PC4BW          0.000         0.000         0.000         0.000
 PC5BW          0.000         0.000         0.000         0.000


           PSI
              CANFLFBW      ALCFLFBW      COGPGSBW      CVLALF        DEMAGE
              ________      ________      ________      ________      ________
 CANFLFBW     211.737
 ALCFLFBW       0.000       172.461
 COGPGSBW       0.000         0.000         0.058
 CVLALF         0.000         0.000         0.000         0.446
 DEMAGE         0.000         0.000         0.000         0.000         0.000
 DEMMAL         0.000         0.000         0.000         0.000         0.000
 CANFLF         0.000         0.000         0.000         0.000         0.000
 ALCFLF         0.000         0.000         0.000         0.000         0.000
 COGPGS         0.000         0.000         0.000         0.000         0.000
 PC1BW          0.000         0.000         0.000         0.000         0.000
 PC2BW          0.000         0.000         0.000         0.000         0.000
 PC3BW          0.000         0.000         0.000         0.000         0.000
 PC4BW          0.000         0.000         0.000         0.000         0.000
 PC5BW          0.000         0.000         0.000         0.000         0.000


           PSI
              DEMMAL        CANFLF        ALCFLF        COGPGS        PC1BW
              ________      ________      ________      ________      ________
 DEMMAL         0.000
 CANFLF         0.000         0.000
 ALCFLF         0.000         0.000         0.000
 COGPGS         0.000         0.000         0.000         0.000
 PC1BW          0.000         0.000         0.000         0.000         0.001
 PC2BW          0.000         0.000         0.000         0.000         0.000
 PC3BW          0.000         0.000         0.000         0.000         0.000
 PC4BW          0.000         0.000         0.000         0.000         0.000
 PC5BW          0.000         0.000         0.000         0.000         0.000


           PSI
              PC2BW         PC3BW         PC4BW         PC5BW
              ________      ________      ________      ________
 PC2BW          0.001
 PC3BW          0.000         0.000
 PC4BW          0.000         0.000         0.001
 PC5BW          0.000         0.000         0.000         0.001


SAMPLE STATISTICS FOR ESTIMATED FACTOR SCORES


     SAMPLE STATISTICS


           Means
              B_CVLALF
              ________
 1             -0.376


           Covariances
              B_CVLALF
              ________
 B_CVLALF       0.090


           Correlations
              B_CVLALF
              ________
 B_CVLALF       1.000


PLOT INFORMATION

The following plots are available:

  Histograms (sample values)
  Scatterplots (sample values)

     Beginning Time:  13:09:22
        Ending Time:  13:09:23
       Elapsed Time:  00:00:01



MUTHEN & MUTHEN
3463 Stoner Ave.
Los Angeles, CA  90066

Tel: (310) 391-9971
Fax: (310) 391-8971
Web: www.StatModel.com
Support: Support@StatModel.com

Copyright (c) 1998-2015 Muthen & Muthen
