Mplus VERSION 7.4 (Mac)
MUTHEN & MUTHEN
07/30/2019   1:09 PM

INPUT INSTRUCTIONS


  TITLE: CANF6M_WASVCB_1;

  DATA:
  	FILE = GD190618.csv;

  VARIABLE:
  	NAMES =
  			ID_Fam   Wave     ID_MPL
  			DEMMAL   DEMAGE   DEMHSP   DEMRAC
  			SRPWCR
  			WASVCB   WASBLK   WASDGT   WSISUM
  			TRLATS   TRLBTS
  			CVLASF   CVLASC   CVLALF   CVLALC
  			WASCOM   COGCOM   CVLCOM
  			CANEVR   CANONS   CANFLF
  			CANFTY   CANF6M   CANAC6
  			CANYRS
  			ALCEVR   ALCONS   ALCFLF
  			ALCFTY   ALCF6M   ALCAC6
  			ALCYRS
  			SRPWCRDt WASVCBDt WASBLKDt
  			WASDGTDt WSISUMDt TRLATSDt
  			TRLBTSDt CVLASFDt CVLASCDt
  			CVLALFDt CVLALCDt WASCOMDt
  			COGCOMDt CVLCOMDt
  			COGPGS
  			PC1 PC2 PC3 PC4 PC5 PC6
  		;
  	USEVARIABLES =
  		! outcome
    			WASVCB
    		! covariates
    			DEMAGE
    			DEMMAL  	
    		! within predictor
    			CANF6M
    			ALCF6M
    			COGPGS
    		! between predictor
    			CANF6MBW
    			ALCF6MBW
    			COGPGSBW
    			PC1BW
    			PC2BW
    			PC3BW
    			PC4BW
    			PC5BW
    		;
    	USEOBSERVATION =
    			(Wave EQ 1 AND WASVCBDt EQ 1)
    		;
    	CLUSTER =
    			ID_Fam
    		;
    	MISSING = .;
    	BETWEEN =   		
    			CANF6MBW
    			ALCF6MBW
    			COGPGSBW
    			PC1BW
    			PC2BW
    			PC3BW
    			PC4BW
    			PC5BW		
    		;
    	WITHIN  		
    			CANF6M
    			ALCF6M
    			COGPGS
    			DEMAGE
    			DEMMAL
    		;  		

  DEFINE:
  	! CREATE BW FAM PREDICTOR
  		CANF6MBW = cluster_mean (CANF6M);
  		ALCF6MBW = cluster_mean (ALCF6M);
  		COGPGSBW = cluster_mean (COGPGS);
  		PC1BW = cluster_mean (PC1);
  		PC2BW = cluster_mean (PC2);
  		PC3BW = cluster_mean (PC3);
  		PC4BW = cluster_mean (PC4);
  		PC5BW = cluster_mean (PC5);
  	! CENTER WI FAM VARIABLES
  		CENTER CANF6M (GROUPMEAN);
  		CENTER ALCF6M (GROUPMEAN);
  		CENTER COGPGS (GROUPMEAN);
  		CENTER DEMMAL (GRANDMEAN);
  		CENTER DEMAGE (GRANDMEAN);
  	! CENTER BW FAM VARIABLES
  		CENTER CANF6MBW (GRANDMEAN);
  		CENTER ALCF6MBW (GRANDMEAN);
  		CENTER COGPGSBW (GRANDMEAN);
  		CENTER PC1BW (GRANDMEAN);
  		CENTER PC2BW (GRANDMEAN);
  		CENTER PC3BW (GRANDMEAN);
  		CENTER PC4BW (GRANDMEAN);
  		CENTER PC5BW (GRANDMEAN);

  ANALYSIS:
          ITERATIONS = 1000000;
          TYPE = TWOLEVEL RANDOM;
          ALGORITHM = INTEGRATION;

  OUTPUT:
  	SAMPSTAT STDYX TECH1 CINT;

  MODEL:
  %WITHIN%
  	WASVCB on CANF6M;
  	WASVCB on  DEMMAL DEMAGE COGPGS ALCF6M;
  	COGPGS*;
  	ALCF6M*;
  	WASVCB*;
  	CANF6M WITH DEMMAL*;
  	CANF6M WITH DEMAGE*;
  	CANF6M WITH COGPGS*;

  	CANF6M WITH ALCF6M*;
  	
  	ALCF6M WITH DEMMAL*;
  	ALCF6M WITH DEMAGE*;
  	ALCF6M WITH COGPGS*;


  %BETWEEN%
  	WASVCB on CANF6MBW COGPGSBW ALCF6MBW
  			    PC1BW PC2BW PC3BW PC4BW PC5BW;
  	COGPGSBW*;
  	ALCF6MBW;
  	WASVCB*;
  	CANF6MBW WITH COGPGSBW*;
  	CANF6MBW WITH ALCF6MBW*;
  	ALCF6MBW WITH COGPGSBW*;

  PLOT:
  	TYPE = plot3;



*** WARNING
  Data set contains cases with missing on x-variables.
  These cases were not included in the analysis.
  Number of cases with missing on x-variables:  160
   1 WARNING(S) FOUND IN THE INPUT INSTRUCTIONS



CANF6M_WASVCB_1;

SUMMARY OF ANALYSIS

Number of groups                                                 1
Number of observations                                         967

Number of dependent variables                                    1
Number of independent variables                                 13
Number of continuous latent variables                            0

Observed dependent variables

  Continuous
   WASVCB

Observed independent variables
   DEMAGE      DEMMAL      CANF6M      ALCF6M      COGPGS      CANF6MBW
   ALCF6MBW    COGPGSBW    PC1BW       PC2BW       PC3BW       PC4BW
   PC5BW

Variables with special functions

  Cluster variable      ID_FAM

  Within variables
   DEMAGE      DEMMAL      CANF6M      ALCF6M      COGPGS

  Between variables
   CANF6MBW    ALCF6MBW    COGPGSBW    PC1BW       PC2BW       PC3BW
   PC4BW       PC5BW

  Centering (GRANDMEAN)
   DEMMAL      DEMAGE      CANF6MBW
   ALCF6MBW    COGPGSBW    PC1BW       PC2BW       PC3BW       PC4BW
   PC5BW

  Centering (GROUPMEAN)
   CANF6M      ALCF6M      COGPGS


Estimator                                                      MLR
Information matrix                                        OBSERVED
Optimization Specifications for the Quasi-Newton Algorithm for
Continuous Outcomes
  Maximum number of iterations                             1000000
  Convergence criterion                                  0.100D-05
Optimization Specifications for the EM Algorithm
  Maximum number of iterations                                 500
  Convergence criteria
    Loglikelihood change                                 0.100D-02
    Relative loglikelihood change                        0.100D-05
    Derivative                                           0.100D-02
Optimization Specifications for the M step of the EM Algorithm for
Categorical Latent variables
  Number of M step iterations                                    1
  M step convergence criterion                           0.100D-02
  Basis for M step termination                           ITERATION
Optimization Specifications for the M step of the EM Algorithm for
Censored, Binary or Ordered Categorical (Ordinal), Unordered
Categorical (Nominal) and Count Outcomes
  Number of M step iterations                                    1
  M step convergence criterion                           0.100D-02
  Basis for M step termination                           ITERATION
  Maximum value for logit thresholds                            15
  Minimum value for logit thresholds                           -15
  Minimum expected cell size for chi-square              0.100D-01
Maximum number of iterations for H1                           2000
Convergence criterion for H1                             0.100D-03
Optimization algorithm                                         EMA
Integration Specifications
  Type                                                    STANDARD
  Number of integration points                                  15
  Dimensions of numerical integration                            0
  Adaptive quadrature                                           ON
Cholesky                                                       OFF

Input data file(s)
  GD190618.csv
Input data format  FREE


SUMMARY OF DATA

     Number of missing data patterns             7
     Number of clusters                        490



COVARIANCE COVERAGE OF DATA

Minimum covariance coverage value   0.100


     PROPORTION OF DATA PRESENT FOR Y


           Covariance Coverage
              CANF6MBW      ALCF6MBW      COGPGSBW      WASVCB        DEMAGE
              ________      ________      ________      ________      ________
 CANF6MBW       0.999
 ALCF6MBW       0.999         0.999
 COGPGSBW       0.999         0.999         1.000
 WASVCB         0.999         0.999         1.000         1.000
 DEMAGE         0.998         0.998         0.999         0.999         0.999
 DEMMAL         0.999         0.999         1.000         1.000         0.999
 CANF6M         0.997         0.997         0.997         0.997         0.996
 ALCF6M         0.996         0.996         0.996         0.996         0.995
 COGPGS         0.696         0.696         0.697         0.697         0.697
 PC1BW          0.999         0.999         1.000         1.000         0.999
 PC2BW          0.999         0.999         1.000         1.000         0.999
 PC3BW          0.999         0.999         1.000         1.000         0.999
 PC4BW          0.999         0.999         1.000         1.000         0.999
 PC5BW          0.999         0.999         1.000         1.000         0.999


           Covariance Coverage
              DEMMAL        CANF6M        ALCF6M        COGPGS        PC1BW
              ________      ________      ________      ________      ________
 DEMMAL         1.000
 CANF6M         0.997         0.997
 ALCF6M         0.996         0.996         0.996
 COGPGS         0.697         0.695         0.694         0.697
 PC1BW          1.000         0.997         0.996         0.697         1.000
 PC2BW          1.000         0.997         0.996         0.697         1.000
 PC3BW          1.000         0.997         0.996         0.697         1.000
 PC4BW          1.000         0.997         0.996         0.697         1.000
 PC5BW          1.000         0.997         0.996         0.697         1.000


           Covariance Coverage
              PC2BW         PC3BW         PC4BW         PC5BW
              ________      ________      ________      ________
 PC2BW          1.000
 PC3BW          1.000         1.000
 PC4BW          1.000         1.000         1.000
 PC5BW          1.000         1.000         1.000         1.000


SAMPLE STATISTICS


     ESTIMATED SAMPLE STATISTICS


           Means
              CANF6MBW      ALCF6MBW      COGPGSBW      WASVCB        DEMAGE
              ________      ________      ________      ________      ________
 1              0.002         0.001         0.000        44.135         0.000


           Means
              DEMMAL        CANF6M        ALCF6M        COGPGS        PC1BW
              ________      ________      ________      ________      ________
 1              0.000         0.005         0.002        -0.002         0.000


           Means
              PC2BW         PC3BW         PC4BW         PC5BW
              ________      ________      ________      ________
 1              0.000         0.000         0.000         0.000


           Covariances
              CANF6MBW      ALCF6MBW      COGPGSBW      WASVCB        DEMAGE
              ________      ________      ________      ________      ________
 CANF6MBW      70.207
 ALCF6MBW      11.104        18.753
 COGPGSBW       0.027         0.098         0.113
 WASVCB         6.543        -0.287         0.469        86.485
 DEMAGE        -0.950         1.194         0.049        -1.941         6.418
 DEMMAL         0.532         0.106         0.003         0.097        -0.185
 CANF6M         0.036         0.008         0.002         0.744        -3.920
 ALCF6M         0.029        -0.001         0.000         0.650        -0.399
 COGPGS        -0.001        -0.004         0.000         0.045        -0.018
 PC1BW         -0.025        -0.013        -0.003        -0.054         0.001
 PC2BW         -0.048         0.003         0.000        -0.135         0.006
 PC3BW         -0.002        -0.006         0.000        -0.013        -0.001
 PC4BW          0.002         0.007         0.001         0.001         0.003
 PC5BW          0.011        -0.001        -0.001         0.000         0.000


           Covariances
              DEMMAL        CANF6M        ALCF6M        COGPGS        PC1BW
              ________      ________      ________      ________      ________
 DEMMAL         0.234
 CANF6M         0.563        48.283
 ALCF6M         0.119         9.536        15.964
 COGPGS         0.003         0.045         0.021         0.018
 PC1BW         -0.001         0.000         0.000         0.000         0.001
 PC2BW         -0.001         0.000         0.000         0.000         0.000
 PC3BW          0.000         0.000         0.000         0.000         0.000
 PC4BW          0.001         0.000         0.000         0.000         0.000
 PC5BW          0.000         0.000         0.000         0.000         0.000


           Covariances
              PC2BW         PC3BW         PC4BW         PC5BW
              ________      ________      ________      ________
 PC2BW          0.001
 PC3BW          0.000         0.001
 PC4BW          0.000         0.000         0.001
 PC5BW          0.000         0.000         0.000         0.001


           Correlations
              CANF6MBW      ALCF6MBW      COGPGSBW      WASVCB        DEMAGE
              ________      ________      ________      ________      ________
 CANF6MBW       1.000
 ALCF6MBW       0.306         1.000
 COGPGSBW       0.009         0.068         1.000
 WASVCB         0.084        -0.007         0.150         1.000
 DEMAGE        -0.045         0.109         0.058        -0.082         1.000
 DEMMAL         0.131         0.051         0.018         0.022        -0.151
 CANF6M         0.001         0.000         0.001         0.012        -0.223
 ALCF6M         0.001         0.000         0.000         0.018        -0.039
 COGPGS        -0.001        -0.006        -0.004         0.036        -0.051
 PC1BW         -0.081        -0.077        -0.258        -0.156         0.014
 PC2BW         -0.156         0.016        -0.028        -0.391         0.060
 PC3BW         -0.008        -0.045        -0.004        -0.049        -0.011
 PC4BW          0.006         0.048         0.090         0.003         0.041
 PC5BW          0.039        -0.006        -0.051         0.000         0.002


           Correlations
              DEMMAL        CANF6M        ALCF6M        COGPGS        PC1BW
              ________      ________      ________      ________      ________
 DEMMAL         1.000
 CANF6M         0.167         1.000
 ALCF6M         0.062         0.343         1.000
 COGPGS         0.049         0.048         0.039         1.000
 PC1BW         -0.048         0.000         0.000         0.001         1.000
 PC2BW         -0.063         0.000         0.000         0.000        -0.024
 PC3BW          0.016         0.000         0.000         0.001         0.019
 PC4BW          0.047         0.000         0.000         0.000        -0.010
 PC5BW          0.022         0.000         0.000         0.000         0.032


           Correlations
              PC2BW         PC3BW         PC4BW         PC5BW
              ________      ________      ________      ________
 PC2BW          1.000
 PC3BW          0.031         1.000
 PC4BW          0.003        -0.140         1.000
 PC5BW         -0.005         0.013        -0.014         1.000


     MAXIMUM LOG-LIKELIHOOD VALUE FOR THE UNRESTRICTED (H1) MODEL IS -8622.391


UNIVARIATE SAMPLE STATISTICS


     UNIVARIATE HIGHER-ORDER MOMENT DESCRIPTIVE STATISTICS

         Variable/         Mean/     Skewness/   Minimum/ % with                Percentiles
        Sample Size      Variance    Kurtosis    Maximum  Min/Max      20%/60%    40%/80%    Median

     CANF6MBW              0.500       0.787      -8.511   13.29%      -8.288     -4.426     -1.011
             489.000      76.912      -0.397      21.489    3.07%       1.489      6.989
     ALCF6MBW              0.063       2.066      -3.928    6.54%      -3.592     -2.428     -1.843
             489.000      22.438       5.583      26.072    0.20%      -0.598      3.572
     COGPGSBW             -0.003       0.236      -1.031    0.20%      -0.294     -0.091     -0.015
             490.000       0.119       0.597       1.225    0.20%       0.052      0.280
     WASVCB               44.135       0.004      20.000    0.62%      36.000     41.000     44.000
             967.000      86.485      -0.263      72.000    0.10%      47.000     52.000
     DEMAGE                0.000       1.432      -4.029    0.10%      -1.979     -1.089     -0.554
             966.000       6.419       2.919      15.941    0.10%      -0.019      1.591
     DEMMAL                0.000      -0.515      -0.625   37.54%      -0.625      0.375      0.375
             967.000       0.234      -1.735       0.375   62.46%       0.375      0.375
     CANF6M                0.000       0.143     -18.113    0.10%      -5.000     -0.085      0.000
             964.000      48.285       0.307      19.887    0.10%       0.000      4.665
     ALCF6M                0.000       0.316     -14.915    0.10%      -1.920     -0.165      0.000
             963.000      15.964       3.038      17.057    0.10%       0.000      1.665
     COGPGS                0.000       0.001      -0.505    0.15%      -0.046      0.000      0.000
             674.000       0.018       2.699       0.604    0.15%       0.000      0.050
     PC1BW                 0.000       2.449      -0.021    0.20%      -0.019     -0.016     -0.013
             490.000       0.001       4.597       0.135    0.20%      -0.009     -0.004
     PC2BW                -0.001       0.929      -0.038    0.20%      -0.032     -0.026     -0.017
             490.000       0.001      -0.198       0.130    0.20%      -0.003      0.035
     PC3BW                 0.000      13.418      -0.118    0.20%      -0.005     -0.002      0.000
             490.000       0.001     267.189       0.454    0.20%       0.001      0.005
     PC4BW                -0.001       5.694      -0.095    0.20%      -0.009     -0.006     -0.005
             490.000       0.001      39.869       0.284    0.20%      -0.003     -0.001
     PC5BW                 0.001     -17.522      -0.544    0.20%      -0.002      0.000      0.001
             490.000       0.001     361.276       0.110    0.20%       0.001      0.004

     THE STANDARD ERRORS OF THE MODEL PARAMETER ESTIMATES MAY NOT BE
     TRUSTWORTHY FOR SOME PARAMETERS DUE TO A NON-POSITIVE DEFINITE
     FIRST-ORDER DERIVATIVE PRODUCT MATRIX.  THIS MAY BE DUE TO THE STARTING
     VALUES BUT MAY ALSO BE AN INDICATION OF MODEL NONIDENTIFICATION.  THE
     CONDITION NUMBER IS      -0.219D-16.  PROBLEM INVOLVING THE FOLLOWING PARAMETER:
     Parameter 20, %WITHIN%: ALCF6M


THE MODEL ESTIMATION TERMINATED NORMALLY



MODEL FIT INFORMATION

Number of Free Parameters                       42

Loglikelihood

          H0 Value                      -15143.933
          H0 Scaling Correction Factor      1.3160
            for MLR

Information Criteria

          Akaike (AIC)                   30371.866
          Bayesian (BIC)                 30576.583
          Sample-Size Adjusted BIC       30443.191
            (n* = (n + 2) / 24)



MODEL RESULTS

                                                    Two-Tailed
                    Estimate       S.E.  Est./S.E.    P-Value

Within Level

 WASVCB     ON
    CANF6M            -0.004      0.035     -0.106      0.916
    DEMMAL            -0.528      0.591     -0.893      0.372
    DEMAGE            -0.188      0.123     -1.532      0.125
    COGPGS             2.310      1.847      1.250      0.211
    ALCF6M             0.040      0.060      0.659      0.510

 CANF6M   WITH
    DEMMAL             0.458      0.104      4.404      0.000
    DEMAGE            -3.544      0.588     -6.030      0.000
    COGPGS             0.030      0.054      0.558      0.577
    ALCF6M             9.461      1.409      6.716      0.000

 ALCF6M   WITH
    DEMMAL             0.108      0.063      1.718      0.086
    DEMAGE            -0.304      0.369     -0.824      0.410
    COGPGS             0.019      0.042      0.452      0.652

 Means
    DEMAGE             0.000      0.083      0.003      0.998
    DEMMAL             0.000      0.017      0.000      1.000
    CANF6M             0.005      0.003      1.590      0.112
    ALCF6M             0.002      0.002      1.400      0.162
    COGPGS            -0.001      0.001     -0.521      0.602

 Variances
    DEMAGE             6.418      0.458     14.027      0.000
    DEMMAL             0.234      0.004     56.677      0.000
    CANF6M            47.857      3.178     15.059      0.000
    ALCF6M            15.954      1.606      9.932      0.000
    COGPGS             0.018      0.002      9.054      0.000

 Residual Variances
    WASVCB            47.145      3.009     15.668      0.000

Between Level

 WASVCB     ON
    CANF6MBW           0.021      0.038      0.541      0.589
    COGPGSBW           3.174      0.974      3.261      0.001
    ALCF6MBW          -0.046      0.070     -0.659      0.510
    PC1BW            -33.327      7.900     -4.219      0.000
    PC2BW            -96.831      8.427    -11.490      0.000
    PC3BW            -10.901      5.611     -1.943      0.052
    PC4BW             -2.593     10.420     -0.249      0.803
    PC5BW              2.628      5.469      0.481      0.631

 CANF6MBW WITH
    COGPGSBW          -0.036      0.141     -0.256      0.798
    ALCF6MBW          12.384      2.328      5.320      0.000

 ALCF6MBW WITH
    COGPGSBW           0.108      0.072      1.498      0.134

 Means
    CANF6MBW           0.499      0.397      1.259      0.208
    ALCF6MBW           0.065      0.214      0.303      0.762
    COGPGSBW          -0.003      0.016     -0.178      0.858

 Intercepts
    WASVCB            44.171      0.312    141.777      0.000

 Variances
    CANF6MBW          76.912      4.404     17.466      0.000
    ALCF6MBW          22.440      2.794      8.031      0.000
    COGPGSBW           0.119      0.009     13.737      0.000

 Residual Variances
    WASVCB            22.193      3.023      7.341      0.000


STANDARDIZED MODEL RESULTS


STDYX Standardization

                                                    Two-Tailed
                    Estimate       S.E.  Est./S.E.    P-Value

Within Level

 WASVCB     ON
    CANF6M            -0.004      0.035     -0.106      0.916
    DEMMAL            -0.037      0.041     -0.896      0.370
    DEMAGE            -0.069      0.046     -1.502      0.133
    COGPGS             0.045      0.037      1.243      0.214
    ALCF6M             0.023      0.035      0.662      0.508

 CANF6M   WITH
    DEMMAL             0.137      0.030      4.494      0.000
    DEMAGE            -0.202      0.029     -6.974      0.000
    COGPGS             0.032      0.058      0.556      0.578
    ALCF6M             0.342      0.042      8.214      0.000

 ALCF6M   WITH
    DEMMAL             0.056      0.032      1.733      0.083
    DEMAGE            -0.030      0.036     -0.832      0.405
    COGPGS             0.035      0.077      0.453      0.651

 Means
    DEMAGE             0.000      0.033      0.003      0.998
    DEMMAL             0.000      0.034      0.000      1.000
    CANF6M             0.001      0.000      1.594      0.111
    ALCF6M             0.001      0.000      1.405      0.160
    COGPGS            -0.004      0.008     -0.521      0.603

 Variances
    DEMAGE             1.000      0.000    999.000    999.000
    DEMMAL             1.000      0.000    999.000    999.000
    CANF6M             1.000      0.000    999.000    999.000
    ALCF6M             1.000      0.000    999.000    999.000
    COGPGS             1.000      0.000    999.000    999.000

 Residual Variances
    WASVCB             0.991      0.008    123.751      0.000

Between Level

 WASVCB     ON
    CANF6MBW           0.030      0.055      0.539      0.590
    COGPGSBW           0.180      0.056      3.206      0.001
    ALCF6MBW          -0.036      0.055     -0.654      0.513
    PC1BW             -0.209      0.049     -4.251      0.000
    PC2BW             -0.568      0.043    -13.188      0.000
    PC3BW             -0.043      0.022     -1.935      0.053
    PC4BW             -0.012      0.050     -0.249      0.803
    PC5BW              0.011      0.024      0.480      0.631

 CANF6MBW WITH
    COGPGSBW          -0.012      0.047     -0.256      0.798
    ALCF6MBW           0.298      0.051      5.881      0.000

 ALCF6MBW WITH
    COGPGSBW           0.066      0.044      1.490      0.136

 Means
    CANF6MBW           0.057      0.044      1.288      0.198
    ALCF6MBW           0.014      0.045      0.308      0.758
    COGPGSBW          -0.008      0.045     -0.178      0.858

 Intercepts
    WASVCB             7.267      0.376     19.339      0.000

 Variances
    CANF6MBW           1.000      0.000    999.000    999.000
    ALCF6MBW           1.000      0.000    999.000    999.000
    COGPGSBW           1.000      0.000    999.000    999.000

 Residual Variances
    WASVCB             0.601      0.053     11.426      0.000


R-SQUARE

Within Level

    Observed                                        Two-Tailed
    Variable        Estimate       S.E.  Est./S.E.    P-Value

    WASVCB             0.009      0.008      1.084      0.278

Between Level

    Observed                                        Two-Tailed
    Variable        Estimate       S.E.  Est./S.E.    P-Value

    WASVCB             0.399      0.053      7.597      0.000


QUALITY OF NUMERICAL RESULTS

     Condition Number for the Information Matrix             -0.219E-16
       (ratio of smallest to largest eigenvalue)


CONFIDENCE INTERVALS OF MODEL RESULTS

                  Lower .5%  Lower 2.5%    Lower 5%    Estimate    Upper 5%  Upper 2.5%   Upper .5%

Within Level

 WASVCB   ON
    CANF6M          -0.093      -0.072      -0.061      -0.004       0.054       0.065       0.086
    DEMMAL          -2.051      -1.687      -1.501      -0.528       0.445       0.631       0.995
    DEMAGE          -0.504      -0.429      -0.390      -0.188       0.014       0.053       0.128
    COGPGS          -2.449      -1.311      -0.729       2.310       5.349       5.931       7.068
    ALCF6M          -0.115      -0.078      -0.059       0.040       0.138       0.157       0.194

 CANF6M   WITH
    DEMMAL           0.190       0.254       0.287       0.458       0.628       0.661       0.725
    DEMAGE          -5.058      -4.696      -4.511      -3.544      -2.578      -2.392      -2.030
    COGPGS          -0.110      -0.076      -0.059       0.030       0.120       0.137       0.171
    ALCF6M           5.832       6.700       7.144       9.461      11.779      12.222      13.090

 ALCF6M   WITH
    DEMMAL          -0.054      -0.015       0.005       0.108       0.212       0.232       0.270
    DEMAGE          -1.254      -1.027      -0.911      -0.304       0.303       0.419       0.646
    COGPGS          -0.088      -0.063      -0.050       0.019       0.087       0.100       0.126

 Means
    DEMAGE          -0.214      -0.162      -0.136       0.000       0.137       0.163       0.214
    DEMMAL          -0.043      -0.033      -0.027       0.000       0.027       0.033       0.043
    CANF6M          -0.003      -0.001       0.000       0.005       0.011       0.012       0.014
    ALCF6M          -0.002      -0.001       0.000       0.002       0.005       0.006       0.007
    COGPGS          -0.003      -0.003      -0.002      -0.001       0.001       0.001       0.002

 Variances
    DEMAGE           5.240       5.522       5.666       6.418       7.171       7.315       7.597
    DEMMAL           0.224       0.226       0.228       0.234       0.241       0.243       0.245
    CANF6M          39.671      41.628      42.629      47.857      53.084      54.085      56.042
    ALCF6M          11.816      12.805      13.311      15.954      18.596      19.102      20.091
    COGPGS           0.013       0.014       0.015       0.018       0.022       0.022       0.024

 Residual Variances
    WASVCB          39.394      41.247      42.195      47.145      52.095      53.043      54.896

Between Level

 WASVCB   ON
    CANF6MBW        -0.078      -0.054      -0.042       0.021       0.083       0.096       0.119
    COGPGSBW         0.667       1.266       1.573       3.174       4.776       5.082       5.682
    ALCF6MBW        -0.226      -0.183      -0.161      -0.046       0.069       0.091       0.134
    PC1BW          -53.676     -48.811     -46.323     -33.327     -20.332     -17.844     -12.979
    PC2BW         -118.538    -113.349    -110.694     -96.831     -82.968     -80.314     -75.124
    PC3BW          -25.354     -21.899     -20.132     -10.901      -1.671       0.097       3.552
    PC4BW          -29.434     -23.017     -19.735      -2.593      14.548      17.830      24.247
    PC5BW          -11.460      -8.092      -6.369       2.628      11.625      13.348      16.716

 CANF6MBW WITH
    COGPGSBW        -0.399      -0.312      -0.268      -0.036       0.196       0.240       0.327
    ALCF6MBW         6.388       7.822       8.555      12.384      16.213      16.946      18.380

 ALCF6MBW WITH
    COGPGSBW        -0.078      -0.033      -0.011       0.108       0.228       0.250       0.295

 Means
    CANF6MBW        -0.522      -0.278      -0.153       0.499       1.152       1.276       1.521
    ALCF6MBW        -0.487      -0.355      -0.287       0.065       0.417       0.485       0.617
    COGPGSBW        -0.043      -0.033      -0.028      -0.003       0.023       0.028       0.037

 Intercepts
    WASVCB          43.368      43.560      43.658      44.171      44.683      44.781      44.973

 Variances
    CANF6MBW        65.569      68.281      69.668      76.912      84.156      85.543      88.254
    ALCF6MBW        15.243      16.963      17.843      22.440      27.036      27.917      29.637
    COGPGSBW         0.097       0.102       0.105       0.119       0.134       0.136       0.142

 Residual Variances
    WASVCB          14.406      16.268      17.220      22.193      27.167      28.119      29.981


CONFIDENCE INTERVALS OF STANDARDIZED MODEL RESULTS


STDYX Standardization

                  Lower .5%  Lower 2.5%    Lower 5%    Estimate    Upper 5%  Upper 2.5%   Upper .5%

Within Level

 WASVCB   ON
    CANF6M          -0.094      -0.072      -0.061      -0.004       0.054       0.065       0.086
    DEMMAL          -0.144      -0.118      -0.105      -0.037       0.031       0.044       0.070
    DEMAGE          -0.188      -0.159      -0.145      -0.069       0.007       0.021       0.049
    COGPGS          -0.049      -0.026      -0.015       0.045       0.105       0.117       0.139
    ALCF6M          -0.066      -0.045      -0.034       0.023       0.080       0.091       0.112

 CANF6M   WITH
    DEMMAL           0.058       0.077       0.087       0.137       0.187       0.196       0.215
    DEMAGE          -0.277      -0.259      -0.250      -0.202      -0.155      -0.145      -0.128
    COGPGS          -0.118      -0.082      -0.063       0.032       0.128       0.147       0.183
    ALCF6M           0.235       0.261       0.274       0.342       0.411       0.424       0.450

 ALCF6M   WITH
    DEMMAL          -0.027      -0.007       0.003       0.056       0.109       0.119       0.139
    DEMAGE          -0.123      -0.101      -0.089      -0.030       0.029       0.041       0.063
    COGPGS          -0.163      -0.116      -0.091       0.035       0.161       0.185       0.232

 Means
    DEMAGE          -0.084      -0.064      -0.054       0.000       0.054       0.064       0.084
    DEMMAL          -0.088      -0.067      -0.056       0.000       0.056       0.067       0.088
    CANF6M           0.000       0.000       0.000       0.001       0.002       0.002       0.002
    ALCF6M           0.000       0.000       0.000       0.001       0.001       0.001       0.002
    COGPGS          -0.023      -0.019      -0.016      -0.004       0.008       0.011       0.015

 Variances
    DEMAGE           1.000       1.000       1.000       1.000       1.000       1.000       1.000
    DEMMAL           1.000       1.000       1.000       1.000       1.000       1.000       1.000
    CANF6M           1.000       1.000       1.000       1.000       1.000       1.000       1.000
    ALCF6M           1.000       1.000       1.000       1.000       1.000       1.000       1.000
    COGPGS           1.000       1.000       1.000       1.000       1.000       1.000       1.000

 Residual Variances
    WASVCB           0.971       0.976       0.978       0.991       1.004       1.007       1.012

Between Level

 WASVCB   ON
    CANF6MBW        -0.113      -0.079      -0.061       0.030       0.121       0.138       0.172
    COGPGSBW         0.035       0.070       0.088       0.180       0.273       0.291       0.325
    ALCF6MBW        -0.177      -0.143      -0.126      -0.036       0.054       0.072       0.105
    PC1BW           -0.335      -0.305      -0.289      -0.209      -0.128      -0.112      -0.082
    PC2BW           -0.679      -0.652      -0.639      -0.568      -0.497      -0.484      -0.457
    PC3BW           -0.100      -0.086      -0.079      -0.043      -0.006       0.001       0.014
    PC4BW           -0.141      -0.110      -0.094      -0.012       0.070       0.085       0.116
    PC5BW           -0.050      -0.035      -0.028       0.011       0.051       0.058       0.073

 CANF6MBW WITH
    COGPGSBW        -0.132      -0.103      -0.088      -0.012       0.065       0.079       0.108
    ALCF6MBW         0.168       0.199       0.215       0.298       0.381       0.397       0.429

 ALCF6MBW WITH
    COGPGSBW        -0.048      -0.021      -0.007       0.066       0.139       0.153       0.181

 Means
    CANF6MBW        -0.057      -0.030      -0.016       0.057       0.130       0.144       0.171
    ALCF6MBW        -0.101      -0.074      -0.060       0.014       0.087       0.101       0.129
    COGPGSBW        -0.125      -0.097      -0.082      -0.008       0.066       0.081       0.108

 Intercepts
    WASVCB           6.299       6.530       6.648       7.267       7.885       8.003       8.234

 Variances
    CANF6MBW         1.000       1.000       1.000       1.000       1.000       1.000       1.000
    ALCF6MBW         1.000       1.000       1.000       1.000       1.000       1.000       1.000
    COGPGSBW         1.000       1.000       1.000       1.000       1.000       1.000       1.000

 Residual Variances
    WASVCB           0.465       0.498       0.514       0.601       0.687       0.704       0.736


TECHNICAL 1 OUTPUT


     PARAMETER SPECIFICATION FOR WITHIN


           NU
              CANF6MBW      ALCF6MBW      COGPGSBW      WASVCB        DEMAGE
              ________      ________      ________      ________      ________
 1                  0             0             0             0             0


           NU
              DEMMAL        CANF6M        ALCF6M        COGPGS        PC1BW
              ________      ________      ________      ________      ________
 1                  0             0             0             0             0


           NU
              PC2BW         PC3BW         PC4BW         PC5BW
              ________      ________      ________      ________
 1                  0             0             0             0


           LAMBDA
              CANF6MBW      ALCF6MBW      COGPGSBW      WASVCB        DEMAGE
              ________      ________      ________      ________      ________
 CANF6MBW           0             0             0             0             0
 ALCF6MBW           0             0             0             0             0
 COGPGSBW           0             0             0             0             0
 WASVCB             0             0             0             0             0
 DEMAGE             0             0             0             0             0
 DEMMAL             0             0             0             0             0
 CANF6M             0             0             0             0             0
 ALCF6M             0             0             0             0             0
 COGPGS             0             0             0             0             0
 PC1BW              0             0             0             0             0
 PC2BW              0             0             0             0             0
 PC3BW              0             0             0             0             0
 PC4BW              0             0             0             0             0
 PC5BW              0             0             0             0             0


           LAMBDA
              DEMMAL        CANF6M        ALCF6M        COGPGS        PC1BW
              ________      ________      ________      ________      ________
 CANF6MBW           0             0             0             0             0
 ALCF6MBW           0             0             0             0             0
 COGPGSBW           0             0             0             0             0
 WASVCB             0             0             0             0             0
 DEMAGE             0             0             0             0             0
 DEMMAL             0             0             0             0             0
 CANF6M             0             0             0             0             0
 ALCF6M             0             0             0             0             0
 COGPGS             0             0             0             0             0
 PC1BW              0             0             0             0             0
 PC2BW              0             0             0             0             0
 PC3BW              0             0             0             0             0
 PC4BW              0             0             0             0             0
 PC5BW              0             0             0             0             0


           LAMBDA
              PC2BW         PC3BW         PC4BW         PC5BW
              ________      ________      ________      ________
 CANF6MBW           0             0             0             0
 ALCF6MBW           0             0             0             0
 COGPGSBW           0             0             0             0
 WASVCB             0             0             0             0
 DEMAGE             0             0             0             0
 DEMMAL             0             0             0             0
 CANF6M             0             0             0             0
 ALCF6M             0             0             0             0
 COGPGS             0             0             0             0
 PC1BW              0             0             0             0
 PC2BW              0             0             0             0
 PC3BW              0             0             0             0
 PC4BW              0             0             0             0
 PC5BW              0             0             0             0


           THETA
              CANF6MBW      ALCF6MBW      COGPGSBW      WASVCB        DEMAGE
              ________      ________      ________      ________      ________
 CANF6MBW           0
 ALCF6MBW           0             0
 COGPGSBW           0             0             0
 WASVCB             0             0             0             0
 DEMAGE             0             0             0             0             0
 DEMMAL             0             0             0             0             0
 CANF6M             0             0             0             0             0
 ALCF6M             0             0             0             0             0
 COGPGS             0             0             0             0             0
 PC1BW              0             0             0             0             0
 PC2BW              0             0             0             0             0
 PC3BW              0             0             0             0             0
 PC4BW              0             0             0             0             0
 PC5BW              0             0             0             0             0


           THETA
              DEMMAL        CANF6M        ALCF6M        COGPGS        PC1BW
              ________      ________      ________      ________      ________
 DEMMAL             0
 CANF6M             0             0
 ALCF6M             0             0             0
 COGPGS             0             0             0             0
 PC1BW              0             0             0             0             0
 PC2BW              0             0             0             0             0
 PC3BW              0             0             0             0             0
 PC4BW              0             0             0             0             0
 PC5BW              0             0             0             0             0


           THETA
              PC2BW         PC3BW         PC4BW         PC5BW
              ________      ________      ________      ________
 PC2BW              0
 PC3BW              0             0
 PC4BW              0             0             0
 PC5BW              0             0             0             0


           ALPHA
              CANF6MBW      ALCF6MBW      COGPGSBW      WASVCB        DEMAGE
              ________      ________      ________      ________      ________
 1                  0             0             0             0             1


           ALPHA
              DEMMAL        CANF6M        ALCF6M        COGPGS        PC1BW
              ________      ________      ________      ________      ________
 1                  2             3             4             5             0


           ALPHA
              PC2BW         PC3BW         PC4BW         PC5BW
              ________      ________      ________      ________
 1                  0             0             0             0


           BETA
              CANF6MBW      ALCF6MBW      COGPGSBW      WASVCB        DEMAGE
              ________      ________      ________      ________      ________
 CANF6MBW           0             0             0             0             0
 ALCF6MBW           0             0             0             0             0
 COGPGSBW           0             0             0             0             0
 WASVCB             0             0             0             0             6
 DEMAGE             0             0             0             0             0
 DEMMAL             0             0             0             0             0
 CANF6M             0             0             0             0             0
 ALCF6M             0             0             0             0             0
 COGPGS             0             0             0             0             0
 PC1BW              0             0             0             0             0
 PC2BW              0             0             0             0             0
 PC3BW              0             0             0             0             0
 PC4BW              0             0             0             0             0
 PC5BW              0             0             0             0             0


           BETA
              DEMMAL        CANF6M        ALCF6M        COGPGS        PC1BW
              ________      ________      ________      ________      ________
 CANF6MBW           0             0             0             0             0
 ALCF6MBW           0             0             0             0             0
 COGPGSBW           0             0             0             0             0
 WASVCB             7             8             9            10             0
 DEMAGE             0             0             0             0             0
 DEMMAL             0             0             0             0             0
 CANF6M             0             0             0             0             0
 ALCF6M             0             0             0             0             0
 COGPGS             0             0             0             0             0
 PC1BW              0             0             0             0             0
 PC2BW              0             0             0             0             0
 PC3BW              0             0             0             0             0
 PC4BW              0             0             0             0             0
 PC5BW              0             0             0             0             0


           BETA
              PC2BW         PC3BW         PC4BW         PC5BW
              ________      ________      ________      ________
 CANF6MBW           0             0             0             0
 ALCF6MBW           0             0             0             0
 COGPGSBW           0             0             0             0
 WASVCB             0             0             0             0
 DEMAGE             0             0             0             0
 DEMMAL             0             0             0             0
 CANF6M             0             0             0             0
 ALCF6M             0             0             0             0
 COGPGS             0             0             0             0
 PC1BW              0             0             0             0
 PC2BW              0             0             0             0
 PC3BW              0             0             0             0
 PC4BW              0             0             0             0
 PC5BW              0             0             0             0


           PSI
              CANF6MBW      ALCF6MBW      COGPGSBW      WASVCB        DEMAGE
              ________      ________      ________      ________      ________
 CANF6MBW           0
 ALCF6MBW           0             0
 COGPGSBW           0             0             0
 WASVCB             0             0             0            11
 DEMAGE             0             0             0             0            12
 DEMMAL             0             0             0             0             0
 CANF6M             0             0             0             0            14
 ALCF6M             0             0             0             0            17
 COGPGS             0             0             0             0             0
 PC1BW              0             0             0             0             0
 PC2BW              0             0             0             0             0
 PC3BW              0             0             0             0             0
 PC4BW              0             0             0             0             0
 PC5BW              0             0             0             0             0


           PSI
              DEMMAL        CANF6M        ALCF6M        COGPGS        PC1BW
              ________      ________      ________      ________      ________
 DEMMAL            13
 CANF6M            15            16
 ALCF6M            18            19            20
 COGPGS             0            21            22            23
 PC1BW              0             0             0             0             0
 PC2BW              0             0             0             0             0
 PC3BW              0             0             0             0             0
 PC4BW              0             0             0             0             0
 PC5BW              0             0             0             0             0


           PSI
              PC2BW         PC3BW         PC4BW         PC5BW
              ________      ________      ________      ________
 PC2BW              0
 PC3BW              0             0
 PC4BW              0             0             0
 PC5BW              0             0             0             0


     PARAMETER SPECIFICATION FOR BETWEEN


           NU
              CANF6MBW      ALCF6MBW      COGPGSBW      WASVCB        DEMAGE
              ________      ________      ________      ________      ________
 1                  0             0             0             0             0


           NU
              DEMMAL        CANF6M        ALCF6M        COGPGS        PC1BW
              ________      ________      ________      ________      ________
 1                  0             0             0             0             0


           NU
              PC2BW         PC3BW         PC4BW         PC5BW
              ________      ________      ________      ________
 1                  0             0             0             0


           LAMBDA
              CANF6MBW      ALCF6MBW      COGPGSBW      WASVCB        DEMAGE
              ________      ________      ________      ________      ________
 CANF6MBW           0             0             0             0             0
 ALCF6MBW           0             0             0             0             0
 COGPGSBW           0             0             0             0             0
 WASVCB             0             0             0             0             0
 DEMAGE             0             0             0             0             0
 DEMMAL             0             0             0             0             0
 CANF6M             0             0             0             0             0
 ALCF6M             0             0             0             0             0
 COGPGS             0             0             0             0             0
 PC1BW              0             0             0             0             0
 PC2BW              0             0             0             0             0
 PC3BW              0             0             0             0             0
 PC4BW              0             0             0             0             0
 PC5BW              0             0             0             0             0


           LAMBDA
              DEMMAL        CANF6M        ALCF6M        COGPGS        PC1BW
              ________      ________      ________      ________      ________
 CANF6MBW           0             0             0             0             0
 ALCF6MBW           0             0             0             0             0
 COGPGSBW           0             0             0             0             0
 WASVCB             0             0             0             0             0
 DEMAGE             0             0             0             0             0
 DEMMAL             0             0             0             0             0
 CANF6M             0             0             0             0             0
 ALCF6M             0             0             0             0             0
 COGPGS             0             0             0             0             0
 PC1BW              0             0             0             0             0
 PC2BW              0             0             0             0             0
 PC3BW              0             0             0             0             0
 PC4BW              0             0             0             0             0
 PC5BW              0             0             0             0             0


           LAMBDA
              PC2BW         PC3BW         PC4BW         PC5BW
              ________      ________      ________      ________
 CANF6MBW           0             0             0             0
 ALCF6MBW           0             0             0             0
 COGPGSBW           0             0             0             0
 WASVCB             0             0             0             0
 DEMAGE             0             0             0             0
 DEMMAL             0             0             0             0
 CANF6M             0             0             0             0
 ALCF6M             0             0             0             0
 COGPGS             0             0             0             0
 PC1BW              0             0             0             0
 PC2BW              0             0             0             0
 PC3BW              0             0             0             0
 PC4BW              0             0             0             0
 PC5BW              0             0             0             0


           THETA
              CANF6MBW      ALCF6MBW      COGPGSBW      WASVCB        DEMAGE
              ________      ________      ________      ________      ________
 CANF6MBW           0
 ALCF6MBW           0             0
 COGPGSBW           0             0             0
 WASVCB             0             0             0             0
 DEMAGE             0             0             0             0             0
 DEMMAL             0             0             0             0             0
 CANF6M             0             0             0             0             0
 ALCF6M             0             0             0             0             0
 COGPGS             0             0             0             0             0
 PC1BW              0             0             0             0             0
 PC2BW              0             0             0             0             0
 PC3BW              0             0             0             0             0
 PC4BW              0             0             0             0             0
 PC5BW              0             0             0             0             0


           THETA
              DEMMAL        CANF6M        ALCF6M        COGPGS        PC1BW
              ________      ________      ________      ________      ________
 DEMMAL             0
 CANF6M             0             0
 ALCF6M             0             0             0
 COGPGS             0             0             0             0
 PC1BW              0             0             0             0             0
 PC2BW              0             0             0             0             0
 PC3BW              0             0             0             0             0
 PC4BW              0             0             0             0             0
 PC5BW              0             0             0             0             0


           THETA
              PC2BW         PC3BW         PC4BW         PC5BW
              ________      ________      ________      ________
 PC2BW              0
 PC3BW              0             0
 PC4BW              0             0             0
 PC5BW              0             0             0             0


           ALPHA
              CANF6MBW      ALCF6MBW      COGPGSBW      WASVCB        DEMAGE
              ________      ________      ________      ________      ________
 1                 24            25            26            27             0


           ALPHA
              DEMMAL        CANF6M        ALCF6M        COGPGS        PC1BW
              ________      ________      ________      ________      ________
 1                  0             0             0             0             0


           ALPHA
              PC2BW         PC3BW         PC4BW         PC5BW
              ________      ________      ________      ________
 1                  0             0             0             0


           BETA
              CANF6MBW      ALCF6MBW      COGPGSBW      WASVCB        DEMAGE
              ________      ________      ________      ________      ________
 CANF6MBW           0             0             0             0             0
 ALCF6MBW           0             0             0             0             0
 COGPGSBW           0             0             0             0             0
 WASVCB            28            29            30             0             0
 DEMAGE             0             0             0             0             0
 DEMMAL             0             0             0             0             0
 CANF6M             0             0             0             0             0
 ALCF6M             0             0             0             0             0
 COGPGS             0             0             0             0             0
 PC1BW              0             0             0             0             0
 PC2BW              0             0             0             0             0
 PC3BW              0             0             0             0             0
 PC4BW              0             0             0             0             0
 PC5BW              0             0             0             0             0


           BETA
              DEMMAL        CANF6M        ALCF6M        COGPGS        PC1BW
              ________      ________      ________      ________      ________
 CANF6MBW           0             0             0             0             0
 ALCF6MBW           0             0             0             0             0
 COGPGSBW           0             0             0             0             0
 WASVCB             0             0             0             0            31
 DEMAGE             0             0             0             0             0
 DEMMAL             0             0             0             0             0
 CANF6M             0             0             0             0             0
 ALCF6M             0             0             0             0             0
 COGPGS             0             0             0             0             0
 PC1BW              0             0             0             0             0
 PC2BW              0             0             0             0             0
 PC3BW              0             0             0             0             0
 PC4BW              0             0             0             0             0
 PC5BW              0             0             0             0             0


           BETA
              PC2BW         PC3BW         PC4BW         PC5BW
              ________      ________      ________      ________
 CANF6MBW           0             0             0             0
 ALCF6MBW           0             0             0             0
 COGPGSBW           0             0             0             0
 WASVCB            32            33            34            35
 DEMAGE             0             0             0             0
 DEMMAL             0             0             0             0
 CANF6M             0             0             0             0
 ALCF6M             0             0             0             0
 COGPGS             0             0             0             0
 PC1BW              0             0             0             0
 PC2BW              0             0             0             0
 PC3BW              0             0             0             0
 PC4BW              0             0             0             0
 PC5BW              0             0             0             0


           PSI
              CANF6MBW      ALCF6MBW      COGPGSBW      WASVCB        DEMAGE
              ________      ________      ________      ________      ________
 CANF6MBW          36
 ALCF6MBW          37            38
 COGPGSBW          39            40            41
 WASVCB             0             0             0            42
 DEMAGE             0             0             0             0             0
 DEMMAL             0             0             0             0             0
 CANF6M             0             0             0             0             0
 ALCF6M             0             0             0             0             0
 COGPGS             0             0             0             0             0
 PC1BW              0             0             0             0             0
 PC2BW              0             0             0             0             0
 PC3BW              0             0             0             0             0
 PC4BW              0             0             0             0             0
 PC5BW              0             0             0             0             0


           PSI
              DEMMAL        CANF6M        ALCF6M        COGPGS        PC1BW
              ________      ________      ________      ________      ________
 DEMMAL             0
 CANF6M             0             0
 ALCF6M             0             0             0
 COGPGS             0             0             0             0
 PC1BW              0             0             0             0             0
 PC2BW              0             0             0             0             0
 PC3BW              0             0             0             0             0
 PC4BW              0             0             0             0             0
 PC5BW              0             0             0             0             0


           PSI
              PC2BW         PC3BW         PC4BW         PC5BW
              ________      ________      ________      ________
 PC2BW              0
 PC3BW              0             0
 PC4BW              0             0             0
 PC5BW              0             0             0             0


     STARTING VALUES FOR WITHIN


           NU
              CANF6MBW      ALCF6MBW      COGPGSBW      WASVCB        DEMAGE
              ________      ________      ________      ________      ________
 1              0.000         0.000         0.000         0.000         0.000


           NU
              DEMMAL        CANF6M        ALCF6M        COGPGS        PC1BW
              ________      ________      ________      ________      ________
 1              0.000         0.000         0.000         0.000         0.000


           NU
              PC2BW         PC3BW         PC4BW         PC5BW
              ________      ________      ________      ________
 1              0.000         0.000         0.000         0.000


           LAMBDA
              CANF6MBW      ALCF6MBW      COGPGSBW      WASVCB        DEMAGE
              ________      ________      ________      ________      ________
 CANF6MBW       1.000         0.000         0.000         0.000         0.000
 ALCF6MBW       0.000         1.000         0.000         0.000         0.000
 COGPGSBW       0.000         0.000         1.000         0.000         0.000
 WASVCB         0.000         0.000         0.000         1.000         0.000
 DEMAGE         0.000         0.000         0.000         0.000         1.000
 DEMMAL         0.000         0.000         0.000         0.000         0.000
 CANF6M         0.000         0.000         0.000         0.000         0.000
 ALCF6M         0.000         0.000         0.000         0.000         0.000
 COGPGS         0.000         0.000         0.000         0.000         0.000
 PC1BW          0.000         0.000         0.000         0.000         0.000
 PC2BW          0.000         0.000         0.000         0.000         0.000
 PC3BW          0.000         0.000         0.000         0.000         0.000
 PC4BW          0.000         0.000         0.000         0.000         0.000
 PC5BW          0.000         0.000         0.000         0.000         0.000


           LAMBDA
              DEMMAL        CANF6M        ALCF6M        COGPGS        PC1BW
              ________      ________      ________      ________      ________
 CANF6MBW       0.000         0.000         0.000         0.000         0.000
 ALCF6MBW       0.000         0.000         0.000         0.000         0.000
 COGPGSBW       0.000         0.000         0.000         0.000         0.000
 WASVCB         0.000         0.000         0.000         0.000         0.000
 DEMAGE         0.000         0.000         0.000         0.000         0.000
 DEMMAL         1.000         0.000         0.000         0.000         0.000
 CANF6M         0.000         1.000         0.000         0.000         0.000
 ALCF6M         0.000         0.000         1.000         0.000         0.000
 COGPGS         0.000         0.000         0.000         1.000         0.000
 PC1BW          0.000         0.000         0.000         0.000         1.000
 PC2BW          0.000         0.000         0.000         0.000         0.000
 PC3BW          0.000         0.000         0.000         0.000         0.000
 PC4BW          0.000         0.000         0.000         0.000         0.000
 PC5BW          0.000         0.000         0.000         0.000         0.000


           LAMBDA
              PC2BW         PC3BW         PC4BW         PC5BW
              ________      ________      ________      ________
 CANF6MBW       0.000         0.000         0.000         0.000
 ALCF6MBW       0.000         0.000         0.000         0.000
 COGPGSBW       0.000         0.000         0.000         0.000
 WASVCB         0.000         0.000         0.000         0.000
 DEMAGE         0.000         0.000         0.000         0.000
 DEMMAL         0.000         0.000         0.000         0.000
 CANF6M         0.000         0.000         0.000         0.000
 ALCF6M         0.000         0.000         0.000         0.000
 COGPGS         0.000         0.000         0.000         0.000
 PC1BW          0.000         0.000         0.000         0.000
 PC2BW          1.000         0.000         0.000         0.000
 PC3BW          0.000         1.000         0.000         0.000
 PC4BW          0.000         0.000         1.000         0.000
 PC5BW          0.000         0.000         0.000         1.000


           THETA
              CANF6MBW      ALCF6MBW      COGPGSBW      WASVCB        DEMAGE
              ________      ________      ________      ________      ________
 CANF6MBW       0.000
 ALCF6MBW       0.000         0.000
 COGPGSBW       0.000         0.000         0.000
 WASVCB         0.000         0.000         0.000         0.000
 DEMAGE         0.000         0.000         0.000         0.000         0.000
 DEMMAL         0.000         0.000         0.000         0.000         0.000
 CANF6M         0.000         0.000         0.000         0.000         0.000
 ALCF6M         0.000         0.000         0.000         0.000         0.000
 COGPGS         0.000         0.000         0.000         0.000         0.000
 PC1BW          0.000         0.000         0.000         0.000         0.000
 PC2BW          0.000         0.000         0.000         0.000         0.000
 PC3BW          0.000         0.000         0.000         0.000         0.000
 PC4BW          0.000         0.000         0.000         0.000         0.000
 PC5BW          0.000         0.000         0.000         0.000         0.000


           THETA
              DEMMAL        CANF6M        ALCF6M        COGPGS        PC1BW
              ________      ________      ________      ________      ________
 DEMMAL         0.000
 CANF6M         0.000         0.000
 ALCF6M         0.000         0.000         0.000
 COGPGS         0.000         0.000         0.000         0.000
 PC1BW          0.000         0.000         0.000         0.000         0.000
 PC2BW          0.000         0.000         0.000         0.000         0.000
 PC3BW          0.000         0.000         0.000         0.000         0.000
 PC4BW          0.000         0.000         0.000         0.000         0.000
 PC5BW          0.000         0.000         0.000         0.000         0.000


           THETA
              PC2BW         PC3BW         PC4BW         PC5BW
              ________      ________      ________      ________
 PC2BW          0.000
 PC3BW          0.000         0.000
 PC4BW          0.000         0.000         0.000
 PC5BW          0.000         0.000         0.000         0.000


           ALPHA
              CANF6MBW      ALCF6MBW      COGPGSBW      WASVCB        DEMAGE
              ________      ________      ________      ________      ________
 1              0.000         0.000         0.000         0.000         0.000


           ALPHA
              DEMMAL        CANF6M        ALCF6M        COGPGS        PC1BW
              ________      ________      ________      ________      ________
 1              0.000         0.000         0.000         0.000         0.000


           ALPHA
              PC2BW         PC3BW         PC4BW         PC5BW
              ________      ________      ________      ________
 1              0.000         0.000         0.000         0.000


           BETA
              CANF6MBW      ALCF6MBW      COGPGSBW      WASVCB        DEMAGE
              ________      ________      ________      ________      ________
 CANF6MBW       0.000         0.000         0.000         0.000         0.000
 ALCF6MBW       0.000         0.000         0.000         0.000         0.000
 COGPGSBW       0.000         0.000         0.000         0.000         0.000
 WASVCB         0.000         0.000         0.000         0.000         0.000
 DEMAGE         0.000         0.000         0.000         0.000         0.000
 DEMMAL         0.000         0.000         0.000         0.000         0.000
 CANF6M         0.000         0.000         0.000         0.000         0.000
 ALCF6M         0.000         0.000         0.000         0.000         0.000
 COGPGS         0.000         0.000         0.000         0.000         0.000
 PC1BW          0.000         0.000         0.000         0.000         0.000
 PC2BW          0.000         0.000         0.000         0.000         0.000
 PC3BW          0.000         0.000         0.000         0.000         0.000
 PC4BW          0.000         0.000         0.000         0.000         0.000
 PC5BW          0.000         0.000         0.000         0.000         0.000


           BETA
              DEMMAL        CANF6M        ALCF6M        COGPGS        PC1BW
              ________      ________      ________      ________      ________
 CANF6MBW       0.000         0.000         0.000         0.000         0.000
 ALCF6MBW       0.000         0.000         0.000         0.000         0.000
 COGPGSBW       0.000         0.000         0.000         0.000         0.000
 WASVCB         0.000         0.000         0.000         0.000         0.000
 DEMAGE         0.000         0.000         0.000         0.000         0.000
 DEMMAL         0.000         0.000         0.000         0.000         0.000
 CANF6M         0.000         0.000         0.000         0.000         0.000
 ALCF6M         0.000         0.000         0.000         0.000         0.000
 COGPGS         0.000         0.000         0.000         0.000         0.000
 PC1BW          0.000         0.000         0.000         0.000         0.000
 PC2BW          0.000         0.000         0.000         0.000         0.000
 PC3BW          0.000         0.000         0.000         0.000         0.000
 PC4BW          0.000         0.000         0.000         0.000         0.000
 PC5BW          0.000         0.000         0.000         0.000         0.000


           BETA
              PC2BW         PC3BW         PC4BW         PC5BW
              ________      ________      ________      ________
 CANF6MBW       0.000         0.000         0.000         0.000
 ALCF6MBW       0.000         0.000         0.000         0.000
 COGPGSBW       0.000         0.000         0.000         0.000
 WASVCB         0.000         0.000         0.000         0.000
 DEMAGE         0.000         0.000         0.000         0.000
 DEMMAL         0.000         0.000         0.000         0.000
 CANF6M         0.000         0.000         0.000         0.000
 ALCF6M         0.000         0.000         0.000         0.000
 COGPGS         0.000         0.000         0.000         0.000
 PC1BW          0.000         0.000         0.000         0.000
 PC2BW          0.000         0.000         0.000         0.000
 PC3BW          0.000         0.000         0.000         0.000
 PC4BW          0.000         0.000         0.000         0.000
 PC5BW          0.000         0.000         0.000         0.000


           PSI
              CANF6MBW      ALCF6MBW      COGPGSBW      WASVCB        DEMAGE
              ________      ________      ________      ________      ________
 CANF6MBW       0.000
 ALCF6MBW       0.000         0.000
 COGPGSBW       0.000         0.000         0.000
 WASVCB         0.000         0.000         0.000        43.243
 DEMAGE         0.000         0.000         0.000         0.000         3.209
 DEMMAL         0.000         0.000         0.000         0.000         0.000
 CANF6M         0.000         0.000         0.000         0.000         0.000
 ALCF6M         0.000         0.000         0.000         0.000         0.000
 COGPGS         0.000         0.000         0.000         0.000         0.000
 PC1BW          0.000         0.000         0.000         0.000         0.000
 PC2BW          0.000         0.000         0.000         0.000         0.000
 PC3BW          0.000         0.000         0.000         0.000         0.000
 PC4BW          0.000         0.000         0.000         0.000         0.000
 PC5BW          0.000         0.000         0.000         0.000         0.000


           PSI
              DEMMAL        CANF6M        ALCF6M        COGPGS        PC1BW
              ________      ________      ________      ________      ________
 DEMMAL         0.117
 CANF6M         0.000        24.143
 ALCF6M         0.000         0.000         7.982
 COGPGS         0.000         0.000         0.000         0.009
 PC1BW          0.000         0.000         0.000         0.000         0.000
 PC2BW          0.000         0.000         0.000         0.000         0.000
 PC3BW          0.000         0.000         0.000         0.000         0.000
 PC4BW          0.000         0.000         0.000         0.000         0.000
 PC5BW          0.000         0.000         0.000         0.000         0.000


           PSI
              PC2BW         PC3BW         PC4BW         PC5BW
              ________      ________      ________      ________
 PC2BW          0.000
 PC3BW          0.000         0.000
 PC4BW          0.000         0.000         0.000
 PC5BW          0.000         0.000         0.000         0.000


     STARTING VALUES FOR BETWEEN


           NU
              CANF6MBW      ALCF6MBW      COGPGSBW      WASVCB        DEMAGE
              ________      ________      ________      ________      ________
 1              0.000         0.000         0.000         0.000         0.000


           NU
              DEMMAL        CANF6M        ALCF6M        COGPGS        PC1BW
              ________      ________      ________      ________      ________
 1              0.000         0.000         0.000         0.000         0.000


           NU
              PC2BW         PC3BW         PC4BW         PC5BW
              ________      ________      ________      ________
 1              0.000         0.000         0.000         0.000


           LAMBDA
              CANF6MBW      ALCF6MBW      COGPGSBW      WASVCB        DEMAGE
              ________      ________      ________      ________      ________
 CANF6MBW       1.000         0.000         0.000         0.000         0.000
 ALCF6MBW       0.000         1.000         0.000         0.000         0.000
 COGPGSBW       0.000         0.000         1.000         0.000         0.000
 WASVCB         0.000         0.000         0.000         1.000         0.000
 DEMAGE         0.000         0.000         0.000         0.000         1.000
 DEMMAL         0.000         0.000         0.000         0.000         0.000
 CANF6M         0.000         0.000         0.000         0.000         0.000
 ALCF6M         0.000         0.000         0.000         0.000         0.000
 COGPGS         0.000         0.000         0.000         0.000         0.000
 PC1BW          0.000         0.000         0.000         0.000         0.000
 PC2BW          0.000         0.000         0.000         0.000         0.000
 PC3BW          0.000         0.000         0.000         0.000         0.000
 PC4BW          0.000         0.000         0.000         0.000         0.000
 PC5BW          0.000         0.000         0.000         0.000         0.000


           LAMBDA
              DEMMAL        CANF6M        ALCF6M        COGPGS        PC1BW
              ________      ________      ________      ________      ________
 CANF6MBW       0.000         0.000         0.000         0.000         0.000
 ALCF6MBW       0.000         0.000         0.000         0.000         0.000
 COGPGSBW       0.000         0.000         0.000         0.000         0.000
 WASVCB         0.000         0.000         0.000         0.000         0.000
 DEMAGE         0.000         0.000         0.000         0.000         0.000
 DEMMAL         1.000         0.000         0.000         0.000         0.000
 CANF6M         0.000         1.000         0.000         0.000         0.000
 ALCF6M         0.000         0.000         1.000         0.000         0.000
 COGPGS         0.000         0.000         0.000         1.000         0.000
 PC1BW          0.000         0.000         0.000         0.000         1.000
 PC2BW          0.000         0.000         0.000         0.000         0.000
 PC3BW          0.000         0.000         0.000         0.000         0.000
 PC4BW          0.000         0.000         0.000         0.000         0.000
 PC5BW          0.000         0.000         0.000         0.000         0.000


           LAMBDA
              PC2BW         PC3BW         PC4BW         PC5BW
              ________      ________      ________      ________
 CANF6MBW       0.000         0.000         0.000         0.000
 ALCF6MBW       0.000         0.000         0.000         0.000
 COGPGSBW       0.000         0.000         0.000         0.000
 WASVCB         0.000         0.000         0.000         0.000
 DEMAGE         0.000         0.000         0.000         0.000
 DEMMAL         0.000         0.000         0.000         0.000
 CANF6M         0.000         0.000         0.000         0.000
 ALCF6M         0.000         0.000         0.000         0.000
 COGPGS         0.000         0.000         0.000         0.000
 PC1BW          0.000         0.000         0.000         0.000
 PC2BW          1.000         0.000         0.000         0.000
 PC3BW          0.000         1.000         0.000         0.000
 PC4BW          0.000         0.000         1.000         0.000
 PC5BW          0.000         0.000         0.000         1.000


           THETA
              CANF6MBW      ALCF6MBW      COGPGSBW      WASVCB        DEMAGE
              ________      ________      ________      ________      ________
 CANF6MBW       0.000
 ALCF6MBW       0.000         0.000
 COGPGSBW       0.000         0.000         0.000
 WASVCB         0.000         0.000         0.000         0.000
 DEMAGE         0.000         0.000         0.000         0.000         0.000
 DEMMAL         0.000         0.000         0.000         0.000         0.000
 CANF6M         0.000         0.000         0.000         0.000         0.000
 ALCF6M         0.000         0.000         0.000         0.000         0.000
 COGPGS         0.000         0.000         0.000         0.000         0.000
 PC1BW          0.000         0.000         0.000         0.000         0.000
 PC2BW          0.000         0.000         0.000         0.000         0.000
 PC3BW          0.000         0.000         0.000         0.000         0.000
 PC4BW          0.000         0.000         0.000         0.000         0.000
 PC5BW          0.000         0.000         0.000         0.000         0.000


           THETA
              DEMMAL        CANF6M        ALCF6M        COGPGS        PC1BW
              ________      ________      ________      ________      ________
 DEMMAL         0.000
 CANF6M         0.000         0.000
 ALCF6M         0.000         0.000         0.000
 COGPGS         0.000         0.000         0.000         0.000
 PC1BW          0.000         0.000         0.000         0.000         0.000
 PC2BW          0.000         0.000         0.000         0.000         0.000
 PC3BW          0.000         0.000         0.000         0.000         0.000
 PC4BW          0.000         0.000         0.000         0.000         0.000
 PC5BW          0.000         0.000         0.000         0.000         0.000


           THETA
              PC2BW         PC3BW         PC4BW         PC5BW
              ________      ________      ________      ________
 PC2BW          0.000
 PC3BW          0.000         0.000
 PC4BW          0.000         0.000         0.000
 PC5BW          0.000         0.000         0.000         0.000


           ALPHA
              CANF6MBW      ALCF6MBW      COGPGSBW      WASVCB        DEMAGE
              ________      ________      ________      ________      ________
 1              0.000         0.000         0.000        44.135         0.000


           ALPHA
              DEMMAL        CANF6M        ALCF6M        COGPGS        PC1BW
              ________      ________      ________      ________      ________
 1              0.000         0.000         0.000         0.000         0.000


           ALPHA
              PC2BW         PC3BW         PC4BW         PC5BW
              ________      ________      ________      ________
 1              0.000         0.000         0.000         0.000


           BETA
              CANF6MBW      ALCF6MBW      COGPGSBW      WASVCB        DEMAGE
              ________      ________      ________      ________      ________
 CANF6MBW       0.000         0.000         0.000         0.000         0.000
 ALCF6MBW       0.000         0.000         0.000         0.000         0.000
 COGPGSBW       0.000         0.000         0.000         0.000         0.000
 WASVCB         0.000         0.000         0.000         0.000         0.000
 DEMAGE         0.000         0.000         0.000         0.000         0.000
 DEMMAL         0.000         0.000         0.000         0.000         0.000
 CANF6M         0.000         0.000         0.000         0.000         0.000
 ALCF6M         0.000         0.000         0.000         0.000         0.000
 COGPGS         0.000         0.000         0.000         0.000         0.000
 PC1BW          0.000         0.000         0.000         0.000         0.000
 PC2BW          0.000         0.000         0.000         0.000         0.000
 PC3BW          0.000         0.000         0.000         0.000         0.000
 PC4BW          0.000         0.000         0.000         0.000         0.000
 PC5BW          0.000         0.000         0.000         0.000         0.000


           BETA
              DEMMAL        CANF6M        ALCF6M        COGPGS        PC1BW
              ________      ________      ________      ________      ________
 CANF6MBW       0.000         0.000         0.000         0.000         0.000
 ALCF6MBW       0.000         0.000         0.000         0.000         0.000
 COGPGSBW       0.000         0.000         0.000         0.000         0.000
 WASVCB         0.000         0.000         0.000         0.000         0.000
 DEMAGE         0.000         0.000         0.000         0.000         0.000
 DEMMAL         0.000         0.000         0.000         0.000         0.000
 CANF6M         0.000         0.000         0.000         0.000         0.000
 ALCF6M         0.000         0.000         0.000         0.000         0.000
 COGPGS         0.000         0.000         0.000         0.000         0.000
 PC1BW          0.000         0.000         0.000         0.000         0.000
 PC2BW          0.000         0.000         0.000         0.000         0.000
 PC3BW          0.000         0.000         0.000         0.000         0.000
 PC4BW          0.000         0.000         0.000         0.000         0.000
 PC5BW          0.000         0.000         0.000         0.000         0.000


           BETA
              PC2BW         PC3BW         PC4BW         PC5BW
              ________      ________      ________      ________
 CANF6MBW       0.000         0.000         0.000         0.000
 ALCF6MBW       0.000         0.000         0.000         0.000
 COGPGSBW       0.000         0.000         0.000         0.000
 WASVCB         0.000         0.000         0.000         0.000
 DEMAGE         0.000         0.000         0.000         0.000
 DEMMAL         0.000         0.000         0.000         0.000
 CANF6M         0.000         0.000         0.000         0.000
 ALCF6M         0.000         0.000         0.000         0.000
 COGPGS         0.000         0.000         0.000         0.000
 PC1BW          0.000         0.000         0.000         0.000
 PC2BW          0.000         0.000         0.000         0.000
 PC3BW          0.000         0.000         0.000         0.000
 PC4BW          0.000         0.000         0.000         0.000
 PC5BW          0.000         0.000         0.000         0.000


           PSI
              CANF6MBW      ALCF6MBW      COGPGSBW      WASVCB        DEMAGE
              ________      ________      ________      ________      ________
 CANF6MBW      35.104
 ALCF6MBW       0.000         9.377
 COGPGSBW       0.000         0.000         0.057
 WASVCB         0.000         0.000         0.000        43.243
 DEMAGE         0.000         0.000         0.000         0.000         0.000
 DEMMAL         0.000         0.000         0.000         0.000         0.000
 CANF6M         0.000         0.000         0.000         0.000         0.000
 ALCF6M         0.000         0.000         0.000         0.000         0.000
 COGPGS         0.000         0.000         0.000         0.000         0.000
 PC1BW          0.000         0.000         0.000         0.000         0.000
 PC2BW          0.000         0.000         0.000         0.000         0.000
 PC3BW          0.000         0.000         0.000         0.000         0.000
 PC4BW          0.000         0.000         0.000         0.000         0.000
 PC5BW          0.000         0.000         0.000         0.000         0.000


           PSI
              DEMMAL        CANF6M        ALCF6M        COGPGS        PC1BW
              ________      ________      ________      ________      ________
 DEMMAL         0.000
 CANF6M         0.000         0.000
 ALCF6M         0.000         0.000         0.000
 COGPGS         0.000         0.000         0.000         0.000
 PC1BW          0.000         0.000         0.000         0.000         0.001
 PC2BW          0.000         0.000         0.000         0.000         0.000
 PC3BW          0.000         0.000         0.000         0.000         0.000
 PC4BW          0.000         0.000         0.000         0.000         0.000
 PC5BW          0.000         0.000         0.000         0.000         0.000


           PSI
              PC2BW         PC3BW         PC4BW         PC5BW
              ________      ________      ________      ________
 PC2BW          0.001
 PC3BW          0.000         0.000
 PC4BW          0.000         0.000         0.001
 PC5BW          0.000         0.000         0.000         0.001


SAMPLE STATISTICS FOR ESTIMATED FACTOR SCORES


     SAMPLE STATISTICS


           Means
              B_WASVCB
              ________
 1             44.137


           Covariances
              B_WASVCB
              ________
 B_WASVCB      27.674


           Correlations
              B_WASVCB
              ________
 B_WASVCB       1.000


PLOT INFORMATION

The following plots are available:

  Histograms (sample values)
  Scatterplots (sample values)

     Beginning Time:  13:09:07
        Ending Time:  13:09:08
       Elapsed Time:  00:00:01



MUTHEN & MUTHEN
3463 Stoner Ave.
Los Angeles, CA  90066

Tel: (310) 391-9971
Fax: (310) 391-8971
Web: www.StatModel.com
Support: Support@StatModel.com

Copyright (c) 1998-2015 Muthen & Muthen
