Mplus VERSION 7.4 (Mac)
MUTHEN & MUTHEN
07/30/2019   1:10 PM

INPUT INSTRUCTIONS


  TITLE: CANFLF_WASCOM_1;

  DATA:
  	FILE = GD190618.csv;

  VARIABLE:
  	NAMES =
  			ID_Fam   Wave     ID_MPL
  			DEMMAL   DEMAGE   DEMHSP   DEMRAC
  			SRPWCR
  			WASVCB   WASBLK   WASDGT   WSISUM
  			TRLATS   TRLBTS
  			CVLASF   CVLASC   CVLALF   CVLALC
  			WASCOM   COGCOM   CVLCOM
  			CANEVR   CANONS   CANFLF
  			CANFTY   CANF6M   CANAC6
  			CANYRS
  			ALCEVR   ALCONS   ALCFLF
  			ALCFTY   ALCF6M   ALCAC6
  			ALCYRS
  			SRPWCRDt WASVCBDt WASBLKDt
  			WASDGTDt WSISUMDt TRLATSDt
  			TRLBTSDt CVLASFDt CVLASCDt
  			CVLALFDt CVLALCDt WASCOMDt
  			COGCOMDt CVLCOMDt
  			COGPGS
  			PC1 PC2 PC3 PC4 PC5 PC6
  		;
  	USEVARIABLES =
  		! outcome
    			WASCOM
    		! covariates
    			DEMAGE
    			DEMMAL  	
    		! within predictor
    			CANFLF
    			ALCFLF
    			COGPGS
    		! between predictor
    			CANFLFBW
    			ALCFLFBW
    			COGPGSBW
    			PC1BW
    			PC2BW
    			PC3BW
    			PC4BW
    			PC5BW
    		;
    	USEOBSERVATION =
    			(Wave EQ 1 AND WASCOMDt EQ 1)
    		;
    	CLUSTER =
    			ID_Fam
    		;
    	MISSING = .;
    	BETWEEN =   		
    			CANFLFBW
    			ALCFLFBW
    			COGPGSBW
    			PC1BW
    			PC2BW
    			PC3BW
    			PC4BW
    			PC5BW		
    		;
    	WITHIN  		
    			CANFLF
    			ALCFLF
    			COGPGS
    			DEMAGE
    			DEMMAL
    		;  		

  DEFINE:
  	! CREATE BW FAM PREDICTOR
  		CANFLFBW = cluster_mean (CANFLF);
  		ALCFLFBW = cluster_mean (ALCFLF);
  		COGPGSBW = cluster_mean (COGPGS);
  		PC1BW = cluster_mean (PC1);
  		PC2BW = cluster_mean (PC2);
  		PC3BW = cluster_mean (PC3);
  		PC4BW = cluster_mean (PC4);
  		PC5BW = cluster_mean (PC5);
  	! CENTER WI FAM VARIABLES
  		CENTER CANFLF (GROUPMEAN);
  		CENTER ALCFLF (GROUPMEAN);
  		CENTER COGPGS (GROUPMEAN);
  		CENTER DEMMAL (GRANDMEAN);
  		CENTER DEMAGE (GRANDMEAN);
  	! CENTER BW FAM VARIABLES
  		CENTER CANFLFBW (GRANDMEAN);
  		CENTER ALCFLFBW (GRANDMEAN);
  		CENTER COGPGSBW (GRANDMEAN);
  		CENTER PC1BW (GRANDMEAN);
  		CENTER PC2BW (GRANDMEAN);
  		CENTER PC3BW (GRANDMEAN);
  		CENTER PC4BW (GRANDMEAN);
  		CENTER PC5BW (GRANDMEAN);

  ANALYSIS:
          ITERATIONS = 1000000;
          TYPE = TWOLEVEL RANDOM;
          ALGORITHM = INTEGRATION;

  OUTPUT:
  	SAMPSTAT STDYX TECH1 CINT;

  MODEL:
  %WITHIN%
  	WASCOM on CANFLF;
  	WASCOM on  DEMMAL DEMAGE COGPGS ALCFLF;
  	COGPGS*;
  	ALCFLF*;
  	WASCOM*;
  	CANFLF WITH DEMMAL*;
  	CANFLF WITH DEMAGE*;
  	CANFLF WITH COGPGS*;

  	CANFLF WITH ALCFLF*;
  	
  	ALCFLF WITH DEMMAL*;
  	ALCFLF WITH DEMAGE*;
  	ALCFLF WITH COGPGS*;


  %BETWEEN%
  	WASCOM on CANFLFBW COGPGSBW ALCFLFBW
  			    PC1BW PC2BW PC3BW PC4BW PC5BW;
  	COGPGSBW*;
  	ALCFLFBW;
  	WASCOM*;
  	CANFLFBW WITH COGPGSBW*;
  	CANFLFBW WITH ALCFLFBW*;
  	ALCFLFBW WITH COGPGSBW*;

  PLOT:
  	TYPE = plot3;



*** WARNING
  Data set contains cases with missing on x-variables.
  These cases were not included in the analysis.
  Number of cases with missing on x-variables:  160
   1 WARNING(S) FOUND IN THE INPUT INSTRUCTIONS



CANFLF_WASCOM_1;

SUMMARY OF ANALYSIS

Number of groups                                                 1
Number of observations                                         965

Number of dependent variables                                    1
Number of independent variables                                 13
Number of continuous latent variables                            0

Observed dependent variables

  Continuous
   WASCOM

Observed independent variables
   DEMAGE      DEMMAL      CANFLF      ALCFLF      COGPGS      CANFLFBW
   ALCFLFBW    COGPGSBW    PC1BW       PC2BW       PC3BW       PC4BW
   PC5BW

Variables with special functions

  Cluster variable      ID_FAM

  Within variables
   DEMAGE      DEMMAL      CANFLF      ALCFLF      COGPGS

  Between variables
   CANFLFBW    ALCFLFBW    COGPGSBW    PC1BW       PC2BW       PC3BW
   PC4BW       PC5BW

  Centering (GRANDMEAN)
   DEMMAL      DEMAGE      CANFLFBW
   ALCFLFBW    COGPGSBW    PC1BW       PC2BW       PC3BW       PC4BW
   PC5BW

  Centering (GROUPMEAN)
   CANFLF      ALCFLF      COGPGS


Estimator                                                      MLR
Information matrix                                        OBSERVED
Optimization Specifications for the Quasi-Newton Algorithm for
Continuous Outcomes
  Maximum number of iterations                             1000000
  Convergence criterion                                  0.100D-05
Optimization Specifications for the EM Algorithm
  Maximum number of iterations                                 500
  Convergence criteria
    Loglikelihood change                                 0.100D-02
    Relative loglikelihood change                        0.100D-05
    Derivative                                           0.100D-02
Optimization Specifications for the M step of the EM Algorithm for
Categorical Latent variables
  Number of M step iterations                                    1
  M step convergence criterion                           0.100D-02
  Basis for M step termination                           ITERATION
Optimization Specifications for the M step of the EM Algorithm for
Censored, Binary or Ordered Categorical (Ordinal), Unordered
Categorical (Nominal) and Count Outcomes
  Number of M step iterations                                    1
  M step convergence criterion                           0.100D-02
  Basis for M step termination                           ITERATION
  Maximum value for logit thresholds                            15
  Minimum value for logit thresholds                           -15
  Minimum expected cell size for chi-square              0.100D-01
Maximum number of iterations for H1                           2000
Convergence criterion for H1                             0.100D-03
Optimization algorithm                                         EMA
Integration Specifications
  Type                                                    STANDARD
  Number of integration points                                  15
  Dimensions of numerical integration                            0
  Adaptive quadrature                                           ON
Cholesky                                                       OFF

Input data file(s)
  GD190618.csv
Input data format  FREE


SUMMARY OF DATA

     Number of missing data patterns            14
     Number of clusters                        490



COVARIANCE COVERAGE OF DATA

Minimum covariance coverage value   0.100


     PROPORTION OF DATA PRESENT FOR Y


           Covariance Coverage
              CANFLFBW      ALCFLFBW      COGPGSBW      WASCOM        DEMAGE
              ________      ________      ________      ________      ________
 CANFLFBW       0.921
 ALCFLFBW       0.893         0.895
 COGPGSBW       0.921         0.895         1.000
 WASCOM         0.921         0.895         1.000         1.000
 DEMAGE         0.920         0.894         0.999         0.999         0.999
 DEMMAL         0.921         0.895         1.000         1.000         0.999
 CANFLF         0.878         0.864         0.878         0.878         0.877
 ALCFLF         0.863         0.864         0.864         0.864         0.863
 COGPGS         0.636         0.622         0.697         0.697         0.697
 PC1BW          0.921         0.895         1.000         1.000         0.999
 PC2BW          0.921         0.895         1.000         1.000         0.999
 PC3BW          0.921         0.895         1.000         1.000         0.999
 PC4BW          0.921         0.895         1.000         1.000         0.999
 PC5BW          0.921         0.895         1.000         1.000         0.999


           Covariance Coverage
              DEMMAL        CANFLF        ALCFLF        COGPGS        PC1BW
              ________      ________      ________      ________      ________
 DEMMAL         1.000
 CANFLF         0.878         0.878
 ALCFLF         0.864         0.863         0.864
 COGPGS         0.697         0.602         0.597         0.697
 PC1BW          1.000         0.878         0.864         0.697         1.000
 PC2BW          1.000         0.878         0.864         0.697         1.000
 PC3BW          1.000         0.878         0.864         0.697         1.000
 PC4BW          1.000         0.878         0.864         0.697         1.000
 PC5BW          1.000         0.878         0.864         0.697         1.000


           Covariance Coverage
              PC2BW         PC3BW         PC4BW         PC5BW
              ________      ________      ________      ________
 PC2BW          1.000
 PC3BW          1.000         1.000
 PC4BW          1.000         1.000         1.000
 PC5BW          1.000         1.000         1.000         1.000


SAMPLE STATISTICS


     ESTIMATED SAMPLE STATISTICS


           Means
              CANFLFBW      ALCFLFBW      COGPGSBW      WASCOM        DEMAGE
              ________      ________      ________      ________      ________
 1              0.029        -0.570         0.000         0.000        -0.001


           Means
              DEMMAL        CANFLF        ALCFLF        COGPGS        PC1BW
              ________      ________      ________      ________      ________
 1              0.000         0.129         0.075        -0.003         0.000


           Means
              PC2BW         PC3BW         PC4BW         PC5BW
              ________      ________      ________      ________
 1              0.000         0.000         0.000         0.000


           Covariances
              CANFLFBW      ALCFLFBW      COGPGSBW      WASCOM        DEMAGE
              ________      ________      ________      ________      ________
 CANFLFBW     407.977
 ALCFLFBW     180.768       378.632
 COGPGSBW       0.258         0.820         0.113
 WASCOM        -0.416         0.672         0.055         0.883
 DEMAGE         2.021        12.014         0.049        -0.140         6.398
 DEMMAL         1.246         0.258         0.003         0.032        -0.181
 CANFLF        -3.175        -1.365         0.004        -0.026       -10.720
 ALCFLF        -2.074        -1.318         0.009        -0.106         0.415
 COGPGS        -0.013        -0.011         0.000         0.006        -0.021
 PC1BW         -0.006        -0.084        -0.003        -0.008         0.001
 PC2BW         -0.053         0.058         0.000        -0.012         0.005
 PC3BW         -0.011        -0.011         0.000        -0.001        -0.001
 PC4BW          0.016         0.033         0.001         0.001         0.004
 PC5BW          0.051        -0.075        -0.001         0.000         0.000


           Covariances
              DEMMAL        CANFLF        ALCFLF        COGPGS        PC1BW
              ________      ________      ________      ________      ________
 DEMMAL         0.234
 CANFLF         1.864       274.649
 ALCFLF         0.704       102.776       209.431
 COGPGS         0.003         0.073         0.165         0.018
 PC1BW         -0.001        -0.001        -0.001         0.000         0.001
 PC2BW         -0.001        -0.002        -0.001         0.000         0.000
 PC3BW          0.000        -0.001         0.000         0.000         0.000
 PC4BW          0.001         0.000         0.000         0.000         0.000
 PC5BW          0.000         0.000         0.000         0.000         0.000


           Covariances
              PC2BW         PC3BW         PC4BW         PC5BW
              ________      ________      ________      ________
 PC2BW          0.001
 PC3BW          0.000         0.001
 PC4BW          0.000         0.000         0.001
 PC5BW          0.000         0.000         0.000         0.001


           Correlations
              CANFLFBW      ALCFLFBW      COGPGSBW      WASCOM        DEMAGE
              ________      ________      ________      ________      ________
 CANFLFBW       1.000
 ALCFLFBW       0.460         1.000
 COGPGSBW       0.038         0.125         1.000
 WASCOM        -0.022         0.037         0.175         1.000
 DEMAGE         0.040         0.244         0.058        -0.059         1.000
 DEMMAL         0.127         0.027         0.019         0.071        -0.148
 CANFLF        -0.009        -0.004         0.001        -0.002        -0.256
 ALCFLF        -0.007        -0.005         0.002        -0.008         0.011
 COGPGS        -0.005        -0.004        -0.001         0.046        -0.062
 PC1BW         -0.008        -0.114        -0.258        -0.240         0.015
 PC2BW         -0.071         0.081        -0.028        -0.358         0.057
 PC3BW         -0.019        -0.019        -0.005        -0.040        -0.012
 PC4BW          0.024         0.052         0.092         0.022         0.044
 PC5BW          0.079        -0.119        -0.051        -0.010         0.001


           Correlations
              DEMMAL        CANFLF        ALCFLF        COGPGS        PC1BW
              ________      ________      ________      ________      ________
 DEMMAL         1.000
 CANFLF         0.232         1.000
 ALCFLF         0.101         0.429         1.000
 COGPGS         0.053         0.032         0.085         1.000
 PC1BW         -0.048        -0.001        -0.001         0.000         1.000
 PC2BW         -0.061        -0.004        -0.002        -0.004        -0.024
 PC3BW          0.017        -0.001         0.000         0.000         0.019
 PC4BW          0.045        -0.001         0.000         0.000        -0.010
 PC5BW          0.022         0.000         0.000         0.000         0.031


           Correlations
              PC2BW         PC3BW         PC4BW         PC5BW
              ________      ________      ________      ________
 PC2BW          1.000
 PC3BW          0.031         1.000
 PC4BW          0.004        -0.139         1.000
 PC5BW         -0.005         0.012        -0.014         1.000


     MAXIMUM LOG-LIKELIHOOD VALUE FOR THE UNRESTRICTED (H1) MODEL IS -8837.474


UNIVARIATE SAMPLE STATISTICS


     UNIVARIATE HIGHER-ORDER MOMENT DESCRIPTIVE STATISTICS

         Variable/         Mean/     Skewness/   Minimum/ % with                Percentiles
        Sample Size      Variance    Kurtosis    Maximum  Min/Max      20%/60%    40%/80%    Median

     CANFLFBW              1.941      -0.836     -40.936    5.36%     -10.936     -3.436      7.501
             448.000     394.755      -0.468      19.064   48.66%      19.064     19.064
     ALCFLFBW              0.155      -0.322     -37.024    2.52%     -22.024     -6.274      0.476
             437.000     389.936      -1.161      22.976   30.89%       7.976     22.976
     COGPGSBW             -0.003       0.237      -1.031    0.20%      -0.294     -0.092     -0.016
             490.000       0.119       0.592       1.225    0.20%       0.052      0.280
     WASCOM                0.000      -0.040      -2.668    0.10%      -0.801     -0.241      0.004
             965.000       0.883      -0.226       2.816    0.10%       0.257      0.847
     DEMAGE                0.000       1.437      -4.026    0.10%      -1.976     -1.076     -0.551
             964.000       6.399       2.956      15.944    0.10%      -0.026      1.574
     DEMMAL                0.000      -0.516      -0.625   37.51%      -0.625      0.375      0.375
             965.000       0.234      -1.734       0.375   62.49%       0.375      0.375
     CANFLF                0.000      -0.103     -40.000    0.94%     -15.000      0.000      0.000
             847.000     275.138      -0.048      38.167    0.12%       0.000     14.250
     ALCFLF                0.000      -0.079     -42.000    0.12%     -13.375      0.000      0.000
             834.000     210.045       0.135      42.625    0.12%       0.000     11.250
     COGPGS                0.000      -0.006      -0.505    0.15%      -0.046      0.000      0.000
             673.000       0.018       2.763       0.604    0.15%       0.000      0.048
     PC1BW                 0.000       2.449      -0.021    0.20%      -0.019     -0.016     -0.013
             490.000       0.001       4.597       0.135    0.20%      -0.009     -0.004
     PC2BW                -0.001       0.930      -0.038    0.20%      -0.032     -0.026     -0.017
             490.000       0.001      -0.197       0.130    0.20%      -0.003      0.035
     PC3BW                 0.000      13.417      -0.118    0.20%      -0.005     -0.002      0.000
             490.000       0.001     267.178       0.454    0.20%       0.001      0.005
     PC4BW                -0.001       5.694      -0.094    0.20%      -0.009     -0.006     -0.005
             490.000       0.001      39.868       0.284    0.20%      -0.003     -0.001
     PC5BW                 0.001     -17.522      -0.544    0.20%      -0.002      0.000      0.001
             490.000       0.001     361.273       0.110    0.20%       0.001      0.004

     THE STANDARD ERRORS OF THE MODEL PARAMETER ESTIMATES MAY NOT BE
     TRUSTWORTHY FOR SOME PARAMETERS DUE TO A NON-POSITIVE DEFINITE
     FIRST-ORDER DERIVATIVE PRODUCT MATRIX.  THIS MAY BE DUE TO THE STARTING
     VALUES BUT MAY ALSO BE AN INDICATION OF MODEL NONIDENTIFICATION.  THE
     CONDITION NUMBER IS      -0.984D-16.  PROBLEM INVOLVING THE FOLLOWING PARAMETER:
     Parameter 20, %WITHIN%: ALCFLF


THE MODEL ESTIMATION TERMINATED NORMALLY



MODEL FIT INFORMATION

Number of Free Parameters                       42

Loglikelihood

          H0 Value                      -14575.879
          H0 Scaling Correction Factor      1.0872
            for MLR

Information Criteria

          Akaike (AIC)                   29235.758
          Bayesian (BIC)                 29440.387
          Sample-Size Adjusted BIC       29306.996
            (n* = (n + 2) / 24)



MODEL RESULTS

                                                    Two-Tailed
                    Estimate       S.E.  Est./S.E.    P-Value

Within Level

 WASCOM     ON
    CANFLF            -0.001      0.002     -0.614      0.539
    DEMMAL             0.062      0.057      1.088      0.277
    DEMAGE            -0.015      0.012     -1.196      0.232
    COGPGS             0.273      0.176      1.549      0.121
    ALCFLF             0.000      0.002     -0.228      0.820

 CANFLF   WITH
    DEMMAL             1.595      0.265      6.020      0.000
    DEMAGE            -9.485      1.444     -6.567      0.000
    COGPGS             0.016      0.119      0.130      0.897
    ALCFLF           101.850     12.503      8.146      0.000

 ALCFLF   WITH
    DEMMAL             0.713      0.243      2.938      0.003
    DEMAGE             1.065      1.195      0.891      0.373
    COGPGS             0.151      0.122      1.238      0.216

 Means
    DEMAGE             0.000      0.083     -0.002      0.999
    DEMMAL             0.000      0.017      0.000      1.000
    CANFLF             0.149      0.064      2.322      0.020
    ALCFLF             0.048      0.031      1.582      0.114
    COGPGS            -0.001      0.001     -0.620      0.535

 Variances
    DEMAGE             6.398      0.459     13.942      0.000
    DEMMAL             0.234      0.004     56.688      0.000
    CANFLF           270.940     17.081     15.862      0.000
    ALCFLF           209.487     13.822     15.156      0.000
    COGPGS             0.018      0.002      8.981      0.000

 Residual Variances
    WASCOM             0.443      0.028     15.925      0.000

Between Level

 WASCOM     ON
    CANFLFBW          -0.005      0.002     -2.530      0.011
    COGPGSBW           0.306      0.099      3.083      0.002
    ALCFLFBW           0.005      0.002      2.386      0.017
    PC1BW             -5.184      0.837     -6.191      0.000
    PC2BW             -9.380      0.840    -11.164      0.000
    PC3BW             -0.716      0.568     -1.261      0.207
    PC4BW              0.192      0.964      0.200      0.842
    PC5BW              0.585      0.634      0.923      0.356

 CANFLFBW WITH
    COGPGSBW           0.179      0.310      0.576      0.565
    ALCFLFBW         168.310     21.484      7.834      0.000

 ALCFLFBW WITH
    COGPGSBW           0.927      0.335      2.769      0.006

 Means
    CANFLFBW           1.897      0.941      2.017      0.044
    ALCFLFBW          -0.306      0.950     -0.322      0.747
    COGPGSBW          -0.003      0.016     -0.206      0.837

 Intercepts
    WASCOM             0.007      0.032      0.221      0.825

 Variances
    CANFLFBW         395.168     23.113     17.097      0.000
    ALCFLFBW         395.686     17.577     22.512      0.000
    COGPGSBW           0.119      0.009     13.750      0.000

 Residual Variances
    WASCOM             0.251      0.031      8.209      0.000


STANDARDIZED MODEL RESULTS


STDYX Standardization

                                                    Two-Tailed
                    Estimate       S.E.  Est./S.E.    P-Value

Within Level

 WASCOM     ON
    CANFLF            -0.027      0.044     -0.616      0.538
    DEMMAL             0.045      0.041      1.087      0.277
    DEMAGE            -0.055      0.047     -1.184      0.237
    COGPGS             0.055      0.036      1.538      0.124
    ALCFLF            -0.010      0.044     -0.228      0.820

 CANFLF   WITH
    DEMMAL             0.200      0.031      6.376      0.000
    DEMAGE            -0.228      0.031     -7.358      0.000
    COGPGS             0.007      0.054      0.130      0.896
    ALCFLF             0.428      0.040     10.635      0.000

 ALCFLF   WITH
    DEMMAL             0.102      0.034      2.971      0.003
    DEMAGE             0.029      0.033      0.894      0.371
    COGPGS             0.077      0.062      1.243      0.214

 Means
    DEMAGE             0.000      0.033     -0.002      0.999
    DEMMAL             0.000      0.034      0.000      1.000
    CANFLF             0.009      0.004      2.336      0.019
    ALCFLF             0.003      0.002      1.582      0.114
    COGPGS            -0.005      0.008     -0.621      0.534

 Variances
    DEMAGE             1.000      0.000    999.000    999.000
    DEMMAL             1.000      0.000    999.000    999.000
    CANFLF             1.000      0.000    999.000    999.000
    ALCFLF             1.000      0.000    999.000    999.000
    COGPGS             1.000      0.000    999.000    999.000

 Residual Variances
    WASCOM             0.992      0.007    151.697      0.000

Between Level

 WASCOM     ON
    CANFLFBW          -0.142      0.056     -2.529      0.011
    COGPGSBW           0.162      0.054      3.035      0.002
    ALCFLFBW           0.143      0.059      2.437      0.015
    PC1BW             -0.303      0.049     -6.248      0.000
    PC2BW             -0.514      0.040    -12.782      0.000
    PC3BW             -0.026      0.021     -1.262      0.207
    PC4BW              0.009      0.043      0.200      0.842
    PC5BW              0.024      0.026      0.920      0.357

 CANFLFBW WITH
    COGPGSBW           0.026      0.045      0.577      0.564
    ALCFLFBW           0.426      0.046      9.345      0.000

 ALCFLFBW WITH
    COGPGSBW           0.135      0.048      2.827      0.005

 Means
    CANFLFBW           0.095      0.049      1.938      0.053
    ALCFLFBW          -0.015      0.048     -0.323      0.747
    COGPGSBW          -0.009      0.045     -0.206      0.837

 Intercepts
    WASCOM             0.011      0.049      0.221      0.825

 Variances
    CANFLFBW           1.000      0.000    999.000    999.000
    ALCFLFBW           1.000      0.000    999.000    999.000
    COGPGSBW           1.000      0.000    999.000    999.000

 Residual Variances
    WASCOM             0.593      0.047     12.678      0.000


R-SQUARE

Within Level

    Observed                                        Two-Tailed
    Variable        Estimate       S.E.  Est./S.E.    P-Value

    WASCOM             0.008      0.007      1.201      0.230

Between Level

    Observed                                        Two-Tailed
    Variable        Estimate       S.E.  Est./S.E.    P-Value

    WASCOM             0.407      0.047      8.718      0.000


QUALITY OF NUMERICAL RESULTS

     Condition Number for the Information Matrix             -0.984E-16
       (ratio of smallest to largest eigenvalue)


CONFIDENCE INTERVALS OF MODEL RESULTS

                  Lower .5%  Lower 2.5%    Lower 5%    Estimate    Upper 5%  Upper 2.5%   Upper .5%

Within Level

 WASCOM   ON
    CANFLF          -0.006      -0.005      -0.004      -0.001       0.002       0.002       0.004
    DEMMAL          -0.085      -0.050      -0.032       0.062       0.155       0.173       0.208
    DEMAGE          -0.046      -0.039      -0.035      -0.015       0.005       0.009       0.017
    COGPGS          -0.181      -0.072      -0.017       0.273       0.563       0.619       0.727
    ALCFLF          -0.006      -0.004      -0.004       0.000       0.003       0.004       0.005

 CANFLF   WITH
    DEMMAL           0.912       1.076       1.159       1.595       2.031       2.114       2.277
    DEMAGE         -13.205     -12.315     -11.860      -9.485      -7.109      -6.654      -5.764
    COGPGS          -0.292      -0.218      -0.181       0.016       0.212       0.249       0.323
    ALCFLF          69.644      77.344      81.282     101.850     122.418     126.356     134.056

 ALCFLF   WITH
    DEMMAL           0.088       0.237       0.314       0.713       1.112       1.189       1.338
    DEMAGE          -2.013      -1.277      -0.901       1.065       3.031       3.407       4.143
    COGPGS          -0.163      -0.088      -0.050       0.151       0.352       0.390       0.466

 Means
    DEMAGE          -0.214      -0.163      -0.136       0.000       0.136       0.162       0.213
    DEMMAL          -0.043      -0.032      -0.027       0.000       0.027       0.032       0.043
    CANFLF          -0.016       0.023       0.043       0.149       0.254       0.274       0.313
    ALCFLF          -0.030      -0.012      -0.002       0.048       0.099       0.108       0.127
    COGPGS          -0.003      -0.003      -0.002      -0.001       0.001       0.001       0.002

 Variances
    DEMAGE           5.216       5.499       5.643       6.398       7.153       7.298       7.580
    DEMMAL           0.224       0.226       0.228       0.234       0.241       0.243       0.245
    CANFLF         226.944     237.462     242.843     270.940     299.038     304.418     314.936
    ALCFLF         173.885     182.396     186.750     209.487     232.224     236.578     245.089
    COGPGS           0.013       0.014       0.015       0.018       0.022       0.022       0.023

 Residual Variances
    WASCOM           0.371       0.388       0.397       0.443       0.489       0.497       0.514

Between Level

 WASCOM   ON
    CANFLFBW        -0.009      -0.008      -0.008      -0.005      -0.002      -0.001       0.000
    COGPGSBW         0.050       0.111       0.143       0.306       0.469       0.500       0.561
    ALCFLFBW         0.000       0.001       0.001       0.005       0.008       0.009       0.010
    PC1BW           -7.341      -6.826      -6.562      -5.184      -3.807      -3.543      -3.027
    PC2BW          -11.545     -11.027     -10.762      -9.380      -7.998      -7.733      -7.216
    PC3BW           -2.179      -1.829      -1.650      -0.716       0.218       0.397       0.746
    PC4BW           -2.291      -1.697      -1.393       0.192       1.778       2.082       2.675
    PC5BW           -1.048      -0.658      -0.458       0.585       1.629       1.828       2.219

 CANFLFBW WITH
    COGPGSBW        -0.620      -0.429      -0.332       0.179       0.689       0.786       0.977
    ALCFLFBW       112.971     126.201     132.969     168.310     203.651     210.418     223.648

 ALCFLFBW WITH
    COGPGSBW         0.065       0.271       0.376       0.927       1.477       1.582       1.789

 Means
    CANFLFBW        -0.526       0.054       0.350       1.897       3.444       3.741       4.320
    ALCFLFBW        -2.752      -2.167      -1.868      -0.306       1.257       1.556       2.141
    COGPGSBW        -0.043      -0.034      -0.029      -0.003       0.022       0.027       0.037

 Intercepts
    WASCOM          -0.075      -0.055      -0.045       0.007       0.059       0.069       0.089

 Variances
    CANFLFBW       335.633     349.866     357.147     395.168     433.189     440.469     454.702
    ALCFLFBW       350.411     361.235     366.772     395.686     424.600     430.136     440.960
    COGPGSBW         0.097       0.102       0.105       0.119       0.134       0.136       0.142

 Residual Variances
    WASCOM           0.172       0.191       0.200       0.251       0.301       0.310       0.329


CONFIDENCE INTERVALS OF STANDARDIZED MODEL RESULTS


STDYX Standardization

                  Lower .5%  Lower 2.5%    Lower 5%    Estimate    Upper 5%  Upper 2.5%   Upper .5%

Within Level

 WASCOM   ON
    CANFLF          -0.140      -0.113      -0.099      -0.027       0.045       0.059       0.086
    DEMMAL          -0.061      -0.036      -0.023       0.045       0.113       0.126       0.151
    DEMAGE          -0.176      -0.147      -0.132      -0.055       0.022       0.036       0.065
    COGPGS          -0.037      -0.015      -0.004       0.055       0.114       0.126       0.148
    ALCFLF          -0.124      -0.097      -0.083      -0.010       0.063       0.077       0.104

 CANFLF   WITH
    DEMMAL           0.119       0.139       0.148       0.200       0.252       0.262       0.281
    DEMAGE          -0.308      -0.288      -0.279      -0.228      -0.177      -0.167      -0.148
    COGPGS          -0.131      -0.098      -0.081       0.007       0.095       0.112       0.145
    ALCFLF           0.324       0.349       0.361       0.428       0.494       0.506       0.531

 ALCFLF   WITH
    DEMMAL           0.014       0.035       0.045       0.102       0.158       0.169       0.190
    DEMAGE          -0.055      -0.035      -0.024       0.029       0.083       0.093       0.113
    COGPGS          -0.083      -0.045      -0.025       0.077       0.180       0.199       0.238

 Means
    DEMAGE          -0.084      -0.064      -0.054       0.000       0.054       0.064       0.084
    DEMMAL          -0.088      -0.067      -0.056       0.000       0.056       0.067       0.088
    CANFLF          -0.001       0.001       0.003       0.009       0.015       0.017       0.019
    ALCFLF          -0.002      -0.001       0.000       0.003       0.007       0.007       0.009
    COGPGS          -0.025      -0.020      -0.018      -0.005       0.008       0.010       0.015

 Variances
    DEMAGE           1.000       1.000       1.000       1.000       1.000       1.000       1.000
    DEMMAL           1.000       1.000       1.000       1.000       1.000       1.000       1.000
    CANFLF           1.000       1.000       1.000       1.000       1.000       1.000       1.000
    ALCFLF           1.000       1.000       1.000       1.000       1.000       1.000       1.000
    COGPGS           1.000       1.000       1.000       1.000       1.000       1.000       1.000

 Residual Variances
    WASCOM           0.975       0.979       0.981       0.992       1.003       1.005       1.009

Between Level

 WASCOM   ON
    CANFLFBW        -0.286      -0.251      -0.234      -0.142      -0.049      -0.032       0.003
    COGPGSBW         0.025       0.058       0.074       0.162       0.250       0.267       0.300
    ALCFLFBW        -0.008       0.028       0.047       0.143       0.240       0.258       0.294
    PC1BW           -0.429      -0.399      -0.383      -0.303      -0.224      -0.208      -0.178
    PC2BW           -0.618      -0.593      -0.580      -0.514      -0.448      -0.435      -0.411
    PC3BW           -0.080      -0.067      -0.061      -0.026       0.008       0.015       0.027
    PC4BW           -0.102      -0.076      -0.062       0.009       0.080       0.093       0.120
    PC5BW           -0.043      -0.027      -0.019       0.024       0.067       0.075       0.091

 CANFLFBW WITH
    COGPGSBW        -0.090      -0.062      -0.048       0.026       0.100       0.114       0.142
    ALCFLFBW         0.308       0.336       0.351       0.426       0.501       0.515       0.543

 ALCFLFBW WITH
    COGPGSBW         0.012       0.041       0.056       0.135       0.213       0.228       0.258

 Means
    CANFLFBW        -0.031      -0.001       0.014       0.095       0.176       0.192       0.222
    ALCFLFBW        -0.138      -0.109      -0.094      -0.015       0.063       0.078       0.107
    COGPGSBW        -0.126      -0.098      -0.084      -0.009       0.065       0.079       0.107

 Intercepts
    WASCOM          -0.115      -0.085      -0.070       0.011       0.091       0.106       0.137

 Variances
    CANFLFBW         1.000       1.000       1.000       1.000       1.000       1.000       1.000
    ALCFLFBW         1.000       1.000       1.000       1.000       1.000       1.000       1.000
    COGPGSBW         1.000       1.000       1.000       1.000       1.000       1.000       1.000

 Residual Variances
    WASCOM           0.472       0.501       0.516       0.593       0.669       0.684       0.713


TECHNICAL 1 OUTPUT


     PARAMETER SPECIFICATION FOR WITHIN


           NU
              CANFLFBW      ALCFLFBW      COGPGSBW      WASCOM        DEMAGE
              ________      ________      ________      ________      ________
 1                  0             0             0             0             0


           NU
              DEMMAL        CANFLF        ALCFLF        COGPGS        PC1BW
              ________      ________      ________      ________      ________
 1                  0             0             0             0             0


           NU
              PC2BW         PC3BW         PC4BW         PC5BW
              ________      ________      ________      ________
 1                  0             0             0             0


           LAMBDA
              CANFLFBW      ALCFLFBW      COGPGSBW      WASCOM        DEMAGE
              ________      ________      ________      ________      ________
 CANFLFBW           0             0             0             0             0
 ALCFLFBW           0             0             0             0             0
 COGPGSBW           0             0             0             0             0
 WASCOM             0             0             0             0             0
 DEMAGE             0             0             0             0             0
 DEMMAL             0             0             0             0             0
 CANFLF             0             0             0             0             0
 ALCFLF             0             0             0             0             0
 COGPGS             0             0             0             0             0
 PC1BW              0             0             0             0             0
 PC2BW              0             0             0             0             0
 PC3BW              0             0             0             0             0
 PC4BW              0             0             0             0             0
 PC5BW              0             0             0             0             0


           LAMBDA
              DEMMAL        CANFLF        ALCFLF        COGPGS        PC1BW
              ________      ________      ________      ________      ________
 CANFLFBW           0             0             0             0             0
 ALCFLFBW           0             0             0             0             0
 COGPGSBW           0             0             0             0             0
 WASCOM             0             0             0             0             0
 DEMAGE             0             0             0             0             0
 DEMMAL             0             0             0             0             0
 CANFLF             0             0             0             0             0
 ALCFLF             0             0             0             0             0
 COGPGS             0             0             0             0             0
 PC1BW              0             0             0             0             0
 PC2BW              0             0             0             0             0
 PC3BW              0             0             0             0             0
 PC4BW              0             0             0             0             0
 PC5BW              0             0             0             0             0


           LAMBDA
              PC2BW         PC3BW         PC4BW         PC5BW
              ________      ________      ________      ________
 CANFLFBW           0             0             0             0
 ALCFLFBW           0             0             0             0
 COGPGSBW           0             0             0             0
 WASCOM             0             0             0             0
 DEMAGE             0             0             0             0
 DEMMAL             0             0             0             0
 CANFLF             0             0             0             0
 ALCFLF             0             0             0             0
 COGPGS             0             0             0             0
 PC1BW              0             0             0             0
 PC2BW              0             0             0             0
 PC3BW              0             0             0             0
 PC4BW              0             0             0             0
 PC5BW              0             0             0             0


           THETA
              CANFLFBW      ALCFLFBW      COGPGSBW      WASCOM        DEMAGE
              ________      ________      ________      ________      ________
 CANFLFBW           0
 ALCFLFBW           0             0
 COGPGSBW           0             0             0
 WASCOM             0             0             0             0
 DEMAGE             0             0             0             0             0
 DEMMAL             0             0             0             0             0
 CANFLF             0             0             0             0             0
 ALCFLF             0             0             0             0             0
 COGPGS             0             0             0             0             0
 PC1BW              0             0             0             0             0
 PC2BW              0             0             0             0             0
 PC3BW              0             0             0             0             0
 PC4BW              0             0             0             0             0
 PC5BW              0             0             0             0             0


           THETA
              DEMMAL        CANFLF        ALCFLF        COGPGS        PC1BW
              ________      ________      ________      ________      ________
 DEMMAL             0
 CANFLF             0             0
 ALCFLF             0             0             0
 COGPGS             0             0             0             0
 PC1BW              0             0             0             0             0
 PC2BW              0             0             0             0             0
 PC3BW              0             0             0             0             0
 PC4BW              0             0             0             0             0
 PC5BW              0             0             0             0             0


           THETA
              PC2BW         PC3BW         PC4BW         PC5BW
              ________      ________      ________      ________
 PC2BW              0
 PC3BW              0             0
 PC4BW              0             0             0
 PC5BW              0             0             0             0


           ALPHA
              CANFLFBW      ALCFLFBW      COGPGSBW      WASCOM        DEMAGE
              ________      ________      ________      ________      ________
 1                  0             0             0             0             1


           ALPHA
              DEMMAL        CANFLF        ALCFLF        COGPGS        PC1BW
              ________      ________      ________      ________      ________
 1                  2             3             4             5             0


           ALPHA
              PC2BW         PC3BW         PC4BW         PC5BW
              ________      ________      ________      ________
 1                  0             0             0             0


           BETA
              CANFLFBW      ALCFLFBW      COGPGSBW      WASCOM        DEMAGE
              ________      ________      ________      ________      ________
 CANFLFBW           0             0             0             0             0
 ALCFLFBW           0             0             0             0             0
 COGPGSBW           0             0             0             0             0
 WASCOM             0             0             0             0             6
 DEMAGE             0             0             0             0             0
 DEMMAL             0             0             0             0             0
 CANFLF             0             0             0             0             0
 ALCFLF             0             0             0             0             0
 COGPGS             0             0             0             0             0
 PC1BW              0             0             0             0             0
 PC2BW              0             0             0             0             0
 PC3BW              0             0             0             0             0
 PC4BW              0             0             0             0             0
 PC5BW              0             0             0             0             0


           BETA
              DEMMAL        CANFLF        ALCFLF        COGPGS        PC1BW
              ________      ________      ________      ________      ________
 CANFLFBW           0             0             0             0             0
 ALCFLFBW           0             0             0             0             0
 COGPGSBW           0             0             0             0             0
 WASCOM             7             8             9            10             0
 DEMAGE             0             0             0             0             0
 DEMMAL             0             0             0             0             0
 CANFLF             0             0             0             0             0
 ALCFLF             0             0             0             0             0
 COGPGS             0             0             0             0             0
 PC1BW              0             0             0             0             0
 PC2BW              0             0             0             0             0
 PC3BW              0             0             0             0             0
 PC4BW              0             0             0             0             0
 PC5BW              0             0             0             0             0


           BETA
              PC2BW         PC3BW         PC4BW         PC5BW
              ________      ________      ________      ________
 CANFLFBW           0             0             0             0
 ALCFLFBW           0             0             0             0
 COGPGSBW           0             0             0             0
 WASCOM             0             0             0             0
 DEMAGE             0             0             0             0
 DEMMAL             0             0             0             0
 CANFLF             0             0             0             0
 ALCFLF             0             0             0             0
 COGPGS             0             0             0             0
 PC1BW              0             0             0             0
 PC2BW              0             0             0             0
 PC3BW              0             0             0             0
 PC4BW              0             0             0             0
 PC5BW              0             0             0             0


           PSI
              CANFLFBW      ALCFLFBW      COGPGSBW      WASCOM        DEMAGE
              ________      ________      ________      ________      ________
 CANFLFBW           0
 ALCFLFBW           0             0
 COGPGSBW           0             0             0
 WASCOM             0             0             0            11
 DEMAGE             0             0             0             0            12
 DEMMAL             0             0             0             0             0
 CANFLF             0             0             0             0            14
 ALCFLF             0             0             0             0            17
 COGPGS             0             0             0             0             0
 PC1BW              0             0             0             0             0
 PC2BW              0             0             0             0             0
 PC3BW              0             0             0             0             0
 PC4BW              0             0             0             0             0
 PC5BW              0             0             0             0             0


           PSI
              DEMMAL        CANFLF        ALCFLF        COGPGS        PC1BW
              ________      ________      ________      ________      ________
 DEMMAL            13
 CANFLF            15            16
 ALCFLF            18            19            20
 COGPGS             0            21            22            23
 PC1BW              0             0             0             0             0
 PC2BW              0             0             0             0             0
 PC3BW              0             0             0             0             0
 PC4BW              0             0             0             0             0
 PC5BW              0             0             0             0             0


           PSI
              PC2BW         PC3BW         PC4BW         PC5BW
              ________      ________      ________      ________
 PC2BW              0
 PC3BW              0             0
 PC4BW              0             0             0
 PC5BW              0             0             0             0


     PARAMETER SPECIFICATION FOR BETWEEN


           NU
              CANFLFBW      ALCFLFBW      COGPGSBW      WASCOM        DEMAGE
              ________      ________      ________      ________      ________
 1                  0             0             0             0             0


           NU
              DEMMAL        CANFLF        ALCFLF        COGPGS        PC1BW
              ________      ________      ________      ________      ________
 1                  0             0             0             0             0


           NU
              PC2BW         PC3BW         PC4BW         PC5BW
              ________      ________      ________      ________
 1                  0             0             0             0


           LAMBDA
              CANFLFBW      ALCFLFBW      COGPGSBW      WASCOM        DEMAGE
              ________      ________      ________      ________      ________
 CANFLFBW           0             0             0             0             0
 ALCFLFBW           0             0             0             0             0
 COGPGSBW           0             0             0             0             0
 WASCOM             0             0             0             0             0
 DEMAGE             0             0             0             0             0
 DEMMAL             0             0             0             0             0
 CANFLF             0             0             0             0             0
 ALCFLF             0             0             0             0             0
 COGPGS             0             0             0             0             0
 PC1BW              0             0             0             0             0
 PC2BW              0             0             0             0             0
 PC3BW              0             0             0             0             0
 PC4BW              0             0             0             0             0
 PC5BW              0             0             0             0             0


           LAMBDA
              DEMMAL        CANFLF        ALCFLF        COGPGS        PC1BW
              ________      ________      ________      ________      ________
 CANFLFBW           0             0             0             0             0
 ALCFLFBW           0             0             0             0             0
 COGPGSBW           0             0             0             0             0
 WASCOM             0             0             0             0             0
 DEMAGE             0             0             0             0             0
 DEMMAL             0             0             0             0             0
 CANFLF             0             0             0             0             0
 ALCFLF             0             0             0             0             0
 COGPGS             0             0             0             0             0
 PC1BW              0             0             0             0             0
 PC2BW              0             0             0             0             0
 PC3BW              0             0             0             0             0
 PC4BW              0             0             0             0             0
 PC5BW              0             0             0             0             0


           LAMBDA
              PC2BW         PC3BW         PC4BW         PC5BW
              ________      ________      ________      ________
 CANFLFBW           0             0             0             0
 ALCFLFBW           0             0             0             0
 COGPGSBW           0             0             0             0
 WASCOM             0             0             0             0
 DEMAGE             0             0             0             0
 DEMMAL             0             0             0             0
 CANFLF             0             0             0             0
 ALCFLF             0             0             0             0
 COGPGS             0             0             0             0
 PC1BW              0             0             0             0
 PC2BW              0             0             0             0
 PC3BW              0             0             0             0
 PC4BW              0             0             0             0
 PC5BW              0             0             0             0


           THETA
              CANFLFBW      ALCFLFBW      COGPGSBW      WASCOM        DEMAGE
              ________      ________      ________      ________      ________
 CANFLFBW           0
 ALCFLFBW           0             0
 COGPGSBW           0             0             0
 WASCOM             0             0             0             0
 DEMAGE             0             0             0             0             0
 DEMMAL             0             0             0             0             0
 CANFLF             0             0             0             0             0
 ALCFLF             0             0             0             0             0
 COGPGS             0             0             0             0             0
 PC1BW              0             0             0             0             0
 PC2BW              0             0             0             0             0
 PC3BW              0             0             0             0             0
 PC4BW              0             0             0             0             0
 PC5BW              0             0             0             0             0


           THETA
              DEMMAL        CANFLF        ALCFLF        COGPGS        PC1BW
              ________      ________      ________      ________      ________
 DEMMAL             0
 CANFLF             0             0
 ALCFLF             0             0             0
 COGPGS             0             0             0             0
 PC1BW              0             0             0             0             0
 PC2BW              0             0             0             0             0
 PC3BW              0             0             0             0             0
 PC4BW              0             0             0             0             0
 PC5BW              0             0             0             0             0


           THETA
              PC2BW         PC3BW         PC4BW         PC5BW
              ________      ________      ________      ________
 PC2BW              0
 PC3BW              0             0
 PC4BW              0             0             0
 PC5BW              0             0             0             0


           ALPHA
              CANFLFBW      ALCFLFBW      COGPGSBW      WASCOM        DEMAGE
              ________      ________      ________      ________      ________
 1                 24            25            26            27             0


           ALPHA
              DEMMAL        CANFLF        ALCFLF        COGPGS        PC1BW
              ________      ________      ________      ________      ________
 1                  0             0             0             0             0


           ALPHA
              PC2BW         PC3BW         PC4BW         PC5BW
              ________      ________      ________      ________
 1                  0             0             0             0


           BETA
              CANFLFBW      ALCFLFBW      COGPGSBW      WASCOM        DEMAGE
              ________      ________      ________      ________      ________
 CANFLFBW           0             0             0             0             0
 ALCFLFBW           0             0             0             0             0
 COGPGSBW           0             0             0             0             0
 WASCOM            28            29            30             0             0
 DEMAGE             0             0             0             0             0
 DEMMAL             0             0             0             0             0
 CANFLF             0             0             0             0             0
 ALCFLF             0             0             0             0             0
 COGPGS             0             0             0             0             0
 PC1BW              0             0             0             0             0
 PC2BW              0             0             0             0             0
 PC3BW              0             0             0             0             0
 PC4BW              0             0             0             0             0
 PC5BW              0             0             0             0             0


           BETA
              DEMMAL        CANFLF        ALCFLF        COGPGS        PC1BW
              ________      ________      ________      ________      ________
 CANFLFBW           0             0             0             0             0
 ALCFLFBW           0             0             0             0             0
 COGPGSBW           0             0             0             0             0
 WASCOM             0             0             0             0            31
 DEMAGE             0             0             0             0             0
 DEMMAL             0             0             0             0             0
 CANFLF             0             0             0             0             0
 ALCFLF             0             0             0             0             0
 COGPGS             0             0             0             0             0
 PC1BW              0             0             0             0             0
 PC2BW              0             0             0             0             0
 PC3BW              0             0             0             0             0
 PC4BW              0             0             0             0             0
 PC5BW              0             0             0             0             0


           BETA
              PC2BW         PC3BW         PC4BW         PC5BW
              ________      ________      ________      ________
 CANFLFBW           0             0             0             0
 ALCFLFBW           0             0             0             0
 COGPGSBW           0             0             0             0
 WASCOM            32            33            34            35
 DEMAGE             0             0             0             0
 DEMMAL             0             0             0             0
 CANFLF             0             0             0             0
 ALCFLF             0             0             0             0
 COGPGS             0             0             0             0
 PC1BW              0             0             0             0
 PC2BW              0             0             0             0
 PC3BW              0             0             0             0
 PC4BW              0             0             0             0
 PC5BW              0             0             0             0


           PSI
              CANFLFBW      ALCFLFBW      COGPGSBW      WASCOM        DEMAGE
              ________      ________      ________      ________      ________
 CANFLFBW          36
 ALCFLFBW          37            38
 COGPGSBW          39            40            41
 WASCOM             0             0             0            42
 DEMAGE             0             0             0             0             0
 DEMMAL             0             0             0             0             0
 CANFLF             0             0             0             0             0
 ALCFLF             0             0             0             0             0
 COGPGS             0             0             0             0             0
 PC1BW              0             0             0             0             0
 PC2BW              0             0             0             0             0
 PC3BW              0             0             0             0             0
 PC4BW              0             0             0             0             0
 PC5BW              0             0             0             0             0


           PSI
              DEMMAL        CANFLF        ALCFLF        COGPGS        PC1BW
              ________      ________      ________      ________      ________
 DEMMAL             0
 CANFLF             0             0
 ALCFLF             0             0             0
 COGPGS             0             0             0             0
 PC1BW              0             0             0             0             0
 PC2BW              0             0             0             0             0
 PC3BW              0             0             0             0             0
 PC4BW              0             0             0             0             0
 PC5BW              0             0             0             0             0


           PSI
              PC2BW         PC3BW         PC4BW         PC5BW
              ________      ________      ________      ________
 PC2BW              0
 PC3BW              0             0
 PC4BW              0             0             0
 PC5BW              0             0             0             0


     STARTING VALUES FOR WITHIN


           NU
              CANFLFBW      ALCFLFBW      COGPGSBW      WASCOM        DEMAGE
              ________      ________      ________      ________      ________
 1              0.000         0.000         0.000         0.000         0.000


           NU
              DEMMAL        CANFLF        ALCFLF        COGPGS        PC1BW
              ________      ________      ________      ________      ________
 1              0.000         0.000         0.000         0.000         0.000


           NU
              PC2BW         PC3BW         PC4BW         PC5BW
              ________      ________      ________      ________
 1              0.000         0.000         0.000         0.000


           LAMBDA
              CANFLFBW      ALCFLFBW      COGPGSBW      WASCOM        DEMAGE
              ________      ________      ________      ________      ________
 CANFLFBW       1.000         0.000         0.000         0.000         0.000
 ALCFLFBW       0.000         1.000         0.000         0.000         0.000
 COGPGSBW       0.000         0.000         1.000         0.000         0.000
 WASCOM         0.000         0.000         0.000         1.000         0.000
 DEMAGE         0.000         0.000         0.000         0.000         1.000
 DEMMAL         0.000         0.000         0.000         0.000         0.000
 CANFLF         0.000         0.000         0.000         0.000         0.000
 ALCFLF         0.000         0.000         0.000         0.000         0.000
 COGPGS         0.000         0.000         0.000         0.000         0.000
 PC1BW          0.000         0.000         0.000         0.000         0.000
 PC2BW          0.000         0.000         0.000         0.000         0.000
 PC3BW          0.000         0.000         0.000         0.000         0.000
 PC4BW          0.000         0.000         0.000         0.000         0.000
 PC5BW          0.000         0.000         0.000         0.000         0.000


           LAMBDA
              DEMMAL        CANFLF        ALCFLF        COGPGS        PC1BW
              ________      ________      ________      ________      ________
 CANFLFBW       0.000         0.000         0.000         0.000         0.000
 ALCFLFBW       0.000         0.000         0.000         0.000         0.000
 COGPGSBW       0.000         0.000         0.000         0.000         0.000
 WASCOM         0.000         0.000         0.000         0.000         0.000
 DEMAGE         0.000         0.000         0.000         0.000         0.000
 DEMMAL         1.000         0.000         0.000         0.000         0.000
 CANFLF         0.000         1.000         0.000         0.000         0.000
 ALCFLF         0.000         0.000         1.000         0.000         0.000
 COGPGS         0.000         0.000         0.000         1.000         0.000
 PC1BW          0.000         0.000         0.000         0.000         1.000
 PC2BW          0.000         0.000         0.000         0.000         0.000
 PC3BW          0.000         0.000         0.000         0.000         0.000
 PC4BW          0.000         0.000         0.000         0.000         0.000
 PC5BW          0.000         0.000         0.000         0.000         0.000


           LAMBDA
              PC2BW         PC3BW         PC4BW         PC5BW
              ________      ________      ________      ________
 CANFLFBW       0.000         0.000         0.000         0.000
 ALCFLFBW       0.000         0.000         0.000         0.000
 COGPGSBW       0.000         0.000         0.000         0.000
 WASCOM         0.000         0.000         0.000         0.000
 DEMAGE         0.000         0.000         0.000         0.000
 DEMMAL         0.000         0.000         0.000         0.000
 CANFLF         0.000         0.000         0.000         0.000
 ALCFLF         0.000         0.000         0.000         0.000
 COGPGS         0.000         0.000         0.000         0.000
 PC1BW          0.000         0.000         0.000         0.000
 PC2BW          1.000         0.000         0.000         0.000
 PC3BW          0.000         1.000         0.000         0.000
 PC4BW          0.000         0.000         1.000         0.000
 PC5BW          0.000         0.000         0.000         1.000


           THETA
              CANFLFBW      ALCFLFBW      COGPGSBW      WASCOM        DEMAGE
              ________      ________      ________      ________      ________
 CANFLFBW       0.000
 ALCFLFBW       0.000         0.000
 COGPGSBW       0.000         0.000         0.000
 WASCOM         0.000         0.000         0.000         0.000
 DEMAGE         0.000         0.000         0.000         0.000         0.000
 DEMMAL         0.000         0.000         0.000         0.000         0.000
 CANFLF         0.000         0.000         0.000         0.000         0.000
 ALCFLF         0.000         0.000         0.000         0.000         0.000
 COGPGS         0.000         0.000         0.000         0.000         0.000
 PC1BW          0.000         0.000         0.000         0.000         0.000
 PC2BW          0.000         0.000         0.000         0.000         0.000
 PC3BW          0.000         0.000         0.000         0.000         0.000
 PC4BW          0.000         0.000         0.000         0.000         0.000
 PC5BW          0.000         0.000         0.000         0.000         0.000


           THETA
              DEMMAL        CANFLF        ALCFLF        COGPGS        PC1BW
              ________      ________      ________      ________      ________
 DEMMAL         0.000
 CANFLF         0.000         0.000
 ALCFLF         0.000         0.000         0.000
 COGPGS         0.000         0.000         0.000         0.000
 PC1BW          0.000         0.000         0.000         0.000         0.000
 PC2BW          0.000         0.000         0.000         0.000         0.000
 PC3BW          0.000         0.000         0.000         0.000         0.000
 PC4BW          0.000         0.000         0.000         0.000         0.000
 PC5BW          0.000         0.000         0.000         0.000         0.000


           THETA
              PC2BW         PC3BW         PC4BW         PC5BW
              ________      ________      ________      ________
 PC2BW          0.000
 PC3BW          0.000         0.000
 PC4BW          0.000         0.000         0.000
 PC5BW          0.000         0.000         0.000         0.000


           ALPHA
              CANFLFBW      ALCFLFBW      COGPGSBW      WASCOM        DEMAGE
              ________      ________      ________      ________      ________
 1              0.000         0.000         0.000         0.000         0.000


           ALPHA
              DEMMAL        CANFLF        ALCFLF        COGPGS        PC1BW
              ________      ________      ________      ________      ________
 1              0.000         0.000         0.000         0.000         0.000


           ALPHA
              PC2BW         PC3BW         PC4BW         PC5BW
              ________      ________      ________      ________
 1              0.000         0.000         0.000         0.000


           BETA
              CANFLFBW      ALCFLFBW      COGPGSBW      WASCOM        DEMAGE
              ________      ________      ________      ________      ________
 CANFLFBW       0.000         0.000         0.000         0.000         0.000
 ALCFLFBW       0.000         0.000         0.000         0.000         0.000
 COGPGSBW       0.000         0.000         0.000         0.000         0.000
 WASCOM         0.000         0.000         0.000         0.000         0.000
 DEMAGE         0.000         0.000         0.000         0.000         0.000
 DEMMAL         0.000         0.000         0.000         0.000         0.000
 CANFLF         0.000         0.000         0.000         0.000         0.000
 ALCFLF         0.000         0.000         0.000         0.000         0.000
 COGPGS         0.000         0.000         0.000         0.000         0.000
 PC1BW          0.000         0.000         0.000         0.000         0.000
 PC2BW          0.000         0.000         0.000         0.000         0.000
 PC3BW          0.000         0.000         0.000         0.000         0.000
 PC4BW          0.000         0.000         0.000         0.000         0.000
 PC5BW          0.000         0.000         0.000         0.000         0.000


           BETA
              DEMMAL        CANFLF        ALCFLF        COGPGS        PC1BW
              ________      ________      ________      ________      ________
 CANFLFBW       0.000         0.000         0.000         0.000         0.000
 ALCFLFBW       0.000         0.000         0.000         0.000         0.000
 COGPGSBW       0.000         0.000         0.000         0.000         0.000
 WASCOM         0.000         0.000         0.000         0.000         0.000
 DEMAGE         0.000         0.000         0.000         0.000         0.000
 DEMMAL         0.000         0.000         0.000         0.000         0.000
 CANFLF         0.000         0.000         0.000         0.000         0.000
 ALCFLF         0.000         0.000         0.000         0.000         0.000
 COGPGS         0.000         0.000         0.000         0.000         0.000
 PC1BW          0.000         0.000         0.000         0.000         0.000
 PC2BW          0.000         0.000         0.000         0.000         0.000
 PC3BW          0.000         0.000         0.000         0.000         0.000
 PC4BW          0.000         0.000         0.000         0.000         0.000
 PC5BW          0.000         0.000         0.000         0.000         0.000


           BETA
              PC2BW         PC3BW         PC4BW         PC5BW
              ________      ________      ________      ________
 CANFLFBW       0.000         0.000         0.000         0.000
 ALCFLFBW       0.000         0.000         0.000         0.000
 COGPGSBW       0.000         0.000         0.000         0.000
 WASCOM         0.000         0.000         0.000         0.000
 DEMAGE         0.000         0.000         0.000         0.000
 DEMMAL         0.000         0.000         0.000         0.000
 CANFLF         0.000         0.000         0.000         0.000
 ALCFLF         0.000         0.000         0.000         0.000
 COGPGS         0.000         0.000         0.000         0.000
 PC1BW          0.000         0.000         0.000         0.000
 PC2BW          0.000         0.000         0.000         0.000
 PC3BW          0.000         0.000         0.000         0.000
 PC4BW          0.000         0.000         0.000         0.000
 PC5BW          0.000         0.000         0.000         0.000


           PSI
              CANFLFBW      ALCFLFBW      COGPGSBW      WASCOM        DEMAGE
              ________      ________      ________      ________      ________
 CANFLFBW       0.000
 ALCFLFBW       0.000         0.000
 COGPGSBW       0.000         0.000         0.000
 WASCOM         0.000         0.000         0.000         0.442
 DEMAGE         0.000         0.000         0.000         0.000         3.199
 DEMMAL         0.000         0.000         0.000         0.000         0.000
 CANFLF         0.000         0.000         0.000         0.000         0.000
 ALCFLF         0.000         0.000         0.000         0.000         0.000
 COGPGS         0.000         0.000         0.000         0.000         0.000
 PC1BW          0.000         0.000         0.000         0.000         0.000
 PC2BW          0.000         0.000         0.000         0.000         0.000
 PC3BW          0.000         0.000         0.000         0.000         0.000
 PC4BW          0.000         0.000         0.000         0.000         0.000
 PC5BW          0.000         0.000         0.000         0.000         0.000


           PSI
              DEMMAL        CANFLF        ALCFLF        COGPGS        PC1BW
              ________      ________      ________      ________      ________
 DEMMAL         0.117
 CANFLF         0.000       137.569
 ALCFLF         0.000         0.000       105.022
 COGPGS         0.000         0.000         0.000         0.009
 PC1BW          0.000         0.000         0.000         0.000         0.000
 PC2BW          0.000         0.000         0.000         0.000         0.000
 PC3BW          0.000         0.000         0.000         0.000         0.000
 PC4BW          0.000         0.000         0.000         0.000         0.000
 PC5BW          0.000         0.000         0.000         0.000         0.000


           PSI
              PC2BW         PC3BW         PC4BW         PC5BW
              ________      ________      ________      ________
 PC2BW          0.000
 PC3BW          0.000         0.000
 PC4BW          0.000         0.000         0.000
 PC5BW          0.000         0.000         0.000         0.000


     STARTING VALUES FOR BETWEEN


           NU
              CANFLFBW      ALCFLFBW      COGPGSBW      WASCOM        DEMAGE
              ________      ________      ________      ________      ________
 1              0.000         0.000         0.000         0.000         0.000


           NU
              DEMMAL        CANFLF        ALCFLF        COGPGS        PC1BW
              ________      ________      ________      ________      ________
 1              0.000         0.000         0.000         0.000         0.000


           NU
              PC2BW         PC3BW         PC4BW         PC5BW
              ________      ________      ________      ________
 1              0.000         0.000         0.000         0.000


           LAMBDA
              CANFLFBW      ALCFLFBW      COGPGSBW      WASCOM        DEMAGE
              ________      ________      ________      ________      ________
 CANFLFBW       1.000         0.000         0.000         0.000         0.000
 ALCFLFBW       0.000         1.000         0.000         0.000         0.000
 COGPGSBW       0.000         0.000         1.000         0.000         0.000
 WASCOM         0.000         0.000         0.000         1.000         0.000
 DEMAGE         0.000         0.000         0.000         0.000         1.000
 DEMMAL         0.000         0.000         0.000         0.000         0.000
 CANFLF         0.000         0.000         0.000         0.000         0.000
 ALCFLF         0.000         0.000         0.000         0.000         0.000
 COGPGS         0.000         0.000         0.000         0.000         0.000
 PC1BW          0.000         0.000         0.000         0.000         0.000
 PC2BW          0.000         0.000         0.000         0.000         0.000
 PC3BW          0.000         0.000         0.000         0.000         0.000
 PC4BW          0.000         0.000         0.000         0.000         0.000
 PC5BW          0.000         0.000         0.000         0.000         0.000


           LAMBDA
              DEMMAL        CANFLF        ALCFLF        COGPGS        PC1BW
              ________      ________      ________      ________      ________
 CANFLFBW       0.000         0.000         0.000         0.000         0.000
 ALCFLFBW       0.000         0.000         0.000         0.000         0.000
 COGPGSBW       0.000         0.000         0.000         0.000         0.000
 WASCOM         0.000         0.000         0.000         0.000         0.000
 DEMAGE         0.000         0.000         0.000         0.000         0.000
 DEMMAL         1.000         0.000         0.000         0.000         0.000
 CANFLF         0.000         1.000         0.000         0.000         0.000
 ALCFLF         0.000         0.000         1.000         0.000         0.000
 COGPGS         0.000         0.000         0.000         1.000         0.000
 PC1BW          0.000         0.000         0.000         0.000         1.000
 PC2BW          0.000         0.000         0.000         0.000         0.000
 PC3BW          0.000         0.000         0.000         0.000         0.000
 PC4BW          0.000         0.000         0.000         0.000         0.000
 PC5BW          0.000         0.000         0.000         0.000         0.000


           LAMBDA
              PC2BW         PC3BW         PC4BW         PC5BW
              ________      ________      ________      ________
 CANFLFBW       0.000         0.000         0.000         0.000
 ALCFLFBW       0.000         0.000         0.000         0.000
 COGPGSBW       0.000         0.000         0.000         0.000
 WASCOM         0.000         0.000         0.000         0.000
 DEMAGE         0.000         0.000         0.000         0.000
 DEMMAL         0.000         0.000         0.000         0.000
 CANFLF         0.000         0.000         0.000         0.000
 ALCFLF         0.000         0.000         0.000         0.000
 COGPGS         0.000         0.000         0.000         0.000
 PC1BW          0.000         0.000         0.000         0.000
 PC2BW          1.000         0.000         0.000         0.000
 PC3BW          0.000         1.000         0.000         0.000
 PC4BW          0.000         0.000         1.000         0.000
 PC5BW          0.000         0.000         0.000         1.000


           THETA
              CANFLFBW      ALCFLFBW      COGPGSBW      WASCOM        DEMAGE
              ________      ________      ________      ________      ________
 CANFLFBW       0.000
 ALCFLFBW       0.000         0.000
 COGPGSBW       0.000         0.000         0.000
 WASCOM         0.000         0.000         0.000         0.000
 DEMAGE         0.000         0.000         0.000         0.000         0.000
 DEMMAL         0.000         0.000         0.000         0.000         0.000
 CANFLF         0.000         0.000         0.000         0.000         0.000
 ALCFLF         0.000         0.000         0.000         0.000         0.000
 COGPGS         0.000         0.000         0.000         0.000         0.000
 PC1BW          0.000         0.000         0.000         0.000         0.000
 PC2BW          0.000         0.000         0.000         0.000         0.000
 PC3BW          0.000         0.000         0.000         0.000         0.000
 PC4BW          0.000         0.000         0.000         0.000         0.000
 PC5BW          0.000         0.000         0.000         0.000         0.000


           THETA
              DEMMAL        CANFLF        ALCFLF        COGPGS        PC1BW
              ________      ________      ________      ________      ________
 DEMMAL         0.000
 CANFLF         0.000         0.000
 ALCFLF         0.000         0.000         0.000
 COGPGS         0.000         0.000         0.000         0.000
 PC1BW          0.000         0.000         0.000         0.000         0.000
 PC2BW          0.000         0.000         0.000         0.000         0.000
 PC3BW          0.000         0.000         0.000         0.000         0.000
 PC4BW          0.000         0.000         0.000         0.000         0.000
 PC5BW          0.000         0.000         0.000         0.000         0.000


           THETA
              PC2BW         PC3BW         PC4BW         PC5BW
              ________      ________      ________      ________
 PC2BW          0.000
 PC3BW          0.000         0.000
 PC4BW          0.000         0.000         0.000
 PC5BW          0.000         0.000         0.000         0.000


           ALPHA
              CANFLFBW      ALCFLFBW      COGPGSBW      WASCOM        DEMAGE
              ________      ________      ________      ________      ________
 1              0.000         0.000         0.000         0.000         0.000


           ALPHA
              DEMMAL        CANFLF        ALCFLF        COGPGS        PC1BW
              ________      ________      ________      ________      ________
 1              0.000         0.000         0.000         0.000         0.000


           ALPHA
              PC2BW         PC3BW         PC4BW         PC5BW
              ________      ________      ________      ________
 1              0.000         0.000         0.000         0.000


           BETA
              CANFLFBW      ALCFLFBW      COGPGSBW      WASCOM        DEMAGE
              ________      ________      ________      ________      ________
 CANFLFBW       0.000         0.000         0.000         0.000         0.000
 ALCFLFBW       0.000         0.000         0.000         0.000         0.000
 COGPGSBW       0.000         0.000         0.000         0.000         0.000
 WASCOM         0.000         0.000         0.000         0.000         0.000
 DEMAGE         0.000         0.000         0.000         0.000         0.000
 DEMMAL         0.000         0.000         0.000         0.000         0.000
 CANFLF         0.000         0.000         0.000         0.000         0.000
 ALCFLF         0.000         0.000         0.000         0.000         0.000
 COGPGS         0.000         0.000         0.000         0.000         0.000
 PC1BW          0.000         0.000         0.000         0.000         0.000
 PC2BW          0.000         0.000         0.000         0.000         0.000
 PC3BW          0.000         0.000         0.000         0.000         0.000
 PC4BW          0.000         0.000         0.000         0.000         0.000
 PC5BW          0.000         0.000         0.000         0.000         0.000


           BETA
              DEMMAL        CANFLF        ALCFLF        COGPGS        PC1BW
              ________      ________      ________      ________      ________
 CANFLFBW       0.000         0.000         0.000         0.000         0.000
 ALCFLFBW       0.000         0.000         0.000         0.000         0.000
 COGPGSBW       0.000         0.000         0.000         0.000         0.000
 WASCOM         0.000         0.000         0.000         0.000         0.000
 DEMAGE         0.000         0.000         0.000         0.000         0.000
 DEMMAL         0.000         0.000         0.000         0.000         0.000
 CANFLF         0.000         0.000         0.000         0.000         0.000
 ALCFLF         0.000         0.000         0.000         0.000         0.000
 COGPGS         0.000         0.000         0.000         0.000         0.000
 PC1BW          0.000         0.000         0.000         0.000         0.000
 PC2BW          0.000         0.000         0.000         0.000         0.000
 PC3BW          0.000         0.000         0.000         0.000         0.000
 PC4BW          0.000         0.000         0.000         0.000         0.000
 PC5BW          0.000         0.000         0.000         0.000         0.000


           BETA
              PC2BW         PC3BW         PC4BW         PC5BW
              ________      ________      ________      ________
 CANFLFBW       0.000         0.000         0.000         0.000
 ALCFLFBW       0.000         0.000         0.000         0.000
 COGPGSBW       0.000         0.000         0.000         0.000
 WASCOM         0.000         0.000         0.000         0.000
 DEMAGE         0.000         0.000         0.000         0.000
 DEMMAL         0.000         0.000         0.000         0.000
 CANFLF         0.000         0.000         0.000         0.000
 ALCFLF         0.000         0.000         0.000         0.000
 COGPGS         0.000         0.000         0.000         0.000
 PC1BW          0.000         0.000         0.000         0.000
 PC2BW          0.000         0.000         0.000         0.000
 PC3BW          0.000         0.000         0.000         0.000
 PC4BW          0.000         0.000         0.000         0.000
 PC5BW          0.000         0.000         0.000         0.000


           PSI
              CANFLFBW      ALCFLFBW      COGPGSBW      WASCOM        DEMAGE
              ________      ________      ________      ________      ________
 CANFLFBW     203.910
 ALCFLFBW       0.000       185.965
 COGPGSBW       0.000         0.000         0.057
 WASCOM         0.000         0.000         0.000         0.442
 DEMAGE         0.000         0.000         0.000         0.000         0.000
 DEMMAL         0.000         0.000         0.000         0.000         0.000
 CANFLF         0.000         0.000         0.000         0.000         0.000
 ALCFLF         0.000         0.000         0.000         0.000         0.000
 COGPGS         0.000         0.000         0.000         0.000         0.000
 PC1BW          0.000         0.000         0.000         0.000         0.000
 PC2BW          0.000         0.000         0.000         0.000         0.000
 PC3BW          0.000         0.000         0.000         0.000         0.000
 PC4BW          0.000         0.000         0.000         0.000         0.000
 PC5BW          0.000         0.000         0.000         0.000         0.000


           PSI
              DEMMAL        CANFLF        ALCFLF        COGPGS        PC1BW
              ________      ________      ________      ________      ________
 DEMMAL         0.000
 CANFLF         0.000         0.000
 ALCFLF         0.000         0.000         0.000
 COGPGS         0.000         0.000         0.000         0.000
 PC1BW          0.000         0.000         0.000         0.000         0.001
 PC2BW          0.000         0.000         0.000         0.000         0.000
 PC3BW          0.000         0.000         0.000         0.000         0.000
 PC4BW          0.000         0.000         0.000         0.000         0.000
 PC5BW          0.000         0.000         0.000         0.000         0.000


           PSI
              PC2BW         PC3BW         PC4BW         PC5BW
              ________      ________      ________      ________
 PC2BW          0.001
 PC3BW          0.000         0.000
 PC4BW          0.000         0.000         0.001
 PC5BW          0.000         0.000         0.000         0.001


SAMPLE STATISTICS FOR ESTIMATED FACTOR SCORES


     SAMPLE STATISTICS


           Means
              B_WASCOM
              ________
 1              0.000


           Covariances
              B_WASCOM
              ________
 B_WASCOM       0.318


           Correlations
              B_WASCOM
              ________
 B_WASCOM       1.000


PLOT INFORMATION

The following plots are available:

  Histograms (sample values)
  Scatterplots (sample values)

     Beginning Time:  13:10:21
        Ending Time:  13:10:22
       Elapsed Time:  00:00:01



MUTHEN & MUTHEN
3463 Stoner Ave.
Los Angeles, CA  90066

Tel: (310) 391-9971
Fax: (310) 391-8971
Web: www.StatModel.com
Support: Support@StatModel.com

Copyright (c) 1998-2015 Muthen & Muthen
