Mplus VERSION 7.4 (Mac)
MUTHEN & MUTHEN
07/30/2019   1:09 PM

INPUT INSTRUCTIONS


  TITLE: CANFLF_CVLCOM_2;

  DATA:
  	FILE = GD190618.csv;

  VARIABLE:
  	NAMES =
  			ID_Fam   Wave     ID_MPL
  			DEMMAL   DEMAGE   DEMHSP   DEMRAC
  			SRPWCR
  			WASVCB   WASBLK   WASDGT   WSISUM
  			TRLATS   TRLBTS
  			CVLASF   CVLASC   CVLALF   CVLALC
  			WASCOM   COGCOM   CVLCOM
  			CANEVR   CANONS   CANFLF
  			CANFTY   CANF6M   CANAC6
  			CANYRS
  			ALCEVR   ALCONS   ALCFLF
  			ALCFTY   ALCF6M   ALCAC6
  			ALCYRS
  			SRPWCRDt WASVCBDt WASBLKDt
  			WASDGTDt WSISUMDt TRLATSDt
  			TRLBTSDt CVLASFDt CVLASCDt
  			CVLALFDt CVLALCDt WASCOMDt
  			COGCOMDt CVLCOMDt
  			COGPGS
  			PC1 PC2 PC3 PC4 PC5 PC6
  		;
  	USEVARIABLES =
  		! outcome
    			CVLCOM
    		! covariates
    			DEMAGE
    			DEMMAL  			
    		! within predictor
    			CANFLF
    			ALCFLF
    			COGPGS
    		! between predictor
    			CANFLFBW
    			ALCFLFBW
    			COGPGSBW
    			PC1BW
    			PC2BW
    			PC3BW
    			PC4BW
    			PC5BW
    		;
    	USEOBSERVATION =
    			(Wave EQ 2 AND CVLCOMDt EQ 1)
    		;
    	CLUSTER =
    			ID_Fam
    		;
    	MISSING = .;
    	BETWEEN =   		
    			CANFLFBW
    			ALCFLFBW
    			COGPGSBW
    			PC1BW
    			PC2BW
    			PC3BW
    			PC4BW
    			PC5BW 			
    		;
    	WITHIN  		
    			CANFLF
    			ALCFLF
    			COGPGS
    			DEMAGE
    			DEMMAL
    		;  		

  DEFINE:
  	! CREATE BW FAM PREDICTOR
  		CANFLFBW = cluster_mean (CANFLF);
  		ALCFLFBW = cluster_mean (ALCFLF);
  		COGPGSBW = cluster_mean (COGPGS);
  		PC1BW = cluster_mean (PC1);
  		PC2BW = cluster_mean (PC2);
  		PC3BW = cluster_mean (PC3);
  		PC4BW = cluster_mean (PC4);
  		PC5BW = cluster_mean (PC5);
  	! CENTER WI FAM VARIABLES
  		CENTER CANFLF (GROUPMEAN);
  		CENTER ALCFLF (GROUPMEAN);
  		CENTER COGPGS (GROUPMEAN);
  		CENTER DEMMAL (GRANDMEAN);
  		CENTER DEMAGE (GRANDMEAN);
  	! CENTER BW FAM VARIABLES
  		CENTER CANFLFBW (GRANDMEAN);
  		CENTER ALCFLFBW (GRANDMEAN);
  		CENTER COGPGSBW (GRANDMEAN);
  		CENTER PC1BW (GRANDMEAN);
  		CENTER PC2BW (GRANDMEAN);
  		CENTER PC3BW (GRANDMEAN);
  		CENTER PC4BW (GRANDMEAN);
  		CENTER PC5BW (GRANDMEAN);
  ANALYSIS:
          ITERATIONS = 1000000;
          TYPE = TWOLEVEL RANDOM;
          ALGORITHM = INTEGRATION;

  OUTPUT:
  	SAMPSTAT STDYX TECH1 CINT;

  MODEL:
  %WITHIN%
  	CVLCOM on CANFLF;
  	CVLCOM on  DEMMAL DEMAGE COGPGS ALCFLF;
  	COGPGS*;
  	ALCFLF*;
  	CVLCOM*;
  	CANFLF WITH DEMMAL*;
  	CANFLF WITH DEMAGE*;
  	CANFLF WITH COGPGS*;

  	CANFLF WITH ALCFLF*;
  	
  	ALCFLF WITH DEMMAL*;
  	ALCFLF WITH DEMAGE*;
  	ALCFLF WITH COGPGS*;

  %BETWEEN%
  	CVLCOM on CANFLFBW COGPGSBW ALCFLFBW
  			    PC1BW PC2BW PC3BW PC4BW PC5BW;
  	COGPGSBW*;
  	ALCFLFBW;
  	CVLCOM*;
  	CANFLFBW WITH COGPGSBW*;
  	CANFLFBW WITH ALCFLFBW*;
  	ALCFLFBW WITH COGPGSBW*;


  PLOT:
  	TYPE = plot3;



*** WARNING
  Data set contains cases with missing on x-variables.
  These cases were not included in the analysis.
  Number of cases with missing on x-variables:  45
   1 WARNING(S) FOUND IN THE INPUT INSTRUCTIONS



CANFLF_CVLCOM_2;

SUMMARY OF ANALYSIS

Number of groups                                                 1
Number of observations                                         379

Number of dependent variables                                    1
Number of independent variables                                 13
Number of continuous latent variables                            0

Observed dependent variables

  Continuous
   CVLCOM

Observed independent variables
   DEMAGE      DEMMAL      CANFLF      ALCFLF      COGPGS      CANFLFBW
   ALCFLFBW    COGPGSBW    PC1BW       PC2BW       PC3BW       PC4BW
   PC5BW

Variables with special functions

  Cluster variable      ID_FAM

  Within variables
   DEMAGE      DEMMAL      CANFLF      ALCFLF      COGPGS

  Between variables
   CANFLFBW    ALCFLFBW    COGPGSBW    PC1BW       PC2BW       PC3BW
   PC4BW       PC5BW

  Centering (GRANDMEAN)
   DEMMAL      DEMAGE      CANFLFBW
   ALCFLFBW    COGPGSBW    PC1BW       PC2BW       PC3BW       PC4BW
   PC5BW

  Centering (GROUPMEAN)
   CANFLF      ALCFLF      COGPGS


Estimator                                                      MLR
Information matrix                                        OBSERVED
Optimization Specifications for the Quasi-Newton Algorithm for
Continuous Outcomes
  Maximum number of iterations                             1000000
  Convergence criterion                                  0.100D-05
Optimization Specifications for the EM Algorithm
  Maximum number of iterations                                 500
  Convergence criteria
    Loglikelihood change                                 0.100D-02
    Relative loglikelihood change                        0.100D-05
    Derivative                                           0.100D-02
Optimization Specifications for the M step of the EM Algorithm for
Categorical Latent variables
  Number of M step iterations                                    1
  M step convergence criterion                           0.100D-02
  Basis for M step termination                           ITERATION
Optimization Specifications for the M step of the EM Algorithm for
Censored, Binary or Ordered Categorical (Ordinal), Unordered
Categorical (Nominal) and Count Outcomes
  Number of M step iterations                                    1
  M step convergence criterion                           0.100D-02
  Basis for M step termination                           ITERATION
  Maximum value for logit thresholds                            15
  Minimum value for logit thresholds                           -15
  Minimum expected cell size for chi-square              0.100D-01
Maximum number of iterations for H1                           2000
Convergence criterion for H1                             0.100D-03
Optimization algorithm                                         EMA
Integration Specifications
  Type                                                    STANDARD
  Number of integration points                                  15
  Dimensions of numerical integration                            0
  Adaptive quadrature                                           ON
Cholesky                                                       OFF

Input data file(s)
  GD190618.csv
Input data format  FREE


SUMMARY OF DATA

     Number of missing data patterns             5
     Number of clusters                        193



COVARIANCE COVERAGE OF DATA

Minimum covariance coverage value   0.100


     PROPORTION OF DATA PRESENT FOR Y


           Covariance Coverage
              CANFLFBW      ALCFLFBW      COGPGSBW      CVLCOM        DEMAGE
              ________      ________      ________      ________      ________
 CANFLFBW       1.000
 ALCFLFBW       1.000         1.000
 COGPGSBW       1.000         1.000         1.000
 CVLCOM         0.839         0.839         0.839         0.839
 DEMAGE         0.997         0.997         0.997         0.839         0.997
 DEMMAL         0.997         0.997         0.997         0.839         0.997
 CANFLF         1.000         1.000         1.000         0.839         0.997
 ALCFLF         1.000         1.000         1.000         0.839         0.997
 COGPGS         0.755         0.755         0.755         0.641         0.755
 PC1BW          1.000         1.000         1.000         0.839         0.997
 PC2BW          1.000         1.000         1.000         0.839         0.997
 PC3BW          1.000         1.000         1.000         0.839         0.997
 PC4BW          1.000         1.000         1.000         0.839         0.997
 PC5BW          1.000         1.000         1.000         0.839         0.997


           Covariance Coverage
              DEMMAL        CANFLF        ALCFLF        COGPGS        PC1BW
              ________      ________      ________      ________      ________
 DEMMAL         0.997
 CANFLF         0.997         1.000
 ALCFLF         0.997         1.000         1.000
 COGPGS         0.755         0.755         0.755         0.755
 PC1BW          0.997         1.000         1.000         0.755         1.000
 PC2BW          0.997         1.000         1.000         0.755         1.000
 PC3BW          0.997         1.000         1.000         0.755         1.000
 PC4BW          0.997         1.000         1.000         0.755         1.000
 PC5BW          0.997         1.000         1.000         0.755         1.000


           Covariance Coverage
              PC2BW         PC3BW         PC4BW         PC5BW
              ________      ________      ________      ________
 PC2BW          1.000
 PC3BW          1.000         1.000
 PC4BW          1.000         1.000         1.000
 PC5BW          1.000         1.000         1.000         1.000


SAMPLE STATISTICS


     ESTIMATED SAMPLE STATISTICS


           Means
              CANFLFBW      ALCFLFBW      COGPGSBW      CVLCOM        DEMAGE
              ________      ________      ________      ________      ________
 1              0.000         0.000         0.000         0.016        -0.002


           Means
              DEMMAL        CANFLF        ALCFLF        COGPGS        PC1BW
              ________      ________      ________      ________      ________
 1              0.000         0.000         0.000        -0.001         0.000


           Means
              PC2BW         PC3BW         PC4BW         PC5BW
              ________      ________      ________      ________
 1              0.000         0.000         0.000         0.000


           Covariances
              CANFLFBW      ALCFLFBW      COGPGSBW      CVLCOM        DEMAGE
              ________      ________      ________      ________      ________
 CANFLFBW     264.685
 ALCFLFBW      52.176        82.738
 COGPGSBW      -0.245         0.027         0.111
 CVLCOM         0.383         1.002        -0.009         0.881
 DEMAGE         0.563         2.644         0.013        -0.166         7.883
 DEMMAL         1.597         0.676         0.013         0.027        -0.208
 CANFLF         0.000         0.000         0.000        -0.197        -7.996
 ALCFLF         0.000         0.000         0.000         0.113        -3.003
 COGPGS         0.018        -0.006         0.000         0.008        -0.013
 PC1BW         -0.037        -0.049        -0.004        -0.002         0.011
 PC2BW         -0.127        -0.031         0.000        -0.006        -0.007
 PC3BW         -0.022        -0.013        -0.001        -0.001        -0.001
 PC4BW          0.030         0.020         0.002         0.001         0.005
 PC5BW          0.110        -0.032         0.000         0.002         0.006


           Covariances
              DEMMAL        CANFLF        ALCFLF        COGPGS        PC1BW
              ________      ________      ________      ________      ________
 DEMMAL         0.249
 CANFLF         1.391       198.448
 ALCFLF         0.741        50.589        93.668
 COGPGS         0.004         0.128        -0.039         0.018
 PC1BW         -0.002         0.000         0.000         0.000         0.001
 PC2BW         -0.001         0.000         0.000         0.000         0.000
 PC3BW         -0.001         0.000         0.000         0.000         0.000
 PC4BW          0.001         0.000         0.000         0.000         0.000
 PC5BW          0.000         0.000         0.000         0.000         0.000


           Covariances
              PC2BW         PC3BW         PC4BW         PC5BW
              ________      ________      ________      ________
 PC2BW          0.002
 PC3BW          0.000         0.000
 PC4BW          0.000        -0.001         0.002
 PC5BW          0.000         0.000         0.000         0.002


           Correlations
              CANFLFBW      ALCFLFBW      COGPGSBW      CVLCOM        DEMAGE
              ________      ________      ________      ________      ________
 CANFLFBW       1.000
 ALCFLFBW       0.353         1.000
 COGPGSBW      -0.045         0.009         1.000
 CVLCOM         0.025         0.117        -0.027         1.000
 DEMAGE         0.012         0.104         0.013        -0.063         1.000
 DEMMAL         0.197         0.149         0.077         0.058        -0.149
 CANFLF         0.000         0.000         0.000        -0.015        -0.202
 ALCFLF         0.000         0.000         0.000         0.012        -0.111
 COGPGS         0.008        -0.005        -0.005         0.060        -0.034
 PC1BW         -0.060        -0.143        -0.298        -0.057         0.109
 PC2BW         -0.193        -0.085        -0.006        -0.165        -0.066
 PC3BW         -0.073        -0.080        -0.141        -0.056        -0.028
 PC4BW          0.043         0.051         0.147         0.014         0.041
 PC5BW          0.137        -0.071        -0.029         0.034         0.045


           Correlations
              DEMMAL        CANFLF        ALCFLF        COGPGS        PC1BW
              ________      ________      ________      ________      ________
 DEMMAL         1.000
 CANFLF         0.198         1.000
 ALCFLF         0.154         0.371         1.000
 COGPGS         0.064         0.067        -0.030         1.000
 PC1BW         -0.098         0.000         0.000         0.000         1.000
 PC2BW         -0.035         0.000         0.000        -0.002        -0.108
 PC3BW         -0.076         0.000         0.000         0.002         0.047
 PC4BW          0.058         0.000         0.000        -0.003         0.014
 PC5BW          0.016         0.000         0.000         0.000        -0.126


           Correlations
              PC2BW         PC3BW         PC4BW         PC5BW
              ________      ________      ________      ________
 PC2BW          1.000
 PC3BW          0.138         1.000
 PC4BW          0.003        -0.969         1.000
 PC5BW          0.043         0.001         0.036         1.000


     MAXIMUM LOG-LIKELIHOOD VALUE FOR THE UNRESTRICTED (H1) MODEL IS -3059.923


UNIVARIATE SAMPLE STATISTICS


     UNIVARIATE HIGHER-ORDER MOMENT DESCRIPTIVE STATISTICS

         Variable/         Mean/     Skewness/   Minimum/ % with                Percentiles
        Sample Size      Variance    Kurtosis    Maximum  Min/Max      20%/60%    40%/80%    Median

     CANFLFBW              0.706      -1.161     -48.156    0.52%     -17.406     11.844     11.844
             193.000     254.938       0.230      11.844   62.18%      11.844     11.844
     ALCFLFBW              0.310      -2.068     -40.550    0.52%      -5.550      4.450      4.450
             193.000      78.262       3.496       4.450   79.79%       4.450      4.450
     COGPGSBW              0.007       0.062      -0.971    0.52%      -0.281     -0.090     -0.006
             193.000       0.112      -0.017       0.900    0.52%       0.058      0.299
     CVLCOM                0.016      -0.524      -3.928    0.31%      -0.699     -0.120      0.059
             318.000       0.884       0.346       1.964    0.63%       0.343      0.809
     DEMAGE                0.000       1.020      -5.431    0.26%      -2.361     -0.961     -0.256
             378.000       7.883       2.777      15.739    0.26%       0.349      2.139
     DEMMAL                0.000      -0.127      -0.532   46.83%      -0.532     -0.532      0.468
             378.000       0.249      -1.984       0.468   53.17%       0.468      0.468
     CANFLF                0.000       0.033     -40.000    0.26%       0.000      0.000      0.000
             379.000     198.448       0.868      38.667    0.53%       0.000      0.000
     ALCFLF                0.000      -0.085     -35.000    0.26%       0.000      0.000      0.000
             379.000      93.668       3.247      36.167    0.26%       0.000      0.000
     COGPGS                0.000       0.035      -0.482    0.35%      -0.076      0.000      0.000
             286.000       0.018       1.996       0.482    0.35%       0.000      0.072
     PC1BW                 0.000       2.440      -0.023    0.52%      -0.021     -0.016     -0.012
             193.000       0.001       4.619       0.133    0.52%      -0.010     -0.004
     PC2BW                -0.001       0.617      -0.044    0.52%      -0.041     -0.027     -0.013
             193.000       0.002      -0.803       0.121    0.52%       0.005      0.041
     PC3BW                 0.000      -4.137      -0.117    0.52%      -0.003      0.001      0.003
             193.000       0.000      21.256       0.033    0.52%       0.004      0.008
     PC4BW                -0.001       4.674      -0.097    0.52%      -0.014     -0.010     -0.008
             193.000       0.001      24.872       0.282    0.52%      -0.007     -0.003
     PC5BW                 0.002     -12.543      -0.541    0.52%       0.002      0.004      0.004
             193.000       0.002     165.580       0.054    0.52%       0.005      0.007

     THE STANDARD ERRORS OF THE MODEL PARAMETER ESTIMATES MAY NOT BE
     TRUSTWORTHY FOR SOME PARAMETERS DUE TO A NON-POSITIVE DEFINITE
     FIRST-ORDER DERIVATIVE PRODUCT MATRIX.  THIS MAY BE DUE TO THE STARTING
     VALUES BUT MAY ALSO BE AN INDICATION OF MODEL NONIDENTIFICATION.  THE
     CONDITION NUMBER IS      -0.265D-17.  PROBLEM INVOLVING THE FOLLOWING PARAMETER:
     Parameter 4, %WITHIN%: [ ALCFLF ]


THE MODEL ESTIMATION TERMINATED NORMALLY



MODEL FIT INFORMATION

Number of Free Parameters                       42

Loglikelihood

          H0 Value                       -5901.251
          H0 Scaling Correction Factor      1.3181
            for MLR

Information Criteria

          Akaike (AIC)                   11886.503
          Bayesian (BIC)                 12051.879
          Sample-Size Adjusted BIC       11918.622
            (n* = (n + 2) / 24)



MODEL RESULTS

                                                    Two-Tailed
                    Estimate       S.E.  Est./S.E.    P-Value

Within Level

 CVLCOM     ON
    CANFLF            -0.003      0.004     -0.666      0.506
    DEMMAL             0.063      0.112      0.560      0.576
    DEMAGE            -0.024      0.020     -1.195      0.232
    COGPGS             0.413      0.405      1.020      0.308
    ALCFLF             0.002      0.005      0.335      0.738

 CANFLF   WITH
    DEMMAL             1.191      0.360      3.310      0.001
    DEMAGE            -6.966      2.103     -3.312      0.001
    COGPGS             0.100      0.166      0.603      0.547
    ALCFLF            49.776     13.849      3.594      0.000

 ALCFLF   WITH
    DEMMAL             0.686      0.263      2.604      0.009
    DEMAGE            -2.451      1.247     -1.965      0.049
    COGPGS            -0.051      0.124     -0.415      0.678

 Means
    DEMAGE             0.000      0.158      0.000      1.000
    DEMMAL             0.000      0.028      0.000      1.000
    CANFLF             0.000      0.000      0.000      1.000
    ALCFLF             0.000      0.000      0.000      1.000
    COGPGS            -0.001      0.001     -0.576      0.564

 Variances
    DEMAGE             7.883      0.888      8.876      0.000
    DEMMAL             0.249      0.002    139.296      0.000
    CANFLF           196.465     23.507      8.358      0.000
    ALCFLF            93.373     15.275      6.113      0.000
    COGPGS             0.018      0.003      6.166      0.000

 Residual Variances
    CVLCOM             0.770      0.114      6.784      0.000

Between Level

 CVLCOM     ON
    CANFLFBW          -0.004      0.003     -1.420      0.156
    COGPGSBW          -0.107      0.152     -0.700      0.484
    ALCFLFBW           0.013      0.005      2.472      0.013
    PC1BW             -0.668      2.059     -0.324      0.746
    PC2BW             -3.073      1.845     -1.665      0.096
    PC3BW            -18.229     16.498     -1.105      0.269
    PC4BW             -7.137      6.957     -1.026      0.305
    PC5BW              1.333      0.598      2.229      0.026

 CANFLFBW WITH
    COGPGSBW          -0.245      0.320     -0.766      0.444
    ALCFLFBW          49.264     12.013      4.101      0.000

 ALCFLFBW WITH
    COGPGSBW           0.063      0.184      0.340      0.734

 Means
    CANFLFBW           0.706      1.149      0.614      0.539
    ALCFLFBW           0.310      0.637      0.487      0.626
    COGPGSBW           0.007      0.024      0.303      0.762

 Intercepts
    CVLCOM             0.016      0.053      0.307      0.759

 Variances
    CANFLFBW         254.938     27.404      9.303      0.000
    ALCFLFBW          78.262     13.207      5.926      0.000
    COGPGSBW           0.112      0.011      9.866      0.000

 Residual Variances
    CVLCOM             0.056      0.079      0.706      0.480


STANDARDIZED MODEL RESULTS


STDYX Standardization

                                                    Two-Tailed
                    Estimate       S.E.  Est./S.E.    P-Value

Within Level

 CVLCOM     ON
    CANFLF            -0.045      0.068     -0.658      0.511
    DEMMAL             0.035      0.063      0.560      0.576
    DEMAGE            -0.076      0.063     -1.197      0.231
    COGPGS             0.063      0.062      1.030      0.303
    ALCFLF             0.018      0.053      0.334      0.738

 CANFLF   WITH
    DEMMAL             0.170      0.049      3.470      0.001
    DEMAGE            -0.177      0.049     -3.608      0.000
    COGPGS             0.053      0.087      0.609      0.543
    ALCFLF             0.368      0.085      4.321      0.000

 ALCFLF   WITH
    DEMMAL             0.142      0.050      2.824      0.005
    DEMAGE            -0.090      0.044     -2.036      0.042
    COGPGS            -0.039      0.094     -0.418      0.676

 Means
    DEMAGE             0.000      0.056      0.000      1.000
    DEMMAL             0.000      0.056      0.000      1.000
    CANFLF             0.000      0.000      0.000      1.000
    ALCFLF             0.000      0.000      0.000      1.000
    COGPGS            -0.006      0.010     -0.580      0.562

 Variances
    DEMAGE             1.000      0.000    999.000    999.000
    DEMMAL             1.000      0.000    999.000    999.000
    CANFLF             1.000      0.000    999.000    999.000
    ALCFLF             1.000      0.000    999.000    999.000
    COGPGS             1.000      0.000    999.000    999.000

 Residual Variances
    CVLCOM             0.989      0.012     79.211      0.000

Between Level

 CVLCOM     ON
    CANFLFBW          -0.207      0.165     -1.254      0.210
    COGPGSBW          -0.110      0.165     -0.667      0.505
    ALCFLFBW           0.355      0.188      1.887      0.059
    PC1BW             -0.077      0.234     -0.330      0.741
    PC2BW             -0.379      0.233     -1.627      0.104
    PC3BW             -0.927      0.963     -0.963      0.336
    PC4BW             -0.855      0.943     -0.906      0.365
    PC5BW              0.167      0.102      1.640      0.101

 CANFLFBW WITH
    COGPGSBW          -0.046      0.060     -0.768      0.442
    ALCFLFBW           0.349      0.070      4.991      0.000

 ALCFLFBW WITH
    COGPGSBW           0.021      0.062      0.342      0.733

 Means
    CANFLFBW           0.044      0.074      0.599      0.549
    ALCFLFBW           0.035      0.075      0.470      0.638
    COGPGSBW           0.022      0.072      0.303      0.762

 Intercepts
    CVLCOM             0.050      0.164      0.304      0.761

 Variances
    CANFLFBW           1.000      0.000    999.000    999.000
    ALCFLFBW           1.000      0.000    999.000    999.000
    COGPGSBW           1.000      0.000    999.000    999.000

 Residual Variances
    CVLCOM             0.536      0.366      1.466      0.143


R-SQUARE

Within Level

    Observed                                        Two-Tailed
    Variable        Estimate       S.E.  Est./S.E.    P-Value

    CVLCOM             0.011      0.012      0.885      0.376

Between Level

    Observed                                        Two-Tailed
    Variable        Estimate       S.E.  Est./S.E.    P-Value

    CVLCOM             0.464      0.366      1.268      0.205


QUALITY OF NUMERICAL RESULTS

     Condition Number for the Information Matrix             -0.265E-17
       (ratio of smallest to largest eigenvalue)


CONFIDENCE INTERVALS OF MODEL RESULTS

                  Lower .5%  Lower 2.5%    Lower 5%    Estimate    Upper 5%  Upper 2.5%   Upper .5%

Within Level

 CVLCOM   ON
    CANFLF          -0.014      -0.011      -0.010      -0.003       0.004       0.005       0.008
    DEMMAL          -0.225      -0.157      -0.121       0.063       0.246       0.282       0.351
    DEMAGE          -0.075      -0.063      -0.057      -0.024       0.009       0.015       0.028
    COGPGS          -0.630      -0.381      -0.253       0.413       1.079       1.207       1.456
    ALCFLF          -0.011      -0.008      -0.006       0.002       0.009       0.011       0.014

 CANFLF   WITH
    DEMMAL           0.264       0.486       0.599       1.191       1.782       1.896       2.117
    DEMAGE         -12.384     -11.089     -10.427      -6.966      -3.506      -2.844      -1.548
    COGPGS          -0.328      -0.226      -0.173       0.100       0.374       0.426       0.529
    ALCFLF          14.103      22.631      26.994      49.776      72.559      76.921      85.450

 ALCFLF   WITH
    DEMMAL           0.007       0.169       0.252       0.686       1.119       1.202       1.364
    DEMAGE          -5.664      -4.896      -4.503      -2.451      -0.399      -0.007       0.762
    COGPGS          -0.371      -0.294      -0.255      -0.051       0.152       0.192       0.268

 Means
    DEMAGE          -0.406      -0.309      -0.259       0.000       0.259       0.309       0.406
    DEMMAL          -0.072      -0.055      -0.046       0.000       0.046       0.055       0.072
    CANFLF           0.000       0.000       0.000       0.000       0.000       0.000       0.000
    ALCFLF           0.000       0.000       0.000       0.000       0.000       0.000       0.000
    COGPGS          -0.004      -0.003      -0.003      -0.001       0.001       0.002       0.003

 Variances
    DEMAGE           5.595       6.142       6.422       7.883       9.344       9.624      10.170
    DEMMAL           0.244       0.245       0.246       0.249       0.252       0.252       0.254
    CANFLF         135.915     150.391     157.796     196.465     235.134     242.539     257.015
    ALCFLF          54.027      63.433      68.245      93.373     118.501     123.313     132.719
    COGPGS           0.011       0.013       0.013       0.018       0.023       0.024       0.026

 Residual Variances
    CVLCOM           0.478       0.548       0.583       0.770       0.957       0.993       1.063

Between Level

 CVLCOM   ON
    CANFLFBW        -0.012      -0.010      -0.009      -0.004       0.001       0.002       0.003
    COGPGSBW        -0.499      -0.405      -0.357      -0.107       0.144       0.192       0.286
    ALCFLFBW        -0.001       0.003       0.004       0.013       0.022       0.023       0.026
    PC1BW           -5.972      -4.704      -4.055      -0.668       2.720       3.368       4.636
    PC2BW           -7.827      -6.690      -6.109      -3.073      -0.037       0.544       1.681
    PC3BW          -60.725     -50.565     -45.368     -18.229       8.911      14.108      24.268
    PC4BW          -25.058     -20.774     -18.582      -7.137       4.307       6.499      10.783
    PC5BW           -0.207       0.161       0.349       1.333       2.317       2.506       2.874

 CANFLFBW WITH
    COGPGSBW        -1.069      -0.872      -0.772      -0.245       0.281       0.382       0.579
    ALCFLFBW        18.321      25.718      29.503      49.264      69.025      72.809      80.206

 ALCFLFBW WITH
    COGPGSBW        -0.412      -0.298      -0.240       0.063       0.365       0.423       0.537

 Means
    CANFLFBW        -2.254      -1.546      -1.184       0.706       2.597       2.959       3.667
    ALCFLFBW        -1.330      -0.938      -0.737       0.310       1.358       1.559       1.951
    COGPGSBW        -0.055      -0.040      -0.032       0.007       0.047       0.054       0.069

 Intercepts
    CVLCOM          -0.119      -0.087      -0.070       0.016       0.103       0.119       0.151

 Variances
    CANFLFBW       184.351     201.226     209.858     254.938     300.017     308.650     325.525
    ALCFLFBW        44.243      52.376      56.536      78.262      99.987     104.148     112.281
    COGPGSBW         0.083       0.090       0.093       0.112       0.130       0.134       0.141

 Residual Variances
    CVLCOM          -0.148      -0.099      -0.074       0.056       0.186       0.211       0.260


CONFIDENCE INTERVALS OF STANDARDIZED MODEL RESULTS


STDYX Standardization

                  Lower .5%  Lower 2.5%    Lower 5%    Estimate    Upper 5%  Upper 2.5%   Upper .5%

Within Level

 CVLCOM   ON
    CANFLF          -0.220      -0.178      -0.157      -0.045       0.067       0.089       0.131
    DEMMAL          -0.127      -0.089      -0.069       0.035       0.139       0.159       0.198
    DEMAGE          -0.239      -0.200      -0.180      -0.076       0.028       0.048       0.087
    COGPGS          -0.095      -0.057      -0.038       0.063       0.165       0.184       0.222
    ALCFLF          -0.118      -0.086      -0.069       0.018       0.104       0.121       0.153

 CANFLF   WITH
    DEMMAL           0.044       0.074       0.090       0.170       0.251       0.266       0.297
    DEMAGE          -0.303      -0.273      -0.258      -0.177      -0.096      -0.081      -0.051
    COGPGS          -0.171      -0.117      -0.090       0.053       0.196       0.223       0.276
    ALCFLF           0.148       0.201       0.228       0.368       0.507       0.534       0.587

 ALCFLF   WITH
    DEMMAL           0.013       0.044       0.059       0.142       0.225       0.241       0.272
    DEMAGE          -0.205      -0.177      -0.163      -0.090      -0.017      -0.003       0.024
    COGPGS          -0.281      -0.223      -0.194      -0.039       0.115       0.145       0.203

 Means
    DEMAGE          -0.145      -0.110      -0.092       0.000       0.092       0.110       0.145
    DEMMAL          -0.145      -0.110      -0.093       0.000       0.093       0.110       0.145
    CANFLF           0.000       0.000       0.000       0.000       0.000       0.000       0.000
    ALCFLF           0.000       0.000       0.000       0.000       0.000       0.000       0.000
    COGPGS          -0.030      -0.024      -0.021      -0.006       0.010       0.013       0.019

 Variances
    DEMAGE           1.000       1.000       1.000       1.000       1.000       1.000       1.000
    DEMMAL           1.000       1.000       1.000       1.000       1.000       1.000       1.000
    CANFLF           1.000       1.000       1.000       1.000       1.000       1.000       1.000
    ALCFLF           1.000       1.000       1.000       1.000       1.000       1.000       1.000
    COGPGS           1.000       1.000       1.000       1.000       1.000       1.000       1.000

 Residual Variances
    CVLCOM           0.957       0.964       0.968       0.989       1.009       1.013       1.021

Between Level

 CVLCOM   ON
    CANFLFBW        -0.634      -0.532      -0.480      -0.207       0.065       0.117       0.219
    COGPGSBW        -0.536      -0.434      -0.382      -0.110       0.162       0.214       0.316
    ALCFLFBW        -0.129      -0.014       0.046       0.355       0.664       0.723       0.839
    PC1BW           -0.680      -0.536      -0.462      -0.077       0.308       0.382       0.526
    PC2BW           -0.980      -0.836      -0.763      -0.379       0.004       0.078       0.221
    PC3BW           -3.407      -2.814      -2.511      -0.927       0.656       0.960       1.553
    PC4BW           -3.284      -2.703      -2.406      -0.855       0.697       0.994       1.575
    PC5BW           -0.095      -0.032       0.000       0.167       0.334       0.366       0.429

 CANFLFBW WITH
    COGPGSBW        -0.200      -0.163      -0.144      -0.046       0.052       0.071       0.108
    ALCFLFBW         0.169       0.212       0.234       0.349       0.464       0.486       0.529

 ALCFLFBW WITH
    COGPGSBW        -0.138      -0.100      -0.081       0.021       0.123       0.142       0.180

 Means
    CANFLFBW        -0.146      -0.101      -0.077       0.044       0.166       0.189       0.234
    ALCFLFBW        -0.157      -0.111      -0.088       0.035       0.158       0.181       0.227
    COGPGSBW        -0.163      -0.119      -0.097       0.022       0.140       0.163       0.207

 Intercepts
    CVLCOM          -0.373      -0.272      -0.220       0.050       0.320       0.371       0.473

 Variances
    CANFLFBW         1.000       1.000       1.000       1.000       1.000       1.000       1.000
    ALCFLFBW         1.000       1.000       1.000       1.000       1.000       1.000       1.000
    COGPGSBW         1.000       1.000       1.000       1.000       1.000       1.000       1.000

 Residual Variances
    CVLCOM          -0.406      -0.181      -0.065       0.536       1.138       1.253       1.478


TECHNICAL 1 OUTPUT


     PARAMETER SPECIFICATION FOR WITHIN


           NU
              CANFLFBW      ALCFLFBW      COGPGSBW      CVLCOM        DEMAGE
              ________      ________      ________      ________      ________
 1                  0             0             0             0             0


           NU
              DEMMAL        CANFLF        ALCFLF        COGPGS        PC1BW
              ________      ________      ________      ________      ________
 1                  0             0             0             0             0


           NU
              PC2BW         PC3BW         PC4BW         PC5BW
              ________      ________      ________      ________
 1                  0             0             0             0


           LAMBDA
              CANFLFBW      ALCFLFBW      COGPGSBW      CVLCOM        DEMAGE
              ________      ________      ________      ________      ________
 CANFLFBW           0             0             0             0             0
 ALCFLFBW           0             0             0             0             0
 COGPGSBW           0             0             0             0             0
 CVLCOM             0             0             0             0             0
 DEMAGE             0             0             0             0             0
 DEMMAL             0             0             0             0             0
 CANFLF             0             0             0             0             0
 ALCFLF             0             0             0             0             0
 COGPGS             0             0             0             0             0
 PC1BW              0             0             0             0             0
 PC2BW              0             0             0             0             0
 PC3BW              0             0             0             0             0
 PC4BW              0             0             0             0             0
 PC5BW              0             0             0             0             0


           LAMBDA
              DEMMAL        CANFLF        ALCFLF        COGPGS        PC1BW
              ________      ________      ________      ________      ________
 CANFLFBW           0             0             0             0             0
 ALCFLFBW           0             0             0             0             0
 COGPGSBW           0             0             0             0             0
 CVLCOM             0             0             0             0             0
 DEMAGE             0             0             0             0             0
 DEMMAL             0             0             0             0             0
 CANFLF             0             0             0             0             0
 ALCFLF             0             0             0             0             0
 COGPGS             0             0             0             0             0
 PC1BW              0             0             0             0             0
 PC2BW              0             0             0             0             0
 PC3BW              0             0             0             0             0
 PC4BW              0             0             0             0             0
 PC5BW              0             0             0             0             0


           LAMBDA
              PC2BW         PC3BW         PC4BW         PC5BW
              ________      ________      ________      ________
 CANFLFBW           0             0             0             0
 ALCFLFBW           0             0             0             0
 COGPGSBW           0             0             0             0
 CVLCOM             0             0             0             0
 DEMAGE             0             0             0             0
 DEMMAL             0             0             0             0
 CANFLF             0             0             0             0
 ALCFLF             0             0             0             0
 COGPGS             0             0             0             0
 PC1BW              0             0             0             0
 PC2BW              0             0             0             0
 PC3BW              0             0             0             0
 PC4BW              0             0             0             0
 PC5BW              0             0             0             0


           THETA
              CANFLFBW      ALCFLFBW      COGPGSBW      CVLCOM        DEMAGE
              ________      ________      ________      ________      ________
 CANFLFBW           0
 ALCFLFBW           0             0
 COGPGSBW           0             0             0
 CVLCOM             0             0             0             0
 DEMAGE             0             0             0             0             0
 DEMMAL             0             0             0             0             0
 CANFLF             0             0             0             0             0
 ALCFLF             0             0             0             0             0
 COGPGS             0             0             0             0             0
 PC1BW              0             0             0             0             0
 PC2BW              0             0             0             0             0
 PC3BW              0             0             0             0             0
 PC4BW              0             0             0             0             0
 PC5BW              0             0             0             0             0


           THETA
              DEMMAL        CANFLF        ALCFLF        COGPGS        PC1BW
              ________      ________      ________      ________      ________
 DEMMAL             0
 CANFLF             0             0
 ALCFLF             0             0             0
 COGPGS             0             0             0             0
 PC1BW              0             0             0             0             0
 PC2BW              0             0             0             0             0
 PC3BW              0             0             0             0             0
 PC4BW              0             0             0             0             0
 PC5BW              0             0             0             0             0


           THETA
              PC2BW         PC3BW         PC4BW         PC5BW
              ________      ________      ________      ________
 PC2BW              0
 PC3BW              0             0
 PC4BW              0             0             0
 PC5BW              0             0             0             0


           ALPHA
              CANFLFBW      ALCFLFBW      COGPGSBW      CVLCOM        DEMAGE
              ________      ________      ________      ________      ________
 1                  0             0             0             0             1


           ALPHA
              DEMMAL        CANFLF        ALCFLF        COGPGS        PC1BW
              ________      ________      ________      ________      ________
 1                  2             3             4             5             0


           ALPHA
              PC2BW         PC3BW         PC4BW         PC5BW
              ________      ________      ________      ________
 1                  0             0             0             0


           BETA
              CANFLFBW      ALCFLFBW      COGPGSBW      CVLCOM        DEMAGE
              ________      ________      ________      ________      ________
 CANFLFBW           0             0             0             0             0
 ALCFLFBW           0             0             0             0             0
 COGPGSBW           0             0             0             0             0
 CVLCOM             0             0             0             0             6
 DEMAGE             0             0             0             0             0
 DEMMAL             0             0             0             0             0
 CANFLF             0             0             0             0             0
 ALCFLF             0             0             0             0             0
 COGPGS             0             0             0             0             0
 PC1BW              0             0             0             0             0
 PC2BW              0             0             0             0             0
 PC3BW              0             0             0             0             0
 PC4BW              0             0             0             0             0
 PC5BW              0             0             0             0             0


           BETA
              DEMMAL        CANFLF        ALCFLF        COGPGS        PC1BW
              ________      ________      ________      ________      ________
 CANFLFBW           0             0             0             0             0
 ALCFLFBW           0             0             0             0             0
 COGPGSBW           0             0             0             0             0
 CVLCOM             7             8             9            10             0
 DEMAGE             0             0             0             0             0
 DEMMAL             0             0             0             0             0
 CANFLF             0             0             0             0             0
 ALCFLF             0             0             0             0             0
 COGPGS             0             0             0             0             0
 PC1BW              0             0             0             0             0
 PC2BW              0             0             0             0             0
 PC3BW              0             0             0             0             0
 PC4BW              0             0             0             0             0
 PC5BW              0             0             0             0             0


           BETA
              PC2BW         PC3BW         PC4BW         PC5BW
              ________      ________      ________      ________
 CANFLFBW           0             0             0             0
 ALCFLFBW           0             0             0             0
 COGPGSBW           0             0             0             0
 CVLCOM             0             0             0             0
 DEMAGE             0             0             0             0
 DEMMAL             0             0             0             0
 CANFLF             0             0             0             0
 ALCFLF             0             0             0             0
 COGPGS             0             0             0             0
 PC1BW              0             0             0             0
 PC2BW              0             0             0             0
 PC3BW              0             0             0             0
 PC4BW              0             0             0             0
 PC5BW              0             0             0             0


           PSI
              CANFLFBW      ALCFLFBW      COGPGSBW      CVLCOM        DEMAGE
              ________      ________      ________      ________      ________
 CANFLFBW           0
 ALCFLFBW           0             0
 COGPGSBW           0             0             0
 CVLCOM             0             0             0            11
 DEMAGE             0             0             0             0            12
 DEMMAL             0             0             0             0             0
 CANFLF             0             0             0             0            14
 ALCFLF             0             0             0             0            17
 COGPGS             0             0             0             0             0
 PC1BW              0             0             0             0             0
 PC2BW              0             0             0             0             0
 PC3BW              0             0             0             0             0
 PC4BW              0             0             0             0             0
 PC5BW              0             0             0             0             0


           PSI
              DEMMAL        CANFLF        ALCFLF        COGPGS        PC1BW
              ________      ________      ________      ________      ________
 DEMMAL            13
 CANFLF            15            16
 ALCFLF            18            19            20
 COGPGS             0            21            22            23
 PC1BW              0             0             0             0             0
 PC2BW              0             0             0             0             0
 PC3BW              0             0             0             0             0
 PC4BW              0             0             0             0             0
 PC5BW              0             0             0             0             0


           PSI
              PC2BW         PC3BW         PC4BW         PC5BW
              ________      ________      ________      ________
 PC2BW              0
 PC3BW              0             0
 PC4BW              0             0             0
 PC5BW              0             0             0             0


     PARAMETER SPECIFICATION FOR BETWEEN


           NU
              CANFLFBW      ALCFLFBW      COGPGSBW      CVLCOM        DEMAGE
              ________      ________      ________      ________      ________
 1                  0             0             0             0             0


           NU
              DEMMAL        CANFLF        ALCFLF        COGPGS        PC1BW
              ________      ________      ________      ________      ________
 1                  0             0             0             0             0


           NU
              PC2BW         PC3BW         PC4BW         PC5BW
              ________      ________      ________      ________
 1                  0             0             0             0


           LAMBDA
              CANFLFBW      ALCFLFBW      COGPGSBW      CVLCOM        DEMAGE
              ________      ________      ________      ________      ________
 CANFLFBW           0             0             0             0             0
 ALCFLFBW           0             0             0             0             0
 COGPGSBW           0             0             0             0             0
 CVLCOM             0             0             0             0             0
 DEMAGE             0             0             0             0             0
 DEMMAL             0             0             0             0             0
 CANFLF             0             0             0             0             0
 ALCFLF             0             0             0             0             0
 COGPGS             0             0             0             0             0
 PC1BW              0             0             0             0             0
 PC2BW              0             0             0             0             0
 PC3BW              0             0             0             0             0
 PC4BW              0             0             0             0             0
 PC5BW              0             0             0             0             0


           LAMBDA
              DEMMAL        CANFLF        ALCFLF        COGPGS        PC1BW
              ________      ________      ________      ________      ________
 CANFLFBW           0             0             0             0             0
 ALCFLFBW           0             0             0             0             0
 COGPGSBW           0             0             0             0             0
 CVLCOM             0             0             0             0             0
 DEMAGE             0             0             0             0             0
 DEMMAL             0             0             0             0             0
 CANFLF             0             0             0             0             0
 ALCFLF             0             0             0             0             0
 COGPGS             0             0             0             0             0
 PC1BW              0             0             0             0             0
 PC2BW              0             0             0             0             0
 PC3BW              0             0             0             0             0
 PC4BW              0             0             0             0             0
 PC5BW              0             0             0             0             0


           LAMBDA
              PC2BW         PC3BW         PC4BW         PC5BW
              ________      ________      ________      ________
 CANFLFBW           0             0             0             0
 ALCFLFBW           0             0             0             0
 COGPGSBW           0             0             0             0
 CVLCOM             0             0             0             0
 DEMAGE             0             0             0             0
 DEMMAL             0             0             0             0
 CANFLF             0             0             0             0
 ALCFLF             0             0             0             0
 COGPGS             0             0             0             0
 PC1BW              0             0             0             0
 PC2BW              0             0             0             0
 PC3BW              0             0             0             0
 PC4BW              0             0             0             0
 PC5BW              0             0             0             0


           THETA
              CANFLFBW      ALCFLFBW      COGPGSBW      CVLCOM        DEMAGE
              ________      ________      ________      ________      ________
 CANFLFBW           0
 ALCFLFBW           0             0
 COGPGSBW           0             0             0
 CVLCOM             0             0             0             0
 DEMAGE             0             0             0             0             0
 DEMMAL             0             0             0             0             0
 CANFLF             0             0             0             0             0
 ALCFLF             0             0             0             0             0
 COGPGS             0             0             0             0             0
 PC1BW              0             0             0             0             0
 PC2BW              0             0             0             0             0
 PC3BW              0             0             0             0             0
 PC4BW              0             0             0             0             0
 PC5BW              0             0             0             0             0


           THETA
              DEMMAL        CANFLF        ALCFLF        COGPGS        PC1BW
              ________      ________      ________      ________      ________
 DEMMAL             0
 CANFLF             0             0
 ALCFLF             0             0             0
 COGPGS             0             0             0             0
 PC1BW              0             0             0             0             0
 PC2BW              0             0             0             0             0
 PC3BW              0             0             0             0             0
 PC4BW              0             0             0             0             0
 PC5BW              0             0             0             0             0


           THETA
              PC2BW         PC3BW         PC4BW         PC5BW
              ________      ________      ________      ________
 PC2BW              0
 PC3BW              0             0
 PC4BW              0             0             0
 PC5BW              0             0             0             0


           ALPHA
              CANFLFBW      ALCFLFBW      COGPGSBW      CVLCOM        DEMAGE
              ________      ________      ________      ________      ________
 1                 24            25            26            27             0


           ALPHA
              DEMMAL        CANFLF        ALCFLF        COGPGS        PC1BW
              ________      ________      ________      ________      ________
 1                  0             0             0             0             0


           ALPHA
              PC2BW         PC3BW         PC4BW         PC5BW
              ________      ________      ________      ________
 1                  0             0             0             0


           BETA
              CANFLFBW      ALCFLFBW      COGPGSBW      CVLCOM        DEMAGE
              ________      ________      ________      ________      ________
 CANFLFBW           0             0             0             0             0
 ALCFLFBW           0             0             0             0             0
 COGPGSBW           0             0             0             0             0
 CVLCOM            28            29            30             0             0
 DEMAGE             0             0             0             0             0
 DEMMAL             0             0             0             0             0
 CANFLF             0             0             0             0             0
 ALCFLF             0             0             0             0             0
 COGPGS             0             0             0             0             0
 PC1BW              0             0             0             0             0
 PC2BW              0             0             0             0             0
 PC3BW              0             0             0             0             0
 PC4BW              0             0             0             0             0
 PC5BW              0             0             0             0             0


           BETA
              DEMMAL        CANFLF        ALCFLF        COGPGS        PC1BW
              ________      ________      ________      ________      ________
 CANFLFBW           0             0             0             0             0
 ALCFLFBW           0             0             0             0             0
 COGPGSBW           0             0             0             0             0
 CVLCOM             0             0             0             0            31
 DEMAGE             0             0             0             0             0
 DEMMAL             0             0             0             0             0
 CANFLF             0             0             0             0             0
 ALCFLF             0             0             0             0             0
 COGPGS             0             0             0             0             0
 PC1BW              0             0             0             0             0
 PC2BW              0             0             0             0             0
 PC3BW              0             0             0             0             0
 PC4BW              0             0             0             0             0
 PC5BW              0             0             0             0             0


           BETA
              PC2BW         PC3BW         PC4BW         PC5BW
              ________      ________      ________      ________
 CANFLFBW           0             0             0             0
 ALCFLFBW           0             0             0             0
 COGPGSBW           0             0             0             0
 CVLCOM            32            33            34            35
 DEMAGE             0             0             0             0
 DEMMAL             0             0             0             0
 CANFLF             0             0             0             0
 ALCFLF             0             0             0             0
 COGPGS             0             0             0             0
 PC1BW              0             0             0             0
 PC2BW              0             0             0             0
 PC3BW              0             0             0             0
 PC4BW              0             0             0             0
 PC5BW              0             0             0             0


           PSI
              CANFLFBW      ALCFLFBW      COGPGSBW      CVLCOM        DEMAGE
              ________      ________      ________      ________      ________
 CANFLFBW          36
 ALCFLFBW          37            38
 COGPGSBW          39            40            41
 CVLCOM             0             0             0            42
 DEMAGE             0             0             0             0             0
 DEMMAL             0             0             0             0             0
 CANFLF             0             0             0             0             0
 ALCFLF             0             0             0             0             0
 COGPGS             0             0             0             0             0
 PC1BW              0             0             0             0             0
 PC2BW              0             0             0             0             0
 PC3BW              0             0             0             0             0
 PC4BW              0             0             0             0             0
 PC5BW              0             0             0             0             0


           PSI
              DEMMAL        CANFLF        ALCFLF        COGPGS        PC1BW
              ________      ________      ________      ________      ________
 DEMMAL             0
 CANFLF             0             0
 ALCFLF             0             0             0
 COGPGS             0             0             0             0
 PC1BW              0             0             0             0             0
 PC2BW              0             0             0             0             0
 PC3BW              0             0             0             0             0
 PC4BW              0             0             0             0             0
 PC5BW              0             0             0             0             0


           PSI
              PC2BW         PC3BW         PC4BW         PC5BW
              ________      ________      ________      ________
 PC2BW              0
 PC3BW              0             0
 PC4BW              0             0             0
 PC5BW              0             0             0             0


     STARTING VALUES FOR WITHIN


           NU
              CANFLFBW      ALCFLFBW      COGPGSBW      CVLCOM        DEMAGE
              ________      ________      ________      ________      ________
 1              0.000         0.000         0.000         0.000         0.000


           NU
              DEMMAL        CANFLF        ALCFLF        COGPGS        PC1BW
              ________      ________      ________      ________      ________
 1              0.000         0.000         0.000         0.000         0.000


           NU
              PC2BW         PC3BW         PC4BW         PC5BW
              ________      ________      ________      ________
 1              0.000         0.000         0.000         0.000


           LAMBDA
              CANFLFBW      ALCFLFBW      COGPGSBW      CVLCOM        DEMAGE
              ________      ________      ________      ________      ________
 CANFLFBW       1.000         0.000         0.000         0.000         0.000
 ALCFLFBW       0.000         1.000         0.000         0.000         0.000
 COGPGSBW       0.000         0.000         1.000         0.000         0.000
 CVLCOM         0.000         0.000         0.000         1.000         0.000
 DEMAGE         0.000         0.000         0.000         0.000         1.000
 DEMMAL         0.000         0.000         0.000         0.000         0.000
 CANFLF         0.000         0.000         0.000         0.000         0.000
 ALCFLF         0.000         0.000         0.000         0.000         0.000
 COGPGS         0.000         0.000         0.000         0.000         0.000
 PC1BW          0.000         0.000         0.000         0.000         0.000
 PC2BW          0.000         0.000         0.000         0.000         0.000
 PC3BW          0.000         0.000         0.000         0.000         0.000
 PC4BW          0.000         0.000         0.000         0.000         0.000
 PC5BW          0.000         0.000         0.000         0.000         0.000


           LAMBDA
              DEMMAL        CANFLF        ALCFLF        COGPGS        PC1BW
              ________      ________      ________      ________      ________
 CANFLFBW       0.000         0.000         0.000         0.000         0.000
 ALCFLFBW       0.000         0.000         0.000         0.000         0.000
 COGPGSBW       0.000         0.000         0.000         0.000         0.000
 CVLCOM         0.000         0.000         0.000         0.000         0.000
 DEMAGE         0.000         0.000         0.000         0.000         0.000
 DEMMAL         1.000         0.000         0.000         0.000         0.000
 CANFLF         0.000         1.000         0.000         0.000         0.000
 ALCFLF         0.000         0.000         1.000         0.000         0.000
 COGPGS         0.000         0.000         0.000         1.000         0.000
 PC1BW          0.000         0.000         0.000         0.000         1.000
 PC2BW          0.000         0.000         0.000         0.000         0.000
 PC3BW          0.000         0.000         0.000         0.000         0.000
 PC4BW          0.000         0.000         0.000         0.000         0.000
 PC5BW          0.000         0.000         0.000         0.000         0.000


           LAMBDA
              PC2BW         PC3BW         PC4BW         PC5BW
              ________      ________      ________      ________
 CANFLFBW       0.000         0.000         0.000         0.000
 ALCFLFBW       0.000         0.000         0.000         0.000
 COGPGSBW       0.000         0.000         0.000         0.000
 CVLCOM         0.000         0.000         0.000         0.000
 DEMAGE         0.000         0.000         0.000         0.000
 DEMMAL         0.000         0.000         0.000         0.000
 CANFLF         0.000         0.000         0.000         0.000
 ALCFLF         0.000         0.000         0.000         0.000
 COGPGS         0.000         0.000         0.000         0.000
 PC1BW          0.000         0.000         0.000         0.000
 PC2BW          1.000         0.000         0.000         0.000
 PC3BW          0.000         1.000         0.000         0.000
 PC4BW          0.000         0.000         1.000         0.000
 PC5BW          0.000         0.000         0.000         1.000


           THETA
              CANFLFBW      ALCFLFBW      COGPGSBW      CVLCOM        DEMAGE
              ________      ________      ________      ________      ________
 CANFLFBW       0.000
 ALCFLFBW       0.000         0.000
 COGPGSBW       0.000         0.000         0.000
 CVLCOM         0.000         0.000         0.000         0.000
 DEMAGE         0.000         0.000         0.000         0.000         0.000
 DEMMAL         0.000         0.000         0.000         0.000         0.000
 CANFLF         0.000         0.000         0.000         0.000         0.000
 ALCFLF         0.000         0.000         0.000         0.000         0.000
 COGPGS         0.000         0.000         0.000         0.000         0.000
 PC1BW          0.000         0.000         0.000         0.000         0.000
 PC2BW          0.000         0.000         0.000         0.000         0.000
 PC3BW          0.000         0.000         0.000         0.000         0.000
 PC4BW          0.000         0.000         0.000         0.000         0.000
 PC5BW          0.000         0.000         0.000         0.000         0.000


           THETA
              DEMMAL        CANFLF        ALCFLF        COGPGS        PC1BW
              ________      ________      ________      ________      ________
 DEMMAL         0.000
 CANFLF         0.000         0.000
 ALCFLF         0.000         0.000         0.000
 COGPGS         0.000         0.000         0.000         0.000
 PC1BW          0.000         0.000         0.000         0.000         0.000
 PC2BW          0.000         0.000         0.000         0.000         0.000
 PC3BW          0.000         0.000         0.000         0.000         0.000
 PC4BW          0.000         0.000         0.000         0.000         0.000
 PC5BW          0.000         0.000         0.000         0.000         0.000


           THETA
              PC2BW         PC3BW         PC4BW         PC5BW
              ________      ________      ________      ________
 PC2BW          0.000
 PC3BW          0.000         0.000
 PC4BW          0.000         0.000         0.000
 PC5BW          0.000         0.000         0.000         0.000


           ALPHA
              CANFLFBW      ALCFLFBW      COGPGSBW      CVLCOM        DEMAGE
              ________      ________      ________      ________      ________
 1              0.000         0.000         0.000         0.000         0.000


           ALPHA
              DEMMAL        CANFLF        ALCFLF        COGPGS        PC1BW
              ________      ________      ________      ________      ________
 1              0.000         0.000         0.000         0.000         0.000


           ALPHA
              PC2BW         PC3BW         PC4BW         PC5BW
              ________      ________      ________      ________
 1              0.000         0.000         0.000         0.000


           BETA
              CANFLFBW      ALCFLFBW      COGPGSBW      CVLCOM        DEMAGE
              ________      ________      ________      ________      ________
 CANFLFBW       0.000         0.000         0.000         0.000         0.000
 ALCFLFBW       0.000         0.000         0.000         0.000         0.000
 COGPGSBW       0.000         0.000         0.000         0.000         0.000
 CVLCOM         0.000         0.000         0.000         0.000         0.000
 DEMAGE         0.000         0.000         0.000         0.000         0.000
 DEMMAL         0.000         0.000         0.000         0.000         0.000
 CANFLF         0.000         0.000         0.000         0.000         0.000
 ALCFLF         0.000         0.000         0.000         0.000         0.000
 COGPGS         0.000         0.000         0.000         0.000         0.000
 PC1BW          0.000         0.000         0.000         0.000         0.000
 PC2BW          0.000         0.000         0.000         0.000         0.000
 PC3BW          0.000         0.000         0.000         0.000         0.000
 PC4BW          0.000         0.000         0.000         0.000         0.000
 PC5BW          0.000         0.000         0.000         0.000         0.000


           BETA
              DEMMAL        CANFLF        ALCFLF        COGPGS        PC1BW
              ________      ________      ________      ________      ________
 CANFLFBW       0.000         0.000         0.000         0.000         0.000
 ALCFLFBW       0.000         0.000         0.000         0.000         0.000
 COGPGSBW       0.000         0.000         0.000         0.000         0.000
 CVLCOM         0.000         0.000         0.000         0.000         0.000
 DEMAGE         0.000         0.000         0.000         0.000         0.000
 DEMMAL         0.000         0.000         0.000         0.000         0.000
 CANFLF         0.000         0.000         0.000         0.000         0.000
 ALCFLF         0.000         0.000         0.000         0.000         0.000
 COGPGS         0.000         0.000         0.000         0.000         0.000
 PC1BW          0.000         0.000         0.000         0.000         0.000
 PC2BW          0.000         0.000         0.000         0.000         0.000
 PC3BW          0.000         0.000         0.000         0.000         0.000
 PC4BW          0.000         0.000         0.000         0.000         0.000
 PC5BW          0.000         0.000         0.000         0.000         0.000


           BETA
              PC2BW         PC3BW         PC4BW         PC5BW
              ________      ________      ________      ________
 CANFLFBW       0.000         0.000         0.000         0.000
 ALCFLFBW       0.000         0.000         0.000         0.000
 COGPGSBW       0.000         0.000         0.000         0.000
 CVLCOM         0.000         0.000         0.000         0.000
 DEMAGE         0.000         0.000         0.000         0.000
 DEMMAL         0.000         0.000         0.000         0.000
 CANFLF         0.000         0.000         0.000         0.000
 ALCFLF         0.000         0.000         0.000         0.000
 COGPGS         0.000         0.000         0.000         0.000
 PC1BW          0.000         0.000         0.000         0.000
 PC2BW          0.000         0.000         0.000         0.000
 PC3BW          0.000         0.000         0.000         0.000
 PC4BW          0.000         0.000         0.000         0.000
 PC5BW          0.000         0.000         0.000         0.000


           PSI
              CANFLFBW      ALCFLFBW      COGPGSBW      CVLCOM        DEMAGE
              ________      ________      ________      ________      ________
 CANFLFBW       0.000
 ALCFLFBW       0.000         0.000
 COGPGSBW       0.000         0.000         0.000
 CVLCOM         0.000         0.000         0.000         0.442
 DEMAGE         0.000         0.000         0.000         0.000         3.942
 DEMMAL         0.000         0.000         0.000         0.000         0.000
 CANFLF         0.000         0.000         0.000         0.000         0.000
 ALCFLF         0.000         0.000         0.000         0.000         0.000
 COGPGS         0.000         0.000         0.000         0.000         0.000
 PC1BW          0.000         0.000         0.000         0.000         0.000
 PC2BW          0.000         0.000         0.000         0.000         0.000
 PC3BW          0.000         0.000         0.000         0.000         0.000
 PC4BW          0.000         0.000         0.000         0.000         0.000
 PC5BW          0.000         0.000         0.000         0.000         0.000


           PSI
              DEMMAL        CANFLF        ALCFLF        COGPGS        PC1BW
              ________      ________      ________      ________      ________
 DEMMAL         0.124
 CANFLF         0.000        99.224
 ALCFLF         0.000         0.000        46.834
 COGPGS         0.000         0.000         0.000         0.009
 PC1BW          0.000         0.000         0.000         0.000         0.000
 PC2BW          0.000         0.000         0.000         0.000         0.000
 PC3BW          0.000         0.000         0.000         0.000         0.000
 PC4BW          0.000         0.000         0.000         0.000         0.000
 PC5BW          0.000         0.000         0.000         0.000         0.000


           PSI
              PC2BW         PC3BW         PC4BW         PC5BW
              ________      ________      ________      ________
 PC2BW          0.000
 PC3BW          0.000         0.000
 PC4BW          0.000         0.000         0.000
 PC5BW          0.000         0.000         0.000         0.000


     STARTING VALUES FOR BETWEEN


           NU
              CANFLFBW      ALCFLFBW      COGPGSBW      CVLCOM        DEMAGE
              ________      ________      ________      ________      ________
 1              0.000         0.000         0.000         0.000         0.000


           NU
              DEMMAL        CANFLF        ALCFLF        COGPGS        PC1BW
              ________      ________      ________      ________      ________
 1              0.000         0.000         0.000         0.000         0.000


           NU
              PC2BW         PC3BW         PC4BW         PC5BW
              ________      ________      ________      ________
 1              0.000         0.000         0.000         0.000


           LAMBDA
              CANFLFBW      ALCFLFBW      COGPGSBW      CVLCOM        DEMAGE
              ________      ________      ________      ________      ________
 CANFLFBW       1.000         0.000         0.000         0.000         0.000
 ALCFLFBW       0.000         1.000         0.000         0.000         0.000
 COGPGSBW       0.000         0.000         1.000         0.000         0.000
 CVLCOM         0.000         0.000         0.000         1.000         0.000
 DEMAGE         0.000         0.000         0.000         0.000         1.000
 DEMMAL         0.000         0.000         0.000         0.000         0.000
 CANFLF         0.000         0.000         0.000         0.000         0.000
 ALCFLF         0.000         0.000         0.000         0.000         0.000
 COGPGS         0.000         0.000         0.000         0.000         0.000
 PC1BW          0.000         0.000         0.000         0.000         0.000
 PC2BW          0.000         0.000         0.000         0.000         0.000
 PC3BW          0.000         0.000         0.000         0.000         0.000
 PC4BW          0.000         0.000         0.000         0.000         0.000
 PC5BW          0.000         0.000         0.000         0.000         0.000


           LAMBDA
              DEMMAL        CANFLF        ALCFLF        COGPGS        PC1BW
              ________      ________      ________      ________      ________
 CANFLFBW       0.000         0.000         0.000         0.000         0.000
 ALCFLFBW       0.000         0.000         0.000         0.000         0.000
 COGPGSBW       0.000         0.000         0.000         0.000         0.000
 CVLCOM         0.000         0.000         0.000         0.000         0.000
 DEMAGE         0.000         0.000         0.000         0.000         0.000
 DEMMAL         1.000         0.000         0.000         0.000         0.000
 CANFLF         0.000         1.000         0.000         0.000         0.000
 ALCFLF         0.000         0.000         1.000         0.000         0.000
 COGPGS         0.000         0.000         0.000         1.000         0.000
 PC1BW          0.000         0.000         0.000         0.000         1.000
 PC2BW          0.000         0.000         0.000         0.000         0.000
 PC3BW          0.000         0.000         0.000         0.000         0.000
 PC4BW          0.000         0.000         0.000         0.000         0.000
 PC5BW          0.000         0.000         0.000         0.000         0.000


           LAMBDA
              PC2BW         PC3BW         PC4BW         PC5BW
              ________      ________      ________      ________
 CANFLFBW       0.000         0.000         0.000         0.000
 ALCFLFBW       0.000         0.000         0.000         0.000
 COGPGSBW       0.000         0.000         0.000         0.000
 CVLCOM         0.000         0.000         0.000         0.000
 DEMAGE         0.000         0.000         0.000         0.000
 DEMMAL         0.000         0.000         0.000         0.000
 CANFLF         0.000         0.000         0.000         0.000
 ALCFLF         0.000         0.000         0.000         0.000
 COGPGS         0.000         0.000         0.000         0.000
 PC1BW          0.000         0.000         0.000         0.000
 PC2BW          1.000         0.000         0.000         0.000
 PC3BW          0.000         1.000         0.000         0.000
 PC4BW          0.000         0.000         1.000         0.000
 PC5BW          0.000         0.000         0.000         1.000


           THETA
              CANFLFBW      ALCFLFBW      COGPGSBW      CVLCOM        DEMAGE
              ________      ________      ________      ________      ________
 CANFLFBW       0.000
 ALCFLFBW       0.000         0.000
 COGPGSBW       0.000         0.000         0.000
 CVLCOM         0.000         0.000         0.000         0.000
 DEMAGE         0.000         0.000         0.000         0.000         0.000
 DEMMAL         0.000         0.000         0.000         0.000         0.000
 CANFLF         0.000         0.000         0.000         0.000         0.000
 ALCFLF         0.000         0.000         0.000         0.000         0.000
 COGPGS         0.000         0.000         0.000         0.000         0.000
 PC1BW          0.000         0.000         0.000         0.000         0.000
 PC2BW          0.000         0.000         0.000         0.000         0.000
 PC3BW          0.000         0.000         0.000         0.000         0.000
 PC4BW          0.000         0.000         0.000         0.000         0.000
 PC5BW          0.000         0.000         0.000         0.000         0.000


           THETA
              DEMMAL        CANFLF        ALCFLF        COGPGS        PC1BW
              ________      ________      ________      ________      ________
 DEMMAL         0.000
 CANFLF         0.000         0.000
 ALCFLF         0.000         0.000         0.000
 COGPGS         0.000         0.000         0.000         0.000
 PC1BW          0.000         0.000         0.000         0.000         0.000
 PC2BW          0.000         0.000         0.000         0.000         0.000
 PC3BW          0.000         0.000         0.000         0.000         0.000
 PC4BW          0.000         0.000         0.000         0.000         0.000
 PC5BW          0.000         0.000         0.000         0.000         0.000


           THETA
              PC2BW         PC3BW         PC4BW         PC5BW
              ________      ________      ________      ________
 PC2BW          0.000
 PC3BW          0.000         0.000
 PC4BW          0.000         0.000         0.000
 PC5BW          0.000         0.000         0.000         0.000


           ALPHA
              CANFLFBW      ALCFLFBW      COGPGSBW      CVLCOM        DEMAGE
              ________      ________      ________      ________      ________
 1              0.000         0.000         0.000         0.016         0.000


           ALPHA
              DEMMAL        CANFLF        ALCFLF        COGPGS        PC1BW
              ________      ________      ________      ________      ________
 1              0.000         0.000         0.000         0.000         0.000


           ALPHA
              PC2BW         PC3BW         PC4BW         PC5BW
              ________      ________      ________      ________
 1              0.000         0.000         0.000         0.000


           BETA
              CANFLFBW      ALCFLFBW      COGPGSBW      CVLCOM        DEMAGE
              ________      ________      ________      ________      ________
 CANFLFBW       0.000         0.000         0.000         0.000         0.000
 ALCFLFBW       0.000         0.000         0.000         0.000         0.000
 COGPGSBW       0.000         0.000         0.000         0.000         0.000
 CVLCOM         0.000         0.000         0.000         0.000         0.000
 DEMAGE         0.000         0.000         0.000         0.000         0.000
 DEMMAL         0.000         0.000         0.000         0.000         0.000
 CANFLF         0.000         0.000         0.000         0.000         0.000
 ALCFLF         0.000         0.000         0.000         0.000         0.000
 COGPGS         0.000         0.000         0.000         0.000         0.000
 PC1BW          0.000         0.000         0.000         0.000         0.000
 PC2BW          0.000         0.000         0.000         0.000         0.000
 PC3BW          0.000         0.000         0.000         0.000         0.000
 PC4BW          0.000         0.000         0.000         0.000         0.000
 PC5BW          0.000         0.000         0.000         0.000         0.000


           BETA
              DEMMAL        CANFLF        ALCFLF        COGPGS        PC1BW
              ________      ________      ________      ________      ________
 CANFLFBW       0.000         0.000         0.000         0.000         0.000
 ALCFLFBW       0.000         0.000         0.000         0.000         0.000
 COGPGSBW       0.000         0.000         0.000         0.000         0.000
 CVLCOM         0.000         0.000         0.000         0.000         0.000
 DEMAGE         0.000         0.000         0.000         0.000         0.000
 DEMMAL         0.000         0.000         0.000         0.000         0.000
 CANFLF         0.000         0.000         0.000         0.000         0.000
 ALCFLF         0.000         0.000         0.000         0.000         0.000
 COGPGS         0.000         0.000         0.000         0.000         0.000
 PC1BW          0.000         0.000         0.000         0.000         0.000
 PC2BW          0.000         0.000         0.000         0.000         0.000
 PC3BW          0.000         0.000         0.000         0.000         0.000
 PC4BW          0.000         0.000         0.000         0.000         0.000
 PC5BW          0.000         0.000         0.000         0.000         0.000


           BETA
              PC2BW         PC3BW         PC4BW         PC5BW
              ________      ________      ________      ________
 CANFLFBW       0.000         0.000         0.000         0.000
 ALCFLFBW       0.000         0.000         0.000         0.000
 COGPGSBW       0.000         0.000         0.000         0.000
 CVLCOM         0.000         0.000         0.000         0.000
 DEMAGE         0.000         0.000         0.000         0.000
 DEMMAL         0.000         0.000         0.000         0.000
 CANFLF         0.000         0.000         0.000         0.000
 ALCFLF         0.000         0.000         0.000         0.000
 COGPGS         0.000         0.000         0.000         0.000
 PC1BW          0.000         0.000         0.000         0.000
 PC2BW          0.000         0.000         0.000         0.000
 PC3BW          0.000         0.000         0.000         0.000
 PC4BW          0.000         0.000         0.000         0.000
 PC5BW          0.000         0.000         0.000         0.000


           PSI
              CANFLFBW      ALCFLFBW      COGPGSBW      CVLCOM        DEMAGE
              ________      ________      ________      ________      ________
 CANFLFBW     132.343
 ALCFLFBW       0.000        41.369
 COGPGSBW       0.000         0.000         0.055
 CVLCOM         0.000         0.000         0.000         0.442
 DEMAGE         0.000         0.000         0.000         0.000         0.000
 DEMMAL         0.000         0.000         0.000         0.000         0.000
 CANFLF         0.000         0.000         0.000         0.000         0.000
 ALCFLF         0.000         0.000         0.000         0.000         0.000
 COGPGS         0.000         0.000         0.000         0.000         0.000
 PC1BW          0.000         0.000         0.000         0.000         0.000
 PC2BW          0.000         0.000         0.000         0.000         0.000
 PC3BW          0.000         0.000         0.000         0.000         0.000
 PC4BW          0.000         0.000         0.000         0.000         0.000
 PC5BW          0.000         0.000         0.000         0.000         0.000


           PSI
              DEMMAL        CANFLF        ALCFLF        COGPGS        PC1BW
              ________      ________      ________      ________      ________
 DEMMAL         0.000
 CANFLF         0.000         0.000
 ALCFLF         0.000         0.000         0.000
 COGPGS         0.000         0.000         0.000         0.000
 PC1BW          0.000         0.000         0.000         0.000         0.001
 PC2BW          0.000         0.000         0.000         0.000         0.000
 PC3BW          0.000         0.000         0.000         0.000         0.000
 PC4BW          0.000         0.000         0.000         0.000         0.000
 PC5BW          0.000         0.000         0.000         0.000         0.000


           PSI
              PC2BW         PC3BW         PC4BW         PC5BW
              ________      ________      ________      ________
 PC2BW          0.001
 PC3BW          0.000         0.000
 PC4BW          0.000         0.000         0.001
 PC5BW          0.000         0.000         0.000         0.001


SAMPLE STATISTICS FOR ESTIMATED FACTOR SCORES


     SAMPLE STATISTICS


           Means
              B_CVLCOM
              ________
 1              0.015


           Covariances
              B_CVLCOM
              ________
 B_CVLCOM       0.054


           Correlations
              B_CVLCOM
              ________
 B_CVLCOM       1.000


PLOT INFORMATION

The following plots are available:

  Histograms (sample values)
  Scatterplots (sample values)

     Beginning Time:  13:09:40
        Ending Time:  13:09:41
       Elapsed Time:  00:00:01



MUTHEN & MUTHEN
3463 Stoner Ave.
Los Angeles, CA  90066

Tel: (310) 391-9971
Fax: (310) 391-8971
Web: www.StatModel.com
Support: Support@StatModel.com

Copyright (c) 1998-2015 Muthen & Muthen
