Mplus VERSION 7.4 (Mac)
MUTHEN & MUTHEN
07/30/2019   1:10 PM

INPUT INSTRUCTIONS


  TITLE: CANONS_CVLASF_1;

  DATA:
  	FILE = GD190618.csv;

  VARIABLE:
  	NAMES =
  			ID_Fam   Wave     ID_MPL
  			DEMMAL   DEMAGE   DEMHSP   DEMRAC
  			SRPWCR
  			WASVCB   WASBLK   WASDGT   WSISUM
  			TRLATS   TRLBTS
  			CVLASF   CVLASC   CVLALF   CVLALC
  			WASCOM   COGCOM   CVLCOM
  			CANEVR   CANONS   CANFLF
  			CANFTY   CANF6M   CANAC6
  			CANYRS
  			ALCEVR   ALCONS   ALCFLF
  			ALCFTY   ALCF6M   ALCAC6
  			ALCYRS
  			SRPWCRDt WASVCBDt WASBLKDt
  			WASDGTDt WSISUMDt TRLATSDt
  			TRLBTSDt CVLASFDt CVLASCDt
  			CVLALFDt CVLALCDt WASCOMDt
  			COGCOMDt CVLCOMDt
  			COGPGS
  			PC1 PC2 PC3 PC4 PC5 PC6
  		;
  	USEVARIABLES =
  		! outcome
    			CVLASF
    		! covariates
    			DEMAGE
    			DEMMAL  			
    		! within predictor
    			CANONS
    			ALCONS
    			COGPGS
    		! between predictor
    			CANONSBW
    			ALCONSBW
    			COGPGSBW
    			PC1BW
    			PC2BW
    			PC3BW
    			PC4BW
    			PC5BW
    		;
    	USEOBSERVATION =
    			(Wave EQ 1 AND CVLASFDt EQ 1)
    		;
    	CLUSTER =
    			ID_Fam
    		;
    	MISSING = .;
    	BETWEEN =   		
    			CANONSBW
    			ALCONSBW
    			COGPGSBW
    			PC1BW
    			PC2BW
    			PC3BW
    			PC4BW
    			PC5BW 			
    		;
    	WITHIN  		
    			CANONS
    			ALCONS
    			COGPGS
    			DEMAGE
    			DEMMAL
    		;  		

  DEFINE:
  	! CREATE BW FAM PREDICTOR
  		CANONSBW = cluster_mean (CANONS);
  		ALCONSBW = cluster_mean (ALCONS);
  		COGPGSBW = cluster_mean (COGPGS);
  		PC1BW = cluster_mean (PC1);
  		PC2BW = cluster_mean (PC2);
  		PC3BW = cluster_mean (PC3);
  		PC4BW = cluster_mean (PC4);
  		PC5BW = cluster_mean (PC5);
  	! CENTER WI FAM VARIABLES
  		CENTER CANONS (GROUPMEAN);
  		CENTER ALCONS (GROUPMEAN);
  		CENTER COGPGS (GROUPMEAN);
  		CENTER DEMMAL (GRANDMEAN);
  		CENTER DEMAGE (GRANDMEAN);
  	! CENTER BW FAM VARIABLES
  		CENTER CANONSBW (GRANDMEAN);
  		CENTER ALCONSBW (GRANDMEAN);
  		CENTER COGPGSBW (GRANDMEAN);
  		CENTER PC1BW (GRANDMEAN);
  		CENTER PC2BW (GRANDMEAN);
  		CENTER PC3BW (GRANDMEAN);
  		CENTER PC4BW (GRANDMEAN);
  		CENTER PC5BW (GRANDMEAN);
  ANALYSIS:
          ITERATIONS = 1000000;
          TYPE = TWOLEVEL RANDOM;
          ALGORITHM = INTEGRATION;

  OUTPUT:
  	SAMPSTAT STDYX TECH1 CINT;

  MODEL:
  %WITHIN%
  	CVLASF on CANONS;
  	CVLASF on  DEMMAL DEMAGE COGPGS ALCONS;
  	COGPGS*;
  	ALCONS*;
  	CVLASF*;
  	CANONS WITH DEMMAL*;
  	CANONS WITH DEMAGE*;
  	CANONS WITH COGPGS*;

  	CANONS WITH ALCONS*;
  	
  	ALCONS WITH DEMMAL*;
  	ALCONS WITH DEMAGE*;
  	ALCONS WITH COGPGS*;

  %BETWEEN%
  	CVLASF on CANONSBW COGPGSBW ALCONSBW
  			    PC1BW PC2BW PC3BW PC4BW PC5BW;
  	COGPGSBW*;
  	ALCONSBW;
  	CVLASF*;
  	CANONSBW WITH COGPGSBW*;
  	CANONSBW WITH ALCONSBW*;
  	ALCONSBW WITH COGPGSBW*;


  PLOT:
  	TYPE = plot3;



*** WARNING
  Data set contains cases with missing on x-variables.
  These cases were not included in the analysis.
  Number of cases with missing on x-variables:  46
   1 WARNING(S) FOUND IN THE INPUT INSTRUCTIONS



CANONS_CVLASF_1;

SUMMARY OF ANALYSIS

Number of groups                                                 1
Number of observations                                         444

Number of dependent variables                                    1
Number of independent variables                                 13
Number of continuous latent variables                            0

Observed dependent variables

  Continuous
   CVLASF

Observed independent variables
   DEMAGE      DEMMAL      CANONS      ALCONS      COGPGS      CANONSBW
   ALCONSBW    COGPGSBW    PC1BW       PC2BW       PC3BW       PC4BW
   PC5BW

Variables with special functions

  Cluster variable      ID_FAM

  Within variables
   DEMAGE      DEMMAL      CANONS      ALCONS      COGPGS

  Between variables
   CANONSBW    ALCONSBW    COGPGSBW    PC1BW       PC2BW       PC3BW
   PC4BW       PC5BW

  Centering (GRANDMEAN)
   DEMMAL      DEMAGE      CANONSBW
   ALCONSBW    COGPGSBW    PC1BW       PC2BW       PC3BW       PC4BW
   PC5BW

  Centering (GROUPMEAN)
   CANONS      ALCONS      COGPGS


Estimator                                                      MLR
Information matrix                                        OBSERVED
Optimization Specifications for the Quasi-Newton Algorithm for
Continuous Outcomes
  Maximum number of iterations                             1000000
  Convergence criterion                                  0.100D-05
Optimization Specifications for the EM Algorithm
  Maximum number of iterations                                 500
  Convergence criteria
    Loglikelihood change                                 0.100D-02
    Relative loglikelihood change                        0.100D-05
    Derivative                                           0.100D-02
Optimization Specifications for the M step of the EM Algorithm for
Categorical Latent variables
  Number of M step iterations                                    1
  M step convergence criterion                           0.100D-02
  Basis for M step termination                           ITERATION
Optimization Specifications for the M step of the EM Algorithm for
Censored, Binary or Ordered Categorical (Ordinal), Unordered
Categorical (Nominal) and Count Outcomes
  Number of M step iterations                                    1
  M step convergence criterion                           0.100D-02
  Basis for M step termination                           ITERATION
  Maximum value for logit thresholds                            15
  Minimum value for logit thresholds                           -15
  Minimum expected cell size for chi-square              0.100D-01
Maximum number of iterations for H1                           2000
Convergence criterion for H1                             0.100D-03
Optimization algorithm                                         EMA
Integration Specifications
  Type                                                    STANDARD
  Number of integration points                                  15
  Dimensions of numerical integration                            0
  Adaptive quadrature                                           ON
Cholesky                                                       OFF

Input data file(s)
  GD190618.csv
Input data format  FREE


SUMMARY OF DATA

     Number of missing data patterns            21
     Number of clusters                        220



COVARIANCE COVERAGE OF DATA

Minimum covariance coverage value   0.100


     PROPORTION OF DATA PRESENT FOR Y


           Covariance Coverage
              CANONSBW      ALCONSBW      COGPGSBW      CVLASF        DEMAGE
              ________      ________      ________      ________      ________
 CANONSBW       0.928
 ALCONSBW       0.910         0.973
 COGPGSBW       0.928         0.973         1.000
 CVLASF         0.926         0.971         0.995         0.995
 DEMAGE         0.926         0.971         0.995         0.993         0.995
 DEMMAL         0.928         0.973         0.998         0.995         0.995
 CANONS         0.757         0.745         0.757         0.757         0.755
 ALCONS         0.777         0.827         0.827         0.824         0.827
 COGPGS         0.660         0.694         0.712         0.709         0.709
 PC1BW          0.928         0.973         1.000         0.995         0.995
 PC2BW          0.928         0.973         1.000         0.995         0.995
 PC3BW          0.928         0.973         1.000         0.995         0.995
 PC4BW          0.928         0.973         1.000         0.995         0.995
 PC5BW          0.928         0.973         1.000         0.995         0.995


           Covariance Coverage
              DEMMAL        CANONS        ALCONS        COGPGS        PC1BW
              ________      ________      ________      ________      ________
 DEMMAL         0.998
 CANONS         0.757         0.757
 ALCONS         0.827         0.685         0.827
 COGPGS         0.709         0.572         0.615         0.712
 PC1BW          0.998         0.757         0.827         0.712         1.000
 PC2BW          0.998         0.757         0.827         0.712         1.000
 PC3BW          0.998         0.757         0.827         0.712         1.000
 PC4BW          0.998         0.757         0.827         0.712         1.000
 PC5BW          0.998         0.757         0.827         0.712         1.000


           Covariance Coverage
              PC2BW         PC3BW         PC4BW         PC5BW
              ________      ________      ________      ________
 PC2BW          1.000
 PC3BW          1.000         1.000
 PC4BW          1.000         1.000         1.000
 PC5BW          1.000         1.000         1.000         1.000


SAMPLE STATISTICS


     ESTIMATED SAMPLE STATISTICS


           Means
              CANONSBW      ALCONSBW      COGPGSBW      CVLASF        DEMAGE
              ________      ________      ________      ________      ________
 1             -0.050        -0.003         0.000        -0.575        -0.003


           Means
              DEMMAL        CANONS        ALCONS        COGPGS        PC1BW
              ________      ________      ________      ________      ________
 1              0.000         0.148         0.020        -0.001         0.000


           Means
              PC2BW         PC3BW         PC4BW         PC5BW
              ________      ________      ________      ________
 1              0.000         0.000         0.000         0.000


           Covariances
              CANONSBW      ALCONSBW      COGPGSBW      CVLASF        DEMAGE
              ________      ________      ________      ________      ________
 CANONSBW       2.551
 ALCONSBW       1.024         3.039
 COGPGSBW       0.045         0.025         0.116
 CVLASF         0.068         0.049        -0.004         0.904
 DEMAGE         0.691         1.266         0.036        -0.121         5.897
 DEMMAL         0.034        -0.022         0.008        -0.044        -0.139
 CANONS        -0.314         0.144        -0.003         0.090         1.362
 ALCONS        -0.022        -0.084         0.001         0.053         1.306
 COGPGS        -0.002        -0.001         0.000         0.003        -0.025
 PC1BW         -0.002         0.007        -0.005         0.000         0.007
 PC2BW         -0.009        -0.014         0.000        -0.004         0.006
 PC3BW         -0.005        -0.003        -0.001         0.000        -0.001
 PC4BW          0.013         0.006         0.002         0.000         0.005
 PC5BW          0.026        -0.003        -0.001        -0.001         0.001


           Covariances
              DEMMAL        CANONS        ALCONS        COGPGS        PC1BW
              ________      ________      ________      ________      ________
 DEMMAL         0.248
 CANONS        -0.087         1.687
 ALCONS        -0.063         0.980         1.717
 COGPGS         0.004         0.005         0.006         0.017
 PC1BW         -0.002         0.004         0.000         0.000         0.001
 PC2BW          0.000         0.001         0.002         0.000         0.000
 PC3BW          0.000         0.001         0.000         0.000         0.000
 PC4BW          0.001        -0.003         0.000         0.000         0.000
 PC5BW          0.000        -0.015         0.000         0.000         0.000


           Covariances
              PC2BW         PC3BW         PC4BW         PC5BW
              ________      ________      ________      ________
 PC2BW          0.002
 PC3BW          0.000         0.000
 PC4BW          0.000        -0.001         0.002
 PC5BW          0.000         0.000         0.000         0.002


           Correlations
              CANONSBW      ALCONSBW      COGPGSBW      CVLASF        DEMAGE
              ________      ________      ________      ________      ________
 CANONSBW       1.000
 ALCONSBW       0.368         1.000
 COGPGSBW       0.083         0.043         1.000
 CVLASF         0.045         0.030        -0.011         1.000
 DEMAGE         0.178         0.299         0.044        -0.052         1.000
 DEMMAL         0.043        -0.025         0.050        -0.093        -0.115
 CANONS        -0.151         0.064        -0.006         0.073         0.432
 ALCONS        -0.011        -0.037         0.002         0.042         0.410
 COGPGS        -0.008        -0.004        -0.001         0.027        -0.079
 PC1BW         -0.031         0.103        -0.356         0.011         0.075
 PC2BW         -0.144        -0.194         0.010        -0.103         0.060
 PC3BW         -0.203        -0.100        -0.134         0.014        -0.019
 PC4BW          0.208         0.091         0.134        -0.011         0.047
 PC5BW          0.361        -0.035        -0.033        -0.016         0.012


           Correlations
              DEMMAL        CANONS        ALCONS        COGPGS        PC1BW
              ________      ________      ________      ________      ________
 DEMMAL         1.000
 CANONS        -0.135         1.000
 ALCONS        -0.096         0.576         1.000
 COGPGS         0.055         0.030         0.036         1.000
 PC1BW         -0.085         0.074        -0.002        -0.003         1.000
 PC2BW         -0.014         0.022         0.032         0.002        -0.110
 PC3BW         -0.057         0.065         0.004         0.003         0.053
 PC4BW          0.046        -0.062         0.000        -0.003         0.007
 PC5BW          0.021        -0.256         0.001         0.000        -0.100


           Correlations
              PC2BW         PC3BW         PC4BW         PC5BW
              ________      ________      ________      ________
 PC2BW          1.000
 PC3BW          0.158         1.000
 PC4BW         -0.012        -0.966         1.000
 PC5BW          0.041         0.005         0.033         1.000


     MAXIMUM LOG-LIKELIHOOD VALUE FOR THE UNRESTRICTED (H1) MODEL IS 671.866


UNIVARIATE SAMPLE STATISTICS


     UNIVARIATE HIGHER-ORDER MOMENT DESCRIPTIVE STATISTICS

         Variable/         Mean/     Skewness/   Minimum/ % with                Percentiles
        Sample Size      Variance    Kurtosis    Maximum  Min/Max      20%/60%    40%/80%    Median

     CANONSBW             -0.012      -0.123      -4.132    0.99%      -1.132     -0.132     -0.132
             203.000       2.203       0.049       3.868    0.49%       0.368      0.868
     ALCONSBW             -0.012      -0.040      -5.836    0.47%      -1.336     -0.336      0.164
             213.000       3.066       0.979       6.164    0.47%       0.164      1.164
     COGPGSBW              0.002       0.102      -0.982    0.45%      -0.292     -0.078      0.000
             220.000       0.115       0.217       1.035    0.45%       0.048      0.287
     CVLASF               -0.574      -0.735      -4.500    0.68%      -1.500     -0.500     -0.500
             442.000       0.904       1.469       1.500    1.58%      -0.500      0.000
     DEMAGE                0.000       1.685      -3.760    0.23%      -1.890     -0.940     -0.530
             442.000       5.899       4.644      15.340    0.23%      -0.070      1.350
     DEMMAL                0.000      -0.186      -0.546   45.37%      -0.546     -0.546      0.454
             443.000       0.248      -1.965       0.454   54.63%       0.454      0.454
     CANONS                0.000       0.155      -4.000    0.30%      -1.000      0.000      0.000
             336.000       1.417       1.868       5.000    0.30%       0.000      1.000
     ALCONS                0.000      -0.039      -4.000    0.27%      -1.000      0.000      0.000
             367.000       1.708       0.805       4.000    0.27%       0.000      1.000
     COGPGS                0.000       0.036      -0.482    0.32%      -0.068      0.000      0.000
             316.000       0.017       2.334       0.482    0.32%       0.000      0.065
     PC1BW                 0.000       2.328      -0.023    0.45%      -0.021     -0.016     -0.012
             220.000       0.002       3.990       0.132    0.45%      -0.010     -0.005
     PC2BW                -0.001       0.592      -0.045    0.45%      -0.041     -0.028     -0.014
             220.000       0.002      -0.852       0.120    0.45%       0.006      0.040
     PC3BW                 0.000      -4.401      -0.117    0.45%      -0.003      0.001      0.002
             220.000       0.000      24.351       0.033    0.45%       0.004      0.007
     PC4BW                -0.001       5.011      -0.096    0.45%      -0.013     -0.009     -0.007
             220.000       0.001      28.847       0.283    0.45%      -0.006     -0.002
     PC5BW                 0.001     -13.359      -0.542    0.45%       0.001      0.003      0.004
             220.000       0.001     188.505       0.053    0.45%       0.004      0.006

     THE STANDARD ERRORS OF THE MODEL PARAMETER ESTIMATES MAY NOT BE
     TRUSTWORTHY FOR SOME PARAMETERS DUE TO A NON-POSITIVE DEFINITE
     FIRST-ORDER DERIVATIVE PRODUCT MATRIX.  THIS MAY BE DUE TO THE STARTING
     VALUES BUT MAY ALSO BE AN INDICATION OF MODEL NONIDENTIFICATION.  THE
     CONDITION NUMBER IS       0.253D-16.  PROBLEM INVOLVING THE FOLLOWING PARAMETER:
     Parameter 20, %WITHIN%: ALCONS


THE MODEL ESTIMATION TERMINATED NORMALLY



MODEL FIT INFORMATION

Number of Free Parameters                       42

Loglikelihood

          H0 Value                       -3629.846
          H0 Scaling Correction Factor      1.3096
            for MLR

Information Criteria

          Akaike (AIC)                    7343.692
          Bayesian (BIC)                  7515.717
          Sample-Size Adjusted BIC        7382.428
            (n* = (n + 2) / 24)



MODEL RESULTS

                                                    Two-Tailed
                    Estimate       S.E.  Est./S.E.    P-Value

Within Level

 CVLASF     ON
    CANONS             0.078      0.046      1.698      0.090
    DEMMAL            -0.168      0.089     -1.897      0.058
    DEMAGE            -0.048      0.025     -1.918      0.055
    COGPGS             0.137      0.338      0.406      0.685
    ALCONS             0.026      0.047      0.550      0.582

 CANONS   WITH
    DEMMAL            -0.045      0.026     -1.715      0.086
    DEMAGE             1.292      0.230      5.618      0.000
    COGPGS             0.010      0.013      0.732      0.464
    ALCONS             0.936      0.136      6.905      0.000

 ALCONS   WITH
    DEMMAL            -0.030      0.029     -1.019      0.308
    DEMAGE             1.264      0.246      5.140      0.000
    COGPGS             0.012      0.011      1.058      0.290

 Means
    DEMAGE             0.000      0.113     -0.004      0.997
    DEMMAL             0.000      0.026      0.000      1.000
    CANONS             0.104      0.025      4.126      0.000
    ALCONS             0.012      0.014      0.846      0.397
    COGPGS             0.001      0.001      1.047      0.295

 Variances
    DEMAGE             5.896      0.702      8.405      0.000
    DEMMAL             0.248      0.002    101.231      0.000
    CANONS             1.516      0.225      6.749      0.000
    ALCONS             1.694      0.202      8.385      0.000
    COGPGS             0.017      0.003      6.219      0.000

 Residual Variances
    CVLASF             0.750      0.085      8.802      0.000

Between Level

 CVLASF     ON
    CANONSBW           0.043      0.034      1.281      0.200
    COGPGSBW          -0.055      0.157     -0.352      0.725
    ALCONSBW           0.007      0.031      0.230      0.818
    PC1BW             -1.328      1.371     -0.969      0.333
    PC2BW             -3.990      1.516     -2.632      0.008
    PC3BW             28.282     19.614      1.442      0.149
    PC4BW             11.387      8.177      1.393      0.164
    PC5BW             -0.581      0.444     -1.306      0.191

 CANONSBW WITH
    COGPGSBW           0.036      0.035      1.056      0.291
    ALCONSBW           1.082      0.209      5.172      0.000

 ALCONSBW WITH
    COGPGSBW           0.024      0.042      0.579      0.562

 Means
    CANONSBW          -0.004      0.103     -0.035      0.972
    ALCONSBW          -0.013      0.120     -0.109      0.913
    COGPGSBW           0.002      0.023      0.082      0.935

 Intercepts
    CVLASF            -0.586      0.047    -12.396      0.000

 Variances
    CANONSBW           2.189      0.219      9.988      0.000
    ALCONSBW           3.061      0.362      8.452      0.000
    COGPGSBW           0.115      0.012      9.963      0.000

 Residual Variances
    CVLASF             0.113      0.083      1.363      0.173


STANDARDIZED MODEL RESULTS


STDYX Standardization

                                                    Two-Tailed
                    Estimate       S.E.  Est./S.E.    P-Value

Within Level

 CVLASF     ON
    CANONS             0.109      0.065      1.672      0.095
    DEMMAL            -0.095      0.049     -1.949      0.051
    DEMAGE            -0.133      0.070     -1.914      0.056
    COGPGS             0.020      0.049      0.413      0.680
    ALCONS             0.038      0.069      0.549      0.583

 CANONS   WITH
    DEMMAL            -0.074      0.042     -1.739      0.082
    DEMAGE             0.432      0.047      9.244      0.000
    COGPGS             0.060      0.080      0.751      0.452
    ALCONS             0.584      0.043     13.496      0.000

 ALCONS   WITH
    DEMMAL            -0.046      0.045     -1.017      0.309
    DEMAGE             0.400      0.065      6.199      0.000
    COGPGS             0.071      0.066      1.066      0.286

 Means
    DEMAGE             0.000      0.046     -0.004      0.997
    DEMMAL             0.000      0.053      0.000      1.000
    CANONS             0.085      0.019      4.411      0.000
    ALCONS             0.009      0.011      0.842      0.400
    COGPGS             0.008      0.007      1.054      0.292

 Variances
    DEMAGE             1.000      0.000    999.000    999.000
    DEMMAL             1.000      0.000    999.000    999.000
    CANONS             1.000      0.000    999.000    999.000
    ALCONS             1.000      0.000    999.000    999.000
    COGPGS             1.000      0.000    999.000    999.000

 Residual Variances
    CVLASF             0.969      0.019     51.478      0.000

Between Level

 CVLASF     ON
    CANONSBW           0.175      0.148      1.182      0.237
    COGPGSBW          -0.051      0.142     -0.361      0.718
    ALCONSBW           0.034      0.148      0.232      0.816
    PC1BW             -0.142      0.137     -1.034      0.301
    PC2BW             -0.432      0.165     -2.610      0.009
    PC3BW              1.199      0.661      1.813      0.070
    PC4BW              1.131      0.652      1.736      0.083
    PC5BW             -0.060      0.040     -1.491      0.136

 CANONSBW WITH
    COGPGSBW           0.073      0.069      1.058      0.290
    ALCONSBW           0.418      0.073      5.693      0.000

 ALCONSBW WITH
    COGPGSBW           0.041      0.071      0.577      0.564

 Means
    CANONSBW          -0.002      0.070     -0.035      0.972
    ALCONSBW          -0.007      0.068     -0.109      0.913
    COGPGSBW           0.006      0.067      0.082      0.935

 Intercepts
    CVLASF            -1.602      0.519     -3.085      0.002

 Variances
    CANONSBW           1.000      0.000    999.000    999.000
    ALCONSBW           1.000      0.000    999.000    999.000
    COGPGSBW           1.000      0.000    999.000    999.000

 Residual Variances
    CVLASF             0.842      0.101      8.343      0.000


R-SQUARE

Within Level

    Observed                                        Two-Tailed
    Variable        Estimate       S.E.  Est./S.E.    P-Value

    CVLASF             0.031      0.019      1.645      0.100

Between Level

    Observed                                        Two-Tailed
    Variable        Estimate       S.E.  Est./S.E.    P-Value

    CVLASF             0.158      0.101      1.564      0.118


QUALITY OF NUMERICAL RESULTS

     Condition Number for the Information Matrix              0.253E-16
       (ratio of smallest to largest eigenvalue)


CONFIDENCE INTERVALS OF MODEL RESULTS

                  Lower .5%  Lower 2.5%    Lower 5%    Estimate    Upper 5%  Upper 2.5%   Upper .5%

Within Level

 CVLASF   ON
    CANONS          -0.040      -0.012       0.002       0.078       0.153       0.167       0.195
    DEMMAL          -0.396      -0.342      -0.314      -0.168      -0.022       0.006       0.060
    DEMAGE          -0.113      -0.098      -0.090      -0.048      -0.007       0.001       0.017
    COGPGS          -0.734      -0.526      -0.419       0.137       0.694       0.800       1.009
    ALCONS          -0.095      -0.066      -0.051       0.026       0.103       0.118       0.146

 CANONS   WITH
    DEMMAL          -0.113      -0.097      -0.089      -0.045      -0.002       0.006       0.023
    DEMAGE           0.700       0.841       0.914       1.292       1.671       1.743       1.885
    COGPGS          -0.024      -0.016      -0.012       0.010       0.031       0.035       0.043
    ALCONS           0.587       0.670       0.713       0.936       1.159       1.202       1.285

 ALCONS   WITH
    DEMMAL          -0.105      -0.087      -0.078      -0.030       0.018       0.028       0.046
    DEMAGE           0.631       0.782       0.860       1.264       1.669       1.747       1.898
    COGPGS          -0.017      -0.010      -0.007       0.012       0.030       0.034       0.041

 Means
    DEMAGE          -0.291      -0.222      -0.186       0.000       0.185       0.221       0.290
    DEMMAL          -0.068      -0.052      -0.044       0.000       0.044       0.052       0.068
    CANONS           0.039       0.055       0.063       0.104       0.146       0.154       0.170
    ALCONS          -0.024      -0.016      -0.011       0.012       0.035       0.040       0.048
    COGPGS          -0.001      -0.001      -0.001       0.001       0.003       0.003       0.004

 Variances
    DEMAGE           4.090       4.522       4.742       5.896       7.050       7.271       7.703
    DEMMAL           0.242       0.243       0.244       0.248       0.252       0.253       0.254
    CANONS           0.937       1.076       1.146       1.516       1.886       1.956       2.095
    ALCONS           1.174       1.298       1.362       1.694       2.027       2.090       2.215
    COGPGS           0.010       0.012       0.012       0.017       0.021       0.022       0.024

 Residual Variances
    CVLASF           0.530       0.583       0.610       0.750       0.890       0.917       0.969

Between Level

 CVLASF   ON
    CANONSBW        -0.044      -0.023      -0.012       0.043       0.099       0.109       0.130
    COGPGSBW        -0.459      -0.363      -0.313      -0.055       0.203       0.252       0.349
    ALCONSBW        -0.073      -0.054      -0.044       0.007       0.058       0.068       0.087
    PC1BW           -4.859      -4.015      -3.583      -1.328       0.927       1.359       2.203
    PC2BW           -7.894      -6.961      -6.484      -3.990      -1.497      -1.019      -0.086
    PC3BW          -22.238     -10.160      -3.982      28.282      60.546      66.725      78.803
    PC4BW           -9.675      -4.640      -2.064      11.387      24.838      27.414      32.450
    PC5BW           -1.725      -1.452      -1.312      -0.581       0.151       0.291       0.564

 CANONSBW WITH
    COGPGSBW        -0.053      -0.031      -0.020       0.036       0.093       0.104       0.126
    ALCONSBW         0.543       0.672       0.738       1.082       1.426       1.492       1.621

 ALCONSBW WITH
    COGPGSBW        -0.083      -0.058      -0.045       0.024       0.093       0.106       0.132

 Means
    CANONSBW        -0.270      -0.206      -0.174      -0.004       0.167       0.199       0.263
    ALCONSBW        -0.321      -0.247      -0.210      -0.013       0.184       0.221       0.295
    COGPGSBW        -0.057      -0.043      -0.036       0.002       0.039       0.047       0.061

 Intercepts
    CVLASF          -0.707      -0.678      -0.663      -0.586      -0.508      -0.493      -0.464

 Variances
    CANONSBW         1.625       1.760       1.829       2.189       2.550       2.619       2.754
    ALCONSBW         2.128       2.351       2.465       3.061       3.656       3.770       3.993
    COGPGSBW         0.085       0.092       0.096       0.115       0.134       0.137       0.144

 Residual Variances
    CVLASF          -0.100      -0.049      -0.023       0.113       0.248       0.274       0.325


CONFIDENCE INTERVALS OF STANDARDIZED MODEL RESULTS


STDYX Standardization

                  Lower .5%  Lower 2.5%    Lower 5%    Estimate    Upper 5%  Upper 2.5%   Upper .5%

Within Level

 CVLASF   ON
    CANONS          -0.059      -0.019       0.002       0.109       0.216       0.236       0.276
    DEMMAL          -0.221      -0.191      -0.175      -0.095      -0.015       0.001       0.031
    DEMAGE          -0.312      -0.269      -0.248      -0.133      -0.019       0.003       0.046
    COGPGS          -0.106      -0.076      -0.060       0.020       0.101       0.116       0.147
    ALCONS          -0.141      -0.098      -0.076       0.038       0.152       0.174       0.217

 CANONS   WITH
    DEMMAL          -0.183      -0.157      -0.144      -0.074      -0.004       0.009       0.035
    DEMAGE           0.312       0.341       0.355       0.432       0.509       0.524       0.553
    COGPGS          -0.146      -0.096      -0.071       0.060       0.191       0.216       0.266
    ALCONS           0.472       0.499       0.513       0.584       0.655       0.669       0.695

 ALCONS   WITH
    DEMMAL          -0.162      -0.135      -0.120      -0.046       0.028       0.043       0.070
    DEMAGE           0.234       0.274       0.294       0.400       0.506       0.527       0.566
    COGPGS          -0.100      -0.059      -0.038       0.071       0.180       0.200       0.241

 Means
    DEMAGE          -0.120      -0.091      -0.077       0.000       0.076       0.091       0.119
    DEMMAL          -0.137      -0.104      -0.087       0.000       0.087       0.104       0.137
    CANONS           0.035       0.047       0.053       0.085       0.116       0.122       0.134
    ALCONS          -0.019      -0.012      -0.009       0.009       0.027       0.031       0.037
    COGPGS          -0.011      -0.007      -0.004       0.008       0.020       0.022       0.027

 Variances
    DEMAGE           1.000       1.000       1.000       1.000       1.000       1.000       1.000
    DEMMAL           1.000       1.000       1.000       1.000       1.000       1.000       1.000
    CANONS           1.000       1.000       1.000       1.000       1.000       1.000       1.000
    ALCONS           1.000       1.000       1.000       1.000       1.000       1.000       1.000
    COGPGS           1.000       1.000       1.000       1.000       1.000       1.000       1.000

 Residual Variances
    CVLASF           0.921       0.932       0.938       0.969       1.000       1.006       1.018

Between Level

 CVLASF   ON
    CANONSBW        -0.206      -0.115      -0.068       0.175       0.418       0.465       0.556
    COGPGSBW        -0.416      -0.329      -0.284      -0.051       0.182       0.227       0.314
    ALCONSBW        -0.346      -0.255      -0.209       0.034       0.277       0.324       0.415
    PC1BW           -0.495      -0.411      -0.367      -0.142       0.084       0.127       0.211
    PC2BW           -0.858      -0.756      -0.704      -0.432      -0.160      -0.108      -0.006
    PC3BW           -0.505      -0.097       0.111       1.199       2.288       2.496       2.903
    PC4BW           -0.547      -0.146       0.059       1.131       2.204       2.409       2.810
    PC5BW           -0.164      -0.139      -0.127      -0.060       0.006       0.019       0.044

 CANONSBW WITH
    COGPGSBW        -0.104      -0.062      -0.040       0.073       0.186       0.208       0.250
    ALCONSBW         0.229       0.274       0.297       0.418       0.539       0.562       0.607

 ALCONSBW WITH
    COGPGSBW        -0.142      -0.098      -0.076       0.041       0.157       0.180       0.223

 Means
    CANONSBW        -0.182      -0.139      -0.117      -0.002       0.113       0.135       0.178
    ALCONSBW        -0.183      -0.141      -0.120      -0.007       0.105       0.126       0.168
    COGPGSBW        -0.168      -0.127      -0.105       0.006       0.116       0.138       0.179

 Intercepts
    CVLASF          -2.939      -2.620      -2.456      -1.602      -0.748      -0.584      -0.265

 Variances
    CANONSBW         1.000       1.000       1.000       1.000       1.000       1.000       1.000
    ALCONSBW         1.000       1.000       1.000       1.000       1.000       1.000       1.000
    COGPGSBW         1.000       1.000       1.000       1.000       1.000       1.000       1.000

 Residual Variances
    CVLASF           0.582       0.644       0.676       0.842       1.008       1.040       1.102


TECHNICAL 1 OUTPUT


     PARAMETER SPECIFICATION FOR WITHIN


           NU
              CANONSBW      ALCONSBW      COGPGSBW      CVLASF        DEMAGE
              ________      ________      ________      ________      ________
 1                  0             0             0             0             0


           NU
              DEMMAL        CANONS        ALCONS        COGPGS        PC1BW
              ________      ________      ________      ________      ________
 1                  0             0             0             0             0


           NU
              PC2BW         PC3BW         PC4BW         PC5BW
              ________      ________      ________      ________
 1                  0             0             0             0


           LAMBDA
              CANONSBW      ALCONSBW      COGPGSBW      CVLASF        DEMAGE
              ________      ________      ________      ________      ________
 CANONSBW           0             0             0             0             0
 ALCONSBW           0             0             0             0             0
 COGPGSBW           0             0             0             0             0
 CVLASF             0             0             0             0             0
 DEMAGE             0             0             0             0             0
 DEMMAL             0             0             0             0             0
 CANONS             0             0             0             0             0
 ALCONS             0             0             0             0             0
 COGPGS             0             0             0             0             0
 PC1BW              0             0             0             0             0
 PC2BW              0             0             0             0             0
 PC3BW              0             0             0             0             0
 PC4BW              0             0             0             0             0
 PC5BW              0             0             0             0             0


           LAMBDA
              DEMMAL        CANONS        ALCONS        COGPGS        PC1BW
              ________      ________      ________      ________      ________
 CANONSBW           0             0             0             0             0
 ALCONSBW           0             0             0             0             0
 COGPGSBW           0             0             0             0             0
 CVLASF             0             0             0             0             0
 DEMAGE             0             0             0             0             0
 DEMMAL             0             0             0             0             0
 CANONS             0             0             0             0             0
 ALCONS             0             0             0             0             0
 COGPGS             0             0             0             0             0
 PC1BW              0             0             0             0             0
 PC2BW              0             0             0             0             0
 PC3BW              0             0             0             0             0
 PC4BW              0             0             0             0             0
 PC5BW              0             0             0             0             0


           LAMBDA
              PC2BW         PC3BW         PC4BW         PC5BW
              ________      ________      ________      ________
 CANONSBW           0             0             0             0
 ALCONSBW           0             0             0             0
 COGPGSBW           0             0             0             0
 CVLASF             0             0             0             0
 DEMAGE             0             0             0             0
 DEMMAL             0             0             0             0
 CANONS             0             0             0             0
 ALCONS             0             0             0             0
 COGPGS             0             0             0             0
 PC1BW              0             0             0             0
 PC2BW              0             0             0             0
 PC3BW              0             0             0             0
 PC4BW              0             0             0             0
 PC5BW              0             0             0             0


           THETA
              CANONSBW      ALCONSBW      COGPGSBW      CVLASF        DEMAGE
              ________      ________      ________      ________      ________
 CANONSBW           0
 ALCONSBW           0             0
 COGPGSBW           0             0             0
 CVLASF             0             0             0             0
 DEMAGE             0             0             0             0             0
 DEMMAL             0             0             0             0             0
 CANONS             0             0             0             0             0
 ALCONS             0             0             0             0             0
 COGPGS             0             0             0             0             0
 PC1BW              0             0             0             0             0
 PC2BW              0             0             0             0             0
 PC3BW              0             0             0             0             0
 PC4BW              0             0             0             0             0
 PC5BW              0             0             0             0             0


           THETA
              DEMMAL        CANONS        ALCONS        COGPGS        PC1BW
              ________      ________      ________      ________      ________
 DEMMAL             0
 CANONS             0             0
 ALCONS             0             0             0
 COGPGS             0             0             0             0
 PC1BW              0             0             0             0             0
 PC2BW              0             0             0             0             0
 PC3BW              0             0             0             0             0
 PC4BW              0             0             0             0             0
 PC5BW              0             0             0             0             0


           THETA
              PC2BW         PC3BW         PC4BW         PC5BW
              ________      ________      ________      ________
 PC2BW              0
 PC3BW              0             0
 PC4BW              0             0             0
 PC5BW              0             0             0             0


           ALPHA
              CANONSBW      ALCONSBW      COGPGSBW      CVLASF        DEMAGE
              ________      ________      ________      ________      ________
 1                  0             0             0             0             1


           ALPHA
              DEMMAL        CANONS        ALCONS        COGPGS        PC1BW
              ________      ________      ________      ________      ________
 1                  2             3             4             5             0


           ALPHA
              PC2BW         PC3BW         PC4BW         PC5BW
              ________      ________      ________      ________
 1                  0             0             0             0


           BETA
              CANONSBW      ALCONSBW      COGPGSBW      CVLASF        DEMAGE
              ________      ________      ________      ________      ________
 CANONSBW           0             0             0             0             0
 ALCONSBW           0             0             0             0             0
 COGPGSBW           0             0             0             0             0
 CVLASF             0             0             0             0             6
 DEMAGE             0             0             0             0             0
 DEMMAL             0             0             0             0             0
 CANONS             0             0             0             0             0
 ALCONS             0             0             0             0             0
 COGPGS             0             0             0             0             0
 PC1BW              0             0             0             0             0
 PC2BW              0             0             0             0             0
 PC3BW              0             0             0             0             0
 PC4BW              0             0             0             0             0
 PC5BW              0             0             0             0             0


           BETA
              DEMMAL        CANONS        ALCONS        COGPGS        PC1BW
              ________      ________      ________      ________      ________
 CANONSBW           0             0             0             0             0
 ALCONSBW           0             0             0             0             0
 COGPGSBW           0             0             0             0             0
 CVLASF             7             8             9            10             0
 DEMAGE             0             0             0             0             0
 DEMMAL             0             0             0             0             0
 CANONS             0             0             0             0             0
 ALCONS             0             0             0             0             0
 COGPGS             0             0             0             0             0
 PC1BW              0             0             0             0             0
 PC2BW              0             0             0             0             0
 PC3BW              0             0             0             0             0
 PC4BW              0             0             0             0             0
 PC5BW              0             0             0             0             0


           BETA
              PC2BW         PC3BW         PC4BW         PC5BW
              ________      ________      ________      ________
 CANONSBW           0             0             0             0
 ALCONSBW           0             0             0             0
 COGPGSBW           0             0             0             0
 CVLASF             0             0             0             0
 DEMAGE             0             0             0             0
 DEMMAL             0             0             0             0
 CANONS             0             0             0             0
 ALCONS             0             0             0             0
 COGPGS             0             0             0             0
 PC1BW              0             0             0             0
 PC2BW              0             0             0             0
 PC3BW              0             0             0             0
 PC4BW              0             0             0             0
 PC5BW              0             0             0             0


           PSI
              CANONSBW      ALCONSBW      COGPGSBW      CVLASF        DEMAGE
              ________      ________      ________      ________      ________
 CANONSBW           0
 ALCONSBW           0             0
 COGPGSBW           0             0             0
 CVLASF             0             0             0            11
 DEMAGE             0             0             0             0            12
 DEMMAL             0             0             0             0             0
 CANONS             0             0             0             0            14
 ALCONS             0             0             0             0            17
 COGPGS             0             0             0             0             0
 PC1BW              0             0             0             0             0
 PC2BW              0             0             0             0             0
 PC3BW              0             0             0             0             0
 PC4BW              0             0             0             0             0
 PC5BW              0             0             0             0             0


           PSI
              DEMMAL        CANONS        ALCONS        COGPGS        PC1BW
              ________      ________      ________      ________      ________
 DEMMAL            13
 CANONS            15            16
 ALCONS            18            19            20
 COGPGS             0            21            22            23
 PC1BW              0             0             0             0             0
 PC2BW              0             0             0             0             0
 PC3BW              0             0             0             0             0
 PC4BW              0             0             0             0             0
 PC5BW              0             0             0             0             0


           PSI
              PC2BW         PC3BW         PC4BW         PC5BW
              ________      ________      ________      ________
 PC2BW              0
 PC3BW              0             0
 PC4BW              0             0             0
 PC5BW              0             0             0             0


     PARAMETER SPECIFICATION FOR BETWEEN


           NU
              CANONSBW      ALCONSBW      COGPGSBW      CVLASF        DEMAGE
              ________      ________      ________      ________      ________
 1                  0             0             0             0             0


           NU
              DEMMAL        CANONS        ALCONS        COGPGS        PC1BW
              ________      ________      ________      ________      ________
 1                  0             0             0             0             0


           NU
              PC2BW         PC3BW         PC4BW         PC5BW
              ________      ________      ________      ________
 1                  0             0             0             0


           LAMBDA
              CANONSBW      ALCONSBW      COGPGSBW      CVLASF        DEMAGE
              ________      ________      ________      ________      ________
 CANONSBW           0             0             0             0             0
 ALCONSBW           0             0             0             0             0
 COGPGSBW           0             0             0             0             0
 CVLASF             0             0             0             0             0
 DEMAGE             0             0             0             0             0
 DEMMAL             0             0             0             0             0
 CANONS             0             0             0             0             0
 ALCONS             0             0             0             0             0
 COGPGS             0             0             0             0             0
 PC1BW              0             0             0             0             0
 PC2BW              0             0             0             0             0
 PC3BW              0             0             0             0             0
 PC4BW              0             0             0             0             0
 PC5BW              0             0             0             0             0


           LAMBDA
              DEMMAL        CANONS        ALCONS        COGPGS        PC1BW
              ________      ________      ________      ________      ________
 CANONSBW           0             0             0             0             0
 ALCONSBW           0             0             0             0             0
 COGPGSBW           0             0             0             0             0
 CVLASF             0             0             0             0             0
 DEMAGE             0             0             0             0             0
 DEMMAL             0             0             0             0             0
 CANONS             0             0             0             0             0
 ALCONS             0             0             0             0             0
 COGPGS             0             0             0             0             0
 PC1BW              0             0             0             0             0
 PC2BW              0             0             0             0             0
 PC3BW              0             0             0             0             0
 PC4BW              0             0             0             0             0
 PC5BW              0             0             0             0             0


           LAMBDA
              PC2BW         PC3BW         PC4BW         PC5BW
              ________      ________      ________      ________
 CANONSBW           0             0             0             0
 ALCONSBW           0             0             0             0
 COGPGSBW           0             0             0             0
 CVLASF             0             0             0             0
 DEMAGE             0             0             0             0
 DEMMAL             0             0             0             0
 CANONS             0             0             0             0
 ALCONS             0             0             0             0
 COGPGS             0             0             0             0
 PC1BW              0             0             0             0
 PC2BW              0             0             0             0
 PC3BW              0             0             0             0
 PC4BW              0             0             0             0
 PC5BW              0             0             0             0


           THETA
              CANONSBW      ALCONSBW      COGPGSBW      CVLASF        DEMAGE
              ________      ________      ________      ________      ________
 CANONSBW           0
 ALCONSBW           0             0
 COGPGSBW           0             0             0
 CVLASF             0             0             0             0
 DEMAGE             0             0             0             0             0
 DEMMAL             0             0             0             0             0
 CANONS             0             0             0             0             0
 ALCONS             0             0             0             0             0
 COGPGS             0             0             0             0             0
 PC1BW              0             0             0             0             0
 PC2BW              0             0             0             0             0
 PC3BW              0             0             0             0             0
 PC4BW              0             0             0             0             0
 PC5BW              0             0             0             0             0


           THETA
              DEMMAL        CANONS        ALCONS        COGPGS        PC1BW
              ________      ________      ________      ________      ________
 DEMMAL             0
 CANONS             0             0
 ALCONS             0             0             0
 COGPGS             0             0             0             0
 PC1BW              0             0             0             0             0
 PC2BW              0             0             0             0             0
 PC3BW              0             0             0             0             0
 PC4BW              0             0             0             0             0
 PC5BW              0             0             0             0             0


           THETA
              PC2BW         PC3BW         PC4BW         PC5BW
              ________      ________      ________      ________
 PC2BW              0
 PC3BW              0             0
 PC4BW              0             0             0
 PC5BW              0             0             0             0


           ALPHA
              CANONSBW      ALCONSBW      COGPGSBW      CVLASF        DEMAGE
              ________      ________      ________      ________      ________
 1                 24            25            26            27             0


           ALPHA
              DEMMAL        CANONS        ALCONS        COGPGS        PC1BW
              ________      ________      ________      ________      ________
 1                  0             0             0             0             0


           ALPHA
              PC2BW         PC3BW         PC4BW         PC5BW
              ________      ________      ________      ________
 1                  0             0             0             0


           BETA
              CANONSBW      ALCONSBW      COGPGSBW      CVLASF        DEMAGE
              ________      ________      ________      ________      ________
 CANONSBW           0             0             0             0             0
 ALCONSBW           0             0             0             0             0
 COGPGSBW           0             0             0             0             0
 CVLASF            28            29            30             0             0
 DEMAGE             0             0             0             0             0
 DEMMAL             0             0             0             0             0
 CANONS             0             0             0             0             0
 ALCONS             0             0             0             0             0
 COGPGS             0             0             0             0             0
 PC1BW              0             0             0             0             0
 PC2BW              0             0             0             0             0
 PC3BW              0             0             0             0             0
 PC4BW              0             0             0             0             0
 PC5BW              0             0             0             0             0


           BETA
              DEMMAL        CANONS        ALCONS        COGPGS        PC1BW
              ________      ________      ________      ________      ________
 CANONSBW           0             0             0             0             0
 ALCONSBW           0             0             0             0             0
 COGPGSBW           0             0             0             0             0
 CVLASF             0             0             0             0            31
 DEMAGE             0             0             0             0             0
 DEMMAL             0             0             0             0             0
 CANONS             0             0             0             0             0
 ALCONS             0             0             0             0             0
 COGPGS             0             0             0             0             0
 PC1BW              0             0             0             0             0
 PC2BW              0             0             0             0             0
 PC3BW              0             0             0             0             0
 PC4BW              0             0             0             0             0
 PC5BW              0             0             0             0             0


           BETA
              PC2BW         PC3BW         PC4BW         PC5BW
              ________      ________      ________      ________
 CANONSBW           0             0             0             0
 ALCONSBW           0             0             0             0
 COGPGSBW           0             0             0             0
 CVLASF            32            33            34            35
 DEMAGE             0             0             0             0
 DEMMAL             0             0             0             0
 CANONS             0             0             0             0
 ALCONS             0             0             0             0
 COGPGS             0             0             0             0
 PC1BW              0             0             0             0
 PC2BW              0             0             0             0
 PC3BW              0             0             0             0
 PC4BW              0             0             0             0
 PC5BW              0             0             0             0


           PSI
              CANONSBW      ALCONSBW      COGPGSBW      CVLASF        DEMAGE
              ________      ________      ________      ________      ________
 CANONSBW          36
 ALCONSBW          37            38
 COGPGSBW          39            40            41
 CVLASF             0             0             0            42
 DEMAGE             0             0             0             0             0
 DEMMAL             0             0             0             0             0
 CANONS             0             0             0             0             0
 ALCONS             0             0             0             0             0
 COGPGS             0             0             0             0             0
 PC1BW              0             0             0             0             0
 PC2BW              0             0             0             0             0
 PC3BW              0             0             0             0             0
 PC4BW              0             0             0             0             0
 PC5BW              0             0             0             0             0


           PSI
              DEMMAL        CANONS        ALCONS        COGPGS        PC1BW
              ________      ________      ________      ________      ________
 DEMMAL             0
 CANONS             0             0
 ALCONS             0             0             0
 COGPGS             0             0             0             0
 PC1BW              0             0             0             0             0
 PC2BW              0             0             0             0             0
 PC3BW              0             0             0             0             0
 PC4BW              0             0             0             0             0
 PC5BW              0             0             0             0             0


           PSI
              PC2BW         PC3BW         PC4BW         PC5BW
              ________      ________      ________      ________
 PC2BW              0
 PC3BW              0             0
 PC4BW              0             0             0
 PC5BW              0             0             0             0


     STARTING VALUES FOR WITHIN


           NU
              CANONSBW      ALCONSBW      COGPGSBW      CVLASF        DEMAGE
              ________      ________      ________      ________      ________
 1              0.000         0.000         0.000         0.000         0.000


           NU
              DEMMAL        CANONS        ALCONS        COGPGS        PC1BW
              ________      ________      ________      ________      ________
 1              0.000         0.000         0.000         0.000         0.000


           NU
              PC2BW         PC3BW         PC4BW         PC5BW
              ________      ________      ________      ________
 1              0.000         0.000         0.000         0.000


           LAMBDA
              CANONSBW      ALCONSBW      COGPGSBW      CVLASF        DEMAGE
              ________      ________      ________      ________      ________
 CANONSBW       1.000         0.000         0.000         0.000         0.000
 ALCONSBW       0.000         1.000         0.000         0.000         0.000
 COGPGSBW       0.000         0.000         1.000         0.000         0.000
 CVLASF         0.000         0.000         0.000         1.000         0.000
 DEMAGE         0.000         0.000         0.000         0.000         1.000
 DEMMAL         0.000         0.000         0.000         0.000         0.000
 CANONS         0.000         0.000         0.000         0.000         0.000
 ALCONS         0.000         0.000         0.000         0.000         0.000
 COGPGS         0.000         0.000         0.000         0.000         0.000
 PC1BW          0.000         0.000         0.000         0.000         0.000
 PC2BW          0.000         0.000         0.000         0.000         0.000
 PC3BW          0.000         0.000         0.000         0.000         0.000
 PC4BW          0.000         0.000         0.000         0.000         0.000
 PC5BW          0.000         0.000         0.000         0.000         0.000


           LAMBDA
              DEMMAL        CANONS        ALCONS        COGPGS        PC1BW
              ________      ________      ________      ________      ________
 CANONSBW       0.000         0.000         0.000         0.000         0.000
 ALCONSBW       0.000         0.000         0.000         0.000         0.000
 COGPGSBW       0.000         0.000         0.000         0.000         0.000
 CVLASF         0.000         0.000         0.000         0.000         0.000
 DEMAGE         0.000         0.000         0.000         0.000         0.000
 DEMMAL         1.000         0.000         0.000         0.000         0.000
 CANONS         0.000         1.000         0.000         0.000         0.000
 ALCONS         0.000         0.000         1.000         0.000         0.000
 COGPGS         0.000         0.000         0.000         1.000         0.000
 PC1BW          0.000         0.000         0.000         0.000         1.000
 PC2BW          0.000         0.000         0.000         0.000         0.000
 PC3BW          0.000         0.000         0.000         0.000         0.000
 PC4BW          0.000         0.000         0.000         0.000         0.000
 PC5BW          0.000         0.000         0.000         0.000         0.000


           LAMBDA
              PC2BW         PC3BW         PC4BW         PC5BW
              ________      ________      ________      ________
 CANONSBW       0.000         0.000         0.000         0.000
 ALCONSBW       0.000         0.000         0.000         0.000
 COGPGSBW       0.000         0.000         0.000         0.000
 CVLASF         0.000         0.000         0.000         0.000
 DEMAGE         0.000         0.000         0.000         0.000
 DEMMAL         0.000         0.000         0.000         0.000
 CANONS         0.000         0.000         0.000         0.000
 ALCONS         0.000         0.000         0.000         0.000
 COGPGS         0.000         0.000         0.000         0.000
 PC1BW          0.000         0.000         0.000         0.000
 PC2BW          1.000         0.000         0.000         0.000
 PC3BW          0.000         1.000         0.000         0.000
 PC4BW          0.000         0.000         1.000         0.000
 PC5BW          0.000         0.000         0.000         1.000


           THETA
              CANONSBW      ALCONSBW      COGPGSBW      CVLASF        DEMAGE
              ________      ________      ________      ________      ________
 CANONSBW       0.000
 ALCONSBW       0.000         0.000
 COGPGSBW       0.000         0.000         0.000
 CVLASF         0.000         0.000         0.000         0.000
 DEMAGE         0.000         0.000         0.000         0.000         0.000
 DEMMAL         0.000         0.000         0.000         0.000         0.000
 CANONS         0.000         0.000         0.000         0.000         0.000
 ALCONS         0.000         0.000         0.000         0.000         0.000
 COGPGS         0.000         0.000         0.000         0.000         0.000
 PC1BW          0.000         0.000         0.000         0.000         0.000
 PC2BW          0.000         0.000         0.000         0.000         0.000
 PC3BW          0.000         0.000         0.000         0.000         0.000
 PC4BW          0.000         0.000         0.000         0.000         0.000
 PC5BW          0.000         0.000         0.000         0.000         0.000


           THETA
              DEMMAL        CANONS        ALCONS        COGPGS        PC1BW
              ________      ________      ________      ________      ________
 DEMMAL         0.000
 CANONS         0.000         0.000
 ALCONS         0.000         0.000         0.000
 COGPGS         0.000         0.000         0.000         0.000
 PC1BW          0.000         0.000         0.000         0.000         0.000
 PC2BW          0.000         0.000         0.000         0.000         0.000
 PC3BW          0.000         0.000         0.000         0.000         0.000
 PC4BW          0.000         0.000         0.000         0.000         0.000
 PC5BW          0.000         0.000         0.000         0.000         0.000


           THETA
              PC2BW         PC3BW         PC4BW         PC5BW
              ________      ________      ________      ________
 PC2BW          0.000
 PC3BW          0.000         0.000
 PC4BW          0.000         0.000         0.000
 PC5BW          0.000         0.000         0.000         0.000


           ALPHA
              CANONSBW      ALCONSBW      COGPGSBW      CVLASF        DEMAGE
              ________      ________      ________      ________      ________
 1              0.000         0.000         0.000         0.000         0.000


           ALPHA
              DEMMAL        CANONS        ALCONS        COGPGS        PC1BW
              ________      ________      ________      ________      ________
 1              0.000         0.000         0.000         0.000         0.000


           ALPHA
              PC2BW         PC3BW         PC4BW         PC5BW
              ________      ________      ________      ________
 1              0.000         0.000         0.000         0.000


           BETA
              CANONSBW      ALCONSBW      COGPGSBW      CVLASF        DEMAGE
              ________      ________      ________      ________      ________
 CANONSBW       0.000         0.000         0.000         0.000         0.000
 ALCONSBW       0.000         0.000         0.000         0.000         0.000
 COGPGSBW       0.000         0.000         0.000         0.000         0.000
 CVLASF         0.000         0.000         0.000         0.000         0.000
 DEMAGE         0.000         0.000         0.000         0.000         0.000
 DEMMAL         0.000         0.000         0.000         0.000         0.000
 CANONS         0.000         0.000         0.000         0.000         0.000
 ALCONS         0.000         0.000         0.000         0.000         0.000
 COGPGS         0.000         0.000         0.000         0.000         0.000
 PC1BW          0.000         0.000         0.000         0.000         0.000
 PC2BW          0.000         0.000         0.000         0.000         0.000
 PC3BW          0.000         0.000         0.000         0.000         0.000
 PC4BW          0.000         0.000         0.000         0.000         0.000
 PC5BW          0.000         0.000         0.000         0.000         0.000


           BETA
              DEMMAL        CANONS        ALCONS        COGPGS        PC1BW
              ________      ________      ________      ________      ________
 CANONSBW       0.000         0.000         0.000         0.000         0.000
 ALCONSBW       0.000         0.000         0.000         0.000         0.000
 COGPGSBW       0.000         0.000         0.000         0.000         0.000
 CVLASF         0.000         0.000         0.000         0.000         0.000
 DEMAGE         0.000         0.000         0.000         0.000         0.000
 DEMMAL         0.000         0.000         0.000         0.000         0.000
 CANONS         0.000         0.000         0.000         0.000         0.000
 ALCONS         0.000         0.000         0.000         0.000         0.000
 COGPGS         0.000         0.000         0.000         0.000         0.000
 PC1BW          0.000         0.000         0.000         0.000         0.000
 PC2BW          0.000         0.000         0.000         0.000         0.000
 PC3BW          0.000         0.000         0.000         0.000         0.000
 PC4BW          0.000         0.000         0.000         0.000         0.000
 PC5BW          0.000         0.000         0.000         0.000         0.000


           BETA
              PC2BW         PC3BW         PC4BW         PC5BW
              ________      ________      ________      ________
 CANONSBW       0.000         0.000         0.000         0.000
 ALCONSBW       0.000         0.000         0.000         0.000
 COGPGSBW       0.000         0.000         0.000         0.000
 CVLASF         0.000         0.000         0.000         0.000
 DEMAGE         0.000         0.000         0.000         0.000
 DEMMAL         0.000         0.000         0.000         0.000
 CANONS         0.000         0.000         0.000         0.000
 ALCONS         0.000         0.000         0.000         0.000
 COGPGS         0.000         0.000         0.000         0.000
 PC1BW          0.000         0.000         0.000         0.000
 PC2BW          0.000         0.000         0.000         0.000
 PC3BW          0.000         0.000         0.000         0.000
 PC4BW          0.000         0.000         0.000         0.000
 PC5BW          0.000         0.000         0.000         0.000


           PSI
              CANONSBW      ALCONSBW      COGPGSBW      CVLASF        DEMAGE
              ________      ________      ________      ________      ________
 CANONSBW       0.000
 ALCONSBW       0.000         0.000
 COGPGSBW       0.000         0.000         0.000
 CVLASF         0.000         0.000         0.000         0.452
 DEMAGE         0.000         0.000         0.000         0.000         2.950
 DEMMAL         0.000         0.000         0.000         0.000         0.000
 CANONS         0.000         0.000         0.000         0.000         0.000
 ALCONS         0.000         0.000         0.000         0.000         0.000
 COGPGS         0.000         0.000         0.000         0.000         0.000
 PC1BW          0.000         0.000         0.000         0.000         0.000
 PC2BW          0.000         0.000         0.000         0.000         0.000
 PC3BW          0.000         0.000         0.000         0.000         0.000
 PC4BW          0.000         0.000         0.000         0.000         0.000
 PC5BW          0.000         0.000         0.000         0.000         0.000


           PSI
              DEMMAL        CANONS        ALCONS        COGPGS        PC1BW
              ________      ________      ________      ________      ________
 DEMMAL         0.124
 CANONS         0.000         0.709
 ALCONS         0.000         0.000         0.854
 COGPGS         0.000         0.000         0.000         0.008
 PC1BW          0.000         0.000         0.000         0.000         0.000
 PC2BW          0.000         0.000         0.000         0.000         0.000
 PC3BW          0.000         0.000         0.000         0.000         0.000
 PC4BW          0.000         0.000         0.000         0.000         0.000
 PC5BW          0.000         0.000         0.000         0.000         0.000


           PSI
              PC2BW         PC3BW         PC4BW         PC5BW
              ________      ________      ________      ________
 PC2BW          0.000
 PC3BW          0.000         0.000
 PC4BW          0.000         0.000         0.000
 PC5BW          0.000         0.000         0.000         0.000


     STARTING VALUES FOR BETWEEN


           NU
              CANONSBW      ALCONSBW      COGPGSBW      CVLASF        DEMAGE
              ________      ________      ________      ________      ________
 1              0.000         0.000         0.000         0.000         0.000


           NU
              DEMMAL        CANONS        ALCONS        COGPGS        PC1BW
              ________      ________      ________      ________      ________
 1              0.000         0.000         0.000         0.000         0.000


           NU
              PC2BW         PC3BW         PC4BW         PC5BW
              ________      ________      ________      ________
 1              0.000         0.000         0.000         0.000


           LAMBDA
              CANONSBW      ALCONSBW      COGPGSBW      CVLASF        DEMAGE
              ________      ________      ________      ________      ________
 CANONSBW       1.000         0.000         0.000         0.000         0.000
 ALCONSBW       0.000         1.000         0.000         0.000         0.000
 COGPGSBW       0.000         0.000         1.000         0.000         0.000
 CVLASF         0.000         0.000         0.000         1.000         0.000
 DEMAGE         0.000         0.000         0.000         0.000         1.000
 DEMMAL         0.000         0.000         0.000         0.000         0.000
 CANONS         0.000         0.000         0.000         0.000         0.000
 ALCONS         0.000         0.000         0.000         0.000         0.000
 COGPGS         0.000         0.000         0.000         0.000         0.000
 PC1BW          0.000         0.000         0.000         0.000         0.000
 PC2BW          0.000         0.000         0.000         0.000         0.000
 PC3BW          0.000         0.000         0.000         0.000         0.000
 PC4BW          0.000         0.000         0.000         0.000         0.000
 PC5BW          0.000         0.000         0.000         0.000         0.000


           LAMBDA
              DEMMAL        CANONS        ALCONS        COGPGS        PC1BW
              ________      ________      ________      ________      ________
 CANONSBW       0.000         0.000         0.000         0.000         0.000
 ALCONSBW       0.000         0.000         0.000         0.000         0.000
 COGPGSBW       0.000         0.000         0.000         0.000         0.000
 CVLASF         0.000         0.000         0.000         0.000         0.000
 DEMAGE         0.000         0.000         0.000         0.000         0.000
 DEMMAL         1.000         0.000         0.000         0.000         0.000
 CANONS         0.000         1.000         0.000         0.000         0.000
 ALCONS         0.000         0.000         1.000         0.000         0.000
 COGPGS         0.000         0.000         0.000         1.000         0.000
 PC1BW          0.000         0.000         0.000         0.000         1.000
 PC2BW          0.000         0.000         0.000         0.000         0.000
 PC3BW          0.000         0.000         0.000         0.000         0.000
 PC4BW          0.000         0.000         0.000         0.000         0.000
 PC5BW          0.000         0.000         0.000         0.000         0.000


           LAMBDA
              PC2BW         PC3BW         PC4BW         PC5BW
              ________      ________      ________      ________
 CANONSBW       0.000         0.000         0.000         0.000
 ALCONSBW       0.000         0.000         0.000         0.000
 COGPGSBW       0.000         0.000         0.000         0.000
 CVLASF         0.000         0.000         0.000         0.000
 DEMAGE         0.000         0.000         0.000         0.000
 DEMMAL         0.000         0.000         0.000         0.000
 CANONS         0.000         0.000         0.000         0.000
 ALCONS         0.000         0.000         0.000         0.000
 COGPGS         0.000         0.000         0.000         0.000
 PC1BW          0.000         0.000         0.000         0.000
 PC2BW          1.000         0.000         0.000         0.000
 PC3BW          0.000         1.000         0.000         0.000
 PC4BW          0.000         0.000         1.000         0.000
 PC5BW          0.000         0.000         0.000         1.000


           THETA
              CANONSBW      ALCONSBW      COGPGSBW      CVLASF        DEMAGE
              ________      ________      ________      ________      ________
 CANONSBW       0.000
 ALCONSBW       0.000         0.000
 COGPGSBW       0.000         0.000         0.000
 CVLASF         0.000         0.000         0.000         0.000
 DEMAGE         0.000         0.000         0.000         0.000         0.000
 DEMMAL         0.000         0.000         0.000         0.000         0.000
 CANONS         0.000         0.000         0.000         0.000         0.000
 ALCONS         0.000         0.000         0.000         0.000         0.000
 COGPGS         0.000         0.000         0.000         0.000         0.000
 PC1BW          0.000         0.000         0.000         0.000         0.000
 PC2BW          0.000         0.000         0.000         0.000         0.000
 PC3BW          0.000         0.000         0.000         0.000         0.000
 PC4BW          0.000         0.000         0.000         0.000         0.000
 PC5BW          0.000         0.000         0.000         0.000         0.000


           THETA
              DEMMAL        CANONS        ALCONS        COGPGS        PC1BW
              ________      ________      ________      ________      ________
 DEMMAL         0.000
 CANONS         0.000         0.000
 ALCONS         0.000         0.000         0.000
 COGPGS         0.000         0.000         0.000         0.000
 PC1BW          0.000         0.000         0.000         0.000         0.000
 PC2BW          0.000         0.000         0.000         0.000         0.000
 PC3BW          0.000         0.000         0.000         0.000         0.000
 PC4BW          0.000         0.000         0.000         0.000         0.000
 PC5BW          0.000         0.000         0.000         0.000         0.000


           THETA
              PC2BW         PC3BW         PC4BW         PC5BW
              ________      ________      ________      ________
 PC2BW          0.000
 PC3BW          0.000         0.000
 PC4BW          0.000         0.000         0.000
 PC5BW          0.000         0.000         0.000         0.000


           ALPHA
              CANONSBW      ALCONSBW      COGPGSBW      CVLASF        DEMAGE
              ________      ________      ________      ________      ________
 1              0.000         0.000         0.000        -0.574         0.000


           ALPHA
              DEMMAL        CANONS        ALCONS        COGPGS        PC1BW
              ________      ________      ________      ________      ________
 1              0.000         0.000         0.000         0.000         0.000


           ALPHA
              PC2BW         PC3BW         PC4BW         PC5BW
              ________      ________      ________      ________
 1              0.000         0.000         0.000         0.000


           BETA
              CANONSBW      ALCONSBW      COGPGSBW      CVLASF        DEMAGE
              ________      ________      ________      ________      ________
 CANONSBW       0.000         0.000         0.000         0.000         0.000
 ALCONSBW       0.000         0.000         0.000         0.000         0.000
 COGPGSBW       0.000         0.000         0.000         0.000         0.000
 CVLASF         0.000         0.000         0.000         0.000         0.000
 DEMAGE         0.000         0.000         0.000         0.000         0.000
 DEMMAL         0.000         0.000         0.000         0.000         0.000
 CANONS         0.000         0.000         0.000         0.000         0.000
 ALCONS         0.000         0.000         0.000         0.000         0.000
 COGPGS         0.000         0.000         0.000         0.000         0.000
 PC1BW          0.000         0.000         0.000         0.000         0.000
 PC2BW          0.000         0.000         0.000         0.000         0.000
 PC3BW          0.000         0.000         0.000         0.000         0.000
 PC4BW          0.000         0.000         0.000         0.000         0.000
 PC5BW          0.000         0.000         0.000         0.000         0.000


           BETA
              DEMMAL        CANONS        ALCONS        COGPGS        PC1BW
              ________      ________      ________      ________      ________
 CANONSBW       0.000         0.000         0.000         0.000         0.000
 ALCONSBW       0.000         0.000         0.000         0.000         0.000
 COGPGSBW       0.000         0.000         0.000         0.000         0.000
 CVLASF         0.000         0.000         0.000         0.000         0.000
 DEMAGE         0.000         0.000         0.000         0.000         0.000
 DEMMAL         0.000         0.000         0.000         0.000         0.000
 CANONS         0.000         0.000         0.000         0.000         0.000
 ALCONS         0.000         0.000         0.000         0.000         0.000
 COGPGS         0.000         0.000         0.000         0.000         0.000
 PC1BW          0.000         0.000         0.000         0.000         0.000
 PC2BW          0.000         0.000         0.000         0.000         0.000
 PC3BW          0.000         0.000         0.000         0.000         0.000
 PC4BW          0.000         0.000         0.000         0.000         0.000
 PC5BW          0.000         0.000         0.000         0.000         0.000


           BETA
              PC2BW         PC3BW         PC4BW         PC5BW
              ________      ________      ________      ________
 CANONSBW       0.000         0.000         0.000         0.000
 ALCONSBW       0.000         0.000         0.000         0.000
 COGPGSBW       0.000         0.000         0.000         0.000
 CVLASF         0.000         0.000         0.000         0.000
 DEMAGE         0.000         0.000         0.000         0.000
 DEMMAL         0.000         0.000         0.000         0.000
 CANONS         0.000         0.000         0.000         0.000
 ALCONS         0.000         0.000         0.000         0.000
 COGPGS         0.000         0.000         0.000         0.000
 PC1BW          0.000         0.000         0.000         0.000
 PC2BW          0.000         0.000         0.000         0.000
 PC3BW          0.000         0.000         0.000         0.000
 PC4BW          0.000         0.000         0.000         0.000
 PC5BW          0.000         0.000         0.000         0.000


           PSI
              CANONSBW      ALCONSBW      COGPGSBW      CVLASF        DEMAGE
              ________      ________      ________      ________      ________
 CANONSBW       1.096
 ALCONSBW       0.000         1.525
 COGPGSBW       0.000         0.000         0.058
 CVLASF         0.000         0.000         0.000         0.452
 DEMAGE         0.000         0.000         0.000         0.000         0.000
 DEMMAL         0.000         0.000         0.000         0.000         0.000
 CANONS         0.000         0.000         0.000         0.000         0.000
 ALCONS         0.000         0.000         0.000         0.000         0.000
 COGPGS         0.000         0.000         0.000         0.000         0.000
 PC1BW          0.000         0.000         0.000         0.000         0.000
 PC2BW          0.000         0.000         0.000         0.000         0.000
 PC3BW          0.000         0.000         0.000         0.000         0.000
 PC4BW          0.000         0.000         0.000         0.000         0.000
 PC5BW          0.000         0.000         0.000         0.000         0.000


           PSI
              DEMMAL        CANONS        ALCONS        COGPGS        PC1BW
              ________      ________      ________      ________      ________
 DEMMAL         0.000
 CANONS         0.000         0.000
 ALCONS         0.000         0.000         0.000
 COGPGS         0.000         0.000         0.000         0.000
 PC1BW          0.000         0.000         0.000         0.000         0.001
 PC2BW          0.000         0.000         0.000         0.000         0.000
 PC3BW          0.000         0.000         0.000         0.000         0.000
 PC4BW          0.000         0.000         0.000         0.000         0.000
 PC5BW          0.000         0.000         0.000         0.000         0.000


           PSI
              PC2BW         PC3BW         PC4BW         PC5BW
              ________      ________      ________      ________
 PC2BW          0.001
 PC3BW          0.000         0.000
 PC4BW          0.000         0.000         0.001
 PC5BW          0.000         0.000         0.000         0.001


SAMPLE STATISTICS FOR ESTIMATED FACTOR SCORES


     SAMPLE STATISTICS


           Means
              B_CVLASF
              ________
 1             -0.583


           Covariances
              B_CVLASF
              ________
 B_CVLASF       0.048


           Correlations
              B_CVLASF
              ________
 B_CVLASF       1.000


PLOT INFORMATION

The following plots are available:

  Histograms (sample values)
  Scatterplots (sample values)

     Beginning Time:  13:10:52
        Ending Time:  13:10:53
       Elapsed Time:  00:00:01



MUTHEN & MUTHEN
3463 Stoner Ave.
Los Angeles, CA  90066

Tel: (310) 391-9971
Fax: (310) 391-8971
Web: www.StatModel.com
Support: Support@StatModel.com

Copyright (c) 1998-2015 Muthen & Muthen
