Mplus VERSION 7.4 (Mac)
MUTHEN & MUTHEN
07/30/2019   1:11 PM

INPUT INSTRUCTIONS


  TITLE: CANONS_CVLCOM_2;

  DATA:
  	FILE = GD190618.csv;

  VARIABLE:
  	NAMES =
  			ID_Fam   Wave     ID_MPL
  			DEMMAL   DEMAGE   DEMHSP   DEMRAC
  			SRPWCR
  			WASVCB   WASBLK   WASDGT   WSISUM
  			TRLATS   TRLBTS
  			CVLASF   CVLASC   CVLALF   CVLALC
  			WASCOM   COGCOM   CVLCOM
  			CANEVR   CANONS   CANFLF
  			CANFTY   CANF6M   CANAC6
  			CANYRS
  			ALCEVR   ALCONS   ALCFLF
  			ALCFTY   ALCF6M   ALCAC6
  			ALCYRS
  			SRPWCRDt WASVCBDt WASBLKDt
  			WASDGTDt WSISUMDt TRLATSDt
  			TRLBTSDt CVLASFDt CVLASCDt
  			CVLALFDt CVLALCDt WASCOMDt
  			COGCOMDt CVLCOMDt
  			COGPGS
  			PC1 PC2 PC3 PC4 PC5 PC6
  		;
  	USEVARIABLES =
  		! outcome
    			CVLCOM
    		! covariates
    			DEMAGE
    			DEMMAL  			
    		! within predictor
    			CANONS
    			ALCONS
    			COGPGS
    		! between predictor
    			CANONSBW
    			ALCONSBW
    			COGPGSBW
    			PC1BW
    			PC2BW
    			PC3BW
    			PC4BW
    			PC5BW
    		;
    	USEOBSERVATION =
    			(Wave EQ 2 AND CVLCOMDt EQ 1)
    		;
    	CLUSTER =
    			ID_Fam
    		;
    	MISSING = .;
    	BETWEEN =   		
    			CANONSBW
    			ALCONSBW
    			COGPGSBW
    			PC1BW
    			PC2BW
    			PC3BW
    			PC4BW
    			PC5BW 			
    		;
    	WITHIN  		
    			CANONS
    			ALCONS
    			COGPGS
    			DEMAGE
    			DEMMAL
    		;  		

  DEFINE:
  	! CREATE BW FAM PREDICTOR
  		CANONSBW = cluster_mean (CANONS);
  		ALCONSBW = cluster_mean (ALCONS);
  		COGPGSBW = cluster_mean (COGPGS);
  		PC1BW = cluster_mean (PC1);
  		PC2BW = cluster_mean (PC2);
  		PC3BW = cluster_mean (PC3);
  		PC4BW = cluster_mean (PC4);
  		PC5BW = cluster_mean (PC5);
  	! CENTER WI FAM VARIABLES
  		CENTER CANONS (GROUPMEAN);
  		CENTER ALCONS (GROUPMEAN);
  		CENTER COGPGS (GROUPMEAN);
  		CENTER DEMMAL (GRANDMEAN);
  		CENTER DEMAGE (GRANDMEAN);
  	! CENTER BW FAM VARIABLES
  		CENTER CANONSBW (GRANDMEAN);
  		CENTER ALCONSBW (GRANDMEAN);
  		CENTER COGPGSBW (GRANDMEAN);
  		CENTER PC1BW (GRANDMEAN);
  		CENTER PC2BW (GRANDMEAN);
  		CENTER PC3BW (GRANDMEAN);
  		CENTER PC4BW (GRANDMEAN);
  		CENTER PC5BW (GRANDMEAN);
  ANALYSIS:
          ITERATIONS = 1000000;
          TYPE = TWOLEVEL RANDOM;
          ALGORITHM = INTEGRATION;

  OUTPUT:
  	SAMPSTAT STDYX TECH1 CINT;

  MODEL:
  %WITHIN%
  	CVLCOM on CANONS;
  	CVLCOM on  DEMMAL DEMAGE COGPGS ALCONS;
  	COGPGS*;
  	ALCONS*;
  	CVLCOM*;
  	CANONS WITH DEMMAL*;
  	CANONS WITH DEMAGE*;
  	CANONS WITH COGPGS*;

  	CANONS WITH ALCONS*;
  	
  	ALCONS WITH DEMMAL*;
  	ALCONS WITH DEMAGE*;
  	ALCONS WITH COGPGS*;

  %BETWEEN%
  	CVLCOM on CANONSBW COGPGSBW ALCONSBW
  			    PC1BW PC2BW PC3BW PC4BW PC5BW;
  	COGPGSBW*;
  	ALCONSBW;
  	CVLCOM*;
  	CANONSBW WITH COGPGSBW*;
  	CANONSBW WITH ALCONSBW*;
  	ALCONSBW WITH COGPGSBW*;


  PLOT:
  	TYPE = plot3;



*** WARNING
  Data set contains cases with missing on x-variables.
  These cases were not included in the analysis.
  Number of cases with missing on x-variables:  45
   1 WARNING(S) FOUND IN THE INPUT INSTRUCTIONS



CANONS_CVLCOM_2;

SUMMARY OF ANALYSIS

Number of groups                                                 1
Number of observations                                         379

Number of dependent variables                                    1
Number of independent variables                                 13
Number of continuous latent variables                            0

Observed dependent variables

  Continuous
   CVLCOM

Observed independent variables
   DEMAGE      DEMMAL      CANONS      ALCONS      COGPGS      CANONSBW
   ALCONSBW    COGPGSBW    PC1BW       PC2BW       PC3BW       PC4BW
   PC5BW

Variables with special functions

  Cluster variable      ID_FAM

  Within variables
   DEMAGE      DEMMAL      CANONS      ALCONS      COGPGS

  Between variables
   CANONSBW    ALCONSBW    COGPGSBW    PC1BW       PC2BW       PC3BW
   PC4BW       PC5BW

  Centering (GRANDMEAN)
   DEMMAL      DEMAGE      CANONSBW
   ALCONSBW    COGPGSBW    PC1BW       PC2BW       PC3BW       PC4BW
   PC5BW

  Centering (GROUPMEAN)
   CANONS      ALCONS      COGPGS


Estimator                                                      MLR
Information matrix                                        OBSERVED
Optimization Specifications for the Quasi-Newton Algorithm for
Continuous Outcomes
  Maximum number of iterations                             1000000
  Convergence criterion                                  0.100D-05
Optimization Specifications for the EM Algorithm
  Maximum number of iterations                                 500
  Convergence criteria
    Loglikelihood change                                 0.100D-02
    Relative loglikelihood change                        0.100D-05
    Derivative                                           0.100D-02
Optimization Specifications for the M step of the EM Algorithm for
Categorical Latent variables
  Number of M step iterations                                    1
  M step convergence criterion                           0.100D-02
  Basis for M step termination                           ITERATION
Optimization Specifications for the M step of the EM Algorithm for
Censored, Binary or Ordered Categorical (Ordinal), Unordered
Categorical (Nominal) and Count Outcomes
  Number of M step iterations                                    1
  M step convergence criterion                           0.100D-02
  Basis for M step termination                           ITERATION
  Maximum value for logit thresholds                            15
  Minimum value for logit thresholds                           -15
  Minimum expected cell size for chi-square              0.100D-01
Maximum number of iterations for H1                           2000
Convergence criterion for H1                             0.100D-03
Optimization algorithm                                         EMA
Integration Specifications
  Type                                                    STANDARD
  Number of integration points                                  15
  Dimensions of numerical integration                            0
  Adaptive quadrature                                           ON
Cholesky                                                       OFF

Input data file(s)
  GD190618.csv
Input data format  FREE


SUMMARY OF DATA

     Number of missing data patterns            21
     Number of clusters                        193



COVARIANCE COVERAGE OF DATA

Minimum covariance coverage value   0.100


     PROPORTION OF DATA PRESENT FOR Y


           Covariance Coverage
              CANONSBW      ALCONSBW      COGPGSBW      CVLCOM        DEMAGE
              ________      ________      ________      ________      ________
 CANONSBW       0.939
 ALCONSBW       0.939         0.997
 COGPGSBW       0.939         0.997         1.000
 CVLCOM         0.799         0.839         0.839         0.839
 DEMAGE         0.937         0.995         0.997         0.839         0.997
 DEMMAL         0.937         0.995         0.997         0.839         0.997
 CANONS         0.789         0.789         0.789         0.675         0.786
 ALCONS         0.873         0.923         0.923         0.770         0.921
 COGPGS         0.704         0.752         0.755         0.641         0.755
 PC1BW          0.939         0.997         1.000         0.839         0.997
 PC2BW          0.939         0.997         1.000         0.839         0.997
 PC3BW          0.939         0.997         1.000         0.839         0.997
 PC4BW          0.939         0.997         1.000         0.839         0.997
 PC5BW          0.939         0.997         1.000         0.839         0.997


           Covariance Coverage
              DEMMAL        CANONS        ALCONS        COGPGS        PC1BW
              ________      ________      ________      ________      ________
 DEMMAL         0.997
 CANONS         0.786         0.789
 ALCONS         0.921         0.757         0.923
 COGPGS         0.755         0.612         0.704         0.755
 PC1BW          0.997         0.789         0.923         0.755         1.000
 PC2BW          0.997         0.789         0.923         0.755         1.000
 PC3BW          0.997         0.789         0.923         0.755         1.000
 PC4BW          0.997         0.789         0.923         0.755         1.000
 PC5BW          0.997         0.789         0.923         0.755         1.000


           Covariance Coverage
              PC2BW         PC3BW         PC4BW         PC5BW
              ________      ________      ________      ________
 PC2BW          1.000
 PC3BW          1.000         1.000
 PC4BW          1.000         1.000         1.000
 PC5BW          1.000         1.000         1.000         1.000


SAMPLE STATISTICS


     ESTIMATED SAMPLE STATISTICS


           Means
              CANONSBW      ALCONSBW      COGPGSBW      CVLCOM        DEMAGE
              ________      ________      ________      ________      ________
 1              0.036        -0.002         0.000         0.013        -0.001


           Means
              DEMMAL        CANONS        ALCONS        COGPGS        PC1BW
              ________      ________      ________      ________      ________
 1              0.000         0.108         0.006         0.000         0.000


           Means
              PC2BW         PC3BW         PC4BW         PC5BW
              ________      ________      ________      ________
 1              0.000         0.000         0.000         0.000


           Covariances
              CANONSBW      ALCONSBW      COGPGSBW      CVLCOM        DEMAGE
              ________      ________      ________      ________      ________
 CANONSBW       4.006
 ALCONSBW       1.849         3.285
 COGPGSBW       0.005        -0.003         0.111
 CVLCOM         0.147        -0.009        -0.010         0.884
 DEMAGE         1.260         1.245         0.012        -0.157         7.880
 DEMMAL        -0.112        -0.036         0.013         0.029        -0.208
 CANONS         0.006         0.136         0.006         0.129         0.898
 ALCONS        -0.003        -0.016         0.002         0.069         1.338
 COGPGS        -0.002        -0.001         0.000         0.009        -0.019
 PC1BW          0.012         0.008        -0.004        -0.002         0.011
 PC2BW         -0.007        -0.007         0.000        -0.006        -0.007
 PC3BW         -0.002        -0.002        -0.001        -0.001        -0.001
 PC4BW          0.007         0.005         0.002         0.001         0.005
 PC5BW         -0.009         0.002         0.000         0.002         0.006


           Covariances
              DEMMAL        CANONS        ALCONS        COGPGS        PC1BW
              ________      ________      ________      ________      ________
 DEMMAL         0.249
 CANONS        -0.068         1.911
 ALCONS        -0.074         1.357         3.250
 COGPGS         0.005         0.013         0.013         0.018
 PC1BW         -0.002         0.000         0.000         0.000         0.001
 PC2BW         -0.001         0.003         0.000         0.000         0.000
 PC3BW         -0.001         0.001         0.000         0.000         0.000
 PC4BW          0.001        -0.002         0.000         0.000         0.000
 PC5BW          0.000        -0.001         0.000         0.000         0.000


           Covariances
              PC2BW         PC3BW         PC4BW         PC5BW
              ________      ________      ________      ________
 PC2BW          0.002
 PC3BW          0.000         0.000
 PC4BW          0.000        -0.001         0.002
 PC5BW          0.000         0.000         0.000         0.002


           Correlations
              CANONSBW      ALCONSBW      COGPGSBW      CVLCOM        DEMAGE
              ________      ________      ________      ________      ________
 CANONSBW       1.000
 ALCONSBW       0.510         1.000
 COGPGSBW       0.007        -0.006         1.000
 CVLCOM         0.078        -0.005        -0.032         1.000
 DEMAGE         0.224         0.245         0.013        -0.060         1.000
 DEMMAL        -0.112        -0.039         0.078         0.063        -0.148
 CANONS         0.002         0.054         0.014         0.099         0.231
 ALCONS        -0.001        -0.005         0.004         0.041         0.264
 COGPGS        -0.006        -0.003        -0.007         0.069        -0.050
 PC1BW          0.164         0.117        -0.298        -0.060         0.109
 PC2BW         -0.090        -0.096        -0.006        -0.162        -0.066
 PC3BW         -0.065        -0.070        -0.141        -0.059        -0.028
 PC4BW          0.077         0.071         0.147         0.017         0.041
 PC5BW         -0.092         0.021        -0.029         0.033         0.045


           Correlations
              DEMMAL        CANONS        ALCONS        COGPGS        PC1BW
              ________      ________      ________      ________      ________
 DEMMAL         1.000
 CANONS        -0.098         1.000
 ALCONS        -0.082         0.545         1.000
 COGPGS         0.067         0.068         0.055         1.000
 PC1BW         -0.098        -0.007         0.005        -0.004         1.000
 PC2BW         -0.035         0.047         0.004        -0.003        -0.108
 PC3BW         -0.076         0.028        -0.001         0.004         0.047
 PC4BW          0.058        -0.028         0.002        -0.006         0.014
 PC5BW          0.016        -0.019        -0.003         0.001        -0.126


           Correlations
              PC2BW         PC3BW         PC4BW         PC5BW
              ________      ________      ________      ________
 PC2BW          1.000
 PC3BW          0.138         1.000
 PC4BW          0.003        -0.969         1.000
 PC5BW          0.043         0.001         0.036         1.000


     MAXIMUM LOG-LIKELIHOOD VALUE FOR THE UNRESTRICTED (H1) MODEL IS 157.511


UNIVARIATE SAMPLE STATISTICS


     UNIVARIATE HIGHER-ORDER MOMENT DESCRIPTIVE STATISTICS

         Variable/         Mean/     Skewness/   Minimum/ % with                Percentiles
        Sample Size      Variance    Kurtosis    Maximum  Min/Max      20%/60%    40%/80%    Median

     CANONSBW             -0.049       1.508      -4.959    0.55%      -1.459     -0.959     -0.293
             181.000       4.092       5.896      11.041    0.55%       0.041      1.041
     ALCONSBW             -0.048       0.274      -5.603    0.52%      -1.603     -0.603     -0.103
             192.000       3.350       0.819       5.897    0.52%       0.397      1.397
     COGPGSBW              0.007       0.062      -0.971    0.52%      -0.281     -0.090     -0.006
             193.000       0.112      -0.017       0.900    0.52%       0.058      0.299
     CVLCOM                0.016      -0.524      -3.928    0.31%      -0.699     -0.120      0.059
             318.000       0.884       0.346       1.964    0.63%       0.343      0.809
     DEMAGE                0.000       1.020      -5.431    0.26%      -2.361     -0.961     -0.256
             378.000       7.883       2.777      15.739    0.26%       0.349      2.139
     DEMMAL                0.000      -0.127      -0.532   46.83%      -0.532     -0.532      0.468
             378.000       0.249      -1.984       0.468   53.17%       0.468      0.468
     CANONS                0.000      -0.008      -4.500    0.67%      -1.000      0.000      0.000
             299.000       1.772       1.914       4.500    0.67%       0.000      1.000
     ALCONS                0.000      -0.005      -6.500    0.29%      -1.333      0.000      0.000
             350.000       3.235       1.163       6.500    0.29%       0.000      1.000
     COGPGS                0.000       0.035      -0.482    0.35%      -0.076      0.000      0.000
             286.000       0.018       1.996       0.482    0.35%       0.000      0.072
     PC1BW                 0.000       2.440      -0.023    0.52%      -0.021     -0.016     -0.012
             193.000       0.001       4.619       0.133    0.52%      -0.010     -0.004
     PC2BW                -0.001       0.617      -0.044    0.52%      -0.041     -0.027     -0.013
             193.000       0.002      -0.803       0.121    0.52%       0.005      0.041
     PC3BW                 0.000      -4.137      -0.117    0.52%      -0.003      0.001      0.003
             193.000       0.000      21.256       0.033    0.52%       0.004      0.008
     PC4BW                -0.001       4.674      -0.097    0.52%      -0.014     -0.010     -0.008
             193.000       0.001      24.872       0.282    0.52%      -0.007     -0.003
     PC5BW                 0.002     -12.543      -0.541    0.52%       0.002      0.004      0.004
             193.000       0.002     165.580       0.054    0.52%       0.005      0.007

     THE STANDARD ERRORS OF THE MODEL PARAMETER ESTIMATES MAY NOT BE
     TRUSTWORTHY FOR SOME PARAMETERS DUE TO A NON-POSITIVE DEFINITE
     FIRST-ORDER DERIVATIVE PRODUCT MATRIX.  THIS MAY BE DUE TO THE STARTING
     VALUES BUT MAY ALSO BE AN INDICATION OF MODEL NONIDENTIFICATION.  THE
     CONDITION NUMBER IS       0.159D-10.  PROBLEM INVOLVING THE FOLLOWING PARAMETER:
     Parameter 4, %WITHIN%: [ ALCONS ]


THE MODEL ESTIMATION TERMINATED NORMALLY



MODEL FIT INFORMATION

Number of Free Parameters                       42

Loglikelihood

          H0 Value                       -3419.309
          H0 Scaling Correction Factor      1.2840
            for MLR

Information Criteria

          Akaike (AIC)                    6922.618
          Bayesian (BIC)                  7087.995
          Sample-Size Adjusted BIC        6954.738
            (n* = (n + 2) / 24)



MODEL RESULTS

                                                    Two-Tailed
                    Estimate       S.E.  Est./S.E.    P-Value

Within Level

 CVLCOM     ON
    CANONS             0.098      0.040      2.462      0.014
    DEMMAL             0.109      0.104      1.050      0.294
    DEMAGE            -0.028      0.021     -1.298      0.194
    COGPGS             0.341      0.401      0.851      0.395
    ALCONS            -0.007      0.037     -0.203      0.839

 CANONS   WITH
    DEMMAL            -0.046      0.031     -1.456      0.145
    DEMAGE             0.827      0.227      3.651      0.000
    COGPGS             0.014      0.014      0.957      0.339
    ALCONS             1.302      0.245      5.311      0.000

 ALCONS   WITH
    DEMMAL            -0.039      0.042     -0.936      0.349
    DEMAGE             1.299      0.274      4.741      0.000
    COGPGS             0.017      0.022      0.759      0.448

 Means
    DEMAGE             0.001      0.158      0.006      0.995
    DEMMAL             0.000      0.028     -0.002      0.998
    CANONS             0.093      0.025      3.759      0.000
    ALCONS            -0.002      0.012     -0.163      0.871
    COGPGS             0.001      0.002      0.642      0.521

 Variances
    DEMAGE             7.882      0.888      8.875      0.000
    DEMMAL             0.249      0.002    139.429      0.000
    CANONS             1.864      0.300      6.223      0.000
    ALCONS             3.237      0.430      7.536      0.000
    COGPGS             0.018      0.003      6.165      0.000

 Residual Variances
    CVLCOM             0.743      0.116      6.409      0.000

Between Level

 CVLCOM     ON
    CANONSBW           0.069      0.031      2.203      0.028
    COGPGSBW          -0.149      0.156     -0.952      0.341
    ALCONSBW          -0.038      0.031     -1.215      0.224
    PC1BW             -1.401      2.079     -0.674      0.500
    PC2BW             -2.956      1.782     -1.659      0.097
    PC3BW            -19.109     16.650     -1.148      0.251
    PC4BW             -7.383      7.039     -1.049      0.294
    PC5BW              1.185      0.593      1.999      0.046

 CANONSBW WITH
    COGPGSBW          -0.006      0.045     -0.126      0.900
    ALCONSBW           1.826      0.493      3.702      0.000

 ALCONSBW WITH
    COGPGSBW           0.007      0.043      0.162      0.872

 Means
    CANONSBW          -0.019      0.152     -0.124      0.901
    ALCONSBW          -0.048      0.132     -0.361      0.718
    COGPGSBW           0.007      0.024      0.303      0.762

 Intercepts
    CVLCOM             0.001      0.053      0.019      0.985

 Variances
    CANONSBW           4.090      0.849      4.818      0.000
    ALCONSBW           3.350      0.406      8.253      0.000
    COGPGSBW           0.112      0.011      9.866      0.000

 Residual Variances
    CVLCOM             0.070      0.082      0.864      0.388


STANDARDIZED MODEL RESULTS


STDYX Standardization

                                                    Two-Tailed
                    Estimate       S.E.  Est./S.E.    P-Value

Within Level

 CVLCOM     ON
    CANONS             0.152      0.065      2.332      0.020
    DEMMAL             0.062      0.059      1.049      0.294
    DEMAGE            -0.089      0.068     -1.312      0.189
    COGPGS             0.053      0.061      0.865      0.387
    ALCONS            -0.015      0.075     -0.204      0.838

 CANONS   WITH
    DEMMAL            -0.067      0.044     -1.505      0.132
    DEMAGE             0.216      0.052      4.157      0.000
    COGPGS             0.075      0.077      0.977      0.328
    ALCONS             0.530      0.066      7.997      0.000

 ALCONS   WITH
    DEMMAL            -0.043      0.046     -0.936      0.349
    DEMAGE             0.257      0.047      5.450      0.000
    COGPGS             0.069      0.090      0.772      0.440

 Means
    DEMAGE             0.000      0.056      0.006      0.995
    DEMMAL             0.000      0.056     -0.002      0.998
    CANONS             0.068      0.017      4.110      0.000
    ALCONS            -0.001      0.007     -0.163      0.871
    COGPGS             0.008      0.013      0.655      0.512

 Variances
    DEMAGE             1.000      0.000    999.000    999.000
    DEMMAL             1.000      0.000    999.000    999.000
    CANONS             1.000      0.000    999.000    999.000
    ALCONS             1.000      0.000    999.000    999.000
    COGPGS             1.000      0.000    999.000    999.000

 Residual Variances
    CVLCOM             0.970      0.018     54.380      0.000

Between Level

 CVLCOM     ON
    CANONSBW           0.395      0.212      1.864      0.062
    COGPGSBW          -0.140      0.154     -0.915      0.360
    ALCONSBW          -0.197      0.151     -1.304      0.192
    PC1BW             -0.148      0.216     -0.686      0.492
    PC2BW             -0.333      0.200     -1.666      0.096
    PC3BW             -0.887      0.857     -1.034      0.301
    PC4BW             -0.806      0.844     -0.956      0.339
    PC5BW              0.135      0.082      1.648      0.099

 CANONSBW WITH
    COGPGSBW          -0.008      0.066     -0.127      0.899
    ALCONSBW           0.493      0.080      6.181      0.000

 ALCONSBW WITH
    COGPGSBW           0.011      0.071      0.161      0.872

 Means
    CANONSBW          -0.009      0.076     -0.123      0.902
    ALCONSBW          -0.026      0.072     -0.359      0.719
    COGPGSBW           0.022      0.072      0.303      0.762

 Intercepts
    CVLCOM             0.003      0.149      0.019      0.985

 Variances
    CANONSBW           1.000      0.000    999.000    999.000
    ALCONSBW           1.000      0.000    999.000    999.000
    COGPGSBW           1.000      0.000    999.000    999.000

 Residual Variances
    CVLCOM             0.562      0.309      1.815      0.069


R-SQUARE

Within Level

    Observed                                        Two-Tailed
    Variable        Estimate       S.E.  Est./S.E.    P-Value

    CVLCOM             0.030      0.018      1.696      0.090

Between Level

    Observed                                        Two-Tailed
    Variable        Estimate       S.E.  Est./S.E.    P-Value

    CVLCOM             0.438      0.309      1.417      0.156


QUALITY OF NUMERICAL RESULTS

     Condition Number for the Information Matrix              0.159E-10
       (ratio of smallest to largest eigenvalue)


CONFIDENCE INTERVALS OF MODEL RESULTS

                  Lower .5%  Lower 2.5%    Lower 5%    Estimate    Upper 5%  Upper 2.5%   Upper .5%

Within Level

 CVLCOM   ON
    CANONS          -0.005       0.020       0.032       0.098       0.163       0.175       0.200
    DEMMAL          -0.159      -0.095      -0.062       0.109       0.281       0.313       0.378
    DEMAGE          -0.083      -0.069      -0.063      -0.028       0.007       0.014       0.027
    COGPGS          -0.691      -0.444      -0.318       0.341       1.000       1.126       1.372
    ALCONS          -0.102      -0.079      -0.068      -0.007       0.053       0.064       0.087

 CANONS   WITH
    DEMMAL          -0.126      -0.107      -0.097      -0.046       0.006       0.016       0.035
    DEMAGE           0.243       0.383       0.454       0.827       1.200       1.271       1.410
    COGPGS          -0.023      -0.015      -0.010       0.014       0.038       0.042       0.051
    ALCONS           0.671       0.822       0.899       1.302       1.705       1.783       1.934

 ALCONS   WITH
    DEMMAL          -0.146      -0.121      -0.107      -0.039       0.030       0.043       0.068
    DEMAGE           0.593       0.762       0.848       1.299       1.750       1.836       2.005
    COGPGS          -0.041      -0.027      -0.020       0.017       0.054       0.061       0.074

 Means
    DEMAGE          -0.405      -0.308      -0.258       0.001       0.260       0.310       0.407
    DEMMAL          -0.072      -0.055      -0.046       0.000       0.046       0.055       0.072
    CANONS           0.029       0.044       0.052       0.093       0.133       0.141       0.156
    ALCONS          -0.033      -0.026      -0.022      -0.002       0.018       0.022       0.029
    COGPGS          -0.003      -0.002      -0.002       0.001       0.004       0.005       0.006

 Variances
    DEMAGE           5.595       6.141       6.421       7.882       9.343       9.623      10.170
    DEMMAL           0.244       0.245       0.246       0.249       0.252       0.252       0.254
    CANONS           1.093       1.277       1.371       1.864       2.357       2.452       2.636
    ALCONS           2.130       2.395       2.530       3.237       3.943       4.079       4.343
    COGPGS           0.011       0.013       0.013       0.018       0.023       0.024       0.026

 Residual Variances
    CVLCOM           0.445       0.516       0.553       0.743       0.934       0.971       1.042

Between Level

 CVLCOM   ON
    CANONSBW        -0.012       0.008       0.018       0.069       0.121       0.131       0.150
    COGPGSBW        -0.551      -0.455      -0.406      -0.149       0.108       0.158       0.254
    ALCONSBW        -0.119      -0.100      -0.090      -0.038       0.013       0.023       0.043
    PC1BW           -6.756      -5.476      -4.821      -1.401       2.019       2.674       3.954
    PC2BW           -7.545      -6.448      -5.887      -2.956      -0.025       0.537       1.634
    PC3BW          -61.995     -51.742     -46.497     -19.109       8.280      13.524      23.777
    PC4BW          -25.515     -21.180     -18.963      -7.383       4.196       6.414      10.749
    PC5BW           -0.342       0.023       0.210       1.185       2.160       2.347       2.712

 CANONSBW WITH
    COGPGSBW        -0.121      -0.094      -0.080      -0.006       0.068       0.082       0.110
    ALCONSBW         0.556       0.859       1.015       1.826       2.638       2.793       3.097

 ALCONSBW WITH
    COGPGSBW        -0.104      -0.078      -0.064       0.007       0.078       0.092       0.118

 Means
    CANONSBW        -0.411      -0.317      -0.269      -0.019       0.232       0.280       0.373
    ALCONSBW        -0.388      -0.307      -0.265      -0.048       0.170       0.211       0.293
    COGPGSBW        -0.055      -0.040      -0.032       0.007       0.047       0.054       0.069

 Intercepts
    CVLCOM          -0.135      -0.102      -0.086       0.001       0.088       0.104       0.137

 Variances
    CANONSBW         1.903       2.426       2.693       4.090       5.486       5.753       6.276
    ALCONSBW         2.304       2.554       2.682       3.350       4.017       4.145       4.395
    COGPGSBW         0.083       0.090       0.093       0.112       0.130       0.134       0.141

 Residual Variances
    CVLCOM          -0.140      -0.089      -0.064       0.070       0.205       0.230       0.280


CONFIDENCE INTERVALS OF STANDARDIZED MODEL RESULTS


STDYX Standardization

                  Lower .5%  Lower 2.5%    Lower 5%    Estimate    Upper 5%  Upper 2.5%   Upper .5%

Within Level

 CVLCOM   ON
    CANONS          -0.016       0.024       0.045       0.152       0.260       0.280       0.320
    DEMMAL          -0.091      -0.054      -0.035       0.062       0.160       0.179       0.215
    DEMAGE          -0.263      -0.221      -0.200      -0.089       0.022       0.044       0.085
    COGPGS          -0.104      -0.067      -0.048       0.053       0.153       0.172       0.210
    ALCONS          -0.208      -0.162      -0.138      -0.015       0.108       0.131       0.177

 CANONS   WITH
    DEMMAL          -0.181      -0.154      -0.140      -0.067       0.006       0.020       0.048
    DEMAGE           0.082       0.114       0.130       0.216       0.301       0.317       0.349
    COGPGS          -0.123      -0.075      -0.051       0.075       0.201       0.226       0.273
    ALCONS           0.359       0.400       0.421       0.530       0.639       0.660       0.701

 ALCONS   WITH
    DEMMAL          -0.163      -0.134      -0.120      -0.043       0.033       0.047       0.076
    DEMAGE           0.136       0.165       0.180       0.257       0.335       0.350       0.379
    COGPGS          -0.162      -0.107      -0.079       0.069       0.218       0.246       0.301

 Means
    DEMAGE          -0.144      -0.110      -0.092       0.000       0.093       0.110       0.145
    DEMMAL          -0.145      -0.111      -0.093       0.000       0.093       0.110       0.145
    CANONS           0.025       0.036       0.041       0.068       0.095       0.100       0.111
    ALCONS          -0.019      -0.014      -0.012      -0.001       0.010       0.012       0.016
    COGPGS          -0.024      -0.017      -0.013       0.008       0.029       0.033       0.041

 Variances
    DEMAGE           1.000       1.000       1.000       1.000       1.000       1.000       1.000
    DEMMAL           1.000       1.000       1.000       1.000       1.000       1.000       1.000
    CANONS           1.000       1.000       1.000       1.000       1.000       1.000       1.000
    ALCONS           1.000       1.000       1.000       1.000       1.000       1.000       1.000
    COGPGS           1.000       1.000       1.000       1.000       1.000       1.000       1.000

 Residual Variances
    CVLCOM           0.924       0.935       0.940       0.970       0.999       1.005       1.016

Between Level

 CVLCOM   ON
    CANONSBW        -0.151      -0.020       0.046       0.395       0.744       0.811       0.941
    COGPGSBW        -0.536      -0.441      -0.393      -0.140       0.112       0.160       0.255
    ALCONSBW        -0.586      -0.493      -0.445      -0.197       0.052       0.099       0.192
    PC1BW           -0.704      -0.571      -0.503      -0.148       0.207       0.275       0.407
    PC2BW           -0.847      -0.724      -0.661      -0.333      -0.004       0.059       0.182
    PC3BW           -3.094      -2.566      -2.296      -0.887       0.523       0.793       1.321
    PC4BW           -2.980      -2.460      -2.194      -0.806       0.582       0.847       1.367
    PC5BW           -0.076      -0.026       0.000       0.135       0.270       0.296       0.347

 CANONSBW WITH
    COGPGSBW        -0.179      -0.138      -0.117      -0.008       0.100       0.121       0.162
    ALCONSBW         0.288       0.337       0.362       0.493       0.625       0.650       0.699

 ALCONSBW WITH
    COGPGSBW        -0.171      -0.127      -0.105       0.011       0.128       0.150       0.193

 Means
    CANONSBW        -0.205      -0.158      -0.134      -0.009       0.115       0.139       0.186
    ALCONSBW        -0.213      -0.168      -0.145      -0.026       0.093       0.116       0.161
    COGPGSBW        -0.163      -0.119      -0.097       0.022       0.140       0.163       0.207

 Intercepts
    CVLCOM          -0.381      -0.289      -0.242       0.003       0.248       0.295       0.387

 Variances
    CANONSBW         1.000       1.000       1.000       1.000       1.000       1.000       1.000
    ALCONSBW         1.000       1.000       1.000       1.000       1.000       1.000       1.000
    COGPGSBW         1.000       1.000       1.000       1.000       1.000       1.000       1.000

 Residual Variances
    CVLCOM          -0.235      -0.045       0.053       0.562       1.071       1.168       1.359


TECHNICAL 1 OUTPUT


     PARAMETER SPECIFICATION FOR WITHIN


           NU
              CANONSBW      ALCONSBW      COGPGSBW      CVLCOM        DEMAGE
              ________      ________      ________      ________      ________
 1                  0             0             0             0             0


           NU
              DEMMAL        CANONS        ALCONS        COGPGS        PC1BW
              ________      ________      ________      ________      ________
 1                  0             0             0             0             0


           NU
              PC2BW         PC3BW         PC4BW         PC5BW
              ________      ________      ________      ________
 1                  0             0             0             0


           LAMBDA
              CANONSBW      ALCONSBW      COGPGSBW      CVLCOM        DEMAGE
              ________      ________      ________      ________      ________
 CANONSBW           0             0             0             0             0
 ALCONSBW           0             0             0             0             0
 COGPGSBW           0             0             0             0             0
 CVLCOM             0             0             0             0             0
 DEMAGE             0             0             0             0             0
 DEMMAL             0             0             0             0             0
 CANONS             0             0             0             0             0
 ALCONS             0             0             0             0             0
 COGPGS             0             0             0             0             0
 PC1BW              0             0             0             0             0
 PC2BW              0             0             0             0             0
 PC3BW              0             0             0             0             0
 PC4BW              0             0             0             0             0
 PC5BW              0             0             0             0             0


           LAMBDA
              DEMMAL        CANONS        ALCONS        COGPGS        PC1BW
              ________      ________      ________      ________      ________
 CANONSBW           0             0             0             0             0
 ALCONSBW           0             0             0             0             0
 COGPGSBW           0             0             0             0             0
 CVLCOM             0             0             0             0             0
 DEMAGE             0             0             0             0             0
 DEMMAL             0             0             0             0             0
 CANONS             0             0             0             0             0
 ALCONS             0             0             0             0             0
 COGPGS             0             0             0             0             0
 PC1BW              0             0             0             0             0
 PC2BW              0             0             0             0             0
 PC3BW              0             0             0             0             0
 PC4BW              0             0             0             0             0
 PC5BW              0             0             0             0             0


           LAMBDA
              PC2BW         PC3BW         PC4BW         PC5BW
              ________      ________      ________      ________
 CANONSBW           0             0             0             0
 ALCONSBW           0             0             0             0
 COGPGSBW           0             0             0             0
 CVLCOM             0             0             0             0
 DEMAGE             0             0             0             0
 DEMMAL             0             0             0             0
 CANONS             0             0             0             0
 ALCONS             0             0             0             0
 COGPGS             0             0             0             0
 PC1BW              0             0             0             0
 PC2BW              0             0             0             0
 PC3BW              0             0             0             0
 PC4BW              0             0             0             0
 PC5BW              0             0             0             0


           THETA
              CANONSBW      ALCONSBW      COGPGSBW      CVLCOM        DEMAGE
              ________      ________      ________      ________      ________
 CANONSBW           0
 ALCONSBW           0             0
 COGPGSBW           0             0             0
 CVLCOM             0             0             0             0
 DEMAGE             0             0             0             0             0
 DEMMAL             0             0             0             0             0
 CANONS             0             0             0             0             0
 ALCONS             0             0             0             0             0
 COGPGS             0             0             0             0             0
 PC1BW              0             0             0             0             0
 PC2BW              0             0             0             0             0
 PC3BW              0             0             0             0             0
 PC4BW              0             0             0             0             0
 PC5BW              0             0             0             0             0


           THETA
              DEMMAL        CANONS        ALCONS        COGPGS        PC1BW
              ________      ________      ________      ________      ________
 DEMMAL             0
 CANONS             0             0
 ALCONS             0             0             0
 COGPGS             0             0             0             0
 PC1BW              0             0             0             0             0
 PC2BW              0             0             0             0             0
 PC3BW              0             0             0             0             0
 PC4BW              0             0             0             0             0
 PC5BW              0             0             0             0             0


           THETA
              PC2BW         PC3BW         PC4BW         PC5BW
              ________      ________      ________      ________
 PC2BW              0
 PC3BW              0             0
 PC4BW              0             0             0
 PC5BW              0             0             0             0


           ALPHA
              CANONSBW      ALCONSBW      COGPGSBW      CVLCOM        DEMAGE
              ________      ________      ________      ________      ________
 1                  0             0             0             0             1


           ALPHA
              DEMMAL        CANONS        ALCONS        COGPGS        PC1BW
              ________      ________      ________      ________      ________
 1                  2             3             4             5             0


           ALPHA
              PC2BW         PC3BW         PC4BW         PC5BW
              ________      ________      ________      ________
 1                  0             0             0             0


           BETA
              CANONSBW      ALCONSBW      COGPGSBW      CVLCOM        DEMAGE
              ________      ________      ________      ________      ________
 CANONSBW           0             0             0             0             0
 ALCONSBW           0             0             0             0             0
 COGPGSBW           0             0             0             0             0
 CVLCOM             0             0             0             0             6
 DEMAGE             0             0             0             0             0
 DEMMAL             0             0             0             0             0
 CANONS             0             0             0             0             0
 ALCONS             0             0             0             0             0
 COGPGS             0             0             0             0             0
 PC1BW              0             0             0             0             0
 PC2BW              0             0             0             0             0
 PC3BW              0             0             0             0             0
 PC4BW              0             0             0             0             0
 PC5BW              0             0             0             0             0


           BETA
              DEMMAL        CANONS        ALCONS        COGPGS        PC1BW
              ________      ________      ________      ________      ________
 CANONSBW           0             0             0             0             0
 ALCONSBW           0             0             0             0             0
 COGPGSBW           0             0             0             0             0
 CVLCOM             7             8             9            10             0
 DEMAGE             0             0             0             0             0
 DEMMAL             0             0             0             0             0
 CANONS             0             0             0             0             0
 ALCONS             0             0             0             0             0
 COGPGS             0             0             0             0             0
 PC1BW              0             0             0             0             0
 PC2BW              0             0             0             0             0
 PC3BW              0             0             0             0             0
 PC4BW              0             0             0             0             0
 PC5BW              0             0             0             0             0


           BETA
              PC2BW         PC3BW         PC4BW         PC5BW
              ________      ________      ________      ________
 CANONSBW           0             0             0             0
 ALCONSBW           0             0             0             0
 COGPGSBW           0             0             0             0
 CVLCOM             0             0             0             0
 DEMAGE             0             0             0             0
 DEMMAL             0             0             0             0
 CANONS             0             0             0             0
 ALCONS             0             0             0             0
 COGPGS             0             0             0             0
 PC1BW              0             0             0             0
 PC2BW              0             0             0             0
 PC3BW              0             0             0             0
 PC4BW              0             0             0             0
 PC5BW              0             0             0             0


           PSI
              CANONSBW      ALCONSBW      COGPGSBW      CVLCOM        DEMAGE
              ________      ________      ________      ________      ________
 CANONSBW           0
 ALCONSBW           0             0
 COGPGSBW           0             0             0
 CVLCOM             0             0             0            11
 DEMAGE             0             0             0             0            12
 DEMMAL             0             0             0             0             0
 CANONS             0             0             0             0            14
 ALCONS             0             0             0             0            17
 COGPGS             0             0             0             0             0
 PC1BW              0             0             0             0             0
 PC2BW              0             0             0             0             0
 PC3BW              0             0             0             0             0
 PC4BW              0             0             0             0             0
 PC5BW              0             0             0             0             0


           PSI
              DEMMAL        CANONS        ALCONS        COGPGS        PC1BW
              ________      ________      ________      ________      ________
 DEMMAL            13
 CANONS            15            16
 ALCONS            18            19            20
 COGPGS             0            21            22            23
 PC1BW              0             0             0             0             0
 PC2BW              0             0             0             0             0
 PC3BW              0             0             0             0             0
 PC4BW              0             0             0             0             0
 PC5BW              0             0             0             0             0


           PSI
              PC2BW         PC3BW         PC4BW         PC5BW
              ________      ________      ________      ________
 PC2BW              0
 PC3BW              0             0
 PC4BW              0             0             0
 PC5BW              0             0             0             0


     PARAMETER SPECIFICATION FOR BETWEEN


           NU
              CANONSBW      ALCONSBW      COGPGSBW      CVLCOM        DEMAGE
              ________      ________      ________      ________      ________
 1                  0             0             0             0             0


           NU
              DEMMAL        CANONS        ALCONS        COGPGS        PC1BW
              ________      ________      ________      ________      ________
 1                  0             0             0             0             0


           NU
              PC2BW         PC3BW         PC4BW         PC5BW
              ________      ________      ________      ________
 1                  0             0             0             0


           LAMBDA
              CANONSBW      ALCONSBW      COGPGSBW      CVLCOM        DEMAGE
              ________      ________      ________      ________      ________
 CANONSBW           0             0             0             0             0
 ALCONSBW           0             0             0             0             0
 COGPGSBW           0             0             0             0             0
 CVLCOM             0             0             0             0             0
 DEMAGE             0             0             0             0             0
 DEMMAL             0             0             0             0             0
 CANONS             0             0             0             0             0
 ALCONS             0             0             0             0             0
 COGPGS             0             0             0             0             0
 PC1BW              0             0             0             0             0
 PC2BW              0             0             0             0             0
 PC3BW              0             0             0             0             0
 PC4BW              0             0             0             0             0
 PC5BW              0             0             0             0             0


           LAMBDA
              DEMMAL        CANONS        ALCONS        COGPGS        PC1BW
              ________      ________      ________      ________      ________
 CANONSBW           0             0             0             0             0
 ALCONSBW           0             0             0             0             0
 COGPGSBW           0             0             0             0             0
 CVLCOM             0             0             0             0             0
 DEMAGE             0             0             0             0             0
 DEMMAL             0             0             0             0             0
 CANONS             0             0             0             0             0
 ALCONS             0             0             0             0             0
 COGPGS             0             0             0             0             0
 PC1BW              0             0             0             0             0
 PC2BW              0             0             0             0             0
 PC3BW              0             0             0             0             0
 PC4BW              0             0             0             0             0
 PC5BW              0             0             0             0             0


           LAMBDA
              PC2BW         PC3BW         PC4BW         PC5BW
              ________      ________      ________      ________
 CANONSBW           0             0             0             0
 ALCONSBW           0             0             0             0
 COGPGSBW           0             0             0             0
 CVLCOM             0             0             0             0
 DEMAGE             0             0             0             0
 DEMMAL             0             0             0             0
 CANONS             0             0             0             0
 ALCONS             0             0             0             0
 COGPGS             0             0             0             0
 PC1BW              0             0             0             0
 PC2BW              0             0             0             0
 PC3BW              0             0             0             0
 PC4BW              0             0             0             0
 PC5BW              0             0             0             0


           THETA
              CANONSBW      ALCONSBW      COGPGSBW      CVLCOM        DEMAGE
              ________      ________      ________      ________      ________
 CANONSBW           0
 ALCONSBW           0             0
 COGPGSBW           0             0             0
 CVLCOM             0             0             0             0
 DEMAGE             0             0             0             0             0
 DEMMAL             0             0             0             0             0
 CANONS             0             0             0             0             0
 ALCONS             0             0             0             0             0
 COGPGS             0             0             0             0             0
 PC1BW              0             0             0             0             0
 PC2BW              0             0             0             0             0
 PC3BW              0             0             0             0             0
 PC4BW              0             0             0             0             0
 PC5BW              0             0             0             0             0


           THETA
              DEMMAL        CANONS        ALCONS        COGPGS        PC1BW
              ________      ________      ________      ________      ________
 DEMMAL             0
 CANONS             0             0
 ALCONS             0             0             0
 COGPGS             0             0             0             0
 PC1BW              0             0             0             0             0
 PC2BW              0             0             0             0             0
 PC3BW              0             0             0             0             0
 PC4BW              0             0             0             0             0
 PC5BW              0             0             0             0             0


           THETA
              PC2BW         PC3BW         PC4BW         PC5BW
              ________      ________      ________      ________
 PC2BW              0
 PC3BW              0             0
 PC4BW              0             0             0
 PC5BW              0             0             0             0


           ALPHA
              CANONSBW      ALCONSBW      COGPGSBW      CVLCOM        DEMAGE
              ________      ________      ________      ________      ________
 1                 24            25            26            27             0


           ALPHA
              DEMMAL        CANONS        ALCONS        COGPGS        PC1BW
              ________      ________      ________      ________      ________
 1                  0             0             0             0             0


           ALPHA
              PC2BW         PC3BW         PC4BW         PC5BW
              ________      ________      ________      ________
 1                  0             0             0             0


           BETA
              CANONSBW      ALCONSBW      COGPGSBW      CVLCOM        DEMAGE
              ________      ________      ________      ________      ________
 CANONSBW           0             0             0             0             0
 ALCONSBW           0             0             0             0             0
 COGPGSBW           0             0             0             0             0
 CVLCOM            28            29            30             0             0
 DEMAGE             0             0             0             0             0
 DEMMAL             0             0             0             0             0
 CANONS             0             0             0             0             0
 ALCONS             0             0             0             0             0
 COGPGS             0             0             0             0             0
 PC1BW              0             0             0             0             0
 PC2BW              0             0             0             0             0
 PC3BW              0             0             0             0             0
 PC4BW              0             0             0             0             0
 PC5BW              0             0             0             0             0


           BETA
              DEMMAL        CANONS        ALCONS        COGPGS        PC1BW
              ________      ________      ________      ________      ________
 CANONSBW           0             0             0             0             0
 ALCONSBW           0             0             0             0             0
 COGPGSBW           0             0             0             0             0
 CVLCOM             0             0             0             0            31
 DEMAGE             0             0             0             0             0
 DEMMAL             0             0             0             0             0
 CANONS             0             0             0             0             0
 ALCONS             0             0             0             0             0
 COGPGS             0             0             0             0             0
 PC1BW              0             0             0             0             0
 PC2BW              0             0             0             0             0
 PC3BW              0             0             0             0             0
 PC4BW              0             0             0             0             0
 PC5BW              0             0             0             0             0


           BETA
              PC2BW         PC3BW         PC4BW         PC5BW
              ________      ________      ________      ________
 CANONSBW           0             0             0             0
 ALCONSBW           0             0             0             0
 COGPGSBW           0             0             0             0
 CVLCOM            32            33            34            35
 DEMAGE             0             0             0             0
 DEMMAL             0             0             0             0
 CANONS             0             0             0             0
 ALCONS             0             0             0             0
 COGPGS             0             0             0             0
 PC1BW              0             0             0             0
 PC2BW              0             0             0             0
 PC3BW              0             0             0             0
 PC4BW              0             0             0             0
 PC5BW              0             0             0             0


           PSI
              CANONSBW      ALCONSBW      COGPGSBW      CVLCOM        DEMAGE
              ________      ________      ________      ________      ________
 CANONSBW          36
 ALCONSBW          37            38
 COGPGSBW          39            40            41
 CVLCOM             0             0             0            42
 DEMAGE             0             0             0             0             0
 DEMMAL             0             0             0             0             0
 CANONS             0             0             0             0             0
 ALCONS             0             0             0             0             0
 COGPGS             0             0             0             0             0
 PC1BW              0             0             0             0             0
 PC2BW              0             0             0             0             0
 PC3BW              0             0             0             0             0
 PC4BW              0             0             0             0             0
 PC5BW              0             0             0             0             0


           PSI
              DEMMAL        CANONS        ALCONS        COGPGS        PC1BW
              ________      ________      ________      ________      ________
 DEMMAL             0
 CANONS             0             0
 ALCONS             0             0             0
 COGPGS             0             0             0             0
 PC1BW              0             0             0             0             0
 PC2BW              0             0             0             0             0
 PC3BW              0             0             0             0             0
 PC4BW              0             0             0             0             0
 PC5BW              0             0             0             0             0


           PSI
              PC2BW         PC3BW         PC4BW         PC5BW
              ________      ________      ________      ________
 PC2BW              0
 PC3BW              0             0
 PC4BW              0             0             0
 PC5BW              0             0             0             0


     STARTING VALUES FOR WITHIN


           NU
              CANONSBW      ALCONSBW      COGPGSBW      CVLCOM        DEMAGE
              ________      ________      ________      ________      ________
 1              0.000         0.000         0.000         0.000         0.000


           NU
              DEMMAL        CANONS        ALCONS        COGPGS        PC1BW
              ________      ________      ________      ________      ________
 1              0.000         0.000         0.000         0.000         0.000


           NU
              PC2BW         PC3BW         PC4BW         PC5BW
              ________      ________      ________      ________
 1              0.000         0.000         0.000         0.000


           LAMBDA
              CANONSBW      ALCONSBW      COGPGSBW      CVLCOM        DEMAGE
              ________      ________      ________      ________      ________
 CANONSBW       1.000         0.000         0.000         0.000         0.000
 ALCONSBW       0.000         1.000         0.000         0.000         0.000
 COGPGSBW       0.000         0.000         1.000         0.000         0.000
 CVLCOM         0.000         0.000         0.000         1.000         0.000
 DEMAGE         0.000         0.000         0.000         0.000         1.000
 DEMMAL         0.000         0.000         0.000         0.000         0.000
 CANONS         0.000         0.000         0.000         0.000         0.000
 ALCONS         0.000         0.000         0.000         0.000         0.000
 COGPGS         0.000         0.000         0.000         0.000         0.000
 PC1BW          0.000         0.000         0.000         0.000         0.000
 PC2BW          0.000         0.000         0.000         0.000         0.000
 PC3BW          0.000         0.000         0.000         0.000         0.000
 PC4BW          0.000         0.000         0.000         0.000         0.000
 PC5BW          0.000         0.000         0.000         0.000         0.000


           LAMBDA
              DEMMAL        CANONS        ALCONS        COGPGS        PC1BW
              ________      ________      ________      ________      ________
 CANONSBW       0.000         0.000         0.000         0.000         0.000
 ALCONSBW       0.000         0.000         0.000         0.000         0.000
 COGPGSBW       0.000         0.000         0.000         0.000         0.000
 CVLCOM         0.000         0.000         0.000         0.000         0.000
 DEMAGE         0.000         0.000         0.000         0.000         0.000
 DEMMAL         1.000         0.000         0.000         0.000         0.000
 CANONS         0.000         1.000         0.000         0.000         0.000
 ALCONS         0.000         0.000         1.000         0.000         0.000
 COGPGS         0.000         0.000         0.000         1.000         0.000
 PC1BW          0.000         0.000         0.000         0.000         1.000
 PC2BW          0.000         0.000         0.000         0.000         0.000
 PC3BW          0.000         0.000         0.000         0.000         0.000
 PC4BW          0.000         0.000         0.000         0.000         0.000
 PC5BW          0.000         0.000         0.000         0.000         0.000


           LAMBDA
              PC2BW         PC3BW         PC4BW         PC5BW
              ________      ________      ________      ________
 CANONSBW       0.000         0.000         0.000         0.000
 ALCONSBW       0.000         0.000         0.000         0.000
 COGPGSBW       0.000         0.000         0.000         0.000
 CVLCOM         0.000         0.000         0.000         0.000
 DEMAGE         0.000         0.000         0.000         0.000
 DEMMAL         0.000         0.000         0.000         0.000
 CANONS         0.000         0.000         0.000         0.000
 ALCONS         0.000         0.000         0.000         0.000
 COGPGS         0.000         0.000         0.000         0.000
 PC1BW          0.000         0.000         0.000         0.000
 PC2BW          1.000         0.000         0.000         0.000
 PC3BW          0.000         1.000         0.000         0.000
 PC4BW          0.000         0.000         1.000         0.000
 PC5BW          0.000         0.000         0.000         1.000


           THETA
              CANONSBW      ALCONSBW      COGPGSBW      CVLCOM        DEMAGE
              ________      ________      ________      ________      ________
 CANONSBW       0.000
 ALCONSBW       0.000         0.000
 COGPGSBW       0.000         0.000         0.000
 CVLCOM         0.000         0.000         0.000         0.000
 DEMAGE         0.000         0.000         0.000         0.000         0.000
 DEMMAL         0.000         0.000         0.000         0.000         0.000
 CANONS         0.000         0.000         0.000         0.000         0.000
 ALCONS         0.000         0.000         0.000         0.000         0.000
 COGPGS         0.000         0.000         0.000         0.000         0.000
 PC1BW          0.000         0.000         0.000         0.000         0.000
 PC2BW          0.000         0.000         0.000         0.000         0.000
 PC3BW          0.000         0.000         0.000         0.000         0.000
 PC4BW          0.000         0.000         0.000         0.000         0.000
 PC5BW          0.000         0.000         0.000         0.000         0.000


           THETA
              DEMMAL        CANONS        ALCONS        COGPGS        PC1BW
              ________      ________      ________      ________      ________
 DEMMAL         0.000
 CANONS         0.000         0.000
 ALCONS         0.000         0.000         0.000
 COGPGS         0.000         0.000         0.000         0.000
 PC1BW          0.000         0.000         0.000         0.000         0.000
 PC2BW          0.000         0.000         0.000         0.000         0.000
 PC3BW          0.000         0.000         0.000         0.000         0.000
 PC4BW          0.000         0.000         0.000         0.000         0.000
 PC5BW          0.000         0.000         0.000         0.000         0.000


           THETA
              PC2BW         PC3BW         PC4BW         PC5BW
              ________      ________      ________      ________
 PC2BW          0.000
 PC3BW          0.000         0.000
 PC4BW          0.000         0.000         0.000
 PC5BW          0.000         0.000         0.000         0.000


           ALPHA
              CANONSBW      ALCONSBW      COGPGSBW      CVLCOM        DEMAGE
              ________      ________      ________      ________      ________
 1              0.000         0.000         0.000         0.000         0.000


           ALPHA
              DEMMAL        CANONS        ALCONS        COGPGS        PC1BW
              ________      ________      ________      ________      ________
 1              0.000         0.000         0.000         0.000         0.000


           ALPHA
              PC2BW         PC3BW         PC4BW         PC5BW
              ________      ________      ________      ________
 1              0.000         0.000         0.000         0.000


           BETA
              CANONSBW      ALCONSBW      COGPGSBW      CVLCOM        DEMAGE
              ________      ________      ________      ________      ________
 CANONSBW       0.000         0.000         0.000         0.000         0.000
 ALCONSBW       0.000         0.000         0.000         0.000         0.000
 COGPGSBW       0.000         0.000         0.000         0.000         0.000
 CVLCOM         0.000         0.000         0.000         0.000         0.000
 DEMAGE         0.000         0.000         0.000         0.000         0.000
 DEMMAL         0.000         0.000         0.000         0.000         0.000
 CANONS         0.000         0.000         0.000         0.000         0.000
 ALCONS         0.000         0.000         0.000         0.000         0.000
 COGPGS         0.000         0.000         0.000         0.000         0.000
 PC1BW          0.000         0.000         0.000         0.000         0.000
 PC2BW          0.000         0.000         0.000         0.000         0.000
 PC3BW          0.000         0.000         0.000         0.000         0.000
 PC4BW          0.000         0.000         0.000         0.000         0.000
 PC5BW          0.000         0.000         0.000         0.000         0.000


           BETA
              DEMMAL        CANONS        ALCONS        COGPGS        PC1BW
              ________      ________      ________      ________      ________
 CANONSBW       0.000         0.000         0.000         0.000         0.000
 ALCONSBW       0.000         0.000         0.000         0.000         0.000
 COGPGSBW       0.000         0.000         0.000         0.000         0.000
 CVLCOM         0.000         0.000         0.000         0.000         0.000
 DEMAGE         0.000         0.000         0.000         0.000         0.000
 DEMMAL         0.000         0.000         0.000         0.000         0.000
 CANONS         0.000         0.000         0.000         0.000         0.000
 ALCONS         0.000         0.000         0.000         0.000         0.000
 COGPGS         0.000         0.000         0.000         0.000         0.000
 PC1BW          0.000         0.000         0.000         0.000         0.000
 PC2BW          0.000         0.000         0.000         0.000         0.000
 PC3BW          0.000         0.000         0.000         0.000         0.000
 PC4BW          0.000         0.000         0.000         0.000         0.000
 PC5BW          0.000         0.000         0.000         0.000         0.000


           BETA
              PC2BW         PC3BW         PC4BW         PC5BW
              ________      ________      ________      ________
 CANONSBW       0.000         0.000         0.000         0.000
 ALCONSBW       0.000         0.000         0.000         0.000
 COGPGSBW       0.000         0.000         0.000         0.000
 CVLCOM         0.000         0.000         0.000         0.000
 DEMAGE         0.000         0.000         0.000         0.000
 DEMMAL         0.000         0.000         0.000         0.000
 CANONS         0.000         0.000         0.000         0.000
 ALCONS         0.000         0.000         0.000         0.000
 COGPGS         0.000         0.000         0.000         0.000
 PC1BW          0.000         0.000         0.000         0.000
 PC2BW          0.000         0.000         0.000         0.000
 PC3BW          0.000         0.000         0.000         0.000
 PC4BW          0.000         0.000         0.000         0.000
 PC5BW          0.000         0.000         0.000         0.000


           PSI
              CANONSBW      ALCONSBW      COGPGSBW      CVLCOM        DEMAGE
              ________      ________      ________      ________      ________
 CANONSBW       0.000
 ALCONSBW       0.000         0.000
 COGPGSBW       0.000         0.000         0.000
 CVLCOM         0.000         0.000         0.000         0.442
 DEMAGE         0.000         0.000         0.000         0.000         3.942
 DEMMAL         0.000         0.000         0.000         0.000         0.000
 CANONS         0.000         0.000         0.000         0.000         0.000
 ALCONS         0.000         0.000         0.000         0.000         0.000
 COGPGS         0.000         0.000         0.000         0.000         0.000
 PC1BW          0.000         0.000         0.000         0.000         0.000
 PC2BW          0.000         0.000         0.000         0.000         0.000
 PC3BW          0.000         0.000         0.000         0.000         0.000
 PC4BW          0.000         0.000         0.000         0.000         0.000
 PC5BW          0.000         0.000         0.000         0.000         0.000


           PSI
              DEMMAL        CANONS        ALCONS        COGPGS        PC1BW
              ________      ________      ________      ________      ________
 DEMMAL         0.124
 CANONS         0.000         0.886
 ALCONS         0.000         0.000         1.618
 COGPGS         0.000         0.000         0.000         0.009
 PC1BW          0.000         0.000         0.000         0.000         0.000
 PC2BW          0.000         0.000         0.000         0.000         0.000
 PC3BW          0.000         0.000         0.000         0.000         0.000
 PC4BW          0.000         0.000         0.000         0.000         0.000
 PC5BW          0.000         0.000         0.000         0.000         0.000


           PSI
              PC2BW         PC3BW         PC4BW         PC5BW
              ________      ________      ________      ________
 PC2BW          0.000
 PC3BW          0.000         0.000
 PC4BW          0.000         0.000         0.000
 PC5BW          0.000         0.000         0.000         0.000


     STARTING VALUES FOR BETWEEN


           NU
              CANONSBW      ALCONSBW      COGPGSBW      CVLCOM        DEMAGE
              ________      ________      ________      ________      ________
 1              0.000         0.000         0.000         0.000         0.000


           NU
              DEMMAL        CANONS        ALCONS        COGPGS        PC1BW
              ________      ________      ________      ________      ________
 1              0.000         0.000         0.000         0.000         0.000


           NU
              PC2BW         PC3BW         PC4BW         PC5BW
              ________      ________      ________      ________
 1              0.000         0.000         0.000         0.000


           LAMBDA
              CANONSBW      ALCONSBW      COGPGSBW      CVLCOM        DEMAGE
              ________      ________      ________      ________      ________
 CANONSBW       1.000         0.000         0.000         0.000         0.000
 ALCONSBW       0.000         1.000         0.000         0.000         0.000
 COGPGSBW       0.000         0.000         1.000         0.000         0.000
 CVLCOM         0.000         0.000         0.000         1.000         0.000
 DEMAGE         0.000         0.000         0.000         0.000         1.000
 DEMMAL         0.000         0.000         0.000         0.000         0.000
 CANONS         0.000         0.000         0.000         0.000         0.000
 ALCONS         0.000         0.000         0.000         0.000         0.000
 COGPGS         0.000         0.000         0.000         0.000         0.000
 PC1BW          0.000         0.000         0.000         0.000         0.000
 PC2BW          0.000         0.000         0.000         0.000         0.000
 PC3BW          0.000         0.000         0.000         0.000         0.000
 PC4BW          0.000         0.000         0.000         0.000         0.000
 PC5BW          0.000         0.000         0.000         0.000         0.000


           LAMBDA
              DEMMAL        CANONS        ALCONS        COGPGS        PC1BW
              ________      ________      ________      ________      ________
 CANONSBW       0.000         0.000         0.000         0.000         0.000
 ALCONSBW       0.000         0.000         0.000         0.000         0.000
 COGPGSBW       0.000         0.000         0.000         0.000         0.000
 CVLCOM         0.000         0.000         0.000         0.000         0.000
 DEMAGE         0.000         0.000         0.000         0.000         0.000
 DEMMAL         1.000         0.000         0.000         0.000         0.000
 CANONS         0.000         1.000         0.000         0.000         0.000
 ALCONS         0.000         0.000         1.000         0.000         0.000
 COGPGS         0.000         0.000         0.000         1.000         0.000
 PC1BW          0.000         0.000         0.000         0.000         1.000
 PC2BW          0.000         0.000         0.000         0.000         0.000
 PC3BW          0.000         0.000         0.000         0.000         0.000
 PC4BW          0.000         0.000         0.000         0.000         0.000
 PC5BW          0.000         0.000         0.000         0.000         0.000


           LAMBDA
              PC2BW         PC3BW         PC4BW         PC5BW
              ________      ________      ________      ________
 CANONSBW       0.000         0.000         0.000         0.000
 ALCONSBW       0.000         0.000         0.000         0.000
 COGPGSBW       0.000         0.000         0.000         0.000
 CVLCOM         0.000         0.000         0.000         0.000
 DEMAGE         0.000         0.000         0.000         0.000
 DEMMAL         0.000         0.000         0.000         0.000
 CANONS         0.000         0.000         0.000         0.000
 ALCONS         0.000         0.000         0.000         0.000
 COGPGS         0.000         0.000         0.000         0.000
 PC1BW          0.000         0.000         0.000         0.000
 PC2BW          1.000         0.000         0.000         0.000
 PC3BW          0.000         1.000         0.000         0.000
 PC4BW          0.000         0.000         1.000         0.000
 PC5BW          0.000         0.000         0.000         1.000


           THETA
              CANONSBW      ALCONSBW      COGPGSBW      CVLCOM        DEMAGE
              ________      ________      ________      ________      ________
 CANONSBW       0.000
 ALCONSBW       0.000         0.000
 COGPGSBW       0.000         0.000         0.000
 CVLCOM         0.000         0.000         0.000         0.000
 DEMAGE         0.000         0.000         0.000         0.000         0.000
 DEMMAL         0.000         0.000         0.000         0.000         0.000
 CANONS         0.000         0.000         0.000         0.000         0.000
 ALCONS         0.000         0.000         0.000         0.000         0.000
 COGPGS         0.000         0.000         0.000         0.000         0.000
 PC1BW          0.000         0.000         0.000         0.000         0.000
 PC2BW          0.000         0.000         0.000         0.000         0.000
 PC3BW          0.000         0.000         0.000         0.000         0.000
 PC4BW          0.000         0.000         0.000         0.000         0.000
 PC5BW          0.000         0.000         0.000         0.000         0.000


           THETA
              DEMMAL        CANONS        ALCONS        COGPGS        PC1BW
              ________      ________      ________      ________      ________
 DEMMAL         0.000
 CANONS         0.000         0.000
 ALCONS         0.000         0.000         0.000
 COGPGS         0.000         0.000         0.000         0.000
 PC1BW          0.000         0.000         0.000         0.000         0.000
 PC2BW          0.000         0.000         0.000         0.000         0.000
 PC3BW          0.000         0.000         0.000         0.000         0.000
 PC4BW          0.000         0.000         0.000         0.000         0.000
 PC5BW          0.000         0.000         0.000         0.000         0.000


           THETA
              PC2BW         PC3BW         PC4BW         PC5BW
              ________      ________      ________      ________
 PC2BW          0.000
 PC3BW          0.000         0.000
 PC4BW          0.000         0.000         0.000
 PC5BW          0.000         0.000         0.000         0.000


           ALPHA
              CANONSBW      ALCONSBW      COGPGSBW      CVLCOM        DEMAGE
              ________      ________      ________      ________      ________
 1              0.000         0.000         0.000         0.016         0.000


           ALPHA
              DEMMAL        CANONS        ALCONS        COGPGS        PC1BW
              ________      ________      ________      ________      ________
 1              0.000         0.000         0.000         0.000         0.000


           ALPHA
              PC2BW         PC3BW         PC4BW         PC5BW
              ________      ________      ________      ________
 1              0.000         0.000         0.000         0.000


           BETA
              CANONSBW      ALCONSBW      COGPGSBW      CVLCOM        DEMAGE
              ________      ________      ________      ________      ________
 CANONSBW       0.000         0.000         0.000         0.000         0.000
 ALCONSBW       0.000         0.000         0.000         0.000         0.000
 COGPGSBW       0.000         0.000         0.000         0.000         0.000
 CVLCOM         0.000         0.000         0.000         0.000         0.000
 DEMAGE         0.000         0.000         0.000         0.000         0.000
 DEMMAL         0.000         0.000         0.000         0.000         0.000
 CANONS         0.000         0.000         0.000         0.000         0.000
 ALCONS         0.000         0.000         0.000         0.000         0.000
 COGPGS         0.000         0.000         0.000         0.000         0.000
 PC1BW          0.000         0.000         0.000         0.000         0.000
 PC2BW          0.000         0.000         0.000         0.000         0.000
 PC3BW          0.000         0.000         0.000         0.000         0.000
 PC4BW          0.000         0.000         0.000         0.000         0.000
 PC5BW          0.000         0.000         0.000         0.000         0.000


           BETA
              DEMMAL        CANONS        ALCONS        COGPGS        PC1BW
              ________      ________      ________      ________      ________
 CANONSBW       0.000         0.000         0.000         0.000         0.000
 ALCONSBW       0.000         0.000         0.000         0.000         0.000
 COGPGSBW       0.000         0.000         0.000         0.000         0.000
 CVLCOM         0.000         0.000         0.000         0.000         0.000
 DEMAGE         0.000         0.000         0.000         0.000         0.000
 DEMMAL         0.000         0.000         0.000         0.000         0.000
 CANONS         0.000         0.000         0.000         0.000         0.000
 ALCONS         0.000         0.000         0.000         0.000         0.000
 COGPGS         0.000         0.000         0.000         0.000         0.000
 PC1BW          0.000         0.000         0.000         0.000         0.000
 PC2BW          0.000         0.000         0.000         0.000         0.000
 PC3BW          0.000         0.000         0.000         0.000         0.000
 PC4BW          0.000         0.000         0.000         0.000         0.000
 PC5BW          0.000         0.000         0.000         0.000         0.000


           BETA
              PC2BW         PC3BW         PC4BW         PC5BW
              ________      ________      ________      ________
 CANONSBW       0.000         0.000         0.000         0.000
 ALCONSBW       0.000         0.000         0.000         0.000
 COGPGSBW       0.000         0.000         0.000         0.000
 CVLCOM         0.000         0.000         0.000         0.000
 DEMAGE         0.000         0.000         0.000         0.000
 DEMMAL         0.000         0.000         0.000         0.000
 CANONS         0.000         0.000         0.000         0.000
 ALCONS         0.000         0.000         0.000         0.000
 COGPGS         0.000         0.000         0.000         0.000
 PC1BW          0.000         0.000         0.000         0.000
 PC2BW          0.000         0.000         0.000         0.000
 PC3BW          0.000         0.000         0.000         0.000
 PC4BW          0.000         0.000         0.000         0.000
 PC5BW          0.000         0.000         0.000         0.000


           PSI
              CANONSBW      ALCONSBW      COGPGSBW      CVLCOM        DEMAGE
              ________      ________      ________      ________      ________
 CANONSBW       2.005
 ALCONSBW       0.000         1.642
 COGPGSBW       0.000         0.000         0.055
 CVLCOM         0.000         0.000         0.000         0.442
 DEMAGE         0.000         0.000         0.000         0.000         0.000
 DEMMAL         0.000         0.000         0.000         0.000         0.000
 CANONS         0.000         0.000         0.000         0.000         0.000
 ALCONS         0.000         0.000         0.000         0.000         0.000
 COGPGS         0.000         0.000         0.000         0.000         0.000
 PC1BW          0.000         0.000         0.000         0.000         0.000
 PC2BW          0.000         0.000         0.000         0.000         0.000
 PC3BW          0.000         0.000         0.000         0.000         0.000
 PC4BW          0.000         0.000         0.000         0.000         0.000
 PC5BW          0.000         0.000         0.000         0.000         0.000


           PSI
              DEMMAL        CANONS        ALCONS        COGPGS        PC1BW
              ________      ________      ________      ________      ________
 DEMMAL         0.000
 CANONS         0.000         0.000
 ALCONS         0.000         0.000         0.000
 COGPGS         0.000         0.000         0.000         0.000
 PC1BW          0.000         0.000         0.000         0.000         0.001
 PC2BW          0.000         0.000         0.000         0.000         0.000
 PC3BW          0.000         0.000         0.000         0.000         0.000
 PC4BW          0.000         0.000         0.000         0.000         0.000
 PC5BW          0.000         0.000         0.000         0.000         0.000


           PSI
              PC2BW         PC3BW         PC4BW         PC5BW
              ________      ________      ________      ________
 PC2BW          0.001
 PC3BW          0.000         0.000
 PC4BW          0.000         0.000         0.001
 PC5BW          0.000         0.000         0.000         0.001


SAMPLE STATISTICS FOR ESTIMATED FACTOR SCORES


     SAMPLE STATISTICS


           Means
              B_CVLCOM
              ________
 1              0.002


           Covariances
              B_CVLCOM
              ________
 B_CVLCOM       0.059


           Correlations
              B_CVLCOM
              ________
 B_CVLCOM       1.000


PLOT INFORMATION

The following plots are available:

  Histograms (sample values)
  Scatterplots (sample values)

     Beginning Time:  13:11:01
        Ending Time:  13:11:03
       Elapsed Time:  00:00:02



MUTHEN & MUTHEN
3463 Stoner Ave.
Los Angeles, CA  90066

Tel: (310) 391-9971
Fax: (310) 391-8971
Web: www.StatModel.com
Support: Support@StatModel.com

Copyright (c) 1998-2015 Muthen & Muthen
