Mplus VERSION 7.4 (Mac)
MUTHEN & MUTHEN
07/30/2019   1:11 PM

INPUT INSTRUCTIONS


  TITLE: CANONS_WASDGT_2;

  DATA:
  	FILE = GD190618.csv;

  VARIABLE:
  	NAMES =
  			ID_Fam   Wave     ID_MPL
  			DEMMAL   DEMAGE   DEMHSP   DEMRAC
  			SRPWCR
  			WASVCB   WASBLK   WASDGT   WSISUM
  			TRLATS   TRLBTS
  			CVLASF   CVLASC   CVLALF   CVLALC
  			WASCOM   COGCOM   CVLCOM
  			CANEVR   CANONS   CANFLF
  			CANFTY   CANF6M   CANAC6
  			CANYRS
  			ALCEVR   ALCONS   ALCFLF
  			ALCFTY   ALCF6M   ALCAC6
  			ALCYRS
  			SRPWCRDt WASVCBDt WASBLKDt
  			WASDGTDt WSISUMDt TRLATSDt
  			TRLBTSDt CVLASFDt CVLASCDt
  			CVLALFDt CVLALCDt WASCOMDt
  			COGCOMDt CVLCOMDt
  			COGPGS
  			PC1 PC2 PC3 PC4 PC5 PC6
  		;
  	USEVARIABLES =
  		! outcome
    			WASDGT
    		! covariates
    			DEMAGE
    			DEMMAL  			
    		! within predictor
    			CANONS
    			ALCONS
    			COGPGS
    		! between predictor
    			CANONSBW
    			ALCONSBW
    			COGPGSBW
    			PC1BW
    			PC2BW
    			PC3BW
    			PC4BW
    			PC5BW
    		;
    	USEOBSERVATION =
    			(Wave EQ 2 AND WASDGTDt EQ 1)
    		;
    	CLUSTER =
    			ID_Fam
    		;
    	MISSING = .;
    	BETWEEN =   		
    			CANONSBW
    			ALCONSBW
    			COGPGSBW
    			PC1BW
    			PC2BW
    			PC3BW
    			PC4BW
    			PC5BW 			
    		;
    	WITHIN  		
    			CANONS
    			ALCONS
    			COGPGS
    			DEMAGE
    			DEMMAL
    		;  		

  DEFINE:
  	! CREATE BW FAM PREDICTOR
  		CANONSBW = cluster_mean (CANONS);
  		ALCONSBW = cluster_mean (ALCONS);
  		COGPGSBW = cluster_mean (COGPGS);
  		PC1BW = cluster_mean (PC1);
  		PC2BW = cluster_mean (PC2);
  		PC3BW = cluster_mean (PC3);
  		PC4BW = cluster_mean (PC4);
  		PC5BW = cluster_mean (PC5);
  	! CENTER WI FAM VARIABLES
  		CENTER CANONS (GROUPMEAN);
  		CENTER ALCONS (GROUPMEAN);
  		CENTER COGPGS (GROUPMEAN);
  		CENTER DEMMAL (GRANDMEAN);
  		CENTER DEMAGE (GRANDMEAN);
  	! CENTER BW FAM VARIABLES
  		CENTER CANONSBW (GRANDMEAN);
  		CENTER ALCONSBW (GRANDMEAN);
  		CENTER COGPGSBW (GRANDMEAN);
  		CENTER PC1BW (GRANDMEAN);
  		CENTER PC2BW (GRANDMEAN);
  		CENTER PC3BW (GRANDMEAN);
  		CENTER PC4BW (GRANDMEAN);
  		CENTER PC5BW (GRANDMEAN);
  ANALYSIS:
          ITERATIONS = 1000000;
          TYPE = TWOLEVEL RANDOM;
          ALGORITHM = INTEGRATION;

  OUTPUT:
  	SAMPSTAT STDYX TECH1 CINT;

  MODEL:
  %WITHIN%
  	WASDGT on CANONS;
  	WASDGT on  DEMMAL DEMAGE COGPGS ALCONS;
  	COGPGS*;
  	ALCONS*;
  	WASDGT*;
  	CANONS WITH DEMMAL*;
  	CANONS WITH DEMAGE*;
  	CANONS WITH COGPGS*;

  	CANONS WITH ALCONS*;
  	
  	ALCONS WITH DEMMAL*;
  	ALCONS WITH DEMAGE*;
  	ALCONS WITH COGPGS*;

  %BETWEEN%
  	WASDGT on CANONSBW COGPGSBW ALCONSBW
  			    PC1BW PC2BW PC3BW PC4BW PC5BW;
  	COGPGSBW*;
  	ALCONSBW;
  	WASDGT*;
  	CANONSBW WITH COGPGSBW*;
  	CANONSBW WITH ALCONSBW*;
  	ALCONSBW WITH COGPGSBW*;


  PLOT:
  	TYPE = plot3;



*** WARNING
  Data set contains cases with missing on x-variables.
  These cases were not included in the analysis.
  Number of cases with missing on x-variables:  45
   1 WARNING(S) FOUND IN THE INPUT INSTRUCTIONS



CANONS_WASDGT_2;

SUMMARY OF ANALYSIS

Number of groups                                                 1
Number of observations                                         380

Number of dependent variables                                    1
Number of independent variables                                 13
Number of continuous latent variables                            0

Observed dependent variables

  Continuous
   WASDGT

Observed independent variables
   DEMAGE      DEMMAL      CANONS      ALCONS      COGPGS      CANONSBW
   ALCONSBW    COGPGSBW    PC1BW       PC2BW       PC3BW       PC4BW
   PC5BW

Variables with special functions

  Cluster variable      ID_FAM

  Within variables
   DEMAGE      DEMMAL      CANONS      ALCONS      COGPGS

  Between variables
   CANONSBW    ALCONSBW    COGPGSBW    PC1BW       PC2BW       PC3BW
   PC4BW       PC5BW

  Centering (GRANDMEAN)
   DEMMAL      DEMAGE      CANONSBW
   ALCONSBW    COGPGSBW    PC1BW       PC2BW       PC3BW       PC4BW
   PC5BW

  Centering (GROUPMEAN)
   CANONS      ALCONS      COGPGS


Estimator                                                      MLR
Information matrix                                        OBSERVED
Optimization Specifications for the Quasi-Newton Algorithm for
Continuous Outcomes
  Maximum number of iterations                             1000000
  Convergence criterion                                  0.100D-05
Optimization Specifications for the EM Algorithm
  Maximum number of iterations                                 500
  Convergence criteria
    Loglikelihood change                                 0.100D-02
    Relative loglikelihood change                        0.100D-05
    Derivative                                           0.100D-02
Optimization Specifications for the M step of the EM Algorithm for
Categorical Latent variables
  Number of M step iterations                                    1
  M step convergence criterion                           0.100D-02
  Basis for M step termination                           ITERATION
Optimization Specifications for the M step of the EM Algorithm for
Censored, Binary or Ordered Categorical (Ordinal), Unordered
Categorical (Nominal) and Count Outcomes
  Number of M step iterations                                    1
  M step convergence criterion                           0.100D-02
  Basis for M step termination                           ITERATION
  Maximum value for logit thresholds                            15
  Minimum value for logit thresholds                           -15
  Minimum expected cell size for chi-square              0.100D-01
Maximum number of iterations for H1                           2000
Convergence criterion for H1                             0.100D-03
Optimization algorithm                                         EMA
Integration Specifications
  Type                                                    STANDARD
  Number of integration points                                  15
  Dimensions of numerical integration                            0
  Adaptive quadrature                                           ON
Cholesky                                                       OFF

Input data file(s)
  GD190618.csv
Input data format  FREE


SUMMARY OF DATA

     Number of missing data patterns            22
     Number of clusters                        193



COVARIANCE COVERAGE OF DATA

Minimum covariance coverage value   0.100


     PROPORTION OF DATA PRESENT FOR Y


           Covariance Coverage
              CANONSBW      ALCONSBW      COGPGSBW      WASDGT        DEMAGE
              ________      ________      ________      ________      ________
 CANONSBW       0.939
 ALCONSBW       0.939         0.997
 COGPGSBW       0.939         0.997         1.000
 WASDGT         0.803         0.845         0.847         0.847
 DEMAGE         0.937         0.995         0.997         0.847         0.997
 DEMMAL         0.937         0.995         0.997         0.847         0.997
 CANONS         0.787         0.787         0.787         0.676         0.784
 ALCONS         0.871         0.921         0.921         0.776         0.918
 COGPGS         0.703         0.750         0.753         0.647         0.753
 PC1BW          0.939         0.997         1.000         0.847         0.997
 PC2BW          0.939         0.997         1.000         0.847         0.997
 PC3BW          0.939         0.997         1.000         0.847         0.997
 PC4BW          0.939         0.997         1.000         0.847         0.997
 PC5BW          0.939         0.997         1.000         0.847         0.997


           Covariance Coverage
              DEMMAL        CANONS        ALCONS        COGPGS        PC1BW
              ________      ________      ________      ________      ________
 DEMMAL         0.997
 CANONS         0.784         0.787
 ALCONS         0.918         0.755         0.921
 COGPGS         0.753         0.611         0.703         0.753
 PC1BW          0.997         0.787         0.921         0.753         1.000
 PC2BW          0.997         0.787         0.921         0.753         1.000
 PC3BW          0.997         0.787         0.921         0.753         1.000
 PC4BW          0.997         0.787         0.921         0.753         1.000
 PC5BW          0.997         0.787         0.921         0.753         1.000


           Covariance Coverage
              PC2BW         PC3BW         PC4BW         PC5BW
              ________      ________      ________      ________
 PC2BW          1.000
 PC3BW          1.000         1.000
 PC4BW          1.000         1.000         1.000
 PC5BW          1.000         1.000         1.000         1.000


SAMPLE STATISTICS


     ESTIMATED SAMPLE STATISTICS


           Means
              CANONSBW      ALCONSBW      COGPGSBW      WASDGT        DEMAGE
              ________      ________      ________      ________      ________
 1              0.038        -0.002         0.000        10.199        -0.001


           Means
              DEMMAL        CANONS        ALCONS        COGPGS        PC1BW
              ________      ________      ________      ________      ________
 1              0.000         0.108         0.008         0.000         0.000


           Means
              PC2BW         PC3BW         PC4BW         PC5BW
              ________      ________      ________      ________
 1              0.000         0.000         0.000         0.000


           Covariances
              CANONSBW      ALCONSBW      COGPGSBW      WASDGT        DEMAGE
              ________      ________      ________      ________      ________
 CANONSBW       4.045
 ALCONSBW       1.875         3.295
 COGPGSBW       0.002        -0.004         0.111
 WASDGT         0.150        -0.116         0.091         7.446
 DEMAGE         1.193         1.203         0.014         0.424         7.948
 DEMMAL        -0.108        -0.032         0.013         0.133        -0.215
 CANONS        -0.007         0.133         0.006        -0.145         0.892
 ALCONS        -0.021        -0.026         0.003        -0.101         1.355
 COGPGS        -0.001        -0.001         0.000        -0.022        -0.018
 PC1BW          0.013         0.008        -0.004        -0.014         0.011
 PC2BW         -0.008        -0.007         0.000        -0.040        -0.007
 PC3BW         -0.002        -0.002        -0.001        -0.003        -0.001
 PC4BW          0.007         0.006         0.002         0.001         0.005
 PC5BW         -0.009         0.002         0.000         0.011         0.006


           Covariances
              DEMMAL        CANONS        ALCONS        COGPGS        PC1BW
              ________      ________      ________      ________      ________
 DEMMAL         0.249
 CANONS        -0.067         1.914
 ALCONS        -0.075         1.363         3.255
 COGPGS         0.005         0.013         0.014         0.018
 PC1BW         -0.002         0.000         0.000         0.000         0.001
 PC2BW         -0.001         0.003         0.000         0.000         0.000
 PC3BW         -0.001         0.001         0.000         0.000         0.000
 PC4BW          0.001        -0.002         0.000         0.000         0.000
 PC5BW          0.000        -0.002         0.000         0.000         0.000


           Covariances
              PC2BW         PC3BW         PC4BW         PC5BW
              ________      ________      ________      ________
 PC2BW          0.002
 PC3BW          0.000         0.000
 PC4BW          0.000        -0.001         0.002
 PC5BW          0.000         0.000         0.000         0.002


           Correlations
              CANONSBW      ALCONSBW      COGPGSBW      WASDGT        DEMAGE
              ________      ________      ________      ________      ________
 CANONSBW       1.000
 ALCONSBW       0.514         1.000
 COGPGSBW       0.003        -0.007         1.000
 WASDGT         0.027        -0.023         0.101         1.000
 DEMAGE         0.210         0.235         0.015         0.055         1.000
 DEMMAL        -0.107        -0.035         0.077         0.098        -0.153
 CANONS        -0.003         0.053         0.013        -0.038         0.229
 ALCONS        -0.006        -0.008         0.005        -0.021         0.266
 COGPGS        -0.004        -0.003        -0.004        -0.059        -0.046
 PC1BW          0.167         0.117        -0.298        -0.136         0.107
 PC2BW         -0.094        -0.100        -0.005        -0.360        -0.060
 PC3BW         -0.067        -0.071        -0.140        -0.064        -0.026
 PC4BW          0.079         0.071         0.147         0.005         0.040
 PC5BW         -0.092         0.021        -0.028         0.078         0.046


           Correlations
              DEMMAL        CANONS        ALCONS        COGPGS        PC1BW
              ________      ________      ________      ________      ________
 DEMMAL         1.000
 CANONS        -0.097         1.000
 ALCONS        -0.083         0.546         1.000
 COGPGS         0.069         0.068         0.059         1.000
 PC1BW         -0.097        -0.008         0.005         0.000         1.000
 PC2BW         -0.038         0.050         0.005         0.000        -0.109
 PC3BW         -0.076         0.027        -0.001         0.004         0.047
 PC4BW          0.059        -0.027         0.002        -0.005         0.014
 PC5BW          0.016        -0.023        -0.002         0.001        -0.127


           Correlations
              PC2BW         PC3BW         PC4BW         PC5BW
              ________      ________      ________      ________
 PC2BW          1.000
 PC3BW          0.138         1.000
 PC4BW          0.002        -0.969         1.000
 PC5BW          0.044         0.001         0.036         1.000


     MAXIMUM LOG-LIKELIHOOD VALUE FOR THE UNRESTRICTED (H1) MODEL IS -168.571


UNIVARIATE SAMPLE STATISTICS


     UNIVARIATE HIGHER-ORDER MOMENT DESCRIPTIVE STATISTICS

         Variable/         Mean/     Skewness/   Minimum/ % with                Percentiles
        Sample Size      Variance    Kurtosis    Maximum  Min/Max      20%/60%    40%/80%    Median

     CANONSBW             -0.037       1.508      -4.948    0.55%      -1.448     -0.948     -0.282
             181.000       4.092       5.896      11.052    0.55%       0.052      1.052
     ALCONSBW             -0.041       0.274      -5.596    0.52%      -1.596     -0.596     -0.096
             192.000       3.350       0.819       5.904    0.52%       0.404      1.404
     COGPGSBW              0.007       0.062      -0.972    0.52%      -0.282     -0.090     -0.007
             193.000       0.112      -0.017       0.899    0.52%       0.057      0.299
     WASDGT               10.165       0.569       4.000    0.62%       8.000      9.000     10.000
             322.000       7.492       0.293      19.000    0.62%      10.000     12.000
     DEMAGE                0.000       1.011      -5.447    0.26%      -2.377     -0.957     -0.247
             379.000       7.951       2.689      15.723    0.26%       0.333      2.133
     DEMMAL                0.000      -0.122      -0.530   46.97%      -0.530     -0.530      0.470
             379.000       0.249      -1.985       0.470   53.03%       0.470      0.470
     CANONS                0.000      -0.008      -4.500    0.67%      -1.000      0.000      0.000
             299.000       1.772       1.914       4.500    0.67%       0.000      1.000
     ALCONS                0.000      -0.005      -6.500    0.29%      -1.333      0.000      0.000
             350.000       3.235       1.163       6.500    0.29%       0.000      1.000
     COGPGS                0.000       0.035      -0.482    0.35%      -0.076      0.000      0.000
             286.000       0.018       1.996       0.482    0.35%       0.000      0.072
     PC1BW                 0.000       2.440      -0.023    0.52%      -0.021     -0.016     -0.012
             193.000       0.001       4.619       0.133    0.52%      -0.010     -0.004
     PC2BW                -0.001       0.617      -0.044    0.52%      -0.041     -0.028     -0.013
             193.000       0.002      -0.803       0.121    0.52%       0.004      0.041
     PC3BW                 0.000      -4.137      -0.117    0.52%      -0.003      0.001      0.003
             193.000       0.000      21.256       0.033    0.52%       0.004      0.008
     PC4BW                -0.001       4.674      -0.097    0.52%      -0.013     -0.010     -0.008
             193.000       0.001      24.872       0.282    0.52%      -0.007     -0.003
     PC5BW                 0.002     -12.543      -0.541    0.52%       0.002      0.004      0.004
             193.000       0.002     165.580       0.054    0.52%       0.005      0.007

     THE STANDARD ERRORS OF THE MODEL PARAMETER ESTIMATES MAY NOT BE
     TRUSTWORTHY FOR SOME PARAMETERS DUE TO A NON-POSITIVE DEFINITE
     FIRST-ORDER DERIVATIVE PRODUCT MATRIX.  THIS MAY BE DUE TO THE STARTING
     VALUES BUT MAY ALSO BE AN INDICATION OF MODEL NONIDENTIFICATION.  THE
     CONDITION NUMBER IS       0.192D-10.  PROBLEM INVOLVING THE FOLLOWING PARAMETER:
     Parameter 35, %BETWEEN%: WASDGT ON PC5BW


THE MODEL ESTIMATION TERMINATED NORMALLY



MODEL FIT INFORMATION

Number of Free Parameters                       42

Loglikelihood

          H0 Value                       -3743.051
          H0 Scaling Correction Factor      1.2360
            for MLR

Information Criteria

          Akaike (AIC)                    7570.103
          Bayesian (BIC)                  7735.590
          Sample-Size Adjusted BIC        7602.332
            (n* = (n + 2) / 24)



MODEL RESULTS

                                                    Two-Tailed
                    Estimate       S.E.  Est./S.E.    P-Value

Within Level

 WASDGT     ON
    CANONS            -0.037      0.116     -0.321      0.748
    DEMMAL             0.365      0.261      1.401      0.161
    DEMAGE             0.067      0.042      1.604      0.109
    COGPGS            -1.187      0.755     -1.573      0.116
    ALCONS            -0.015      0.076     -0.198      0.843

 CANONS   WITH
    DEMMAL            -0.045      0.031     -1.417      0.156
    DEMAGE             0.814      0.227      3.580      0.000
    COGPGS             0.014      0.015      0.949      0.343
    ALCONS             1.304      0.245      5.319      0.000

 ALCONS   WITH
    DEMMAL            -0.039      0.042     -0.933      0.351
    DEMAGE             1.308      0.276      4.743      0.000
    COGPGS             0.017      0.022      0.783      0.434

 Means
    DEMAGE             0.001      0.159      0.006      0.995
    DEMMAL             0.000      0.028     -0.002      0.998
    CANONS             0.091      0.025      3.679      0.000
    ALCONS            -0.001      0.012     -0.047      0.962
    COGPGS             0.001      0.002      0.631      0.528

 Variances
    DEMAGE             7.950      0.888      8.948      0.000
    DEMMAL             0.249      0.002    146.461      0.000
    CANONS             1.864      0.299      6.224      0.000
    ALCONS             3.238      0.430      7.539      0.000
    COGPGS             0.018      0.003      6.166      0.000

 Residual Variances
    WASDGT             3.889      0.418      9.308      0.000

Between Level

 WASDGT     ON
    CANONSBW           0.105      0.099      1.061      0.289
    COGPGSBW           0.424      0.521      0.815      0.415
    ALCONSBW          -0.145      0.109     -1.339      0.181
    PC1BW            -11.623      4.823     -2.410      0.016
    PC2BW            -26.335      4.997     -5.270      0.000
    PC3BW              8.089     51.438      0.157      0.875
    PC4BW              3.279     22.104      0.148      0.882
    PC5BW              4.390      1.455      3.017      0.003

 CANONSBW WITH
    COGPGSBW          -0.008      0.045     -0.173      0.862
    ALCONSBW           1.830      0.495      3.699      0.000

 ALCONSBW WITH
    COGPGSBW           0.007      0.043      0.162      0.872

 Means
    CANONSBW          -0.005      0.152     -0.031      0.975
    ALCONSBW          -0.041      0.132     -0.309      0.758
    COGPGSBW           0.007      0.024      0.288      0.774

 Intercepts
    WASDGT            10.234      0.160     63.922      0.000

 Variances
    CANONSBW           4.095      0.852      4.809      0.000
    ALCONSBW           3.350      0.406      8.253      0.000
    COGPGSBW           0.112      0.011      9.866      0.000

 Residual Variances
    WASDGT             2.200      0.523      4.205      0.000


STANDARDIZED MODEL RESULTS


STDYX Standardization

                                                    Two-Tailed
                    Estimate       S.E.  Est./S.E.    P-Value

Within Level

 WASDGT     ON
    CANONS            -0.025      0.079     -0.321      0.748
    DEMMAL             0.091      0.065      1.415      0.157
    DEMAGE             0.095      0.059      1.618      0.106
    COGPGS            -0.081      0.052     -1.556      0.120
    ALCONS            -0.014      0.069     -0.198      0.843

 CANONS   WITH
    DEMMAL            -0.065      0.045     -1.463      0.143
    DEMAGE             0.212      0.052      4.077      0.000
    COGPGS             0.075      0.077      0.969      0.332
    ALCONS             0.531      0.066      8.033      0.000

 ALCONS   WITH
    DEMMAL            -0.043      0.046     -0.933      0.351
    DEMAGE             0.258      0.047      5.454      0.000
    COGPGS             0.072      0.090      0.797      0.425

 Means
    DEMAGE             0.000      0.056      0.006      0.995
    DEMMAL             0.000      0.056     -0.002      0.998
    CANONS             0.067      0.017      4.023      0.000
    ALCONS             0.000      0.007     -0.047      0.962
    COGPGS             0.008      0.012      0.643      0.521

 Variances
    DEMAGE             1.000      0.000    999.000    999.000
    DEMMAL             1.000      0.000    999.000    999.000
    CANONS             1.000      0.000    999.000    999.000
    ALCONS             1.000      0.000    999.000    999.000
    COGPGS             1.000      0.000    999.000    999.000

 Residual Variances
    WASDGT             0.976      0.018     54.018      0.000

Between Level

 WASDGT     ON
    CANONSBW           0.115      0.110      1.045      0.296
    COGPGSBW           0.076      0.094      0.810      0.418
    ALCONSBW          -0.143      0.105     -1.365      0.172
    PC1BW             -0.234      0.095     -2.461      0.014
    PC2BW             -0.564      0.096     -5.893      0.000
    PC3BW              0.071      0.454      0.157      0.875
    PC4BW              0.068      0.459      0.148      0.882
    PC5BW              0.095      0.032      3.010      0.003

 CANONSBW WITH
    COGPGSBW          -0.012      0.066     -0.175      0.861
    ALCONSBW           0.494      0.080      6.190      0.000

 ALCONSBW WITH
    COGPGSBW           0.011      0.071      0.161      0.872

 Means
    CANONSBW          -0.002      0.075     -0.031      0.975
    ALCONSBW          -0.022      0.072     -0.308      0.758
    COGPGSBW           0.021      0.072      0.288      0.773

 Intercepts
    WASDGT             5.497      0.535     10.267      0.000

 Variances
    CANONSBW           1.000      0.000    999.000    999.000
    ALCONSBW           1.000      0.000    999.000    999.000
    COGPGSBW           1.000      0.000    999.000    999.000

 Residual Variances
    WASDGT             0.635      0.077      8.208      0.000


R-SQUARE

Within Level

    Observed                                        Two-Tailed
    Variable        Estimate       S.E.  Est./S.E.    P-Value

    WASDGT             0.024      0.018      1.340      0.180

Between Level

    Observed                                        Two-Tailed
    Variable        Estimate       S.E.  Est./S.E.    P-Value

    WASDGT             0.365      0.077      4.726      0.000


QUALITY OF NUMERICAL RESULTS

     Condition Number for the Information Matrix              0.192E-10
       (ratio of smallest to largest eigenvalue)


CONFIDENCE INTERVALS OF MODEL RESULTS

                  Lower .5%  Lower 2.5%    Lower 5%    Estimate    Upper 5%  Upper 2.5%   Upper .5%

Within Level

 WASDGT   ON
    CANONS          -0.336      -0.264      -0.228      -0.037       0.154       0.190       0.261
    DEMMAL          -0.306      -0.146      -0.064       0.365       0.794       0.876       1.037
    DEMAGE          -0.041      -0.015      -0.002       0.067       0.136       0.149       0.175
    COGPGS          -3.131      -2.666      -2.428      -1.187       0.054       0.292       0.756
    ALCONS          -0.212      -0.165      -0.141      -0.015       0.111       0.135       0.182

 CANONS   WITH
    DEMMAL          -0.126      -0.106      -0.096      -0.045       0.007       0.017       0.036
    DEMAGE           0.228       0.368       0.440       0.814       1.188       1.260       1.400
    COGPGS          -0.024      -0.015      -0.010       0.014       0.038       0.042       0.051
    ALCONS           0.672       0.823       0.901       1.304       1.707       1.784       1.935

 ALCONS   WITH
    DEMMAL          -0.146      -0.120      -0.107      -0.039       0.030       0.043       0.068
    DEMAGE           0.598       0.768       0.855       1.308       1.762       1.849       2.019
    COGPGS          -0.040      -0.026      -0.019       0.017       0.054       0.061       0.075

 Means
    DEMAGE          -0.409      -0.311      -0.261       0.001       0.263       0.313       0.411
    DEMMAL          -0.072      -0.055      -0.046       0.000       0.046       0.055       0.072
    CANONS           0.027       0.043       0.051       0.091       0.132       0.140       0.155
    ALCONS          -0.032      -0.025      -0.021      -0.001       0.020       0.024       0.031
    COGPGS          -0.003      -0.002      -0.002       0.001       0.004       0.004       0.005

 Variances
    DEMAGE           5.661       6.208       6.488       7.950       9.411       9.691      10.238
    DEMMAL           0.245       0.246       0.246       0.249       0.252       0.252       0.253
    CANONS           1.092       1.277       1.371       1.864       2.356       2.451       2.635
    ALCONS           2.132       2.396       2.532       3.238       3.945       4.080       4.345
    COGPGS           0.011       0.013       0.013       0.018       0.023       0.024       0.026

 Residual Variances
    WASDGT           2.813       3.070       3.202       3.889       4.577       4.708       4.966

Between Level

 WASDGT   ON
    CANONSBW        -0.151      -0.089      -0.058       0.105       0.269       0.300       0.362
    COGPGSBW        -0.917      -0.597      -0.432       0.424       1.281       1.445       1.766
    ALCONSBW        -0.425      -0.358      -0.324      -0.145       0.033       0.067       0.134
    PC1BW          -24.046     -21.076     -19.557     -11.623      -3.689      -2.170       0.800
    PC2BW          -39.205     -36.128     -34.554     -26.335     -18.115     -16.541     -13.464
    PC3BW         -124.405     -92.729     -76.527       8.089      92.704     108.907     140.582
    PC4BW          -53.657     -40.045     -33.082       3.279      39.641      46.604      60.215
    PC5BW            0.642       1.538       1.996       4.390       6.783       7.241       8.137

 CANONSBW WITH
    COGPGSBW        -0.123      -0.096      -0.082      -0.008       0.066       0.080       0.108
    ALCONSBW         0.556       0.860       1.016       1.830       2.644       2.800       3.105

 ALCONSBW WITH
    COGPGSBW        -0.104      -0.078      -0.064       0.007       0.078       0.092       0.118

 Means
    CANONSBW        -0.397      -0.303      -0.255      -0.005       0.246       0.294       0.387
    ALCONSBW        -0.381      -0.300      -0.258      -0.041       0.176       0.218       0.299
    COGPGSBW        -0.055      -0.040      -0.033       0.007       0.047       0.054       0.069

 Intercepts
    WASDGT           9.821       9.920       9.970      10.234      10.497      10.548      10.646

 Variances
    CANONSBW         1.901       2.426       2.694       4.095       5.495       5.763       6.288
    ALCONSBW         2.304       2.554       2.682       3.350       4.017       4.145       4.395
    COGPGSBW         0.083       0.090       0.093       0.112       0.130       0.134       0.141

 Residual Variances
    WASDGT           0.852       1.174       1.339       2.200       3.060       3.225       3.547


CONFIDENCE INTERVALS OF STANDARDIZED MODEL RESULTS


STDYX Standardization

                  Lower .5%  Lower 2.5%    Lower 5%    Estimate    Upper 5%  Upper 2.5%   Upper .5%

Within Level

 WASDGT   ON
    CANONS          -0.230      -0.181      -0.156      -0.025       0.105       0.130       0.179
    DEMMAL          -0.075      -0.035      -0.015       0.091       0.197       0.218       0.258
    DEMAGE          -0.056      -0.020      -0.002       0.095       0.191       0.210       0.246
    COGPGS          -0.214      -0.182      -0.166      -0.081       0.005       0.021       0.053
    ALCONS          -0.191      -0.149      -0.127      -0.014       0.100       0.121       0.164

 CANONS   WITH
    DEMMAL          -0.181      -0.153      -0.139      -0.065       0.008       0.022       0.050
    DEMAGE           0.078       0.110       0.126       0.212       0.297       0.313       0.345
    COGPGS          -0.124      -0.076      -0.052       0.075       0.202       0.226       0.274
    ALCONS           0.361       0.401       0.422       0.531       0.639       0.660       0.701

 ALCONS   WITH
    DEMMAL          -0.162      -0.134      -0.119      -0.043       0.033       0.047       0.076
    DEMAGE           0.136       0.165       0.180       0.258       0.336       0.351       0.380
    COGPGS          -0.160      -0.104      -0.076       0.072       0.220       0.248       0.303

 Means
    DEMAGE          -0.145      -0.110      -0.092       0.000       0.093       0.111       0.146
    DEMMAL          -0.145      -0.110      -0.092       0.000       0.092       0.110       0.144
    CANONS           0.024       0.034       0.040       0.067       0.094       0.100       0.110
    ALCONS          -0.018      -0.014      -0.012       0.000       0.011       0.013       0.017
    COGPGS          -0.024      -0.016      -0.012       0.008       0.028       0.032       0.040

 Variances
    DEMAGE           1.000       1.000       1.000       1.000       1.000       1.000       1.000
    DEMMAL           1.000       1.000       1.000       1.000       1.000       1.000       1.000
    CANONS           1.000       1.000       1.000       1.000       1.000       1.000       1.000
    ALCONS           1.000       1.000       1.000       1.000       1.000       1.000       1.000
    COGPGS           1.000       1.000       1.000       1.000       1.000       1.000       1.000

 Residual Variances
    WASDGT           0.929       0.940       0.946       0.976       1.006       1.011       1.022

Between Level

 WASDGT   ON
    CANONSBW        -0.168      -0.100      -0.066       0.115       0.295       0.330       0.397
    COGPGSBW        -0.166      -0.108      -0.079       0.076       0.231       0.261       0.319
    ALCONSBW        -0.412      -0.348      -0.315      -0.143       0.029       0.062       0.127
    PC1BW           -0.478      -0.420      -0.390      -0.234      -0.077      -0.048       0.011
    PC2BW           -0.810      -0.752      -0.721      -0.564      -0.407      -0.376      -0.317
    PC3BW           -1.097      -0.818      -0.675       0.071       0.818       0.961       1.240
    PC4BW           -1.115      -0.832      -0.687       0.068       0.824       0.968       1.251
    PC5BW            0.014       0.033       0.043       0.095       0.147       0.157       0.177

 CANONSBW WITH
    COGPGSBW        -0.181      -0.141      -0.120      -0.012       0.097       0.118       0.158
    ALCONSBW         0.289       0.338       0.363       0.494       0.626       0.651       0.700

 ALCONSBW WITH
    COGPGSBW        -0.171      -0.127      -0.105       0.011       0.128       0.150       0.193

 Means
    CANONSBW        -0.196      -0.150      -0.126      -0.002       0.122       0.145       0.192
    ALCONSBW        -0.209      -0.164      -0.141      -0.022       0.097       0.120       0.164
    COGPGSBW        -0.165      -0.120      -0.098       0.021       0.139       0.162       0.206

 Intercepts
    WASDGT           4.118       4.447       4.616       5.497       6.377       6.546       6.876

 Variances
    CANONSBW         1.000       1.000       1.000       1.000       1.000       1.000       1.000
    ALCONSBW         1.000       1.000       1.000       1.000       1.000       1.000       1.000
    COGPGSBW         1.000       1.000       1.000       1.000       1.000       1.000       1.000

 Residual Variances
    WASDGT           0.435       0.483       0.507       0.635       0.762       0.786       0.834


TECHNICAL 1 OUTPUT


     PARAMETER SPECIFICATION FOR WITHIN


           NU
              CANONSBW      ALCONSBW      COGPGSBW      WASDGT        DEMAGE
              ________      ________      ________      ________      ________
 1                  0             0             0             0             0


           NU
              DEMMAL        CANONS        ALCONS        COGPGS        PC1BW
              ________      ________      ________      ________      ________
 1                  0             0             0             0             0


           NU
              PC2BW         PC3BW         PC4BW         PC5BW
              ________      ________      ________      ________
 1                  0             0             0             0


           LAMBDA
              CANONSBW      ALCONSBW      COGPGSBW      WASDGT        DEMAGE
              ________      ________      ________      ________      ________
 CANONSBW           0             0             0             0             0
 ALCONSBW           0             0             0             0             0
 COGPGSBW           0             0             0             0             0
 WASDGT             0             0             0             0             0
 DEMAGE             0             0             0             0             0
 DEMMAL             0             0             0             0             0
 CANONS             0             0             0             0             0
 ALCONS             0             0             0             0             0
 COGPGS             0             0             0             0             0
 PC1BW              0             0             0             0             0
 PC2BW              0             0             0             0             0
 PC3BW              0             0             0             0             0
 PC4BW              0             0             0             0             0
 PC5BW              0             0             0             0             0


           LAMBDA
              DEMMAL        CANONS        ALCONS        COGPGS        PC1BW
              ________      ________      ________      ________      ________
 CANONSBW           0             0             0             0             0
 ALCONSBW           0             0             0             0             0
 COGPGSBW           0             0             0             0             0
 WASDGT             0             0             0             0             0
 DEMAGE             0             0             0             0             0
 DEMMAL             0             0             0             0             0
 CANONS             0             0             0             0             0
 ALCONS             0             0             0             0             0
 COGPGS             0             0             0             0             0
 PC1BW              0             0             0             0             0
 PC2BW              0             0             0             0             0
 PC3BW              0             0             0             0             0
 PC4BW              0             0             0             0             0
 PC5BW              0             0             0             0             0


           LAMBDA
              PC2BW         PC3BW         PC4BW         PC5BW
              ________      ________      ________      ________
 CANONSBW           0             0             0             0
 ALCONSBW           0             0             0             0
 COGPGSBW           0             0             0             0
 WASDGT             0             0             0             0
 DEMAGE             0             0             0             0
 DEMMAL             0             0             0             0
 CANONS             0             0             0             0
 ALCONS             0             0             0             0
 COGPGS             0             0             0             0
 PC1BW              0             0             0             0
 PC2BW              0             0             0             0
 PC3BW              0             0             0             0
 PC4BW              0             0             0             0
 PC5BW              0             0             0             0


           THETA
              CANONSBW      ALCONSBW      COGPGSBW      WASDGT        DEMAGE
              ________      ________      ________      ________      ________
 CANONSBW           0
 ALCONSBW           0             0
 COGPGSBW           0             0             0
 WASDGT             0             0             0             0
 DEMAGE             0             0             0             0             0
 DEMMAL             0             0             0             0             0
 CANONS             0             0             0             0             0
 ALCONS             0             0             0             0             0
 COGPGS             0             0             0             0             0
 PC1BW              0             0             0             0             0
 PC2BW              0             0             0             0             0
 PC3BW              0             0             0             0             0
 PC4BW              0             0             0             0             0
 PC5BW              0             0             0             0             0


           THETA
              DEMMAL        CANONS        ALCONS        COGPGS        PC1BW
              ________      ________      ________      ________      ________
 DEMMAL             0
 CANONS             0             0
 ALCONS             0             0             0
 COGPGS             0             0             0             0
 PC1BW              0             0             0             0             0
 PC2BW              0             0             0             0             0
 PC3BW              0             0             0             0             0
 PC4BW              0             0             0             0             0
 PC5BW              0             0             0             0             0


           THETA
              PC2BW         PC3BW         PC4BW         PC5BW
              ________      ________      ________      ________
 PC2BW              0
 PC3BW              0             0
 PC4BW              0             0             0
 PC5BW              0             0             0             0


           ALPHA
              CANONSBW      ALCONSBW      COGPGSBW      WASDGT        DEMAGE
              ________      ________      ________      ________      ________
 1                  0             0             0             0             1


           ALPHA
              DEMMAL        CANONS        ALCONS        COGPGS        PC1BW
              ________      ________      ________      ________      ________
 1                  2             3             4             5             0


           ALPHA
              PC2BW         PC3BW         PC4BW         PC5BW
              ________      ________      ________      ________
 1                  0             0             0             0


           BETA
              CANONSBW      ALCONSBW      COGPGSBW      WASDGT        DEMAGE
              ________      ________      ________      ________      ________
 CANONSBW           0             0             0             0             0
 ALCONSBW           0             0             0             0             0
 COGPGSBW           0             0             0             0             0
 WASDGT             0             0             0             0             6
 DEMAGE             0             0             0             0             0
 DEMMAL             0             0             0             0             0
 CANONS             0             0             0             0             0
 ALCONS             0             0             0             0             0
 COGPGS             0             0             0             0             0
 PC1BW              0             0             0             0             0
 PC2BW              0             0             0             0             0
 PC3BW              0             0             0             0             0
 PC4BW              0             0             0             0             0
 PC5BW              0             0             0             0             0


           BETA
              DEMMAL        CANONS        ALCONS        COGPGS        PC1BW
              ________      ________      ________      ________      ________
 CANONSBW           0             0             0             0             0
 ALCONSBW           0             0             0             0             0
 COGPGSBW           0             0             0             0             0
 WASDGT             7             8             9            10             0
 DEMAGE             0             0             0             0             0
 DEMMAL             0             0             0             0             0
 CANONS             0             0             0             0             0
 ALCONS             0             0             0             0             0
 COGPGS             0             0             0             0             0
 PC1BW              0             0             0             0             0
 PC2BW              0             0             0             0             0
 PC3BW              0             0             0             0             0
 PC4BW              0             0             0             0             0
 PC5BW              0             0             0             0             0


           BETA
              PC2BW         PC3BW         PC4BW         PC5BW
              ________      ________      ________      ________
 CANONSBW           0             0             0             0
 ALCONSBW           0             0             0             0
 COGPGSBW           0             0             0             0
 WASDGT             0             0             0             0
 DEMAGE             0             0             0             0
 DEMMAL             0             0             0             0
 CANONS             0             0             0             0
 ALCONS             0             0             0             0
 COGPGS             0             0             0             0
 PC1BW              0             0             0             0
 PC2BW              0             0             0             0
 PC3BW              0             0             0             0
 PC4BW              0             0             0             0
 PC5BW              0             0             0             0


           PSI
              CANONSBW      ALCONSBW      COGPGSBW      WASDGT        DEMAGE
              ________      ________      ________      ________      ________
 CANONSBW           0
 ALCONSBW           0             0
 COGPGSBW           0             0             0
 WASDGT             0             0             0            11
 DEMAGE             0             0             0             0            12
 DEMMAL             0             0             0             0             0
 CANONS             0             0             0             0            14
 ALCONS             0             0             0             0            17
 COGPGS             0             0             0             0             0
 PC1BW              0             0             0             0             0
 PC2BW              0             0             0             0             0
 PC3BW              0             0             0             0             0
 PC4BW              0             0             0             0             0
 PC5BW              0             0             0             0             0


           PSI
              DEMMAL        CANONS        ALCONS        COGPGS        PC1BW
              ________      ________      ________      ________      ________
 DEMMAL            13
 CANONS            15            16
 ALCONS            18            19            20
 COGPGS             0            21            22            23
 PC1BW              0             0             0             0             0
 PC2BW              0             0             0             0             0
 PC3BW              0             0             0             0             0
 PC4BW              0             0             0             0             0
 PC5BW              0             0             0             0             0


           PSI
              PC2BW         PC3BW         PC4BW         PC5BW
              ________      ________      ________      ________
 PC2BW              0
 PC3BW              0             0
 PC4BW              0             0             0
 PC5BW              0             0             0             0


     PARAMETER SPECIFICATION FOR BETWEEN


           NU
              CANONSBW      ALCONSBW      COGPGSBW      WASDGT        DEMAGE
              ________      ________      ________      ________      ________
 1                  0             0             0             0             0


           NU
              DEMMAL        CANONS        ALCONS        COGPGS        PC1BW
              ________      ________      ________      ________      ________
 1                  0             0             0             0             0


           NU
              PC2BW         PC3BW         PC4BW         PC5BW
              ________      ________      ________      ________
 1                  0             0             0             0


           LAMBDA
              CANONSBW      ALCONSBW      COGPGSBW      WASDGT        DEMAGE
              ________      ________      ________      ________      ________
 CANONSBW           0             0             0             0             0
 ALCONSBW           0             0             0             0             0
 COGPGSBW           0             0             0             0             0
 WASDGT             0             0             0             0             0
 DEMAGE             0             0             0             0             0
 DEMMAL             0             0             0             0             0
 CANONS             0             0             0             0             0
 ALCONS             0             0             0             0             0
 COGPGS             0             0             0             0             0
 PC1BW              0             0             0             0             0
 PC2BW              0             0             0             0             0
 PC3BW              0             0             0             0             0
 PC4BW              0             0             0             0             0
 PC5BW              0             0             0             0             0


           LAMBDA
              DEMMAL        CANONS        ALCONS        COGPGS        PC1BW
              ________      ________      ________      ________      ________
 CANONSBW           0             0             0             0             0
 ALCONSBW           0             0             0             0             0
 COGPGSBW           0             0             0             0             0
 WASDGT             0             0             0             0             0
 DEMAGE             0             0             0             0             0
 DEMMAL             0             0             0             0             0
 CANONS             0             0             0             0             0
 ALCONS             0             0             0             0             0
 COGPGS             0             0             0             0             0
 PC1BW              0             0             0             0             0
 PC2BW              0             0             0             0             0
 PC3BW              0             0             0             0             0
 PC4BW              0             0             0             0             0
 PC5BW              0             0             0             0             0


           LAMBDA
              PC2BW         PC3BW         PC4BW         PC5BW
              ________      ________      ________      ________
 CANONSBW           0             0             0             0
 ALCONSBW           0             0             0             0
 COGPGSBW           0             0             0             0
 WASDGT             0             0             0             0
 DEMAGE             0             0             0             0
 DEMMAL             0             0             0             0
 CANONS             0             0             0             0
 ALCONS             0             0             0             0
 COGPGS             0             0             0             0
 PC1BW              0             0             0             0
 PC2BW              0             0             0             0
 PC3BW              0             0             0             0
 PC4BW              0             0             0             0
 PC5BW              0             0             0             0


           THETA
              CANONSBW      ALCONSBW      COGPGSBW      WASDGT        DEMAGE
              ________      ________      ________      ________      ________
 CANONSBW           0
 ALCONSBW           0             0
 COGPGSBW           0             0             0
 WASDGT             0             0             0             0
 DEMAGE             0             0             0             0             0
 DEMMAL             0             0             0             0             0
 CANONS             0             0             0             0             0
 ALCONS             0             0             0             0             0
 COGPGS             0             0             0             0             0
 PC1BW              0             0             0             0             0
 PC2BW              0             0             0             0             0
 PC3BW              0             0             0             0             0
 PC4BW              0             0             0             0             0
 PC5BW              0             0             0             0             0


           THETA
              DEMMAL        CANONS        ALCONS        COGPGS        PC1BW
              ________      ________      ________      ________      ________
 DEMMAL             0
 CANONS             0             0
 ALCONS             0             0             0
 COGPGS             0             0             0             0
 PC1BW              0             0             0             0             0
 PC2BW              0             0             0             0             0
 PC3BW              0             0             0             0             0
 PC4BW              0             0             0             0             0
 PC5BW              0             0             0             0             0


           THETA
              PC2BW         PC3BW         PC4BW         PC5BW
              ________      ________      ________      ________
 PC2BW              0
 PC3BW              0             0
 PC4BW              0             0             0
 PC5BW              0             0             0             0


           ALPHA
              CANONSBW      ALCONSBW      COGPGSBW      WASDGT        DEMAGE
              ________      ________      ________      ________      ________
 1                 24            25            26            27             0


           ALPHA
              DEMMAL        CANONS        ALCONS        COGPGS        PC1BW
              ________      ________      ________      ________      ________
 1                  0             0             0             0             0


           ALPHA
              PC2BW         PC3BW         PC4BW         PC5BW
              ________      ________      ________      ________
 1                  0             0             0             0


           BETA
              CANONSBW      ALCONSBW      COGPGSBW      WASDGT        DEMAGE
              ________      ________      ________      ________      ________
 CANONSBW           0             0             0             0             0
 ALCONSBW           0             0             0             0             0
 COGPGSBW           0             0             0             0             0
 WASDGT            28            29            30             0             0
 DEMAGE             0             0             0             0             0
 DEMMAL             0             0             0             0             0
 CANONS             0             0             0             0             0
 ALCONS             0             0             0             0             0
 COGPGS             0             0             0             0             0
 PC1BW              0             0             0             0             0
 PC2BW              0             0             0             0             0
 PC3BW              0             0             0             0             0
 PC4BW              0             0             0             0             0
 PC5BW              0             0             0             0             0


           BETA
              DEMMAL        CANONS        ALCONS        COGPGS        PC1BW
              ________      ________      ________      ________      ________
 CANONSBW           0             0             0             0             0
 ALCONSBW           0             0             0             0             0
 COGPGSBW           0             0             0             0             0
 WASDGT             0             0             0             0            31
 DEMAGE             0             0             0             0             0
 DEMMAL             0             0             0             0             0
 CANONS             0             0             0             0             0
 ALCONS             0             0             0             0             0
 COGPGS             0             0             0             0             0
 PC1BW              0             0             0             0             0
 PC2BW              0             0             0             0             0
 PC3BW              0             0             0             0             0
 PC4BW              0             0             0             0             0
 PC5BW              0             0             0             0             0


           BETA
              PC2BW         PC3BW         PC4BW         PC5BW
              ________      ________      ________      ________
 CANONSBW           0             0             0             0
 ALCONSBW           0             0             0             0
 COGPGSBW           0             0             0             0
 WASDGT            32            33            34            35
 DEMAGE             0             0             0             0
 DEMMAL             0             0             0             0
 CANONS             0             0             0             0
 ALCONS             0             0             0             0
 COGPGS             0             0             0             0
 PC1BW              0             0             0             0
 PC2BW              0             0             0             0
 PC3BW              0             0             0             0
 PC4BW              0             0             0             0
 PC5BW              0             0             0             0


           PSI
              CANONSBW      ALCONSBW      COGPGSBW      WASDGT        DEMAGE
              ________      ________      ________      ________      ________
 CANONSBW          36
 ALCONSBW          37            38
 COGPGSBW          39            40            41
 WASDGT             0             0             0            42
 DEMAGE             0             0             0             0             0
 DEMMAL             0             0             0             0             0
 CANONS             0             0             0             0             0
 ALCONS             0             0             0             0             0
 COGPGS             0             0             0             0             0
 PC1BW              0             0             0             0             0
 PC2BW              0             0             0             0             0
 PC3BW              0             0             0             0             0
 PC4BW              0             0             0             0             0
 PC5BW              0             0             0             0             0


           PSI
              DEMMAL        CANONS        ALCONS        COGPGS        PC1BW
              ________      ________      ________      ________      ________
 DEMMAL             0
 CANONS             0             0
 ALCONS             0             0             0
 COGPGS             0             0             0             0
 PC1BW              0             0             0             0             0
 PC2BW              0             0             0             0             0
 PC3BW              0             0             0             0             0
 PC4BW              0             0             0             0             0
 PC5BW              0             0             0             0             0


           PSI
              PC2BW         PC3BW         PC4BW         PC5BW
              ________      ________      ________      ________
 PC2BW              0
 PC3BW              0             0
 PC4BW              0             0             0
 PC5BW              0             0             0             0


     STARTING VALUES FOR WITHIN


           NU
              CANONSBW      ALCONSBW      COGPGSBW      WASDGT        DEMAGE
              ________      ________      ________      ________      ________
 1              0.000         0.000         0.000         0.000         0.000


           NU
              DEMMAL        CANONS        ALCONS        COGPGS        PC1BW
              ________      ________      ________      ________      ________
 1              0.000         0.000         0.000         0.000         0.000


           NU
              PC2BW         PC3BW         PC4BW         PC5BW
              ________      ________      ________      ________
 1              0.000         0.000         0.000         0.000


           LAMBDA
              CANONSBW      ALCONSBW      COGPGSBW      WASDGT        DEMAGE
              ________      ________      ________      ________      ________
 CANONSBW       1.000         0.000         0.000         0.000         0.000
 ALCONSBW       0.000         1.000         0.000         0.000         0.000
 COGPGSBW       0.000         0.000         1.000         0.000         0.000
 WASDGT         0.000         0.000         0.000         1.000         0.000
 DEMAGE         0.000         0.000         0.000         0.000         1.000
 DEMMAL         0.000         0.000         0.000         0.000         0.000
 CANONS         0.000         0.000         0.000         0.000         0.000
 ALCONS         0.000         0.000         0.000         0.000         0.000
 COGPGS         0.000         0.000         0.000         0.000         0.000
 PC1BW          0.000         0.000         0.000         0.000         0.000
 PC2BW          0.000         0.000         0.000         0.000         0.000
 PC3BW          0.000         0.000         0.000         0.000         0.000
 PC4BW          0.000         0.000         0.000         0.000         0.000
 PC5BW          0.000         0.000         0.000         0.000         0.000


           LAMBDA
              DEMMAL        CANONS        ALCONS        COGPGS        PC1BW
              ________      ________      ________      ________      ________
 CANONSBW       0.000         0.000         0.000         0.000         0.000
 ALCONSBW       0.000         0.000         0.000         0.000         0.000
 COGPGSBW       0.000         0.000         0.000         0.000         0.000
 WASDGT         0.000         0.000         0.000         0.000         0.000
 DEMAGE         0.000         0.000         0.000         0.000         0.000
 DEMMAL         1.000         0.000         0.000         0.000         0.000
 CANONS         0.000         1.000         0.000         0.000         0.000
 ALCONS         0.000         0.000         1.000         0.000         0.000
 COGPGS         0.000         0.000         0.000         1.000         0.000
 PC1BW          0.000         0.000         0.000         0.000         1.000
 PC2BW          0.000         0.000         0.000         0.000         0.000
 PC3BW          0.000         0.000         0.000         0.000         0.000
 PC4BW          0.000         0.000         0.000         0.000         0.000
 PC5BW          0.000         0.000         0.000         0.000         0.000


           LAMBDA
              PC2BW         PC3BW         PC4BW         PC5BW
              ________      ________      ________      ________
 CANONSBW       0.000         0.000         0.000         0.000
 ALCONSBW       0.000         0.000         0.000         0.000
 COGPGSBW       0.000         0.000         0.000         0.000
 WASDGT         0.000         0.000         0.000         0.000
 DEMAGE         0.000         0.000         0.000         0.000
 DEMMAL         0.000         0.000         0.000         0.000
 CANONS         0.000         0.000         0.000         0.000
 ALCONS         0.000         0.000         0.000         0.000
 COGPGS         0.000         0.000         0.000         0.000
 PC1BW          0.000         0.000         0.000         0.000
 PC2BW          1.000         0.000         0.000         0.000
 PC3BW          0.000         1.000         0.000         0.000
 PC4BW          0.000         0.000         1.000         0.000
 PC5BW          0.000         0.000         0.000         1.000


           THETA
              CANONSBW      ALCONSBW      COGPGSBW      WASDGT        DEMAGE
              ________      ________      ________      ________      ________
 CANONSBW       0.000
 ALCONSBW       0.000         0.000
 COGPGSBW       0.000         0.000         0.000
 WASDGT         0.000         0.000         0.000         0.000
 DEMAGE         0.000         0.000         0.000         0.000         0.000
 DEMMAL         0.000         0.000         0.000         0.000         0.000
 CANONS         0.000         0.000         0.000         0.000         0.000
 ALCONS         0.000         0.000         0.000         0.000         0.000
 COGPGS         0.000         0.000         0.000         0.000         0.000
 PC1BW          0.000         0.000         0.000         0.000         0.000
 PC2BW          0.000         0.000         0.000         0.000         0.000
 PC3BW          0.000         0.000         0.000         0.000         0.000
 PC4BW          0.000         0.000         0.000         0.000         0.000
 PC5BW          0.000         0.000         0.000         0.000         0.000


           THETA
              DEMMAL        CANONS        ALCONS        COGPGS        PC1BW
              ________      ________      ________      ________      ________
 DEMMAL         0.000
 CANONS         0.000         0.000
 ALCONS         0.000         0.000         0.000
 COGPGS         0.000         0.000         0.000         0.000
 PC1BW          0.000         0.000         0.000         0.000         0.000
 PC2BW          0.000         0.000         0.000         0.000         0.000
 PC3BW          0.000         0.000         0.000         0.000         0.000
 PC4BW          0.000         0.000         0.000         0.000         0.000
 PC5BW          0.000         0.000         0.000         0.000         0.000


           THETA
              PC2BW         PC3BW         PC4BW         PC5BW
              ________      ________      ________      ________
 PC2BW          0.000
 PC3BW          0.000         0.000
 PC4BW          0.000         0.000         0.000
 PC5BW          0.000         0.000         0.000         0.000


           ALPHA
              CANONSBW      ALCONSBW      COGPGSBW      WASDGT        DEMAGE
              ________      ________      ________      ________      ________
 1              0.000         0.000         0.000         0.000         0.000


           ALPHA
              DEMMAL        CANONS        ALCONS        COGPGS        PC1BW
              ________      ________      ________      ________      ________
 1              0.000         0.000         0.000         0.000         0.000


           ALPHA
              PC2BW         PC3BW         PC4BW         PC5BW
              ________      ________      ________      ________
 1              0.000         0.000         0.000         0.000


           BETA
              CANONSBW      ALCONSBW      COGPGSBW      WASDGT        DEMAGE
              ________      ________      ________      ________      ________
 CANONSBW       0.000         0.000         0.000         0.000         0.000
 ALCONSBW       0.000         0.000         0.000         0.000         0.000
 COGPGSBW       0.000         0.000         0.000         0.000         0.000
 WASDGT         0.000         0.000         0.000         0.000         0.000
 DEMAGE         0.000         0.000         0.000         0.000         0.000
 DEMMAL         0.000         0.000         0.000         0.000         0.000
 CANONS         0.000         0.000         0.000         0.000         0.000
 ALCONS         0.000         0.000         0.000         0.000         0.000
 COGPGS         0.000         0.000         0.000         0.000         0.000
 PC1BW          0.000         0.000         0.000         0.000         0.000
 PC2BW          0.000         0.000         0.000         0.000         0.000
 PC3BW          0.000         0.000         0.000         0.000         0.000
 PC4BW          0.000         0.000         0.000         0.000         0.000
 PC5BW          0.000         0.000         0.000         0.000         0.000


           BETA
              DEMMAL        CANONS        ALCONS        COGPGS        PC1BW
              ________      ________      ________      ________      ________
 CANONSBW       0.000         0.000         0.000         0.000         0.000
 ALCONSBW       0.000         0.000         0.000         0.000         0.000
 COGPGSBW       0.000         0.000         0.000         0.000         0.000
 WASDGT         0.000         0.000         0.000         0.000         0.000
 DEMAGE         0.000         0.000         0.000         0.000         0.000
 DEMMAL         0.000         0.000         0.000         0.000         0.000
 CANONS         0.000         0.000         0.000         0.000         0.000
 ALCONS         0.000         0.000         0.000         0.000         0.000
 COGPGS         0.000         0.000         0.000         0.000         0.000
 PC1BW          0.000         0.000         0.000         0.000         0.000
 PC2BW          0.000         0.000         0.000         0.000         0.000
 PC3BW          0.000         0.000         0.000         0.000         0.000
 PC4BW          0.000         0.000         0.000         0.000         0.000
 PC5BW          0.000         0.000         0.000         0.000         0.000


           BETA
              PC2BW         PC3BW         PC4BW         PC5BW
              ________      ________      ________      ________
 CANONSBW       0.000         0.000         0.000         0.000
 ALCONSBW       0.000         0.000         0.000         0.000
 COGPGSBW       0.000         0.000         0.000         0.000
 WASDGT         0.000         0.000         0.000         0.000
 DEMAGE         0.000         0.000         0.000         0.000
 DEMMAL         0.000         0.000         0.000         0.000
 CANONS         0.000         0.000         0.000         0.000
 ALCONS         0.000         0.000         0.000         0.000
 COGPGS         0.000         0.000         0.000         0.000
 PC1BW          0.000         0.000         0.000         0.000
 PC2BW          0.000         0.000         0.000         0.000
 PC3BW          0.000         0.000         0.000         0.000
 PC4BW          0.000         0.000         0.000         0.000
 PC5BW          0.000         0.000         0.000         0.000


           PSI
              CANONSBW      ALCONSBW      COGPGSBW      WASDGT        DEMAGE
              ________      ________      ________      ________      ________
 CANONSBW       0.000
 ALCONSBW       0.000         0.000
 COGPGSBW       0.000         0.000         0.000
 WASDGT         0.000         0.000         0.000         3.746
 DEMAGE         0.000         0.000         0.000         0.000         3.975
 DEMMAL         0.000         0.000         0.000         0.000         0.000
 CANONS         0.000         0.000         0.000         0.000         0.000
 ALCONS         0.000         0.000         0.000         0.000         0.000
 COGPGS         0.000         0.000         0.000         0.000         0.000
 PC1BW          0.000         0.000         0.000         0.000         0.000
 PC2BW          0.000         0.000         0.000         0.000         0.000
 PC3BW          0.000         0.000         0.000         0.000         0.000
 PC4BW          0.000         0.000         0.000         0.000         0.000
 PC5BW          0.000         0.000         0.000         0.000         0.000


           PSI
              DEMMAL        CANONS        ALCONS        COGPGS        PC1BW
              ________      ________      ________      ________      ________
 DEMMAL         0.125
 CANONS         0.000         0.886
 ALCONS         0.000         0.000         1.618
 COGPGS         0.000         0.000         0.000         0.009
 PC1BW          0.000         0.000         0.000         0.000         0.000
 PC2BW          0.000         0.000         0.000         0.000         0.000
 PC3BW          0.000         0.000         0.000         0.000         0.000
 PC4BW          0.000         0.000         0.000         0.000         0.000
 PC5BW          0.000         0.000         0.000         0.000         0.000


           PSI
              PC2BW         PC3BW         PC4BW         PC5BW
              ________      ________      ________      ________
 PC2BW          0.000
 PC3BW          0.000         0.000
 PC4BW          0.000         0.000         0.000
 PC5BW          0.000         0.000         0.000         0.000


     STARTING VALUES FOR BETWEEN


           NU
              CANONSBW      ALCONSBW      COGPGSBW      WASDGT        DEMAGE
              ________      ________      ________      ________      ________
 1              0.000         0.000         0.000         0.000         0.000


           NU
              DEMMAL        CANONS        ALCONS        COGPGS        PC1BW
              ________      ________      ________      ________      ________
 1              0.000         0.000         0.000         0.000         0.000


           NU
              PC2BW         PC3BW         PC4BW         PC5BW
              ________      ________      ________      ________
 1              0.000         0.000         0.000         0.000


           LAMBDA
              CANONSBW      ALCONSBW      COGPGSBW      WASDGT        DEMAGE
              ________      ________      ________      ________      ________
 CANONSBW       1.000         0.000         0.000         0.000         0.000
 ALCONSBW       0.000         1.000         0.000         0.000         0.000
 COGPGSBW       0.000         0.000         1.000         0.000         0.000
 WASDGT         0.000         0.000         0.000         1.000         0.000
 DEMAGE         0.000         0.000         0.000         0.000         1.000
 DEMMAL         0.000         0.000         0.000         0.000         0.000
 CANONS         0.000         0.000         0.000         0.000         0.000
 ALCONS         0.000         0.000         0.000         0.000         0.000
 COGPGS         0.000         0.000         0.000         0.000         0.000
 PC1BW          0.000         0.000         0.000         0.000         0.000
 PC2BW          0.000         0.000         0.000         0.000         0.000
 PC3BW          0.000         0.000         0.000         0.000         0.000
 PC4BW          0.000         0.000         0.000         0.000         0.000
 PC5BW          0.000         0.000         0.000         0.000         0.000


           LAMBDA
              DEMMAL        CANONS        ALCONS        COGPGS        PC1BW
              ________      ________      ________      ________      ________
 CANONSBW       0.000         0.000         0.000         0.000         0.000
 ALCONSBW       0.000         0.000         0.000         0.000         0.000
 COGPGSBW       0.000         0.000         0.000         0.000         0.000
 WASDGT         0.000         0.000         0.000         0.000         0.000
 DEMAGE         0.000         0.000         0.000         0.000         0.000
 DEMMAL         1.000         0.000         0.000         0.000         0.000
 CANONS         0.000         1.000         0.000         0.000         0.000
 ALCONS         0.000         0.000         1.000         0.000         0.000
 COGPGS         0.000         0.000         0.000         1.000         0.000
 PC1BW          0.000         0.000         0.000         0.000         1.000
 PC2BW          0.000         0.000         0.000         0.000         0.000
 PC3BW          0.000         0.000         0.000         0.000         0.000
 PC4BW          0.000         0.000         0.000         0.000         0.000
 PC5BW          0.000         0.000         0.000         0.000         0.000


           LAMBDA
              PC2BW         PC3BW         PC4BW         PC5BW
              ________      ________      ________      ________
 CANONSBW       0.000         0.000         0.000         0.000
 ALCONSBW       0.000         0.000         0.000         0.000
 COGPGSBW       0.000         0.000         0.000         0.000
 WASDGT         0.000         0.000         0.000         0.000
 DEMAGE         0.000         0.000         0.000         0.000
 DEMMAL         0.000         0.000         0.000         0.000
 CANONS         0.000         0.000         0.000         0.000
 ALCONS         0.000         0.000         0.000         0.000
 COGPGS         0.000         0.000         0.000         0.000
 PC1BW          0.000         0.000         0.000         0.000
 PC2BW          1.000         0.000         0.000         0.000
 PC3BW          0.000         1.000         0.000         0.000
 PC4BW          0.000         0.000         1.000         0.000
 PC5BW          0.000         0.000         0.000         1.000


           THETA
              CANONSBW      ALCONSBW      COGPGSBW      WASDGT        DEMAGE
              ________      ________      ________      ________      ________
 CANONSBW       0.000
 ALCONSBW       0.000         0.000
 COGPGSBW       0.000         0.000         0.000
 WASDGT         0.000         0.000         0.000         0.000
 DEMAGE         0.000         0.000         0.000         0.000         0.000
 DEMMAL         0.000         0.000         0.000         0.000         0.000
 CANONS         0.000         0.000         0.000         0.000         0.000
 ALCONS         0.000         0.000         0.000         0.000         0.000
 COGPGS         0.000         0.000         0.000         0.000         0.000
 PC1BW          0.000         0.000         0.000         0.000         0.000
 PC2BW          0.000         0.000         0.000         0.000         0.000
 PC3BW          0.000         0.000         0.000         0.000         0.000
 PC4BW          0.000         0.000         0.000         0.000         0.000
 PC5BW          0.000         0.000         0.000         0.000         0.000


           THETA
              DEMMAL        CANONS        ALCONS        COGPGS        PC1BW
              ________      ________      ________      ________      ________
 DEMMAL         0.000
 CANONS         0.000         0.000
 ALCONS         0.000         0.000         0.000
 COGPGS         0.000         0.000         0.000         0.000
 PC1BW          0.000         0.000         0.000         0.000         0.000
 PC2BW          0.000         0.000         0.000         0.000         0.000
 PC3BW          0.000         0.000         0.000         0.000         0.000
 PC4BW          0.000         0.000         0.000         0.000         0.000
 PC5BW          0.000         0.000         0.000         0.000         0.000


           THETA
              PC2BW         PC3BW         PC4BW         PC5BW
              ________      ________      ________      ________
 PC2BW          0.000
 PC3BW          0.000         0.000
 PC4BW          0.000         0.000         0.000
 PC5BW          0.000         0.000         0.000         0.000


           ALPHA
              CANONSBW      ALCONSBW      COGPGSBW      WASDGT        DEMAGE
              ________      ________      ________      ________      ________
 1              0.000         0.000         0.000        10.165         0.000


           ALPHA
              DEMMAL        CANONS        ALCONS        COGPGS        PC1BW
              ________      ________      ________      ________      ________
 1              0.000         0.000         0.000         0.000         0.000


           ALPHA
              PC2BW         PC3BW         PC4BW         PC5BW
              ________      ________      ________      ________
 1              0.000         0.000         0.000         0.000


           BETA
              CANONSBW      ALCONSBW      COGPGSBW      WASDGT        DEMAGE
              ________      ________      ________      ________      ________
 CANONSBW       0.000         0.000         0.000         0.000         0.000
 ALCONSBW       0.000         0.000         0.000         0.000         0.000
 COGPGSBW       0.000         0.000         0.000         0.000         0.000
 WASDGT         0.000         0.000         0.000         0.000         0.000
 DEMAGE         0.000         0.000         0.000         0.000         0.000
 DEMMAL         0.000         0.000         0.000         0.000         0.000
 CANONS         0.000         0.000         0.000         0.000         0.000
 ALCONS         0.000         0.000         0.000         0.000         0.000
 COGPGS         0.000         0.000         0.000         0.000         0.000
 PC1BW          0.000         0.000         0.000         0.000         0.000
 PC2BW          0.000         0.000         0.000         0.000         0.000
 PC3BW          0.000         0.000         0.000         0.000         0.000
 PC4BW          0.000         0.000         0.000         0.000         0.000
 PC5BW          0.000         0.000         0.000         0.000         0.000


           BETA
              DEMMAL        CANONS        ALCONS        COGPGS        PC1BW
              ________      ________      ________      ________      ________
 CANONSBW       0.000         0.000         0.000         0.000         0.000
 ALCONSBW       0.000         0.000         0.000         0.000         0.000
 COGPGSBW       0.000         0.000         0.000         0.000         0.000
 WASDGT         0.000         0.000         0.000         0.000         0.000
 DEMAGE         0.000         0.000         0.000         0.000         0.000
 DEMMAL         0.000         0.000         0.000         0.000         0.000
 CANONS         0.000         0.000         0.000         0.000         0.000
 ALCONS         0.000         0.000         0.000         0.000         0.000
 COGPGS         0.000         0.000         0.000         0.000         0.000
 PC1BW          0.000         0.000         0.000         0.000         0.000
 PC2BW          0.000         0.000         0.000         0.000         0.000
 PC3BW          0.000         0.000         0.000         0.000         0.000
 PC4BW          0.000         0.000         0.000         0.000         0.000
 PC5BW          0.000         0.000         0.000         0.000         0.000


           BETA
              PC2BW         PC3BW         PC4BW         PC5BW
              ________      ________      ________      ________
 CANONSBW       0.000         0.000         0.000         0.000
 ALCONSBW       0.000         0.000         0.000         0.000
 COGPGSBW       0.000         0.000         0.000         0.000
 WASDGT         0.000         0.000         0.000         0.000
 DEMAGE         0.000         0.000         0.000         0.000
 DEMMAL         0.000         0.000         0.000         0.000
 CANONS         0.000         0.000         0.000         0.000
 ALCONS         0.000         0.000         0.000         0.000
 COGPGS         0.000         0.000         0.000         0.000
 PC1BW          0.000         0.000         0.000         0.000
 PC2BW          0.000         0.000         0.000         0.000
 PC3BW          0.000         0.000         0.000         0.000
 PC4BW          0.000         0.000         0.000         0.000
 PC5BW          0.000         0.000         0.000         0.000


           PSI
              CANONSBW      ALCONSBW      COGPGSBW      WASDGT        DEMAGE
              ________      ________      ________      ________      ________
 CANONSBW       2.022
 ALCONSBW       0.000         1.647
 COGPGSBW       0.000         0.000         0.055
 WASDGT         0.000         0.000         0.000         3.746
 DEMAGE         0.000         0.000         0.000         0.000         0.000
 DEMMAL         0.000         0.000         0.000         0.000         0.000
 CANONS         0.000         0.000         0.000         0.000         0.000
 ALCONS         0.000         0.000         0.000         0.000         0.000
 COGPGS         0.000         0.000         0.000         0.000         0.000
 PC1BW          0.000         0.000         0.000         0.000         0.000
 PC2BW          0.000         0.000         0.000         0.000         0.000
 PC3BW          0.000         0.000         0.000         0.000         0.000
 PC4BW          0.000         0.000         0.000         0.000         0.000
 PC5BW          0.000         0.000         0.000         0.000         0.000


           PSI
              DEMMAL        CANONS        ALCONS        COGPGS        PC1BW
              ________      ________      ________      ________      ________
 DEMMAL         0.000
 CANONS         0.000         0.000
 ALCONS         0.000         0.000         0.000
 COGPGS         0.000         0.000         0.000         0.000
 PC1BW          0.000         0.000         0.000         0.000         0.001
 PC2BW          0.000         0.000         0.000         0.000         0.000
 PC3BW          0.000         0.000         0.000         0.000         0.000
 PC4BW          0.000         0.000         0.000         0.000         0.000
 PC5BW          0.000         0.000         0.000         0.000         0.000


           PSI
              PC2BW         PC3BW         PC4BW         PC5BW
              ________      ________      ________      ________
 PC2BW          0.001
 PC3BW          0.000         0.000
 PC4BW          0.000         0.000         0.001
 PC5BW          0.000         0.000         0.000         0.001


SAMPLE STATISTICS FOR ESTIMATED FACTOR SCORES


     SAMPLE STATISTICS


           Means
              B_WASDGT
              ________
 1             10.206


           Covariances
              B_WASDGT
              ________
 B_WASDGT       2.256


           Correlations
              B_WASDGT
              ________
 B_WASDGT       1.000


PLOT INFORMATION

The following plots are available:

  Histograms (sample values)
  Scatterplots (sample values)

     Beginning Time:  13:11:46
        Ending Time:  13:11:47
       Elapsed Time:  00:00:01



MUTHEN & MUTHEN
3463 Stoner Ave.
Los Angeles, CA  90066

Tel: (310) 391-9971
Fax: (310) 391-8971
Web: www.StatModel.com
Support: Support@StatModel.com

Copyright (c) 1998-2015 Muthen & Muthen
