Mplus VERSION 7.4 (Mac)
MUTHEN & MUTHEN
07/30/2019   2:18 PM

INPUT INSTRUCTIONS


  TITLE: CANEVR_SRPWCR_2;

  DATA:
  	FILE = GD190618.csv;

  VARIABLE:
  	NAMES =
  			ID_Fam   Wave     ID_MPL
  			DEMMAL   DEMAGE   DEMHSP   DEMRAC
  			SRPWCR
  			WASVCB   WASBLK   WASDGT   WSISUM
  			TRLATS   TRLBTS
  			CVLASF   CVLASC   CVLALF   CVLALC
  			WASCOM   COGCOM   CVLCOM
  			CANEVR   CANONS   CANFLF
  			CANFTY   CANF6M   CANAC6
  			CANYRS
  			ALCEVR   ALCONS   ALCFLF
  			ALCFTY   ALCF6M   ALCAC6
  			ALCYRS
  			SRPWCRDt WASVCBDt WASBLKDt
  			WASDGTDt WSISUMDt TRLATSDt
  			TRLBTSDt CVLASFDt CVLASCDt
  			CVLALFDt CVLALCDt WASCOMDt
  			COGCOMDt CVLCOMDt
  			COGPGS
  			PC1 PC2 PC3 PC4 PC5 PC6
  		;
  	USEVARIABLES =
  		! outcome
    			SRPWCR
    		! covariates
    			DEMAGE
    			DEMMAL  		
    		! predictor
    			CANEVR
    		;
    	USEOBSERVATION =
    			(Wave EQ 2 AND SRPWCRDt EQ 1)
    		;
    	CLUSTER =
    			ID_Fam
    		;
    	MISSING = .;

  DEFINE:
  	CENTER	CANEVR
  			DEMMAL
  			DEMAGE (GRANDMEAN);

  ANALYSIS:
          ITERATIONS = 1000000;
          TYPE = COMPLEX;

  OUTPUT:
  	SAMPSTAT STDYX TECH1 CINT;

  MODEL:
  	SRPWCR on CANEVR;
  	SRPWCR on  DEMMAL DEMAGE;	
  	SRPWCR*;
  	CANEVR WITH DEMMAL*;
  	CANEVR WITH DEMAGE*;



*** WARNING in VARIABLE command
  When a subpopulation is analyzed with TYPE=COMPLEX, standard errors
  may be incorrect.  Use the SUBPOPULATION option instead of the
  USEOBSERVATIONS option to obtain correct standard errors.
   1 WARNING(S) FOUND IN THE INPUT INSTRUCTIONS



CANEVR_SRPWCR_2;

SUMMARY OF ANALYSIS

Number of groups                                                 1
Number of observations                                         891

Number of dependent variables                                    1
Number of independent variables                                  3
Number of continuous latent variables                            0

Observed dependent variables

  Continuous
   SRPWCR

Observed independent variables
   DEMAGE      DEMMAL      CANEVR

Variables with special functions

  Cluster variable      ID_FAM

  Centering (GRANDMEAN)
   CANEVR      DEMMAL      DEMAGE


Estimator                                                      MLR
Information matrix                                        OBSERVED
Maximum number of iterations                               1000000
Convergence criterion                                    0.500D-04
Maximum number of steepest descent iterations                   20
Maximum number of iterations for H1                           2000
Convergence criterion for H1                             0.100D-03

Input data file(s)
  GD190618.csv

Input data format  FREE


SUMMARY OF DATA

     Number of missing data patterns             3
     Number of clusters         477



COVARIANCE COVERAGE OF DATA

Minimum covariance coverage value   0.100


     PROPORTION OF DATA PRESENT


           Covariance Coverage
              SRPWCR        DEMAGE        DEMMAL        CANEVR
              ________      ________      ________      ________
 SRPWCR         0.898
 DEMAGE         0.898         0.999
 DEMMAL         0.898         0.999         0.999
 CANEVR         0.898         0.999         0.999         1.000


SAMPLE STATISTICS


     ESTIMATED SAMPLE STATISTICS


           Means
              SRPWCR        DEMAGE        DEMMAL        CANEVR
              ________      ________      ________      ________
      1         5.456         0.000         0.000         0.000


           Covariances
              SRPWCR        DEMAGE        DEMMAL        CANEVR
              ________      ________      ________      ________
 SRPWCR        77.468
 DEMAGE        -1.766         8.663
 DEMMAL         0.247        -0.157         0.237
 CANEVR         0.014        -0.150         0.018         0.061


           Correlations
              SRPWCR        DEMAGE        DEMMAL        CANEVR
              ________      ________      ________      ________
 SRPWCR         1.000
 DEMAGE        -0.068         1.000
 DEMMAL         0.058        -0.110         1.000
 CANEVR         0.006        -0.206         0.147         1.000


     MAXIMUM LOG-LIKELIHOOD VALUE FOR THE UNRESTRICTED (H1) MODEL IS -5702.360


UNIVARIATE SAMPLE STATISTICS


     UNIVARIATE HIGHER-ORDER MOMENT DESCRIPTIVE STATISTICS

         Variable/         Mean/     Skewness/   Minimum/ % with                Percentiles
        Sample Size      Variance    Kurtosis    Maximum  Min/Max      20%/60%    40%/80%    Median

     SRPWCR                5.499       0.247     -24.000    0.12%      -1.000      4.000      6.000
             800.000      77.462       3.129      64.000    0.12%       8.000     12.000
     DEMAGE                0.000       0.951      -5.456    0.11%      -2.456     -1.056     -0.431
             890.000       8.663       1.621      15.714    0.11%       0.324      2.234
     DEMMAL                0.000      -0.476      -0.616   38.43%      -0.616      0.384      0.384
             890.000       0.237      -1.774       0.384   61.57%       0.384      0.384
     CANEVR                0.000      -3.526      -0.935    6.51%       0.065      0.065      0.065
             891.000       0.061      10.432       0.065   93.49%       0.065      0.065


THE MODEL ESTIMATION TERMINATED NORMALLY

     THE STANDARD ERRORS OF THE MODEL PARAMETER ESTIMATES MAY NOT BE
     TRUSTWORTHY FOR SOME PARAMETERS DUE TO A NON-POSITIVE DEFINITE
     FIRST-ORDER DERIVATIVE PRODUCT MATRIX.  THIS MAY BE DUE TO THE STARTING
     VALUES BUT MAY ALSO BE AN INDICATION OF MODEL NONIDENTIFICATION.  THE
     CONDITION NUMBER IS       0.536D-16.  PROBLEM INVOLVING THE FOLLOWING PARAMETER:
     Parameter 14, CANEVR




MODEL FIT INFORMATION

Number of Free Parameters                       14

Loglikelihood

          H0 Value                       -5702.360
          H0 Scaling Correction Factor      1.6211
            for MLR
          H1 Value                       -5702.360
          H1 Scaling Correction Factor      1.6211
            for MLR

Information Criteria

          Akaike (AIC)                   11432.720
          Bayesian (BIC)                 11499.813
          Sample-Size Adjusted BIC       11455.351
            (n* = (n + 2) / 24)

Chi-Square Test of Model Fit

          Value                              0.000*
          Degrees of Freedom                     0
          P-Value                           0.0000
          Scaling Correction Factor         1.0000
            for MLR

*   The chi-square value for MLM, MLMV, MLR, ULSMV, WLSM and WLSMV cannot be used
    for chi-square difference testing in the regular way.  MLM, MLR and WLSM
    chi-square difference testing is described on the Mplus website.  MLMV, WLSMV,
    and ULSMV difference testing is done using the DIFFTEST option.

RMSEA (Root Mean Square Error Of Approximation)

          Estimate                           0.000
          90 Percent C.I.                    0.000  0.000
          Probability RMSEA <= .05           0.000

CFI/TLI

          CFI                                1.000
          TLI                                1.000

Chi-Square Test of Model Fit for the Baseline Model

          Value                              6.509
          Degrees of Freedom                     3
          P-Value                           0.0893

SRMR (Standardized Root Mean Square Residual)

          Value                              0.000



MODEL RESULTS

                                                    Two-Tailed
                    Estimate       S.E.  Est./S.E.    P-Value

 SRPWCR   ON
    CANEVR            -0.531      1.109     -0.479      0.632
    DEMMAL             0.952      0.671      1.420      0.156
    DEMAGE            -0.196      0.108     -1.806      0.071

 CANEVR   WITH
    DEMMAL             0.018      0.005      3.904      0.000
    DEMAGE            -0.150      0.035     -4.262      0.000

 DEMMAL   WITH
    DEMAGE            -0.157      0.051     -3.068      0.002

 Means
    DEMAGE             0.000      0.109     -0.002      0.999
    DEMMAL             0.000      0.017      0.001      0.999
    CANEVR             0.000      0.009      0.000      1.000

 Intercepts
    SRPWCR             5.456      0.319     17.081      0.000

 Variances
    DEMAGE             8.663      0.549     15.770      0.000
    DEMMAL             0.237      0.004     58.960      0.000
    CANEVR             0.061      0.008      8.089      0.000

 Residual Variances
    SRPWCR            76.895      6.407     12.002      0.000


STANDARDIZED MODEL RESULTS


STDYX Standardization

                                                    Two-Tailed
                    Estimate       S.E.  Est./S.E.    P-Value

 SRPWCR   ON
    CANEVR            -0.015      0.031     -0.480      0.632
    DEMMAL             0.053      0.037      1.441      0.150
    DEMAGE            -0.065      0.036     -1.840      0.066

 CANEVR   WITH
    DEMMAL             0.147      0.035      4.203      0.000
    DEMAGE            -0.206      0.042     -4.951      0.000

 DEMMAL   WITH
    DEMAGE            -0.110      0.035     -3.113      0.002

 Means
    DEMAGE             0.000      0.037     -0.002      0.999
    DEMMAL             0.000      0.036      0.001      0.999
    CANEVR             0.000      0.035      0.000      1.000

 Intercepts
    SRPWCR             0.620      0.045     13.923      0.000

 Variances
    DEMAGE             1.000      0.000    999.000    999.000
    DEMMAL             1.000      0.000    999.000    999.000
    CANEVR             1.000      0.000    999.000    999.000

 Residual Variances
    SRPWCR             0.993      0.006    157.224      0.000


R-SQUARE

    Observed                                        Two-Tailed
    Variable        Estimate       S.E.  Est./S.E.    P-Value

    SRPWCR             0.007      0.006      1.172      0.241


QUALITY OF NUMERICAL RESULTS

     Condition Number for the Information Matrix              0.421E-05
       (ratio of smallest to largest eigenvalue)


CONFIDENCE INTERVALS OF MODEL RESULTS

                  Lower .5%  Lower 2.5%    Lower 5%    Estimate    Upper 5%  Upper 2.5%   Upper .5%

 SRPWCR   ON
    CANEVR          -3.387      -2.704      -2.355      -0.531       1.292       1.641       2.324
    DEMMAL          -0.775      -0.362      -0.151       0.952       2.056       2.267       2.680
    DEMAGE          -0.475      -0.408      -0.374      -0.196      -0.017       0.017       0.083

 CANEVR   WITH
    DEMMAL           0.006       0.009       0.010       0.018       0.025       0.026       0.029
    DEMAGE          -0.240      -0.219      -0.208      -0.150      -0.092      -0.081      -0.059

 DEMMAL   WITH
    DEMAGE          -0.289      -0.257      -0.241      -0.157      -0.073      -0.057      -0.025

 Means
    DEMAGE          -0.280      -0.213      -0.179       0.000       0.178       0.213       0.280
    DEMMAL          -0.045      -0.034      -0.028       0.000       0.029       0.034       0.045
    CANEVR          -0.022      -0.017      -0.014       0.000       0.014       0.017       0.022

 Intercepts
    SRPWCR           4.633       4.830       4.931       5.456       5.982       6.082       6.279

 Variances
    DEMAGE           7.248       7.586       7.759       8.663       9.567       9.740      10.078
    DEMMAL           0.226       0.229       0.230       0.237       0.243       0.244       0.247
    CANEVR           0.041       0.046       0.048       0.061       0.073       0.076       0.080

 Residual Variances
    SRPWCR          60.392      64.337      66.356      76.895      87.434      89.452      93.398


CONFIDENCE INTERVALS OF STANDARDIZED MODEL RESULTS


STDYX Standardization

                  Lower .5%  Lower 2.5%    Lower 5%    Estimate    Upper 5%  Upper 2.5%   Upper .5%

 SRPWCR   ON
    CANEVR          -0.095      -0.076      -0.066      -0.015       0.036       0.046       0.065
    DEMMAL          -0.041      -0.019      -0.007       0.053       0.113       0.124       0.147
    DEMAGE          -0.157      -0.135      -0.124      -0.065      -0.007       0.004       0.026

 CANEVR   WITH
    DEMMAL           0.057       0.078       0.089       0.147       0.204       0.216       0.237
    DEMAGE          -0.314      -0.288      -0.275      -0.206      -0.138      -0.125      -0.099

 DEMMAL   WITH
    DEMAGE          -0.200      -0.179      -0.168      -0.110      -0.052      -0.041      -0.019

 Means
    DEMAGE          -0.095      -0.072      -0.061       0.000       0.061       0.072       0.095
    DEMMAL          -0.092      -0.070      -0.059       0.000       0.059       0.070       0.092
    CANEVR          -0.090      -0.069      -0.058       0.000       0.058       0.069       0.090

 Intercepts
    SRPWCR           0.505       0.533       0.547       0.620       0.693       0.707       0.735

 Variances
    DEMAGE           1.000       1.000       1.000       1.000       1.000       1.000       1.000
    DEMMAL           1.000       1.000       1.000       1.000       1.000       1.000       1.000
    CANEVR           1.000       1.000       1.000       1.000       1.000       1.000       1.000

 Residual Variances
    SRPWCR           0.976       0.980       0.982       0.993       1.003       1.005       1.009


TECHNICAL 1 OUTPUT


     PARAMETER SPECIFICATION


           NU
              SRPWCR        DEMAGE        DEMMAL        CANEVR
              ________      ________      ________      ________
      1           0             0             0             0


           LAMBDA
              SRPWCR        DEMAGE        DEMMAL        CANEVR
              ________      ________      ________      ________
 SRPWCR             0             0             0             0
 DEMAGE             0             0             0             0
 DEMMAL             0             0             0             0
 CANEVR             0             0             0             0


           THETA
              SRPWCR        DEMAGE        DEMMAL        CANEVR
              ________      ________      ________      ________
 SRPWCR             0
 DEMAGE             0             0
 DEMMAL             0             0             0
 CANEVR             0             0             0             0


           ALPHA
              SRPWCR        DEMAGE        DEMMAL        CANEVR
              ________      ________      ________      ________
      1           1             2             3             4


           BETA
              SRPWCR        DEMAGE        DEMMAL        CANEVR
              ________      ________      ________      ________
 SRPWCR             0             5             6             7
 DEMAGE             0             0             0             0
 DEMMAL             0             0             0             0
 CANEVR             0             0             0             0


           PSI
              SRPWCR        DEMAGE        DEMMAL        CANEVR
              ________      ________      ________      ________
 SRPWCR             8
 DEMAGE             0             9
 DEMMAL             0            10            11
 CANEVR             0            12            13            14


     STARTING VALUES


           NU
              SRPWCR        DEMAGE        DEMMAL        CANEVR
              ________      ________      ________      ________
      1         0.000         0.000         0.000         0.000


           LAMBDA
              SRPWCR        DEMAGE        DEMMAL        CANEVR
              ________      ________      ________      ________
 SRPWCR         1.000         0.000         0.000         0.000
 DEMAGE         0.000         1.000         0.000         0.000
 DEMMAL         0.000         0.000         1.000         0.000
 CANEVR         0.000         0.000         0.000         1.000


           THETA
              SRPWCR        DEMAGE        DEMMAL        CANEVR
              ________      ________      ________      ________
 SRPWCR         0.000
 DEMAGE         0.000         0.000
 DEMMAL         0.000         0.000         0.000
 CANEVR         0.000         0.000         0.000         0.000


           ALPHA
              SRPWCR        DEMAGE        DEMMAL        CANEVR
              ________      ________      ________      ________
      1         5.499         0.000         0.000         0.000


           BETA
              SRPWCR        DEMAGE        DEMMAL        CANEVR
              ________      ________      ________      ________
 SRPWCR         0.000         0.000         0.000         0.000
 DEMAGE         0.000         0.000         0.000         0.000
 DEMMAL         0.000         0.000         0.000         0.000
 CANEVR         0.000         0.000         0.000         0.000


           PSI
              SRPWCR        DEMAGE        DEMMAL        CANEVR
              ________      ________      ________      ________
 SRPWCR        38.731
 DEMAGE         0.000         4.332
 DEMMAL         0.000         0.000         0.118
 CANEVR         0.000         0.000         0.000         0.030


     Beginning Time:  14:18:21
        Ending Time:  14:18:21
       Elapsed Time:  00:00:00



MUTHEN & MUTHEN
3463 Stoner Ave.
Los Angeles, CA  90066

Tel: (310) 391-9971
Fax: (310) 391-8971
Web: www.StatModel.com
Support: Support@StatModel.com

Copyright (c) 1998-2015 Muthen & Muthen
