Mplus VERSION 7.4 (Mac)
MUTHEN & MUTHEN
07/30/2019   2:18 PM

INPUT INSTRUCTIONS


  TITLE: CANEVR_CVLALC_1;

  DATA:
  	FILE = GD190618.csv;

  VARIABLE:
  	NAMES =
  			ID_Fam   Wave     ID_MPL
  			DEMMAL   DEMAGE   DEMHSP   DEMRAC
  			SRPWCR
  			WASVCB   WASBLK   WASDGT   WSISUM
  			TRLATS   TRLBTS
  			CVLASF   CVLASC   CVLALF   CVLALC
  			WASCOM   COGCOM   CVLCOM
  			CANEVR   CANONS   CANFLF
  			CANFTY   CANF6M   CANAC6
  			CANYRS
  			ALCEVR   ALCONS   ALCFLF
  			ALCFTY   ALCF6M   ALCAC6
  			ALCYRS
  			SRPWCRDt WASVCBDt WASBLKDt
  			WASDGTDt WSISUMDt TRLATSDt
  			TRLBTSDt CVLASFDt CVLASCDt
  			CVLALFDt CVLALCDt WASCOMDt
  			COGCOMDt CVLCOMDt
  			COGPGS
  			PC1 PC2 PC3 PC4 PC5 PC6
  		;
  	USEVARIABLES =
  		! outcome
    			CVLALC
    		! covariates
    			DEMAGE
    			DEMMAL  		
    		! predictor
    			CANEVR
    		;
    	USEOBSERVATION =
    			(Wave EQ 1 AND CVLALCDt EQ 1)
    		;
    	CLUSTER =
    			ID_Fam
    		;
    	MISSING = .;

  DEFINE:
  	CENTER	CANEVR
  			DEMMAL
  			DEMAGE (GRANDMEAN);

  ANALYSIS:
          ITERATIONS = 1000000;
          TYPE = COMPLEX;

  OUTPUT:
  	SAMPSTAT STDYX TECH1 CINT;

  MODEL:
  	CVLALC on CANEVR;
  	CVLALC on  DEMMAL DEMAGE;	
  	CVLALC*;
  	CANEVR WITH DEMMAL*;
  	CANEVR WITH DEMAGE*;



*** WARNING in VARIABLE command
  When a subpopulation is analyzed with TYPE=COMPLEX, standard errors
  may be incorrect.  Use the SUBPOPULATION option instead of the
  USEOBSERVATIONS option to obtain correct standard errors.
*** WARNING
  Data set contains cases with missing on all variables.
  These cases were not included in the analysis.
  Number of cases with missing on all variables:  1
   2 WARNING(S) FOUND IN THE INPUT INSTRUCTIONS



CANEVR_CVLALC_1;

SUMMARY OF ANALYSIS

Number of groups                                                 1
Number of observations                                         489

Number of dependent variables                                    1
Number of independent variables                                  3
Number of continuous latent variables                            0

Observed dependent variables

  Continuous
   CVLALC

Observed independent variables
   DEMAGE      DEMMAL      CANEVR

Variables with special functions

  Cluster variable      ID_FAM

  Centering (GRANDMEAN)
   CANEVR      DEMMAL      DEMAGE


Estimator                                                      MLR
Information matrix                                        OBSERVED
Maximum number of iterations                               1000000
Convergence criterion                                    0.500D-04
Maximum number of steepest descent iterations                   20
Maximum number of iterations for H1                           2000
Convergence criterion for H1                             0.100D-03

Input data file(s)
  GD190618.csv

Input data format  FREE


SUMMARY OF DATA

     Number of missing data patterns             3
     Number of clusters         244



COVARIANCE COVERAGE OF DATA

Minimum covariance coverage value   0.100


     PROPORTION OF DATA PRESENT


           Covariance Coverage
              CVLALC        DEMAGE        DEMMAL        CANEVR
              ________      ________      ________      ________
 CVLALC         0.998
 DEMAGE         0.996         0.998
 DEMMAL         0.998         0.998         1.000
 CANEVR         0.998         0.998         1.000         1.000


SAMPLE STATISTICS


     ESTIMATED SAMPLE STATISTICS


           Means
              CVLALC        DEMAGE        DEMMAL        CANEVR
              ________      ________      ________      ________
      1        -0.295         0.000         0.000         0.000


           Covariances
              CVLALC        DEMAGE        DEMMAL        CANEVR
              ________      ________      ________      ________
 CVLALC         0.972
 DEMAGE        -0.035         6.010
 DEMMAL        -0.080        -0.131         0.247
 CANEVR        -0.017        -0.129         0.024         0.112


           Correlations
              CVLALC        DEMAGE        DEMMAL        CANEVR
              ________      ________      ________      ________
 CVLALC         1.000
 DEMAGE        -0.015         1.000
 DEMMAL        -0.163        -0.108         1.000
 CANEVR        -0.050        -0.157         0.146         1.000


     MAXIMUM LOG-LIKELIHOOD VALUE FOR THE UNRESTRICTED (H1) MODEL IS -2306.473


UNIVARIATE SAMPLE STATISTICS


     UNIVARIATE HIGHER-ORDER MOMENT DESCRIPTIVE STATISTICS

         Variable/         Mean/     Skewness/   Minimum/ % with                Percentiles
        Sample Size      Variance    Kurtosis    Maximum  Min/Max      20%/60%    40%/80%    Median

     CVLALC               -0.295      -1.220      -5.000    0.82%      -1.000     -0.500     -0.500
             488.000       0.972       3.724       1.500    2.87%       0.000      0.500
     DEMAGE                0.000       1.646      -3.804    0.20%      -1.924     -0.974     -0.534
             488.000       6.010       4.211      15.296    0.20%      -0.094      1.316
     DEMMAL                0.000      -0.218      -0.554   44.58%      -0.554     -0.554      0.446
             489.000       0.247      -1.952       0.446   55.42%       0.446      0.446
     CANEVR                0.000      -2.216      -0.871   12.88%       0.129      0.129      0.129
             489.000       0.112       2.910       0.129   87.12%       0.129      0.129


THE MODEL ESTIMATION TERMINATED NORMALLY

     THE STANDARD ERRORS OF THE MODEL PARAMETER ESTIMATES MAY NOT BE
     TRUSTWORTHY FOR SOME PARAMETERS DUE TO A NON-POSITIVE DEFINITE
     FIRST-ORDER DERIVATIVE PRODUCT MATRIX.  THIS MAY BE DUE TO THE STARTING
     VALUES BUT MAY ALSO BE AN INDICATION OF MODEL NONIDENTIFICATION.  THE
     CONDITION NUMBER IS       0.182D-16.  PROBLEM INVOLVING THE FOLLOWING PARAMETER:
     Parameter 14, CANEVR




MODEL FIT INFORMATION

Number of Free Parameters                       14

Loglikelihood

          H0 Value                       -2306.473
          H0 Scaling Correction Factor      1.4338
            for MLR
          H1 Value                       -2306.473
          H1 Scaling Correction Factor      1.4338
            for MLR

Information Criteria

          Akaike (AIC)                    4640.947
          Bayesian (BIC)                  4699.640
          Sample-Size Adjusted BIC        4655.204
            (n* = (n + 2) / 24)

Chi-Square Test of Model Fit

          Value                              0.000*
          Degrees of Freedom                     0
          P-Value                           0.0000
          Scaling Correction Factor         1.0000
            for MLR

*   The chi-square value for MLM, MLMV, MLR, ULSMV, WLSM and WLSMV cannot be used
    for chi-square difference testing in the regular way.  MLM, MLR and WLSM
    chi-square difference testing is described on the Mplus website.  MLMV, WLSMV,
    and ULSMV difference testing is done using the DIFFTEST option.

RMSEA (Root Mean Square Error Of Approximation)

          Estimate                           0.000
          90 Percent C.I.                    0.000  0.000
          Probability RMSEA <= .05           0.000

CFI/TLI

          CFI                                1.000
          TLI                                1.000

Chi-Square Test of Model Fit for the Baseline Model

          Value                             16.151
          Degrees of Freedom                     3
          P-Value                           0.0011

SRMR (Standardized Root Mean Square Residual)

          Value                              0.000



MODEL RESULTS

                                                    Two-Tailed
                    Estimate       S.E.  Est./S.E.    P-Value

 CVLALC   ON
    CANEVR            -0.095      0.119     -0.796      0.426
    DEMMAL            -0.321      0.086     -3.720      0.000
    DEMAGE            -0.015      0.018     -0.808      0.419

 CANEVR   WITH
    DEMMAL             0.024      0.007      3.345      0.001
    DEMAGE            -0.129      0.048     -2.682      0.007

 DEMMAL   WITH
    DEMAGE            -0.131      0.058     -2.271      0.023

 Means
    DEMAGE             0.000      0.109      0.003      0.998
    DEMMAL             0.000      0.025      0.000      1.000
    CANEVR             0.000      0.015      0.000      1.000

 Intercepts
    CVLALC            -0.295      0.047     -6.285      0.000

 Variances
    DEMAGE             6.010      0.656      9.165      0.000
    DEMMAL             0.247      0.003     90.803      0.000
    CANEVR             0.112      0.011      9.946      0.000

 Residual Variances
    CVLALC             0.945      0.121      7.816      0.000


STANDARDIZED MODEL RESULTS


STDYX Standardization

                                                    Two-Tailed
                    Estimate       S.E.  Est./S.E.    P-Value

 CVLALC   ON
    CANEVR            -0.032      0.040     -0.801      0.423
    DEMMAL            -0.162      0.042     -3.847      0.000
    DEMAGE            -0.037      0.046     -0.810      0.418

 CANEVR   WITH
    DEMMAL             0.146      0.042      3.460      0.001
    DEMAGE            -0.157      0.056     -2.780      0.005

 DEMMAL   WITH
    DEMAGE            -0.108      0.046     -2.345      0.019

 Means
    DEMAGE             0.000      0.044      0.003      0.998
    DEMMAL             0.000      0.051      0.000      1.000
    CANEVR             0.000      0.045      0.000      1.000

 Intercepts
    CVLALC            -0.299      0.040     -7.417      0.000

 Variances
    DEMAGE             1.000      0.000    999.000    999.000
    DEMMAL             1.000      0.000    999.000    999.000
    CANEVR             1.000      0.000    999.000    999.000

 Residual Variances
    CVLALC             0.971      0.014     71.242      0.000


R-SQUARE

    Observed                                        Two-Tailed
    Variable        Estimate       S.E.  Est./S.E.    P-Value

    CVLALC             0.029      0.014      2.091      0.037


QUALITY OF NUMERICAL RESULTS

     Condition Number for the Information Matrix              0.227E-02
       (ratio of smallest to largest eigenvalue)


CONFIDENCE INTERVALS OF MODEL RESULTS

                  Lower .5%  Lower 2.5%    Lower 5%    Estimate    Upper 5%  Upper 2.5%   Upper .5%

 CVLALC   ON
    CANEVR          -0.402      -0.328      -0.291      -0.095       0.101       0.139       0.212
    DEMMAL          -0.544      -0.491      -0.463      -0.321      -0.179      -0.152      -0.099
    DEMAGE          -0.062      -0.051      -0.045      -0.015       0.015       0.021       0.033

 CANEVR   WITH
    DEMMAL           0.006       0.010       0.012       0.024       0.036       0.039       0.043
    DEMAGE          -0.252      -0.223      -0.208      -0.129      -0.050      -0.035      -0.005

 DEMMAL   WITH
    DEMAGE          -0.281      -0.245      -0.227      -0.131      -0.036      -0.018       0.018

 Means
    DEMAGE          -0.281      -0.213      -0.179       0.000       0.180       0.214       0.281
    DEMMAL          -0.065      -0.049      -0.041       0.000       0.041       0.049       0.065
    CANEVR          -0.039      -0.030      -0.025       0.000       0.025       0.030       0.039

 Intercepts
    CVLALC          -0.416      -0.387      -0.372      -0.295      -0.218      -0.203      -0.174

 Variances
    DEMAGE           4.321       4.724       4.931       6.010       7.088       7.295       7.699
    DEMMAL           0.240       0.242       0.243       0.247       0.252       0.252       0.254
    CANEVR           0.083       0.090       0.094       0.112       0.131       0.134       0.141

 Residual Variances
    CVLALC           0.633       0.708       0.746       0.945       1.143       1.181       1.256


CONFIDENCE INTERVALS OF STANDARDIZED MODEL RESULTS


STDYX Standardization

                  Lower .5%  Lower 2.5%    Lower 5%    Estimate    Upper 5%  Upper 2.5%   Upper .5%

 CVLALC   ON
    CANEVR          -0.136      -0.111      -0.098      -0.032       0.034       0.047       0.071
    DEMMAL          -0.270      -0.245      -0.231      -0.162      -0.093      -0.079      -0.054
    DEMAGE          -0.155      -0.127      -0.112      -0.037       0.038       0.053       0.081

 CANEVR   WITH
    DEMMAL           0.037       0.063       0.077       0.146       0.216       0.229       0.255
    DEMAGE          -0.302      -0.267      -0.249      -0.157      -0.064      -0.046      -0.011

 DEMMAL   WITH
    DEMAGE          -0.226      -0.198      -0.184      -0.108      -0.032      -0.018       0.011

 Means
    DEMAGE          -0.114      -0.087      -0.073       0.000       0.073       0.087       0.115
    DEMMAL          -0.130      -0.099      -0.083       0.000       0.083       0.099       0.130
    CANEVR          -0.117      -0.089      -0.075       0.000       0.075       0.089       0.117

 Intercepts
    CVLALC          -0.403      -0.378      -0.366      -0.299      -0.233      -0.220      -0.195

 Variances
    DEMAGE           1.000       1.000       1.000       1.000       1.000       1.000       1.000
    DEMMAL           1.000       1.000       1.000       1.000       1.000       1.000       1.000
    CANEVR           1.000       1.000       1.000       1.000       1.000       1.000       1.000

 Residual Variances
    CVLALC           0.936       0.945       0.949       0.971       0.994       0.998       1.007


TECHNICAL 1 OUTPUT


     PARAMETER SPECIFICATION


           NU
              CVLALC        DEMAGE        DEMMAL        CANEVR
              ________      ________      ________      ________
      1           0             0             0             0


           LAMBDA
              CVLALC        DEMAGE        DEMMAL        CANEVR
              ________      ________      ________      ________
 CVLALC             0             0             0             0
 DEMAGE             0             0             0             0
 DEMMAL             0             0             0             0
 CANEVR             0             0             0             0


           THETA
              CVLALC        DEMAGE        DEMMAL        CANEVR
              ________      ________      ________      ________
 CVLALC             0
 DEMAGE             0             0
 DEMMAL             0             0             0
 CANEVR             0             0             0             0


           ALPHA
              CVLALC        DEMAGE        DEMMAL        CANEVR
              ________      ________      ________      ________
      1           1             2             3             4


           BETA
              CVLALC        DEMAGE        DEMMAL        CANEVR
              ________      ________      ________      ________
 CVLALC             0             5             6             7
 DEMAGE             0             0             0             0
 DEMMAL             0             0             0             0
 CANEVR             0             0             0             0


           PSI
              CVLALC        DEMAGE        DEMMAL        CANEVR
              ________      ________      ________      ________
 CVLALC             8
 DEMAGE             0             9
 DEMMAL             0            10            11
 CANEVR             0            12            13            14


     STARTING VALUES


           NU
              CVLALC        DEMAGE        DEMMAL        CANEVR
              ________      ________      ________      ________
      1         0.000         0.000         0.000         0.000


           LAMBDA
              CVLALC        DEMAGE        DEMMAL        CANEVR
              ________      ________      ________      ________
 CVLALC         1.000         0.000         0.000         0.000
 DEMAGE         0.000         1.000         0.000         0.000
 DEMMAL         0.000         0.000         1.000         0.000
 CANEVR         0.000         0.000         0.000         1.000


           THETA
              CVLALC        DEMAGE        DEMMAL        CANEVR
              ________      ________      ________      ________
 CVLALC         0.000
 DEMAGE         0.000         0.000
 DEMMAL         0.000         0.000         0.000
 CANEVR         0.000         0.000         0.000         0.000


           ALPHA
              CVLALC        DEMAGE        DEMMAL        CANEVR
              ________      ________      ________      ________
      1        -0.295         0.000         0.000         0.000


           BETA
              CVLALC        DEMAGE        DEMMAL        CANEVR
              ________      ________      ________      ________
 CVLALC         0.000         0.000         0.000         0.000
 DEMAGE         0.000         0.000         0.000         0.000
 DEMMAL         0.000         0.000         0.000         0.000
 CANEVR         0.000         0.000         0.000         0.000


           PSI
              CVLALC        DEMAGE        DEMMAL        CANEVR
              ________      ________      ________      ________
 CVLALC         0.486
 DEMAGE         0.000         3.005
 DEMMAL         0.000         0.000         0.124
 CANEVR         0.000         0.000         0.000         0.056


     Beginning Time:  14:18:12
        Ending Time:  14:18:13
       Elapsed Time:  00:00:01



MUTHEN & MUTHEN
3463 Stoner Ave.
Los Angeles, CA  90066

Tel: (310) 391-9971
Fax: (310) 391-8971
Web: www.StatModel.com
Support: Support@StatModel.com

Copyright (c) 1998-2015 Muthen & Muthen
