Mplus VERSION 7.4 (Mac)
MUTHEN & MUTHEN
07/30/2019   2:18 PM

INPUT INSTRUCTIONS


  TITLE: CANEVR_SRPWCR_1;

  DATA:
  	FILE = GD190618.csv;

  VARIABLE:
  	NAMES =
  			ID_Fam   Wave     ID_MPL
  			DEMMAL   DEMAGE   DEMHSP   DEMRAC
  			SRPWCR
  			WASVCB   WASBLK   WASDGT   WSISUM
  			TRLATS   TRLBTS
  			CVLASF   CVLASC   CVLALF   CVLALC
  			WASCOM   COGCOM   CVLCOM
  			CANEVR   CANONS   CANFLF
  			CANFTY   CANF6M   CANAC6
  			CANYRS
  			ALCEVR   ALCONS   ALCFLF
  			ALCFTY   ALCF6M   ALCAC6
  			ALCYRS
  			SRPWCRDt WASVCBDt WASBLKDt
  			WASDGTDt WSISUMDt TRLATSDt
  			TRLBTSDt CVLASFDt CVLASCDt
  			CVLALFDt CVLALCDt WASCOMDt
  			COGCOMDt CVLCOMDt
  			COGPGS
  			PC1 PC2 PC3 PC4 PC5 PC6
  		;
  	USEVARIABLES =
  		! outcome
    			SRPWCR
    		! covariates
    			DEMAGE
    			DEMMAL  		
    		! predictor
    			CANEVR
    		;
    	USEOBSERVATION =
    			(Wave EQ 1 AND SRPWCRDt EQ 1)
    		;
    	CLUSTER =
    			ID_Fam
    		;
    	MISSING = .;

  DEFINE:
  	CENTER	CANEVR
  			DEMMAL
  			DEMAGE (GRANDMEAN);

  ANALYSIS:
          ITERATIONS = 1000000;
          TYPE = COMPLEX;

  OUTPUT:
  	SAMPSTAT STDYX TECH1 CINT;

  MODEL:
  	SRPWCR on CANEVR;
  	SRPWCR on  DEMMAL DEMAGE;	
  	SRPWCR*;
  	CANEVR WITH DEMMAL*;
  	CANEVR WITH DEMAGE*;



*** WARNING in VARIABLE command
  When a subpopulation is analyzed with TYPE=COMPLEX, standard errors
  may be incorrect.  Use the SUBPOPULATION option instead of the
  USEOBSERVATIONS option to obtain correct standard errors.
*** WARNING
  Data set contains cases with missing on all variables.
  These cases were not included in the analysis.
  Number of cases with missing on all variables:  1
   2 WARNING(S) FOUND IN THE INPUT INSTRUCTIONS



CANEVR_SRPWCR_1;

SUMMARY OF ANALYSIS

Number of groups                                                 1
Number of observations                                        1211

Number of dependent variables                                    1
Number of independent variables                                  3
Number of continuous latent variables                            0

Observed dependent variables

  Continuous
   SRPWCR

Observed independent variables
   DEMAGE      DEMMAL      CANEVR

Variables with special functions

  Cluster variable      ID_FAM

  Centering (GRANDMEAN)
   CANEVR      DEMMAL      DEMAGE


Estimator                                                      MLR
Information matrix                                        OBSERVED
Maximum number of iterations                               1000000
Convergence criterion                                    0.500D-04
Maximum number of steepest descent iterations                   20
Maximum number of iterations for H1                           2000
Convergence criterion for H1                             0.100D-03

Input data file(s)
  GD190618.csv

Input data format  FREE


SUMMARY OF DATA

     Number of missing data patterns             4
     Number of clusters         598



COVARIANCE COVERAGE OF DATA

Minimum covariance coverage value   0.100


     PROPORTION OF DATA PRESENT


           Covariance Coverage
              SRPWCR        DEMAGE        DEMMAL        CANEVR
              ________      ________      ________      ________
 SRPWCR         0.928
 DEMAGE         0.928         0.999
 DEMMAL         0.928         0.999         1.000
 CANEVR         0.925         0.996         0.997         0.997


SAMPLE STATISTICS


     ESTIMATED SAMPLE STATISTICS


           Means
              SRPWCR        DEMAGE        DEMMAL        CANEVR
              ________      ________      ________      ________
      1         6.092         0.000         0.000         0.000


           Covariances
              SRPWCR        DEMAGE        DEMMAL        CANEVR
              ________      ________      ________      ________
 SRPWCR        71.157
 DEMAGE        -2.636         6.522
 DEMMAL         0.279        -0.178         0.232
 CANEVR         0.044        -0.066         0.024         0.104


           Correlations
              SRPWCR        DEMAGE        DEMMAL        CANEVR
              ________      ________      ________      ________
 SRPWCR         1.000
 DEMAGE        -0.122         1.000
 DEMMAL         0.069        -0.145         1.000
 CANEVR         0.016        -0.080         0.156         1.000


     MAXIMUM LOG-LIKELIHOOD VALUE FOR THE UNRESTRICTED (H1) MODEL IS -7986.823


UNIVARIATE SAMPLE STATISTICS


     UNIVARIATE HIGHER-ORDER MOMENT DESCRIPTIVE STATISTICS

         Variable/         Mean/     Skewness/   Minimum/ % with                Percentiles
        Sample Size      Variance    Kurtosis    Maximum  Min/Max      20%/60%    40%/80%    Median

     SRPWCR                6.065       0.218     -25.000    0.09%      -1.000      4.000      6.000
            1124.000      71.119       2.064      56.000    0.09%       8.000     13.000
     DEMAGE                0.000       1.512      -3.942    0.08%      -1.972     -1.072     -0.552
            1210.000       6.522       3.531      16.028    0.08%      -0.012      1.568
     DEMMAL                0.000      -0.553      -0.633   36.66%      -0.633      0.367      0.367
            1211.000       0.232      -1.694       0.367   63.34%       0.367      0.367
     CANEVR                0.000      -2.361      -0.882   11.85%       0.118      0.118      0.118
            1207.000       0.104       3.575       0.118   88.15%       0.118      0.118


THE MODEL ESTIMATION TERMINATED NORMALLY

     THE STANDARD ERRORS OF THE MODEL PARAMETER ESTIMATES MAY NOT BE
     TRUSTWORTHY FOR SOME PARAMETERS DUE TO A NON-POSITIVE DEFINITE
     FIRST-ORDER DERIVATIVE PRODUCT MATRIX.  THIS MAY BE DUE TO THE STARTING
     VALUES BUT MAY ALSO BE AN INDICATION OF MODEL NONIDENTIFICATION.  THE
     CONDITION NUMBER IS       0.407D-15.  PROBLEM INVOLVING THE FOLLOWING PARAMETER:
     Parameter 14, CANEVR




MODEL FIT INFORMATION

Number of Free Parameters                       14

Loglikelihood

          H0 Value                       -7986.823
          H0 Scaling Correction Factor      1.3401
            for MLR
          H1 Value                       -7986.823
          H1 Scaling Correction Factor      1.3401
            for MLR

Information Criteria

          Akaike (AIC)                   16001.646
          Bayesian (BIC)                 16073.034
          Sample-Size Adjusted BIC       16028.565
            (n* = (n + 2) / 24)

Chi-Square Test of Model Fit

          Value                              0.000*
          Degrees of Freedom                     0
          P-Value                           0.0000
          Scaling Correction Factor         1.0000
            for MLR

*   The chi-square value for MLM, MLMV, MLR, ULSMV, WLSM and WLSMV cannot be used
    for chi-square difference testing in the regular way.  MLM, MLR and WLSM
    chi-square difference testing is described on the Mplus website.  MLMV, WLSMV,
    and ULSMV difference testing is done using the DIFFTEST option.

RMSEA (Root Mean Square Error Of Approximation)

          Estimate                           0.000
          90 Percent C.I.                    0.000  0.000
          Probability RMSEA <= .05           0.000

CFI/TLI

          CFI                                1.000
          TLI                                1.000

Chi-Square Test of Model Fit for the Baseline Model

          Value                             22.561
          Degrees of Freedom                     3
          P-Value                           0.0000

SRMR (Standardized Root Mean Square Residual)

          Value                              0.000



MODEL RESULTS

                                                    Two-Tailed
                    Estimate       S.E.  Est./S.E.    P-Value

 SRPWCR   ON
    CANEVR            -0.034      0.727     -0.047      0.962
    DEMMAL             0.914      0.530      1.724      0.085
    DEMAGE            -0.380      0.096     -3.953      0.000

 CANEVR   WITH
    DEMMAL             0.024      0.005      5.053      0.000
    DEMAGE            -0.066      0.029     -2.258      0.024

 DEMMAL   WITH
    DEMAGE            -0.178      0.039     -4.581      0.000

 Means
    DEMAGE             0.000      0.076      0.004      0.997
    DEMMAL             0.000      0.015      0.000      1.000
    CANEVR             0.000      0.009      0.015      0.988

 Intercepts
    SRPWCR             6.092      0.268     22.770      0.000

 Variances
    DEMAGE             6.522      0.436     14.958      0.000
    DEMMAL             0.232      0.004     58.936      0.000
    CANEVR             0.104      0.007     14.434      0.000

 Residual Variances
    SRPWCR            69.904      4.140     16.884      0.000


STANDARDIZED MODEL RESULTS


STDYX Standardization

                                                    Two-Tailed
                    Estimate       S.E.  Est./S.E.    P-Value

 SRPWCR   ON
    CANEVR            -0.001      0.028     -0.047      0.962
    DEMMAL             0.052      0.030      1.741      0.082
    DEMAGE            -0.115      0.028     -4.108      0.000

 CANEVR   WITH
    DEMMAL             0.156      0.030      5.265      0.000
    DEMAGE            -0.080      0.035     -2.275      0.023

 DEMMAL   WITH
    DEMAGE            -0.145      0.031     -4.692      0.000

 Means
    DEMAGE             0.000      0.030      0.004      0.997
    DEMMAL             0.000      0.031      0.000      1.000
    CANEVR             0.000      0.029      0.015      0.988

 Intercepts
    SRPWCR             0.722      0.036     20.240      0.000

 Variances
    DEMAGE             1.000      0.000    999.000    999.000
    DEMMAL             1.000      0.000    999.000    999.000
    CANEVR             1.000      0.000    999.000    999.000

 Residual Variances
    SRPWCR             0.982      0.007    133.589      0.000


R-SQUARE

    Observed                                        Two-Tailed
    Variable        Estimate       S.E.  Est./S.E.    P-Value

    SRPWCR             0.018      0.007      2.397      0.017


QUALITY OF NUMERICAL RESULTS

     Condition Number for the Information Matrix              0.205E-04
       (ratio of smallest to largest eigenvalue)


CONFIDENCE INTERVALS OF MODEL RESULTS

                  Lower .5%  Lower 2.5%    Lower 5%    Estimate    Upper 5%  Upper 2.5%   Upper .5%

 SRPWCR   ON
    CANEVR          -1.906      -1.458      -1.229      -0.034       1.161       1.390       1.837
    DEMMAL          -0.451      -0.125       0.042       0.914       1.786       1.953       2.280
    DEMAGE          -0.627      -0.568      -0.538      -0.380      -0.222      -0.191      -0.132

 CANEVR   WITH
    DEMMAL           0.012       0.015       0.016       0.024       0.032       0.034       0.037
    DEMAGE          -0.142      -0.124      -0.115      -0.066      -0.018      -0.009       0.009

 DEMMAL   WITH
    DEMAGE          -0.278      -0.254      -0.242      -0.178      -0.114      -0.102      -0.078

 Means
    DEMAGE          -0.195      -0.149      -0.125       0.000       0.125       0.149       0.196
    DEMMAL          -0.038      -0.029      -0.024       0.000       0.024       0.029       0.038
    CANEVR          -0.024      -0.018      -0.015       0.000       0.016       0.019       0.025

 Intercepts
    SRPWCR           5.403       5.568       5.652       6.092       6.532       6.617       6.782

 Variances
    DEMAGE           5.399       5.667       5.804       6.522       7.239       7.376       7.645
    DEMMAL           0.222       0.224       0.226       0.232       0.239       0.240       0.242
    CANEVR           0.086       0.090       0.093       0.104       0.116       0.119       0.123

 Residual Variances
    SRPWCR          59.239      61.789      63.093      69.904      76.714      78.018      80.568


CONFIDENCE INTERVALS OF STANDARDIZED MODEL RESULTS


STDYX Standardization

                  Lower .5%  Lower 2.5%    Lower 5%    Estimate    Upper 5%  Upper 2.5%   Upper .5%

 SRPWCR   ON
    CANEVR          -0.073      -0.056      -0.047      -0.001       0.044       0.053       0.070
    DEMMAL          -0.025      -0.007       0.003       0.052       0.102       0.111       0.129
    DEMAGE          -0.187      -0.170      -0.161      -0.115      -0.069      -0.060      -0.043

 CANEVR   WITH
    DEMMAL           0.080       0.098       0.107       0.156       0.205       0.214       0.233
    DEMAGE          -0.171      -0.150      -0.138      -0.080      -0.022      -0.011       0.011

 DEMMAL   WITH
    DEMAGE          -0.224      -0.205      -0.195      -0.145      -0.094      -0.084      -0.065

 Means
    DEMAGE          -0.076      -0.058      -0.049       0.000       0.049       0.058       0.077
    DEMMAL          -0.079      -0.060      -0.050       0.000       0.050       0.060       0.079
    CANEVR          -0.075      -0.057      -0.048       0.000       0.049       0.058       0.076

 Intercepts
    SRPWCR           0.630       0.652       0.664       0.722       0.781       0.792       0.814

 Variances
    DEMAGE           1.000       1.000       1.000       1.000       1.000       1.000       1.000
    DEMMAL           1.000       1.000       1.000       1.000       1.000       1.000       1.000
    CANEVR           1.000       1.000       1.000       1.000       1.000       1.000       1.000

 Residual Variances
    SRPWCR           0.963       0.968       0.970       0.982       0.994       0.997       1.001


TECHNICAL 1 OUTPUT


     PARAMETER SPECIFICATION


           NU
              SRPWCR        DEMAGE        DEMMAL        CANEVR
              ________      ________      ________      ________
      1           0             0             0             0


           LAMBDA
              SRPWCR        DEMAGE        DEMMAL        CANEVR
              ________      ________      ________      ________
 SRPWCR             0             0             0             0
 DEMAGE             0             0             0             0
 DEMMAL             0             0             0             0
 CANEVR             0             0             0             0


           THETA
              SRPWCR        DEMAGE        DEMMAL        CANEVR
              ________      ________      ________      ________
 SRPWCR             0
 DEMAGE             0             0
 DEMMAL             0             0             0
 CANEVR             0             0             0             0


           ALPHA
              SRPWCR        DEMAGE        DEMMAL        CANEVR
              ________      ________      ________      ________
      1           1             2             3             4


           BETA
              SRPWCR        DEMAGE        DEMMAL        CANEVR
              ________      ________      ________      ________
 SRPWCR             0             5             6             7
 DEMAGE             0             0             0             0
 DEMMAL             0             0             0             0
 CANEVR             0             0             0             0


           PSI
              SRPWCR        DEMAGE        DEMMAL        CANEVR
              ________      ________      ________      ________
 SRPWCR             8
 DEMAGE             0             9
 DEMMAL             0            10            11
 CANEVR             0            12            13            14


     STARTING VALUES


           NU
              SRPWCR        DEMAGE        DEMMAL        CANEVR
              ________      ________      ________      ________
      1         0.000         0.000         0.000         0.000


           LAMBDA
              SRPWCR        DEMAGE        DEMMAL        CANEVR
              ________      ________      ________      ________
 SRPWCR         1.000         0.000         0.000         0.000
 DEMAGE         0.000         1.000         0.000         0.000
 DEMMAL         0.000         0.000         1.000         0.000
 CANEVR         0.000         0.000         0.000         1.000


           THETA
              SRPWCR        DEMAGE        DEMMAL        CANEVR
              ________      ________      ________      ________
 SRPWCR         0.000
 DEMAGE         0.000         0.000
 DEMMAL         0.000         0.000         0.000
 CANEVR         0.000         0.000         0.000         0.000


           ALPHA
              SRPWCR        DEMAGE        DEMMAL        CANEVR
              ________      ________      ________      ________
      1         6.065         0.000         0.000         0.000


           BETA
              SRPWCR        DEMAGE        DEMMAL        CANEVR
              ________      ________      ________      ________
 SRPWCR         0.000         0.000         0.000         0.000
 DEMAGE         0.000         0.000         0.000         0.000
 DEMMAL         0.000         0.000         0.000         0.000
 CANEVR         0.000         0.000         0.000         0.000


           PSI
              SRPWCR        DEMAGE        DEMMAL        CANEVR
              ________      ________      ________      ________
 SRPWCR        35.560
 DEMAGE         0.000         3.261
 DEMMAL         0.000         0.000         0.116
 CANEVR         0.000         0.000         0.000         0.052


     Beginning Time:  14:18:20
        Ending Time:  14:18:20
       Elapsed Time:  00:00:00



MUTHEN & MUTHEN
3463 Stoner Ave.
Los Angeles, CA  90066

Tel: (310) 391-9971
Fax: (310) 391-8971
Web: www.StatModel.com
Support: Support@StatModel.com

Copyright (c) 1998-2015 Muthen & Muthen
