Mplus VERSION 7.4 (Mac)
MUTHEN & MUTHEN
07/30/2019   2:18 PM

INPUT INSTRUCTIONS


  TITLE: CANEVR_CVLCOM_1;

  DATA:
  	FILE = GD190618.csv;

  VARIABLE:
  	NAMES =
  			ID_Fam   Wave     ID_MPL
  			DEMMAL   DEMAGE   DEMHSP   DEMRAC
  			SRPWCR
  			WASVCB   WASBLK   WASDGT   WSISUM
  			TRLATS   TRLBTS
  			CVLASF   CVLASC   CVLALF   CVLALC
  			WASCOM   COGCOM   CVLCOM
  			CANEVR   CANONS   CANFLF
  			CANFTY   CANF6M   CANAC6
  			CANYRS
  			ALCEVR   ALCONS   ALCFLF
  			ALCFTY   ALCF6M   ALCAC6
  			ALCYRS
  			SRPWCRDt WASVCBDt WASBLKDt
  			WASDGTDt WSISUMDt TRLATSDt
  			TRLBTSDt CVLASFDt CVLASCDt
  			CVLALFDt CVLALCDt WASCOMDt
  			COGCOMDt CVLCOMDt
  			COGPGS
  			PC1 PC2 PC3 PC4 PC5 PC6
  		;
  	USEVARIABLES =
  		! outcome
    			CVLCOM
    		! covariates
    			DEMAGE
    			DEMMAL  		
    		! predictor
    			CANEVR
    		;
    	USEOBSERVATION =
    			(Wave EQ 1 AND CVLCOMDt EQ 1)
    		;
    	CLUSTER =
    			ID_Fam
    		;
    	MISSING = .;

  DEFINE:
  	CENTER	CANEVR
  			DEMMAL
  			DEMAGE (GRANDMEAN);

  ANALYSIS:
          ITERATIONS = 1000000;
          TYPE = COMPLEX;

  OUTPUT:
  	SAMPSTAT STDYX TECH1 CINT;

  MODEL:
  	CVLCOM on CANEVR;
  	CVLCOM on  DEMMAL DEMAGE;	
  	CVLCOM*;
  	CANEVR WITH DEMMAL*;
  	CANEVR WITH DEMAGE*;



*** WARNING in VARIABLE command
  When a subpopulation is analyzed with TYPE=COMPLEX, standard errors
  may be incorrect.  Use the SUBPOPULATION option instead of the
  USEOBSERVATIONS option to obtain correct standard errors.
*** WARNING
  Data set contains cases with missing on all variables.
  These cases were not included in the analysis.
  Number of cases with missing on all variables:  1
   2 WARNING(S) FOUND IN THE INPUT INSTRUCTIONS



CANEVR_CVLCOM_1;

SUMMARY OF ANALYSIS

Number of groups                                                 1
Number of observations                                         489

Number of dependent variables                                    1
Number of independent variables                                  3
Number of continuous latent variables                            0

Observed dependent variables

  Continuous
   CVLCOM

Observed independent variables
   DEMAGE      DEMMAL      CANEVR

Variables with special functions

  Cluster variable      ID_FAM

  Centering (GRANDMEAN)
   CANEVR      DEMMAL      DEMAGE


Estimator                                                      MLR
Information matrix                                        OBSERVED
Maximum number of iterations                               1000000
Convergence criterion                                    0.500D-04
Maximum number of steepest descent iterations                   20
Maximum number of iterations for H1                           2000
Convergence criterion for H1                             0.100D-03

Input data file(s)
  GD190618.csv

Input data format  FREE


SUMMARY OF DATA

     Number of missing data patterns             3
     Number of clusters         244



COVARIANCE COVERAGE OF DATA

Minimum covariance coverage value   0.100


     PROPORTION OF DATA PRESENT


           Covariance Coverage
              CVLCOM        DEMAGE        DEMMAL        CANEVR
              ________      ________      ________      ________
 CVLCOM         0.998
 DEMAGE         0.996         0.998
 DEMMAL         0.998         0.998         1.000
 CANEVR         0.998         0.998         1.000         1.000


SAMPLE STATISTICS


     ESTIMATED SAMPLE STATISTICS


           Means
              CVLCOM        DEMAGE        DEMMAL        CANEVR
              ________      ________      ________      ________
      1         0.000         0.000         0.000         0.000


           Covariances
              CVLCOM        DEMAGE        DEMMAL        CANEVR
              ________      ________      ________      ________
 CVLCOM         0.835
 DEMAGE        -0.070         6.010
 DEMMAL        -0.069        -0.132         0.247
 CANEVR        -0.017        -0.129         0.024         0.112


           Correlations
              CVLCOM        DEMAGE        DEMMAL        CANEVR
              ________      ________      ________      ________
 CVLCOM         1.000
 DEMAGE        -0.031         1.000
 DEMMAL        -0.152        -0.108         1.000
 CANEVR        -0.055        -0.157         0.146         1.000


     MAXIMUM LOG-LIKELIHOOD VALUE FOR THE UNRESTRICTED (H1) MODEL IS -2269.823


UNIVARIATE SAMPLE STATISTICS


     UNIVARIATE HIGHER-ORDER MOMENT DESCRIPTIVE STATISTICS

         Variable/         Mean/     Skewness/   Minimum/ % with                Percentiles
        Sample Size      Variance    Kurtosis    Maximum  Min/Max      20%/60%    40%/80%    Median

     CVLCOM                0.000      -0.876      -4.448    0.41%      -0.584     -0.066      0.065
             488.000       0.835       2.307       1.999    0.61%       0.319      0.708
     DEMAGE                0.000       1.646      -3.804    0.20%      -1.924     -0.974     -0.534
             488.000       6.010       4.211      15.296    0.20%      -0.094      1.316
     DEMMAL                0.000      -0.218      -0.554   44.58%      -0.554     -0.554      0.446
             489.000       0.247      -1.952       0.446   55.42%       0.446      0.446
     CANEVR                0.000      -2.216      -0.871   12.88%       0.129      0.129      0.129
             489.000       0.112       2.910       0.129   87.12%       0.129      0.129


THE MODEL ESTIMATION TERMINATED NORMALLY

     THE STANDARD ERRORS OF THE MODEL PARAMETER ESTIMATES MAY NOT BE
     TRUSTWORTHY FOR SOME PARAMETERS DUE TO A NON-POSITIVE DEFINITE
     FIRST-ORDER DERIVATIVE PRODUCT MATRIX.  THIS MAY BE DUE TO THE STARTING
     VALUES BUT MAY ALSO BE AN INDICATION OF MODEL NONIDENTIFICATION.  THE
     CONDITION NUMBER IS      -0.377D-17.  PROBLEM INVOLVING THE FOLLOWING PARAMETER:
     Parameter 13, CANEVR WITH DEMMAL




MODEL FIT INFORMATION

Number of Free Parameters                       14

Loglikelihood

          H0 Value                       -2269.823
          H0 Scaling Correction Factor      1.3620
            for MLR
          H1 Value                       -2269.823
          H1 Scaling Correction Factor      1.3620
            for MLR

Information Criteria

          Akaike (AIC)                    4567.646
          Bayesian (BIC)                  4626.339
          Sample-Size Adjusted BIC        4581.903
            (n* = (n + 2) / 24)

Chi-Square Test of Model Fit

          Value                              0.000*
          Degrees of Freedom                     0
          P-Value                           0.0000
          Scaling Correction Factor         1.0000
            for MLR

*   The chi-square value for MLM, MLMV, MLR, ULSMV, WLSM and WLSMV cannot be used
    for chi-square difference testing in the regular way.  MLM, MLR and WLSM
    chi-square difference testing is described on the Mplus website.  MLMV, WLSMV,
    and ULSMV difference testing is done using the DIFFTEST option.

RMSEA (Root Mean Square Error Of Approximation)

          Estimate                           0.000
          90 Percent C.I.                    0.000  0.000
          Probability RMSEA <= .05           0.000

CFI/TLI

          CFI                                1.000
          TLI                                1.000

Chi-Square Test of Model Fit for the Baseline Model

          Value                             14.550
          Degrees of Freedom                     3
          P-Value                           0.0022

SRMR (Standardized Root Mean Square Residual)

          Value                              0.000



MODEL RESULTS

                                                    Two-Tailed
                    Estimate       S.E.  Est./S.E.    P-Value

 CVLCOM   ON
    CANEVR            -0.114      0.119     -0.954      0.340
    DEMMAL            -0.278      0.081     -3.426      0.001
    DEMAGE            -0.020      0.017     -1.206      0.228

 CANEVR   WITH
    DEMMAL             0.024      0.007      3.345      0.001
    DEMAGE            -0.129      0.048     -2.681      0.007

 DEMMAL   WITH
    DEMAGE            -0.132      0.058     -2.272      0.023

 Means
    DEMAGE             0.000      0.109      0.004      0.997
    DEMMAL             0.000      0.025      0.000      1.000
    CANEVR             0.000      0.015      0.000      1.000

 Intercepts
    CVLCOM             0.000      0.044     -0.008      0.994

 Variances
    DEMAGE             6.010      0.656      9.164      0.000
    DEMMAL             0.247      0.003     90.803      0.000
    CANEVR             0.112      0.011      9.946      0.000

 Residual Variances
    CVLCOM             0.813      0.088      9.262      0.000


STANDARDIZED MODEL RESULTS


STDYX Standardization

                                                    Two-Tailed
                    Estimate       S.E.  Est./S.E.    P-Value

 CVLCOM   ON
    CANEVR            -0.042      0.044     -0.958      0.338
    DEMMAL            -0.151      0.043     -3.490      0.000
    DEMAGE            -0.054      0.045     -1.213      0.225

 CANEVR   WITH
    DEMMAL             0.146      0.042      3.460      0.001
    DEMAGE            -0.157      0.056     -2.779      0.005

 DEMMAL   WITH
    DEMAGE            -0.108      0.046     -2.347      0.019

 Means
    DEMAGE             0.000      0.044      0.004      0.997
    DEMMAL             0.000      0.051      0.000      1.000
    CANEVR             0.000      0.045      0.000      1.000

 Intercepts
    CVLCOM             0.000      0.048     -0.008      0.994

 Variances
    DEMAGE             1.000      0.000    999.000    999.000
    DEMMAL             1.000      0.000    999.000    999.000
    CANEVR             1.000      0.000    999.000    999.000

 Residual Variances
    CVLCOM             0.973      0.014     70.988      0.000


R-SQUARE

    Observed                                        Two-Tailed
    Variable        Estimate       S.E.  Est./S.E.    P-Value

    CVLCOM             0.027      0.014      1.964      0.050


QUALITY OF NUMERICAL RESULTS

     Condition Number for the Information Matrix              0.250E-02
       (ratio of smallest to largest eigenvalue)


CONFIDENCE INTERVALS OF MODEL RESULTS

                  Lower .5%  Lower 2.5%    Lower 5%    Estimate    Upper 5%  Upper 2.5%   Upper .5%

 CVLCOM   ON
    CANEVR          -0.421      -0.347      -0.310      -0.114       0.082       0.120       0.193
    DEMMAL          -0.487      -0.437      -0.412      -0.278      -0.145      -0.119      -0.069
    DEMAGE          -0.063      -0.053      -0.048      -0.020       0.007       0.013       0.023

 CANEVR   WITH
    DEMMAL           0.006       0.010       0.012       0.024       0.036       0.039       0.043
    DEMAGE          -0.252      -0.223      -0.208      -0.129      -0.050      -0.035      -0.005

 DEMMAL   WITH
    DEMAGE          -0.281      -0.245      -0.227      -0.132      -0.036      -0.018       0.018

 Means
    DEMAGE          -0.280      -0.213      -0.179       0.000       0.180       0.214       0.281
    DEMMAL          -0.065      -0.049      -0.041       0.000       0.041       0.049       0.065
    CANEVR          -0.039      -0.030      -0.025       0.000       0.025       0.030       0.039

 Intercepts
    CVLCOM          -0.114      -0.087      -0.073       0.000       0.072       0.086       0.114

 Variances
    DEMAGE           4.321       4.724       4.931       6.010       7.088       7.295       7.699
    DEMMAL           0.240       0.242       0.243       0.247       0.252       0.252       0.254
    CANEVR           0.083       0.090       0.094       0.112       0.131       0.134       0.141

 Residual Variances
    CVLCOM           0.587       0.641       0.668       0.813       0.957       0.985       1.039


CONFIDENCE INTERVALS OF STANDARDIZED MODEL RESULTS


STDYX Standardization

                  Lower .5%  Lower 2.5%    Lower 5%    Estimate    Upper 5%  Upper 2.5%   Upper .5%

 CVLCOM   ON
    CANEVR          -0.154      -0.127      -0.113      -0.042       0.030       0.044       0.070
    DEMMAL          -0.263      -0.236      -0.223      -0.151      -0.080      -0.066      -0.040
    DEMAGE          -0.169      -0.141      -0.127      -0.054       0.019       0.033       0.061

 CANEVR   WITH
    DEMMAL           0.037       0.063       0.077       0.146       0.216       0.229       0.255
    DEMAGE          -0.302      -0.267      -0.249      -0.157      -0.064      -0.046      -0.011

 DEMMAL   WITH
    DEMAGE          -0.226      -0.198      -0.184      -0.108      -0.032      -0.018       0.011

 Means
    DEMAGE          -0.114      -0.087      -0.073       0.000       0.073       0.087       0.115
    DEMMAL          -0.130      -0.099      -0.083       0.000       0.083       0.099       0.130
    CANEVR          -0.117      -0.089      -0.075       0.000       0.075       0.089       0.117

 Intercepts
    CVLCOM          -0.125      -0.095      -0.080       0.000       0.079       0.094       0.124

 Variances
    DEMAGE           1.000       1.000       1.000       1.000       1.000       1.000       1.000
    DEMMAL           1.000       1.000       1.000       1.000       1.000       1.000       1.000
    CANEVR           1.000       1.000       1.000       1.000       1.000       1.000       1.000

 Residual Variances
    CVLCOM           0.938       0.946       0.951       0.973       0.996       1.000       1.008


TECHNICAL 1 OUTPUT


     PARAMETER SPECIFICATION


           NU
              CVLCOM        DEMAGE        DEMMAL        CANEVR
              ________      ________      ________      ________
      1           0             0             0             0


           LAMBDA
              CVLCOM        DEMAGE        DEMMAL        CANEVR
              ________      ________      ________      ________
 CVLCOM             0             0             0             0
 DEMAGE             0             0             0             0
 DEMMAL             0             0             0             0
 CANEVR             0             0             0             0


           THETA
              CVLCOM        DEMAGE        DEMMAL        CANEVR
              ________      ________      ________      ________
 CVLCOM             0
 DEMAGE             0             0
 DEMMAL             0             0             0
 CANEVR             0             0             0             0


           ALPHA
              CVLCOM        DEMAGE        DEMMAL        CANEVR
              ________      ________      ________      ________
      1           1             2             3             4


           BETA
              CVLCOM        DEMAGE        DEMMAL        CANEVR
              ________      ________      ________      ________
 CVLCOM             0             5             6             7
 DEMAGE             0             0             0             0
 DEMMAL             0             0             0             0
 CANEVR             0             0             0             0


           PSI
              CVLCOM        DEMAGE        DEMMAL        CANEVR
              ________      ________      ________      ________
 CVLCOM             8
 DEMAGE             0             9
 DEMMAL             0            10            11
 CANEVR             0            12            13            14


     STARTING VALUES


           NU
              CVLCOM        DEMAGE        DEMMAL        CANEVR
              ________      ________      ________      ________
      1         0.000         0.000         0.000         0.000


           LAMBDA
              CVLCOM        DEMAGE        DEMMAL        CANEVR
              ________      ________      ________      ________
 CVLCOM         1.000         0.000         0.000         0.000
 DEMAGE         0.000         1.000         0.000         0.000
 DEMMAL         0.000         0.000         1.000         0.000
 CANEVR         0.000         0.000         0.000         1.000


           THETA
              CVLCOM        DEMAGE        DEMMAL        CANEVR
              ________      ________      ________      ________
 CVLCOM         0.000
 DEMAGE         0.000         0.000
 DEMMAL         0.000         0.000         0.000
 CANEVR         0.000         0.000         0.000         0.000


           ALPHA
              CVLCOM        DEMAGE        DEMMAL        CANEVR
              ________      ________      ________      ________
      1         0.000         0.000         0.000         0.000


           BETA
              CVLCOM        DEMAGE        DEMMAL        CANEVR
              ________      ________      ________      ________
 CVLCOM         0.000         0.000         0.000         0.000
 DEMAGE         0.000         0.000         0.000         0.000
 DEMMAL         0.000         0.000         0.000         0.000
 CANEVR         0.000         0.000         0.000         0.000


           PSI
              CVLCOM        DEMAGE        DEMMAL        CANEVR
              ________      ________      ________      ________
 CVLCOM         0.418
 DEMAGE         0.000         3.005
 DEMMAL         0.000         0.000         0.124
 CANEVR         0.000         0.000         0.000         0.056


     Beginning Time:  14:18:19
        Ending Time:  14:18:19
       Elapsed Time:  00:00:00



MUTHEN & MUTHEN
3463 Stoner Ave.
Los Angeles, CA  90066

Tel: (310) 391-9971
Fax: (310) 391-8971
Web: www.StatModel.com
Support: Support@StatModel.com

Copyright (c) 1998-2015 Muthen & Muthen
