Mplus VERSION 7.4 (Mac)
MUTHEN & MUTHEN
07/30/2019   2:18 PM

INPUT INSTRUCTIONS


  TITLE: CANEVR_CVLALF_2;

  DATA:
  	FILE = GD190618.csv;

  VARIABLE:
  	NAMES =
  			ID_Fam   Wave     ID_MPL
  			DEMMAL   DEMAGE   DEMHSP   DEMRAC
  			SRPWCR
  			WASVCB   WASBLK   WASDGT   WSISUM
  			TRLATS   TRLBTS
  			CVLASF   CVLASC   CVLALF   CVLALC
  			WASCOM   COGCOM   CVLCOM
  			CANEVR   CANONS   CANFLF
  			CANFTY   CANF6M   CANAC6
  			CANYRS
  			ALCEVR   ALCONS   ALCFLF
  			ALCFTY   ALCF6M   ALCAC6
  			ALCYRS
  			SRPWCRDt WASVCBDt WASBLKDt
  			WASDGTDt WSISUMDt TRLATSDt
  			TRLBTSDt CVLASFDt CVLASCDt
  			CVLALFDt CVLALCDt WASCOMDt
  			COGCOMDt CVLCOMDt
  			COGPGS
  			PC1 PC2 PC3 PC4 PC5 PC6
  		;
  	USEVARIABLES =
  		! outcome
    			CVLALF
    		! covariates
    			DEMAGE
    			DEMMAL  		
    		! predictor
    			CANEVR
    		;
    	USEOBSERVATION =
    			(Wave EQ 2 AND CVLALFDt EQ 1)
    		;
    	CLUSTER =
    			ID_Fam
    		;
    	MISSING = .;

  DEFINE:
  	CENTER	CANEVR
  			DEMMAL
  			DEMAGE (GRANDMEAN);

  ANALYSIS:
          ITERATIONS = 1000000;
          TYPE = COMPLEX;

  OUTPUT:
  	SAMPSTAT STDYX TECH1 CINT;

  MODEL:
  	CVLALF on CANEVR;
  	CVLALF on  DEMMAL DEMAGE;	
  	CVLALF*;
  	CANEVR WITH DEMMAL*;
  	CANEVR WITH DEMAGE*;



*** WARNING in VARIABLE command
  When a subpopulation is analyzed with TYPE=COMPLEX, standard errors
  may be incorrect.  Use the SUBPOPULATION option instead of the
  USEOBSERVATIONS option to obtain correct standard errors.
   1 WARNING(S) FOUND IN THE INPUT INSTRUCTIONS



CANEVR_CVLALF_2;

SUMMARY OF ANALYSIS

Number of groups                                                 1
Number of observations                                         424

Number of dependent variables                                    1
Number of independent variables                                  3
Number of continuous latent variables                            0

Observed dependent variables

  Continuous
   CVLALF

Observed independent variables
   DEMAGE      DEMMAL      CANEVR

Variables with special functions

  Cluster variable      ID_FAM

  Centering (GRANDMEAN)
   CANEVR      DEMMAL      DEMAGE


Estimator                                                      MLR
Information matrix                                        OBSERVED
Maximum number of iterations                               1000000
Convergence criterion                                    0.500D-04
Maximum number of steepest descent iterations                   20
Maximum number of iterations for H1                           2000
Convergence criterion for H1                             0.100D-03

Input data file(s)
  GD190618.csv

Input data format  FREE


SUMMARY OF DATA

     Number of missing data patterns             3
     Number of clusters         227



COVARIANCE COVERAGE OF DATA

Minimum covariance coverage value   0.100


     PROPORTION OF DATA PRESENT


           Covariance Coverage
              CVLALF        DEMAGE        DEMMAL        CANEVR
              ________      ________      ________      ________
 CVLALF         0.835
 DEMAGE         0.835         0.998
 DEMMAL         0.835         0.998         0.998
 CANEVR         0.835         0.998         0.998         1.000


SAMPLE STATISTICS


     ESTIMATED SAMPLE STATISTICS


           Means
              CVLALF        DEMAGE        DEMMAL        CANEVR
              ________      ________      ________      ________
      1        -0.518         0.000         0.000         0.000


           Covariances
              CVLALF        DEMAGE        DEMMAL        CANEVR
              ________      ________      ________      ________
 CVLALF         1.208
 DEMAGE        -0.326         8.631
 DEMMAL         0.021        -0.167         0.248
 CANEVR        -0.003        -0.176         0.021         0.068


           Correlations
              CVLALF        DEMAGE        DEMMAL        CANEVR
              ________      ________      ________      ________
 CVLALF         1.000
 DEMAGE        -0.101         1.000
 DEMMAL         0.038        -0.114         1.000
 CANEVR        -0.012        -0.231         0.164         1.000


     MAXIMUM LOG-LIKELIHOOD VALUE FOR THE UNRESTRICTED (H1) MODEL IS -1906.936


UNIVARIATE SAMPLE STATISTICS


     UNIVARIATE HIGHER-ORDER MOMENT DESCRIPTIVE STATISTICS

         Variable/         Mean/     Skewness/   Minimum/ % with                Percentiles
        Sample Size      Variance    Kurtosis    Maximum  Min/Max      20%/60%    40%/80%    Median

     CVLALF               -0.507      -0.319      -4.500    0.28%      -1.500     -1.000     -0.250
             354.000       1.208      -0.348       1.500    3.67%       0.000      0.500
     DEMAGE                0.000       1.026      -5.595    0.24%      -2.455     -0.965     -0.305
             423.000       8.632       2.221      15.575    0.24%       0.275      2.115
     DEMMAL                0.000      -0.195      -0.548   45.15%      -0.548     -0.548      0.452
             423.000       0.248      -1.962       0.452   54.85%       0.452      0.452
     CANEVR                0.000      -3.280      -0.927    7.31%       0.073      0.073      0.073
             424.000       0.068       8.756       0.073   92.69%       0.073      0.073


THE MODEL ESTIMATION TERMINATED NORMALLY

     THE STANDARD ERRORS OF THE MODEL PARAMETER ESTIMATES MAY NOT BE
     TRUSTWORTHY FOR SOME PARAMETERS DUE TO A NON-POSITIVE DEFINITE
     FIRST-ORDER DERIVATIVE PRODUCT MATRIX.  THIS MAY BE DUE TO THE STARTING
     VALUES BUT MAY ALSO BE AN INDICATION OF MODEL NONIDENTIFICATION.  THE
     CONDITION NUMBER IS       0.908D-16.  PROBLEM INVOLVING THE FOLLOWING PARAMETER:
     Parameter 14, CANEVR




MODEL FIT INFORMATION

Number of Free Parameters                       14

Loglikelihood

          H0 Value                       -1906.936
          H0 Scaling Correction Factor      1.3717
            for MLR
          H1 Value                       -1906.936
          H1 Scaling Correction Factor      1.3717
            for MLR

Information Criteria

          Akaike (AIC)                    3841.873
          Bayesian (BIC)                  3898.569
          Sample-Size Adjusted BIC        3854.142
            (n* = (n + 2) / 24)

Chi-Square Test of Model Fit

          Value                              0.000*
          Degrees of Freedom                     0
          P-Value                           0.0000
          Scaling Correction Factor         1.0000
            for MLR

*   The chi-square value for MLM, MLMV, MLR, ULSMV, WLSM and WLSMV cannot be used
    for chi-square difference testing in the regular way.  MLM, MLR and WLSM
    chi-square difference testing is described on the Mplus website.  MLMV, WLSMV,
    and ULSMV difference testing is done using the DIFFTEST option.

RMSEA (Root Mean Square Error Of Approximation)

          Estimate                           0.000
          90 Percent C.I.                    0.000  0.000
          Probability RMSEA <= .05           0.000

CFI/TLI

          CFI                                1.000
          TLI                                1.000

Chi-Square Test of Model Fit for the Baseline Model

          Value                              4.516
          Degrees of Freedom                     3
          P-Value                           0.2108

SRMR (Standardized Root Mean Square Residual)

          Value                              0.000



MODEL RESULTS

                                                    Two-Tailed
                    Estimate       S.E.  Est./S.E.    P-Value

 CVLALF   ON
    CANEVR            -0.177      0.242     -0.731      0.465
    DEMMAL             0.071      0.113      0.630      0.529
    DEMAGE            -0.040      0.022     -1.843      0.065

 CANEVR   WITH
    DEMMAL             0.021      0.006      3.353      0.001
    DEMAGE            -0.176      0.051     -3.454      0.001

 DEMMAL   WITH
    DEMAGE            -0.167      0.072     -2.314      0.021

 Means
    DEMAGE             0.000      0.154     -0.003      0.998
    DEMMAL             0.000      0.026      0.002      0.998
    CANEVR             0.000      0.013      0.000      1.000

 Intercepts
    CVLALF            -0.518      0.061     -8.462      0.000

 Variances
    DEMAGE             8.631      0.863     10.005      0.000
    DEMMAL             0.248      0.003     97.179      0.000
    CANEVR             0.068      0.011      6.312      0.000

 Residual Variances
    CVLALF             1.193      0.086     13.876      0.000


STANDARDIZED MODEL RESULTS


STDYX Standardization

                                                    Two-Tailed
                    Estimate       S.E.  Est./S.E.    P-Value

 CVLALF   ON
    CANEVR            -0.042      0.057     -0.729      0.466
    DEMMAL             0.032      0.051      0.629      0.529
    DEMAGE            -0.107      0.057     -1.880      0.060

 CANEVR   WITH
    DEMMAL             0.164      0.044      3.709      0.000
    DEMAGE            -0.231      0.057     -4.075      0.000

 DEMMAL   WITH
    DEMAGE            -0.114      0.048     -2.378      0.017

 Means
    DEMAGE             0.000      0.053     -0.003      0.998
    DEMMAL             0.000      0.053      0.002      0.998
    CANEVR             0.000      0.048      0.000      1.000

 Intercepts
    CVLALF            -0.472      0.055     -8.645      0.000

 Variances
    DEMAGE             1.000      0.000    999.000    999.000
    DEMMAL             1.000      0.000    999.000    999.000
    CANEVR             1.000      0.000    999.000    999.000

 Residual Variances
    CVLALF             0.988      0.012     80.972      0.000


R-SQUARE

    Observed                                        Two-Tailed
    Variable        Estimate       S.E.  Est./S.E.    P-Value

    CVLALF             0.012      0.012      1.024      0.306


QUALITY OF NUMERICAL RESULTS

     Condition Number for the Information Matrix              0.301E-03
       (ratio of smallest to largest eigenvalue)


CONFIDENCE INTERVALS OF MODEL RESULTS

                  Lower .5%  Lower 2.5%    Lower 5%    Estimate    Upper 5%  Upper 2.5%   Upper .5%

 CVLALF   ON
    CANEVR          -0.799      -0.650      -0.574      -0.177       0.221       0.297       0.446
    DEMMAL          -0.220      -0.150      -0.115       0.071       0.257       0.293       0.362
    DEMAGE          -0.096      -0.082      -0.076      -0.040      -0.004       0.003       0.016

 CANEVR   WITH
    DEMMAL           0.005       0.009       0.011       0.021       0.032       0.034       0.038
    DEMAGE          -0.308      -0.276      -0.260      -0.176      -0.092      -0.076      -0.045

 DEMMAL   WITH
    DEMAGE          -0.353      -0.309      -0.286      -0.167      -0.048      -0.026       0.019

 Means
    DEMAGE          -0.398      -0.303      -0.254       0.000       0.253       0.302       0.397
    DEMMAL          -0.068      -0.051      -0.043       0.000       0.043       0.052       0.068
    CANEVR          -0.032      -0.025      -0.021       0.000       0.021       0.025       0.032

 Intercepts
    CVLALF          -0.676      -0.638      -0.619      -0.518      -0.418      -0.398      -0.360

 Variances
    DEMAGE           6.409       6.940       7.212       8.631      10.050      10.322      10.853
    DEMMAL           0.241       0.243       0.243       0.248       0.252       0.253       0.254
    CANEVR           0.040       0.047       0.050       0.068       0.085       0.089       0.095

 Residual Variances
    CVLALF           0.972       1.024       1.052       1.193       1.334       1.361       1.414


CONFIDENCE INTERVALS OF STANDARDIZED MODEL RESULTS


STDYX Standardization

                  Lower .5%  Lower 2.5%    Lower 5%    Estimate    Upper 5%  Upper 2.5%   Upper .5%

 CVLALF   ON
    CANEVR          -0.189      -0.154      -0.136      -0.042       0.052       0.071       0.106
    DEMMAL          -0.100      -0.068      -0.052       0.032       0.117       0.133       0.164
    DEMAGE          -0.253      -0.218      -0.200      -0.107      -0.013       0.005       0.040

 CANEVR   WITH
    DEMMAL           0.050       0.077       0.091       0.164       0.237       0.251       0.278
    DEMAGE          -0.376      -0.341      -0.324      -0.231      -0.137      -0.120      -0.085

 DEMMAL   WITH
    DEMAGE          -0.238      -0.209      -0.194      -0.114      -0.035      -0.020       0.010

 Means
    DEMAGE          -0.135      -0.103      -0.087       0.000       0.086       0.103       0.135
    DEMMAL          -0.136      -0.103      -0.087       0.000       0.087       0.104       0.136
    CANEVR          -0.124      -0.095      -0.079       0.000       0.079       0.095       0.124

 Intercepts
    CVLALF          -0.612      -0.578      -0.561      -0.472      -0.382      -0.365      -0.331

 Variances
    DEMAGE           1.000       1.000       1.000       1.000       1.000       1.000       1.000
    DEMMAL           1.000       1.000       1.000       1.000       1.000       1.000       1.000
    CANEVR           1.000       1.000       1.000       1.000       1.000       1.000       1.000

 Residual Variances
    CVLALF           0.956       0.964       0.967       0.988       1.008       1.011       1.019


TECHNICAL 1 OUTPUT


     PARAMETER SPECIFICATION


           NU
              CVLALF        DEMAGE        DEMMAL        CANEVR
              ________      ________      ________      ________
      1           0             0             0             0


           LAMBDA
              CVLALF        DEMAGE        DEMMAL        CANEVR
              ________      ________      ________      ________
 CVLALF             0             0             0             0
 DEMAGE             0             0             0             0
 DEMMAL             0             0             0             0
 CANEVR             0             0             0             0


           THETA
              CVLALF        DEMAGE        DEMMAL        CANEVR
              ________      ________      ________      ________
 CVLALF             0
 DEMAGE             0             0
 DEMMAL             0             0             0
 CANEVR             0             0             0             0


           ALPHA
              CVLALF        DEMAGE        DEMMAL        CANEVR
              ________      ________      ________      ________
      1           1             2             3             4


           BETA
              CVLALF        DEMAGE        DEMMAL        CANEVR
              ________      ________      ________      ________
 CVLALF             0             5             6             7
 DEMAGE             0             0             0             0
 DEMMAL             0             0             0             0
 CANEVR             0             0             0             0


           PSI
              CVLALF        DEMAGE        DEMMAL        CANEVR
              ________      ________      ________      ________
 CVLALF             8
 DEMAGE             0             9
 DEMMAL             0            10            11
 CANEVR             0            12            13            14


     STARTING VALUES


           NU
              CVLALF        DEMAGE        DEMMAL        CANEVR
              ________      ________      ________      ________
      1         0.000         0.000         0.000         0.000


           LAMBDA
              CVLALF        DEMAGE        DEMMAL        CANEVR
              ________      ________      ________      ________
 CVLALF         1.000         0.000         0.000         0.000
 DEMAGE         0.000         1.000         0.000         0.000
 DEMMAL         0.000         0.000         1.000         0.000
 CANEVR         0.000         0.000         0.000         1.000


           THETA
              CVLALF        DEMAGE        DEMMAL        CANEVR
              ________      ________      ________      ________
 CVLALF         0.000
 DEMAGE         0.000         0.000
 DEMMAL         0.000         0.000         0.000
 CANEVR         0.000         0.000         0.000         0.000


           ALPHA
              CVLALF        DEMAGE        DEMMAL        CANEVR
              ________      ________      ________      ________
      1        -0.507         0.000         0.000         0.000


           BETA
              CVLALF        DEMAGE        DEMMAL        CANEVR
              ________      ________      ________      ________
 CVLALF         0.000         0.000         0.000         0.000
 DEMAGE         0.000         0.000         0.000         0.000
 DEMMAL         0.000         0.000         0.000         0.000
 CANEVR         0.000         0.000         0.000         0.000


           PSI
              CVLALF        DEMAGE        DEMMAL        CANEVR
              ________      ________      ________      ________
 CVLALF         0.604
 DEMAGE         0.000         4.316
 DEMMAL         0.000         0.000         0.124
 CANEVR         0.000         0.000         0.000         0.034


     Beginning Time:  14:18:15
        Ending Time:  14:18:15
       Elapsed Time:  00:00:00



MUTHEN & MUTHEN
3463 Stoner Ave.
Los Angeles, CA  90066

Tel: (310) 391-9971
Fax: (310) 391-8971
Web: www.StatModel.com
Support: Support@StatModel.com

Copyright (c) 1998-2015 Muthen & Muthen
