Mplus VERSION 7.4 (Mac)
MUTHEN & MUTHEN
07/30/2019   2:18 PM

INPUT INSTRUCTIONS


  TITLE: CANEVR_COGCOM_1;

  DATA:
  	FILE = GD190618.csv;

  VARIABLE:
  	NAMES =
  			ID_Fam   Wave     ID_MPL
  			DEMMAL   DEMAGE   DEMHSP   DEMRAC
  			SRPWCR
  			WASVCB   WASBLK   WASDGT   WSISUM
  			TRLATS   TRLBTS
  			CVLASF   CVLASC   CVLALF   CVLALC
  			WASCOM   COGCOM   CVLCOM
  			CANEVR   CANONS   CANFLF
  			CANFTY   CANF6M   CANAC6
  			CANYRS
  			ALCEVR   ALCONS   ALCFLF
  			ALCFTY   ALCF6M   ALCAC6
  			ALCYRS
  			SRPWCRDt WASVCBDt WASBLKDt
  			WASDGTDt WSISUMDt TRLATSDt
  			TRLBTSDt CVLASFDt CVLASCDt
  			CVLALFDt CVLALCDt WASCOMDt
  			COGCOMDt CVLCOMDt
  			COGPGS
  			PC1 PC2 PC3 PC4 PC5 PC6
  		;
  	USEVARIABLES =
  		! outcome
    			COGCOM
    		! covariates
    			DEMAGE
    			DEMMAL  		
    		! predictor
    			CANEVR
    		;
    	USEOBSERVATION =
    			(Wave EQ 1 AND COGCOMDt EQ 1)
    		;
    	CLUSTER =
    			ID_Fam
    		;
    	MISSING = .;

  DEFINE:
  	CENTER	CANEVR
  			DEMMAL
  			DEMAGE (GRANDMEAN);

  ANALYSIS:
          ITERATIONS = 1000000;
          TYPE = COMPLEX;

  OUTPUT:
  	SAMPSTAT STDYX TECH1 CINT;

  MODEL:
  	COGCOM on CANEVR;
  	COGCOM on  DEMMAL DEMAGE;	
  	COGCOM*;
  	CANEVR WITH DEMMAL*;
  	CANEVR WITH DEMAGE*;



*** WARNING in VARIABLE command
  When a subpopulation is analyzed with TYPE=COMPLEX, standard errors
  may be incorrect.  Use the SUBPOPULATION option instead of the
  USEOBSERVATIONS option to obtain correct standard errors.
*** WARNING
  Data set contains cases with missing on all variables.
  These cases were not included in the analysis.
  Number of cases with missing on all variables:  1
   2 WARNING(S) FOUND IN THE INPUT INSTRUCTIONS



CANEVR_COGCOM_1;

SUMMARY OF ANALYSIS

Number of groups                                                 1
Number of observations                                        1121

Number of dependent variables                                    1
Number of independent variables                                  3
Number of continuous latent variables                            0

Observed dependent variables

  Continuous
   COGCOM

Observed independent variables
   DEMAGE      DEMMAL      CANEVR

Variables with special functions

  Cluster variable      ID_FAM

  Centering (GRANDMEAN)
   CANEVR      DEMMAL      DEMAGE


Estimator                                                      MLR
Information matrix                                        OBSERVED
Maximum number of iterations                               1000000
Convergence criterion                                    0.500D-04
Maximum number of steepest descent iterations                   20
Maximum number of iterations for H1                           2000
Convergence criterion for H1                             0.100D-03

Input data file(s)
  GD190618.csv

Input data format  FREE


SUMMARY OF DATA

     Number of missing data patterns             4
     Number of clusters         583



COVARIANCE COVERAGE OF DATA

Minimum covariance coverage value   0.100


     PROPORTION OF DATA PRESENT


           Covariance Coverage
              COGCOM        DEMAGE        DEMMAL        CANEVR
              ________      ________      ________      ________
 COGCOM         0.997
 DEMAGE         0.996         0.999
 DEMMAL         0.997         0.999         1.000
 CANEVR         0.994         0.996         0.996         0.996


SAMPLE STATISTICS


     ESTIMATED SAMPLE STATISTICS


           Means
              COGCOM        DEMAGE        DEMMAL        CANEVR
              ________      ________      ________      ________
      1         0.008         0.000         0.000         0.000


           Covariances
              COGCOM        DEMAGE        DEMMAL        CANEVR
              ________      ________      ________      ________
 COGCOM         0.374
 DEMAGE        -0.168         6.430
 DEMMAL         0.026        -0.199         0.232
 CANEVR         0.012        -0.091         0.024         0.093


           Correlations
              COGCOM        DEMAGE        DEMMAL        CANEVR
              ________      ________      ________      ________
 COGCOM         1.000
 DEMAGE        -0.108         1.000
 DEMMAL         0.089        -0.163         1.000
 CANEVR         0.063        -0.118         0.161         1.000


     MAXIMUM LOG-LIKELIHOOD VALUE FOR THE UNRESTRICTED (H1) MODEL IS -4653.651


UNIVARIATE SAMPLE STATISTICS


     UNIVARIATE HIGHER-ORDER MOMENT DESCRIPTIVE STATISTICS

         Variable/         Mean/     Skewness/   Minimum/ % with                Percentiles
        Sample Size      Variance    Kurtosis    Maximum  Min/Max      20%/60%    40%/80%    Median

     COGCOM                0.009      -0.095      -1.962    0.09%      -0.516     -0.150      0.022
            1118.000       0.374       0.022       1.901    0.09%       0.185      0.525
     DEMAGE                0.000       1.539      -4.043    0.09%      -1.943     -1.063     -0.543
            1120.000       6.430       3.720      15.927    0.09%      -0.023      1.547
     DEMMAL                0.000      -0.557      -0.634   36.57%      -0.634      0.366      0.366
            1121.000       0.232      -1.689       0.366   63.43%       0.366      0.366
     CANEVR                0.000      -2.597      -0.896   10.38%       0.104      0.104      0.104
            1117.000       0.093       4.745       0.104   89.62%       0.104      0.104


THE MODEL ESTIMATION TERMINATED NORMALLY

     THE STANDARD ERRORS OF THE MODEL PARAMETER ESTIMATES MAY NOT BE
     TRUSTWORTHY FOR SOME PARAMETERS DUE TO A NON-POSITIVE DEFINITE
     FIRST-ORDER DERIVATIVE PRODUCT MATRIX.  THIS MAY BE DUE TO THE STARTING
     VALUES BUT MAY ALSO BE AN INDICATION OF MODEL NONIDENTIFICATION.  THE
     CONDITION NUMBER IS       0.561D-17.  PROBLEM INVOLVING THE FOLLOWING PARAMETER:
     Parameter 14, CANEVR




MODEL FIT INFORMATION

Number of Free Parameters                       14

Loglikelihood

          H0 Value                       -4653.651
          H0 Scaling Correction Factor      1.3652
            for MLR
          H1 Value                       -4653.651
          H1 Scaling Correction Factor      1.3652
            for MLR

Information Criteria

          Akaike (AIC)                    9335.303
          Bayesian (BIC)                  9405.611
          Sample-Size Adjusted BIC        9361.143
            (n* = (n + 2) / 24)

Chi-Square Test of Model Fit

          Value                              0.000*
          Degrees of Freedom                     0
          P-Value                           0.0000
          Scaling Correction Factor         1.0000
            for MLR

*   The chi-square value for MLM, MLMV, MLR, ULSMV, WLSM and WLSMV cannot be used
    for chi-square difference testing in the regular way.  MLM, MLR and WLSM
    chi-square difference testing is described on the Mplus website.  MLMV, WLSMV,
    and ULSMV difference testing is done using the DIFFTEST option.

RMSEA (Root Mean Square Error Of Approximation)

          Estimate                           0.000
          90 Percent C.I.                    0.000  0.000
          Probability RMSEA <= .05           0.000

CFI/TLI

          CFI                                1.000
          TLI                                1.000

Chi-Square Test of Model Fit for the Baseline Model

          Value                             18.949
          Degrees of Freedom                     3
          P-Value                           0.0003

SRMR (Standardized Root Mean Square Residual)

          Value                              0.000



MODEL RESULTS

                                                    Two-Tailed
                    Estimate       S.E.  Est./S.E.    P-Value

 COGCOM   ON
    CANEVR             0.083      0.066      1.264      0.206
    DEMMAL             0.085      0.041      2.066      0.039
    DEMAGE            -0.022      0.007     -3.045      0.002

 CANEVR   WITH
    DEMMAL             0.024      0.005      5.162      0.000
    DEMAGE            -0.091      0.028     -3.266      0.001

 DEMMAL   WITH
    DEMAGE            -0.199      0.039     -5.055      0.000

 Means
    DEMAGE             0.000      0.077      0.003      0.998
    DEMMAL             0.000      0.015      0.000      1.000
    CANEVR             0.000      0.009      0.015      0.988

 Intercepts
    COGCOM             0.008      0.021      0.400      0.689

 Variances
    DEMAGE             6.430      0.456     14.096      0.000
    DEMMAL             0.232      0.004     56.244      0.000
    CANEVR             0.093      0.007     12.715      0.000

 Residual Variances
    COGCOM             0.367      0.016     22.697      0.000


STANDARDIZED MODEL RESULTS


STDYX Standardization

                                                    Two-Tailed
                    Estimate       S.E.  Est./S.E.    P-Value

 COGCOM   ON
    CANEVR             0.042      0.033      1.265      0.206
    DEMMAL             0.067      0.032      2.078      0.038
    DEMAGE            -0.093      0.030     -3.061      0.002

 CANEVR   WITH
    DEMMAL             0.161      0.029      5.471      0.000
    DEMAGE            -0.118      0.035     -3.332      0.001

 DEMMAL   WITH
    DEMAGE            -0.163      0.031     -5.212      0.000

 Means
    DEMAGE             0.000      0.031      0.003      0.998
    DEMMAL             0.000      0.032      0.000      1.000
    CANEVR             0.000      0.030      0.015      0.988

 Intercepts
    COGCOM             0.014      0.034      0.400      0.689

 Variances
    DEMAGE             1.000      0.000    999.000    999.000
    DEMMAL             1.000      0.000    999.000    999.000
    CANEVR             1.000      0.000    999.000    999.000

 Residual Variances
    COGCOM             0.981      0.008    121.229      0.000


R-SQUARE

    Observed                                        Two-Tailed
    Variable        Estimate       S.E.  Est./S.E.    P-Value

    COGCOM             0.019      0.008      2.300      0.021


QUALITY OF NUMERICAL RESULTS

     Condition Number for the Information Matrix              0.178E-02
       (ratio of smallest to largest eigenvalue)


CONFIDENCE INTERVALS OF MODEL RESULTS

                  Lower .5%  Lower 2.5%    Lower 5%    Estimate    Upper 5%  Upper 2.5%   Upper .5%

 COGCOM   ON
    CANEVR          -0.086      -0.046      -0.025       0.083       0.192       0.212       0.253
    DEMMAL          -0.021       0.004       0.017       0.085       0.153       0.166       0.191
    DEMAGE          -0.041      -0.037      -0.034      -0.022      -0.010      -0.008      -0.003

 CANEVR   WITH
    DEMMAL           0.012       0.015       0.016       0.024       0.031       0.033       0.035
    DEMAGE          -0.163      -0.146      -0.137      -0.091      -0.045      -0.036      -0.019

 DEMMAL   WITH
    DEMAGE          -0.301      -0.276      -0.264      -0.199      -0.134      -0.122      -0.098

 Means
    DEMAGE          -0.199      -0.151      -0.127       0.000       0.128       0.152       0.200
    DEMMAL          -0.040      -0.030      -0.025       0.000       0.025       0.030       0.040
    CANEVR          -0.024      -0.018      -0.015       0.000       0.015       0.018       0.024

 Intercepts
    COGCOM          -0.046      -0.033      -0.026       0.008       0.043       0.049       0.062

 Variances
    DEMAGE           5.255       5.536       5.679       6.430       7.180       7.324       7.605
    DEMMAL           0.221       0.224       0.225       0.232       0.239       0.240       0.243
    CANEVR           0.074       0.079       0.081       0.093       0.105       0.107       0.112

 Residual Variances
    COGCOM           0.326       0.336       0.341       0.367       0.394       0.399       0.409


CONFIDENCE INTERVALS OF STANDARDIZED MODEL RESULTS


STDYX Standardization

                  Lower .5%  Lower 2.5%    Lower 5%    Estimate    Upper 5%  Upper 2.5%   Upper .5%

 COGCOM   ON
    CANEVR          -0.043      -0.023      -0.012       0.042       0.096       0.106       0.126
    DEMMAL          -0.016       0.004       0.014       0.067       0.120       0.130       0.150
    DEMAGE          -0.170      -0.152      -0.142      -0.093      -0.043      -0.033      -0.015

 CANEVR   WITH
    DEMMAL           0.085       0.103       0.112       0.161       0.209       0.218       0.236
    DEMAGE          -0.209      -0.187      -0.176      -0.118      -0.060      -0.048      -0.027

 DEMMAL   WITH
    DEMAGE          -0.244      -0.224      -0.214      -0.163      -0.112      -0.102      -0.082

 Means
    DEMAGE          -0.079      -0.060      -0.050       0.000       0.050       0.060       0.079
    DEMMAL          -0.082      -0.063      -0.052       0.000       0.052       0.063       0.082
    CANEVR          -0.078      -0.059      -0.049       0.000       0.050       0.060       0.078

 Intercepts
    COGCOM          -0.075      -0.053      -0.043       0.014       0.070       0.081       0.102

 Variances
    DEMAGE           1.000       1.000       1.000       1.000       1.000       1.000       1.000
    DEMMAL           1.000       1.000       1.000       1.000       1.000       1.000       1.000
    CANEVR           1.000       1.000       1.000       1.000       1.000       1.000       1.000

 Residual Variances
    COGCOM           0.961       0.966       0.968       0.981       0.995       0.997       1.002


TECHNICAL 1 OUTPUT


     PARAMETER SPECIFICATION


           NU
              COGCOM        DEMAGE        DEMMAL        CANEVR
              ________      ________      ________      ________
      1           0             0             0             0


           LAMBDA
              COGCOM        DEMAGE        DEMMAL        CANEVR
              ________      ________      ________      ________
 COGCOM             0             0             0             0
 DEMAGE             0             0             0             0
 DEMMAL             0             0             0             0
 CANEVR             0             0             0             0


           THETA
              COGCOM        DEMAGE        DEMMAL        CANEVR
              ________      ________      ________      ________
 COGCOM             0
 DEMAGE             0             0
 DEMMAL             0             0             0
 CANEVR             0             0             0             0


           ALPHA
              COGCOM        DEMAGE        DEMMAL        CANEVR
              ________      ________      ________      ________
      1           1             2             3             4


           BETA
              COGCOM        DEMAGE        DEMMAL        CANEVR
              ________      ________      ________      ________
 COGCOM             0             5             6             7
 DEMAGE             0             0             0             0
 DEMMAL             0             0             0             0
 CANEVR             0             0             0             0


           PSI
              COGCOM        DEMAGE        DEMMAL        CANEVR
              ________      ________      ________      ________
 COGCOM             8
 DEMAGE             0             9
 DEMMAL             0            10            11
 CANEVR             0            12            13            14


     STARTING VALUES


           NU
              COGCOM        DEMAGE        DEMMAL        CANEVR
              ________      ________      ________      ________
      1         0.000         0.000         0.000         0.000


           LAMBDA
              COGCOM        DEMAGE        DEMMAL        CANEVR
              ________      ________      ________      ________
 COGCOM         1.000         0.000         0.000         0.000
 DEMAGE         0.000         1.000         0.000         0.000
 DEMMAL         0.000         0.000         1.000         0.000
 CANEVR         0.000         0.000         0.000         1.000


           THETA
              COGCOM        DEMAGE        DEMMAL        CANEVR
              ________      ________      ________      ________
 COGCOM         0.000
 DEMAGE         0.000         0.000
 DEMMAL         0.000         0.000         0.000
 CANEVR         0.000         0.000         0.000         0.000


           ALPHA
              COGCOM        DEMAGE        DEMMAL        CANEVR
              ________      ________      ________      ________
      1         0.009         0.000         0.000         0.000


           BETA
              COGCOM        DEMAGE        DEMMAL        CANEVR
              ________      ________      ________      ________
 COGCOM         0.000         0.000         0.000         0.000
 DEMAGE         0.000         0.000         0.000         0.000
 DEMMAL         0.000         0.000         0.000         0.000
 CANEVR         0.000         0.000         0.000         0.000


           PSI
              COGCOM        DEMAGE        DEMMAL        CANEVR
              ________      ________      ________      ________
 COGCOM         0.187
 DEMAGE         0.000         3.215
 DEMMAL         0.000         0.000         0.116
 CANEVR         0.000         0.000         0.000         0.047


     Beginning Time:  14:18:11
        Ending Time:  14:18:11
       Elapsed Time:  00:00:00



MUTHEN & MUTHEN
3463 Stoner Ave.
Los Angeles, CA  90066

Tel: (310) 391-9971
Fax: (310) 391-8971
Web: www.StatModel.com
Support: Support@StatModel.com

Copyright (c) 1998-2015 Muthen & Muthen
