Mplus VERSION 7.4 (Mac)
MUTHEN & MUTHEN
07/30/2019   2:18 PM

INPUT INSTRUCTIONS


  TITLE: CANEVR_CVLCOM_2;

  DATA:
  	FILE = GD190618.csv;

  VARIABLE:
  	NAMES =
  			ID_Fam   Wave     ID_MPL
  			DEMMAL   DEMAGE   DEMHSP   DEMRAC
  			SRPWCR
  			WASVCB   WASBLK   WASDGT   WSISUM
  			TRLATS   TRLBTS
  			CVLASF   CVLASC   CVLALF   CVLALC
  			WASCOM   COGCOM   CVLCOM
  			CANEVR   CANONS   CANFLF
  			CANFTY   CANF6M   CANAC6
  			CANYRS
  			ALCEVR   ALCONS   ALCFLF
  			ALCFTY   ALCF6M   ALCAC6
  			ALCYRS
  			SRPWCRDt WASVCBDt WASBLKDt
  			WASDGTDt WSISUMDt TRLATSDt
  			TRLBTSDt CVLASFDt CVLASCDt
  			CVLALFDt CVLALCDt WASCOMDt
  			COGCOMDt CVLCOMDt
  			COGPGS
  			PC1 PC2 PC3 PC4 PC5 PC6
  		;
  	USEVARIABLES =
  		! outcome
    			CVLCOM
    		! covariates
    			DEMAGE
    			DEMMAL  		
    		! predictor
    			CANEVR
    		;
    	USEOBSERVATION =
    			(Wave EQ 2 AND CVLCOMDt EQ 1)
    		;
    	CLUSTER =
    			ID_Fam
    		;
    	MISSING = .;

  DEFINE:
  	CENTER	CANEVR
  			DEMMAL
  			DEMAGE (GRANDMEAN);

  ANALYSIS:
          ITERATIONS = 1000000;
          TYPE = COMPLEX;

  OUTPUT:
  	SAMPSTAT STDYX TECH1 CINT;

  MODEL:
  	CVLCOM on CANEVR;
  	CVLCOM on  DEMMAL DEMAGE;	
  	CVLCOM*;
  	CANEVR WITH DEMMAL*;
  	CANEVR WITH DEMAGE*;



*** WARNING in VARIABLE command
  When a subpopulation is analyzed with TYPE=COMPLEX, standard errors
  may be incorrect.  Use the SUBPOPULATION option instead of the
  USEOBSERVATIONS option to obtain correct standard errors.
   1 WARNING(S) FOUND IN THE INPUT INSTRUCTIONS



CANEVR_CVLCOM_2;

SUMMARY OF ANALYSIS

Number of groups                                                 1
Number of observations                                         424

Number of dependent variables                                    1
Number of independent variables                                  3
Number of continuous latent variables                            0

Observed dependent variables

  Continuous
   CVLCOM

Observed independent variables
   DEMAGE      DEMMAL      CANEVR

Variables with special functions

  Cluster variable      ID_FAM

  Centering (GRANDMEAN)
   CANEVR      DEMMAL      DEMAGE


Estimator                                                      MLR
Information matrix                                        OBSERVED
Maximum number of iterations                               1000000
Convergence criterion                                    0.500D-04
Maximum number of steepest descent iterations                   20
Maximum number of iterations for H1                           2000
Convergence criterion for H1                             0.100D-03

Input data file(s)
  GD190618.csv

Input data format  FREE


SUMMARY OF DATA

     Number of missing data patterns             3
     Number of clusters         227



COVARIANCE COVERAGE OF DATA

Minimum covariance coverage value   0.100


     PROPORTION OF DATA PRESENT


           Covariance Coverage
              CVLCOM        DEMAGE        DEMMAL        CANEVR
              ________      ________      ________      ________
 CVLCOM         0.835
 DEMAGE         0.835         0.998
 DEMMAL         0.835         0.998         0.998
 CANEVR         0.835         0.998         0.998         1.000


SAMPLE STATISTICS


     ESTIMATED SAMPLE STATISTICS


           Means
              CVLCOM        DEMAGE        DEMMAL        CANEVR
              ________      ________      ________      ________
      1        -0.007         0.000         0.000         0.000


           Covariances
              CVLCOM        DEMAGE        DEMMAL        CANEVR
              ________      ________      ________      ________
 CVLCOM         0.879
 DEMAGE        -0.145         8.631
 DEMMAL         0.037        -0.167         0.248
 CANEVR         0.003        -0.176         0.021         0.068


           Correlations
              CVLCOM        DEMAGE        DEMMAL        CANEVR
              ________      ________      ________      ________
 CVLCOM         1.000
 DEMAGE        -0.053         1.000
 DEMMAL         0.079        -0.114         1.000
 CANEVR         0.010        -0.231         0.164         1.000


     MAXIMUM LOG-LIKELIHOOD VALUE FOR THE UNRESTRICTED (H1) MODEL IS -1851.409


UNIVARIATE SAMPLE STATISTICS


     UNIVARIATE HIGHER-ORDER MOMENT DESCRIPTIVE STATISTICS

         Variable/         Mean/     Skewness/   Minimum/ % with                Percentiles
        Sample Size      Variance    Kurtosis    Maximum  Min/Max      20%/60%    40%/80%    Median

     CVLCOM                0.000      -0.473      -3.928    0.28%      -0.803     -0.120      0.003
             354.000       0.879       0.259       1.964    0.85%       0.342      0.809
     DEMAGE                0.000       1.026      -5.595    0.24%      -2.455     -0.965     -0.305
             423.000       8.632       2.221      15.575    0.24%       0.275      2.115
     DEMMAL                0.000      -0.195      -0.548   45.15%      -0.548     -0.548      0.452
             423.000       0.248      -1.962       0.452   54.85%       0.452      0.452
     CANEVR                0.000      -3.280      -0.927    7.31%       0.073      0.073      0.073
             424.000       0.068       8.756       0.073   92.69%       0.073      0.073


THE MODEL ESTIMATION TERMINATED NORMALLY

     THE STANDARD ERRORS OF THE MODEL PARAMETER ESTIMATES MAY NOT BE
     TRUSTWORTHY FOR SOME PARAMETERS DUE TO A NON-POSITIVE DEFINITE
     FIRST-ORDER DERIVATIVE PRODUCT MATRIX.  THIS MAY BE DUE TO THE STARTING
     VALUES BUT MAY ALSO BE AN INDICATION OF MODEL NONIDENTIFICATION.  THE
     CONDITION NUMBER IS      -0.949D-17.  PROBLEM INVOLVING THE FOLLOWING PARAMETER:
     Parameter 14, CANEVR




MODEL FIT INFORMATION

Number of Free Parameters                       14

Loglikelihood

          H0 Value                       -1851.409
          H0 Scaling Correction Factor      1.3929
            for MLR
          H1 Value                       -1851.409
          H1 Scaling Correction Factor      1.3929
            for MLR

Information Criteria

          Akaike (AIC)                    3730.817
          Bayesian (BIC)                  3787.514
          Sample-Size Adjusted BIC        3743.087
            (n* = (n + 2) / 24)

Chi-Square Test of Model Fit

          Value                              0.000*
          Degrees of Freedom                     0
          P-Value                           0.0000
          Scaling Correction Factor         1.0000
            for MLR

*   The chi-square value for MLM, MLMV, MLR, ULSMV, WLSM and WLSMV cannot be used
    for chi-square difference testing in the regular way.  MLM, MLR and WLSM
    chi-square difference testing is described on the Mplus website.  MLMV, WLSMV,
    and ULSMV difference testing is done using the DIFFTEST option.

RMSEA (Root Mean Square Error Of Approximation)

          Estimate                           0.000
          90 Percent C.I.                    0.000  0.000
          Probability RMSEA <= .05           0.000

CFI/TLI

          CFI                                0.000
          TLI                                1.000

Chi-Square Test of Model Fit for the Baseline Model

          Value                              2.905
          Degrees of Freedom                     3
          P-Value                           0.4065

SRMR (Standardized Root Mean Square Residual)

          Value                              0.000



MODEL RESULTS

                                                    Two-Tailed
                    Estimate       S.E.  Est./S.E.    P-Value

 CVLCOM   ON
    CANEVR            -0.046      0.198     -0.232      0.817
    DEMMAL             0.142      0.098      1.454      0.146
    DEMAGE            -0.015      0.019     -0.790      0.430

 CANEVR   WITH
    DEMMAL             0.021      0.006      3.353      0.001
    DEMAGE            -0.176      0.051     -3.454      0.001

 DEMMAL   WITH
    DEMAGE            -0.167      0.072     -2.314      0.021

 Means
    DEMAGE             0.000      0.154     -0.003      0.998
    DEMMAL             0.000      0.026      0.002      0.998
    CANEVR             0.000      0.013      0.000      1.000

 Intercepts
    CVLCOM            -0.007      0.052     -0.139      0.890

 Variances
    DEMAGE             8.631      0.863     10.005      0.000
    DEMMAL             0.248      0.003     97.180      0.000
    CANEVR             0.068      0.011      6.312      0.000

 Residual Variances
    CVLCOM             0.872      0.073     11.989      0.000


STANDARDIZED MODEL RESULTS


STDYX Standardization

                                                    Two-Tailed
                    Estimate       S.E.  Est./S.E.    P-Value

 CVLCOM   ON
    CANEVR            -0.013      0.055     -0.232      0.817
    DEMMAL             0.076      0.052      1.461      0.144
    DEMAGE            -0.047      0.059     -0.793      0.428

 CANEVR   WITH
    DEMMAL             0.164      0.044      3.709      0.000
    DEMAGE            -0.231      0.057     -4.075      0.000

 DEMMAL   WITH
    DEMAGE            -0.114      0.048     -2.378      0.017

 Means
    DEMAGE             0.000      0.053     -0.003      0.998
    DEMMAL             0.000      0.053      0.002      0.998
    CANEVR             0.000      0.048      0.000      1.000

 Intercepts
    CVLCOM            -0.008      0.056     -0.139      0.890

 Variances
    DEMAGE             1.000      0.000    999.000    999.000
    DEMMAL             1.000      0.000    999.000    999.000
    CANEVR             1.000      0.000    999.000    999.000

 Residual Variances
    CVLCOM             0.992      0.010    102.886      0.000


R-SQUARE

    Observed                                        Two-Tailed
    Variable        Estimate       S.E.  Est./S.E.    P-Value

    CVLCOM             0.008      0.010      0.860      0.390


QUALITY OF NUMERICAL RESULTS

     Condition Number for the Information Matrix              0.412E-03
       (ratio of smallest to largest eigenvalue)


CONFIDENCE INTERVALS OF MODEL RESULTS

                  Lower .5%  Lower 2.5%    Lower 5%    Estimate    Upper 5%  Upper 2.5%   Upper .5%

 CVLCOM   ON
    CANEVR          -0.556      -0.434      -0.372      -0.046       0.280       0.343       0.465
    DEMMAL          -0.110      -0.050      -0.019       0.142       0.303       0.334       0.394
    DEMAGE          -0.064      -0.052      -0.046      -0.015       0.016       0.022       0.034

 CANEVR   WITH
    DEMMAL           0.005       0.009       0.011       0.021       0.032       0.034       0.038
    DEMAGE          -0.308      -0.276      -0.260      -0.176      -0.092      -0.076      -0.045

 DEMMAL   WITH
    DEMAGE          -0.353      -0.309      -0.286      -0.167      -0.048      -0.026       0.019

 Means
    DEMAGE          -0.398      -0.303      -0.254       0.000       0.253       0.302       0.397
    DEMMAL          -0.068      -0.051      -0.043       0.000       0.043       0.052       0.068
    CANEVR          -0.032      -0.025      -0.021       0.000       0.021       0.025       0.032

 Intercepts
    CVLCOM          -0.142      -0.110      -0.093      -0.007       0.079       0.095       0.127

 Variances
    DEMAGE           6.409       6.940       7.212       8.631      10.050      10.322      10.853
    DEMMAL           0.241       0.243       0.243       0.248       0.252       0.253       0.254
    CANEVR           0.040       0.047       0.050       0.068       0.085       0.089       0.095

 Residual Variances
    CVLCOM           0.684       0.729       0.752       0.872       0.991       1.014       1.059


CONFIDENCE INTERVALS OF STANDARDIZED MODEL RESULTS


STDYX Standardization

                  Lower .5%  Lower 2.5%    Lower 5%    Estimate    Upper 5%  Upper 2.5%   Upper .5%

 CVLCOM   ON
    CANEVR          -0.154      -0.121      -0.103      -0.013       0.078       0.095       0.129
    DEMMAL          -0.058      -0.026      -0.010       0.076       0.161       0.177       0.209
    DEMAGE          -0.199      -0.163      -0.144      -0.047       0.050       0.069       0.105

 CANEVR   WITH
    DEMMAL           0.050       0.077       0.091       0.164       0.237       0.251       0.278
    DEMAGE          -0.376      -0.341      -0.324      -0.231      -0.137      -0.120      -0.085

 DEMMAL   WITH
    DEMAGE          -0.238      -0.209      -0.194      -0.114      -0.035      -0.020       0.010

 Means
    DEMAGE          -0.135      -0.103      -0.087       0.000       0.086       0.103       0.135
    DEMMAL          -0.136      -0.103      -0.087       0.000       0.087       0.104       0.136
    CANEVR          -0.124      -0.095      -0.079       0.000       0.079       0.095       0.124

 Intercepts
    CVLCOM          -0.151      -0.117      -0.099      -0.008       0.084       0.101       0.136

 Variances
    DEMAGE           1.000       1.000       1.000       1.000       1.000       1.000       1.000
    DEMMAL           1.000       1.000       1.000       1.000       1.000       1.000       1.000
    CANEVR           1.000       1.000       1.000       1.000       1.000       1.000       1.000

 Residual Variances
    CVLCOM           0.967       0.973       0.976       0.992       1.008       1.011       1.017


TECHNICAL 1 OUTPUT


     PARAMETER SPECIFICATION


           NU
              CVLCOM        DEMAGE        DEMMAL        CANEVR
              ________      ________      ________      ________
      1           0             0             0             0


           LAMBDA
              CVLCOM        DEMAGE        DEMMAL        CANEVR
              ________      ________      ________      ________
 CVLCOM             0             0             0             0
 DEMAGE             0             0             0             0
 DEMMAL             0             0             0             0
 CANEVR             0             0             0             0


           THETA
              CVLCOM        DEMAGE        DEMMAL        CANEVR
              ________      ________      ________      ________
 CVLCOM             0
 DEMAGE             0             0
 DEMMAL             0             0             0
 CANEVR             0             0             0             0


           ALPHA
              CVLCOM        DEMAGE        DEMMAL        CANEVR
              ________      ________      ________      ________
      1           1             2             3             4


           BETA
              CVLCOM        DEMAGE        DEMMAL        CANEVR
              ________      ________      ________      ________
 CVLCOM             0             5             6             7
 DEMAGE             0             0             0             0
 DEMMAL             0             0             0             0
 CANEVR             0             0             0             0


           PSI
              CVLCOM        DEMAGE        DEMMAL        CANEVR
              ________      ________      ________      ________
 CVLCOM             8
 DEMAGE             0             9
 DEMMAL             0            10            11
 CANEVR             0            12            13            14


     STARTING VALUES


           NU
              CVLCOM        DEMAGE        DEMMAL        CANEVR
              ________      ________      ________      ________
      1         0.000         0.000         0.000         0.000


           LAMBDA
              CVLCOM        DEMAGE        DEMMAL        CANEVR
              ________      ________      ________      ________
 CVLCOM         1.000         0.000         0.000         0.000
 DEMAGE         0.000         1.000         0.000         0.000
 DEMMAL         0.000         0.000         1.000         0.000
 CANEVR         0.000         0.000         0.000         1.000


           THETA
              CVLCOM        DEMAGE        DEMMAL        CANEVR
              ________      ________      ________      ________
 CVLCOM         0.000
 DEMAGE         0.000         0.000
 DEMMAL         0.000         0.000         0.000
 CANEVR         0.000         0.000         0.000         0.000


           ALPHA
              CVLCOM        DEMAGE        DEMMAL        CANEVR
              ________      ________      ________      ________
      1         0.000         0.000         0.000         0.000


           BETA
              CVLCOM        DEMAGE        DEMMAL        CANEVR
              ________      ________      ________      ________
 CVLCOM         0.000         0.000         0.000         0.000
 DEMAGE         0.000         0.000         0.000         0.000
 DEMMAL         0.000         0.000         0.000         0.000
 CANEVR         0.000         0.000         0.000         0.000


           PSI
              CVLCOM        DEMAGE        DEMMAL        CANEVR
              ________      ________      ________      ________
 CVLCOM         0.439
 DEMAGE         0.000         4.316
 DEMMAL         0.000         0.000         0.124
 CANEVR         0.000         0.000         0.000         0.034


     Beginning Time:  14:18:19
        Ending Time:  14:18:19
       Elapsed Time:  00:00:00



MUTHEN & MUTHEN
3463 Stoner Ave.
Los Angeles, CA  90066

Tel: (310) 391-9971
Fax: (310) 391-8971
Web: www.StatModel.com
Support: Support@StatModel.com

Copyright (c) 1998-2015 Muthen & Muthen
