Mplus VERSION 7.4 (Mac)
MUTHEN & MUTHEN
07/30/2019   2:18 PM

INPUT INSTRUCTIONS


  TITLE: CANEVR_TRLBTS_2;

  DATA:
  	FILE = GD190618.csv;

  VARIABLE:
  	NAMES =
  			ID_Fam   Wave     ID_MPL
  			DEMMAL   DEMAGE   DEMHSP   DEMRAC
  			SRPWCR
  			WASVCB   WASBLK   WASDGT   WSISUM
  			TRLATS   TRLBTS
  			CVLASF   CVLASC   CVLALF   CVLALC
  			WASCOM   COGCOM   CVLCOM
  			CANEVR   CANONS   CANFLF
  			CANFTY   CANF6M   CANAC6
  			CANYRS
  			ALCEVR   ALCONS   ALCFLF
  			ALCFTY   ALCF6M   ALCAC6
  			ALCYRS
  			SRPWCRDt WASVCBDt WASBLKDt
  			WASDGTDt WSISUMDt TRLATSDt
  			TRLBTSDt CVLASFDt CVLASCDt
  			CVLALFDt CVLALCDt WASCOMDt
  			COGCOMDt CVLCOMDt
  			COGPGS
  			PC1 PC2 PC3 PC4 PC5 PC6
  		;
  	USEVARIABLES =
  		! outcome
    			TRLBTS
    		! covariates
    			DEMAGE
    			DEMMAL  		
    		! predictor
    			CANEVR
    		;
    	USEOBSERVATION =
    			(Wave EQ 2 AND TRLBTSDt EQ 1)
    		;
    	CLUSTER =
    			ID_Fam
    		;
    	MISSING = .;

  DEFINE:
  	CENTER	CANEVR
  			DEMMAL
  			DEMAGE (GRANDMEAN);

  ANALYSIS:
          ITERATIONS = 1000000;
          TYPE = COMPLEX;

  OUTPUT:
  	SAMPSTAT STDYX TECH1 CINT;

  MODEL:
  	TRLBTS on CANEVR;
  	TRLBTS on  DEMMAL DEMAGE;	
  	TRLBTS*;
  	CANEVR WITH DEMMAL*;
  	CANEVR WITH DEMAGE*;



*** WARNING in VARIABLE command
  When a subpopulation is analyzed with TYPE=COMPLEX, standard errors
  may be incorrect.  Use the SUBPOPULATION option instead of the
  USEOBSERVATIONS option to obtain correct standard errors.
   1 WARNING(S) FOUND IN THE INPUT INSTRUCTIONS



CANEVR_TRLBTS_2;

SUMMARY OF ANALYSIS

Number of groups                                                 1
Number of observations                                         885

Number of dependent variables                                    1
Number of independent variables                                  3
Number of continuous latent variables                            0

Observed dependent variables

  Continuous
   TRLBTS

Observed independent variables
   DEMAGE      DEMMAL      CANEVR

Variables with special functions

  Cluster variable      ID_FAM

  Centering (GRANDMEAN)
   CANEVR      DEMMAL      DEMAGE


Estimator                                                      MLR
Information matrix                                        OBSERVED
Maximum number of iterations                               1000000
Convergence criterion                                    0.500D-04
Maximum number of steepest descent iterations                   20
Maximum number of iterations for H1                           2000
Convergence criterion for H1                             0.100D-03

Input data file(s)
  GD190618.csv

Input data format  FREE


SUMMARY OF DATA

     Number of missing data patterns             3
     Number of clusters         477



COVARIANCE COVERAGE OF DATA

Minimum covariance coverage value   0.100


     PROPORTION OF DATA PRESENT


           Covariance Coverage
              TRLBTS        DEMAGE        DEMMAL        CANEVR
              ________      ________      ________      ________
 TRLBTS         0.908
 DEMAGE         0.908         0.999
 DEMMAL         0.908         0.999         0.999
 CANEVR         0.908         0.999         0.999         1.000


SAMPLE STATISTICS


     ESTIMATED SAMPLE STATISTICS


           Means
              TRLBTS        DEMAGE        DEMMAL        CANEVR
              ________      ________      ________      ________
      1        48.784         0.000         0.000         0.000


           Covariances
              TRLBTS        DEMAGE        DEMMAL        CANEVR
              ________      ________      ________      ________
 TRLBTS       111.269
 DEMAGE        -0.091         8.731
 DEMMAL        -0.137        -0.144         0.236
 CANEVR        -0.047        -0.151         0.018         0.061


           Correlations
              TRLBTS        DEMAGE        DEMMAL        CANEVR
              ________      ________      ________      ________
 TRLBTS         1.000
 DEMAGE        -0.003         1.000
 DEMMAL        -0.027        -0.101         1.000
 CANEVR        -0.018        -0.207         0.150         1.000


     MAXIMUM LOG-LIKELIHOOD VALUE FOR THE UNRESTRICTED (H1) MODEL IS -5850.344


UNIVARIATE SAMPLE STATISTICS


     UNIVARIATE HIGHER-ORDER MOMENT DESCRIPTIVE STATISTICS

         Variable/         Mean/     Skewness/   Minimum/ % with                Percentiles
        Sample Size      Variance    Kurtosis    Maximum  Min/Max      20%/60%    40%/80%    Median

     TRLBTS               48.784      -0.172       1.000    0.12%      40.000     46.000     48.000
             804.000     111.267       0.622      78.000    0.25%      52.000     57.000
     DEMAGE                0.000       0.960      -5.451    0.11%      -2.451     -1.061     -0.446
             884.000       8.731       1.614      15.719    0.11%       0.329      2.239
     DEMMAL                0.000      -0.494      -0.620   38.01%      -0.620      0.380      0.380
             884.000       0.236      -1.756       0.380   61.99%       0.380      0.380
     CANEVR                0.000      -3.511      -0.934    6.55%       0.066      0.066      0.066
             885.000       0.061      10.329       0.066   93.45%       0.066      0.066


THE MODEL ESTIMATION TERMINATED NORMALLY

     THE STANDARD ERRORS OF THE MODEL PARAMETER ESTIMATES MAY NOT BE
     TRUSTWORTHY FOR SOME PARAMETERS DUE TO A NON-POSITIVE DEFINITE
     FIRST-ORDER DERIVATIVE PRODUCT MATRIX.  THIS MAY BE DUE TO THE STARTING
     VALUES BUT MAY ALSO BE AN INDICATION OF MODEL NONIDENTIFICATION.  THE
     CONDITION NUMBER IS       0.227D-14.  PROBLEM INVOLVING THE FOLLOWING PARAMETER:
     Parameter 14, CANEVR




MODEL FIT INFORMATION

Number of Free Parameters                       14

Loglikelihood

          H0 Value                       -5850.344
          H0 Scaling Correction Factor      1.5569
            for MLR
          H1 Value                       -5850.344
          H1 Scaling Correction Factor      1.5569
            for MLR

Information Criteria

          Akaike (AIC)                   11728.688
          Bayesian (BIC)                 11795.686
          Sample-Size Adjusted BIC       11751.225
            (n* = (n + 2) / 24)

Chi-Square Test of Model Fit

          Value                              0.000*
          Degrees of Freedom                     0
          P-Value                           0.0000
          Scaling Correction Factor         1.0000
            for MLR

*   The chi-square value for MLM, MLMV, MLR, ULSMV, WLSM and WLSMV cannot be used
    for chi-square difference testing in the regular way.  MLM, MLR and WLSM
    chi-square difference testing is described on the Mplus website.  MLMV, WLSMV,
    and ULSMV difference testing is done using the DIFFTEST option.

RMSEA (Root Mean Square Error Of Approximation)

          Estimate                           0.000
          90 Percent C.I.                    0.000  0.000
          Probability RMSEA <= .05           0.000

CFI/TLI

          CFI                                0.000
          TLI                                1.000

Chi-Square Test of Model Fit for the Baseline Model

          Value                              0.717
          Degrees of Freedom                     3
          P-Value                           0.8692

SRMR (Standardized Root Mean Square Residual)

          Value                              0.000



MODEL RESULTS

                                                    Two-Tailed
                    Estimate       S.E.  Est./S.E.    P-Value

 TRLBTS   ON
    CANEVR            -0.689      1.535     -0.449      0.653
    DEMMAL            -0.547      0.780     -0.701      0.483
    DEMAGE            -0.031      0.145     -0.217      0.828

 CANEVR   WITH
    DEMMAL             0.018      0.005      3.959      0.000
    DEMAGE            -0.151      0.035     -4.274      0.000

 DEMMAL   WITH
    DEMAGE            -0.144      0.051     -2.815      0.005

 Means
    DEMAGE             0.000      0.109     -0.002      0.999
    DEMMAL             0.000      0.017      0.001      0.999
    CANEVR             0.000      0.009      0.000      1.000

 Intercepts
    TRLBTS            48.784      0.409    119.238      0.000

 Variances
    DEMAGE             8.731      0.555     15.737      0.000
    DEMMAL             0.236      0.004     57.202      0.000
    CANEVR             0.061      0.008      8.099      0.000

 Residual Variances
    TRLBTS           111.159      6.576     16.904      0.000


STANDARDIZED MODEL RESULTS


STDYX Standardization

                                                    Two-Tailed
                    Estimate       S.E.  Est./S.E.    P-Value

 TRLBTS   ON
    CANEVR            -0.016      0.036     -0.448      0.654
    DEMMAL            -0.025      0.036     -0.702      0.483
    DEMAGE            -0.009      0.041     -0.217      0.828

 CANEVR   WITH
    DEMMAL             0.150      0.035      4.271      0.000
    DEMAGE            -0.207      0.042     -4.965      0.000

 DEMMAL   WITH
    DEMAGE            -0.101      0.035     -2.850      0.004

 Means
    DEMAGE             0.000      0.037     -0.002      0.999
    DEMMAL             0.000      0.035      0.001      0.999
    CANEVR             0.000      0.035      0.000      1.000

 Intercepts
    TRLBTS             4.625      0.145     31.858      0.000

 Variances
    DEMAGE             1.000      0.000    999.000    999.000
    DEMMAL             1.000      0.000    999.000    999.000
    CANEVR             1.000      0.000    999.000    999.000

 Residual Variances
    TRLBTS             0.999      0.002    434.739      0.000


R-SQUARE

    Observed                                        Two-Tailed
    Variable        Estimate       S.E.  Est./S.E.    P-Value

    TRLBTS             0.001      0.002      0.431      0.666


QUALITY OF NUMERICAL RESULTS

     Condition Number for the Information Matrix              0.295E-05
       (ratio of smallest to largest eigenvalue)


CONFIDENCE INTERVALS OF MODEL RESULTS

                  Lower .5%  Lower 2.5%    Lower 5%    Estimate    Upper 5%  Upper 2.5%   Upper .5%

 TRLBTS   ON
    CANEVR          -4.643      -3.698      -3.214      -0.689       1.835       2.319       3.264
    DEMMAL          -2.556      -2.076      -1.830      -0.547       0.736       0.982       1.462
    DEMAGE          -0.405      -0.316      -0.270      -0.031       0.207       0.253       0.342

 CANEVR   WITH
    DEMMAL           0.006       0.009       0.011       0.018       0.026       0.027       0.030
    DEMAGE          -0.242      -0.220      -0.209      -0.151      -0.093      -0.082      -0.060

 DEMMAL   WITH
    DEMAGE          -0.277      -0.245      -0.229      -0.144      -0.060      -0.044      -0.012

 Means
    DEMAGE          -0.280      -0.213      -0.179       0.000       0.179       0.213       0.280
    DEMMAL          -0.044      -0.034      -0.028       0.000       0.028       0.034       0.044
    CANEVR          -0.022      -0.017      -0.014       0.000       0.014       0.017       0.022

 Intercepts
    TRLBTS          47.730      47.982      48.111      48.784      49.457      49.586      49.838

 Variances
    DEMAGE           7.302       7.643       7.818       8.731       9.643       9.818      10.160
    DEMMAL           0.225       0.228       0.229       0.236       0.242       0.244       0.246
    CANEVR           0.042       0.046       0.049       0.061       0.074       0.076       0.081

 Residual Variances
    TRLBTS          94.220      98.270     100.341     111.159     121.976     124.048     128.097


CONFIDENCE INTERVALS OF STANDARDIZED MODEL RESULTS


STDYX Standardization

                  Lower .5%  Lower 2.5%    Lower 5%    Estimate    Upper 5%  Upper 2.5%   Upper .5%

 TRLBTS   ON
    CANEVR          -0.109      -0.087      -0.076      -0.016       0.043       0.055       0.077
    DEMMAL          -0.118      -0.095      -0.084      -0.025       0.034       0.045       0.067
    DEMAGE          -0.113      -0.088      -0.076      -0.009       0.058       0.071       0.096

 CANEVR   WITH
    DEMMAL           0.060       0.081       0.092       0.150       0.208       0.219       0.241
    DEMAGE          -0.314      -0.288      -0.275      -0.207      -0.138      -0.125      -0.099

 DEMMAL   WITH
    DEMAGE          -0.192      -0.170      -0.159      -0.101      -0.043      -0.031      -0.010

 Means
    DEMAGE          -0.095      -0.072      -0.061       0.000       0.060       0.072       0.095
    DEMMAL          -0.091      -0.069      -0.058       0.000       0.058       0.069       0.091
    CANEVR          -0.091      -0.069      -0.058       0.000       0.058       0.069       0.091

 Intercepts
    TRLBTS           4.251       4.340       4.386       4.625       4.864       4.909       4.999

 Variances
    DEMAGE           1.000       1.000       1.000       1.000       1.000       1.000       1.000
    DEMMAL           1.000       1.000       1.000       1.000       1.000       1.000       1.000
    CANEVR           1.000       1.000       1.000       1.000       1.000       1.000       1.000

 Residual Variances
    TRLBTS           0.993       0.995       0.995       0.999       1.003       1.004       1.005


TECHNICAL 1 OUTPUT


     PARAMETER SPECIFICATION


           NU
              TRLBTS        DEMAGE        DEMMAL        CANEVR
              ________      ________      ________      ________
      1           0             0             0             0


           LAMBDA
              TRLBTS        DEMAGE        DEMMAL        CANEVR
              ________      ________      ________      ________
 TRLBTS             0             0             0             0
 DEMAGE             0             0             0             0
 DEMMAL             0             0             0             0
 CANEVR             0             0             0             0


           THETA
              TRLBTS        DEMAGE        DEMMAL        CANEVR
              ________      ________      ________      ________
 TRLBTS             0
 DEMAGE             0             0
 DEMMAL             0             0             0
 CANEVR             0             0             0             0


           ALPHA
              TRLBTS        DEMAGE        DEMMAL        CANEVR
              ________      ________      ________      ________
      1           1             2             3             4


           BETA
              TRLBTS        DEMAGE        DEMMAL        CANEVR
              ________      ________      ________      ________
 TRLBTS             0             5             6             7
 DEMAGE             0             0             0             0
 DEMMAL             0             0             0             0
 CANEVR             0             0             0             0


           PSI
              TRLBTS        DEMAGE        DEMMAL        CANEVR
              ________      ________      ________      ________
 TRLBTS             8
 DEMAGE             0             9
 DEMMAL             0            10            11
 CANEVR             0            12            13            14


     STARTING VALUES


           NU
              TRLBTS        DEMAGE        DEMMAL        CANEVR
              ________      ________      ________      ________
      1         0.000         0.000         0.000         0.000


           LAMBDA
              TRLBTS        DEMAGE        DEMMAL        CANEVR
              ________      ________      ________      ________
 TRLBTS         1.000         0.000         0.000         0.000
 DEMAGE         0.000         1.000         0.000         0.000
 DEMMAL         0.000         0.000         1.000         0.000
 CANEVR         0.000         0.000         0.000         1.000


           THETA
              TRLBTS        DEMAGE        DEMMAL        CANEVR
              ________      ________      ________      ________
 TRLBTS         0.000
 DEMAGE         0.000         0.000
 DEMMAL         0.000         0.000         0.000
 CANEVR         0.000         0.000         0.000         0.000


           ALPHA
              TRLBTS        DEMAGE        DEMMAL        CANEVR
              ________      ________      ________      ________
      1        48.784         0.000         0.000         0.000


           BETA
              TRLBTS        DEMAGE        DEMMAL        CANEVR
              ________      ________      ________      ________
 TRLBTS         0.000         0.000         0.000         0.000
 DEMAGE         0.000         0.000         0.000         0.000
 DEMMAL         0.000         0.000         0.000         0.000
 CANEVR         0.000         0.000         0.000         0.000


           PSI
              TRLBTS        DEMAGE        DEMMAL        CANEVR
              ________      ________      ________      ________
 TRLBTS        55.633
 DEMAGE         0.000         4.366
 DEMMAL         0.000         0.000         0.118
 CANEVR         0.000         0.000         0.000         0.031


     Beginning Time:  14:18:24
        Ending Time:  14:18:24
       Elapsed Time:  00:00:00



MUTHEN & MUTHEN
3463 Stoner Ave.
Los Angeles, CA  90066

Tel: (310) 391-9971
Fax: (310) 391-8971
Web: www.StatModel.com
Support: Support@StatModel.com

Copyright (c) 1998-2015 Muthen & Muthen
