Mplus VERSION 7.4 (Mac)
MUTHEN & MUTHEN
07/30/2019   2:18 PM

INPUT INSTRUCTIONS


  TITLE: CANFLF_COGCOM_1;

  DATA:
  	FILE = GD190618.csv;

  VARIABLE:
  	NAMES =
  			ID_Fam   Wave     ID_MPL
  			DEMMAL   DEMAGE   DEMHSP   DEMRAC
  			SRPWCR
  			WASVCB   WASBLK   WASDGT   WSISUM
  			TRLATS   TRLBTS
  			CVLASF   CVLASC   CVLALF   CVLALC
  			WASCOM   COGCOM   CVLCOM
  			CANEVR   CANONS   CANFLF
  			CANFTY   CANF6M   CANAC6
  			CANYRS
  			ALCEVR   ALCONS   ALCFLF
  			ALCFTY   ALCF6M   ALCAC6
  			ALCYRS
  			SRPWCRDt WASVCBDt WASBLKDt
  			WASDGTDt WSISUMDt TRLATSDt
  			TRLBTSDt CVLASFDt CVLASCDt
  			CVLALFDt CVLALCDt WASCOMDt
  			COGCOMDt CVLCOMDt
  			COGPGS
  			PC1 PC2 PC3 PC4 PC5 PC6
  		;
  	USEVARIABLES =
  		! outcome
    			COGCOM
    		! covariates
    			DEMAGE
    			DEMMAL  		
    		! predictor
    			CANFLF
    		;
    	USEOBSERVATION =
    			(Wave EQ 1 AND COGCOMDt EQ 1)
    		;
    	CLUSTER =
    			ID_Fam
    		;
    	MISSING = .;

  DEFINE:
  	CENTER	CANFLF
  			DEMMAL
  			DEMAGE (GRANDMEAN);

  ANALYSIS:
          ITERATIONS = 1000000;
          TYPE = COMPLEX;

  OUTPUT:
  	SAMPSTAT STDYX TECH1 CINT;

  MODEL:
  	COGCOM on CANFLF;
  	COGCOM on  DEMMAL DEMAGE;	
  	COGCOM*;
  	CANFLF WITH DEMMAL*;
  	CANFLF WITH DEMAGE*;



*** WARNING in VARIABLE command
  When a subpopulation is analyzed with TYPE=COMPLEX, standard errors
  may be incorrect.  Use the SUBPOPULATION option instead of the
  USEOBSERVATIONS option to obtain correct standard errors.
*** WARNING
  Data set contains cases with missing on all variables.
  These cases were not included in the analysis.
  Number of cases with missing on all variables:  1
   2 WARNING(S) FOUND IN THE INPUT INSTRUCTIONS



CANFLF_COGCOM_1;

SUMMARY OF ANALYSIS

Number of groups                                                 1
Number of observations                                        1121

Number of dependent variables                                    1
Number of independent variables                                  3
Number of continuous latent variables                            0

Observed dependent variables

  Continuous
   COGCOM

Observed independent variables
   DEMAGE      DEMMAL      CANFLF

Variables with special functions

  Cluster variable      ID_FAM

  Centering (GRANDMEAN)
   CANFLF      DEMMAL      DEMAGE


Estimator                                                      MLR
Information matrix                                        OBSERVED
Maximum number of iterations                               1000000
Convergence criterion                                    0.500D-04
Maximum number of steepest descent iterations                   20
Maximum number of iterations for H1                           2000
Convergence criterion for H1                             0.100D-03

Input data file(s)
  GD190618.csv

Input data format  FREE


SUMMARY OF DATA

     Number of missing data patterns             5
     Number of clusters         583



COVARIANCE COVERAGE OF DATA

Minimum covariance coverage value   0.100


     PROPORTION OF DATA PRESENT


           Covariance Coverage
              COGCOM        DEMAGE        DEMMAL        CANFLF
              ________      ________      ________      ________
 COGCOM         0.997
 DEMAGE         0.996         0.999
 DEMMAL         0.997         0.999         1.000
 CANFLF         0.878         0.879         0.880         0.880


SAMPLE STATISTICS


     ESTIMATED SAMPLE STATISTICS


           Means
              COGCOM        DEMAGE        DEMMAL        CANFLF
              ________      ________      ________      ________
      1         0.008         0.000         0.000         0.171


           Covariances
              COGCOM        DEMAGE        DEMMAL        CANFLF
              ________      ________      ________      ________
 COGCOM         0.374
 DEMAGE        -0.168         6.430
 DEMMAL         0.026        -0.199         0.232
 CANFLF         0.896        -9.651         3.280       638.749


           Correlations
              COGCOM        DEMAGE        DEMMAL        CANFLF
              ________      ________      ________      ________
 COGCOM         1.000
 DEMAGE        -0.109         1.000
 DEMMAL         0.089        -0.163         1.000
 CANFLF         0.058        -0.151         0.269         1.000


     MAXIMUM LOG-LIKELIHOOD VALUE FOR THE UNRESTRICTED (H1) MODEL IS -8955.272


UNIVARIATE SAMPLE STATISTICS


     UNIVARIATE HIGHER-ORDER MOMENT DESCRIPTIVE STATISTICS

         Variable/         Mean/     Skewness/   Minimum/ % with                Percentiles
        Sample Size      Variance    Kurtosis    Maximum  Min/Max      20%/60%    40%/80%    Median

     COGCOM                0.009      -0.095      -1.962    0.09%      -0.516     -0.150      0.022
            1118.000       0.374       0.022       1.901    0.09%       0.185      0.525
     DEMAGE                0.000       1.539      -4.043    0.09%      -1.943     -1.063     -0.543
            1120.000       6.430       3.720      15.927    0.09%      -0.023      1.547
     DEMMAL                0.000      -0.557      -0.634   36.57%      -0.634      0.366      0.366
            1121.000       0.232      -1.689       0.366   63.43%       0.366      0.366
     CANFLF                0.000      -0.792     -41.927   11.76%     -37.927     18.073     18.073
             986.000     638.821      -1.223      18.073   64.40%      18.073     18.073


THE MODEL ESTIMATION TERMINATED NORMALLY

     THE STANDARD ERRORS OF THE MODEL PARAMETER ESTIMATES MAY NOT BE
     TRUSTWORTHY FOR SOME PARAMETERS DUE TO A NON-POSITIVE DEFINITE
     FIRST-ORDER DERIVATIVE PRODUCT MATRIX.  THIS MAY BE DUE TO THE STARTING
     VALUES BUT MAY ALSO BE AN INDICATION OF MODEL NONIDENTIFICATION.  THE
     CONDITION NUMBER IS       0.584D-18.  PROBLEM INVOLVING THE FOLLOWING PARAMETER:
     Parameter 14, CANFLF




MODEL FIT INFORMATION

Number of Free Parameters                       14

Loglikelihood

          H0 Value                       -8955.272
          H0 Scaling Correction Factor      1.1546
            for MLR
          H1 Value                       -8955.272
          H1 Scaling Correction Factor      1.1546
            for MLR

Information Criteria

          Akaike (AIC)                   17938.545
          Bayesian (BIC)                 18008.853
          Sample-Size Adjusted BIC       17964.385
            (n* = (n + 2) / 24)

Chi-Square Test of Model Fit

          Value                              0.000*
          Degrees of Freedom                     0
          P-Value                           0.0000
          Scaling Correction Factor         1.0000
            for MLR

*   The chi-square value for MLM, MLMV, MLR, ULSMV, WLSM and WLSMV cannot be used
    for chi-square difference testing in the regular way.  MLM, MLR and WLSM
    chi-square difference testing is described on the Mplus website.  MLMV, WLSMV,
    and ULSMV difference testing is done using the DIFFTEST option.

RMSEA (Root Mean Square Error Of Approximation)

          Estimate                           0.000
          90 Percent C.I.                    0.000  0.000
          Probability RMSEA <= .05           0.000

CFI/TLI

          CFI                                1.000
          TLI                                1.000

Chi-Square Test of Model Fit for the Baseline Model

          Value                             18.296
          Degrees of Freedom                     3
          P-Value                           0.0004

SRMR (Standardized Root Mean Square Residual)

          Value                              0.000



MODEL RESULTS

                                                    Two-Tailed
                    Estimate       S.E.  Est./S.E.    P-Value

 COGCOM   ON
    CANFLF             0.001      0.001      0.753      0.451
    DEMMAL             0.085      0.043      1.966      0.049
    DEMAGE            -0.023      0.007     -3.100      0.002

 CANFLF   WITH
    DEMMAL             3.280      0.403      8.139      0.000
    DEMAGE            -9.651      2.222     -4.343      0.000

 DEMMAL   WITH
    DEMAGE            -0.199      0.039     -5.053      0.000

 Means
    DEMAGE             0.000      0.077      0.001      0.999
    DEMMAL             0.000      0.015      0.000      1.000
    CANFLF             0.171      0.846      0.202      0.840

 Intercepts
    COGCOM             0.008      0.021      0.398      0.690

 Variances
    DEMAGE             6.430      0.456     14.097      0.000
    DEMMAL             0.232      0.004     56.244      0.000
    CANFLF           638.750     19.038     33.552      0.000

 Residual Variances
    COGCOM             0.368      0.016     22.670      0.000


STANDARDIZED MODEL RESULTS


STDYX Standardization

                                                    Two-Tailed
                    Estimate       S.E.  Est./S.E.    P-Value

 COGCOM   ON
    CANFLF             0.026      0.034      0.754      0.451
    DEMMAL             0.067      0.034      1.976      0.048
    DEMAGE            -0.094      0.030     -3.116      0.002

 CANFLF   WITH
    DEMMAL             0.269      0.032      8.356      0.000
    DEMAGE            -0.151      0.034     -4.419      0.000

 DEMMAL   WITH
    DEMAGE            -0.163      0.031     -5.210      0.000

 Means
    DEMAGE             0.000      0.031      0.001      0.999
    DEMMAL             0.000      0.032      0.000      1.000
    CANFLF             0.007      0.034      0.202      0.840

 Intercepts
    COGCOM             0.014      0.034      0.398      0.690

 Variances
    DEMAGE             1.000      0.000    999.000    999.000
    DEMMAL             1.000      0.000    999.000    999.000
    CANFLF             1.000      0.000    999.000    999.000

 Residual Variances
    COGCOM             0.982      0.008    125.076      0.000


R-SQUARE

    Observed                                        Two-Tailed
    Variable        Estimate       S.E.  Est./S.E.    P-Value

    COGCOM             0.018      0.008      2.241      0.025


QUALITY OF NUMERICAL RESULTS

     Condition Number for the Information Matrix              0.903E-06
       (ratio of smallest to largest eigenvalue)


CONFIDENCE INTERVALS OF MODEL RESULTS

                  Lower .5%  Lower 2.5%    Lower 5%    Estimate    Upper 5%  Upper 2.5%   Upper .5%

 COGCOM   ON
    CANFLF          -0.002      -0.001      -0.001       0.001       0.002       0.002       0.003
    DEMMAL          -0.026       0.000       0.014       0.085       0.155       0.169       0.196
    DEMAGE          -0.041      -0.037      -0.035      -0.023      -0.011      -0.008      -0.004

 CANFLF   WITH
    DEMMAL           2.242       2.490       2.617       3.280       3.943       4.070       4.318
    DEMAGE         -15.375     -14.007     -13.307      -9.651      -5.996      -5.296      -3.927

 DEMMAL   WITH
    DEMAGE          -0.300      -0.276      -0.264      -0.199      -0.134      -0.122      -0.098

 Means
    DEMAGE          -0.199      -0.152      -0.127       0.000       0.127       0.152       0.199
    DEMMAL          -0.040      -0.030      -0.025       0.000       0.025       0.030       0.040
    CANFLF          -2.008      -1.487      -1.220       0.171       1.563       1.829       2.350

 Intercepts
    COGCOM          -0.046      -0.033      -0.026       0.008       0.043       0.049       0.062

 Variances
    DEMAGE           5.255       5.536       5.679       6.430       7.180       7.324       7.605
    DEMMAL           0.221       0.224       0.225       0.232       0.239       0.240       0.243
    CANFLF         589.712     601.435     607.432     638.750     670.067     676.064     687.787

 Residual Variances
    COGCOM           0.326       0.336       0.341       0.368       0.394       0.399       0.409


CONFIDENCE INTERVALS OF STANDARDIZED MODEL RESULTS


STDYX Standardization

                  Lower .5%  Lower 2.5%    Lower 5%    Estimate    Upper 5%  Upper 2.5%   Upper .5%

 COGCOM   ON
    CANFLF          -0.063      -0.041      -0.031       0.026       0.082       0.093       0.114
    DEMMAL          -0.020       0.001       0.011       0.067       0.122       0.133       0.153
    DEMAGE          -0.171      -0.153      -0.143      -0.094      -0.044      -0.035      -0.016

 CANFLF   WITH
    DEMMAL           0.186       0.206       0.216       0.269       0.323       0.333       0.353
    DEMAGE          -0.238      -0.217      -0.207      -0.151      -0.095      -0.084      -0.063

 DEMMAL   WITH
    DEMAGE          -0.244      -0.224      -0.214      -0.163      -0.112      -0.102      -0.082

 Means
    DEMAGE          -0.079      -0.060      -0.050       0.000       0.050       0.060       0.079
    DEMMAL          -0.082      -0.063      -0.052       0.000       0.052       0.063       0.082
    CANFLF          -0.080      -0.059      -0.048       0.007       0.062       0.073       0.093

 Intercepts
    COGCOM          -0.075      -0.054      -0.043       0.014       0.070       0.081       0.102

 Variances
    DEMAGE           1.000       1.000       1.000       1.000       1.000       1.000       1.000
    DEMMAL           1.000       1.000       1.000       1.000       1.000       1.000       1.000
    CANFLF           1.000       1.000       1.000       1.000       1.000       1.000       1.000

 Residual Variances
    COGCOM           0.962       0.967       0.969       0.982       0.995       0.998       1.003


TECHNICAL 1 OUTPUT


     PARAMETER SPECIFICATION


           NU
              COGCOM        DEMAGE        DEMMAL        CANFLF
              ________      ________      ________      ________
      1           0             0             0             0


           LAMBDA
              COGCOM        DEMAGE        DEMMAL        CANFLF
              ________      ________      ________      ________
 COGCOM             0             0             0             0
 DEMAGE             0             0             0             0
 DEMMAL             0             0             0             0
 CANFLF             0             0             0             0


           THETA
              COGCOM        DEMAGE        DEMMAL        CANFLF
              ________      ________      ________      ________
 COGCOM             0
 DEMAGE             0             0
 DEMMAL             0             0             0
 CANFLF             0             0             0             0


           ALPHA
              COGCOM        DEMAGE        DEMMAL        CANFLF
              ________      ________      ________      ________
      1           1             2             3             4


           BETA
              COGCOM        DEMAGE        DEMMAL        CANFLF
              ________      ________      ________      ________
 COGCOM             0             5             6             7
 DEMAGE             0             0             0             0
 DEMMAL             0             0             0             0
 CANFLF             0             0             0             0


           PSI
              COGCOM        DEMAGE        DEMMAL        CANFLF
              ________      ________      ________      ________
 COGCOM             8
 DEMAGE             0             9
 DEMMAL             0            10            11
 CANFLF             0            12            13            14


     STARTING VALUES


           NU
              COGCOM        DEMAGE        DEMMAL        CANFLF
              ________      ________      ________      ________
      1         0.000         0.000         0.000         0.000


           LAMBDA
              COGCOM        DEMAGE        DEMMAL        CANFLF
              ________      ________      ________      ________
 COGCOM         1.000         0.000         0.000         0.000
 DEMAGE         0.000         1.000         0.000         0.000
 DEMMAL         0.000         0.000         1.000         0.000
 CANFLF         0.000         0.000         0.000         1.000


           THETA
              COGCOM        DEMAGE        DEMMAL        CANFLF
              ________      ________      ________      ________
 COGCOM         0.000
 DEMAGE         0.000         0.000
 DEMMAL         0.000         0.000         0.000
 CANFLF         0.000         0.000         0.000         0.000


           ALPHA
              COGCOM        DEMAGE        DEMMAL        CANFLF
              ________      ________      ________      ________
      1         0.009         0.000         0.000         0.000


           BETA
              COGCOM        DEMAGE        DEMMAL        CANFLF
              ________      ________      ________      ________
 COGCOM         0.000         0.000         0.000         0.000
 DEMAGE         0.000         0.000         0.000         0.000
 DEMMAL         0.000         0.000         0.000         0.000
 CANFLF         0.000         0.000         0.000         0.000


           PSI
              COGCOM        DEMAGE        DEMMAL        CANFLF
              ________      ________      ________      ________
 COGCOM         0.187
 DEMAGE         0.000         3.215
 DEMMAL         0.000         0.000         0.116
 CANFLF         0.000         0.000         0.000       319.411


     Beginning Time:  14:18:53
        Ending Time:  14:18:53
       Elapsed Time:  00:00:00



MUTHEN & MUTHEN
3463 Stoner Ave.
Los Angeles, CA  90066

Tel: (310) 391-9971
Fax: (310) 391-8971
Web: www.StatModel.com
Support: Support@StatModel.com

Copyright (c) 1998-2015 Muthen & Muthen
