Mplus VERSION 7.4 (Mac)
MUTHEN & MUTHEN
07/30/2019   2:19 PM

INPUT INSTRUCTIONS


  TITLE: CANFLF_WASDGT_2;

  DATA:
  	FILE = GD190618.csv;

  VARIABLE:
  	NAMES =
  			ID_Fam   Wave     ID_MPL
  			DEMMAL   DEMAGE   DEMHSP   DEMRAC
  			SRPWCR
  			WASVCB   WASBLK   WASDGT   WSISUM
  			TRLATS   TRLBTS
  			CVLASF   CVLASC   CVLALF   CVLALC
  			WASCOM   COGCOM   CVLCOM
  			CANEVR   CANONS   CANFLF
  			CANFTY   CANF6M   CANAC6
  			CANYRS
  			ALCEVR   ALCONS   ALCFLF
  			ALCFTY   ALCF6M   ALCAC6
  			ALCYRS
  			SRPWCRDt WASVCBDt WASBLKDt
  			WASDGTDt WSISUMDt TRLATSDt
  			TRLBTSDt CVLASFDt CVLASCDt
  			CVLALFDt CVLALCDt WASCOMDt
  			COGCOMDt CVLCOMDt
  			COGPGS
  			PC1 PC2 PC3 PC4 PC5 PC6
  		;
  	USEVARIABLES =
  		! outcome
    			WASDGT
    		! covariates
    			DEMAGE
    			DEMMAL  		
    		! predictor
    			CANFLF
    		;
    	USEOBSERVATION =
    			(Wave EQ 2 AND WASDGTDt EQ 1)
    		;
    	CLUSTER =
    			ID_Fam
    		;
    	MISSING = .;

  DEFINE:
  	CENTER	CANFLF
  			DEMMAL
  			DEMAGE (GRANDMEAN);

  ANALYSIS:
          ITERATIONS = 1000000;
          TYPE = COMPLEX;

  OUTPUT:
  	SAMPSTAT STDYX TECH1 CINT;

  MODEL:
  	WASDGT on CANFLF;
  	WASDGT on  DEMMAL DEMAGE;	
  	WASDGT*;
  	CANFLF WITH DEMMAL*;
  	CANFLF WITH DEMAGE*;



*** WARNING in VARIABLE command
  When a subpopulation is analyzed with TYPE=COMPLEX, standard errors
  may be incorrect.  Use the SUBPOPULATION option instead of the
  USEOBSERVATIONS option to obtain correct standard errors.
   1 WARNING(S) FOUND IN THE INPUT INSTRUCTIONS



CANFLF_WASDGT_2;

SUMMARY OF ANALYSIS

Number of groups                                                 1
Number of observations                                         425

Number of dependent variables                                    1
Number of independent variables                                  3
Number of continuous latent variables                            0

Observed dependent variables

  Continuous
   WASDGT

Observed independent variables
   DEMAGE      DEMMAL      CANFLF

Variables with special functions

  Cluster variable      ID_FAM

  Centering (GRANDMEAN)
   CANFLF      DEMMAL      DEMAGE


Estimator                                                      MLR
Information matrix                                        OBSERVED
Maximum number of iterations                               1000000
Convergence criterion                                    0.500D-04
Maximum number of steepest descent iterations                   20
Maximum number of iterations for H1                           2000
Convergence criterion for H1                             0.100D-03

Input data file(s)
  GD190618.csv

Input data format  FREE


SUMMARY OF DATA

     Number of missing data patterns             3
     Number of clusters         227



COVARIANCE COVERAGE OF DATA

Minimum covariance coverage value   0.100


     PROPORTION OF DATA PRESENT


           Covariance Coverage
              WASDGT        DEMAGE        DEMMAL        CANFLF
              ________      ________      ________      ________
 WASDGT         0.842
 DEMAGE         0.842         0.998
 DEMMAL         0.842         0.998         0.998
 CANFLF         0.842         0.998         0.998         1.000


SAMPLE STATISTICS


     ESTIMATED SAMPLE STATISTICS


           Means
              WASDGT        DEMAGE        DEMMAL        CANFLF
              ________      ________      ________      ________
      1        10.151        -0.001         0.000         0.000


           Covariances
              WASDGT        DEMAGE        DEMMAL        CANFLF
              ________      ________      ________      ________
 WASDGT         7.461
 DEMAGE         0.217         8.686
 DEMMAL         0.135        -0.174         0.248
 CANFLF         6.294       -10.164         2.955       473.264


           Correlations
              WASDGT        DEMAGE        DEMMAL        CANFLF
              ________      ________      ________      ________
 WASDGT         1.000
 DEMAGE         0.027         1.000
 DEMMAL         0.100        -0.119         1.000
 CANFLF         0.106        -0.159         0.273         1.000


     MAXIMUM LOG-LIKELIHOOD VALUE FOR THE UNRESTRICTED (H1) MODEL IS -4118.812


UNIVARIATE SAMPLE STATISTICS


     UNIVARIATE HIGHER-ORDER MOMENT DESCRIPTIVE STATISTICS

         Variable/         Mean/     Skewness/   Minimum/ % with                Percentiles
        Sample Size      Variance    Kurtosis    Maximum  Min/Max      20%/60%    40%/80%    Median

     WASDGT               10.151       0.523       3.000    0.28%       8.000      9.000     10.000
             358.000       7.463       0.289      19.000    0.56%      10.000     12.000
     DEMAGE                0.000       1.017      -5.608    0.24%      -2.468     -0.978     -0.303
             424.000       8.686       2.157      15.562    0.24%       0.262      2.102
     DEMMAL                0.000      -0.190      -0.547   45.28%      -0.547     -0.547      0.453
             424.000       0.248      -1.964       0.453   54.72%       0.453      0.453
     CANFLF                0.000      -1.393     -47.966    7.53%     -17.966     12.034     12.034
             425.000     473.264       0.174      12.034   75.06%      12.034     12.034


THE MODEL ESTIMATION TERMINATED NORMALLY



MODEL FIT INFORMATION

Number of Free Parameters                       14

Loglikelihood

          H0 Value                       -4118.812
          H0 Scaling Correction Factor      1.1707
            for MLR
          H1 Value                       -4118.812
          H1 Scaling Correction Factor      1.1707
            for MLR

Information Criteria

          Akaike (AIC)                    8265.625
          Bayesian (BIC)                  8322.354
          Sample-Size Adjusted BIC        8277.927
            (n* = (n + 2) / 24)

Chi-Square Test of Model Fit

          Value                              0.000*
          Degrees of Freedom                     0
          P-Value                           0.0000
          Scaling Correction Factor         1.0000
            for MLR

*   The chi-square value for MLM, MLMV, MLR, ULSMV, WLSM and WLSMV cannot be used
    for chi-square difference testing in the regular way.  MLM, MLR and WLSM
    chi-square difference testing is described on the Mplus website.  MLMV, WLSMV,
    and ULSMV difference testing is done using the DIFFTEST option.

RMSEA (Root Mean Square Error Of Approximation)

          Estimate                           0.000
          90 Percent C.I.                    0.000  0.000
          Probability RMSEA <= .05           0.000

CFI/TLI

          CFI                                1.000
          TLI                                1.000

Chi-Square Test of Model Fit for the Baseline Model

          Value                              7.000
          Degrees of Freedom                     3
          P-Value                           0.0719

SRMR (Standardized Root Mean Square Residual)

          Value                              0.000



MODEL RESULTS

                                                    Two-Tailed
                    Estimate       S.E.  Est./S.E.    P-Value

 WASDGT   ON
    CANFLF             0.012      0.007      1.594      0.111
    DEMMAL             0.441      0.327      1.349      0.177
    DEMAGE             0.047      0.046      1.032      0.302

 CANFLF   WITH
    DEMMAL             2.955      0.552      5.350      0.000
    DEMAGE           -10.166      3.795     -2.679      0.007

 DEMMAL   WITH
    DEMAGE            -0.174      0.072     -2.421      0.015

 Means
    DEMAGE            -0.001      0.155     -0.004      0.997
    DEMMAL             0.000      0.026      0.007      0.995
    CANFLF             0.000      1.146      0.000      1.000

 Intercepts
    WASDGT            10.151      0.172     59.099      0.000

 Variances
    DEMAGE             8.686      0.862     10.077      0.000
    DEMMAL             0.248      0.002    100.175      0.000
    CANFLF           473.260     35.842     13.204      0.000

 Residual Variances
    WASDGT             7.318      0.623     11.741      0.000


STANDARDIZED MODEL RESULTS


STDYX Standardization

                                                    Two-Tailed
                    Estimate       S.E.  Est./S.E.    P-Value

 WASDGT   ON
    CANFLF             0.092      0.057      1.608      0.108
    DEMMAL             0.080      0.059      1.355      0.175
    DEMAGE             0.051      0.049      1.034      0.301

 CANFLF   WITH
    DEMMAL             0.273      0.049      5.617      0.000
    DEMAGE            -0.159      0.057     -2.787      0.005

 DEMMAL   WITH
    DEMAGE            -0.119      0.048     -2.490      0.013

 Means
    DEMAGE             0.000      0.053     -0.004      0.997
    DEMMAL             0.000      0.053      0.007      0.995
    CANFLF             0.000      0.053      0.000      1.000

 Intercepts
    WASDGT             3.716      0.150     24.778      0.000

 Variances
    DEMAGE             1.000      0.000    999.000    999.000
    DEMMAL             1.000      0.000    999.000    999.000
    CANFLF             1.000      0.000    999.000    999.000

 Residual Variances
    WASDGT             0.981      0.014     70.507      0.000


R-SQUARE

    Observed                                        Two-Tailed
    Variable        Estimate       S.E.  Est./S.E.    P-Value

    WASDGT             0.019      0.014      1.375      0.169


QUALITY OF NUMERICAL RESULTS

     Condition Number for the Information Matrix              0.393E-04
       (ratio of smallest to largest eigenvalue)


CONFIDENCE INTERVALS OF MODEL RESULTS

                  Lower .5%  Lower 2.5%    Lower 5%    Estimate    Upper 5%  Upper 2.5%   Upper .5%

 WASDGT   ON
    CANFLF          -0.007      -0.003       0.000       0.012       0.023       0.026       0.030
    DEMMAL          -0.402      -0.200      -0.097       0.441       0.980       1.083       1.285
    DEMAGE          -0.071      -0.043      -0.028       0.047       0.123       0.137       0.166

 CANFLF   WITH
    DEMMAL           1.532       1.872       2.046       2.955       3.863       4.037       4.377
    DEMAGE         -19.942     -17.605     -16.410     -10.166      -3.923      -2.727      -0.390

 DEMMAL   WITH
    DEMAGE          -0.359      -0.315      -0.292      -0.174      -0.056      -0.033       0.011

 Means
    DEMAGE          -0.401      -0.305      -0.256      -0.001       0.255       0.304       0.400
    DEMMAL          -0.067      -0.051      -0.043       0.000       0.043       0.052       0.068
    CANFLF          -2.951      -2.245      -1.884       0.000       1.885       2.246       2.951

 Intercepts
    WASDGT           9.708       9.814       9.868      10.151      10.433      10.487      10.593

 Variances
    DEMAGE           6.466       6.996       7.268       8.686      10.104      10.375      10.906
    DEMMAL           0.241       0.243       0.244       0.248       0.252       0.253       0.254
    CANFLF         380.938     403.009     414.300     473.260     532.221     543.511     565.583

 Residual Variances
    WASDGT           5.713       6.097       6.293       7.318       8.344       8.540       8.924


CONFIDENCE INTERVALS OF STANDARDIZED MODEL RESULTS


STDYX Standardization

                  Lower .5%  Lower 2.5%    Lower 5%    Estimate    Upper 5%  Upper 2.5%   Upper .5%

 WASDGT   ON
    CANFLF          -0.055      -0.020      -0.002       0.092       0.186       0.204       0.240
    DEMMAL          -0.072      -0.036      -0.017       0.080       0.178       0.197       0.233
    DEMAGE          -0.076      -0.046      -0.030       0.051       0.132       0.148       0.178

 CANFLF   WITH
    DEMMAL           0.148       0.178       0.193       0.273       0.353       0.368       0.398
    DEMAGE          -0.305      -0.270      -0.252      -0.159      -0.065      -0.047      -0.012

 DEMMAL   WITH
    DEMAGE          -0.241      -0.212      -0.197      -0.119      -0.040      -0.025       0.004

 Means
    DEMAGE          -0.136      -0.104      -0.087       0.000       0.087       0.103       0.136
    DEMMAL          -0.135      -0.103      -0.086       0.000       0.087       0.104       0.136
    CANFLF          -0.136      -0.103      -0.087       0.000       0.087       0.103       0.136

 Intercepts
    WASDGT           3.330       3.422       3.469       3.716       3.963       4.010       4.102

 Variances
    DEMAGE           1.000       1.000       1.000       1.000       1.000       1.000       1.000
    DEMMAL           1.000       1.000       1.000       1.000       1.000       1.000       1.000
    CANFLF           1.000       1.000       1.000       1.000       1.000       1.000       1.000

 Residual Variances
    WASDGT           0.945       0.954       0.958       0.981       1.004       1.008       1.017


TECHNICAL 1 OUTPUT


     PARAMETER SPECIFICATION


           NU
              WASDGT        DEMAGE        DEMMAL        CANFLF
              ________      ________      ________      ________
      1           0             0             0             0


           LAMBDA
              WASDGT        DEMAGE        DEMMAL        CANFLF
              ________      ________      ________      ________
 WASDGT             0             0             0             0
 DEMAGE             0             0             0             0
 DEMMAL             0             0             0             0
 CANFLF             0             0             0             0


           THETA
              WASDGT        DEMAGE        DEMMAL        CANFLF
              ________      ________      ________      ________
 WASDGT             0
 DEMAGE             0             0
 DEMMAL             0             0             0
 CANFLF             0             0             0             0


           ALPHA
              WASDGT        DEMAGE        DEMMAL        CANFLF
              ________      ________      ________      ________
      1           1             2             3             4


           BETA
              WASDGT        DEMAGE        DEMMAL        CANFLF
              ________      ________      ________      ________
 WASDGT             0             5             6             7
 DEMAGE             0             0             0             0
 DEMMAL             0             0             0             0
 CANFLF             0             0             0             0


           PSI
              WASDGT        DEMAGE        DEMMAL        CANFLF
              ________      ________      ________      ________
 WASDGT             8
 DEMAGE             0             9
 DEMMAL             0            10            11
 CANFLF             0            12            13            14


     STARTING VALUES


           NU
              WASDGT        DEMAGE        DEMMAL        CANFLF
              ________      ________      ________      ________
      1         0.000         0.000         0.000         0.000


           LAMBDA
              WASDGT        DEMAGE        DEMMAL        CANFLF
              ________      ________      ________      ________
 WASDGT         1.000         0.000         0.000         0.000
 DEMAGE         0.000         1.000         0.000         0.000
 DEMMAL         0.000         0.000         1.000         0.000
 CANFLF         0.000         0.000         0.000         1.000


           THETA
              WASDGT        DEMAGE        DEMMAL        CANFLF
              ________      ________      ________      ________
 WASDGT         0.000
 DEMAGE         0.000         0.000
 DEMMAL         0.000         0.000         0.000
 CANFLF         0.000         0.000         0.000         0.000


           ALPHA
              WASDGT        DEMAGE        DEMMAL        CANFLF
              ________      ________      ________      ________
      1        10.151         0.000         0.000         0.000


           BETA
              WASDGT        DEMAGE        DEMMAL        CANFLF
              ________      ________      ________      ________
 WASDGT         0.000         0.000         0.000         0.000
 DEMAGE         0.000         0.000         0.000         0.000
 DEMMAL         0.000         0.000         0.000         0.000
 CANFLF         0.000         0.000         0.000         0.000


           PSI
              WASDGT        DEMAGE        DEMMAL        CANFLF
              ________      ________      ________      ________
 WASDGT         3.732
 DEMAGE         0.000         4.343
 DEMMAL         0.000         0.000         0.124
 CANFLF         0.000         0.000         0.000       236.632


     Beginning Time:  14:19:14
        Ending Time:  14:19:15
       Elapsed Time:  00:00:01



MUTHEN & MUTHEN
3463 Stoner Ave.
Los Angeles, CA  90066

Tel: (310) 391-9971
Fax: (310) 391-8971
Web: www.StatModel.com
Support: Support@StatModel.com

Copyright (c) 1998-2015 Muthen & Muthen
