Mplus VERSION 7.4 (Mac)
MUTHEN & MUTHEN
07/30/2019   2:18 PM

INPUT INSTRUCTIONS


  TITLE: CANFLF_COGCOM_2;

  DATA:
  	FILE = GD190618.csv;

  VARIABLE:
  	NAMES =
  			ID_Fam   Wave     ID_MPL
  			DEMMAL   DEMAGE   DEMHSP   DEMRAC
  			SRPWCR
  			WASVCB   WASBLK   WASDGT   WSISUM
  			TRLATS   TRLBTS
  			CVLASF   CVLASC   CVLALF   CVLALC
  			WASCOM   COGCOM   CVLCOM
  			CANEVR   CANONS   CANFLF
  			CANFTY   CANF6M   CANAC6
  			CANYRS
  			ALCEVR   ALCONS   ALCFLF
  			ALCFTY   ALCF6M   ALCAC6
  			ALCYRS
  			SRPWCRDt WASVCBDt WASBLKDt
  			WASDGTDt WSISUMDt TRLATSDt
  			TRLBTSDt CVLASFDt CVLASCDt
  			CVLALFDt CVLALCDt WASCOMDt
  			COGCOMDt CVLCOMDt
  			COGPGS
  			PC1 PC2 PC3 PC4 PC5 PC6
  		;
  	USEVARIABLES =
  		! outcome
    			COGCOM
    		! covariates
    			DEMAGE
    			DEMMAL  		
    		! predictor
    			CANFLF
    		;
    	USEOBSERVATION =
    			(Wave EQ 2 AND COGCOMDt EQ 1)
    		;
    	CLUSTER =
    			ID_Fam
    		;
    	MISSING = .;

  DEFINE:
  	CENTER	CANFLF
  			DEMMAL
  			DEMAGE (GRANDMEAN);

  ANALYSIS:
          ITERATIONS = 1000000;
          TYPE = COMPLEX;

  OUTPUT:
  	SAMPSTAT STDYX TECH1 CINT;

  MODEL:
  	COGCOM on CANFLF;
  	COGCOM on  DEMMAL DEMAGE;	
  	COGCOM*;
  	CANFLF WITH DEMMAL*;
  	CANFLF WITH DEMAGE*;



*** WARNING in VARIABLE command
  When a subpopulation is analyzed with TYPE=COMPLEX, standard errors
  may be incorrect.  Use the SUBPOPULATION option instead of the
  USEOBSERVATIONS option to obtain correct standard errors.
   1 WARNING(S) FOUND IN THE INPUT INSTRUCTIONS



CANFLF_COGCOM_2;

SUMMARY OF ANALYSIS

Number of groups                                                 1
Number of observations                                         802

Number of dependent variables                                    1
Number of independent variables                                  3
Number of continuous latent variables                            0

Observed dependent variables

  Continuous
   COGCOM

Observed independent variables
   DEMAGE      DEMMAL      CANFLF

Variables with special functions

  Cluster variable      ID_FAM

  Centering (GRANDMEAN)
   CANFLF      DEMMAL      DEMAGE


Estimator                                                      MLR
Information matrix                                        OBSERVED
Maximum number of iterations                               1000000
Convergence criterion                                    0.500D-04
Maximum number of steepest descent iterations                   20
Maximum number of iterations for H1                           2000
Convergence criterion for H1                             0.100D-03

Input data file(s)
  GD190618.csv

Input data format  FREE


SUMMARY OF DATA

     Number of missing data patterns             3
     Number of clusters         459



COVARIANCE COVERAGE OF DATA

Minimum covariance coverage value   0.100


     PROPORTION OF DATA PRESENT


           Covariance Coverage
              COGCOM        DEMAGE        DEMMAL        CANFLF
              ________      ________      ________      ________
 COGCOM         0.445
 DEMAGE         0.445         0.999
 DEMMAL         0.445         0.999         0.999
 CANFLF         0.445         0.999         0.999         1.000


SAMPLE STATISTICS


     ESTIMATED SAMPLE STATISTICS


           Means
              COGCOM        DEMAGE        DEMMAL        CANFLF
              ________      ________      ________      ________
      1         0.033         0.000         0.000         0.000


           Covariances
              COGCOM        DEMAGE        DEMMAL        CANFLF
              ________      ________      ________      ________
 COGCOM         0.360
 DEMAGE        -0.134         7.992
 DEMMAL         0.031        -0.205         0.237
 CANFLF         1.439       -12.341         2.970       430.998


           Correlations
              COGCOM        DEMAGE        DEMMAL        CANFLF
              ________      ________      ________      ________
 COGCOM         1.000
 DEMAGE        -0.079         1.000
 DEMMAL         0.107        -0.149         1.000
 CANFLF         0.115        -0.210         0.294         1.000


     MAXIMUM LOG-LIKELIHOOD VALUE FOR THE UNRESTRICTED (H1) MODEL IS -6361.541


UNIVARIATE SAMPLE STATISTICS


     UNIVARIATE HIGHER-ORDER MOMENT DESCRIPTIVE STATISTICS

         Variable/         Mean/     Skewness/   Minimum/ % with                Percentiles
        Sample Size      Variance    Kurtosis    Maximum  Min/Max      20%/60%    40%/80%    Median

     COGCOM                0.028      -0.112      -2.038    0.28%      -0.461     -0.141      0.041
             357.000       0.360       0.070       1.781    0.28%       0.210      0.539
     DEMAGE                0.000       0.974      -5.530    0.12%      -2.410     -1.040     -0.420
             801.000       7.993       1.710      15.640    0.12%       0.280      2.150
     DEMMAL                0.000      -0.475      -0.615   38.45%      -0.615      0.385      0.385
             801.000       0.237      -1.775       0.385   61.55%       0.385      0.385
     CANFLF                0.000      -1.646     -49.720    5.99%     -19.720     10.280     10.280
             802.000     430.998       0.921      10.280   79.18%      10.280     10.280


THE MODEL ESTIMATION TERMINATED NORMALLY

     THE STANDARD ERRORS OF THE MODEL PARAMETER ESTIMATES MAY NOT BE
     TRUSTWORTHY FOR SOME PARAMETERS DUE TO A NON-POSITIVE DEFINITE
     FIRST-ORDER DERIVATIVE PRODUCT MATRIX.  THIS MAY BE DUE TO THE STARTING
     VALUES BUT MAY ALSO BE AN INDICATION OF MODEL NONIDENTIFICATION.  THE
     CONDITION NUMBER IS       0.125D-11.  PROBLEM INVOLVING THE FOLLOWING PARAMETER:
     Parameter 14, CANFLF




MODEL FIT INFORMATION

Number of Free Parameters                       14

Loglikelihood

          H0 Value                       -6361.541
          H0 Scaling Correction Factor      1.2436
            for MLR
          H1 Value                       -6361.541
          H1 Scaling Correction Factor      1.2436
            for MLR

Information Criteria

          Akaike (AIC)                   12751.082
          Bayesian (BIC)                 12816.701
          Sample-Size Adjusted BIC       12772.243
            (n* = (n + 2) / 24)

Chi-Square Test of Model Fit

          Value                              0.000*
          Degrees of Freedom                     0
          P-Value                           0.0000
          Scaling Correction Factor         1.0000
            for MLR

*   The chi-square value for MLM, MLMV, MLR, ULSMV, WLSM and WLSMV cannot be used
    for chi-square difference testing in the regular way.  MLM, MLR and WLSM
    chi-square difference testing is described on the Mplus website.  MLMV, WLSMV,
    and ULSMV difference testing is done using the DIFFTEST option.

RMSEA (Root Mean Square Error Of Approximation)

          Estimate                           0.000
          90 Percent C.I.                    0.000  0.000
          Probability RMSEA <= .05           0.000

CFI/TLI

          CFI                                1.000
          TLI                                1.000

Chi-Square Test of Model Fit for the Baseline Model

          Value                              5.886
          Degrees of Freedom                     3
          P-Value                           0.1173

SRMR (Standardized Root Mean Square Residual)

          Value                              0.000



MODEL RESULTS

                                                    Two-Tailed
                    Estimate       S.E.  Est./S.E.    P-Value

 COGCOM   ON
    CANFLF             0.002      0.002      1.461      0.144
    DEMMAL             0.093      0.076      1.222      0.222
    DEMAGE            -0.011      0.014     -0.786      0.432

 CANFLF   WITH
    DEMMAL             2.970      0.393      7.552      0.000
    DEMAGE           -12.341      2.586     -4.772      0.000

 DEMMAL   WITH
    DEMAGE            -0.205      0.051     -4.053      0.000

 Means
    DEMAGE             0.000      0.107     -0.003      0.997
    DEMMAL             0.000      0.018      0.005      0.996
    CANFLF             0.000      0.765      0.000      1.000

 Intercepts
    COGCOM             0.033      0.037      0.903      0.367

 Variances
    DEMAGE             7.992      0.543     14.720      0.000
    DEMMAL             0.237      0.004     55.899      0.000
    CANFLF           430.998     26.943     15.997      0.000

 Residual Variances
    COGCOM             0.353      0.028     12.603      0.000


STANDARDIZED MODEL RESULTS


STDYX Standardization

                                                    Two-Tailed
                    Estimate       S.E.  Est./S.E.    P-Value

 COGCOM   ON
    CANFLF             0.083      0.056      1.476      0.140
    DEMMAL             0.075      0.061      1.225      0.221
    DEMAGE            -0.051      0.064     -0.789      0.430

 CANFLF   WITH
    DEMMAL             0.294      0.036      8.145      0.000
    DEMAGE            -0.210      0.042     -5.047      0.000

 DEMMAL   WITH
    DEMAGE            -0.149      0.035     -4.196      0.000

 Means
    DEMAGE             0.000      0.038     -0.003      0.997
    DEMMAL             0.000      0.038      0.005      0.996
    CANFLF             0.000      0.037      0.000      1.000

 Intercepts
    COGCOM             0.055      0.061      0.901      0.368

 Variances
    DEMAGE             1.000      0.000    999.000    999.000
    DEMMAL             1.000      0.000    999.000    999.000
    CANFLF             1.000      0.000    999.000    999.000

 Residual Variances
    COGCOM             0.978      0.015     65.361      0.000


R-SQUARE

    Observed                                        Two-Tailed
    Variable        Estimate       S.E.  Est./S.E.    P-Value

    COGCOM             0.022      0.015      1.446      0.148


QUALITY OF NUMERICAL RESULTS

     Condition Number for the Information Matrix              0.390E-05
       (ratio of smallest to largest eigenvalue)


CONFIDENCE INTERVALS OF MODEL RESULTS

                  Lower .5%  Lower 2.5%    Lower 5%    Estimate    Upper 5%  Upper 2.5%   Upper .5%

 COGCOM   ON
    CANFLF          -0.002      -0.001       0.000       0.002       0.005       0.006       0.007
    DEMMAL          -0.103      -0.056      -0.032       0.093       0.218       0.242       0.289
    DEMAGE          -0.046      -0.038      -0.033      -0.011       0.012       0.016       0.024

 CANFLF   WITH
    DEMMAL           1.957       2.199       2.323       2.970       3.617       3.741       3.983
    DEMAGE         -19.002     -17.410     -16.595     -12.341      -8.087      -7.272      -5.680

 DEMMAL   WITH
    DEMAGE          -0.335      -0.304      -0.288      -0.205      -0.122      -0.106      -0.075

 Means
    DEMAGE          -0.276      -0.210      -0.176       0.000       0.176       0.209       0.275
    DEMMAL          -0.047      -0.036      -0.030       0.000       0.030       0.036       0.047
    CANFLF          -1.970      -1.499      -1.258       0.000       1.258       1.499       1.970

 Intercepts
    COGCOM          -0.061      -0.039      -0.027       0.033       0.094       0.105       0.128

 Variances
    DEMAGE           6.594       6.928       7.099       7.992       8.886       9.057       9.391
    DEMMAL           0.226       0.228       0.230       0.237       0.244       0.245       0.248
    CANFLF         361.599     378.190     386.677     430.998     475.319     483.806     500.397

 Residual Variances
    COGCOM           0.281       0.298       0.307       0.353       0.399       0.407       0.425


CONFIDENCE INTERVALS OF STANDARDIZED MODEL RESULTS


STDYX Standardization

                  Lower .5%  Lower 2.5%    Lower 5%    Estimate    Upper 5%  Upper 2.5%   Upper .5%

 COGCOM   ON
    CANFLF          -0.062      -0.027      -0.009       0.083       0.175       0.193       0.227
    DEMMAL          -0.083      -0.045      -0.026       0.075       0.176       0.196       0.234
    DEMAGE          -0.216      -0.176      -0.156      -0.051       0.055       0.075       0.115

 CANFLF   WITH
    DEMMAL           0.201       0.223       0.235       0.294       0.353       0.365       0.387
    DEMAGE          -0.318      -0.292      -0.279      -0.210      -0.142      -0.129      -0.103

 DEMMAL   WITH
    DEMAGE          -0.240      -0.218      -0.207      -0.149      -0.091      -0.079      -0.057

 Means
    DEMAGE          -0.098      -0.074      -0.062       0.000       0.062       0.074       0.097
    DEMMAL          -0.097      -0.074      -0.062       0.000       0.062       0.074       0.097
    CANFLF          -0.095      -0.072      -0.061       0.000       0.061       0.072       0.095

 Intercepts
    COGCOM          -0.103      -0.065      -0.046       0.055       0.156       0.176       0.213

 Variances
    DEMAGE           1.000       1.000       1.000       1.000       1.000       1.000       1.000
    DEMMAL           1.000       1.000       1.000       1.000       1.000       1.000       1.000
    CANFLF           1.000       1.000       1.000       1.000       1.000       1.000       1.000

 Residual Variances
    COGCOM           0.940       0.949       0.954       0.978       1.003       1.008       1.017


TECHNICAL 1 OUTPUT


     PARAMETER SPECIFICATION


           NU
              COGCOM        DEMAGE        DEMMAL        CANFLF
              ________      ________      ________      ________
      1           0             0             0             0


           LAMBDA
              COGCOM        DEMAGE        DEMMAL        CANFLF
              ________      ________      ________      ________
 COGCOM             0             0             0             0
 DEMAGE             0             0             0             0
 DEMMAL             0             0             0             0
 CANFLF             0             0             0             0


           THETA
              COGCOM        DEMAGE        DEMMAL        CANFLF
              ________      ________      ________      ________
 COGCOM             0
 DEMAGE             0             0
 DEMMAL             0             0             0
 CANFLF             0             0             0             0


           ALPHA
              COGCOM        DEMAGE        DEMMAL        CANFLF
              ________      ________      ________      ________
      1           1             2             3             4


           BETA
              COGCOM        DEMAGE        DEMMAL        CANFLF
              ________      ________      ________      ________
 COGCOM             0             5             6             7
 DEMAGE             0             0             0             0
 DEMMAL             0             0             0             0
 CANFLF             0             0             0             0


           PSI
              COGCOM        DEMAGE        DEMMAL        CANFLF
              ________      ________      ________      ________
 COGCOM             8
 DEMAGE             0             9
 DEMMAL             0            10            11
 CANFLF             0            12            13            14


     STARTING VALUES


           NU
              COGCOM        DEMAGE        DEMMAL        CANFLF
              ________      ________      ________      ________
      1         0.000         0.000         0.000         0.000


           LAMBDA
              COGCOM        DEMAGE        DEMMAL        CANFLF
              ________      ________      ________      ________
 COGCOM         1.000         0.000         0.000         0.000
 DEMAGE         0.000         1.000         0.000         0.000
 DEMMAL         0.000         0.000         1.000         0.000
 CANFLF         0.000         0.000         0.000         1.000


           THETA
              COGCOM        DEMAGE        DEMMAL        CANFLF
              ________      ________      ________      ________
 COGCOM         0.000
 DEMAGE         0.000         0.000
 DEMMAL         0.000         0.000         0.000
 CANFLF         0.000         0.000         0.000         0.000


           ALPHA
              COGCOM        DEMAGE        DEMMAL        CANFLF
              ________      ________      ________      ________
      1         0.028         0.000         0.000         0.000


           BETA
              COGCOM        DEMAGE        DEMMAL        CANFLF
              ________      ________      ________      ________
 COGCOM         0.000         0.000         0.000         0.000
 DEMAGE         0.000         0.000         0.000         0.000
 DEMMAL         0.000         0.000         0.000         0.000
 CANFLF         0.000         0.000         0.000         0.000


           PSI
              COGCOM        DEMAGE        DEMMAL        CANFLF
              ________      ________      ________      ________
 COGCOM         0.180
 DEMAGE         0.000         3.996
 DEMMAL         0.000         0.000         0.118
 CANFLF         0.000         0.000         0.000       215.499


     Beginning Time:  14:18:54
        Ending Time:  14:18:54
       Elapsed Time:  00:00:00



MUTHEN & MUTHEN
3463 Stoner Ave.
Los Angeles, CA  90066

Tel: (310) 391-9971
Fax: (310) 391-8971
Web: www.StatModel.com
Support: Support@StatModel.com

Copyright (c) 1998-2015 Muthen & Muthen
