Mplus VERSION 7.4 (Mac)
MUTHEN & MUTHEN
07/30/2019   2:18 PM

INPUT INSTRUCTIONS


  TITLE: CANFLF_CVLALC_1;

  DATA:
  	FILE = GD190618.csv;

  VARIABLE:
  	NAMES =
  			ID_Fam   Wave     ID_MPL
  			DEMMAL   DEMAGE   DEMHSP   DEMRAC
  			SRPWCR
  			WASVCB   WASBLK   WASDGT   WSISUM
  			TRLATS   TRLBTS
  			CVLASF   CVLASC   CVLALF   CVLALC
  			WASCOM   COGCOM   CVLCOM
  			CANEVR   CANONS   CANFLF
  			CANFTY   CANF6M   CANAC6
  			CANYRS
  			ALCEVR   ALCONS   ALCFLF
  			ALCFTY   ALCF6M   ALCAC6
  			ALCYRS
  			SRPWCRDt WASVCBDt WASBLKDt
  			WASDGTDt WSISUMDt TRLATSDt
  			TRLBTSDt CVLASFDt CVLASCDt
  			CVLALFDt CVLALCDt WASCOMDt
  			COGCOMDt CVLCOMDt
  			COGPGS
  			PC1 PC2 PC3 PC4 PC5 PC6
  		;
  	USEVARIABLES =
  		! outcome
    			CVLALC
    		! covariates
    			DEMAGE
    			DEMMAL  		
    		! predictor
    			CANFLF
    		;
    	USEOBSERVATION =
    			(Wave EQ 1 AND CVLALCDt EQ 1)
    		;
    	CLUSTER =
    			ID_Fam
    		;
    	MISSING = .;

  DEFINE:
  	CENTER	CANFLF
  			DEMMAL
  			DEMAGE (GRANDMEAN);

  ANALYSIS:
          ITERATIONS = 1000000;
          TYPE = COMPLEX;

  OUTPUT:
  	SAMPSTAT STDYX TECH1 CINT;

  MODEL:
  	CVLALC on CANFLF;
  	CVLALC on  DEMMAL DEMAGE;	
  	CVLALC*;
  	CANFLF WITH DEMMAL*;
  	CANFLF WITH DEMAGE*;



*** WARNING in VARIABLE command
  When a subpopulation is analyzed with TYPE=COMPLEX, standard errors
  may be incorrect.  Use the SUBPOPULATION option instead of the
  USEOBSERVATIONS option to obtain correct standard errors.
*** WARNING
  Data set contains cases with missing on all variables.
  These cases were not included in the analysis.
  Number of cases with missing on all variables:  1
   2 WARNING(S) FOUND IN THE INPUT INSTRUCTIONS



CANFLF_CVLALC_1;

SUMMARY OF ANALYSIS

Number of groups                                                 1
Number of observations                                         489

Number of dependent variables                                    1
Number of independent variables                                  3
Number of continuous latent variables                            0

Observed dependent variables

  Continuous
   CVLALC

Observed independent variables
   DEMAGE      DEMMAL      CANFLF

Variables with special functions

  Cluster variable      ID_FAM

  Centering (GRANDMEAN)
   CANFLF      DEMMAL      DEMAGE


Estimator                                                      MLR
Information matrix                                        OBSERVED
Maximum number of iterations                               1000000
Convergence criterion                                    0.500D-04
Maximum number of steepest descent iterations                   20
Maximum number of iterations for H1                           2000
Convergence criterion for H1                             0.100D-03

Input data file(s)
  GD190618.csv

Input data format  FREE


SUMMARY OF DATA

     Number of missing data patterns             4
     Number of clusters         244



COVARIANCE COVERAGE OF DATA

Minimum covariance coverage value   0.100


     PROPORTION OF DATA PRESENT


           Covariance Coverage
              CVLALC        DEMAGE        DEMMAL        CANFLF
              ________      ________      ________      ________
 CVLALC         0.998
 DEMAGE         0.996         0.998
 DEMMAL         0.998         0.998         1.000
 CANFLF         0.900         0.898         0.900         0.900


SAMPLE STATISTICS


     ESTIMATED SAMPLE STATISTICS


           Means
              CVLALC        DEMAGE        DEMMAL        CANFLF
              ________      ________      ________      ________
      1        -0.295         0.000         0.000        -0.022


           Covariances
              CVLALC        DEMAGE        DEMMAL        CANFLF
              ________      ________      ________      ________
 CVLALC         0.972
 DEMAGE        -0.034         6.010
 DEMMAL        -0.080        -0.131         0.247
 CANFLF        -3.501        -8.960         3.287       684.943


           Correlations
              CVLALC        DEMAGE        DEMMAL        CANFLF
              ________      ________      ________      ________
 CVLALC         1.000
 DEMAGE        -0.014         1.000
 DEMMAL        -0.163        -0.108         1.000
 CANFLF        -0.136        -0.140         0.253         1.000


     MAXIMUM LOG-LIKELIHOOD VALUE FOR THE UNRESTRICTED (H1) MODEL IS -4198.862


UNIVARIATE SAMPLE STATISTICS


     UNIVARIATE HIGHER-ORDER MOMENT DESCRIPTIVE STATISTICS

         Variable/         Mean/     Skewness/   Minimum/ % with                Percentiles
        Sample Size      Variance    Kurtosis    Maximum  Min/Max      20%/60%    40%/80%    Median

     CVLALC               -0.295      -1.220      -5.000    0.82%      -1.000     -0.500     -0.500
             488.000       0.972       3.724       1.500    2.87%       0.000      0.500
     DEMAGE                0.000       1.646      -3.804    0.20%      -1.924     -0.974     -0.534
             488.000       6.010       4.211      15.296    0.20%      -0.094      1.316
     DEMMAL                0.000      -0.218      -0.554   44.58%      -0.554     -0.554      0.446
             489.000       0.247      -1.952       0.446   55.42%       0.446      0.446
     CANFLF                0.000      -0.549     -38.920   14.32%     -37.420     -8.920     21.080
             440.000     684.971      -1.549      21.080   58.64%      21.080     21.080


THE MODEL ESTIMATION TERMINATED NORMALLY

     THE STANDARD ERRORS OF THE MODEL PARAMETER ESTIMATES MAY NOT BE
     TRUSTWORTHY FOR SOME PARAMETERS DUE TO A NON-POSITIVE DEFINITE
     FIRST-ORDER DERIVATIVE PRODUCT MATRIX.  THIS MAY BE DUE TO THE STARTING
     VALUES BUT MAY ALSO BE AN INDICATION OF MODEL NONIDENTIFICATION.  THE
     CONDITION NUMBER IS       0.726D-16.  PROBLEM INVOLVING THE FOLLOWING PARAMETER:
     Parameter 14, CANFLF




MODEL FIT INFORMATION

Number of Free Parameters                       14

Loglikelihood

          H0 Value                       -4198.862
          H0 Scaling Correction Factor      1.2694
            for MLR
          H1 Value                       -4198.862
          H1 Scaling Correction Factor      1.2694
            for MLR

Information Criteria

          Akaike (AIC)                    8425.723
          Bayesian (BIC)                  8484.417
          Sample-Size Adjusted BIC        8439.981
            (n* = (n + 2) / 24)

Chi-Square Test of Model Fit

          Value                              0.000*
          Degrees of Freedom                     0
          P-Value                           0.0000
          Scaling Correction Factor         1.0000
            for MLR

*   The chi-square value for MLM, MLMV, MLR, ULSMV, WLSM and WLSMV cannot be used
    for chi-square difference testing in the regular way.  MLM, MLR and WLSM
    chi-square difference testing is described on the Mplus website.  MLMV, WLSMV,
    and ULSMV difference testing is done using the DIFFTEST option.

RMSEA (Root Mean Square Error Of Approximation)

          Estimate                           0.000
          90 Percent C.I.                    0.000  0.000
          Probability RMSEA <= .05           0.000

CFI/TLI

          CFI                                1.000
          TLI                                1.000

Chi-Square Test of Model Fit for the Baseline Model

          Value                             20.752
          Degrees of Freedom                     3
          P-Value                           0.0001

SRMR (Standardized Root Mean Square Residual)

          Value                              0.000



MODEL RESULTS

                                                    Two-Tailed
                    Estimate       S.E.  Est./S.E.    P-Value

 CVLALC   ON
    CANFLF            -0.004      0.002     -2.271      0.023
    DEMMAL            -0.279      0.087     -3.210      0.001
    DEMAGE            -0.018      0.018     -0.977      0.329

 CANFLF   WITH
    DEMMAL             3.287      0.631      5.212      0.000
    DEMAGE            -8.960      3.433     -2.610      0.009

 DEMMAL   WITH
    DEMAGE            -0.131      0.058     -2.269      0.023

 Means
    DEMAGE             0.000      0.109      0.000      1.000
    DEMMAL             0.000      0.025      0.000      1.000
    CANFLF            -0.022      1.359     -0.016      0.987

 Intercepts
    CVLALC            -0.295      0.047     -6.275      0.000

 Variances
    DEMAGE             6.010      0.656      9.165      0.000
    DEMMAL             0.247      0.003     90.804      0.000
    CANFLF           684.943     23.566     29.065      0.000

 Residual Variances
    CVLALC             0.935      0.118      7.956      0.000


STANDARDIZED MODEL RESULTS


STDYX Standardization

                                                    Two-Tailed
                    Estimate       S.E.  Est./S.E.    P-Value

 CVLALC   ON
    CANFLF            -0.106      0.044     -2.394      0.017
    DEMMAL            -0.141      0.043     -3.251      0.001
    DEMAGE            -0.044      0.045     -0.981      0.327

 CANFLF   WITH
    DEMMAL             0.253      0.048      5.293      0.000
    DEMAGE            -0.140      0.051     -2.749      0.006

 DEMMAL   WITH
    DEMAGE            -0.108      0.046     -2.343      0.019

 Means
    DEMAGE             0.000      0.044      0.000      1.000
    DEMMAL             0.000      0.051      0.000      1.000
    CANFLF            -0.001      0.052     -0.017      0.987

 Intercepts
    CVLALC            -0.299      0.041     -7.355      0.000

 Variances
    DEMAGE             1.000      0.000    999.000    999.000
    DEMMAL             1.000      0.000    999.000    999.000
    CANFLF             1.000      0.000    999.000    999.000

 Residual Variances
    CVLALC             0.962      0.016     61.299      0.000


R-SQUARE

    Observed                                        Two-Tailed
    Variable        Estimate       S.E.  Est./S.E.    P-Value

    CVLALC             0.038      0.016      2.417      0.016


QUALITY OF NUMERICAL RESULTS

     Condition Number for the Information Matrix              0.199E-05
       (ratio of smallest to largest eigenvalue)


CONFIDENCE INTERVALS OF MODEL RESULTS

                  Lower .5%  Lower 2.5%    Lower 5%    Estimate    Upper 5%  Upper 2.5%   Upper .5%

 CVLALC   ON
    CANFLF          -0.009      -0.007      -0.007      -0.004      -0.001      -0.001       0.001
    DEMMAL          -0.503      -0.450      -0.422      -0.279      -0.136      -0.109      -0.055
    DEMAGE          -0.064      -0.053      -0.047      -0.018       0.012       0.018       0.029

 CANFLF   WITH
    DEMMAL           1.662       2.051       2.249       3.287       4.324       4.523       4.911
    DEMAGE         -17.804     -15.689     -14.608      -8.960      -3.313      -2.231      -0.117

 DEMMAL   WITH
    DEMAGE          -0.280      -0.245      -0.227      -0.131      -0.036      -0.018       0.018

 Means
    DEMAGE          -0.281      -0.214      -0.179       0.000       0.179       0.214       0.281
    DEMMAL          -0.065      -0.049      -0.041       0.000       0.041       0.049       0.065
    CANFLF          -3.522      -2.685      -2.257      -0.022       2.212       2.640       3.477

 Intercepts
    CVLALC          -0.416      -0.387      -0.373      -0.295      -0.218      -0.203      -0.174

 Variances
    DEMAGE           4.321       4.725       4.931       6.010       7.088       7.295       7.699
    DEMMAL           0.240       0.242       0.243       0.247       0.252       0.252       0.254
    CANFLF         624.243     638.755     646.178     684.943     723.709     731.132     745.644

 Residual Variances
    CVLALC           0.633       0.705       0.742       0.935       1.129       1.166       1.238


CONFIDENCE INTERVALS OF STANDARDIZED MODEL RESULTS


STDYX Standardization

                  Lower .5%  Lower 2.5%    Lower 5%    Estimate    Upper 5%  Upper 2.5%   Upper .5%

 CVLALC   ON
    CANFLF          -0.221      -0.193      -0.179      -0.106      -0.033      -0.019       0.008
    DEMMAL          -0.252      -0.226      -0.212      -0.141      -0.070      -0.056      -0.029
    DEMAGE          -0.159      -0.132      -0.118      -0.044       0.030       0.044       0.071

 CANFLF   WITH
    DEMMAL           0.130       0.159       0.174       0.253       0.331       0.346       0.376
    DEMAGE          -0.271      -0.239      -0.223      -0.140      -0.056      -0.040      -0.009

 DEMMAL   WITH
    DEMAGE          -0.226      -0.198      -0.183      -0.108      -0.032      -0.018       0.011

 Means
    DEMAGE          -0.115      -0.087      -0.073       0.000       0.073       0.087       0.115
    DEMMAL          -0.130      -0.099      -0.083       0.000       0.083       0.099       0.130
    CANFLF          -0.135      -0.103      -0.086      -0.001       0.085       0.101       0.133

 Intercepts
    CVLALC          -0.404      -0.379      -0.366      -0.299      -0.232      -0.220      -0.195

 Variances
    DEMAGE           1.000       1.000       1.000       1.000       1.000       1.000       1.000
    DEMMAL           1.000       1.000       1.000       1.000       1.000       1.000       1.000
    CANFLF           1.000       1.000       1.000       1.000       1.000       1.000       1.000

 Residual Variances
    CVLALC           0.922       0.931       0.936       0.962       0.988       0.993       1.002


TECHNICAL 1 OUTPUT


     PARAMETER SPECIFICATION


           NU
              CVLALC        DEMAGE        DEMMAL        CANFLF
              ________      ________      ________      ________
      1           0             0             0             0


           LAMBDA
              CVLALC        DEMAGE        DEMMAL        CANFLF
              ________      ________      ________      ________
 CVLALC             0             0             0             0
 DEMAGE             0             0             0             0
 DEMMAL             0             0             0             0
 CANFLF             0             0             0             0


           THETA
              CVLALC        DEMAGE        DEMMAL        CANFLF
              ________      ________      ________      ________
 CVLALC             0
 DEMAGE             0             0
 DEMMAL             0             0             0
 CANFLF             0             0             0             0


           ALPHA
              CVLALC        DEMAGE        DEMMAL        CANFLF
              ________      ________      ________      ________
      1           1             2             3             4


           BETA
              CVLALC        DEMAGE        DEMMAL        CANFLF
              ________      ________      ________      ________
 CVLALC             0             5             6             7
 DEMAGE             0             0             0             0
 DEMMAL             0             0             0             0
 CANFLF             0             0             0             0


           PSI
              CVLALC        DEMAGE        DEMMAL        CANFLF
              ________      ________      ________      ________
 CVLALC             8
 DEMAGE             0             9
 DEMMAL             0            10            11
 CANFLF             0            12            13            14


     STARTING VALUES


           NU
              CVLALC        DEMAGE        DEMMAL        CANFLF
              ________      ________      ________      ________
      1         0.000         0.000         0.000         0.000


           LAMBDA
              CVLALC        DEMAGE        DEMMAL        CANFLF
              ________      ________      ________      ________
 CVLALC         1.000         0.000         0.000         0.000
 DEMAGE         0.000         1.000         0.000         0.000
 DEMMAL         0.000         0.000         1.000         0.000
 CANFLF         0.000         0.000         0.000         1.000


           THETA
              CVLALC        DEMAGE        DEMMAL        CANFLF
              ________      ________      ________      ________
 CVLALC         0.000
 DEMAGE         0.000         0.000
 DEMMAL         0.000         0.000         0.000
 CANFLF         0.000         0.000         0.000         0.000


           ALPHA
              CVLALC        DEMAGE        DEMMAL        CANFLF
              ________      ________      ________      ________
      1        -0.295         0.000         0.000         0.000


           BETA
              CVLALC        DEMAGE        DEMMAL        CANFLF
              ________      ________      ________      ________
 CVLALC         0.000         0.000         0.000         0.000
 DEMAGE         0.000         0.000         0.000         0.000
 DEMMAL         0.000         0.000         0.000         0.000
 CANFLF         0.000         0.000         0.000         0.000


           PSI
              CVLALC        DEMAGE        DEMMAL        CANFLF
              ________      ________      ________      ________
 CVLALC         0.486
 DEMAGE         0.000         3.005
 DEMMAL         0.000         0.000         0.124
 CANFLF         0.000         0.000         0.000       342.485


     Beginning Time:  14:18:55
        Ending Time:  14:18:55
       Elapsed Time:  00:00:00



MUTHEN & MUTHEN
3463 Stoner Ave.
Los Angeles, CA  90066

Tel: (310) 391-9971
Fax: (310) 391-8971
Web: www.StatModel.com
Support: Support@StatModel.com

Copyright (c) 1998-2015 Muthen & Muthen
