Mplus VERSION 7.4 (Mac)
MUTHEN & MUTHEN
07/30/2019   2:18 PM

INPUT INSTRUCTIONS


  TITLE: CANF6M_TRLATS_2;

  DATA:
  	FILE = GD190618.csv;

  VARIABLE:
  	NAMES =
  			ID_Fam   Wave     ID_MPL
  			DEMMAL   DEMAGE   DEMHSP   DEMRAC
  			SRPWCR
  			WASVCB   WASBLK   WASDGT   WSISUM
  			TRLATS   TRLBTS
  			CVLASF   CVLASC   CVLALF   CVLALC
  			WASCOM   COGCOM   CVLCOM
  			CANEVR   CANONS   CANFLF
  			CANFTY   CANF6M   CANAC6
  			CANYRS
  			ALCEVR   ALCONS   ALCFLF
  			ALCFTY   ALCF6M   ALCAC6
  			ALCYRS
  			SRPWCRDt WASVCBDt WASBLKDt
  			WASDGTDt WSISUMDt TRLATSDt
  			TRLBTSDt CVLASFDt CVLASCDt
  			CVLALFDt CVLALCDt WASCOMDt
  			COGCOMDt CVLCOMDt
  			COGPGS
  			PC1 PC2 PC3 PC4 PC5 PC6
  		;
  	USEVARIABLES =
  		! outcome
    			TRLATS
    		! covariates
    			DEMAGE
    			DEMMAL  		
    		! predictor
    			CANF6M
    		;
    	USEOBSERVATION =
    			(Wave EQ 2 AND TRLATSDt EQ 1)
    		;
    	CLUSTER =
    			ID_Fam
    		;
    	MISSING = .;

  DEFINE:
  	CENTER	CANF6M
  			DEMMAL
  			DEMAGE (GRANDMEAN);

  ANALYSIS:
          ITERATIONS = 1000000;
          TYPE = COMPLEX;

  OUTPUT:
  	SAMPSTAT STDYX TECH1 CINT;

  MODEL:
  	TRLATS on CANF6M;
  	TRLATS on  DEMMAL DEMAGE;	
  	TRLATS*;
  	CANF6M WITH DEMMAL*;
  	CANF6M WITH DEMAGE*;



*** WARNING in VARIABLE command
  When a subpopulation is analyzed with TYPE=COMPLEX, standard errors
  may be incorrect.  Use the SUBPOPULATION option instead of the
  USEOBSERVATIONS option to obtain correct standard errors.
   1 WARNING(S) FOUND IN THE INPUT INSTRUCTIONS



CANF6M_TRLATS_2;

SUMMARY OF ANALYSIS

Number of groups                                                 1
Number of observations                                         893

Number of dependent variables                                    1
Number of independent variables                                  3
Number of continuous latent variables                            0

Observed dependent variables

  Continuous
   TRLATS

Observed independent variables
   DEMAGE      DEMMAL      CANF6M

Variables with special functions

  Cluster variable      ID_FAM

  Centering (GRANDMEAN)
   CANF6M      DEMMAL      DEMAGE


Estimator                                                      MLR
Information matrix                                        OBSERVED
Maximum number of iterations                               1000000
Convergence criterion                                    0.500D-04
Maximum number of steepest descent iterations                   20
Maximum number of iterations for H1                           2000
Convergence criterion for H1                             0.100D-03

Input data file(s)
  GD190618.csv

Input data format  FREE


SUMMARY OF DATA

     Number of missing data patterns             3
     Number of clusters         477



COVARIANCE COVERAGE OF DATA

Minimum covariance coverage value   0.100


     PROPORTION OF DATA PRESENT


           Covariance Coverage
              TRLATS        DEMAGE        DEMMAL        CANF6M
              ________      ________      ________      ________
 TRLATS         0.904
 DEMAGE         0.904         0.999
 DEMMAL         0.904         0.999         0.999
 CANF6M         0.904         0.999         0.999         1.000


SAMPLE STATISTICS


     ESTIMATED SAMPLE STATISTICS


           Means
              TRLATS        DEMAGE        DEMMAL        CANF6M
              ________      ________      ________      ________
      1        51.072         0.000         0.000         0.000


           Covariances
              TRLATS        DEMAGE        DEMMAL        CANF6M
              ________      ________      ________      ________
 TRLATS       133.061
 DEMAGE        -0.166         8.708
 DEMMAL        -0.204        -0.153         0.236
 CANF6M         3.848        -4.691         1.208       138.419


           Correlations
              TRLATS        DEMAGE        DEMMAL        CANF6M
              ________      ________      ________      ________
 TRLATS         1.000
 DEMAGE        -0.005         1.000
 DEMMAL        -0.036        -0.106         1.000
 CANF6M         0.028        -0.135         0.211         1.000


     MAXIMUM LOG-LIKELIHOOD VALUE FOR THE UNRESTRICTED (H1) MODEL IS -9407.845


UNIVARIATE SAMPLE STATISTICS


     UNIVARIATE HIGHER-ORDER MOMENT DESCRIPTIVE STATISTICS

         Variable/         Mean/     Skewness/   Minimum/ % with                Percentiles
        Sample Size      Variance    Kurtosis    Maximum  Min/Max      20%/60%    40%/80%    Median

     TRLATS               51.073      -0.023       2.000    0.12%      42.000     49.000     51.000
             807.000     133.062       0.286      84.000    0.12%      53.000     60.000
     DEMAGE                0.000       0.947      -5.467    0.11%      -2.467     -1.067     -0.427
             892.000       8.708       1.589      15.703    0.11%       0.313      2.243
     DEMMAL                0.000      -0.480      -0.617   38.34%      -0.617      0.383      0.383
             892.000       0.236      -1.770       0.383   61.66%       0.383      0.383
     CANF6M                0.000       1.066      -8.020   47.03%      -8.020     -8.020     -7.690
             893.000     138.419      -0.633      21.980   13.77%      -6.350     16.980


THE MODEL ESTIMATION TERMINATED NORMALLY



MODEL FIT INFORMATION

Number of Free Parameters                       14

Loglikelihood

          H0 Value                       -9407.845
          H0 Scaling Correction Factor      1.0476
            for MLR
          H1 Value                       -9407.845
          H1 Scaling Correction Factor      1.0476
            for MLR

Information Criteria

          Akaike (AIC)                   18843.691
          Bayesian (BIC)                 18910.815
          Sample-Size Adjusted BIC       18866.353
            (n* = (n + 2) / 24)

Chi-Square Test of Model Fit

          Value                              0.000*
          Degrees of Freedom                     0
          P-Value                           0.0000
          Scaling Correction Factor         1.0000
            for MLR

*   The chi-square value for MLM, MLMV, MLR, ULSMV, WLSM and WLSMV cannot be used
    for chi-square difference testing in the regular way.  MLM, MLR and WLSM
    chi-square difference testing is described on the Mplus website.  MLMV, WLSMV,
    and ULSMV difference testing is done using the DIFFTEST option.

RMSEA (Root Mean Square Error Of Approximation)

          Estimate                           0.000
          90 Percent C.I.                    0.000  0.000
          Probability RMSEA <= .05           0.000

CFI/TLI

          CFI                                0.000
          TLI                                1.000

Chi-Square Test of Model Fit for the Baseline Model

          Value                              2.066
          Degrees of Freedom                     3
          P-Value                           0.5588

SRMR (Standardized Root Mean Square Residual)

          Value                              0.000



MODEL RESULTS

                                                    Two-Tailed
                    Estimate       S.E.  Est./S.E.    P-Value

 TRLATS   ON
    CANF6M             0.036      0.036      1.015      0.310
    DEMMAL            -1.063      0.902     -1.178      0.239
    DEMAGE            -0.018      0.142     -0.127      0.899

 CANF6M   WITH
    DEMMAL             1.208      0.180      6.704      0.000
    DEMAGE            -4.691      1.106     -4.241      0.000

 DEMMAL   WITH
    DEMAGE            -0.152      0.051     -2.972      0.003

 Means
    DEMAGE             0.000      0.108      0.003      0.998
    DEMMAL             0.000      0.017     -0.005      0.996
    CANF6M             0.000      0.427      0.000      1.000

 Intercepts
    TRLATS            51.072      0.433    117.837      0.000

 Variances
    DEMAGE             8.708      0.549     15.857      0.000
    DEMMAL             0.236      0.004     58.690      0.000
    CANF6M           138.420      5.743     24.102      0.000

 Residual Variances
    TRLATS           132.699      6.990     18.985      0.000


STANDARDIZED MODEL RESULTS


STDYX Standardization

                                                    Two-Tailed
                    Estimate       S.E.  Est./S.E.    P-Value

 TRLATS   ON
    CANF6M             0.037      0.036      1.023      0.306
    DEMMAL            -0.045      0.038     -1.182      0.237
    DEMAGE            -0.005      0.036     -0.127      0.899

 CANF6M   WITH
    DEMMAL             0.211      0.031      6.887      0.000
    DEMAGE            -0.135      0.031     -4.379      0.000

 DEMMAL   WITH
    DEMAGE            -0.106      0.035     -3.011      0.003

 Means
    DEMAGE             0.000      0.037      0.003      0.998
    DEMMAL             0.000      0.036     -0.005      0.996
    CANF6M             0.000      0.036      0.000      1.000

 Intercepts
    TRLATS             4.428      0.122     36.300      0.000

 Variances
    DEMAGE             1.000      0.000    999.000    999.000
    DEMMAL             1.000      0.000    999.000    999.000
    CANF6M             1.000      0.000    999.000    999.000

 Residual Variances
    TRLATS             0.997      0.004    259.814      0.000


R-SQUARE

    Observed                                        Two-Tailed
    Variable        Estimate       S.E.  Est./S.E.    P-Value

    TRLATS             0.003      0.004      0.706      0.480


QUALITY OF NUMERICAL RESULTS

     Condition Number for the Information Matrix              0.152E-03
       (ratio of smallest to largest eigenvalue)


CONFIDENCE INTERVALS OF MODEL RESULTS

                  Lower .5%  Lower 2.5%    Lower 5%    Estimate    Upper 5%  Upper 2.5%   Upper .5%

 TRLATS   ON
    CANF6M          -0.056      -0.034      -0.023       0.036       0.096       0.107       0.129
    DEMMAL          -3.386      -2.831      -2.546      -1.063       0.421       0.705       1.261
    DEMAGE          -0.384      -0.297      -0.252      -0.018       0.216       0.261       0.348

 CANF6M   WITH
    DEMMAL           0.744       0.855       0.912       1.208       1.505       1.561       1.672
    DEMAGE          -7.540      -6.859      -6.510      -4.691      -2.872      -2.523      -1.842

 DEMMAL   WITH
    DEMAGE          -0.285      -0.253      -0.237      -0.152      -0.068      -0.052      -0.020

 Means
    DEMAGE          -0.279      -0.212      -0.178       0.000       0.179       0.213       0.280
    DEMMAL          -0.045      -0.034      -0.028       0.000       0.028       0.034       0.044
    CANF6M          -1.099      -0.836      -0.702       0.000       0.702       0.836       1.099

 Intercepts
    TRLATS          49.956      50.223      50.359      51.072      51.785      51.922      52.189

 Variances
    DEMAGE           7.293       7.631       7.804       8.708       9.611       9.784      10.122
    DEMMAL           0.226       0.229       0.230       0.236       0.243       0.244       0.247
    CANF6M         123.627     127.164     128.973     138.420     147.868     149.677     153.213

 Residual Variances
    TRLATS         114.695     118.999     121.201     132.699     144.197     146.399     150.703


CONFIDENCE INTERVALS OF STANDARDIZED MODEL RESULTS


STDYX Standardization

                  Lower .5%  Lower 2.5%    Lower 5%    Estimate    Upper 5%  Upper 2.5%   Upper .5%

 TRLATS   ON
    CANF6M          -0.056      -0.034      -0.023       0.037       0.097       0.108       0.131
    DEMMAL          -0.142      -0.119      -0.107      -0.045       0.018       0.029       0.053
    DEMAGE          -0.098      -0.076      -0.064      -0.005       0.055       0.067       0.089

 CANF6M   WITH
    DEMMAL           0.132       0.151       0.161       0.211       0.262       0.271       0.290
    DEMAGE          -0.215      -0.196      -0.186      -0.135      -0.084      -0.075      -0.056

 DEMMAL   WITH
    DEMAGE          -0.197      -0.175      -0.164      -0.106      -0.048      -0.037      -0.015

 Means
    DEMAGE          -0.095      -0.072      -0.060       0.000       0.061       0.072       0.095
    DEMMAL          -0.092      -0.070      -0.059       0.000       0.058       0.069       0.091
    CANF6M          -0.093      -0.071      -0.060       0.000       0.060       0.071       0.093

 Intercepts
    TRLATS           4.113       4.188       4.227       4.428       4.628       4.667       4.742

 Variances
    DEMAGE           1.000       1.000       1.000       1.000       1.000       1.000       1.000
    DEMMAL           1.000       1.000       1.000       1.000       1.000       1.000       1.000
    CANF6M           1.000       1.000       1.000       1.000       1.000       1.000       1.000

 Residual Variances
    TRLATS           0.987       0.990       0.991       0.997       1.004       1.005       1.007


TECHNICAL 1 OUTPUT


     PARAMETER SPECIFICATION


           NU
              TRLATS        DEMAGE        DEMMAL        CANF6M
              ________      ________      ________      ________
      1           0             0             0             0


           LAMBDA
              TRLATS        DEMAGE        DEMMAL        CANF6M
              ________      ________      ________      ________
 TRLATS             0             0             0             0
 DEMAGE             0             0             0             0
 DEMMAL             0             0             0             0
 CANF6M             0             0             0             0


           THETA
              TRLATS        DEMAGE        DEMMAL        CANF6M
              ________      ________      ________      ________
 TRLATS             0
 DEMAGE             0             0
 DEMMAL             0             0             0
 CANF6M             0             0             0             0


           ALPHA
              TRLATS        DEMAGE        DEMMAL        CANF6M
              ________      ________      ________      ________
      1           1             2             3             4


           BETA
              TRLATS        DEMAGE        DEMMAL        CANF6M
              ________      ________      ________      ________
 TRLATS             0             5             6             7
 DEMAGE             0             0             0             0
 DEMMAL             0             0             0             0
 CANF6M             0             0             0             0


           PSI
              TRLATS        DEMAGE        DEMMAL        CANF6M
              ________      ________      ________      ________
 TRLATS             8
 DEMAGE             0             9
 DEMMAL             0            10            11
 CANF6M             0            12            13            14


     STARTING VALUES


           NU
              TRLATS        DEMAGE        DEMMAL        CANF6M
              ________      ________      ________      ________
      1         0.000         0.000         0.000         0.000


           LAMBDA
              TRLATS        DEMAGE        DEMMAL        CANF6M
              ________      ________      ________      ________
 TRLATS         1.000         0.000         0.000         0.000
 DEMAGE         0.000         1.000         0.000         0.000
 DEMMAL         0.000         0.000         1.000         0.000
 CANF6M         0.000         0.000         0.000         1.000


           THETA
              TRLATS        DEMAGE        DEMMAL        CANF6M
              ________      ________      ________      ________
 TRLATS         0.000
 DEMAGE         0.000         0.000
 DEMMAL         0.000         0.000         0.000
 CANF6M         0.000         0.000         0.000         0.000


           ALPHA
              TRLATS        DEMAGE        DEMMAL        CANF6M
              ________      ________      ________      ________
      1        51.073         0.000         0.000         0.000


           BETA
              TRLATS        DEMAGE        DEMMAL        CANF6M
              ________      ________      ________      ________
 TRLATS         0.000         0.000         0.000         0.000
 DEMAGE         0.000         0.000         0.000         0.000
 DEMMAL         0.000         0.000         0.000         0.000
 CANF6M         0.000         0.000         0.000         0.000


           PSI
              TRLATS        DEMAGE        DEMMAL        CANF6M
              ________      ________      ________      ________
 TRLATS        66.531
 DEMAGE         0.000         4.354
 DEMMAL         0.000         0.000         0.118
 CANF6M         0.000         0.000         0.000        69.209


     Beginning Time:  14:18:45
        Ending Time:  14:18:45
       Elapsed Time:  00:00:00



MUTHEN & MUTHEN
3463 Stoner Ave.
Los Angeles, CA  90066

Tel: (310) 391-9971
Fax: (310) 391-8971
Web: www.StatModel.com
Support: Support@StatModel.com

Copyright (c) 1998-2015 Muthen & Muthen
