Mplus VERSION 7.4 (Mac)
MUTHEN & MUTHEN
07/30/2019   2:18 PM

INPUT INSTRUCTIONS


  TITLE: CANF6M_TRLBTS_1;

  DATA:
  	FILE = GD190618.csv;

  VARIABLE:
  	NAMES =
  			ID_Fam   Wave     ID_MPL
  			DEMMAL   DEMAGE   DEMHSP   DEMRAC
  			SRPWCR
  			WASVCB   WASBLK   WASDGT   WSISUM
  			TRLATS   TRLBTS
  			CVLASF   CVLASC   CVLALF   CVLALC
  			WASCOM   COGCOM   CVLCOM
  			CANEVR   CANONS   CANFLF
  			CANFTY   CANF6M   CANAC6
  			CANYRS
  			ALCEVR   ALCONS   ALCFLF
  			ALCFTY   ALCF6M   ALCAC6
  			ALCYRS
  			SRPWCRDt WASVCBDt WASBLKDt
  			WASDGTDt WSISUMDt TRLATSDt
  			TRLBTSDt CVLASFDt CVLASCDt
  			CVLALFDt CVLALCDt WASCOMDt
  			COGCOMDt CVLCOMDt
  			COGPGS
  			PC1 PC2 PC3 PC4 PC5 PC6
  		;
  	USEVARIABLES =
  		! outcome
    			TRLBTS
    		! covariates
    			DEMAGE
    			DEMMAL  		
    		! predictor
    			CANF6M
    		;
    	USEOBSERVATION =
    			(Wave EQ 1 AND TRLBTSDt EQ 1)
    		;
    	CLUSTER =
    			ID_Fam
    		;
    	MISSING = .;

  DEFINE:
  	CENTER	CANF6M
  			DEMMAL
  			DEMAGE (GRANDMEAN);

  ANALYSIS:
          ITERATIONS = 1000000;
          TYPE = COMPLEX;

  OUTPUT:
  	SAMPSTAT STDYX TECH1 CINT;

  MODEL:
  	TRLBTS on CANF6M;
  	TRLBTS on  DEMMAL DEMAGE;	
  	TRLBTS*;
  	CANF6M WITH DEMMAL*;
  	CANF6M WITH DEMAGE*;



*** WARNING in VARIABLE command
  When a subpopulation is analyzed with TYPE=COMPLEX, standard errors
  may be incorrect.  Use the SUBPOPULATION option instead of the
  USEOBSERVATIONS option to obtain correct standard errors.
*** WARNING
  Data set contains cases with missing on all variables.
  These cases were not included in the analysis.
  Number of cases with missing on all variables:  1
   2 WARNING(S) FOUND IN THE INPUT INSTRUCTIONS



CANF6M_TRLBTS_1;

SUMMARY OF ANALYSIS

Number of groups                                                 1
Number of observations                                        1193

Number of dependent variables                                    1
Number of independent variables                                  3
Number of continuous latent variables                            0

Observed dependent variables

  Continuous
   TRLBTS

Observed independent variables
   DEMAGE      DEMMAL      CANF6M

Variables with special functions

  Cluster variable      ID_FAM

  Centering (GRANDMEAN)
   CANF6M      DEMMAL      DEMAGE


Estimator                                                      MLR
Information matrix                                        OBSERVED
Maximum number of iterations                               1000000
Convergence criterion                                    0.500D-04
Maximum number of steepest descent iterations                   20
Maximum number of iterations for H1                           2000
Convergence criterion for H1                             0.100D-03

Input data file(s)
  GD190618.csv

Input data format  FREE


SUMMARY OF DATA

     Number of missing data patterns             4
     Number of clusters         597



COVARIANCE COVERAGE OF DATA

Minimum covariance coverage value   0.100


     PROPORTION OF DATA PRESENT


           Covariance Coverage
              TRLBTS        DEMAGE        DEMMAL        CANF6M
              ________      ________      ________      ________
 TRLBTS         0.889
 DEMAGE         0.888         0.999
 DEMMAL         0.889         0.999         1.000
 CANF6M         0.884         0.995         0.996         0.996


SAMPLE STATISTICS


     ESTIMATED SAMPLE STATISTICS


           Means
              TRLBTS        DEMAGE        DEMMAL        CANF6M
              ________      ________      ________      ________
      1        50.999         0.001         0.000         0.010


           Covariances
              TRLBTS        DEMAGE        DEMMAL        CANF6M
              ________      ________      ________      ________
 TRLBTS       115.374
 DEMAGE        -3.091         6.625
 DEMMAL         0.046        -0.170         0.231
 CANF6M         4.547        -4.518         1.174       115.605


           Correlations
              TRLBTS        DEMAGE        DEMMAL        CANF6M
              ________      ________      ________      ________
 TRLBTS         1.000
 DEMAGE        -0.112         1.000
 DEMMAL         0.009        -0.137         1.000
 CANF6M         0.039        -0.163         0.227         1.000


     MAXIMUM LOG-LIKELIHOOD VALUE FOR THE UNRESTRICTED (H1) MODEL IS -12104.563


UNIVARIATE SAMPLE STATISTICS


     UNIVARIATE HIGHER-ORDER MOMENT DESCRIPTIVE STATISTICS

         Variable/         Mean/     Skewness/   Minimum/ % with                Percentiles
        Sample Size      Variance    Kurtosis    Maximum  Min/Max      20%/60%    40%/80%    Median

     TRLBTS               50.972      -0.087       4.000    0.09%      43.000     48.000     52.000
            1060.000     115.312       0.967      89.000    0.09%      54.000     60.000
     DEMAGE                0.000       1.521      -3.957    0.08%      -1.987     -1.087     -0.567
            1192.000       6.625       3.516      16.013    0.08%      -0.007      1.603
     DEMMAL                0.000      -0.570      -0.637   36.30%      -0.637      0.363      0.363
            1193.000       0.231      -1.675       0.363   63.70%       0.363      0.363
     CANF6M                0.000       0.965      -8.290   34.68%      -8.290     -7.960     -7.290
            1188.000     115.616      -0.641      21.710    7.32%      -3.290     11.710


THE MODEL ESTIMATION TERMINATED NORMALLY

     THE STANDARD ERRORS OF THE MODEL PARAMETER ESTIMATES MAY NOT BE
     TRUSTWORTHY FOR SOME PARAMETERS DUE TO A NON-POSITIVE DEFINITE
     FIRST-ORDER DERIVATIVE PRODUCT MATRIX.  THIS MAY BE DUE TO THE STARTING
     VALUES BUT MAY ALSO BE AN INDICATION OF MODEL NONIDENTIFICATION.  THE
     CONDITION NUMBER IS       0.869D-12.  PROBLEM INVOLVING THE FOLLOWING PARAMETER:
     Parameter 14, CANF6M




MODEL FIT INFORMATION

Number of Free Parameters                       14

Loglikelihood

          H0 Value                      -12104.563
          H0 Scaling Correction Factor      1.1459
            for MLR
          H1 Value                      -12104.563
          H1 Scaling Correction Factor      1.1459
            for MLR

Information Criteria

          Akaike (AIC)                   24237.125
          Bayesian (BIC)                 24308.305
          Sample-Size Adjusted BIC       24263.835
            (n* = (n + 2) / 24)

Chi-Square Test of Model Fit

          Value                              0.000*
          Degrees of Freedom                     0
          P-Value                           0.0000
          Scaling Correction Factor         1.0000
            for MLR

*   The chi-square value for MLM, MLMV, MLR, ULSMV, WLSM and WLSMV cannot be used
    for chi-square difference testing in the regular way.  MLM, MLR and WLSM
    chi-square difference testing is described on the Mplus website.  MLMV, WLSMV,
    and ULSMV difference testing is done using the DIFFTEST option.

RMSEA (Root Mean Square Error Of Approximation)

          Estimate                           0.000
          90 Percent C.I.                    0.000  0.000
          Probability RMSEA <= .05           0.000

CFI/TLI

          CFI                                1.000
          TLI                                1.000

Chi-Square Test of Model Fit for the Baseline Model

          Value                             12.975
          Degrees of Freedom                     3
          P-Value                           0.0047

SRMR (Standardized Root Mean Square Residual)

          Value                              0.000



MODEL RESULTS

                                                    Two-Tailed
                    Estimate       S.E.  Est./S.E.    P-Value

 TRLBTS   ON
    CANF6M             0.024      0.031      0.768      0.442
    DEMMAL            -0.258      0.704     -0.366      0.714
    DEMAGE            -0.457      0.146     -3.138      0.002

 CANF6M   WITH
    DEMMAL             1.174      0.146      8.014      0.000
    DEMAGE            -4.517      0.712     -6.343      0.000

 DEMMAL   WITH
    DEMAGE            -0.170      0.039     -4.298      0.000

 Means
    DEMAGE             0.001      0.077      0.007      0.995
    DEMMAL             0.000      0.015      0.000      1.000
    CANF6M             0.010      0.333      0.029      0.977

 Intercepts
    TRLBTS            50.999      0.360    141.615      0.000

 Variances
    DEMAGE             6.625      0.445     14.884      0.000
    DEMMAL             0.231      0.004     57.314      0.000
    CANF6M           115.606      4.171     27.720      0.000

 Residual Variances
    TRLBTS           113.862      6.077     18.736      0.000


STANDARDIZED MODEL RESULTS


STDYX Standardization

                                                    Two-Tailed
                    Estimate       S.E.  Est./S.E.    P-Value

 TRLBTS   ON
    CANF6M             0.024      0.031      0.769      0.442
    DEMMAL            -0.012      0.032     -0.366      0.714
    DEMAGE            -0.109      0.034     -3.201      0.001

 CANF6M   WITH
    DEMMAL             0.227      0.028      8.151      0.000
    DEMAGE            -0.163      0.024     -6.747      0.000

 DEMMAL   WITH
    DEMAGE            -0.137      0.031     -4.392      0.000

 Means
    DEMAGE             0.000      0.030      0.007      0.995
    DEMMAL             0.000      0.031      0.000      1.000
    CANF6M             0.001      0.031      0.029      0.977

 Intercepts
    TRLBTS             4.748      0.136     34.914      0.000

 Variances
    DEMAGE             1.000      0.000    999.000    999.000
    DEMMAL             1.000      0.000    999.000    999.000
    CANF6M             1.000      0.000    999.000    999.000

 Residual Variances
    TRLBTS             0.987      0.008    128.157      0.000


R-SQUARE

    Observed                                        Two-Tailed
    Variable        Estimate       S.E.  Est./S.E.    P-Value

    TRLBTS             0.013      0.008      1.699      0.089


QUALITY OF NUMERICAL RESULTS

     Condition Number for the Information Matrix              0.158E-03
       (ratio of smallest to largest eigenvalue)


CONFIDENCE INTERVALS OF MODEL RESULTS

                  Lower .5%  Lower 2.5%    Lower 5%    Estimate    Upper 5%  Upper 2.5%   Upper .5%

 TRLBTS   ON
    CANF6M          -0.057      -0.037      -0.028       0.024       0.076       0.086       0.105
    DEMMAL          -2.070      -1.637      -1.415      -0.258       0.900       1.121       1.555
    DEMAGE          -0.832      -0.742      -0.696      -0.457      -0.217      -0.171      -0.082

 CANF6M   WITH
    DEMMAL           0.796       0.887       0.933       1.174       1.415       1.461       1.551
    DEMAGE          -6.352      -5.913      -5.689      -4.517      -3.346      -3.122      -2.683

 DEMMAL   WITH
    DEMAGE          -0.271      -0.247      -0.234      -0.170      -0.105      -0.092      -0.068

 Means
    DEMAGE          -0.197      -0.150      -0.126       0.001       0.127       0.151       0.198
    DEMMAL          -0.038      -0.029      -0.024       0.000       0.024       0.029       0.038
    CANF6M          -0.847      -0.642      -0.538       0.010       0.557       0.662       0.867

 Intercepts
    TRLBTS          50.071      50.293      50.407      50.999      51.591      51.705      51.927

 Variances
    DEMAGE           5.478       5.752       5.893       6.625       7.357       7.497       7.771
    DEMMAL           0.221       0.223       0.225       0.231       0.238       0.239       0.242
    CANF6M         104.864     107.432     108.745     115.606     122.466     123.780     126.348

 Residual Variances
    TRLBTS          98.209     101.951     103.865     113.862     123.859     125.773     129.516


CONFIDENCE INTERVALS OF STANDARDIZED MODEL RESULTS


STDYX Standardization

                  Lower .5%  Lower 2.5%    Lower 5%    Estimate    Upper 5%  Upper 2.5%   Upper .5%

 TRLBTS   ON
    CANF6M          -0.057      -0.037      -0.027       0.024       0.076       0.086       0.105
    DEMMAL          -0.093      -0.073      -0.063      -0.012       0.040       0.050       0.070
    DEMAGE          -0.198      -0.176      -0.166      -0.109      -0.053      -0.042      -0.021

 CANF6M   WITH
    DEMMAL           0.155       0.172       0.181       0.227       0.273       0.282       0.299
    DEMAGE          -0.226      -0.211      -0.203      -0.163      -0.123      -0.116      -0.101

 DEMMAL   WITH
    DEMAGE          -0.217      -0.198      -0.188      -0.137      -0.086      -0.076      -0.057

 Means
    DEMAGE          -0.077      -0.058      -0.049       0.000       0.049       0.059       0.077
    DEMMAL          -0.079      -0.060      -0.050       0.000       0.050       0.060       0.079
    CANF6M          -0.079      -0.060      -0.050       0.001       0.052       0.062       0.081

 Intercepts
    TRLBTS           4.398       4.481       4.524       4.748       4.972       5.015       5.098

 Variances
    DEMAGE           1.000       1.000       1.000       1.000       1.000       1.000       1.000
    DEMMAL           1.000       1.000       1.000       1.000       1.000       1.000       1.000
    CANF6M           1.000       1.000       1.000       1.000       1.000       1.000       1.000

 Residual Variances
    TRLBTS           0.967       0.972       0.974       0.987       1.000       1.002       1.007


TECHNICAL 1 OUTPUT


     PARAMETER SPECIFICATION


           NU
              TRLBTS        DEMAGE        DEMMAL        CANF6M
              ________      ________      ________      ________
      1           0             0             0             0


           LAMBDA
              TRLBTS        DEMAGE        DEMMAL        CANF6M
              ________      ________      ________      ________
 TRLBTS             0             0             0             0
 DEMAGE             0             0             0             0
 DEMMAL             0             0             0             0
 CANF6M             0             0             0             0


           THETA
              TRLBTS        DEMAGE        DEMMAL        CANF6M
              ________      ________      ________      ________
 TRLBTS             0
 DEMAGE             0             0
 DEMMAL             0             0             0
 CANF6M             0             0             0             0


           ALPHA
              TRLBTS        DEMAGE        DEMMAL        CANF6M
              ________      ________      ________      ________
      1           1             2             3             4


           BETA
              TRLBTS        DEMAGE        DEMMAL        CANF6M
              ________      ________      ________      ________
 TRLBTS             0             5             6             7
 DEMAGE             0             0             0             0
 DEMMAL             0             0             0             0
 CANF6M             0             0             0             0


           PSI
              TRLBTS        DEMAGE        DEMMAL        CANF6M
              ________      ________      ________      ________
 TRLBTS             8
 DEMAGE             0             9
 DEMMAL             0            10            11
 CANF6M             0            12            13            14


     STARTING VALUES


           NU
              TRLBTS        DEMAGE        DEMMAL        CANF6M
              ________      ________      ________      ________
      1         0.000         0.000         0.000         0.000


           LAMBDA
              TRLBTS        DEMAGE        DEMMAL        CANF6M
              ________      ________      ________      ________
 TRLBTS         1.000         0.000         0.000         0.000
 DEMAGE         0.000         1.000         0.000         0.000
 DEMMAL         0.000         0.000         1.000         0.000
 CANF6M         0.000         0.000         0.000         1.000


           THETA
              TRLBTS        DEMAGE        DEMMAL        CANF6M
              ________      ________      ________      ________
 TRLBTS         0.000
 DEMAGE         0.000         0.000
 DEMMAL         0.000         0.000         0.000
 CANF6M         0.000         0.000         0.000         0.000


           ALPHA
              TRLBTS        DEMAGE        DEMMAL        CANF6M
              ________      ________      ________      ________
      1        50.972         0.000         0.000         0.000


           BETA
              TRLBTS        DEMAGE        DEMMAL        CANF6M
              ________      ________      ________      ________
 TRLBTS         0.000         0.000         0.000         0.000
 DEMAGE         0.000         0.000         0.000         0.000
 DEMMAL         0.000         0.000         0.000         0.000
 CANF6M         0.000         0.000         0.000         0.000


           PSI
              TRLBTS        DEMAGE        DEMMAL        CANF6M
              ________      ________      ________      ________
 TRLBTS        57.656
 DEMAGE         0.000         3.312
 DEMMAL         0.000         0.000         0.116
 CANF6M         0.000         0.000         0.000        57.808


     Beginning Time:  14:18:46
        Ending Time:  14:18:46
       Elapsed Time:  00:00:00



MUTHEN & MUTHEN
3463 Stoner Ave.
Los Angeles, CA  90066

Tel: (310) 391-9971
Fax: (310) 391-8971
Web: www.StatModel.com
Support: Support@StatModel.com

Copyright (c) 1998-2015 Muthen & Muthen
