Mplus VERSION 7.4 (Mac)
MUTHEN & MUTHEN
07/30/2019   2:19 PM

INPUT INSTRUCTIONS


  TITLE: CANFLF_CVLASC_2;

  DATA:
  	FILE = GD190618.csv;

  VARIABLE:
  	NAMES =
  			ID_Fam   Wave     ID_MPL
  			DEMMAL   DEMAGE   DEMHSP   DEMRAC
  			SRPWCR
  			WASVCB   WASBLK   WASDGT   WSISUM
  			TRLATS   TRLBTS
  			CVLASF   CVLASC   CVLALF   CVLALC
  			WASCOM   COGCOM   CVLCOM
  			CANEVR   CANONS   CANFLF
  			CANFTY   CANF6M   CANAC6
  			CANYRS
  			ALCEVR   ALCONS   ALCFLF
  			ALCFTY   ALCF6M   ALCAC6
  			ALCYRS
  			SRPWCRDt WASVCBDt WASBLKDt
  			WASDGTDt WSISUMDt TRLATSDt
  			TRLBTSDt CVLASFDt CVLASCDt
  			CVLALFDt CVLALCDt WASCOMDt
  			COGCOMDt CVLCOMDt
  			COGPGS
  			PC1 PC2 PC3 PC4 PC5 PC6
  		;
  	USEVARIABLES =
  		! outcome
    			CVLASC
    		! covariates
    			DEMAGE
    			DEMMAL  		
    		! predictor
    			CANFLF
    		;
    	USEOBSERVATION =
    			(Wave EQ 2 AND CVLASCDt EQ 1)
    		;
    	CLUSTER =
    			ID_Fam
    		;
    	MISSING = .;

  DEFINE:
  	CENTER	CANFLF
  			DEMMAL
  			DEMAGE (GRANDMEAN);

  ANALYSIS:
          ITERATIONS = 1000000;
          TYPE = COMPLEX;

  OUTPUT:
  	SAMPSTAT STDYX TECH1 CINT;

  MODEL:
  	CVLASC on CANFLF;
  	CVLASC on  DEMMAL DEMAGE;	
  	CVLASC*;
  	CANFLF WITH DEMMAL*;
  	CANFLF WITH DEMAGE*;



*** WARNING in VARIABLE command
  When a subpopulation is analyzed with TYPE=COMPLEX, standard errors
  may be incorrect.  Use the SUBPOPULATION option instead of the
  USEOBSERVATIONS option to obtain correct standard errors.
   1 WARNING(S) FOUND IN THE INPUT INSTRUCTIONS



CANFLF_CVLASC_2;

SUMMARY OF ANALYSIS

Number of groups                                                 1
Number of observations                                         424

Number of dependent variables                                    1
Number of independent variables                                  3
Number of continuous latent variables                            0

Observed dependent variables

  Continuous
   CVLASC

Observed independent variables
   DEMAGE      DEMMAL      CANFLF

Variables with special functions

  Cluster variable      ID_FAM

  Centering (GRANDMEAN)
   CANFLF      DEMMAL      DEMAGE


Estimator                                                      MLR
Information matrix                                        OBSERVED
Maximum number of iterations                               1000000
Convergence criterion                                    0.500D-04
Maximum number of steepest descent iterations                   20
Maximum number of iterations for H1                           2000
Convergence criterion for H1                             0.100D-03

Input data file(s)
  GD190618.csv

Input data format  FREE


SUMMARY OF DATA

     Number of missing data patterns             3
     Number of clusters         227



COVARIANCE COVERAGE OF DATA

Minimum covariance coverage value   0.100


     PROPORTION OF DATA PRESENT


           Covariance Coverage
              CVLASC        DEMAGE        DEMMAL        CANFLF
              ________      ________      ________      ________
 CVLASC         0.835
 DEMAGE         0.835         0.998
 DEMMAL         0.835         0.998         0.998
 CANFLF         0.835         0.998         0.998         1.000


SAMPLE STATISTICS


     ESTIMATED SAMPLE STATISTICS


           Means
              CVLASC        DEMAGE        DEMMAL        CANFLF
              ________      ________      ________      ________
      1        -0.537        -0.001         0.000         0.000


           Covariances
              CVLASC        DEMAGE        DEMMAL        CANFLF
              ________      ________      ________      ________
 CVLASC         1.219
 DEMAGE        -0.108         8.632
 DEMMAL         0.074        -0.167         0.248
 CANFLF         0.812        -9.551         2.900       468.941


           Correlations
              CVLASC        DEMAGE        DEMMAL        CANFLF
              ________      ________      ________      ________
 CVLASC         1.000
 DEMAGE        -0.033         1.000
 DEMMAL         0.134        -0.114         1.000
 CANFLF         0.034        -0.150         0.269         1.000


     MAXIMUM LOG-LIKELIHOOD VALUE FOR THE UNRESTRICTED (H1) MODEL IS -3778.598


UNIVARIATE SAMPLE STATISTICS


     UNIVARIATE HIGHER-ORDER MOMENT DESCRIPTIVE STATISTICS

         Variable/         Mean/     Skewness/   Minimum/ % with                Percentiles
        Sample Size      Variance    Kurtosis    Maximum  Min/Max      20%/60%    40%/80%    Median

     CVLASC               -0.528      -0.502      -5.000    0.28%      -1.500     -0.500     -0.500
             354.000       1.218       0.211       1.500    1.69%      -0.500      0.500
     DEMAGE                0.000       1.026      -5.595    0.24%      -2.455     -0.965     -0.305
             423.000       8.632       2.221      15.575    0.24%       0.275      2.115
     DEMMAL                0.000      -0.195      -0.548   45.15%      -0.548     -0.548      0.452
             423.000       0.248      -1.962       0.452   54.85%       0.452      0.452
     CANFLF                0.000      -1.406     -48.079    7.31%     -18.079     11.921     11.921
             424.000     468.941       0.212      11.921   75.24%      11.921     11.921


THE MODEL ESTIMATION TERMINATED NORMALLY



MODEL FIT INFORMATION

Number of Free Parameters                       14

Loglikelihood

          H0 Value                       -3778.598
          H0 Scaling Correction Factor      1.1628
            for MLR
          H1 Value                       -3778.598
          H1 Scaling Correction Factor      1.1628
            for MLR

Information Criteria

          Akaike (AIC)                    7585.196
          Bayesian (BIC)                  7641.892
          Sample-Size Adjusted BIC        7597.465
            (n* = (n + 2) / 24)

Chi-Square Test of Model Fit

          Value                              0.000*
          Degrees of Freedom                     0
          P-Value                           0.0000
          Scaling Correction Factor         1.0000
            for MLR

*   The chi-square value for MLM, MLMV, MLR, ULSMV, WLSM and WLSMV cannot be used
    for chi-square difference testing in the regular way.  MLM, MLR and WLSM
    chi-square difference testing is described on the Mplus website.  MLMV, WLSMV,
    and ULSMV difference testing is done using the DIFFTEST option.

RMSEA (Root Mean Square Error Of Approximation)

          Estimate                           0.000
          90 Percent C.I.                    0.000  0.000
          Probability RMSEA <= .05           0.000

CFI/TLI

          CFI                                1.000
          TLI                                1.000

Chi-Square Test of Model Fit for the Baseline Model

          Value                              6.141
          Degrees of Freedom                     3
          P-Value                           0.1050

SRMR (Standardized Root Mean Square Residual)

          Value                              0.000



MODEL RESULTS

                                                    Two-Tailed
                    Estimate       S.E.  Est./S.E.    P-Value

 CVLASC   ON
    CANFLF             0.000      0.003     -0.085      0.932
    DEMMAL             0.296      0.122      2.432      0.015
    DEMAGE            -0.007      0.022     -0.324      0.746

 CANFLF   WITH
    DEMMAL             2.900      0.551      5.265      0.000
    DEMAGE            -9.551      3.784     -2.524      0.012

 DEMMAL   WITH
    DEMAGE            -0.167      0.072     -2.314      0.021

 Means
    DEMAGE            -0.001      0.154     -0.004      0.997
    DEMMAL             0.000      0.026      0.007      0.995
    CANFLF             0.000      1.146      0.000      1.000

 Intercepts
    CVLASC            -0.537      0.063     -8.516      0.000

 Variances
    DEMAGE             8.632      0.863     10.005      0.000
    DEMMAL             0.248      0.003     97.145      0.000
    CANFLF           468.942     36.008     13.023      0.000

 Residual Variances
    CVLASC             1.196      0.100     11.983      0.000


STANDARDIZED MODEL RESULTS


STDYX Standardization

                                                    Two-Tailed
                    Estimate       S.E.  Est./S.E.    P-Value

 CVLASC   ON
    CANFLF            -0.005      0.056     -0.085      0.932
    DEMMAL             0.134      0.054      2.458      0.014
    DEMAGE            -0.019      0.058     -0.325      0.745

 CANFLF   WITH
    DEMMAL             0.269      0.049      5.523      0.000
    DEMAGE            -0.150      0.057     -2.619      0.009

 DEMMAL   WITH
    DEMAGE            -0.114      0.048     -2.378      0.017

 Means
    DEMAGE             0.000      0.053     -0.004      0.997
    DEMMAL             0.000      0.053      0.007      0.995
    CANFLF             0.000      0.053      0.000      1.000

 Intercepts
    CVLASC            -0.487      0.054     -9.075      0.000

 Variances
    DEMAGE             1.000      0.000    999.000    999.000
    DEMMAL             1.000      0.000    999.000    999.000
    CANFLF             1.000      0.000    999.000    999.000

 Residual Variances
    CVLASC             0.982      0.014     70.020      0.000


R-SQUARE

    Observed                                        Two-Tailed
    Variable        Estimate       S.E.  Est./S.E.    P-Value

    CVLASC             0.018      0.014      1.314      0.189


QUALITY OF NUMERICAL RESULTS

     Condition Number for the Information Matrix              0.666E-05
       (ratio of smallest to largest eigenvalue)


CONFIDENCE INTERVALS OF MODEL RESULTS

                  Lower .5%  Lower 2.5%    Lower 5%    Estimate    Upper 5%  Upper 2.5%   Upper .5%

 CVLASC   ON
    CANFLF          -0.008      -0.006      -0.005       0.000       0.004       0.005       0.007
    DEMMAL          -0.018       0.057       0.096       0.296       0.497       0.535       0.610
    DEMAGE          -0.063      -0.050      -0.043      -0.007       0.029       0.036       0.049

 CANFLF   WITH
    DEMMAL           1.481       1.820       1.994       2.900       3.806       3.980       4.319
    DEMAGE         -19.298     -16.968     -15.776      -9.551      -3.326      -2.135       0.196

 DEMMAL   WITH
    DEMAGE          -0.353      -0.309      -0.286      -0.167      -0.048      -0.026       0.019

 Means
    DEMAGE          -0.398      -0.303      -0.254      -0.001       0.253       0.302       0.397
    DEMMAL          -0.068      -0.051      -0.043       0.000       0.043       0.052       0.068
    CANFLF          -2.951      -2.245      -1.885       0.000       1.885       2.246       2.951

 Intercepts
    CVLASC          -0.700      -0.661      -0.641      -0.537      -0.434      -0.414      -0.375

 Variances
    DEMAGE           6.409       6.941       7.212       8.632      10.051      10.323      10.854
    DEMMAL           0.241       0.243       0.243       0.248       0.252       0.253       0.254
    CANFLF         376.193     398.367     409.709     468.942     528.175     539.518     561.691

 Residual Variances
    CVLASC           0.939       1.000       1.032       1.196       1.360       1.392       1.453


CONFIDENCE INTERVALS OF STANDARDIZED MODEL RESULTS


STDYX Standardization

                  Lower .5%  Lower 2.5%    Lower 5%    Estimate    Upper 5%  Upper 2.5%   Upper .5%

 CVLASC   ON
    CANFLF          -0.149      -0.115      -0.097      -0.005       0.087       0.105       0.140
    DEMMAL          -0.006       0.027       0.044       0.134       0.223       0.240       0.273
    DEMAGE          -0.168      -0.133      -0.114      -0.019       0.077       0.095       0.131

 CANFLF   WITH
    DEMMAL           0.144       0.174       0.189       0.269       0.349       0.365       0.395
    DEMAGE          -0.298      -0.262      -0.244      -0.150      -0.056      -0.038      -0.002

 DEMMAL   WITH
    DEMAGE          -0.238      -0.209      -0.194      -0.114      -0.035      -0.020       0.010

 Means
    DEMAGE          -0.135      -0.103      -0.087       0.000       0.086       0.103       0.135
    DEMMAL          -0.136      -0.103      -0.087       0.000       0.087       0.104       0.136
    CANFLF          -0.136      -0.104      -0.087       0.000       0.087       0.104       0.136

 Intercepts
    CVLASC          -0.625      -0.592      -0.575      -0.487      -0.399      -0.382      -0.349

 Variances
    DEMAGE           1.000       1.000       1.000       1.000       1.000       1.000       1.000
    DEMMAL           1.000       1.000       1.000       1.000       1.000       1.000       1.000
    CANFLF           1.000       1.000       1.000       1.000       1.000       1.000       1.000

 Residual Variances
    CVLASC           0.945       0.954       0.959       0.982       1.005       1.009       1.018


TECHNICAL 1 OUTPUT


     PARAMETER SPECIFICATION


           NU
              CVLASC        DEMAGE        DEMMAL        CANFLF
              ________      ________      ________      ________
      1           0             0             0             0


           LAMBDA
              CVLASC        DEMAGE        DEMMAL        CANFLF
              ________      ________      ________      ________
 CVLASC             0             0             0             0
 DEMAGE             0             0             0             0
 DEMMAL             0             0             0             0
 CANFLF             0             0             0             0


           THETA
              CVLASC        DEMAGE        DEMMAL        CANFLF
              ________      ________      ________      ________
 CVLASC             0
 DEMAGE             0             0
 DEMMAL             0             0             0
 CANFLF             0             0             0             0


           ALPHA
              CVLASC        DEMAGE        DEMMAL        CANFLF
              ________      ________      ________      ________
      1           1             2             3             4


           BETA
              CVLASC        DEMAGE        DEMMAL        CANFLF
              ________      ________      ________      ________
 CVLASC             0             5             6             7
 DEMAGE             0             0             0             0
 DEMMAL             0             0             0             0
 CANFLF             0             0             0             0


           PSI
              CVLASC        DEMAGE        DEMMAL        CANFLF
              ________      ________      ________      ________
 CVLASC             8
 DEMAGE             0             9
 DEMMAL             0            10            11
 CANFLF             0            12            13            14


     STARTING VALUES


           NU
              CVLASC        DEMAGE        DEMMAL        CANFLF
              ________      ________      ________      ________
      1         0.000         0.000         0.000         0.000


           LAMBDA
              CVLASC        DEMAGE        DEMMAL        CANFLF
              ________      ________      ________      ________
 CVLASC         1.000         0.000         0.000         0.000
 DEMAGE         0.000         1.000         0.000         0.000
 DEMMAL         0.000         0.000         1.000         0.000
 CANFLF         0.000         0.000         0.000         1.000


           THETA
              CVLASC        DEMAGE        DEMMAL        CANFLF
              ________      ________      ________      ________
 CVLASC         0.000
 DEMAGE         0.000         0.000
 DEMMAL         0.000         0.000         0.000
 CANFLF         0.000         0.000         0.000         0.000


           ALPHA
              CVLASC        DEMAGE        DEMMAL        CANFLF
              ________      ________      ________      ________
      1        -0.528         0.000         0.000         0.000


           BETA
              CVLASC        DEMAGE        DEMMAL        CANFLF
              ________      ________      ________      ________
 CVLASC         0.000         0.000         0.000         0.000
 DEMAGE         0.000         0.000         0.000         0.000
 DEMMAL         0.000         0.000         0.000         0.000
 CANFLF         0.000         0.000         0.000         0.000


           PSI
              CVLASC        DEMAGE        DEMMAL        CANFLF
              ________      ________      ________      ________
 CVLASC         0.609
 DEMAGE         0.000         4.316
 DEMMAL         0.000         0.000         0.124
 CANFLF         0.000         0.000         0.000       234.471


     Beginning Time:  14:19:00
        Ending Time:  14:19:00
       Elapsed Time:  00:00:00



MUTHEN & MUTHEN
3463 Stoner Ave.
Los Angeles, CA  90066

Tel: (310) 391-9971
Fax: (310) 391-8971
Web: www.StatModel.com
Support: Support@StatModel.com

Copyright (c) 1998-2015 Muthen & Muthen
