Mplus VERSION 7.4 (Mac)
MUTHEN & MUTHEN
07/30/2019   2:18 PM

INPUT INSTRUCTIONS


  TITLE: CANF6M_CVLASF_1;

  DATA:
  	FILE = GD190618.csv;

  VARIABLE:
  	NAMES =
  			ID_Fam   Wave     ID_MPL
  			DEMMAL   DEMAGE   DEMHSP   DEMRAC
  			SRPWCR
  			WASVCB   WASBLK   WASDGT   WSISUM
  			TRLATS   TRLBTS
  			CVLASF   CVLASC   CVLALF   CVLALC
  			WASCOM   COGCOM   CVLCOM
  			CANEVR   CANONS   CANFLF
  			CANFTY   CANF6M   CANAC6
  			CANYRS
  			ALCEVR   ALCONS   ALCFLF
  			ALCFTY   ALCF6M   ALCAC6
  			ALCYRS
  			SRPWCRDt WASVCBDt WASBLKDt
  			WASDGTDt WSISUMDt TRLATSDt
  			TRLBTSDt CVLASFDt CVLASCDt
  			CVLALFDt CVLALCDt WASCOMDt
  			COGCOMDt CVLCOMDt
  			COGPGS
  			PC1 PC2 PC3 PC4 PC5 PC6
  		;
  	USEVARIABLES =
  		! outcome
    			CVLASF
    		! covariates
    			DEMAGE
    			DEMMAL  		
    		! predictor
    			CANF6M
    		;
    	USEOBSERVATION =
    			(Wave EQ 1 AND CVLASFDt EQ 1)
    		;
    	CLUSTER =
    			ID_Fam
    		;
    	MISSING = .;

  DEFINE:
  	CENTER	CANF6M
  			DEMMAL
  			DEMAGE (GRANDMEAN);

  ANALYSIS:
          ITERATIONS = 1000000;
          TYPE = COMPLEX;

  OUTPUT:
  	SAMPSTAT STDYX TECH1 CINT;

  MODEL:
  	CVLASF on CANF6M;
  	CVLASF on  DEMMAL DEMAGE;	
  	CVLASF*;
  	CANF6M WITH DEMMAL*;
  	CANF6M WITH DEMAGE*;



*** WARNING in VARIABLE command
  When a subpopulation is analyzed with TYPE=COMPLEX, standard errors
  may be incorrect.  Use the SUBPOPULATION option instead of the
  USEOBSERVATIONS option to obtain correct standard errors.
*** WARNING
  Data set contains cases with missing on all variables.
  These cases were not included in the analysis.
  Number of cases with missing on all variables:  1
   2 WARNING(S) FOUND IN THE INPUT INSTRUCTIONS



CANF6M_CVLASF_1;

SUMMARY OF ANALYSIS

Number of groups                                                 1
Number of observations                                         489

Number of dependent variables                                    1
Number of independent variables                                  3
Number of continuous latent variables                            0

Observed dependent variables

  Continuous
   CVLASF

Observed independent variables
   DEMAGE      DEMMAL      CANF6M

Variables with special functions

  Cluster variable      ID_FAM

  Centering (GRANDMEAN)
   CANF6M      DEMMAL      DEMAGE


Estimator                                                      MLR
Information matrix                                        OBSERVED
Maximum number of iterations                               1000000
Convergence criterion                                    0.500D-04
Maximum number of steepest descent iterations                   20
Maximum number of iterations for H1                           2000
Convergence criterion for H1                             0.100D-03

Input data file(s)
  GD190618.csv

Input data format  FREE


SUMMARY OF DATA

     Number of missing data patterns             3
     Number of clusters         244



COVARIANCE COVERAGE OF DATA

Minimum covariance coverage value   0.100


     PROPORTION OF DATA PRESENT


           Covariance Coverage
              CVLASF        DEMAGE        DEMMAL        CANF6M
              ________      ________      ________      ________
 CVLASF         0.998
 DEMAGE         0.996         0.998
 DEMMAL         0.998         0.998         1.000
 CANF6M         0.998         0.998         1.000         1.000


SAMPLE STATISTICS


     ESTIMATED SAMPLE STATISTICS


           Means
              CVLASF        DEMAGE        DEMMAL        CANF6M
              ________      ________      ________      ________
      1        -0.610         0.001         0.000         0.000


           Covariances
              CVLASF        DEMAGE        DEMMAL        CANF6M
              ________      ________      ________      ________
 CVLASF         0.942
 DEMAGE        -0.062         6.010
 DEMMAL        -0.053        -0.132         0.247
 CANF6M        -0.874        -2.125         0.758       113.865


           Correlations
              CVLASF        DEMAGE        DEMMAL        CANF6M
              ________      ________      ________      ________
 CVLASF         1.000
 DEMAGE        -0.026         1.000
 DEMMAL        -0.109        -0.108         1.000
 CANF6M        -0.084        -0.081         0.143         1.000


     MAXIMUM LOG-LIKELIHOOD VALUE FOR THE UNRESTRICTED (H1) MODEL IS -3998.030


UNIVARIATE SAMPLE STATISTICS


     UNIVARIATE HIGHER-ORDER MOMENT DESCRIPTIVE STATISTICS

         Variable/         Mean/     Skewness/   Minimum/ % with                Percentiles
        Sample Size      Variance    Kurtosis    Maximum  Min/Max      20%/60%    40%/80%    Median

     CVLASF               -0.610      -0.639      -4.500    0.61%      -1.500     -0.500     -0.500
             488.000       0.942       1.086       1.500    1.84%      -0.500      0.000
     DEMAGE                0.000       1.646      -3.804    0.20%      -1.924     -0.974     -0.534
             488.000       6.010       4.211      15.296    0.20%      -0.094      1.316
     DEMMAL                0.000      -0.218      -0.554   44.58%      -0.554     -0.554      0.446
             489.000       0.247      -1.952       0.446   55.42%       0.446      0.446
     CANF6M                0.000       1.262      -7.229   37.83%      -7.229     -7.059     -6.559
             489.000     113.865       0.000      22.771   10.02%      -4.729      9.441


THE MODEL ESTIMATION TERMINATED NORMALLY

     THE STANDARD ERRORS OF THE MODEL PARAMETER ESTIMATES MAY NOT BE
     TRUSTWORTHY FOR SOME PARAMETERS DUE TO A NON-POSITIVE DEFINITE
     FIRST-ORDER DERIVATIVE PRODUCT MATRIX.  THIS MAY BE DUE TO THE STARTING
     VALUES BUT MAY ALSO BE AN INDICATION OF MODEL NONIDENTIFICATION.  THE
     CONDITION NUMBER IS       0.663D-16.  PROBLEM INVOLVING THE FOLLOWING PARAMETER:
     Parameter 14, CANF6M




MODEL FIT INFORMATION

Number of Free Parameters                       14

Loglikelihood

          H0 Value                       -3998.030
          H0 Scaling Correction Factor      1.1756
            for MLR
          H1 Value                       -3998.030
          H1 Scaling Correction Factor      1.1756
            for MLR

Information Criteria

          Akaike (AIC)                    8024.059
          Bayesian (BIC)                  8082.752
          Sample-Size Adjusted BIC        8038.317
            (n* = (n + 2) / 24)

Chi-Square Test of Model Fit

          Value                              0.000*
          Degrees of Freedom                     0
          P-Value                           0.0000
          Scaling Correction Factor         1.0000
            for MLR

*   The chi-square value for MLM, MLMV, MLR, ULSMV, WLSM and WLSMV cannot be used
    for chi-square difference testing in the regular way.  MLM, MLR and WLSM
    chi-square difference testing is described on the Mplus website.  MLMV, WLSMV,
    and ULSMV difference testing is done using the DIFFTEST option.

RMSEA (Root Mean Square Error Of Approximation)

          Estimate                           0.000
          90 Percent C.I.                    0.000  0.000
          Probability RMSEA <= .05           0.000

CFI/TLI

          CFI                                1.000
          TLI                                1.000

Chi-Square Test of Model Fit for the Baseline Model

          Value                              9.705
          Degrees of Freedom                     3
          P-Value                           0.0212

SRMR (Standardized Root Mean Square Residual)

          Value                              0.000



MODEL RESULTS

                                                    Two-Tailed
                    Estimate       S.E.  Est./S.E.    P-Value

 CVLASF   ON
    CANF6M            -0.007      0.004     -1.605      0.109
    DEMMAL            -0.202      0.085     -2.385      0.017
    DEMAGE            -0.017      0.018     -0.960      0.337

 CANF6M   WITH
    DEMMAL             0.758      0.245      3.091      0.002
    DEMAGE            -2.125      1.003     -2.119      0.034

 DEMMAL   WITH
    DEMAGE            -0.132      0.058     -2.279      0.023

 Means
    DEMAGE             0.001      0.109      0.010      0.992
    DEMMAL             0.000      0.025      0.000      1.000
    CANF6M             0.000      0.536      0.000      1.000

 Intercepts
    CVLASF            -0.610      0.046    -13.178      0.000

 Variances
    DEMAGE             6.010      0.656      9.164      0.000
    DEMMAL             0.247      0.003     90.803      0.000
    CANF6M           113.865      8.090     14.075      0.000

 Residual Variances
    CVLASF             0.925      0.084     10.978      0.000


STANDARDIZED MODEL RESULTS


STDYX Standardization

                                                    Two-Tailed
                    Estimate       S.E.  Est./S.E.    P-Value

 CVLASF   ON
    CANF6M            -0.073      0.045     -1.619      0.105
    DEMMAL            -0.103      0.043     -2.399      0.016
    DEMAGE            -0.043      0.045     -0.966      0.334

 CANF6M   WITH
    DEMMAL             0.143      0.046      3.116      0.002
    DEMAGE            -0.081      0.037     -2.187      0.029

 DEMMAL   WITH
    DEMAGE            -0.108      0.046     -2.354      0.019

 Means
    DEMAGE             0.000      0.044      0.010      0.992
    DEMMAL             0.000      0.051      0.000      1.000
    CANF6M             0.000      0.050      0.000      1.000

 Intercepts
    CVLASF            -0.628      0.045    -13.917      0.000

 Variances
    DEMAGE             1.000      0.000    999.000    999.000
    DEMMAL             1.000      0.000    999.000    999.000
    CANF6M             1.000      0.000    999.000    999.000

 Residual Variances
    CVLASF             0.981      0.011     86.991      0.000


R-SQUARE

    Observed                                        Two-Tailed
    Variable        Estimate       S.E.  Est./S.E.    P-Value

    CVLASF             0.019      0.011      1.645      0.100


QUALITY OF NUMERICAL RESULTS

     Condition Number for the Information Matrix              0.133E-04
       (ratio of smallest to largest eigenvalue)


CONFIDENCE INTERVALS OF MODEL RESULTS

                  Lower .5%  Lower 2.5%    Lower 5%    Estimate    Upper 5%  Upper 2.5%   Upper .5%

 CVLASF   ON
    CANF6M          -0.017      -0.015      -0.013      -0.007       0.000       0.001       0.004
    DEMMAL          -0.420      -0.368      -0.341      -0.202      -0.063      -0.036       0.016
    DEMAGE          -0.063      -0.052      -0.046      -0.017       0.012       0.018       0.029

 CANF6M   WITH
    DEMMAL           0.126       0.277       0.355       0.758       1.161       1.238       1.389
    DEMAGE          -4.707      -4.090      -3.774      -2.125      -0.475      -0.159       0.458

 DEMMAL   WITH
    DEMAGE          -0.281      -0.245      -0.227      -0.132      -0.037      -0.018       0.017

 Means
    DEMAGE          -0.280      -0.213      -0.178       0.001       0.181       0.215       0.282
    DEMMAL          -0.065      -0.049      -0.041       0.000       0.041       0.049       0.065
    CANF6M          -1.381      -1.051      -0.882       0.000       0.882       1.051       1.381

 Intercepts
    CVLASF          -0.729      -0.701      -0.686      -0.610      -0.534      -0.519      -0.491

 Variances
    DEMAGE           4.321       4.725       4.932       6.010       7.089       7.296       7.700
    DEMMAL           0.240       0.242       0.243       0.247       0.252       0.252       0.254
    CANF6M          93.027      98.009     100.557     113.865     127.173     129.721     134.703

 Residual Variances
    CVLASF           0.708       0.760       0.786       0.925       1.063       1.090       1.142


CONFIDENCE INTERVALS OF STANDARDIZED MODEL RESULTS


STDYX Standardization

                  Lower .5%  Lower 2.5%    Lower 5%    Estimate    Upper 5%  Upper 2.5%   Upper .5%

 CVLASF   ON
    CANF6M          -0.189      -0.162      -0.147      -0.073       0.001       0.015       0.043
    DEMMAL          -0.214      -0.188      -0.174      -0.103      -0.032      -0.019       0.008
    DEMAGE          -0.158      -0.131      -0.117      -0.043       0.030       0.044       0.072

 CANF6M   WITH
    DEMMAL           0.025       0.053       0.067       0.143       0.218       0.233       0.261
    DEMAGE          -0.177      -0.154      -0.142      -0.081      -0.020      -0.008       0.014

 DEMMAL   WITH
    DEMAGE          -0.227      -0.198      -0.184      -0.108      -0.033      -0.018       0.010

 Means
    DEMAGE          -0.114      -0.087      -0.073       0.000       0.074       0.088       0.115
    DEMMAL          -0.130      -0.099      -0.083       0.000       0.083       0.099       0.130
    CANF6M          -0.129      -0.098      -0.083       0.000       0.083       0.098       0.129

 Intercepts
    CVLASF          -0.744      -0.717      -0.702      -0.628      -0.554      -0.540      -0.512

 Variances
    DEMAGE           1.000       1.000       1.000       1.000       1.000       1.000       1.000
    DEMMAL           1.000       1.000       1.000       1.000       1.000       1.000       1.000
    CANF6M           1.000       1.000       1.000       1.000       1.000       1.000       1.000

 Residual Variances
    CVLASF           0.952       0.959       0.963       0.981       1.000       1.004       1.011


TECHNICAL 1 OUTPUT


     PARAMETER SPECIFICATION


           NU
              CVLASF        DEMAGE        DEMMAL        CANF6M
              ________      ________      ________      ________
      1           0             0             0             0


           LAMBDA
              CVLASF        DEMAGE        DEMMAL        CANF6M
              ________      ________      ________      ________
 CVLASF             0             0             0             0
 DEMAGE             0             0             0             0
 DEMMAL             0             0             0             0
 CANF6M             0             0             0             0


           THETA
              CVLASF        DEMAGE        DEMMAL        CANF6M
              ________      ________      ________      ________
 CVLASF             0
 DEMAGE             0             0
 DEMMAL             0             0             0
 CANF6M             0             0             0             0


           ALPHA
              CVLASF        DEMAGE        DEMMAL        CANF6M
              ________      ________      ________      ________
      1           1             2             3             4


           BETA
              CVLASF        DEMAGE        DEMMAL        CANF6M
              ________      ________      ________      ________
 CVLASF             0             5             6             7
 DEMAGE             0             0             0             0
 DEMMAL             0             0             0             0
 CANF6M             0             0             0             0


           PSI
              CVLASF        DEMAGE        DEMMAL        CANF6M
              ________      ________      ________      ________
 CVLASF             8
 DEMAGE             0             9
 DEMMAL             0            10            11
 CANF6M             0            12            13            14


     STARTING VALUES


           NU
              CVLASF        DEMAGE        DEMMAL        CANF6M
              ________      ________      ________      ________
      1         0.000         0.000         0.000         0.000


           LAMBDA
              CVLASF        DEMAGE        DEMMAL        CANF6M
              ________      ________      ________      ________
 CVLASF         1.000         0.000         0.000         0.000
 DEMAGE         0.000         1.000         0.000         0.000
 DEMMAL         0.000         0.000         1.000         0.000
 CANF6M         0.000         0.000         0.000         1.000


           THETA
              CVLASF        DEMAGE        DEMMAL        CANF6M
              ________      ________      ________      ________
 CVLASF         0.000
 DEMAGE         0.000         0.000
 DEMMAL         0.000         0.000         0.000
 CANF6M         0.000         0.000         0.000         0.000


           ALPHA
              CVLASF        DEMAGE        DEMMAL        CANF6M
              ________      ________      ________      ________
      1        -0.610         0.000         0.000         0.000


           BETA
              CVLASF        DEMAGE        DEMMAL        CANF6M
              ________      ________      ________      ________
 CVLASF         0.000         0.000         0.000         0.000
 DEMAGE         0.000         0.000         0.000         0.000
 DEMMAL         0.000         0.000         0.000         0.000
 CANF6M         0.000         0.000         0.000         0.000


           PSI
              CVLASF        DEMAGE        DEMMAL        CANF6M
              ________      ________      ________      ________
 CVLASF         0.471
 DEMAGE         0.000         3.005
 DEMMAL         0.000         0.000         0.124
 CANF6M         0.000         0.000         0.000        56.933


     Beginning Time:  14:18:38
        Ending Time:  14:18:38
       Elapsed Time:  00:00:00



MUTHEN & MUTHEN
3463 Stoner Ave.
Los Angeles, CA  90066

Tel: (310) 391-9971
Fax: (310) 391-8971
Web: www.StatModel.com
Support: Support@StatModel.com

Copyright (c) 1998-2015 Muthen & Muthen
