Mplus VERSION 7.4 (Mac)
MUTHEN & MUTHEN
07/30/2019   2:18 PM

INPUT INSTRUCTIONS


  TITLE: CANF6M_CVLASF_2;

  DATA:
  	FILE = GD190618.csv;

  VARIABLE:
  	NAMES =
  			ID_Fam   Wave     ID_MPL
  			DEMMAL   DEMAGE   DEMHSP   DEMRAC
  			SRPWCR
  			WASVCB   WASBLK   WASDGT   WSISUM
  			TRLATS   TRLBTS
  			CVLASF   CVLASC   CVLALF   CVLALC
  			WASCOM   COGCOM   CVLCOM
  			CANEVR   CANONS   CANFLF
  			CANFTY   CANF6M   CANAC6
  			CANYRS
  			ALCEVR   ALCONS   ALCFLF
  			ALCFTY   ALCF6M   ALCAC6
  			ALCYRS
  			SRPWCRDt WASVCBDt WASBLKDt
  			WASDGTDt WSISUMDt TRLATSDt
  			TRLBTSDt CVLASFDt CVLASCDt
  			CVLALFDt CVLALCDt WASCOMDt
  			COGCOMDt CVLCOMDt
  			COGPGS
  			PC1 PC2 PC3 PC4 PC5 PC6
  		;
  	USEVARIABLES =
  		! outcome
    			CVLASF
    		! covariates
    			DEMAGE
    			DEMMAL  		
    		! predictor
    			CANF6M
    		;
    	USEOBSERVATION =
    			(Wave EQ 2 AND CVLASFDt EQ 1)
    		;
    	CLUSTER =
    			ID_Fam
    		;
    	MISSING = .;

  DEFINE:
  	CENTER	CANF6M
  			DEMMAL
  			DEMAGE (GRANDMEAN);

  ANALYSIS:
          ITERATIONS = 1000000;
          TYPE = COMPLEX;

  OUTPUT:
  	SAMPSTAT STDYX TECH1 CINT;

  MODEL:
  	CVLASF on CANF6M;
  	CVLASF on  DEMMAL DEMAGE;	
  	CVLASF*;
  	CANF6M WITH DEMMAL*;
  	CANF6M WITH DEMAGE*;



*** WARNING in VARIABLE command
  When a subpopulation is analyzed with TYPE=COMPLEX, standard errors
  may be incorrect.  Use the SUBPOPULATION option instead of the
  USEOBSERVATIONS option to obtain correct standard errors.
   1 WARNING(S) FOUND IN THE INPUT INSTRUCTIONS



CANF6M_CVLASF_2;

SUMMARY OF ANALYSIS

Number of groups                                                 1
Number of observations                                         424

Number of dependent variables                                    1
Number of independent variables                                  3
Number of continuous latent variables                            0

Observed dependent variables

  Continuous
   CVLASF

Observed independent variables
   DEMAGE      DEMMAL      CANF6M

Variables with special functions

  Cluster variable      ID_FAM

  Centering (GRANDMEAN)
   CANF6M      DEMMAL      DEMAGE


Estimator                                                      MLR
Information matrix                                        OBSERVED
Maximum number of iterations                               1000000
Convergence criterion                                    0.500D-04
Maximum number of steepest descent iterations                   20
Maximum number of iterations for H1                           2000
Convergence criterion for H1                             0.100D-03

Input data file(s)
  GD190618.csv

Input data format  FREE


SUMMARY OF DATA

     Number of missing data patterns             3
     Number of clusters         227



COVARIANCE COVERAGE OF DATA

Minimum covariance coverage value   0.100


     PROPORTION OF DATA PRESENT


           Covariance Coverage
              CVLASF        DEMAGE        DEMMAL        CANF6M
              ________      ________      ________      ________
 CVLASF         0.835
 DEMAGE         0.835         0.998
 DEMMAL         0.835         0.998         0.998
 CANF6M         0.835         0.998         0.998         1.000


SAMPLE STATISTICS


     ESTIMATED SAMPLE STATISTICS


           Means
              CVLASF        DEMAGE        DEMMAL        CANF6M
              ________      ________      ________      ________
      1        -0.371         0.000         0.000         0.000


           Covariances
              CVLASF        DEMAGE        DEMMAL        CANF6M
              ________      ________      ________      ________
 CVLASF         1.118
 DEMAGE        -0.085         8.632
 DEMMAL         0.037        -0.167         0.248
 CANF6M        -0.797        -3.274         1.323       135.198


           Correlations
              CVLASF        DEMAGE        DEMMAL        CANF6M
              ________      ________      ________      ________
 CVLASF         1.000
 DEMAGE        -0.028         1.000
 DEMMAL         0.070        -0.114         1.000
 CANF6M        -0.065        -0.096         0.229         1.000


     MAXIMUM LOG-LIKELIHOOD VALUE FOR THE UNRESTRICTED (H1) MODEL IS -3507.466


UNIVARIATE SAMPLE STATISTICS


     UNIVARIATE HIGHER-ORDER MOMENT DESCRIPTIVE STATISTICS

         Variable/         Mean/     Skewness/   Minimum/ % with                Percentiles
        Sample Size      Variance    Kurtosis    Maximum  Min/Max      20%/60%    40%/80%    Median

     CVLASF               -0.369      -0.272      -4.500    0.28%      -1.500     -0.500     -0.500
             354.000       1.118       0.044       2.000    0.85%       0.000      0.500
     DEMAGE                0.000       1.026      -5.595    0.24%      -2.455     -0.965     -0.305
             423.000       8.632       2.221      15.575    0.24%       0.275      2.115
     DEMMAL                0.000      -0.195      -0.548   45.15%      -0.548     -0.548      0.452
             423.000       0.248      -1.962       0.452   54.85%       0.452      0.452
     CANF6M                0.000       1.152      -7.686   46.70%      -7.686     -7.686     -7.516
             424.000     135.198      -0.434      22.314   12.97%      -6.356     12.314


THE MODEL ESTIMATION TERMINATED NORMALLY



MODEL FIT INFORMATION

Number of Free Parameters                       14

Loglikelihood

          H0 Value                       -3507.466
          H0 Scaling Correction Factor      1.0028
            for MLR
          H1 Value                       -3507.466
          H1 Scaling Correction Factor      1.0028
            for MLR

Information Criteria

          Akaike (AIC)                    7042.931
          Bayesian (BIC)                  7099.627
          Sample-Size Adjusted BIC        7055.201
            (n* = (n + 2) / 24)

Chi-Square Test of Model Fit

          Value                              0.000*
          Degrees of Freedom                     0
          P-Value                           0.0000
          Scaling Correction Factor         1.0000
            for MLR

*   The chi-square value for MLM, MLMV, MLR, ULSMV, WLSM and WLSMV cannot be used
    for chi-square difference testing in the regular way.  MLM, MLR and WLSM
    chi-square difference testing is described on the Mplus website.  MLMV, WLSMV,
    and ULSMV difference testing is done using the DIFFTEST option.

RMSEA (Root Mean Square Error Of Approximation)

          Estimate                           0.000
          90 Percent C.I.                    0.000  0.000
          Probability RMSEA <= .05           0.000

CFI/TLI

          CFI                                1.000
          TLI                                1.000

Chi-Square Test of Model Fit for the Baseline Model

          Value                              5.057
          Degrees of Freedom                     3
          P-Value                           0.1677

SRMR (Standardized Root Mean Square Residual)

          Value                              0.000



MODEL RESULTS

                                                    Two-Tailed
                    Estimate       S.E.  Est./S.E.    P-Value

 CVLASF   ON
    CANF6M            -0.008      0.004     -2.027      0.043
    DEMMAL             0.184      0.112      1.642      0.101
    DEMAGE            -0.009      0.020     -0.474      0.635

 CANF6M   WITH
    DEMMAL             1.323      0.256      5.168      0.000
    DEMAGE            -3.274      1.515     -2.161      0.031

 DEMMAL   WITH
    DEMAGE            -0.167      0.072     -2.315      0.021

 Means
    DEMAGE             0.000      0.154      0.003      0.998
    DEMMAL             0.000      0.026     -0.007      0.995
    CANF6M             0.000      0.612      0.000      1.000

 Intercepts
    CVLASF            -0.371      0.058     -6.426      0.000

 Variances
    DEMAGE             8.632      0.863     10.005      0.000
    DEMMAL             0.248      0.003     97.253      0.000
    CANF6M           135.199      8.821     15.328      0.000

 Residual Variances
    CVLASF             1.104      0.087     12.758      0.000


STANDARDIZED MODEL RESULTS


STDYX Standardization

                                                    Two-Tailed
                    Estimate       S.E.  Est./S.E.    P-Value

 CVLASF   ON
    CANF6M            -0.087      0.043     -2.042      0.041
    DEMMAL             0.087      0.052      1.660      0.097
    DEMAGE            -0.026      0.055     -0.475      0.635

 CANF6M   WITH
    DEMMAL             0.229      0.043      5.274      0.000
    DEMAGE            -0.096      0.043     -2.235      0.025

 DEMMAL   WITH
    DEMAGE            -0.114      0.048     -2.379      0.017

 Means
    DEMAGE             0.000      0.053      0.003      0.998
    DEMMAL             0.000      0.053     -0.007      0.995
    CANF6M             0.000      0.053      0.000      1.000

 Intercepts
    CVLASF            -0.351      0.054     -6.492      0.000

 Variances
    DEMAGE             1.000      0.000    999.000    999.000
    DEMMAL             1.000      0.000    999.000    999.000
    CANF6M             1.000      0.000    999.000    999.000

 Residual Variances
    CVLASF             0.988      0.011     93.306      0.000


R-SQUARE

    Observed                                        Two-Tailed
    Variable        Estimate       S.E.  Est./S.E.    P-Value

    CVLASF             0.012      0.011      1.171      0.241


QUALITY OF NUMERICAL RESULTS

     Condition Number for the Information Matrix              0.208E-04
       (ratio of smallest to largest eigenvalue)


CONFIDENCE INTERVALS OF MODEL RESULTS

                  Lower .5%  Lower 2.5%    Lower 5%    Estimate    Upper 5%  Upper 2.5%   Upper .5%

 CVLASF   ON
    CANF6M          -0.018      -0.016      -0.014      -0.008      -0.001       0.000       0.002
    DEMMAL          -0.105      -0.036       0.000       0.184       0.368       0.404       0.472
    DEMAGE          -0.060      -0.048      -0.042      -0.009       0.023       0.029       0.041

 CANF6M   WITH
    DEMMAL           0.664       0.822       0.902       1.323       1.745       1.825       1.983
    DEMAGE          -7.176      -6.243      -5.766      -3.274      -0.781      -0.304       0.629

 DEMMAL   WITH
    DEMAGE          -0.354      -0.309      -0.286      -0.167      -0.048      -0.026       0.019

 Means
    DEMAGE          -0.397      -0.302      -0.253       0.000       0.254       0.303       0.398
    DEMMAL          -0.068      -0.052      -0.043       0.000       0.043       0.051       0.067
    CANF6M          -1.576      -1.200      -1.007       0.000       1.007       1.200       1.576

 Intercepts
    CVLASF          -0.520      -0.485      -0.467      -0.371      -0.276      -0.258      -0.223

 Variances
    DEMAGE           6.410       6.941       7.213       8.632      10.051      10.323      10.854
    DEMMAL           0.241       0.243       0.243       0.248       0.252       0.253       0.254
    CANF6M         112.479     117.911     120.689     135.199     149.709     152.488     157.919

 Residual Variances
    CVLASF           0.881       0.934       0.961       1.104       1.246       1.273       1.327


CONFIDENCE INTERVALS OF STANDARDIZED MODEL RESULTS


STDYX Standardization

                  Lower .5%  Lower 2.5%    Lower 5%    Estimate    Upper 5%  Upper 2.5%   Upper .5%

 CVLASF   ON
    CANF6M          -0.197      -0.171      -0.157      -0.087      -0.017      -0.003       0.023
    DEMMAL          -0.048      -0.016       0.001       0.087       0.172       0.189       0.221
    DEMAGE          -0.167      -0.133      -0.116      -0.026       0.064       0.081       0.115

 CANF6M   WITH
    DEMMAL           0.117       0.144       0.157       0.229       0.300       0.314       0.340
    DEMAGE          -0.206      -0.180      -0.166      -0.096      -0.025      -0.012       0.015

 DEMMAL   WITH
    DEMAGE          -0.238      -0.209      -0.194      -0.114      -0.035      -0.020       0.009

 Means
    DEMAGE          -0.135      -0.103      -0.086       0.000       0.087       0.103       0.135
    DEMMAL          -0.136      -0.104      -0.087       0.000       0.086       0.103       0.136
    CANF6M          -0.136      -0.103      -0.087       0.000       0.087       0.103       0.136

 Intercepts
    CVLASF          -0.491      -0.457      -0.440      -0.351      -0.262      -0.245      -0.212

 Variances
    DEMAGE           1.000       1.000       1.000       1.000       1.000       1.000       1.000
    DEMMAL           1.000       1.000       1.000       1.000       1.000       1.000       1.000
    CANF6M           1.000       1.000       1.000       1.000       1.000       1.000       1.000

 Residual Variances
    CVLASF           0.960       0.967       0.970       0.988       1.005       1.008       1.015


TECHNICAL 1 OUTPUT


     PARAMETER SPECIFICATION


           NU
              CVLASF        DEMAGE        DEMMAL        CANF6M
              ________      ________      ________      ________
      1           0             0             0             0


           LAMBDA
              CVLASF        DEMAGE        DEMMAL        CANF6M
              ________      ________      ________      ________
 CVLASF             0             0             0             0
 DEMAGE             0             0             0             0
 DEMMAL             0             0             0             0
 CANF6M             0             0             0             0


           THETA
              CVLASF        DEMAGE        DEMMAL        CANF6M
              ________      ________      ________      ________
 CVLASF             0
 DEMAGE             0             0
 DEMMAL             0             0             0
 CANF6M             0             0             0             0


           ALPHA
              CVLASF        DEMAGE        DEMMAL        CANF6M
              ________      ________      ________      ________
      1           1             2             3             4


           BETA
              CVLASF        DEMAGE        DEMMAL        CANF6M
              ________      ________      ________      ________
 CVLASF             0             5             6             7
 DEMAGE             0             0             0             0
 DEMMAL             0             0             0             0
 CANF6M             0             0             0             0


           PSI
              CVLASF        DEMAGE        DEMMAL        CANF6M
              ________      ________      ________      ________
 CVLASF             8
 DEMAGE             0             9
 DEMMAL             0            10            11
 CANF6M             0            12            13            14


     STARTING VALUES


           NU
              CVLASF        DEMAGE        DEMMAL        CANF6M
              ________      ________      ________      ________
      1         0.000         0.000         0.000         0.000


           LAMBDA
              CVLASF        DEMAGE        DEMMAL        CANF6M
              ________      ________      ________      ________
 CVLASF         1.000         0.000         0.000         0.000
 DEMAGE         0.000         1.000         0.000         0.000
 DEMMAL         0.000         0.000         1.000         0.000
 CANF6M         0.000         0.000         0.000         1.000


           THETA
              CVLASF        DEMAGE        DEMMAL        CANF6M
              ________      ________      ________      ________
 CVLASF         0.000
 DEMAGE         0.000         0.000
 DEMMAL         0.000         0.000         0.000
 CANF6M         0.000         0.000         0.000         0.000


           ALPHA
              CVLASF        DEMAGE        DEMMAL        CANF6M
              ________      ________      ________      ________
      1        -0.369         0.000         0.000         0.000


           BETA
              CVLASF        DEMAGE        DEMMAL        CANF6M
              ________      ________      ________      ________
 CVLASF         0.000         0.000         0.000         0.000
 DEMAGE         0.000         0.000         0.000         0.000
 DEMMAL         0.000         0.000         0.000         0.000
 CANF6M         0.000         0.000         0.000         0.000


           PSI
              CVLASF        DEMAGE        DEMMAL        CANF6M
              ________      ________      ________      ________
 CVLASF         0.559
 DEMAGE         0.000         4.316
 DEMMAL         0.000         0.000         0.124
 CANF6M         0.000         0.000         0.000        67.599


     Beginning Time:  14:18:39
        Ending Time:  14:18:39
       Elapsed Time:  00:00:00



MUTHEN & MUTHEN
3463 Stoner Ave.
Los Angeles, CA  90066

Tel: (310) 391-9971
Fax: (310) 391-8971
Web: www.StatModel.com
Support: Support@StatModel.com

Copyright (c) 1998-2015 Muthen & Muthen
