Mplus VERSION 7.4 (Mac)
MUTHEN & MUTHEN
07/30/2019   2:19 PM

INPUT INSTRUCTIONS


  TITLE: CANFLF_WASVCB_1;

  DATA:
  	FILE = GD190618.csv;

  VARIABLE:
  	NAMES =
  			ID_Fam   Wave     ID_MPL
  			DEMMAL   DEMAGE   DEMHSP   DEMRAC
  			SRPWCR
  			WASVCB   WASBLK   WASDGT   WSISUM
  			TRLATS   TRLBTS
  			CVLASF   CVLASC   CVLALF   CVLALC
  			WASCOM   COGCOM   CVLCOM
  			CANEVR   CANONS   CANFLF
  			CANFTY   CANF6M   CANAC6
  			CANYRS
  			ALCEVR   ALCONS   ALCFLF
  			ALCFTY   ALCF6M   ALCAC6
  			ALCYRS
  			SRPWCRDt WASVCBDt WASBLKDt
  			WASDGTDt WSISUMDt TRLATSDt
  			TRLBTSDt CVLASFDt CVLASCDt
  			CVLALFDt CVLALCDt WASCOMDt
  			COGCOMDt CVLCOMDt
  			COGPGS
  			PC1 PC2 PC3 PC4 PC5 PC6
  		;
  	USEVARIABLES =
  		! outcome
    			WASVCB
    		! covariates
    			DEMAGE
    			DEMMAL  		
    		! predictor
    			CANFLF
    		;
    	USEOBSERVATION =
    			(Wave EQ 1 AND WASVCBDt EQ 1)
    		;
    	CLUSTER =
    			ID_Fam
    		;
    	MISSING = .;

  DEFINE:
  	CENTER	CANFLF
  			DEMMAL
  			DEMAGE (GRANDMEAN);

  ANALYSIS:
          ITERATIONS = 1000000;
          TYPE = COMPLEX;

  OUTPUT:
  	SAMPSTAT STDYX TECH1 CINT;

  MODEL:
  	WASVCB on CANFLF;
  	WASVCB on  DEMMAL DEMAGE;	
  	WASVCB*;
  	CANFLF WITH DEMMAL*;
  	CANFLF WITH DEMAGE*;




*** WARNING in VARIABLE command
  When a subpopulation is analyzed with TYPE=COMPLEX, standard errors
  may be incorrect.  Use the SUBPOPULATION option instead of the
  USEOBSERVATIONS option to obtain correct standard errors.
   1 WARNING(S) FOUND IN THE INPUT INSTRUCTIONS



CANFLF_WASVCB_1;

SUMMARY OF ANALYSIS

Number of groups                                                 1
Number of observations                                        1127

Number of dependent variables                                    1
Number of independent variables                                  3
Number of continuous latent variables                            0

Observed dependent variables

  Continuous
   WASVCB

Observed independent variables
   DEMAGE      DEMMAL      CANFLF

Variables with special functions

  Cluster variable      ID_FAM

  Centering (GRANDMEAN)
   CANFLF      DEMMAL      DEMAGE


Estimator                                                      MLR
Information matrix                                        OBSERVED
Maximum number of iterations                               1000000
Convergence criterion                                    0.500D-04
Maximum number of steepest descent iterations                   20
Maximum number of iterations for H1                           2000
Convergence criterion for H1                             0.100D-03

Input data file(s)
  GD190618.csv

Input data format  FREE


SUMMARY OF DATA

     Number of missing data patterns             3
     Number of clusters         583



COVARIANCE COVERAGE OF DATA

Minimum covariance coverage value   0.100


     PROPORTION OF DATA PRESENT


           Covariance Coverage
              WASVCB        DEMAGE        DEMMAL        CANFLF
              ________      ________      ________      ________
 WASVCB         1.000
 DEMAGE         0.999         0.999
 DEMMAL         1.000         0.999         1.000
 CANFLF         0.880         0.879         0.880         0.880


SAMPLE STATISTICS


     ESTIMATED SAMPLE STATISTICS


           Means
              WASVCB        DEMAGE        DEMMAL        CANFLF
              ________      ________      ________      ________
      1        44.226         0.000         0.000         0.173


           Covariances
              WASVCB        DEMAGE        DEMMAL        CANFLF
              ________      ________      ________      ________
 WASVCB        87.998
 DEMAGE        -1.667         6.298
 DEMMAL         0.042        -0.185         0.231
 CANFLF         1.011        -9.253         3.286       638.717


           Correlations
              WASVCB        DEMAGE        DEMMAL        CANFLF
              ________      ________      ________      ________
 WASVCB         1.000
 DEMAGE        -0.071         1.000
 DEMMAL         0.009        -0.153         1.000
 CANFLF         0.004        -0.146         0.270         1.000


     MAXIMUM LOG-LIKELIHOOD VALUE FOR THE UNRESTRICTED (H1) MODEL IS -12082.088


UNIVARIATE SAMPLE STATISTICS


     UNIVARIATE HIGHER-ORDER MOMENT DESCRIPTIVE STATISTICS

         Variable/         Mean/     Skewness/   Minimum/ % with                Percentiles
        Sample Size      Variance    Kurtosis    Maximum  Min/Max      20%/60%    40%/80%    Median

     WASVCB               44.226      -0.051      20.000    0.89%      36.000     42.000     44.000
            1127.000      87.998      -0.225      72.000    0.09%      47.000     52.000
     DEMAGE                0.000       1.424      -4.037    0.09%      -1.947     -1.077     -0.542
            1126.000       6.299       2.855      15.933    0.09%      -0.017      1.553
     DEMMAL                0.000      -0.566      -0.636   36.38%      -0.636      0.364      0.364
            1127.000       0.231      -1.679       0.364   63.62%       0.364      0.364
     CANFLF                0.000      -0.791     -41.923   11.79%     -37.923     18.077     18.077
             992.000     639.241      -1.225      18.077   64.42%      18.077     18.077


THE MODEL ESTIMATION TERMINATED NORMALLY

     THE STANDARD ERRORS OF THE MODEL PARAMETER ESTIMATES MAY NOT BE
     TRUSTWORTHY FOR SOME PARAMETERS DUE TO A NON-POSITIVE DEFINITE
     FIRST-ORDER DERIVATIVE PRODUCT MATRIX.  THIS MAY BE DUE TO THE STARTING
     VALUES BUT MAY ALSO BE AN INDICATION OF MODEL NONIDENTIFICATION.  THE
     CONDITION NUMBER IS       0.171D-13.  PROBLEM INVOLVING THE FOLLOWING PARAMETER:
     Parameter 14, CANFLF




MODEL FIT INFORMATION

Number of Free Parameters                       14

Loglikelihood

          H0 Value                      -12082.088
          H0 Scaling Correction Factor      1.1708
            for MLR
          H1 Value                      -12082.088
          H1 Scaling Correction Factor      1.1708
            for MLR

Information Criteria

          Akaike (AIC)                   24192.175
          Bayesian (BIC)                 24262.558
          Sample-Size Adjusted BIC       24218.090
            (n* = (n + 2) / 24)

Chi-Square Test of Model Fit

          Value                              0.000*
          Degrees of Freedom                     0
          P-Value                           0.0000
          Scaling Correction Factor         1.0000
            for MLR

*   The chi-square value for MLM, MLMV, MLR, ULSMV, WLSM and WLSMV cannot be used
    for chi-square difference testing in the regular way.  MLM, MLR and WLSM
    chi-square difference testing is described on the Mplus website.  MLMV, WLSMV,
    and ULSMV difference testing is done using the DIFFTEST option.

RMSEA (Root Mean Square Error Of Approximation)

          Estimate                           0.000
          90 Percent C.I.                    0.000  0.000
          Probability RMSEA <= .05           0.000

CFI/TLI

          CFI                                1.000
          TLI                                1.000

Chi-Square Test of Model Fit for the Baseline Model

          Value                              4.772
          Degrees of Freedom                     3
          P-Value                           0.1893

SRMR (Standardized Root Mean Square Residual)

          Value                              0.000



MODEL RESULTS

                                                    Two-Tailed
                    Estimate       S.E.  Est./S.E.    P-Value

 WASVCB   ON
    CANFLF            -0.002      0.013     -0.179      0.858
    DEMMAL             0.002      0.680      0.003      0.998
    DEMAGE            -0.268      0.127     -2.102      0.036

 CANFLF   WITH
    DEMMAL             3.286      0.402      8.177      0.000
    DEMAGE            -9.254      2.130     -4.345      0.000

 DEMMAL   WITH
    DEMAGE            -0.185      0.038     -4.818      0.000

 Means
    DEMAGE             0.000      0.076      0.001      0.999
    DEMMAL             0.000      0.015      0.000      1.000
    CANFLF             0.173      0.842      0.206      0.837

 Intercepts
    WASVCB            44.227      0.353    125.150      0.000

 Variances
    DEMAGE             6.298      0.410     15.366      0.000
    DEMMAL             0.231      0.004     55.781      0.000
    CANFLF           638.717     18.908     33.781      0.000

 Residual Variances
    WASVCB            87.554      3.807     22.999      0.000


STANDARDIZED MODEL RESULTS


STDYX Standardization

                                                    Two-Tailed
                    Estimate       S.E.  Est./S.E.    P-Value

 WASVCB   ON
    CANFLF            -0.006      0.035     -0.179      0.858
    DEMMAL             0.000      0.035      0.003      0.998
    DEMAGE            -0.072      0.035     -2.060      0.039

 CANFLF   WITH
    DEMMAL             0.270      0.032      8.402      0.000
    DEMAGE            -0.146      0.033     -4.376      0.000

 DEMMAL   WITH
    DEMAGE            -0.153      0.031     -4.871      0.000

 Means
    DEMAGE             0.000      0.030      0.001      0.999
    DEMMAL             0.000      0.032      0.000      1.000
    CANFLF             0.007      0.033      0.205      0.837

 Intercepts
    WASVCB             4.715      0.111     42.593      0.000

 Variances
    DEMAGE             1.000      0.000    999.000    999.000
    DEMMAL             1.000      0.000    999.000    999.000
    CANFLF             1.000      0.000    999.000    999.000

 Residual Variances
    WASVCB             0.995      0.005    205.947      0.000


R-SQUARE

    Observed                                        Two-Tailed
    Variable        Estimate       S.E.  Est./S.E.    P-Value

    WASVCB             0.005      0.005      1.046      0.296


QUALITY OF NUMERICAL RESULTS

     Condition Number for the Information Matrix              0.126E-03
       (ratio of smallest to largest eigenvalue)


CONFIDENCE INTERVALS OF MODEL RESULTS

                  Lower .5%  Lower 2.5%    Lower 5%    Estimate    Upper 5%  Upper 2.5%   Upper .5%

 WASVCB   ON
    CANFLF          -0.036      -0.028      -0.024      -0.002       0.019       0.023       0.031
    DEMMAL          -1.750      -1.331      -1.117       0.002       1.121       1.335       1.754
    DEMAGE          -0.596      -0.518      -0.478      -0.268      -0.058      -0.018       0.060

 CANFLF   WITH
    DEMMAL           2.251       2.499       2.625       3.286       3.947       4.074       4.322
    DEMAGE         -14.740     -13.428     -12.757      -9.254      -5.750      -5.079      -3.768

 DEMMAL   WITH
    DEMAGE          -0.283      -0.260      -0.248      -0.185      -0.122      -0.110      -0.086

 Means
    DEMAGE          -0.196      -0.149      -0.125       0.000       0.125       0.149       0.196
    DEMMAL          -0.039      -0.030      -0.025       0.000       0.025       0.030       0.039
    CANFLF          -1.996      -1.477      -1.212       0.173       1.559       1.824       2.343

 Intercepts
    WASVCB          43.316      43.534      43.645      44.227      44.808      44.919      45.137

 Variances
    DEMAGE           5.243       5.495       5.624       6.298       6.973       7.102       7.354
    DEMMAL           0.221       0.223       0.225       0.231       0.238       0.240       0.242
    CANFLF         590.015     601.659     607.614     638.717     669.820     675.776     687.419

 Residual Variances
    WASVCB          77.748      80.093      81.292      87.554      93.816      95.015      97.360


CONFIDENCE INTERVALS OF STANDARDIZED MODEL RESULTS


STDYX Standardization

                  Lower .5%  Lower 2.5%    Lower 5%    Estimate    Upper 5%  Upper 2.5%   Upper .5%

 WASVCB   ON
    CANFLF          -0.096      -0.075      -0.064      -0.006       0.051       0.062       0.084
    DEMMAL          -0.090      -0.068      -0.057       0.000       0.057       0.068       0.090
    DEMAGE          -0.161      -0.140      -0.129      -0.072      -0.014      -0.003       0.018

 CANFLF   WITH
    DEMMAL           0.187       0.207       0.217       0.270       0.323       0.333       0.353
    DEMAGE          -0.232      -0.211      -0.201      -0.146      -0.091      -0.081      -0.060

 DEMMAL   WITH
    DEMAGE          -0.234      -0.215      -0.205      -0.153      -0.101      -0.091      -0.072

 Means
    DEMAGE          -0.078      -0.059      -0.050       0.000       0.050       0.060       0.078
    DEMMAL          -0.082      -0.062      -0.052       0.000       0.052       0.062       0.082
    CANFLF          -0.079      -0.059      -0.048       0.007       0.062       0.072       0.093

 Intercepts
    WASVCB           4.430       4.498       4.533       4.715       4.897       4.932       5.000

 Variances
    DEMAGE           1.000       1.000       1.000       1.000       1.000       1.000       1.000
    DEMMAL           1.000       1.000       1.000       1.000       1.000       1.000       1.000
    CANFLF           1.000       1.000       1.000       1.000       1.000       1.000       1.000

 Residual Variances
    WASVCB           0.983       0.985       0.987       0.995       1.003       1.004       1.007


TECHNICAL 1 OUTPUT


     PARAMETER SPECIFICATION


           NU
              WASVCB        DEMAGE        DEMMAL        CANFLF
              ________      ________      ________      ________
      1           0             0             0             0


           LAMBDA
              WASVCB        DEMAGE        DEMMAL        CANFLF
              ________      ________      ________      ________
 WASVCB             0             0             0             0
 DEMAGE             0             0             0             0
 DEMMAL             0             0             0             0
 CANFLF             0             0             0             0


           THETA
              WASVCB        DEMAGE        DEMMAL        CANFLF
              ________      ________      ________      ________
 WASVCB             0
 DEMAGE             0             0
 DEMMAL             0             0             0
 CANFLF             0             0             0             0


           ALPHA
              WASVCB        DEMAGE        DEMMAL        CANFLF
              ________      ________      ________      ________
      1           1             2             3             4


           BETA
              WASVCB        DEMAGE        DEMMAL        CANFLF
              ________      ________      ________      ________
 WASVCB             0             5             6             7
 DEMAGE             0             0             0             0
 DEMMAL             0             0             0             0
 CANFLF             0             0             0             0


           PSI
              WASVCB        DEMAGE        DEMMAL        CANFLF
              ________      ________      ________      ________
 WASVCB             8
 DEMAGE             0             9
 DEMMAL             0            10            11
 CANFLF             0            12            13            14


     STARTING VALUES


           NU
              WASVCB        DEMAGE        DEMMAL        CANFLF
              ________      ________      ________      ________
      1         0.000         0.000         0.000         0.000


           LAMBDA
              WASVCB        DEMAGE        DEMMAL        CANFLF
              ________      ________      ________      ________
 WASVCB         1.000         0.000         0.000         0.000
 DEMAGE         0.000         1.000         0.000         0.000
 DEMMAL         0.000         0.000         1.000         0.000
 CANFLF         0.000         0.000         0.000         1.000


           THETA
              WASVCB        DEMAGE        DEMMAL        CANFLF
              ________      ________      ________      ________
 WASVCB         0.000
 DEMAGE         0.000         0.000
 DEMMAL         0.000         0.000         0.000
 CANFLF         0.000         0.000         0.000         0.000


           ALPHA
              WASVCB        DEMAGE        DEMMAL        CANFLF
              ________      ________      ________      ________
      1        44.226         0.000         0.000         0.000


           BETA
              WASVCB        DEMAGE        DEMMAL        CANFLF
              ________      ________      ________      ________
 WASVCB         0.000         0.000         0.000         0.000
 DEMAGE         0.000         0.000         0.000         0.000
 DEMMAL         0.000         0.000         0.000         0.000
 CANFLF         0.000         0.000         0.000         0.000


           PSI
              WASVCB        DEMAGE        DEMMAL        CANFLF
              ________      ________      ________      ________
 WASVCB        43.999
 DEMAGE         0.000         3.149
 DEMMAL         0.000         0.000         0.116
 CANFLF         0.000         0.000         0.000       319.621


     Beginning Time:  14:19:15
        Ending Time:  14:19:16
       Elapsed Time:  00:00:01



MUTHEN & MUTHEN
3463 Stoner Ave.
Los Angeles, CA  90066

Tel: (310) 391-9971
Fax: (310) 391-8971
Web: www.StatModel.com
Support: Support@StatModel.com

Copyright (c) 1998-2015 Muthen & Muthen
