Mplus VERSION 7.4 (Mac)
MUTHEN & MUTHEN
07/30/2019   2:18 PM

INPUT INSTRUCTIONS


  TITLE: CANFLF_CVLALC_2;

  DATA:
  	FILE = GD190618.csv;

  VARIABLE:
  	NAMES =
  			ID_Fam   Wave     ID_MPL
  			DEMMAL   DEMAGE   DEMHSP   DEMRAC
  			SRPWCR
  			WASVCB   WASBLK   WASDGT   WSISUM
  			TRLATS   TRLBTS
  			CVLASF   CVLASC   CVLALF   CVLALC
  			WASCOM   COGCOM   CVLCOM
  			CANEVR   CANONS   CANFLF
  			CANFTY   CANF6M   CANAC6
  			CANYRS
  			ALCEVR   ALCONS   ALCFLF
  			ALCFTY   ALCF6M   ALCAC6
  			ALCYRS
  			SRPWCRDt WASVCBDt WASBLKDt
  			WASDGTDt WSISUMDt TRLATSDt
  			TRLBTSDt CVLASFDt CVLASCDt
  			CVLALFDt CVLALCDt WASCOMDt
  			COGCOMDt CVLCOMDt
  			COGPGS
  			PC1 PC2 PC3 PC4 PC5 PC6
  		;
  	USEVARIABLES =
  		! outcome
    			CVLALC
    		! covariates
    			DEMAGE
    			DEMMAL  		
    		! predictor
    			CANFLF
    		;
    	USEOBSERVATION =
    			(Wave EQ 2 AND CVLALCDt EQ 1)
    		;
    	CLUSTER =
    			ID_Fam
    		;
    	MISSING = .;

  DEFINE:
  	CENTER	CANFLF
  			DEMMAL
  			DEMAGE (GRANDMEAN);

  ANALYSIS:
          ITERATIONS = 1000000;
          TYPE = COMPLEX;

  OUTPUT:
  	SAMPSTAT STDYX TECH1 CINT;

  MODEL:
  	CVLALC on CANFLF;
  	CVLALC on  DEMMAL DEMAGE;	
  	CVLALC*;
  	CANFLF WITH DEMMAL*;
  	CANFLF WITH DEMAGE*;



*** WARNING in VARIABLE command
  When a subpopulation is analyzed with TYPE=COMPLEX, standard errors
  may be incorrect.  Use the SUBPOPULATION option instead of the
  USEOBSERVATIONS option to obtain correct standard errors.
   1 WARNING(S) FOUND IN THE INPUT INSTRUCTIONS



CANFLF_CVLALC_2;

SUMMARY OF ANALYSIS

Number of groups                                                 1
Number of observations                                         424

Number of dependent variables                                    1
Number of independent variables                                  3
Number of continuous latent variables                            0

Observed dependent variables

  Continuous
   CVLALC

Observed independent variables
   DEMAGE      DEMMAL      CANFLF

Variables with special functions

  Cluster variable      ID_FAM

  Centering (GRANDMEAN)
   CANFLF      DEMMAL      DEMAGE


Estimator                                                      MLR
Information matrix                                        OBSERVED
Maximum number of iterations                               1000000
Convergence criterion                                    0.500D-04
Maximum number of steepest descent iterations                   20
Maximum number of iterations for H1                           2000
Convergence criterion for H1                             0.100D-03

Input data file(s)
  GD190618.csv

Input data format  FREE


SUMMARY OF DATA

     Number of missing data patterns             3
     Number of clusters         227



COVARIANCE COVERAGE OF DATA

Minimum covariance coverage value   0.100


     PROPORTION OF DATA PRESENT


           Covariance Coverage
              CVLALC        DEMAGE        DEMMAL        CANFLF
              ________      ________      ________      ________
 CVLALC         0.835
 DEMAGE         0.835         0.998
 DEMMAL         0.835         0.998         0.998
 CANFLF         0.835         0.998         0.998         1.000


SAMPLE STATISTICS


     ESTIMATED SAMPLE STATISTICS


           Means
              CVLALC        DEMAGE        DEMMAL        CANFLF
              ________      ________      ________      ________
      1        -0.596        -0.001         0.000         0.000


           Covariances
              CVLALC        DEMAGE        DEMMAL        CANFLF
              ________      ________      ________      ________
 CVLALC         1.133
 DEMAGE        -0.111         8.632
 DEMMAL         0.030        -0.167         0.248
 CANFLF         0.935        -9.551         2.900       468.941


           Correlations
              CVLALC        DEMAGE        DEMMAL        CANFLF
              ________      ________      ________      ________
 CVLALC         1.000
 DEMAGE        -0.036         1.000
 DEMMAL         0.057        -0.114         1.000
 CANFLF         0.041        -0.150         0.269         1.000


     MAXIMUM LOG-LIKELIHOOD VALUE FOR THE UNRESTRICTED (H1) MODEL IS -3768.233


UNIVARIATE SAMPLE STATISTICS


     UNIVARIATE HIGHER-ORDER MOMENT DESCRIPTIVE STATISTICS

         Variable/         Mean/     Skewness/   Minimum/ % with                Percentiles
        Sample Size      Variance    Kurtosis    Maximum  Min/Max      20%/60%    40%/80%    Median

     CVLALC               -0.590      -0.700      -5.000    0.28%      -1.500     -1.000     -0.500
             354.000       1.133       0.672       1.500    1.41%       0.000      0.500
     DEMAGE                0.000       1.026      -5.595    0.24%      -2.455     -0.965     -0.305
             423.000       8.632       2.221      15.575    0.24%       0.275      2.115
     DEMMAL                0.000      -0.195      -0.548   45.15%      -0.548     -0.548      0.452
             423.000       0.248      -1.962       0.452   54.85%       0.452      0.452
     CANFLF                0.000      -1.406     -48.079    7.31%     -18.079     11.921     11.921
             424.000     468.941       0.212      11.921   75.24%      11.921     11.921


THE MODEL ESTIMATION TERMINATED NORMALLY



MODEL FIT INFORMATION

Number of Free Parameters                       14

Loglikelihood

          H0 Value                       -3768.233
          H0 Scaling Correction Factor      1.1695
            for MLR
          H1 Value                       -3768.233
          H1 Scaling Correction Factor      1.1695
            for MLR

Information Criteria

          Akaike (AIC)                    7564.466
          Bayesian (BIC)                  7621.162
          Sample-Size Adjusted BIC        7576.735
            (n* = (n + 2) / 24)

Chi-Square Test of Model Fit

          Value                              0.000*
          Degrees of Freedom                     0
          P-Value                           0.0000
          Scaling Correction Factor         1.0000
            for MLR

*   The chi-square value for MLM, MLMV, MLR, ULSMV, WLSM and WLSMV cannot be used
    for chi-square difference testing in the regular way.  MLM, MLR and WLSM
    chi-square difference testing is described on the Mplus website.  MLMV, WLSMV,
    and ULSMV difference testing is done using the DIFFTEST option.

RMSEA (Root Mean Square Error Of Approximation)

          Estimate                           0.000
          90 Percent C.I.                    0.000  0.000
          Probability RMSEA <= .05           0.000

CFI/TLI

          CFI                                0.000
          TLI                                1.000

Chi-Square Test of Model Fit for the Baseline Model

          Value                              1.457
          Degrees of Freedom                     3
          P-Value                           0.6923

SRMR (Standardized Root Mean Square Residual)

          Value                              0.000



MODEL RESULTS

                                                    Two-Tailed
                    Estimate       S.E.  Est./S.E.    P-Value

 CVLALC   ON
    CANFLF             0.001      0.003      0.444      0.657
    DEMMAL             0.101      0.115      0.878      0.380
    DEMAGE            -0.010      0.022     -0.433      0.665

 CANFLF   WITH
    DEMMAL             2.900      0.551      5.265      0.000
    DEMAGE            -9.551      3.784     -2.524      0.012

 DEMMAL   WITH
    DEMAGE            -0.167      0.072     -2.314      0.021

 Means
    DEMAGE            -0.001      0.154     -0.004      0.997
    DEMMAL             0.000      0.026      0.007      0.995
    CANFLF             0.000      1.146      0.000      1.000

 Intercepts
    CVLALC            -0.596      0.059    -10.148      0.000

 Variances
    DEMAGE             8.632      0.863     10.005      0.000
    DEMMAL             0.248      0.003     97.145      0.000
    CANFLF           468.941     36.008     13.023      0.000

 Residual Variances
    CVLALC             1.128      0.098     11.495      0.000


STANDARDIZED MODEL RESULTS


STDYX Standardization

                                                    Two-Tailed
                    Estimate       S.E.  Est./S.E.    P-Value

 CVLALC   ON
    CANFLF             0.024      0.054      0.445      0.656
    DEMMAL             0.047      0.054      0.877      0.380
    DEMAGE            -0.027      0.061     -0.433      0.665

 CANFLF   WITH
    DEMMAL             0.269      0.049      5.523      0.000
    DEMAGE            -0.150      0.057     -2.619      0.009

 DEMMAL   WITH
    DEMAGE            -0.114      0.048     -2.378      0.017

 Means
    DEMAGE             0.000      0.053     -0.004      0.997
    DEMMAL             0.000      0.053      0.007      0.995
    CANFLF             0.000      0.053      0.000      1.000

 Intercepts
    CVLALC            -0.560      0.049    -11.316      0.000

 Variances
    DEMAGE             1.000      0.000    999.000    999.000
    DEMMAL             1.000      0.000    999.000    999.000
    CANFLF             1.000      0.000    999.000    999.000

 Residual Variances
    CVLALC             0.995      0.008    127.551      0.000


R-SQUARE

    Observed                                        Two-Tailed
    Variable        Estimate       S.E.  Est./S.E.    P-Value

    CVLALC             0.005      0.008      0.586      0.558


QUALITY OF NUMERICAL RESULTS

     Condition Number for the Information Matrix              0.628E-05
       (ratio of smallest to largest eigenvalue)


CONFIDENCE INTERVALS OF MODEL RESULTS

                  Lower .5%  Lower 2.5%    Lower 5%    Estimate    Upper 5%  Upper 2.5%   Upper .5%

 CVLALC   ON
    CANFLF          -0.006      -0.004      -0.003       0.001       0.006       0.006       0.008
    DEMMAL          -0.195      -0.124      -0.088       0.101       0.289       0.326       0.396
    DEMAGE          -0.067      -0.053      -0.046      -0.010       0.027       0.034       0.048

 CANFLF   WITH
    DEMMAL           1.481       1.820       1.994       2.900       3.806       3.980       4.319
    DEMAGE         -19.298     -16.968     -15.776      -9.551      -3.327      -2.135       0.195

 DEMMAL   WITH
    DEMAGE          -0.353      -0.309      -0.286      -0.167      -0.048      -0.026       0.019

 Means
    DEMAGE          -0.398      -0.303      -0.254      -0.001       0.253       0.302       0.397
    DEMMAL          -0.068      -0.051      -0.043       0.000       0.043       0.052       0.068
    CANFLF          -2.951      -2.245      -1.885       0.000       1.885       2.246       2.951

 Intercepts
    CVLALC          -0.747      -0.711      -0.692      -0.596      -0.499      -0.481      -0.445

 Variances
    DEMAGE           6.409       6.941       7.212       8.632      10.051      10.323      10.854
    DEMMAL           0.241       0.243       0.243       0.248       0.252       0.253       0.254
    CANFLF         376.193     398.366     409.709     468.941     528.174     539.516     561.690

 Residual Variances
    CVLALC           0.875       0.936       0.967       1.128       1.289       1.320       1.381


CONFIDENCE INTERVALS OF STANDARDIZED MODEL RESULTS


STDYX Standardization

                  Lower .5%  Lower 2.5%    Lower 5%    Estimate    Upper 5%  Upper 2.5%   Upper .5%

 CVLALC   ON
    CANFLF          -0.114      -0.081      -0.064       0.024       0.112       0.129       0.162
    DEMMAL          -0.091      -0.058      -0.041       0.047       0.135       0.152       0.185
    DEMAGE          -0.185      -0.147      -0.128      -0.027       0.074       0.094       0.132

 CANFLF   WITH
    DEMMAL           0.144       0.174       0.189       0.269       0.349       0.365       0.395
    DEMAGE          -0.298      -0.262      -0.244      -0.150      -0.056      -0.038      -0.002

 DEMMAL   WITH
    DEMAGE          -0.238      -0.209      -0.194      -0.114      -0.035      -0.020       0.010

 Means
    DEMAGE          -0.135      -0.103      -0.087       0.000       0.086       0.103       0.135
    DEMMAL          -0.136      -0.103      -0.087       0.000       0.087       0.104       0.136
    CANFLF          -0.136      -0.104      -0.087       0.000       0.087       0.104       0.136

 Intercepts
    CVLALC          -0.687      -0.657      -0.641      -0.560      -0.478      -0.463      -0.432

 Variances
    DEMAGE           1.000       1.000       1.000       1.000       1.000       1.000       1.000
    DEMMAL           1.000       1.000       1.000       1.000       1.000       1.000       1.000
    CANFLF           1.000       1.000       1.000       1.000       1.000       1.000       1.000

 Residual Variances
    CVLALC           0.975       0.980       0.983       0.995       1.008       1.011       1.016


TECHNICAL 1 OUTPUT


     PARAMETER SPECIFICATION


           NU
              CVLALC        DEMAGE        DEMMAL        CANFLF
              ________      ________      ________      ________
      1           0             0             0             0


           LAMBDA
              CVLALC        DEMAGE        DEMMAL        CANFLF
              ________      ________      ________      ________
 CVLALC             0             0             0             0
 DEMAGE             0             0             0             0
 DEMMAL             0             0             0             0
 CANFLF             0             0             0             0


           THETA
              CVLALC        DEMAGE        DEMMAL        CANFLF
              ________      ________      ________      ________
 CVLALC             0
 DEMAGE             0             0
 DEMMAL             0             0             0
 CANFLF             0             0             0             0


           ALPHA
              CVLALC        DEMAGE        DEMMAL        CANFLF
              ________      ________      ________      ________
      1           1             2             3             4


           BETA
              CVLALC        DEMAGE        DEMMAL        CANFLF
              ________      ________      ________      ________
 CVLALC             0             5             6             7
 DEMAGE             0             0             0             0
 DEMMAL             0             0             0             0
 CANFLF             0             0             0             0


           PSI
              CVLALC        DEMAGE        DEMMAL        CANFLF
              ________      ________      ________      ________
 CVLALC             8
 DEMAGE             0             9
 DEMMAL             0            10            11
 CANFLF             0            12            13            14


     STARTING VALUES


           NU
              CVLALC        DEMAGE        DEMMAL        CANFLF
              ________      ________      ________      ________
      1         0.000         0.000         0.000         0.000


           LAMBDA
              CVLALC        DEMAGE        DEMMAL        CANFLF
              ________      ________      ________      ________
 CVLALC         1.000         0.000         0.000         0.000
 DEMAGE         0.000         1.000         0.000         0.000
 DEMMAL         0.000         0.000         1.000         0.000
 CANFLF         0.000         0.000         0.000         1.000


           THETA
              CVLALC        DEMAGE        DEMMAL        CANFLF
              ________      ________      ________      ________
 CVLALC         0.000
 DEMAGE         0.000         0.000
 DEMMAL         0.000         0.000         0.000
 CANFLF         0.000         0.000         0.000         0.000


           ALPHA
              CVLALC        DEMAGE        DEMMAL        CANFLF
              ________      ________      ________      ________
      1        -0.590         0.000         0.000         0.000


           BETA
              CVLALC        DEMAGE        DEMMAL        CANFLF
              ________      ________      ________      ________
 CVLALC         0.000         0.000         0.000         0.000
 DEMAGE         0.000         0.000         0.000         0.000
 DEMMAL         0.000         0.000         0.000         0.000
 CANFLF         0.000         0.000         0.000         0.000


           PSI
              CVLALC        DEMAGE        DEMMAL        CANFLF
              ________      ________      ________      ________
 CVLALC         0.567
 DEMAGE         0.000         4.316
 DEMMAL         0.000         0.000         0.124
 CANFLF         0.000         0.000         0.000       234.471


     Beginning Time:  14:18:56
        Ending Time:  14:18:56
       Elapsed Time:  00:00:00



MUTHEN & MUTHEN
3463 Stoner Ave.
Los Angeles, CA  90066

Tel: (310) 391-9971
Fax: (310) 391-8971
Web: www.StatModel.com
Support: Support@StatModel.com

Copyright (c) 1998-2015 Muthen & Muthen
