Mplus VERSION 7.4 (Mac)
MUTHEN & MUTHEN
07/30/2019   2:18 PM

INPUT INSTRUCTIONS


  TITLE: CANF6M_COGCOM_1;

  DATA:
  	FILE = GD190618.csv;

  VARIABLE:
  	NAMES =
  			ID_Fam   Wave     ID_MPL
  			DEMMAL   DEMAGE   DEMHSP   DEMRAC
  			SRPWCR
  			WASVCB   WASBLK   WASDGT   WSISUM
  			TRLATS   TRLBTS
  			CVLASF   CVLASC   CVLALF   CVLALC
  			WASCOM   COGCOM   CVLCOM
  			CANEVR   CANONS   CANFLF
  			CANFTY   CANF6M   CANAC6
  			CANYRS
  			ALCEVR   ALCONS   ALCFLF
  			ALCFTY   ALCF6M   ALCAC6
  			ALCYRS
  			SRPWCRDt WASVCBDt WASBLKDt
  			WASDGTDt WSISUMDt TRLATSDt
  			TRLBTSDt CVLASFDt CVLASCDt
  			CVLALFDt CVLALCDt WASCOMDt
  			COGCOMDt CVLCOMDt
  			COGPGS
  			PC1 PC2 PC3 PC4 PC5 PC6
  		;
  	USEVARIABLES =
  		! outcome
    			COGCOM
    		! covariates
    			DEMAGE
    			DEMMAL  		
    		! predictor
    			CANF6M
    		;
    	USEOBSERVATION =
    			(Wave EQ 1 AND COGCOMDt EQ 1)
    		;
    	CLUSTER =
    			ID_Fam
    		;
    	MISSING = .;

  DEFINE:
  	CENTER	CANF6M
  			DEMMAL
  			DEMAGE (GRANDMEAN);

  ANALYSIS:
          ITERATIONS = 1000000;
          TYPE = COMPLEX;

  OUTPUT:
  	SAMPSTAT STDYX TECH1 CINT;

  MODEL:
  	COGCOM on CANF6M;
  	COGCOM on  DEMMAL DEMAGE;	
  	COGCOM*;
  	CANF6M WITH DEMMAL*;
  	CANF6M WITH DEMAGE*;



*** WARNING in VARIABLE command
  When a subpopulation is analyzed with TYPE=COMPLEX, standard errors
  may be incorrect.  Use the SUBPOPULATION option instead of the
  USEOBSERVATIONS option to obtain correct standard errors.
*** WARNING
  Data set contains cases with missing on all variables.
  These cases were not included in the analysis.
  Number of cases with missing on all variables:  1
   2 WARNING(S) FOUND IN THE INPUT INSTRUCTIONS



CANF6M_COGCOM_1;

SUMMARY OF ANALYSIS

Number of groups                                                 1
Number of observations                                        1121

Number of dependent variables                                    1
Number of independent variables                                  3
Number of continuous latent variables                            0

Observed dependent variables

  Continuous
   COGCOM

Observed independent variables
   DEMAGE      DEMMAL      CANF6M

Variables with special functions

  Cluster variable      ID_FAM

  Centering (GRANDMEAN)
   CANF6M      DEMMAL      DEMAGE


Estimator                                                      MLR
Information matrix                                        OBSERVED
Maximum number of iterations                               1000000
Convergence criterion                                    0.500D-04
Maximum number of steepest descent iterations                   20
Maximum number of iterations for H1                           2000
Convergence criterion for H1                             0.100D-03

Input data file(s)
  GD190618.csv

Input data format  FREE


SUMMARY OF DATA

     Number of missing data patterns             4
     Number of clusters         583



COVARIANCE COVERAGE OF DATA

Minimum covariance coverage value   0.100


     PROPORTION OF DATA PRESENT


           Covariance Coverage
              COGCOM        DEMAGE        DEMMAL        CANF6M
              ________      ________      ________      ________
 COGCOM         0.997
 DEMAGE         0.996         0.999
 DEMMAL         0.997         0.999         1.000
 CANF6M         0.993         0.995         0.996         0.996


SAMPLE STATISTICS


     ESTIMATED SAMPLE STATISTICS


           Means
              COGCOM        DEMAGE        DEMMAL        CANF6M
              ________      ________      ________      ________
      1         0.008         0.001         0.000         0.010


           Covariances
              COGCOM        DEMAGE        DEMMAL        CANF6M
              ________      ________      ________      ________
 COGCOM         0.374
 DEMAGE        -0.168         6.430
 DEMMAL         0.026        -0.199         0.232
 CANF6M         0.433        -4.904         1.145       117.711


           Correlations
              COGCOM        DEMAGE        DEMMAL        CANF6M
              ________      ________      ________      ________
 COGCOM         1.000
 DEMAGE        -0.108         1.000
 DEMMAL         0.089        -0.163         1.000
 CANF6M         0.065        -0.178         0.219         1.000


     MAXIMUM LOG-LIKELIHOOD VALUE FOR THE UNRESTRICTED (H1) MODEL IS -8619.136


UNIVARIATE SAMPLE STATISTICS


     UNIVARIATE HIGHER-ORDER MOMENT DESCRIPTIVE STATISTICS

         Variable/         Mean/     Skewness/   Minimum/ % with                Percentiles
        Sample Size      Variance    Kurtosis    Maximum  Min/Max      20%/60%    40%/80%    Median

     COGCOM                0.009      -0.095      -1.962    0.09%      -0.516     -0.150      0.022
            1118.000       0.374       0.022       1.901    0.09%       0.185      0.525
     DEMAGE                0.000       1.539      -4.043    0.09%      -1.943     -1.063     -0.543
            1120.000       6.430       3.720      15.927    0.09%      -0.023      1.547
     DEMMAL                0.000      -0.557      -0.634   36.57%      -0.634      0.366      0.366
            1121.000       0.232      -1.689       0.366   63.43%       0.366      0.366
     CANF6M                0.000       0.942      -8.463   33.60%      -8.463     -8.133     -7.293
            1116.000     117.724      -0.696      21.537    7.89%      -3.463     11.537


THE MODEL ESTIMATION TERMINATED NORMALLY

     THE STANDARD ERRORS OF THE MODEL PARAMETER ESTIMATES MAY NOT BE
     TRUSTWORTHY FOR SOME PARAMETERS DUE TO A NON-POSITIVE DEFINITE
     FIRST-ORDER DERIVATIVE PRODUCT MATRIX.  THIS MAY BE DUE TO THE STARTING
     VALUES BUT MAY ALSO BE AN INDICATION OF MODEL NONIDENTIFICATION.  THE
     CONDITION NUMBER IS       0.286D-15.  PROBLEM INVOLVING THE FOLLOWING PARAMETER:
     Parameter 14, CANF6M




MODEL FIT INFORMATION

Number of Free Parameters                       14

Loglikelihood

          H0 Value                       -8619.136
          H0 Scaling Correction Factor      1.1290
            for MLR
          H1 Value                       -8619.136
          H1 Scaling Correction Factor      1.1290
            for MLR

Information Criteria

          Akaike (AIC)                   17266.273
          Bayesian (BIC)                 17336.581
          Sample-Size Adjusted BIC       17292.113
            (n* = (n + 2) / 24)

Chi-Square Test of Model Fit

          Value                              0.000*
          Degrees of Freedom                     0
          P-Value                           0.0000
          Scaling Correction Factor         1.0000
            for MLR

*   The chi-square value for MLM, MLMV, MLR, ULSMV, WLSM and WLSMV cannot be used
    for chi-square difference testing in the regular way.  MLM, MLR and WLSM
    chi-square difference testing is described on the Mplus website.  MLMV, WLSMV,
    and ULSMV difference testing is done using the DIFFTEST option.

RMSEA (Root Mean Square Error Of Approximation)

          Estimate                           0.000
          90 Percent C.I.                    0.000  0.000
          Probability RMSEA <= .05           0.000

CFI/TLI

          CFI                                1.000
          TLI                                1.000

Chi-Square Test of Model Fit for the Baseline Model

          Value                             19.371
          Degrees of Freedom                     3
          P-Value                           0.0002

SRMR (Standardized Root Mean Square Residual)

          Value                              0.000



MODEL RESULTS

                                                    Two-Tailed
                    Estimate       S.E.  Est./S.E.    P-Value

 COGCOM   ON
    CANF6M             0.002      0.002      1.121      0.262
    DEMMAL             0.084      0.042      2.018      0.044
    DEMAGE            -0.022      0.007     -2.971      0.003

 CANF6M   WITH
    DEMMAL             1.145      0.153      7.474      0.000
    DEMAGE            -4.904      0.730     -6.717      0.000

 DEMMAL   WITH
    DEMAGE            -0.199      0.039     -5.060      0.000

 Means
    DEMAGE             0.001      0.077      0.006      0.995
    DEMMAL             0.000      0.015      0.000      1.000
    CANF6M             0.010      0.352      0.028      0.978

 Intercepts
    COGCOM             0.008      0.021      0.405      0.686

 Variances
    DEMAGE             6.430      0.456     14.097      0.000
    DEMMAL             0.232      0.004     56.244      0.000
    CANF6M           117.711      4.338     27.136      0.000

 Residual Variances
    COGCOM             0.368      0.016     22.618      0.000


STANDARDIZED MODEL RESULTS


STDYX Standardization

                                                    Two-Tailed
                    Estimate       S.E.  Est./S.E.    P-Value

 COGCOM   ON
    CANF6M             0.034      0.031      1.122      0.262
    DEMMAL             0.066      0.033      2.030      0.042
    DEMAGE            -0.091      0.031     -2.989      0.003

 CANF6M   WITH
    DEMMAL             0.219      0.029      7.575      0.000
    DEMAGE            -0.178      0.025     -7.198      0.000

 DEMMAL   WITH
    DEMAGE            -0.163      0.031     -5.218      0.000

 Means
    DEMAGE             0.000      0.031      0.006      0.995
    DEMMAL             0.000      0.032      0.000      1.000
    CANF6M             0.001      0.032      0.028      0.978

 Intercepts
    COGCOM             0.014      0.034      0.405      0.686

 Variances
    DEMAGE             1.000      0.000    999.000    999.000
    DEMMAL             1.000      0.000    999.000    999.000
    CANF6M             1.000      0.000    999.000    999.000

 Residual Variances
    COGCOM             0.982      0.008    125.642      0.000


R-SQUARE

    Observed                                        Two-Tailed
    Variable        Estimate       S.E.  Est./S.E.    P-Value

    COGCOM             0.018      0.008      2.308      0.021


QUALITY OF NUMERICAL RESULTS

     Condition Number for the Information Matrix              0.236E-04
       (ratio of smallest to largest eigenvalue)


CONFIDENCE INTERVALS OF MODEL RESULTS

                  Lower .5%  Lower 2.5%    Lower 5%    Estimate    Upper 5%  Upper 2.5%   Upper .5%

 COGCOM   ON
    CANF6M          -0.003      -0.001      -0.001       0.002       0.005       0.005       0.006
    DEMMAL          -0.023       0.002       0.016       0.084       0.153       0.166       0.192
    DEMAGE          -0.041      -0.037      -0.034      -0.022      -0.010      -0.007      -0.003

 CANF6M   WITH
    DEMMAL           0.751       0.845       0.893       1.145       1.397       1.446       1.540
    DEMAGE          -6.784      -6.334      -6.104      -4.904      -3.703      -3.473      -3.023

 DEMMAL   WITH
    DEMAGE          -0.301      -0.276      -0.264      -0.199      -0.135      -0.122      -0.098

 Means
    DEMAGE          -0.199      -0.151      -0.127       0.001       0.128       0.152       0.200
    DEMMAL          -0.040      -0.030      -0.025       0.000       0.025       0.030       0.040
    CANF6M          -0.897      -0.680      -0.569       0.010       0.589       0.700       0.916

 Intercepts
    COGCOM          -0.045      -0.033      -0.026       0.008       0.043       0.050       0.062

 Variances
    DEMAGE           5.255       5.536       5.680       6.430       7.180       7.324       7.605
    DEMMAL           0.221       0.224       0.225       0.232       0.239       0.240       0.243
    CANF6M         106.538     109.209     110.575     117.711     124.847     126.213     128.884

 Residual Variances
    COGCOM           0.326       0.336       0.341       0.368       0.394       0.399       0.409


CONFIDENCE INTERVALS OF STANDARDIZED MODEL RESULTS


STDYX Standardization

                  Lower .5%  Lower 2.5%    Lower 5%    Estimate    Upper 5%  Upper 2.5%   Upper .5%

 COGCOM   ON
    CANF6M          -0.045      -0.026      -0.016       0.034       0.085       0.094       0.113
    DEMMAL          -0.018       0.002       0.013       0.066       0.120       0.131       0.151
    DEMAGE          -0.170      -0.151      -0.142      -0.091      -0.041      -0.031      -0.013

 CANF6M   WITH
    DEMMAL           0.145       0.162       0.172       0.219       0.267       0.276       0.294
    DEMAGE          -0.242      -0.227      -0.219      -0.178      -0.138      -0.130      -0.114

 DEMMAL   WITH
    DEMAGE          -0.244      -0.224      -0.215      -0.163      -0.112      -0.102      -0.083

 Means
    DEMAGE          -0.078      -0.060      -0.050       0.000       0.050       0.060       0.079
    DEMMAL          -0.082      -0.063      -0.052       0.000       0.052       0.063       0.082
    CANF6M          -0.083      -0.063      -0.052       0.001       0.054       0.064       0.084

 Intercepts
    COGCOM          -0.074      -0.053      -0.042       0.014       0.070       0.081       0.102

 Variances
    DEMAGE           1.000       1.000       1.000       1.000       1.000       1.000       1.000
    DEMMAL           1.000       1.000       1.000       1.000       1.000       1.000       1.000
    CANF6M           1.000       1.000       1.000       1.000       1.000       1.000       1.000

 Residual Variances
    COGCOM           0.962       0.967       0.969       0.982       0.995       0.997       1.002


TECHNICAL 1 OUTPUT


     PARAMETER SPECIFICATION


           NU
              COGCOM        DEMAGE        DEMMAL        CANF6M
              ________      ________      ________      ________
      1           0             0             0             0


           LAMBDA
              COGCOM        DEMAGE        DEMMAL        CANF6M
              ________      ________      ________      ________
 COGCOM             0             0             0             0
 DEMAGE             0             0             0             0
 DEMMAL             0             0             0             0
 CANF6M             0             0             0             0


           THETA
              COGCOM        DEMAGE        DEMMAL        CANF6M
              ________      ________      ________      ________
 COGCOM             0
 DEMAGE             0             0
 DEMMAL             0             0             0
 CANF6M             0             0             0             0


           ALPHA
              COGCOM        DEMAGE        DEMMAL        CANF6M
              ________      ________      ________      ________
      1           1             2             3             4


           BETA
              COGCOM        DEMAGE        DEMMAL        CANF6M
              ________      ________      ________      ________
 COGCOM             0             5             6             7
 DEMAGE             0             0             0             0
 DEMMAL             0             0             0             0
 CANF6M             0             0             0             0


           PSI
              COGCOM        DEMAGE        DEMMAL        CANF6M
              ________      ________      ________      ________
 COGCOM             8
 DEMAGE             0             9
 DEMMAL             0            10            11
 CANF6M             0            12            13            14


     STARTING VALUES


           NU
              COGCOM        DEMAGE        DEMMAL        CANF6M
              ________      ________      ________      ________
      1         0.000         0.000         0.000         0.000


           LAMBDA
              COGCOM        DEMAGE        DEMMAL        CANF6M
              ________      ________      ________      ________
 COGCOM         1.000         0.000         0.000         0.000
 DEMAGE         0.000         1.000         0.000         0.000
 DEMMAL         0.000         0.000         1.000         0.000
 CANF6M         0.000         0.000         0.000         1.000


           THETA
              COGCOM        DEMAGE        DEMMAL        CANF6M
              ________      ________      ________      ________
 COGCOM         0.000
 DEMAGE         0.000         0.000
 DEMMAL         0.000         0.000         0.000
 CANF6M         0.000         0.000         0.000         0.000


           ALPHA
              COGCOM        DEMAGE        DEMMAL        CANF6M
              ________      ________      ________      ________
      1         0.009         0.000         0.000         0.000


           BETA
              COGCOM        DEMAGE        DEMMAL        CANF6M
              ________      ________      ________      ________
 COGCOM         0.000         0.000         0.000         0.000
 DEMAGE         0.000         0.000         0.000         0.000
 DEMMAL         0.000         0.000         0.000         0.000
 CANF6M         0.000         0.000         0.000         0.000


           PSI
              COGCOM        DEMAGE        DEMMAL        CANF6M
              ________      ________      ________      ________
 COGCOM         0.187
 DEMAGE         0.000         3.215
 DEMMAL         0.000         0.000         0.116
 CANF6M         0.000         0.000         0.000        58.862


     Beginning Time:  14:18:30
        Ending Time:  14:18:30
       Elapsed Time:  00:00:00



MUTHEN & MUTHEN
3463 Stoner Ave.
Los Angeles, CA  90066

Tel: (310) 391-9971
Fax: (310) 391-8971
Web: www.StatModel.com
Support: Support@StatModel.com

Copyright (c) 1998-2015 Muthen & Muthen
