Mplus VERSION 7.4 (Mac)
MUTHEN & MUTHEN
07/30/2019   2:19 PM

INPUT INSTRUCTIONS


  TITLE: CANONS_WASBLK_1;

  DATA:
  	FILE = GD190618.csv;

  VARIABLE:
  	NAMES =
  			ID_Fam   Wave     ID_MPL
  			DEMMAL   DEMAGE   DEMHSP   DEMRAC
  			SRPWCR
  			WASVCB   WASBLK   WASDGT   WSISUM
  			TRLATS   TRLBTS
  			CVLASF   CVLASC   CVLALF   CVLALC
  			WASCOM   COGCOM   CVLCOM
  			CANEVR   CANONS   CANFLF
  			CANFTY   CANF6M   CANAC6
  			CANYRS
  			ALCEVR   ALCONS   ALCFLF
  			ALCFTY   ALCF6M   ALCAC6
  			ALCYRS
  			SRPWCRDt WASVCBDt WASBLKDt
  			WASDGTDt WSISUMDt TRLATSDt
  			TRLBTSDt CVLASFDt CVLASCDt
  			CVLALFDt CVLALCDt WASCOMDt
  			COGCOMDt CVLCOMDt
  			COGPGS
  			PC1 PC2 PC3 PC4 PC5 PC6
  		;
  	USEVARIABLES =
  		! outcome
    			WASBLK
    		! covariates
    			DEMAGE
    			DEMMAL  		
    		! predictor
    			CANONS
    		;
    	USEOBSERVATION =
    			(Wave EQ 1 AND WASBLKDt EQ 1)
    		;
    	CLUSTER =
    			ID_Fam
    		;
    	MISSING = .;

  DEFINE:
  	CENTER	CANONS
  			DEMMAL
  			DEMAGE (GRANDMEAN);

  ANALYSIS:
          ITERATIONS = 1000000;
          TYPE = COMPLEX;

  OUTPUT:
  	SAMPSTAT STDYX TECH1 CINT;

  MODEL:
  	WASBLK on CANONS;
  	WASBLK on  DEMMAL DEMAGE;	
  	WASBLK*;
  	CANONS WITH DEMMAL*;
  	CANONS WITH DEMAGE*;



*** WARNING in VARIABLE command
  When a subpopulation is analyzed with TYPE=COMPLEX, standard errors
  may be incorrect.  Use the SUBPOPULATION option instead of the
  USEOBSERVATIONS option to obtain correct standard errors.
*** WARNING
  Data set contains cases with missing on all variables.
  These cases were not included in the analysis.
  Number of cases with missing on all variables:  1
   2 WARNING(S) FOUND IN THE INPUT INSTRUCTIONS



CANONS_WASBLK_1;

SUMMARY OF ANALYSIS

Number of groups                                                 1
Number of observations                                        1129

Number of dependent variables                                    1
Number of independent variables                                  3
Number of continuous latent variables                            0

Observed dependent variables

  Continuous
   WASBLK

Observed independent variables
   DEMAGE      DEMMAL      CANONS

Variables with special functions

  Cluster variable      ID_FAM

  Centering (GRANDMEAN)
   CANONS      DEMMAL      DEMAGE


Estimator                                                      MLR
Information matrix                                        OBSERVED
Maximum number of iterations                               1000000
Convergence criterion                                    0.500D-04
Maximum number of steepest descent iterations                   20
Maximum number of iterations for H1                           2000
Convergence criterion for H1                             0.100D-03

Input data file(s)
  GD190618.csv

Input data format  FREE


SUMMARY OF DATA

     Number of missing data patterns             4
     Number of clusters         583



COVARIANCE COVERAGE OF DATA

Minimum covariance coverage value   0.100


     PROPORTION OF DATA PRESENT


           Covariance Coverage
              WASBLK        DEMAGE        DEMMAL        CANONS
              ________      ________      ________      ________
 WASBLK         0.998
 DEMAGE         0.997         0.999
 DEMMAL         0.998         0.999         1.000
 CANONS         0.786         0.785         0.786         0.786


SAMPLE STATISTICS


     ESTIMATED SAMPLE STATISTICS


           Means
              WASBLK        DEMAGE        DEMMAL        CANONS
              ________      ________      ________      ________
      1        49.380         0.000         0.000         0.116


           Covariances
              WASBLK        DEMAGE        DEMMAL        CANONS
              ________      ________      ________      ________
 WASBLK        89.092
 DEMAGE         0.509         6.496
 DEMMAL         0.658        -0.193         0.232
 CANONS         0.760         2.748        -0.187         4.368


           Correlations
              WASBLK        DEMAGE        DEMMAL        CANONS
              ________      ________      ________      ________
 WASBLK         1.000
 DEMAGE         0.021         1.000
 DEMMAL         0.145        -0.157         1.000
 CANONS         0.039         0.516        -0.186         1.000


     MAXIMUM LOG-LIKELIHOOD VALUE FOR THE UNRESTRICTED (H1) MODEL IS -9301.210


UNIVARIATE SAMPLE STATISTICS


     UNIVARIATE HIGHER-ORDER MOMENT DESCRIPTIVE STATISTICS

         Variable/         Mean/     Skewness/   Minimum/ % with                Percentiles
        Sample Size      Variance    Kurtosis    Maximum  Min/Max      20%/60%    40%/80%    Median

     WASBLK               49.381      -0.591      21.000    0.09%      42.000     48.000     51.000
            1127.000      89.095      -0.104      67.000    0.09%      53.000     58.000
     DEMAGE                0.000       1.541      -4.051    0.09%      -1.951     -1.071     -0.551
            1128.000       6.497       3.679      15.919    0.09%      -0.031      1.539
     DEMMAL                0.000      -0.565      -0.636   36.40%      -0.636      0.364      0.364
            1129.000       0.232      -1.681       0.364   63.60%       0.364      0.364
     CANONS                0.000       0.192      -4.727    3.49%      -1.727     -0.727      0.273
             887.000       4.203       0.812       9.273    0.11%       0.273      1.273


THE MODEL ESTIMATION TERMINATED NORMALLY

     THE STANDARD ERRORS OF THE MODEL PARAMETER ESTIMATES MAY NOT BE
     TRUSTWORTHY FOR SOME PARAMETERS DUE TO A NON-POSITIVE DEFINITE
     FIRST-ORDER DERIVATIVE PRODUCT MATRIX.  THIS MAY BE DUE TO THE STARTING
     VALUES BUT MAY ALSO BE AN INDICATION OF MODEL NONIDENTIFICATION.  THE
     CONDITION NUMBER IS       0.117D-13.  PROBLEM INVOLVING THE FOLLOWING PARAMETER:
     Parameter 14, CANONS




MODEL FIT INFORMATION

Number of Free Parameters                       14

Loglikelihood

          H0 Value                       -9301.210
          H0 Scaling Correction Factor      1.2100
            for MLR
          H1 Value                       -9301.210
          H1 Scaling Correction Factor      1.2100
            for MLR

Information Criteria

          Akaike (AIC)                   18630.419
          Bayesian (BIC)                 18700.827
          Sample-Size Adjusted BIC       18656.359
            (n* = (n + 2) / 24)

Chi-Square Test of Model Fit

          Value                              0.000*
          Degrees of Freedom                     0
          P-Value                           0.0000
          Scaling Correction Factor         1.0000
            for MLR

*   The chi-square value for MLM, MLMV, MLR, ULSMV, WLSM and WLSMV cannot be used
    for chi-square difference testing in the regular way.  MLM, MLR and WLSM
    chi-square difference testing is described on the Mplus website.  MLMV, WLSMV,
    and ULSMV difference testing is done using the DIFFTEST option.

RMSEA (Root Mean Square Error Of Approximation)

          Estimate                           0.000
          90 Percent C.I.                    0.000  0.000
          Probability RMSEA <= .05           0.000

CFI/TLI

          CFI                                1.000
          TLI                                1.000

Chi-Square Test of Model Fit for the Baseline Model

          Value                             27.471
          Degrees of Freedom                     3
          P-Value                           0.0000

SRMR (Standardized Root Mean Square Residual)

          Value                              0.000



MODEL RESULTS

                                                    Two-Tailed
                    Estimate       S.E.  Est./S.E.    P-Value

 WASBLK   ON
    CANONS             0.272      0.191      1.423      0.155
    DEMMAL             3.108      0.634      4.901      0.000
    DEMAGE             0.056      0.125      0.444      0.657

 CANONS   WITH
    DEMMAL            -0.187      0.035     -5.376      0.000
    DEMAGE             2.748      0.271     10.153      0.000

 DEMMAL   WITH
    DEMAGE            -0.193      0.039     -4.888      0.000

 Means
    DEMAGE             0.000      0.078     -0.003      0.998
    DEMMAL             0.000      0.015      0.000      1.000
    CANONS             0.116      0.071      1.636      0.102

 Intercepts
    WASBLK            49.349      0.331    149.048      0.000

 Variances
    DEMAGE             6.496      0.456     14.234      0.000
    DEMMAL             0.232      0.004     55.843      0.000
    CANONS             4.368      0.256     17.091      0.000

 Residual Variances
    WASBLK            86.813      3.868     22.446      0.000


STANDARDIZED MODEL RESULTS


STDYX Standardization

                                                    Two-Tailed
                    Estimate       S.E.  Est./S.E.    P-Value

 WASBLK   ON
    CANONS             0.060      0.042      1.425      0.154
    DEMMAL             0.158      0.032      5.014      0.000
    DEMAGE             0.015      0.034      0.443      0.658

 CANONS   WITH
    DEMMAL            -0.186      0.033     -5.618      0.000
    DEMAGE             0.516      0.031     16.676      0.000

 DEMMAL   WITH
    DEMAGE            -0.157      0.031     -5.021      0.000

 Means
    DEMAGE             0.000      0.030     -0.003      0.998
    DEMMAL             0.000      0.032      0.000      1.000
    CANONS             0.055      0.034      1.648      0.099

 Intercepts
    WASBLK             5.228      0.137     38.183      0.000

 Variances
    DEMAGE             1.000      0.000    999.000    999.000
    DEMMAL             1.000      0.000    999.000    999.000
    CANONS             1.000      0.000    999.000    999.000

 Residual Variances
    WASBLK             0.974      0.010     94.034      0.000


R-SQUARE

    Observed                                        Two-Tailed
    Variable        Estimate       S.E.  Est./S.E.    P-Value

    WASBLK             0.026      0.010      2.469      0.014


QUALITY OF NUMERICAL RESULTS

     Condition Number for the Information Matrix              0.606E-03
       (ratio of smallest to largest eigenvalue)


CONFIDENCE INTERVALS OF MODEL RESULTS

                  Lower .5%  Lower 2.5%    Lower 5%    Estimate    Upper 5%  Upper 2.5%   Upper .5%

 WASBLK   ON
    CANONS          -0.220      -0.103      -0.042       0.272       0.586       0.646       0.764
    DEMMAL           1.475       1.865       2.065       3.108       4.151       4.350       4.741
    DEMAGE          -0.268      -0.190      -0.151       0.056       0.262       0.302       0.379

 CANONS   WITH
    DEMMAL          -0.276      -0.255      -0.244      -0.187      -0.130      -0.119      -0.097
    DEMAGE           2.051       2.217       2.303       2.748       3.193       3.278       3.445

 DEMMAL   WITH
    DEMAGE          -0.294      -0.270      -0.257      -0.193      -0.128      -0.115      -0.091

 Means
    DEMAGE          -0.200      -0.152      -0.128       0.000       0.127       0.152       0.199
    DEMMAL          -0.039      -0.030      -0.025       0.000       0.025       0.030       0.039
    CANONS          -0.067      -0.023      -0.001       0.116       0.232       0.255       0.298

 Intercepts
    WASBLK          48.496      48.700      48.804      49.349      49.894      49.998      50.202

 Variances
    DEMAGE           5.320       5.601       5.745       6.496       7.247       7.390       7.671
    DEMMAL           0.221       0.223       0.225       0.232       0.238       0.240       0.242
    CANONS           3.710       3.867       3.948       4.368       4.788       4.869       5.026

 Residual Variances
    WASBLK          76.851      79.232      80.451      86.813      93.175      94.393      96.775


CONFIDENCE INTERVALS OF STANDARDIZED MODEL RESULTS


STDYX Standardization

                  Lower .5%  Lower 2.5%    Lower 5%    Estimate    Upper 5%  Upper 2.5%   Upper .5%

 WASBLK   ON
    CANONS          -0.049      -0.023      -0.009       0.060       0.130       0.143       0.169
    DEMMAL           0.077       0.096       0.106       0.158       0.210       0.220       0.240
    DEMAGE          -0.072      -0.052      -0.041       0.015       0.071       0.082       0.102

 CANONS   WITH
    DEMMAL          -0.271      -0.250      -0.240      -0.186      -0.131      -0.121      -0.101
    DEMAGE           0.436       0.455       0.465       0.516       0.567       0.576       0.596

 DEMMAL   WITH
    DEMAGE          -0.238      -0.218      -0.209      -0.157      -0.106      -0.096      -0.076

 Means
    DEMAGE          -0.078      -0.060      -0.050       0.000       0.050       0.060       0.078
    DEMMAL          -0.082      -0.062      -0.052       0.000       0.052       0.062       0.082
    CANONS          -0.031      -0.010       0.000       0.055       0.111       0.121       0.142

 Intercepts
    WASBLK           4.876       4.960       5.003       5.228       5.453       5.497       5.581

 Variances
    DEMAGE           1.000       1.000       1.000       1.000       1.000       1.000       1.000
    DEMMAL           1.000       1.000       1.000       1.000       1.000       1.000       1.000
    CANONS           1.000       1.000       1.000       1.000       1.000       1.000       1.000

 Residual Variances
    WASBLK           0.948       0.954       0.957       0.974       0.991       0.995       1.001


TECHNICAL 1 OUTPUT


     PARAMETER SPECIFICATION


           NU
              WASBLK        DEMAGE        DEMMAL        CANONS
              ________      ________      ________      ________
      1           0             0             0             0


           LAMBDA
              WASBLK        DEMAGE        DEMMAL        CANONS
              ________      ________      ________      ________
 WASBLK             0             0             0             0
 DEMAGE             0             0             0             0
 DEMMAL             0             0             0             0
 CANONS             0             0             0             0


           THETA
              WASBLK        DEMAGE        DEMMAL        CANONS
              ________      ________      ________      ________
 WASBLK             0
 DEMAGE             0             0
 DEMMAL             0             0             0
 CANONS             0             0             0             0


           ALPHA
              WASBLK        DEMAGE        DEMMAL        CANONS
              ________      ________      ________      ________
      1           1             2             3             4


           BETA
              WASBLK        DEMAGE        DEMMAL        CANONS
              ________      ________      ________      ________
 WASBLK             0             5             6             7
 DEMAGE             0             0             0             0
 DEMMAL             0             0             0             0
 CANONS             0             0             0             0


           PSI
              WASBLK        DEMAGE        DEMMAL        CANONS
              ________      ________      ________      ________
 WASBLK             8
 DEMAGE             0             9
 DEMMAL             0            10            11
 CANONS             0            12            13            14


     STARTING VALUES


           NU
              WASBLK        DEMAGE        DEMMAL        CANONS
              ________      ________      ________      ________
      1         0.000         0.000         0.000         0.000


           LAMBDA
              WASBLK        DEMAGE        DEMMAL        CANONS
              ________      ________      ________      ________
 WASBLK         1.000         0.000         0.000         0.000
 DEMAGE         0.000         1.000         0.000         0.000
 DEMMAL         0.000         0.000         1.000         0.000
 CANONS         0.000         0.000         0.000         1.000


           THETA
              WASBLK        DEMAGE        DEMMAL        CANONS
              ________      ________      ________      ________
 WASBLK         0.000
 DEMAGE         0.000         0.000
 DEMMAL         0.000         0.000         0.000
 CANONS         0.000         0.000         0.000         0.000


           ALPHA
              WASBLK        DEMAGE        DEMMAL        CANONS
              ________      ________      ________      ________
      1        49.381         0.000         0.000         0.000


           BETA
              WASBLK        DEMAGE        DEMMAL        CANONS
              ________      ________      ________      ________
 WASBLK         0.000         0.000         0.000         0.000
 DEMAGE         0.000         0.000         0.000         0.000
 DEMMAL         0.000         0.000         0.000         0.000
 CANONS         0.000         0.000         0.000         0.000


           PSI
              WASBLK        DEMAGE        DEMMAL        CANONS
              ________      ________      ________      ________
 WASBLK        44.547
 DEMAGE         0.000         3.249
 DEMMAL         0.000         0.000         0.116
 CANONS         0.000         0.000         0.000         2.101


     Beginning Time:  14:19:32
        Ending Time:  14:19:33
       Elapsed Time:  00:00:01



MUTHEN & MUTHEN
3463 Stoner Ave.
Los Angeles, CA  90066

Tel: (310) 391-9971
Fax: (310) 391-8971
Web: www.StatModel.com
Support: Support@StatModel.com

Copyright (c) 1998-2015 Muthen & Muthen
