Mplus VERSION 7.4 (Mac)
MUTHEN & MUTHEN
07/30/2019   2:19 PM

INPUT INSTRUCTIONS


  TITLE: CANONS_CVLASF_2;

  DATA:
  	FILE = GD190618.csv;

  VARIABLE:
  	NAMES =
  			ID_Fam   Wave     ID_MPL
  			DEMMAL   DEMAGE   DEMHSP   DEMRAC
  			SRPWCR
  			WASVCB   WASBLK   WASDGT   WSISUM
  			TRLATS   TRLBTS
  			CVLASF   CVLASC   CVLALF   CVLALC
  			WASCOM   COGCOM   CVLCOM
  			CANEVR   CANONS   CANFLF
  			CANFTY   CANF6M   CANAC6
  			CANYRS
  			ALCEVR   ALCONS   ALCFLF
  			ALCFTY   ALCF6M   ALCAC6
  			ALCYRS
  			SRPWCRDt WASVCBDt WASBLKDt
  			WASDGTDt WSISUMDt TRLATSDt
  			TRLBTSDt CVLASFDt CVLASCDt
  			CVLALFDt CVLALCDt WASCOMDt
  			COGCOMDt CVLCOMDt
  			COGPGS
  			PC1 PC2 PC3 PC4 PC5 PC6
  		;
  	USEVARIABLES =
  		! outcome
    			CVLASF
    		! covariates
    			DEMAGE
    			DEMMAL  		
    		! predictor
    			CANONS
    		;
    	USEOBSERVATION =
    			(Wave EQ 2 AND CVLASFDt EQ 1)
    		;
    	CLUSTER =
    			ID_Fam
    		;
    	MISSING = .;

  DEFINE:
  	CENTER	CANONS
  			DEMMAL
  			DEMAGE (GRANDMEAN);

  ANALYSIS:
          ITERATIONS = 1000000;
          TYPE = COMPLEX;

  OUTPUT:
  	SAMPSTAT STDYX TECH1 CINT;

  MODEL:
  	CVLASF on CANONS;
  	CVLASF on  DEMMAL DEMAGE;	
  	CVLASF*;
  	CANONS WITH DEMMAL*;
  	CANONS WITH DEMAGE*;



*** WARNING in VARIABLE command
  When a subpopulation is analyzed with TYPE=COMPLEX, standard errors
  may be incorrect.  Use the SUBPOPULATION option instead of the
  USEOBSERVATIONS option to obtain correct standard errors.
   1 WARNING(S) FOUND IN THE INPUT INSTRUCTIONS



CANONS_CVLASF_2;

SUMMARY OF ANALYSIS

Number of groups                                                 1
Number of observations                                         424

Number of dependent variables                                    1
Number of independent variables                                  3
Number of continuous latent variables                            0

Observed dependent variables

  Continuous
   CVLASF

Observed independent variables
   DEMAGE      DEMMAL      CANONS

Variables with special functions

  Cluster variable      ID_FAM

  Centering (GRANDMEAN)
   CANONS      DEMMAL      DEMAGE


Estimator                                                      MLR
Information matrix                                        OBSERVED
Maximum number of iterations                               1000000
Convergence criterion                                    0.500D-04
Maximum number of steepest descent iterations                   20
Maximum number of iterations for H1                           2000
Convergence criterion for H1                             0.100D-03

Input data file(s)
  GD190618.csv

Input data format  FREE


SUMMARY OF DATA

     Number of missing data patterns             5
     Number of clusters         227



COVARIANCE COVERAGE OF DATA

Minimum covariance coverage value   0.100


     PROPORTION OF DATA PRESENT


           Covariance Coverage
              CVLASF        DEMAGE        DEMMAL        CANONS
              ________      ________      ________      ________
 CVLASF         0.835
 DEMAGE         0.835         0.998
 DEMMAL         0.835         0.998         0.998
 CANONS         0.675         0.790         0.790         0.792


SAMPLE STATISTICS


     ESTIMATED SAMPLE STATISTICS


           Means
              CVLASF        DEMAGE        DEMMAL        CANONS
              ________      ________      ________      ________
      1        -0.373         0.001         0.000         0.090


           Covariances
              CVLASF        DEMAGE        DEMMAL        CANONS
              ________      ________      ________      ________
 CVLASF         1.119
 DEMAGE        -0.078         8.630
 DEMMAL         0.037        -0.167         0.248
 CANONS         0.336         2.380        -0.120         5.195


           Correlations
              CVLASF        DEMAGE        DEMMAL        CANONS
              ________      ________      ________      ________
 CVLASF         1.000
 DEMAGE        -0.025         1.000
 DEMMAL         0.071        -0.114         1.000
 CANONS         0.140         0.356        -0.106         1.000


     MAXIMUM LOG-LIKELIHOOD VALUE FOR THE UNRESTRICTED (H1) MODEL IS -2605.659


UNIVARIATE SAMPLE STATISTICS


     UNIVARIATE HIGHER-ORDER MOMENT DESCRIPTIVE STATISTICS

         Variable/         Mean/     Skewness/   Minimum/ % with                Percentiles
        Sample Size      Variance    Kurtosis    Maximum  Min/Max      20%/60%    40%/80%    Median

     CVLASF               -0.369      -0.272      -4.500    0.28%      -1.500     -0.500     -0.500
             354.000       1.118       0.044       2.000    0.85%       0.000      0.500
     DEMAGE                0.000       1.026      -5.595    0.24%      -2.455     -0.965     -0.305
             423.000       8.632       2.221      15.575    0.24%       0.275      2.115
     DEMMAL                0.000      -0.195      -0.548   45.15%      -0.548     -0.548      0.452
             423.000       0.248      -1.962       0.452   54.85%       0.452      0.452
     CANONS                0.000       0.841      -5.976    0.60%      -1.976     -0.976      0.024
             336.000       5.071       2.561      11.024    0.30%       0.024      1.024


THE MODEL ESTIMATION TERMINATED NORMALLY



MODEL FIT INFORMATION

Number of Free Parameters                       14

Loglikelihood

          H0 Value                       -2605.659
          H0 Scaling Correction Factor      1.1318
            for MLR
          H1 Value                       -2605.659
          H1 Scaling Correction Factor      1.1318
            for MLR

Information Criteria

          Akaike (AIC)                    5239.319
          Bayesian (BIC)                  5296.015
          Sample-Size Adjusted BIC        5251.588
            (n* = (n + 2) / 24)

Chi-Square Test of Model Fit

          Value                              0.000*
          Degrees of Freedom                     0
          P-Value                           0.0000
          Scaling Correction Factor         1.0000
            for MLR

*   The chi-square value for MLM, MLMV, MLR, ULSMV, WLSM and WLSMV cannot be used
    for chi-square difference testing in the regular way.  MLM, MLR and WLSM
    chi-square difference testing is described on the Mplus website.  MLMV, WLSMV,
    and ULSMV difference testing is done using the DIFFTEST option.

RMSEA (Root Mean Square Error Of Approximation)

          Estimate                           0.000
          90 Percent C.I.                    0.000  0.000
          Probability RMSEA <= .05           0.000

CFI/TLI

          CFI                                1.000
          TLI                                1.000

Chi-Square Test of Model Fit for the Baseline Model

          Value                             10.306
          Degrees of Freedom                     3
          P-Value                           0.0161

SRMR (Standardized Root Mean Square Residual)

          Value                              0.000



MODEL RESULTS

                                                    Two-Tailed
                    Estimate       S.E.  Est./S.E.    P-Value

 CVLASF   ON
    CANONS             0.082      0.024      3.456      0.001
    DEMMAL             0.171      0.108      1.573      0.116
    DEMAGE            -0.028      0.020     -1.380      0.168

 CANONS   WITH
    DEMMAL            -0.120      0.061     -1.985      0.047
    DEMAGE             2.380      0.465      5.120      0.000

 DEMMAL   WITH
    DEMAGE            -0.167      0.072     -2.315      0.021

 Means
    DEMAGE             0.001      0.154      0.007      0.995
    DEMMAL             0.000      0.026     -0.002      0.998
    CANONS             0.091      0.125      0.723      0.470

 Intercepts
    CVLASF            -0.381      0.057     -6.660      0.000

 Variances
    DEMAGE             8.630      0.862     10.006      0.000
    DEMMAL             0.248      0.003     97.233      0.000
    CANONS             5.195      0.625      8.313      0.000

 Residual Variances
    CVLASF             1.083      0.086     12.638      0.000


STANDARDIZED MODEL RESULTS


STDYX Standardization

                                                    Two-Tailed
                    Estimate       S.E.  Est./S.E.    P-Value

 CVLASF   ON
    CANONS             0.176      0.051      3.467      0.001
    DEMMAL             0.080      0.050      1.590      0.112
    DEMAGE            -0.078      0.056     -1.390      0.164

 CANONS   WITH
    DEMMAL            -0.106      0.053     -1.994      0.046
    DEMAGE             0.356      0.055      6.459      0.000

 DEMMAL   WITH
    DEMAGE            -0.114      0.048     -2.378      0.017

 Means
    DEMAGE             0.000      0.053      0.007      0.995
    DEMMAL             0.000      0.053     -0.002      0.998
    CANONS             0.040      0.054      0.738      0.461

 Intercepts
    CVLASF            -0.360      0.054     -6.718      0.000

 Variances
    DEMAGE             1.000      0.000    999.000    999.000
    DEMMAL             1.000      0.000    999.000    999.000
    CANONS             1.000      0.000    999.000    999.000

 Residual Variances
    CVLASF             0.968      0.017     56.528      0.000


R-SQUARE

    Observed                                        Two-Tailed
    Variable        Estimate       S.E.  Est./S.E.    P-Value

    CVLASF             0.032      0.017      1.879      0.060


QUALITY OF NUMERICAL RESULTS

     Condition Number for the Information Matrix              0.220E-02
       (ratio of smallest to largest eigenvalue)


CONFIDENCE INTERVALS OF MODEL RESULTS

                  Lower .5%  Lower 2.5%    Lower 5%    Estimate    Upper 5%  Upper 2.5%   Upper .5%

 CVLASF   ON
    CANONS           0.021       0.035       0.043       0.082       0.121       0.128       0.142
    DEMMAL          -0.109      -0.042      -0.008       0.171       0.349       0.383       0.450
    DEMAGE          -0.081      -0.068      -0.062      -0.028       0.005       0.012       0.024

 CANONS   WITH
    DEMMAL          -0.276      -0.239      -0.220      -0.120      -0.021      -0.002       0.036
    DEMAGE           1.183       1.469       1.616       2.380       3.145       3.292       3.578

 DEMMAL   WITH
    DEMAGE          -0.353      -0.309      -0.286      -0.167      -0.048      -0.026       0.019

 Means
    DEMAGE          -0.396      -0.301      -0.253       0.001       0.255       0.303       0.398
    DEMMAL          -0.068      -0.052      -0.043       0.000       0.043       0.051       0.068
    CANONS          -0.232      -0.155      -0.115       0.091       0.296       0.336       0.413

 Intercepts
    CVLASF          -0.528      -0.493      -0.475      -0.381      -0.287      -0.269      -0.234

 Variances
    DEMAGE           6.408       6.939       7.211       8.630      10.049      10.320      10.851
    DEMMAL           0.241       0.243       0.243       0.248       0.252       0.253       0.254
    CANONS           3.585       3.970       4.167       5.195       6.223       6.419       6.804

 Residual Variances
    CVLASF           0.862       0.915       0.942       1.083       1.224       1.251       1.303


CONFIDENCE INTERVALS OF STANDARDIZED MODEL RESULTS


STDYX Standardization

                  Lower .5%  Lower 2.5%    Lower 5%    Estimate    Upper 5%  Upper 2.5%   Upper .5%

 CVLASF   ON
    CANONS           0.045       0.076       0.092       0.176       0.259       0.275       0.307
    DEMMAL          -0.050      -0.019      -0.003       0.080       0.163       0.179       0.210
    DEMAGE          -0.224      -0.189      -0.171      -0.078       0.014       0.032       0.067

 CANONS   WITH
    DEMMAL          -0.243      -0.210      -0.194      -0.106      -0.019      -0.002       0.031
    DEMAGE           0.214       0.248       0.265       0.356       0.446       0.463       0.497

 DEMMAL   WITH
    DEMAGE          -0.238      -0.209      -0.194      -0.114      -0.035      -0.020       0.009

 Means
    DEMAGE          -0.135      -0.103      -0.086       0.000       0.087       0.103       0.136
    DEMMAL          -0.136      -0.104      -0.087       0.000       0.087       0.103       0.136
    CANONS          -0.099      -0.066      -0.049       0.040       0.128       0.145       0.178

 Intercepts
    CVLASF          -0.498      -0.465      -0.448      -0.360      -0.272      -0.255      -0.222

 Variances
    DEMAGE           1.000       1.000       1.000       1.000       1.000       1.000       1.000
    DEMMAL           1.000       1.000       1.000       1.000       1.000       1.000       1.000
    CANONS           1.000       1.000       1.000       1.000       1.000       1.000       1.000

 Residual Variances
    CVLASF           0.924       0.934       0.940       0.968       0.996       1.001       1.012


TECHNICAL 1 OUTPUT


     PARAMETER SPECIFICATION


           NU
              CVLASF        DEMAGE        DEMMAL        CANONS
              ________      ________      ________      ________
      1           0             0             0             0


           LAMBDA
              CVLASF        DEMAGE        DEMMAL        CANONS
              ________      ________      ________      ________
 CVLASF             0             0             0             0
 DEMAGE             0             0             0             0
 DEMMAL             0             0             0             0
 CANONS             0             0             0             0


           THETA
              CVLASF        DEMAGE        DEMMAL        CANONS
              ________      ________      ________      ________
 CVLASF             0
 DEMAGE             0             0
 DEMMAL             0             0             0
 CANONS             0             0             0             0


           ALPHA
              CVLASF        DEMAGE        DEMMAL        CANONS
              ________      ________      ________      ________
      1           1             2             3             4


           BETA
              CVLASF        DEMAGE        DEMMAL        CANONS
              ________      ________      ________      ________
 CVLASF             0             5             6             7
 DEMAGE             0             0             0             0
 DEMMAL             0             0             0             0
 CANONS             0             0             0             0


           PSI
              CVLASF        DEMAGE        DEMMAL        CANONS
              ________      ________      ________      ________
 CVLASF             8
 DEMAGE             0             9
 DEMMAL             0            10            11
 CANONS             0            12            13            14


     STARTING VALUES


           NU
              CVLASF        DEMAGE        DEMMAL        CANONS
              ________      ________      ________      ________
      1         0.000         0.000         0.000         0.000


           LAMBDA
              CVLASF        DEMAGE        DEMMAL        CANONS
              ________      ________      ________      ________
 CVLASF         1.000         0.000         0.000         0.000
 DEMAGE         0.000         1.000         0.000         0.000
 DEMMAL         0.000         0.000         1.000         0.000
 CANONS         0.000         0.000         0.000         1.000


           THETA
              CVLASF        DEMAGE        DEMMAL        CANONS
              ________      ________      ________      ________
 CVLASF         0.000
 DEMAGE         0.000         0.000
 DEMMAL         0.000         0.000         0.000
 CANONS         0.000         0.000         0.000         0.000


           ALPHA
              CVLASF        DEMAGE        DEMMAL        CANONS
              ________      ________      ________      ________
      1        -0.369         0.000         0.000         0.000


           BETA
              CVLASF        DEMAGE        DEMMAL        CANONS
              ________      ________      ________      ________
 CVLASF         0.000         0.000         0.000         0.000
 DEMAGE         0.000         0.000         0.000         0.000
 DEMMAL         0.000         0.000         0.000         0.000
 CANONS         0.000         0.000         0.000         0.000


           PSI
              CVLASF        DEMAGE        DEMMAL        CANONS
              ________      ________      ________      ________
 CVLASF         0.559
 DEMAGE         0.000         4.316
 DEMMAL         0.000         0.000         0.124
 CANONS         0.000         0.000         0.000         2.535


     Beginning Time:  14:19:24
        Ending Time:  14:19:25
       Elapsed Time:  00:00:01



MUTHEN & MUTHEN
3463 Stoner Ave.
Los Angeles, CA  90066

Tel: (310) 391-9971
Fax: (310) 391-8971
Web: www.StatModel.com
Support: Support@StatModel.com

Copyright (c) 1998-2015 Muthen & Muthen
