Mplus VERSION 7.4 (Mac)
MUTHEN & MUTHEN
07/30/2019   2:19 PM

INPUT INSTRUCTIONS


  TITLE: CANONS_CVLALF_1;

  DATA:
  	FILE = GD190618.csv;

  VARIABLE:
  	NAMES =
  			ID_Fam   Wave     ID_MPL
  			DEMMAL   DEMAGE   DEMHSP   DEMRAC
  			SRPWCR
  			WASVCB   WASBLK   WASDGT   WSISUM
  			TRLATS   TRLBTS
  			CVLASF   CVLASC   CVLALF   CVLALC
  			WASCOM   COGCOM   CVLCOM
  			CANEVR   CANONS   CANFLF
  			CANFTY   CANF6M   CANAC6
  			CANYRS
  			ALCEVR   ALCONS   ALCFLF
  			ALCFTY   ALCF6M   ALCAC6
  			ALCYRS
  			SRPWCRDt WASVCBDt WASBLKDt
  			WASDGTDt WSISUMDt TRLATSDt
  			TRLBTSDt CVLASFDt CVLASCDt
  			CVLALFDt CVLALCDt WASCOMDt
  			COGCOMDt CVLCOMDt
  			COGPGS
  			PC1 PC2 PC3 PC4 PC5 PC6
  		;
  	USEVARIABLES =
  		! outcome
    			CVLALF
    		! covariates
    			DEMAGE
    			DEMMAL  		
    		! predictor
    			CANONS
    		;
    	USEOBSERVATION =
    			(Wave EQ 1 AND CVLALFDt EQ 1)
    		;
    	CLUSTER =
    			ID_Fam
    		;
    	MISSING = .;

  DEFINE:
  	CENTER	CANONS
  			DEMMAL
  			DEMAGE (GRANDMEAN);

  ANALYSIS:
          ITERATIONS = 1000000;
          TYPE = COMPLEX;

  OUTPUT:
  	SAMPSTAT STDYX TECH1 CINT;

  MODEL:
  	CVLALF on CANONS;
  	CVLALF on  DEMMAL DEMAGE;	
  	CVLALF*;
  	CANONS WITH DEMMAL*;
  	CANONS WITH DEMAGE*;



*** WARNING in VARIABLE command
  When a subpopulation is analyzed with TYPE=COMPLEX, standard errors
  may be incorrect.  Use the SUBPOPULATION option instead of the
  USEOBSERVATIONS option to obtain correct standard errors.
*** WARNING
  Data set contains cases with missing on all variables.
  These cases were not included in the analysis.
  Number of cases with missing on all variables:  1
   2 WARNING(S) FOUND IN THE INPUT INSTRUCTIONS



CANONS_CVLALF_1;

SUMMARY OF ANALYSIS

Number of groups                                                 1
Number of observations                                         489

Number of dependent variables                                    1
Number of independent variables                                  3
Number of continuous latent variables                            0

Observed dependent variables

  Continuous
   CVLALF

Observed independent variables
   DEMAGE      DEMMAL      CANONS

Variables with special functions

  Cluster variable      ID_FAM

  Centering (GRANDMEAN)
   CANONS      DEMMAL      DEMAGE


Estimator                                                      MLR
Information matrix                                        OBSERVED
Maximum number of iterations                               1000000
Convergence criterion                                    0.500D-04
Maximum number of steepest descent iterations                   20
Maximum number of iterations for H1                           2000
Convergence criterion for H1                             0.100D-03

Input data file(s)
  GD190618.csv

Input data format  FREE


SUMMARY OF DATA

     Number of missing data patterns             4
     Number of clusters         244



COVARIANCE COVERAGE OF DATA

Minimum covariance coverage value   0.100


     PROPORTION OF DATA PRESENT


           Covariance Coverage
              CVLALF        DEMAGE        DEMMAL        CANONS
              ________      ________      ________      ________
 CVLALF         0.998
 DEMAGE         0.996         0.998
 DEMMAL         0.998         0.998         1.000
 CANONS         0.759         0.757         0.759         0.759


SAMPLE STATISTICS


     ESTIMATED SAMPLE STATISTICS


           Means
              CVLALF        DEMAGE        DEMMAL        CANONS
              ________      ________      ________      ________
      1        -0.406        -0.001         0.000         0.123


           Covariances
              CVLALF        DEMAGE        DEMMAL        CANONS
              ________      ________      ________      ________
 CVLALF         0.921
 DEMAGE        -0.127         6.007
 DEMMAL        -0.059        -0.131         0.247
 CANONS         0.104         2.475        -0.081         3.806


           Correlations
              CVLALF        DEMAGE        DEMMAL        CANONS
              ________      ________      ________      ________
 CVLALF         1.000
 DEMAGE        -0.054         1.000
 DEMMAL        -0.124        -0.107         1.000
 CANONS         0.056         0.518        -0.084         1.000


     MAXIMUM LOG-LIKELIHOOD VALUE FOR THE UNRESTRICTED (H1) MODEL IS -2861.228


UNIVARIATE SAMPLE STATISTICS


     UNIVARIATE HIGHER-ORDER MOMENT DESCRIPTIVE STATISTICS

         Variable/         Mean/     Skewness/   Minimum/ % with                Percentiles
        Sample Size      Variance    Kurtosis    Maximum  Min/Max      20%/60%    40%/80%    Median

     CVLALF               -0.406      -0.838      -4.500    0.61%      -1.000     -0.500      0.000
             488.000       0.920       1.528       1.500    2.25%       0.000      0.500
     DEMAGE                0.000       1.646      -3.804    0.20%      -1.924     -0.974     -0.534
             488.000       6.010       4.211      15.296    0.20%      -0.094      1.316
     DEMMAL                0.000      -0.218      -0.554   44.58%      -0.554     -0.554      0.446
             489.000       0.247      -1.952       0.446   55.42%       0.446      0.446
     CANONS                0.000       0.303      -5.235    0.81%      -1.235     -0.235     -0.235
             371.000       3.527       0.838       7.765    0.27%       0.765      1.765


THE MODEL ESTIMATION TERMINATED NORMALLY

     THE STANDARD ERRORS OF THE MODEL PARAMETER ESTIMATES MAY NOT BE
     TRUSTWORTHY FOR SOME PARAMETERS DUE TO A NON-POSITIVE DEFINITE
     FIRST-ORDER DERIVATIVE PRODUCT MATRIX.  THIS MAY BE DUE TO THE STARTING
     VALUES BUT MAY ALSO BE AN INDICATION OF MODEL NONIDENTIFICATION.  THE
     CONDITION NUMBER IS       0.100D-12.  PROBLEM INVOLVING THE FOLLOWING PARAMETER:
     Parameter 14, CANONS




MODEL FIT INFORMATION

Number of Free Parameters                       14

Loglikelihood

          H0 Value                       -2861.228
          H0 Scaling Correction Factor      1.2970
            for MLR
          H1 Value                       -2861.228
          H1 Scaling Correction Factor      1.2970
            for MLR

Information Criteria

          Akaike (AIC)                    5750.455
          Bayesian (BIC)                  5809.148
          Sample-Size Adjusted BIC        5764.713
            (n* = (n + 2) / 24)

Chi-Square Test of Model Fit

          Value                              0.000*
          Degrees of Freedom                     0
          P-Value                           0.0000
          Scaling Correction Factor         1.0000
            for MLR

*   The chi-square value for MLM, MLMV, MLR, ULSMV, WLSM and WLSMV cannot be used
    for chi-square difference testing in the regular way.  MLM, MLR and WLSM
    chi-square difference testing is described on the Mplus website.  MLMV, WLSMV,
    and ULSMV difference testing is done using the DIFFTEST option.

RMSEA (Root Mean Square Error Of Approximation)

          Estimate                           0.000
          90 Percent C.I.                    0.000  0.000
          Probability RMSEA <= .05           0.000

CFI/TLI

          CFI                                1.000
          TLI                                1.000

Chi-Square Test of Model Fit for the Baseline Model

          Value                             13.105
          Degrees of Freedom                     3
          P-Value                           0.0044

SRMR (Standardized Root Mean Square Residual)

          Value                              0.000



MODEL RESULTS

                                                    Two-Tailed
                    Estimate       S.E.  Est./S.E.    P-Value

 CVLALF   ON
    CANONS             0.054      0.031      1.719      0.086
    DEMMAL            -0.247      0.086     -2.873      0.004
    DEMAGE            -0.049      0.022     -2.211      0.027

 CANONS   WITH
    DEMMAL            -0.081      0.052     -1.560      0.119
    DEMAGE             2.475      0.420      5.900      0.000

 DEMMAL   WITH
    DEMAGE            -0.131      0.058     -2.260      0.024

 Means
    DEMAGE            -0.001      0.109     -0.010      0.992
    DEMMAL             0.000      0.025      0.000      1.000
    CANONS             0.123      0.107      1.154      0.248

 Intercepts
    CVLALF            -0.413      0.047     -8.808      0.000

 Variances
    DEMAGE             6.007      0.655      9.167      0.000
    DEMMAL             0.247      0.003     90.804      0.000
    CANONS             3.806      0.363     10.477      0.000

 Residual Variances
    CVLALF             0.894      0.090      9.894      0.000


STANDARDIZED MODEL RESULTS


STDYX Standardization

                                                    Two-Tailed
                    Estimate       S.E.  Est./S.E.    P-Value

 CVLALF   ON
    CANONS             0.109      0.063      1.721      0.085
    DEMMAL            -0.128      0.044     -2.913      0.004
    DEMAGE            -0.124      0.055     -2.236      0.025

 CANONS   WITH
    DEMMAL            -0.084      0.053     -1.569      0.117
    DEMAGE             0.518      0.057      9.140      0.000

 DEMMAL   WITH
    DEMAGE            -0.107      0.046     -2.333      0.020

 Means
    DEMAGE             0.000      0.044     -0.010      0.992
    DEMMAL             0.000      0.051      0.000      1.000
    CANONS             0.063      0.054      1.171      0.242

 Intercepts
    CVLALF            -0.430      0.042    -10.203      0.000

 Variances
    DEMAGE             1.000      0.000    999.000    999.000
    DEMMAL             1.000      0.000    999.000    999.000
    CANONS             1.000      0.000    999.000    999.000

 Residual Variances
    CVLALF             0.971      0.015     62.996      0.000


R-SQUARE

    Observed                                        Two-Tailed
    Variable        Estimate       S.E.  Est./S.E.    P-Value

    CVLALF             0.029      0.015      1.855      0.064


QUALITY OF NUMERICAL RESULTS

     Condition Number for the Information Matrix              0.321E-02
       (ratio of smallest to largest eigenvalue)


CONFIDENCE INTERVALS OF MODEL RESULTS

                  Lower .5%  Lower 2.5%    Lower 5%    Estimate    Upper 5%  Upper 2.5%   Upper .5%

 CVLALF   ON
    CANONS          -0.027      -0.008       0.002       0.054       0.105       0.115       0.134
    DEMMAL          -0.469      -0.416      -0.389      -0.247      -0.106      -0.079      -0.026
    DEMAGE          -0.105      -0.092      -0.085      -0.049      -0.012      -0.006       0.008

 CANONS   WITH
    DEMMAL          -0.215      -0.183      -0.167      -0.081       0.004       0.021       0.053
    DEMAGE           1.394       1.653       1.785       2.475       3.165       3.297       3.556

 DEMMAL   WITH
    DEMAGE          -0.280      -0.244      -0.226      -0.131      -0.036      -0.017       0.018

 Means
    DEMAGE          -0.282      -0.215      -0.180      -0.001       0.178       0.212       0.280
    DEMMAL          -0.065      -0.049      -0.041       0.000       0.041       0.049       0.065
    CANONS          -0.152      -0.086      -0.052       0.123       0.299       0.333       0.398

 Intercepts
    CVLALF          -0.534      -0.505      -0.490      -0.413      -0.336      -0.321      -0.292

 Variances
    DEMAGE           4.319       4.722       4.929       6.007       7.084       7.291       7.694
    DEMMAL           0.240       0.242       0.243       0.247       0.252       0.252       0.254
    CANONS           2.870       3.094       3.208       3.806       4.403       4.518       4.741

 Residual Variances
    CVLALF           0.661       0.717       0.746       0.894       1.043       1.071       1.127


CONFIDENCE INTERVALS OF STANDARDIZED MODEL RESULTS


STDYX Standardization

                  Lower .5%  Lower 2.5%    Lower 5%    Estimate    Upper 5%  Upper 2.5%   Upper .5%

 CVLALF   ON
    CANONS          -0.054      -0.015       0.005       0.109       0.213       0.233       0.272
    DEMMAL          -0.241      -0.214      -0.200      -0.128      -0.056      -0.042      -0.015
    DEMAGE          -0.267      -0.233      -0.215      -0.124      -0.033      -0.015       0.019

 CANONS   WITH
    DEMMAL          -0.221      -0.188      -0.172      -0.084       0.004       0.021       0.054
    DEMAGE           0.372       0.407       0.425       0.518       0.611       0.629       0.664

 DEMMAL   WITH
    DEMAGE          -0.226      -0.197      -0.183      -0.107      -0.032      -0.017       0.011

 Means
    DEMAGE          -0.115      -0.088      -0.074       0.000       0.073       0.087       0.114
    DEMMAL          -0.130      -0.099      -0.083       0.000       0.083       0.099       0.130
    CANONS          -0.076      -0.043      -0.026       0.063       0.152       0.169       0.202

 Intercepts
    CVLALF          -0.539      -0.513      -0.500      -0.430      -0.361      -0.348      -0.322

 Variances
    DEMAGE           1.000       1.000       1.000       1.000       1.000       1.000       1.000
    DEMMAL           1.000       1.000       1.000       1.000       1.000       1.000       1.000
    CANONS           1.000       1.000       1.000       1.000       1.000       1.000       1.000

 Residual Variances
    CVLALF           0.932       0.941       0.946       0.971       0.997       1.002       1.011


TECHNICAL 1 OUTPUT


     PARAMETER SPECIFICATION


           NU
              CVLALF        DEMAGE        DEMMAL        CANONS
              ________      ________      ________      ________
      1           0             0             0             0


           LAMBDA
              CVLALF        DEMAGE        DEMMAL        CANONS
              ________      ________      ________      ________
 CVLALF             0             0             0             0
 DEMAGE             0             0             0             0
 DEMMAL             0             0             0             0
 CANONS             0             0             0             0


           THETA
              CVLALF        DEMAGE        DEMMAL        CANONS
              ________      ________      ________      ________
 CVLALF             0
 DEMAGE             0             0
 DEMMAL             0             0             0
 CANONS             0             0             0             0


           ALPHA
              CVLALF        DEMAGE        DEMMAL        CANONS
              ________      ________      ________      ________
      1           1             2             3             4


           BETA
              CVLALF        DEMAGE        DEMMAL        CANONS
              ________      ________      ________      ________
 CVLALF             0             5             6             7
 DEMAGE             0             0             0             0
 DEMMAL             0             0             0             0
 CANONS             0             0             0             0


           PSI
              CVLALF        DEMAGE        DEMMAL        CANONS
              ________      ________      ________      ________
 CVLALF             8
 DEMAGE             0             9
 DEMMAL             0            10            11
 CANONS             0            12            13            14


     STARTING VALUES


           NU
              CVLALF        DEMAGE        DEMMAL        CANONS
              ________      ________      ________      ________
      1         0.000         0.000         0.000         0.000


           LAMBDA
              CVLALF        DEMAGE        DEMMAL        CANONS
              ________      ________      ________      ________
 CVLALF         1.000         0.000         0.000         0.000
 DEMAGE         0.000         1.000         0.000         0.000
 DEMMAL         0.000         0.000         1.000         0.000
 CANONS         0.000         0.000         0.000         1.000


           THETA
              CVLALF        DEMAGE        DEMMAL        CANONS
              ________      ________      ________      ________
 CVLALF         0.000
 DEMAGE         0.000         0.000
 DEMMAL         0.000         0.000         0.000
 CANONS         0.000         0.000         0.000         0.000


           ALPHA
              CVLALF        DEMAGE        DEMMAL        CANONS
              ________      ________      ________      ________
      1        -0.406         0.000         0.000         0.000


           BETA
              CVLALF        DEMAGE        DEMMAL        CANONS
              ________      ________      ________      ________
 CVLALF         0.000         0.000         0.000         0.000
 DEMAGE         0.000         0.000         0.000         0.000
 DEMMAL         0.000         0.000         0.000         0.000
 CANONS         0.000         0.000         0.000         0.000


           PSI
              CVLALF        DEMAGE        DEMMAL        CANONS
              ________      ________      ________      ________
 CVLALF         0.460
 DEMAGE         0.000         3.005
 DEMMAL         0.000         0.000         0.124
 CANONS         0.000         0.000         0.000         1.764


     Beginning Time:  14:19:20
        Ending Time:  14:19:20
       Elapsed Time:  00:00:00



MUTHEN & MUTHEN
3463 Stoner Ave.
Los Angeles, CA  90066

Tel: (310) 391-9971
Fax: (310) 391-8971
Web: www.StatModel.com
Support: Support@StatModel.com

Copyright (c) 1998-2015 Muthen & Muthen
