Mplus VERSION 7.4 (Mac)
MUTHEN & MUTHEN
07/30/2019   2:19 PM

INPUT INSTRUCTIONS


  TITLE: CANONS_TRLATS_1;

  DATA:
  	FILE = GD190618.csv;

  VARIABLE:
  	NAMES =
  			ID_Fam   Wave     ID_MPL
  			DEMMAL   DEMAGE   DEMHSP   DEMRAC
  			SRPWCR
  			WASVCB   WASBLK   WASDGT   WSISUM
  			TRLATS   TRLBTS
  			CVLASF   CVLASC   CVLALF   CVLALC
  			WASCOM   COGCOM   CVLCOM
  			CANEVR   CANONS   CANFLF
  			CANFTY   CANF6M   CANAC6
  			CANYRS
  			ALCEVR   ALCONS   ALCFLF
  			ALCFTY   ALCF6M   ALCAC6
  			ALCYRS
  			SRPWCRDt WASVCBDt WASBLKDt
  			WASDGTDt WSISUMDt TRLATSDt
  			TRLBTSDt CVLASFDt CVLASCDt
  			CVLALFDt CVLALCDt WASCOMDt
  			COGCOMDt CVLCOMDt
  			COGPGS
  			PC1 PC2 PC3 PC4 PC5 PC6
  		;
  	USEVARIABLES =
  		! outcome
    			TRLATS
    		! covariates
    			DEMAGE
    			DEMMAL  		
    		! predictor
    			CANONS
    		;
    	USEOBSERVATION =
    			(Wave EQ 1 AND TRLATSDt EQ 1)
    		;
    	CLUSTER =
    			ID_Fam
    		;
    	MISSING = .;

  DEFINE:
  	CENTER	CANONS
  			DEMMAL
  			DEMAGE (GRANDMEAN);

  ANALYSIS:
          ITERATIONS = 1000000;
          TYPE = COMPLEX;

  OUTPUT:
  	SAMPSTAT STDYX TECH1 CINT;

  MODEL:
  	TRLATS on CANONS;
  	TRLATS on  DEMMAL DEMAGE;	
  	TRLATS*;
  	CANONS WITH DEMMAL*;
  	CANONS WITH DEMAGE*;



*** WARNING in VARIABLE command
  When a subpopulation is analyzed with TYPE=COMPLEX, standard errors
  may be incorrect.  Use the SUBPOPULATION option instead of the
  USEOBSERVATIONS option to obtain correct standard errors.
*** WARNING
  Data set contains cases with missing on all variables.
  These cases were not included in the analysis.
  Number of cases with missing on all variables:  1
   2 WARNING(S) FOUND IN THE INPUT INSTRUCTIONS



CANONS_TRLATS_1;

SUMMARY OF ANALYSIS

Number of groups                                                 1
Number of observations                                        1215

Number of dependent variables                                    1
Number of independent variables                                  3
Number of continuous latent variables                            0

Observed dependent variables

  Continuous
   TRLATS

Observed independent variables
   DEMAGE      DEMMAL      CANONS

Variables with special functions

  Cluster variable      ID_FAM

  Centering (GRANDMEAN)
   CANONS      DEMMAL      DEMAGE


Estimator                                                      MLR
Information matrix                                        OBSERVED
Maximum number of iterations                               1000000
Convergence criterion                                    0.500D-04
Maximum number of steepest descent iterations                   20
Maximum number of iterations for H1                           2000
Convergence criterion for H1                             0.100D-03

Input data file(s)
  GD190618.csv

Input data format  FREE


SUMMARY OF DATA

     Number of missing data patterns             5
     Number of clusters         598



COVARIANCE COVERAGE OF DATA

Minimum covariance coverage value   0.100


     PROPORTION OF DATA PRESENT


           Covariance Coverage
              TRLATS        DEMAGE        DEMMAL        CANONS
              ________      ________      ________      ________
 TRLATS         0.930
 DEMAGE         0.929         0.999
 DEMMAL         0.930         0.999         1.000
 CANONS         0.733         0.765         0.766         0.766


SAMPLE STATISTICS


     ESTIMATED SAMPLE STATISTICS


           Means
              TRLATS        DEMAGE        DEMMAL        CANONS
              ________      ________      ________      ________
      1        51.494         0.000         0.000         0.103


           Covariances
              TRLATS        DEMAGE        DEMMAL        CANONS
              ________      ________      ________      ________
 TRLATS       107.591
 DEMAGE        -1.715         6.575
 DEMMAL        -0.067        -0.173         0.232
 CANONS        -1.105         2.801        -0.187         4.373


           Correlations
              TRLATS        DEMAGE        DEMMAL        CANONS
              ________      ________      ________      ________
 TRLATS         1.000
 DEMAGE        -0.064         1.000
 DEMMAL        -0.013        -0.140         1.000
 CANONS        -0.051         0.522        -0.186         1.000


     MAXIMUM LOG-LIKELIHOOD VALUE FOR THE UNRESTRICTED (H1) MODEL IS -9784.924


UNIVARIATE SAMPLE STATISTICS


     UNIVARIATE HIGHER-ORDER MOMENT DESCRIPTIVE STATISTICS

         Variable/         Mean/     Skewness/   Minimum/ % with                Percentiles
        Sample Size      Variance    Kurtosis    Maximum  Min/Max      20%/60%    40%/80%    Median

     TRLATS               51.467       0.006       7.000    0.18%      43.000     48.000     51.000
            1130.000     107.566       0.508      87.000    0.09%      53.000     60.000
     DEMAGE                0.000       1.517      -3.952    0.08%      -1.982     -1.082     -0.562
            1214.000       6.577       3.520      16.018    0.08%      -0.002      1.598
     DEMMAL                0.000      -0.559      -0.635   36.54%      -0.635      0.365      0.365
            1215.000       0.232      -1.688       0.365   63.46%       0.365      0.365
     CANONS                0.000       0.191      -4.681    3.54%      -1.681     -0.681      0.319
             931.000       4.200       0.793       9.319    0.11%       0.319      1.319


THE MODEL ESTIMATION TERMINATED NORMALLY

     THE STANDARD ERRORS OF THE MODEL PARAMETER ESTIMATES MAY NOT BE
     TRUSTWORTHY FOR SOME PARAMETERS DUE TO A NON-POSITIVE DEFINITE
     FIRST-ORDER DERIVATIVE PRODUCT MATRIX.  THIS MAY BE DUE TO THE STARTING
     VALUES BUT MAY ALSO BE AN INDICATION OF MODEL NONIDENTIFICATION.  THE
     CONDITION NUMBER IS       0.185D-11.  PROBLEM INVOLVING THE FOLLOWING PARAMETER:
     Parameter 14, CANONS




MODEL FIT INFORMATION

Number of Free Parameters                       14

Loglikelihood

          H0 Value                       -9784.924
          H0 Scaling Correction Factor      1.2001
            for MLR
          H1 Value                       -9784.924
          H1 Scaling Correction Factor      1.2001
            for MLR

Information Criteria

          Akaike (AIC)                   19597.848
          Bayesian (BIC)                 19669.283
          Sample-Size Adjusted BIC       19624.813
            (n* = (n + 2) / 24)

Chi-Square Test of Model Fit

          Value                              0.000*
          Degrees of Freedom                     0
          P-Value                           0.0000
          Scaling Correction Factor         1.0000
            for MLR

*   The chi-square value for MLM, MLMV, MLR, ULSMV, WLSM and WLSMV cannot be used
    for chi-square difference testing in the regular way.  MLM, MLR and WLSM
    chi-square difference testing is described on the Mplus website.  MLMV, WLSMV,
    and ULSMV difference testing is done using the DIFFTEST option.

RMSEA (Root Mean Square Error Of Approximation)

          Estimate                           0.000
          90 Percent C.I.                    0.000  0.000
          Probability RMSEA <= .05           0.000

CFI/TLI

          CFI                                1.000
          TLI                                1.000

Chi-Square Test of Model Fit for the Baseline Model

          Value                              5.237
          Degrees of Freedom                     3
          P-Value                           0.1552

SRMR (Standardized Root Mean Square Residual)

          Value                              0.000



MODEL RESULTS

                                                    Two-Tailed
                    Estimate       S.E.  Est./S.E.    P-Value

 TRLATS   ON
    CANONS            -0.138      0.198     -0.696      0.486
    DEMMAL            -0.564      0.675     -0.835      0.404
    DEMAGE            -0.217      0.150     -1.449      0.147

 CANONS   WITH
    DEMMAL            -0.187      0.034     -5.538      0.000
    DEMAGE             2.801      0.260     10.766      0.000

 DEMMAL   WITH
    DEMAGE            -0.173      0.039     -4.456      0.000

 Means
    DEMAGE             0.000      0.076     -0.004      0.997
    DEMMAL             0.000      0.015      0.000      1.000
    CANONS             0.103      0.069      1.502      0.133

 Intercepts
    TRLATS            51.508      0.330    155.995      0.000

 Variances
    DEMAGE             6.575      0.438     15.027      0.000
    DEMMAL             0.232      0.004     58.637      0.000
    CANONS             4.373      0.248     17.659      0.000

 Residual Variances
    TRLATS           107.028      5.225     20.485      0.000


STANDARDIZED MODEL RESULTS


STDYX Standardization

                                                    Two-Tailed
                    Estimate       S.E.  Est./S.E.    P-Value

 TRLATS   ON
    CANONS            -0.028      0.040     -0.696      0.487
    DEMMAL            -0.026      0.031     -0.833      0.405
    DEMAGE            -0.054      0.037     -1.446      0.148

 CANONS   WITH
    DEMMAL            -0.186      0.032     -5.776      0.000
    DEMAGE             0.522      0.029     17.750      0.000

 DEMMAL   WITH
    DEMAGE            -0.140      0.031     -4.550      0.000

 Means
    DEMAGE             0.000      0.030     -0.004      0.997
    DEMMAL             0.000      0.031      0.000      1.000
    CANONS             0.049      0.033      1.512      0.130

 Intercepts
    TRLATS             4.966      0.122     40.695      0.000

 Variances
    DEMAGE             1.000      0.000    999.000    999.000
    DEMMAL             1.000      0.000    999.000    999.000
    CANONS             1.000      0.000    999.000    999.000

 Residual Variances
    TRLATS             0.995      0.005    210.106      0.000


R-SQUARE

    Observed                                        Two-Tailed
    Variable        Estimate       S.E.  Est./S.E.    P-Value

    TRLATS             0.005      0.005      1.104      0.270


QUALITY OF NUMERICAL RESULTS

     Condition Number for the Information Matrix              0.192E-03
       (ratio of smallest to largest eigenvalue)


CONFIDENCE INTERVALS OF MODEL RESULTS

                  Lower .5%  Lower 2.5%    Lower 5%    Estimate    Upper 5%  Upper 2.5%   Upper .5%

 TRLATS   ON
    CANONS          -0.647      -0.525      -0.463      -0.138       0.188       0.250       0.372
    DEMMAL          -2.304      -1.888      -1.675      -0.564       0.547       0.760       1.176
    DEMAGE          -0.603      -0.511      -0.463      -0.217       0.029       0.076       0.169

 CANONS   WITH
    DEMMAL          -0.274      -0.253      -0.243      -0.187      -0.132      -0.121      -0.100
    DEMAGE           2.131       2.291       2.373       2.801       3.229       3.311       3.472

 DEMMAL   WITH
    DEMAGE          -0.274      -0.250      -0.237      -0.173      -0.109      -0.097      -0.073

 Means
    DEMAGE          -0.196      -0.149      -0.125       0.000       0.125       0.148       0.195
    DEMMAL          -0.038      -0.029      -0.024       0.000       0.024       0.029       0.038
    CANONS          -0.074      -0.031      -0.010       0.103       0.216       0.237       0.280

 Intercepts
    TRLATS          50.658      50.861      50.965      51.508      52.051      52.155      52.359

 Variances
    DEMAGE           5.448       5.718       5.856       6.575       7.295       7.433       7.703
    DEMMAL           0.222       0.224       0.225       0.232       0.238       0.240       0.242
    CANONS           3.735       3.888       3.966       4.373       4.780       4.858       5.011

 Residual Variances
    TRLATS          93.571      96.788      98.434     107.028     115.623     117.269     120.486


CONFIDENCE INTERVALS OF STANDARDIZED MODEL RESULTS


STDYX Standardization

                  Lower .5%  Lower 2.5%    Lower 5%    Estimate    Upper 5%  Upper 2.5%   Upper .5%

 TRLATS   ON
    CANONS          -0.131      -0.106      -0.093      -0.028       0.038       0.050       0.075
    DEMMAL          -0.107      -0.088      -0.078      -0.026       0.026       0.035       0.055
    DEMAGE          -0.149      -0.126      -0.115      -0.054       0.007       0.019       0.042

 CANONS   WITH
    DEMMAL          -0.269      -0.249      -0.239      -0.186      -0.133      -0.123      -0.103
    DEMAGE           0.447       0.465       0.474       0.522       0.571       0.580       0.598

 DEMMAL   WITH
    DEMAGE          -0.220      -0.201      -0.191      -0.140      -0.090      -0.080      -0.061

 Means
    DEMAGE          -0.076      -0.058      -0.049       0.000       0.049       0.058       0.076
    DEMMAL          -0.079      -0.060      -0.050       0.000       0.050       0.060       0.079
    CANONS          -0.035      -0.015      -0.004       0.049       0.103       0.113       0.133

 Intercepts
    TRLATS           4.651       4.727       4.765       4.966       5.167       5.205       5.280

 Variances
    DEMAGE           1.000       1.000       1.000       1.000       1.000       1.000       1.000
    DEMMAL           1.000       1.000       1.000       1.000       1.000       1.000       1.000
    CANONS           1.000       1.000       1.000       1.000       1.000       1.000       1.000

 Residual Variances
    TRLATS           0.983       0.985       0.987       0.995       1.003       1.004       1.007


TECHNICAL 1 OUTPUT


     PARAMETER SPECIFICATION


           NU
              TRLATS        DEMAGE        DEMMAL        CANONS
              ________      ________      ________      ________
      1           0             0             0             0


           LAMBDA
              TRLATS        DEMAGE        DEMMAL        CANONS
              ________      ________      ________      ________
 TRLATS             0             0             0             0
 DEMAGE             0             0             0             0
 DEMMAL             0             0             0             0
 CANONS             0             0             0             0


           THETA
              TRLATS        DEMAGE        DEMMAL        CANONS
              ________      ________      ________      ________
 TRLATS             0
 DEMAGE             0             0
 DEMMAL             0             0             0
 CANONS             0             0             0             0


           ALPHA
              TRLATS        DEMAGE        DEMMAL        CANONS
              ________      ________      ________      ________
      1           1             2             3             4


           BETA
              TRLATS        DEMAGE        DEMMAL        CANONS
              ________      ________      ________      ________
 TRLATS             0             5             6             7
 DEMAGE             0             0             0             0
 DEMMAL             0             0             0             0
 CANONS             0             0             0             0


           PSI
              TRLATS        DEMAGE        DEMMAL        CANONS
              ________      ________      ________      ________
 TRLATS             8
 DEMAGE             0             9
 DEMMAL             0            10            11
 CANONS             0            12            13            14


     STARTING VALUES


           NU
              TRLATS        DEMAGE        DEMMAL        CANONS
              ________      ________      ________      ________
      1         0.000         0.000         0.000         0.000


           LAMBDA
              TRLATS        DEMAGE        DEMMAL        CANONS
              ________      ________      ________      ________
 TRLATS         1.000         0.000         0.000         0.000
 DEMAGE         0.000         1.000         0.000         0.000
 DEMMAL         0.000         0.000         1.000         0.000
 CANONS         0.000         0.000         0.000         1.000


           THETA
              TRLATS        DEMAGE        DEMMAL        CANONS
              ________      ________      ________      ________
 TRLATS         0.000
 DEMAGE         0.000         0.000
 DEMMAL         0.000         0.000         0.000
 CANONS         0.000         0.000         0.000         0.000


           ALPHA
              TRLATS        DEMAGE        DEMMAL        CANONS
              ________      ________      ________      ________
      1        51.467         0.000         0.000         0.000


           BETA
              TRLATS        DEMAGE        DEMMAL        CANONS
              ________      ________      ________      ________
 TRLATS         0.000         0.000         0.000         0.000
 DEMAGE         0.000         0.000         0.000         0.000
 DEMMAL         0.000         0.000         0.000         0.000
 CANONS         0.000         0.000         0.000         0.000


           PSI
              TRLATS        DEMAGE        DEMMAL        CANONS
              ________      ________      ________      ________
 TRLATS        53.783
 DEMAGE         0.000         3.288
 DEMMAL         0.000         0.000         0.116
 CANONS         0.000         0.000         0.000         2.100


     Beginning Time:  14:19:29
        Ending Time:  14:19:29
       Elapsed Time:  00:00:00



MUTHEN & MUTHEN
3463 Stoner Ave.
Los Angeles, CA  90066

Tel: (310) 391-9971
Fax: (310) 391-8971
Web: www.StatModel.com
Support: Support@StatModel.com

Copyright (c) 1998-2015 Muthen & Muthen
