Mplus VERSION 7.4 (Mac)
MUTHEN & MUTHEN
07/30/2019  12:53 PM

INPUT INSTRUCTIONS


  TITLE: CANEVR_WASCOM_1;

  DATA:
  	FILE = GD190618.csv;

  VARIABLE:
  	NAMES =
  			ID_Fam   Wave     ID_MPL
  			DEMMAL   DEMAGE   DEMHSP   DEMRAC
  			SRPWCR
  			WASVCB   WASBLK   WASDGT   WSISUM
  			TRLATS   TRLBTS
  			CVLASF   CVLASC   CVLALF   CVLALC
  			WASCOM   COGCOM   CVLCOM
  			CANEVR   CANONS   CANFLF
  			CANFTY   CANF6M   CANAC6
  			CANYRS
  			ALCEVR   ALCONS   ALCFLF
  			ALCFTY   ALCF6M   ALCAC6
  			ALCYRS
  			SRPWCRDt WASVCBDt WASBLKDt
  			WASDGTDt WSISUMDt TRLATSDt
  			TRLBTSDt CVLASFDt CVLASCDt
  			CVLALFDt CVLALCDt WASCOMDt
  			COGCOMDt CVLCOMDt
  			COGPGS
  			PC1 PC2 PC3 PC4 PC5 PC6
  		;
  	USEVARIABLES =
  		! outcome
  	  		WASCOM
    		! covariates
  	  		DEMAGE
    			DEMMAL  	
    		! within predictor
    			CANEVR
    			COGPGS
    		! between predictor
    			CANEVRBW
    			COGPGSBW
    			PC1BW
    			PC2BW
    			PC3BW
    			PC4BW
    			PC5BW			
    		;
    	USEOBSERVATION =
    			(Wave EQ 1 AND WASCOMDt EQ 1)
    		;
    	CLUSTER =
    			ID_Fam
    		;
    	MISSING = .;
    	BETWEEN =   		
    			CANEVRBW
    			COGPGSBW
    			PC1BW
    			PC2BW
    			PC3BW
    			PC4BW
    			PC5BW  			
    		;
    	WITHIN  		
    			CANEVR
    			COGPGS
    			DEMAGE
    			DEMMAL
    		;  		

  DEFINE:
  	! CREATE BW FAM PREDICTOR
  		CANEVRBW = cluster_mean (CANEVR);	
  		COGPGSBW = cluster_mean (COGPGS);
  		PC1BW = cluster_mean (PC1);
  		PC2BW = cluster_mean (PC2);
  		PC3BW = cluster_mean (PC3);
  		PC4BW = cluster_mean (PC4);
  		PC5BW = cluster_mean (PC5);
  	! CENTER WI FAM VARIABLES
  		CENTER CANEVR (GROUPMEAN);
  		CENTER COGPGS (GROUPMEAN);
  		CENTER DEMMAL (GRANDMEAN);
  		CENTER DEMAGE (GRANDMEAN);
  	! CENTER BW FAM VARIABLES
  		CENTER CANEVRBW (GRANDMEAN);
  		CENTER COGPGSBW (GRANDMEAN);
  		CENTER PC1BW (GRANDMEAN);
  		CENTER PC2BW (GRANDMEAN);
  		CENTER PC3BW (GRANDMEAN);
  		CENTER PC4BW (GRANDMEAN);
  		CENTER PC5BW (GRANDMEAN);

  ANALYSIS:
          ITERATIONS = 1000000;
          TYPE = TWOLEVEL RANDOM;
          ALGORITHM = INTEGRATION;

  OUTPUT:
  	SAMPSTAT STDYX TECH1 CINT;

  MODEL:
  %WITHIN%
  	WASCOM on CANEVR;
  	WASCOM on  DEMMAL DEMAGE COGPGS;
  	COGPGS*;
  	WASCOM*;
  	CANEVR WITH DEMMAL*;
  	CANEVR WITH DEMAGE*;
  	CANEVR WITH COGPGS*;

  %BETWEEN%
  	WASCOM on CANEVRBW COGPGSBW
  				    PC1BW PC2BW PC3BW PC4BW PC5BW;
  	COGPGSBW*;
  	WASCOM*;
  	CANEVRBW WITH COGPGSBW*;
  	
  PLOT:
  	TYPE = plot3;



*** WARNING
  Data set contains cases with missing on x-variables.
  These cases were not included in the analysis.
  Number of cases with missing on x-variables:  160
   1 WARNING(S) FOUND IN THE INPUT INSTRUCTIONS



CANEVR_WASCOM_1;

SUMMARY OF ANALYSIS

Number of groups                                                 1
Number of observations                                         965

Number of dependent variables                                    1
Number of independent variables                                 11
Number of continuous latent variables                            0

Observed dependent variables

  Continuous
   WASCOM

Observed independent variables
   DEMAGE      DEMMAL      CANEVR      COGPGS      CANEVRBW    COGPGSBW
   PC1BW       PC2BW       PC3BW       PC4BW       PC5BW

Variables with special functions

  Cluster variable      ID_FAM

  Within variables
   DEMAGE      DEMMAL      CANEVR      COGPGS

  Between variables
   CANEVRBW    COGPGSBW    PC1BW       PC2BW       PC3BW       PC4BW
   PC5BW

  Centering (GRANDMEAN)
   DEMMAL      DEMAGE      CANEVRBW    COGPGSBW
   PC1BW       PC2BW       PC3BW       PC4BW       PC5BW

  Centering (GROUPMEAN)
   CANEVR      COGPGS


Estimator                                                      MLR
Information matrix                                        OBSERVED
Optimization Specifications for the Quasi-Newton Algorithm for
Continuous Outcomes
  Maximum number of iterations                             1000000
  Convergence criterion                                  0.100D-05
Optimization Specifications for the EM Algorithm
  Maximum number of iterations                                 500
  Convergence criteria
    Loglikelihood change                                 0.100D-02
    Relative loglikelihood change                        0.100D-05
    Derivative                                           0.100D-02
Optimization Specifications for the M step of the EM Algorithm for
Categorical Latent variables
  Number of M step iterations                                    1
  M step convergence criterion                           0.100D-02
  Basis for M step termination                           ITERATION
Optimization Specifications for the M step of the EM Algorithm for
Censored, Binary or Ordered Categorical (Ordinal), Unordered
Categorical (Nominal) and Count Outcomes
  Number of M step iterations                                    1
  M step convergence criterion                           0.100D-02
  Basis for M step termination                           ITERATION
  Maximum value for logit thresholds                            15
  Minimum value for logit thresholds                           -15
  Minimum expected cell size for chi-square              0.100D-01
Maximum number of iterations for H1                           2000
Convergence criterion for H1                             0.100D-03
Optimization algorithm                                         EMA
Integration Specifications
  Type                                                    STANDARD
  Number of integration points                                  15
  Dimensions of numerical integration                            0
  Adaptive quadrature                                           ON
Cholesky                                                       OFF

Input data file(s)
  GD190618.csv
Input data format  FREE


SUMMARY OF DATA

     Number of missing data patterns             6
     Number of clusters                        490



COVARIANCE COVERAGE OF DATA

Minimum covariance coverage value   0.100


     PROPORTION OF DATA PRESENT FOR Y


           Covariance Coverage
              CANEVRBW      COGPGSBW      WASCOM        DEMAGE        DEMMAL
              ________      ________      ________      ________      ________
 CANEVRBW       0.999
 COGPGSBW       0.999         1.000
 WASCOM         0.999         1.000         1.000
 DEMAGE         0.998         0.999         0.999         0.999
 DEMMAL         0.999         1.000         1.000         0.999         1.000
 CANEVR         0.997         0.997         0.997         0.996         0.997
 COGPGS         0.696         0.697         0.697         0.697         0.697
 PC1BW          0.999         1.000         1.000         0.999         1.000
 PC2BW          0.999         1.000         1.000         0.999         1.000
 PC3BW          0.999         1.000         1.000         0.999         1.000
 PC4BW          0.999         1.000         1.000         0.999         1.000
 PC5BW          0.999         1.000         1.000         0.999         1.000


           Covariance Coverage
              CANEVR        COGPGS        PC1BW         PC2BW         PC3BW
              ________      ________      ________      ________      ________
 CANEVR         0.997
 COGPGS         0.695         0.697
 PC1BW          0.997         0.697         1.000
 PC2BW          0.997         0.697         1.000         1.000
 PC3BW          0.997         0.697         1.000         1.000         1.000
 PC4BW          0.997         0.697         1.000         1.000         1.000
 PC5BW          0.997         0.697         1.000         1.000         1.000


           Covariance Coverage
              PC4BW         PC5BW
              ________      ________
 PC4BW          1.000
 PC5BW          1.000         1.000


SAMPLE STATISTICS


     ESTIMATED SAMPLE STATISTICS


           Means
              CANEVRBW      COGPGSBW      WASCOM        DEMAGE        DEMMAL
              ________      ________      ________      ________      ________
 1              0.000         0.000         0.000         0.000         0.000


           Means
              CANEVR        COGPGS        PC1BW         PC2BW         PC3BW
              ________      ________      ________      ________      ________
 1              0.000        -0.002         0.000         0.000         0.000


           Means
              PC4BW         PC5BW
              ________      ________
 1              0.000         0.000


           Covariances
              CANEVRBW      COGPGSBW      WASCOM        DEMAGE        DEMMAL
              ________      ________      ________      ________      ________
 CANEVRBW       0.044
 COGPGSBW       0.001         0.113
 WASCOM        -0.002         0.055         0.883
 DEMAGE        -0.005         0.049        -0.139         6.398
 DEMMAL         0.009         0.003         0.032        -0.181         0.234
 CANEVR         0.000         0.000        -0.002        -0.096         0.015
 COGPGS         0.000         0.000         0.005        -0.021         0.003
 PC1BW          0.000        -0.003        -0.008         0.001        -0.001
 PC2BW         -0.001         0.000        -0.012         0.005        -0.001
 PC3BW          0.000         0.000        -0.001        -0.001         0.000
 PC4BW          0.000         0.001         0.001         0.004         0.001
 PC5BW          0.001        -0.001         0.000         0.000         0.000


           Covariances
              CANEVR        COGPGS        PC1BW         PC2BW         PC3BW
              ________      ________      ________      ________      ________
 CANEVR         0.049
 COGPGS         0.000         0.018
 PC1BW          0.000         0.000         0.001
 PC2BW          0.000         0.000         0.000         0.001
 PC3BW          0.000         0.000         0.000         0.000         0.001
 PC4BW          0.000         0.000         0.000         0.000         0.000
 PC5BW          0.000         0.000         0.000         0.000         0.000


           Covariances
              PC4BW         PC5BW
              ________      ________
 PC4BW          0.001
 PC5BW          0.000         0.001


           Correlations
              CANEVRBW      COGPGSBW      WASCOM        DEMAGE        DEMMAL
              ________      ________      ________      ________      ________
 CANEVRBW       1.000
 COGPGSBW       0.021         1.000
 WASCOM        -0.011         0.175         1.000
 DEMAGE        -0.009         0.058        -0.059         1.000
 DEMMAL         0.084         0.019         0.071        -0.148         1.000
 CANEVR         0.000         0.001        -0.009        -0.171         0.138
 COGPGS        -0.008        -0.003         0.043        -0.063         0.049
 PC1BW         -0.061        -0.258        -0.240         0.014        -0.048
 PC2BW         -0.106        -0.028        -0.358         0.057        -0.061
 PC3BW         -0.017        -0.005        -0.040        -0.012         0.017
 PC4BW          0.058         0.092         0.022         0.044         0.045
 PC5BW          0.119        -0.051        -0.010         0.001         0.022


           Correlations
              CANEVR        COGPGS        PC1BW         PC2BW         PC3BW
              ________      ________      ________      ________      ________
 CANEVR         1.000
 COGPGS        -0.008         1.000
 PC1BW          0.000         0.000         1.000
 PC2BW          0.000         0.000        -0.024         1.000
 PC3BW          0.000         0.001         0.019         0.031         1.000
 PC4BW          0.000         0.000        -0.010         0.004        -0.139
 PC5BW          0.000         0.000         0.031        -0.005         0.012


           Correlations
              PC4BW         PC5BW
              ________      ________
 PC4BW          1.000
 PC5BW         -0.014         1.000


     MAXIMUM LOG-LIKELIHOOD VALUE FOR THE UNRESTRICTED (H1) MODEL IS 5818.550


UNIVARIATE SAMPLE STATISTICS


     UNIVARIATE HIGHER-ORDER MOMENT DESCRIPTIVE STATISTICS

         Variable/         Mean/     Skewness/   Minimum/ % with                Percentiles
        Sample Size      Variance    Kurtosis    Maximum  Min/Max      20%/60%    40%/80%    Median

     CANEVRBW              0.011      -2.087      -0.896    1.02%       0.104      0.104      0.104
             489.000       0.042       3.633       0.104   81.39%       0.104      0.104
     COGPGSBW             -0.003       0.237      -1.031    0.20%      -0.294     -0.092     -0.016
             490.000       0.119       0.592       1.225    0.20%       0.052      0.280
     WASCOM                0.000      -0.040      -2.668    0.10%      -0.801     -0.241      0.004
             965.000       0.883      -0.226       2.816    0.10%       0.257      0.847
     DEMAGE                0.000       1.437      -4.026    0.10%      -1.976     -1.076     -0.551
             964.000       6.399       2.956      15.944    0.10%      -0.026      1.574
     DEMMAL                0.000      -0.516      -0.625   37.51%      -0.625      0.375      0.375
             965.000       0.234      -1.734       0.375   62.49%       0.375      0.375
     CANEVR                0.000      -0.310      -0.750    0.21%       0.000      0.000      0.000
             962.000       0.049       2.704       0.750    0.10%       0.000      0.000
     COGPGS                0.000      -0.006      -0.505    0.15%      -0.046      0.000      0.000
             673.000       0.018       2.763       0.604    0.15%       0.000      0.048
     PC1BW                 0.000       2.449      -0.021    0.20%      -0.019     -0.016     -0.013
             490.000       0.001       4.597       0.135    0.20%      -0.009     -0.004
     PC2BW                -0.001       0.930      -0.038    0.20%      -0.032     -0.026     -0.017
             490.000       0.001      -0.197       0.130    0.20%      -0.003      0.035
     PC3BW                 0.000      13.417      -0.118    0.20%      -0.005     -0.002      0.000
             490.000       0.001     267.178       0.454    0.20%       0.001      0.005
     PC4BW                -0.001       5.694      -0.094    0.20%      -0.009     -0.006     -0.005
             490.000       0.001      39.868       0.284    0.20%      -0.003     -0.001
     PC5BW                 0.001     -17.522      -0.544    0.20%      -0.002      0.000      0.001
             490.000       0.001     361.273       0.110    0.20%       0.001      0.004

     THE STANDARD ERRORS OF THE MODEL PARAMETER ESTIMATES MAY NOT BE
     TRUSTWORTHY FOR SOME PARAMETERS DUE TO A NON-POSITIVE DEFINITE
     FIRST-ORDER DERIVATIVE PRODUCT MATRIX.  THIS MAY BE DUE TO THE STARTING
     VALUES BUT MAY ALSO BE AN INDICATION OF MODEL NONIDENTIFICATION.  THE
     CONDITION NUMBER IS       0.208D-15.  PROBLEM INVOLVING THE FOLLOWING PARAMETER:
     Parameter 14, %WITHIN%: CANEVR


THE MODEL ESTIMATION TERMINATED NORMALLY



MODEL FIT INFORMATION

Number of Free Parameters                       30

Loglikelihood

          H0 Value                       -3688.290
          H0 Scaling Correction Factor      1.2512
            for MLR

Information Criteria

          Akaike (AIC)                    7436.580
          Bayesian (BIC)                  7582.743
          Sample-Size Adjusted BIC        7487.464
            (n* = (n + 2) / 24)



MODEL RESULTS

                                                    Two-Tailed
                    Estimate       S.E.  Est./S.E.    P-Value

Within Level

 WASCOM     ON
    CANEVR            -0.071      0.101     -0.707      0.479
    DEMMAL             0.053      0.057      0.933      0.351
    DEMAGE            -0.010      0.012     -0.846      0.397
    COGPGS             0.269      0.175      1.535      0.125

 CANEVR   WITH
    DEMMAL             0.012      0.004      3.445      0.001
    DEMAGE            -0.087      0.019     -4.572      0.000
    COGPGS            -0.001      0.002     -0.290      0.772

 Means
    DEMAGE             0.000      0.083     -0.001      1.000
    DEMMAL             0.000      0.017      0.000      1.000
    CANEVR             0.000      0.000      1.595      0.111
    COGPGS             0.000      0.001      0.333      0.739

 Variances
    DEMAGE             6.399      0.459     13.942      0.000
    DEMMAL             0.234      0.004     56.688      0.000
    CANEVR             0.049      0.005     10.475      0.000
    COGPGS             0.018      0.002      8.981      0.000

 Residual Variances
    WASCOM             0.444      0.028     15.857      0.000

Between Level

 WASCOM     ON
    CANEVRBW          -0.291      0.157     -1.851      0.064
    COGPGSBW           0.323      0.100      3.224      0.001
    PC1BW             -5.456      0.838     -6.507      0.000
    PC2BW             -9.172      0.852    -10.765      0.000
    PC3BW             -0.694      0.549     -1.264      0.206
    PC4BW              0.306      0.982      0.311      0.756
    PC5BW              0.286      0.597      0.478      0.632

 CANEVRBW WITH
    COGPGSBW           0.001      0.003      0.265      0.791

 Means
    CANEVRBW           0.011      0.009      1.135      0.257
    COGPGSBW          -0.003      0.016     -0.206      0.837

 Intercepts
    WASCOM             0.003      0.032      0.085      0.932

 Variances
    CANEVRBW           0.042      0.005      9.317      0.000
    COGPGSBW           0.119      0.009     13.750      0.000

 Residual Variances
    WASCOM             0.254      0.032      8.008      0.000


STANDARDIZED MODEL RESULTS


STDYX Standardization

                                                    Two-Tailed
                    Estimate       S.E.  Est./S.E.    P-Value

Within Level

 WASCOM     ON
    CANEVR            -0.024      0.033     -0.708      0.479
    DEMMAL             0.038      0.041      0.932      0.351
    DEMAGE            -0.038      0.046     -0.838      0.402
    COGPGS             0.054      0.036      1.522      0.128

 CANEVR   WITH
    DEMMAL             0.116      0.032      3.590      0.000
    DEMAGE            -0.155      0.031     -5.022      0.000
    COGPGS            -0.019      0.067     -0.289      0.773

 Means
    DEMAGE             0.000      0.033     -0.001      1.000
    DEMMAL             0.000      0.034      0.000      1.000
    CANEVR             0.001      0.000      1.607      0.108
    COGPGS             0.002      0.007      0.332      0.740

 Variances
    DEMAGE             1.000      0.000    999.000    999.000
    DEMMAL             1.000      0.000    999.000    999.000
    CANEVR             1.000      0.000    999.000    999.000
    COGPGS             1.000      0.000    999.000    999.000

 Residual Variances
    WASCOM             0.994      0.006    175.167      0.000

Between Level

 WASCOM     ON
    CANEVRBW          -0.092      0.050     -1.857      0.063
    COGPGSBW           0.172      0.054      3.168      0.002
    PC1BW             -0.321      0.048     -6.655      0.000
    PC2BW             -0.506      0.042    -12.089      0.000
    PC3BW             -0.026      0.020     -1.264      0.206
    PC4BW              0.014      0.044      0.311      0.756
    PC5BW              0.012      0.025      0.477      0.633

 CANEVRBW WITH
    COGPGSBW           0.011      0.041      0.266      0.791

 Means
    CANEVRBW           0.051      0.048      1.077      0.282
    COGPGSBW          -0.009      0.045     -0.206      0.837

 Intercepts
    WASCOM             0.004      0.049      0.085      0.932

 Variances
    CANEVRBW           1.000      0.000    999.000    999.000
    COGPGSBW           1.000      0.000    999.000    999.000

 Residual Variances
    WASCOM             0.607      0.050     12.236      0.000


R-SQUARE

Within Level

    Observed                                        Two-Tailed
    Variable        Estimate       S.E.  Est./S.E.    P-Value

    WASCOM             0.006      0.006      1.059      0.289

Between Level

    Observed                                        Two-Tailed
    Variable        Estimate       S.E.  Est./S.E.    P-Value

    WASCOM             0.393      0.050      7.908      0.000


QUALITY OF NUMERICAL RESULTS

     Condition Number for the Information Matrix              0.208E-15
       (ratio of smallest to largest eigenvalue)


CONFIDENCE INTERVALS OF MODEL RESULTS

                  Lower .5%  Lower 2.5%    Lower 5%    Estimate    Upper 5%  Upper 2.5%   Upper .5%

Within Level

 WASCOM   ON
    CANEVR          -0.330      -0.268      -0.237      -0.071       0.094       0.126       0.188
    DEMMAL          -0.093      -0.058      -0.040       0.053       0.146       0.164       0.199
    DEMAGE          -0.041      -0.034      -0.030      -0.010       0.010       0.013       0.021
    COGPGS          -0.182      -0.074      -0.019       0.269       0.558       0.613       0.721

 CANEVR   WITH
    DEMMAL           0.003       0.005       0.006       0.012       0.018       0.019       0.022
    DEMAGE          -0.136      -0.124      -0.118      -0.087      -0.056      -0.050      -0.038
    COGPGS          -0.006      -0.004      -0.004      -0.001       0.003       0.003       0.005

 Means
    DEMAGE          -0.214      -0.163      -0.136       0.000       0.136       0.162       0.213
    DEMMAL          -0.043      -0.032      -0.027       0.000       0.027       0.032       0.043
    CANEVR           0.000       0.000       0.000       0.000       0.000       0.000       0.000
    COGPGS          -0.002      -0.001      -0.001       0.000       0.002       0.002       0.003

 Variances
    DEMAGE           5.217       5.499       5.644       6.399       7.154       7.298       7.581
    DEMMAL           0.224       0.226       0.228       0.234       0.241       0.243       0.245
    CANEVR           0.037       0.040       0.041       0.049       0.057       0.058       0.061
    COGPGS           0.013       0.014       0.015       0.018       0.022       0.022       0.023

 Residual Variances
    WASCOM           0.372       0.389       0.398       0.444       0.490       0.499       0.516

Between Level

 WASCOM   ON
    CANEVRBW        -0.695      -0.598      -0.549      -0.291      -0.032       0.017       0.114
    COGPGSBW         0.065       0.127       0.158       0.323       0.488       0.519       0.581
    PC1BW           -7.615      -7.099      -6.835      -5.456      -4.076      -3.812      -3.296
    PC2BW          -11.366     -10.842     -10.573      -9.172      -7.770      -7.502      -6.977
    PC3BW           -2.108      -1.770      -1.597      -0.694       0.209       0.382       0.720
    PC4BW           -2.224      -1.619      -1.310       0.306       1.921       2.230       2.835
    PC5BW           -1.252      -0.885      -0.697       0.286       1.268       1.456       1.824

 CANEVRBW WITH
    COGPGSBW        -0.007      -0.005      -0.004       0.001       0.006       0.006       0.008

 Means
    CANEVRBW        -0.013      -0.008      -0.005       0.011       0.026       0.029       0.034
    COGPGSBW        -0.043      -0.034      -0.029      -0.003       0.022       0.027       0.037

 Intercepts
    WASCOM          -0.079      -0.060      -0.050       0.003       0.055       0.065       0.085

 Variances
    CANEVRBW         0.030       0.033       0.035       0.042       0.049       0.051       0.054
    COGPGSBW         0.097       0.102       0.105       0.119       0.134       0.136       0.142

 Residual Variances
    WASCOM           0.172       0.192       0.202       0.254       0.306       0.316       0.336


CONFIDENCE INTERVALS OF STANDARDIZED MODEL RESULTS


STDYX Standardization

                  Lower .5%  Lower 2.5%    Lower 5%    Estimate    Upper 5%  Upper 2.5%   Upper .5%

Within Level

 WASCOM   ON
    CANEVR          -0.109      -0.089      -0.078      -0.024       0.031       0.042       0.062
    DEMMAL          -0.068      -0.042      -0.029       0.038       0.106       0.119       0.144
    DEMAGE          -0.156      -0.128      -0.113      -0.038       0.037       0.051       0.079
    COGPGS          -0.038      -0.016      -0.004       0.054       0.113       0.124       0.146

 CANEVR   WITH
    DEMMAL           0.033       0.053       0.063       0.116       0.169       0.179       0.199
    DEMAGE          -0.235      -0.216      -0.206      -0.155      -0.104      -0.095      -0.076
    COGPGS          -0.191      -0.150      -0.129      -0.019       0.090       0.111       0.153

 Means
    DEMAGE          -0.084      -0.064      -0.054       0.000       0.054       0.064       0.084
    DEMMAL          -0.088      -0.067      -0.056       0.000       0.056       0.067       0.088
    CANEVR           0.000       0.000       0.000       0.001       0.001       0.001       0.001
    COGPGS          -0.015      -0.011      -0.009       0.002       0.013       0.016       0.020

 Variances
    DEMAGE           1.000       1.000       1.000       1.000       1.000       1.000       1.000
    DEMMAL           1.000       1.000       1.000       1.000       1.000       1.000       1.000
    CANEVR           1.000       1.000       1.000       1.000       1.000       1.000       1.000
    COGPGS           1.000       1.000       1.000       1.000       1.000       1.000       1.000

 Residual Variances
    WASCOM           0.979       0.983       0.985       0.994       1.003       1.005       1.009

Between Level

 WASCOM   ON
    CANEVRBW        -0.220      -0.189      -0.174      -0.092      -0.011       0.005       0.036
    COGPGSBW         0.032       0.066       0.083       0.172       0.262       0.279       0.313
    PC1BW           -0.445      -0.416      -0.400      -0.321      -0.242      -0.227      -0.197
    PC2BW           -0.613      -0.588      -0.574      -0.506      -0.437      -0.424      -0.398
    PC3BW           -0.078      -0.065      -0.059      -0.026       0.008       0.014       0.027
    PC4BW           -0.100      -0.073      -0.059       0.014       0.086       0.100       0.128
    PC5BW           -0.052      -0.036      -0.029       0.012       0.052       0.060       0.075

 CANEVRBW WITH
    COGPGSBW        -0.095      -0.069      -0.057       0.011       0.078       0.091       0.116

 Means
    CANEVRBW        -0.071      -0.042      -0.027       0.051       0.130       0.145       0.174
    COGPGSBW        -0.126      -0.098      -0.084      -0.009       0.065       0.079       0.107

 Intercepts
    WASCOM          -0.122      -0.092      -0.077       0.004       0.085       0.101       0.131

 Variances
    CANEVRBW         1.000       1.000       1.000       1.000       1.000       1.000       1.000
    COGPGSBW         1.000       1.000       1.000       1.000       1.000       1.000       1.000

 Residual Variances
    WASCOM           0.480       0.510       0.526       0.607       0.689       0.705       0.735


TECHNICAL 1 OUTPUT


     PARAMETER SPECIFICATION FOR WITHIN


           NU
              CANEVRBW      COGPGSBW      WASCOM        DEMAGE        DEMMAL
              ________      ________      ________      ________      ________
 1                  0             0             0             0             0


           NU
              CANEVR        COGPGS        PC1BW         PC2BW         PC3BW
              ________      ________      ________      ________      ________
 1                  0             0             0             0             0


           NU
              PC4BW         PC5BW
              ________      ________
 1                  0             0


           LAMBDA
              CANEVRBW      COGPGSBW      WASCOM        DEMAGE        DEMMAL
              ________      ________      ________      ________      ________
 CANEVRBW           0             0             0             0             0
 COGPGSBW           0             0             0             0             0
 WASCOM             0             0             0             0             0
 DEMAGE             0             0             0             0             0
 DEMMAL             0             0             0             0             0
 CANEVR             0             0             0             0             0
 COGPGS             0             0             0             0             0
 PC1BW              0             0             0             0             0
 PC2BW              0             0             0             0             0
 PC3BW              0             0             0             0             0
 PC4BW              0             0             0             0             0
 PC5BW              0             0             0             0             0


           LAMBDA
              CANEVR        COGPGS        PC1BW         PC2BW         PC3BW
              ________      ________      ________      ________      ________
 CANEVRBW           0             0             0             0             0
 COGPGSBW           0             0             0             0             0
 WASCOM             0             0             0             0             0
 DEMAGE             0             0             0             0             0
 DEMMAL             0             0             0             0             0
 CANEVR             0             0             0             0             0
 COGPGS             0             0             0             0             0
 PC1BW              0             0             0             0             0
 PC2BW              0             0             0             0             0
 PC3BW              0             0             0             0             0
 PC4BW              0             0             0             0             0
 PC5BW              0             0             0             0             0


           LAMBDA
              PC4BW         PC5BW
              ________      ________
 CANEVRBW           0             0
 COGPGSBW           0             0
 WASCOM             0             0
 DEMAGE             0             0
 DEMMAL             0             0
 CANEVR             0             0
 COGPGS             0             0
 PC1BW              0             0
 PC2BW              0             0
 PC3BW              0             0
 PC4BW              0             0
 PC5BW              0             0


           THETA
              CANEVRBW      COGPGSBW      WASCOM        DEMAGE        DEMMAL
              ________      ________      ________      ________      ________
 CANEVRBW           0
 COGPGSBW           0             0
 WASCOM             0             0             0
 DEMAGE             0             0             0             0
 DEMMAL             0             0             0             0             0
 CANEVR             0             0             0             0             0
 COGPGS             0             0             0             0             0
 PC1BW              0             0             0             0             0
 PC2BW              0             0             0             0             0
 PC3BW              0             0             0             0             0
 PC4BW              0             0             0             0             0
 PC5BW              0             0             0             0             0


           THETA
              CANEVR        COGPGS        PC1BW         PC2BW         PC3BW
              ________      ________      ________      ________      ________
 CANEVR             0
 COGPGS             0             0
 PC1BW              0             0             0
 PC2BW              0             0             0             0
 PC3BW              0             0             0             0             0
 PC4BW              0             0             0             0             0
 PC5BW              0             0             0             0             0


           THETA
              PC4BW         PC5BW
              ________      ________
 PC4BW              0
 PC5BW              0             0


           ALPHA
              CANEVRBW      COGPGSBW      WASCOM        DEMAGE        DEMMAL
              ________      ________      ________      ________      ________
 1                  0             0             0             1             2


           ALPHA
              CANEVR        COGPGS        PC1BW         PC2BW         PC3BW
              ________      ________      ________      ________      ________
 1                  3             4             0             0             0


           ALPHA
              PC4BW         PC5BW
              ________      ________
 1                  0             0


           BETA
              CANEVRBW      COGPGSBW      WASCOM        DEMAGE        DEMMAL
              ________      ________      ________      ________      ________
 CANEVRBW           0             0             0             0             0
 COGPGSBW           0             0             0             0             0
 WASCOM             0             0             0             5             6
 DEMAGE             0             0             0             0             0
 DEMMAL             0             0             0             0             0
 CANEVR             0             0             0             0             0
 COGPGS             0             0             0             0             0
 PC1BW              0             0             0             0             0
 PC2BW              0             0             0             0             0
 PC3BW              0             0             0             0             0
 PC4BW              0             0             0             0             0
 PC5BW              0             0             0             0             0


           BETA
              CANEVR        COGPGS        PC1BW         PC2BW         PC3BW
              ________      ________      ________      ________      ________
 CANEVRBW           0             0             0             0             0
 COGPGSBW           0             0             0             0             0
 WASCOM             7             8             0             0             0
 DEMAGE             0             0             0             0             0
 DEMMAL             0             0             0             0             0
 CANEVR             0             0             0             0             0
 COGPGS             0             0             0             0             0
 PC1BW              0             0             0             0             0
 PC2BW              0             0             0             0             0
 PC3BW              0             0             0             0             0
 PC4BW              0             0             0             0             0
 PC5BW              0             0             0             0             0


           BETA
              PC4BW         PC5BW
              ________      ________
 CANEVRBW           0             0
 COGPGSBW           0             0
 WASCOM             0             0
 DEMAGE             0             0
 DEMMAL             0             0
 CANEVR             0             0
 COGPGS             0             0
 PC1BW              0             0
 PC2BW              0             0
 PC3BW              0             0
 PC4BW              0             0
 PC5BW              0             0


           PSI
              CANEVRBW      COGPGSBW      WASCOM        DEMAGE        DEMMAL
              ________      ________      ________      ________      ________
 CANEVRBW           0
 COGPGSBW           0             0
 WASCOM             0             0             9
 DEMAGE             0             0             0            10
 DEMMAL             0             0             0             0            11
 CANEVR             0             0             0            12            13
 COGPGS             0             0             0             0             0
 PC1BW              0             0             0             0             0
 PC2BW              0             0             0             0             0
 PC3BW              0             0             0             0             0
 PC4BW              0             0             0             0             0
 PC5BW              0             0             0             0             0


           PSI
              CANEVR        COGPGS        PC1BW         PC2BW         PC3BW
              ________      ________      ________      ________      ________
 CANEVR            14
 COGPGS            15            16
 PC1BW              0             0             0
 PC2BW              0             0             0             0
 PC3BW              0             0             0             0             0
 PC4BW              0             0             0             0             0
 PC5BW              0             0             0             0             0


           PSI
              PC4BW         PC5BW
              ________      ________
 PC4BW              0
 PC5BW              0             0


     PARAMETER SPECIFICATION FOR BETWEEN


           NU
              CANEVRBW      COGPGSBW      WASCOM        DEMAGE        DEMMAL
              ________      ________      ________      ________      ________
 1                  0             0             0             0             0


           NU
              CANEVR        COGPGS        PC1BW         PC2BW         PC3BW
              ________      ________      ________      ________      ________
 1                  0             0             0             0             0


           NU
              PC4BW         PC5BW
              ________      ________
 1                  0             0


           LAMBDA
              CANEVRBW      COGPGSBW      WASCOM        DEMAGE        DEMMAL
              ________      ________      ________      ________      ________
 CANEVRBW           0             0             0             0             0
 COGPGSBW           0             0             0             0             0
 WASCOM             0             0             0             0             0
 DEMAGE             0             0             0             0             0
 DEMMAL             0             0             0             0             0
 CANEVR             0             0             0             0             0
 COGPGS             0             0             0             0             0
 PC1BW              0             0             0             0             0
 PC2BW              0             0             0             0             0
 PC3BW              0             0             0             0             0
 PC4BW              0             0             0             0             0
 PC5BW              0             0             0             0             0


           LAMBDA
              CANEVR        COGPGS        PC1BW         PC2BW         PC3BW
              ________      ________      ________      ________      ________
 CANEVRBW           0             0             0             0             0
 COGPGSBW           0             0             0             0             0
 WASCOM             0             0             0             0             0
 DEMAGE             0             0             0             0             0
 DEMMAL             0             0             0             0             0
 CANEVR             0             0             0             0             0
 COGPGS             0             0             0             0             0
 PC1BW              0             0             0             0             0
 PC2BW              0             0             0             0             0
 PC3BW              0             0             0             0             0
 PC4BW              0             0             0             0             0
 PC5BW              0             0             0             0             0


           LAMBDA
              PC4BW         PC5BW
              ________      ________
 CANEVRBW           0             0
 COGPGSBW           0             0
 WASCOM             0             0
 DEMAGE             0             0
 DEMMAL             0             0
 CANEVR             0             0
 COGPGS             0             0
 PC1BW              0             0
 PC2BW              0             0
 PC3BW              0             0
 PC4BW              0             0
 PC5BW              0             0


           THETA
              CANEVRBW      COGPGSBW      WASCOM        DEMAGE        DEMMAL
              ________      ________      ________      ________      ________
 CANEVRBW           0
 COGPGSBW           0             0
 WASCOM             0             0             0
 DEMAGE             0             0             0             0
 DEMMAL             0             0             0             0             0
 CANEVR             0             0             0             0             0
 COGPGS             0             0             0             0             0
 PC1BW              0             0             0             0             0
 PC2BW              0             0             0             0             0
 PC3BW              0             0             0             0             0
 PC4BW              0             0             0             0             0
 PC5BW              0             0             0             0             0


           THETA
              CANEVR        COGPGS        PC1BW         PC2BW         PC3BW
              ________      ________      ________      ________      ________
 CANEVR             0
 COGPGS             0             0
 PC1BW              0             0             0
 PC2BW              0             0             0             0
 PC3BW              0             0             0             0             0
 PC4BW              0             0             0             0             0
 PC5BW              0             0             0             0             0


           THETA
              PC4BW         PC5BW
              ________      ________
 PC4BW              0
 PC5BW              0             0


           ALPHA
              CANEVRBW      COGPGSBW      WASCOM        DEMAGE        DEMMAL
              ________      ________      ________      ________      ________
 1                 17            18            19             0             0


           ALPHA
              CANEVR        COGPGS        PC1BW         PC2BW         PC3BW
              ________      ________      ________      ________      ________
 1                  0             0             0             0             0


           ALPHA
              PC4BW         PC5BW
              ________      ________
 1                  0             0


           BETA
              CANEVRBW      COGPGSBW      WASCOM        DEMAGE        DEMMAL
              ________      ________      ________      ________      ________
 CANEVRBW           0             0             0             0             0
 COGPGSBW           0             0             0             0             0
 WASCOM            20            21             0             0             0
 DEMAGE             0             0             0             0             0
 DEMMAL             0             0             0             0             0
 CANEVR             0             0             0             0             0
 COGPGS             0             0             0             0             0
 PC1BW              0             0             0             0             0
 PC2BW              0             0             0             0             0
 PC3BW              0             0             0             0             0
 PC4BW              0             0             0             0             0
 PC5BW              0             0             0             0             0


           BETA
              CANEVR        COGPGS        PC1BW         PC2BW         PC3BW
              ________      ________      ________      ________      ________
 CANEVRBW           0             0             0             0             0
 COGPGSBW           0             0             0             0             0
 WASCOM             0             0            22            23            24
 DEMAGE             0             0             0             0             0
 DEMMAL             0             0             0             0             0
 CANEVR             0             0             0             0             0
 COGPGS             0             0             0             0             0
 PC1BW              0             0             0             0             0
 PC2BW              0             0             0             0             0
 PC3BW              0             0             0             0             0
 PC4BW              0             0             0             0             0
 PC5BW              0             0             0             0             0


           BETA
              PC4BW         PC5BW
              ________      ________
 CANEVRBW           0             0
 COGPGSBW           0             0
 WASCOM            25            26
 DEMAGE             0             0
 DEMMAL             0             0
 CANEVR             0             0
 COGPGS             0             0
 PC1BW              0             0
 PC2BW              0             0
 PC3BW              0             0
 PC4BW              0             0
 PC5BW              0             0


           PSI
              CANEVRBW      COGPGSBW      WASCOM        DEMAGE        DEMMAL
              ________      ________      ________      ________      ________
 CANEVRBW          27
 COGPGSBW          28            29
 WASCOM             0             0            30
 DEMAGE             0             0             0             0
 DEMMAL             0             0             0             0             0
 CANEVR             0             0             0             0             0
 COGPGS             0             0             0             0             0
 PC1BW              0             0             0             0             0
 PC2BW              0             0             0             0             0
 PC3BW              0             0             0             0             0
 PC4BW              0             0             0             0             0
 PC5BW              0             0             0             0             0


           PSI
              CANEVR        COGPGS        PC1BW         PC2BW         PC3BW
              ________      ________      ________      ________      ________
 CANEVR             0
 COGPGS             0             0
 PC1BW              0             0             0
 PC2BW              0             0             0             0
 PC3BW              0             0             0             0             0
 PC4BW              0             0             0             0             0
 PC5BW              0             0             0             0             0


           PSI
              PC4BW         PC5BW
              ________      ________
 PC4BW              0
 PC5BW              0             0


     STARTING VALUES FOR WITHIN


           NU
              CANEVRBW      COGPGSBW      WASCOM        DEMAGE        DEMMAL
              ________      ________      ________      ________      ________
 1              0.000         0.000         0.000         0.000         0.000


           NU
              CANEVR        COGPGS        PC1BW         PC2BW         PC3BW
              ________      ________      ________      ________      ________
 1              0.000         0.000         0.000         0.000         0.000


           NU
              PC4BW         PC5BW
              ________      ________
 1              0.000         0.000


           LAMBDA
              CANEVRBW      COGPGSBW      WASCOM        DEMAGE        DEMMAL
              ________      ________      ________      ________      ________
 CANEVRBW       1.000         0.000         0.000         0.000         0.000
 COGPGSBW       0.000         1.000         0.000         0.000         0.000
 WASCOM         0.000         0.000         1.000         0.000         0.000
 DEMAGE         0.000         0.000         0.000         1.000         0.000
 DEMMAL         0.000         0.000         0.000         0.000         1.000
 CANEVR         0.000         0.000         0.000         0.000         0.000
 COGPGS         0.000         0.000         0.000         0.000         0.000
 PC1BW          0.000         0.000         0.000         0.000         0.000
 PC2BW          0.000         0.000         0.000         0.000         0.000
 PC3BW          0.000         0.000         0.000         0.000         0.000
 PC4BW          0.000         0.000         0.000         0.000         0.000
 PC5BW          0.000         0.000         0.000         0.000         0.000


           LAMBDA
              CANEVR        COGPGS        PC1BW         PC2BW         PC3BW
              ________      ________      ________      ________      ________
 CANEVRBW       0.000         0.000         0.000         0.000         0.000
 COGPGSBW       0.000         0.000         0.000         0.000         0.000
 WASCOM         0.000         0.000         0.000         0.000         0.000
 DEMAGE         0.000         0.000         0.000         0.000         0.000
 DEMMAL         0.000         0.000         0.000         0.000         0.000
 CANEVR         1.000         0.000         0.000         0.000         0.000
 COGPGS         0.000         1.000         0.000         0.000         0.000
 PC1BW          0.000         0.000         1.000         0.000         0.000
 PC2BW          0.000         0.000         0.000         1.000         0.000
 PC3BW          0.000         0.000         0.000         0.000         1.000
 PC4BW          0.000         0.000         0.000         0.000         0.000
 PC5BW          0.000         0.000         0.000         0.000         0.000


           LAMBDA
              PC4BW         PC5BW
              ________      ________
 CANEVRBW       0.000         0.000
 COGPGSBW       0.000         0.000
 WASCOM         0.000         0.000
 DEMAGE         0.000         0.000
 DEMMAL         0.000         0.000
 CANEVR         0.000         0.000
 COGPGS         0.000         0.000
 PC1BW          0.000         0.000
 PC2BW          0.000         0.000
 PC3BW          0.000         0.000
 PC4BW          1.000         0.000
 PC5BW          0.000         1.000


           THETA
              CANEVRBW      COGPGSBW      WASCOM        DEMAGE        DEMMAL
              ________      ________      ________      ________      ________
 CANEVRBW       0.000
 COGPGSBW       0.000         0.000
 WASCOM         0.000         0.000         0.000
 DEMAGE         0.000         0.000         0.000         0.000
 DEMMAL         0.000         0.000         0.000         0.000         0.000
 CANEVR         0.000         0.000         0.000         0.000         0.000
 COGPGS         0.000         0.000         0.000         0.000         0.000
 PC1BW          0.000         0.000         0.000         0.000         0.000
 PC2BW          0.000         0.000         0.000         0.000         0.000
 PC3BW          0.000         0.000         0.000         0.000         0.000
 PC4BW          0.000         0.000         0.000         0.000         0.000
 PC5BW          0.000         0.000         0.000         0.000         0.000


           THETA
              CANEVR        COGPGS        PC1BW         PC2BW         PC3BW
              ________      ________      ________      ________      ________
 CANEVR         0.000
 COGPGS         0.000         0.000
 PC1BW          0.000         0.000         0.000
 PC2BW          0.000         0.000         0.000         0.000
 PC3BW          0.000         0.000         0.000         0.000         0.000
 PC4BW          0.000         0.000         0.000         0.000         0.000
 PC5BW          0.000         0.000         0.000         0.000         0.000


           THETA
              PC4BW         PC5BW
              ________      ________
 PC4BW          0.000
 PC5BW          0.000         0.000


           ALPHA
              CANEVRBW      COGPGSBW      WASCOM        DEMAGE        DEMMAL
              ________      ________      ________      ________      ________
 1              0.000         0.000         0.000         0.000         0.000


           ALPHA
              CANEVR        COGPGS        PC1BW         PC2BW         PC3BW
              ________      ________      ________      ________      ________
 1              0.000         0.000         0.000         0.000         0.000


           ALPHA
              PC4BW         PC5BW
              ________      ________
 1              0.000         0.000


           BETA
              CANEVRBW      COGPGSBW      WASCOM        DEMAGE        DEMMAL
              ________      ________      ________      ________      ________
 CANEVRBW       0.000         0.000         0.000         0.000         0.000
 COGPGSBW       0.000         0.000         0.000         0.000         0.000
 WASCOM         0.000         0.000         0.000         0.000         0.000
 DEMAGE         0.000         0.000         0.000         0.000         0.000
 DEMMAL         0.000         0.000         0.000         0.000         0.000
 CANEVR         0.000         0.000         0.000         0.000         0.000
 COGPGS         0.000         0.000         0.000         0.000         0.000
 PC1BW          0.000         0.000         0.000         0.000         0.000
 PC2BW          0.000         0.000         0.000         0.000         0.000
 PC3BW          0.000         0.000         0.000         0.000         0.000
 PC4BW          0.000         0.000         0.000         0.000         0.000
 PC5BW          0.000         0.000         0.000         0.000         0.000


           BETA
              CANEVR        COGPGS        PC1BW         PC2BW         PC3BW
              ________      ________      ________      ________      ________
 CANEVRBW       0.000         0.000         0.000         0.000         0.000
 COGPGSBW       0.000         0.000         0.000         0.000         0.000
 WASCOM         0.000         0.000         0.000         0.000         0.000
 DEMAGE         0.000         0.000         0.000         0.000         0.000
 DEMMAL         0.000         0.000         0.000         0.000         0.000
 CANEVR         0.000         0.000         0.000         0.000         0.000
 COGPGS         0.000         0.000         0.000         0.000         0.000
 PC1BW          0.000         0.000         0.000         0.000         0.000
 PC2BW          0.000         0.000         0.000         0.000         0.000
 PC3BW          0.000         0.000         0.000         0.000         0.000
 PC4BW          0.000         0.000         0.000         0.000         0.000
 PC5BW          0.000         0.000         0.000         0.000         0.000


           BETA
              PC4BW         PC5BW
              ________      ________
 CANEVRBW       0.000         0.000
 COGPGSBW       0.000         0.000
 WASCOM         0.000         0.000
 DEMAGE         0.000         0.000
 DEMMAL         0.000         0.000
 CANEVR         0.000         0.000
 COGPGS         0.000         0.000
 PC1BW          0.000         0.000
 PC2BW          0.000         0.000
 PC3BW          0.000         0.000
 PC4BW          0.000         0.000
 PC5BW          0.000         0.000


           PSI
              CANEVRBW      COGPGSBW      WASCOM        DEMAGE        DEMMAL
              ________      ________      ________      ________      ________
 CANEVRBW       0.000
 COGPGSBW       0.000         0.000
 WASCOM         0.000         0.000         0.442
 DEMAGE         0.000         0.000         0.000         3.199
 DEMMAL         0.000         0.000         0.000         0.000         0.117
 CANEVR         0.000         0.000         0.000         0.000         0.000
 COGPGS         0.000         0.000         0.000         0.000         0.000
 PC1BW          0.000         0.000         0.000         0.000         0.000
 PC2BW          0.000         0.000         0.000         0.000         0.000
 PC3BW          0.000         0.000         0.000         0.000         0.000
 PC4BW          0.000         0.000         0.000         0.000         0.000
 PC5BW          0.000         0.000         0.000         0.000         0.000


           PSI
              CANEVR        COGPGS        PC1BW         PC2BW         PC3BW
              ________      ________      ________      ________      ________
 CANEVR         0.025
 COGPGS         0.000         0.009
 PC1BW          0.000         0.000         0.000
 PC2BW          0.000         0.000         0.000         0.000
 PC3BW          0.000         0.000         0.000         0.000         0.000
 PC4BW          0.000         0.000         0.000         0.000         0.000
 PC5BW          0.000         0.000         0.000         0.000         0.000


           PSI
              PC4BW         PC5BW
              ________      ________
 PC4BW          0.000
 PC5BW          0.000         0.000


     STARTING VALUES FOR BETWEEN


           NU
              CANEVRBW      COGPGSBW      WASCOM        DEMAGE        DEMMAL
              ________      ________      ________      ________      ________
 1              0.000         0.000         0.000         0.000         0.000


           NU
              CANEVR        COGPGS        PC1BW         PC2BW         PC3BW
              ________      ________      ________      ________      ________
 1              0.000         0.000         0.000         0.000         0.000


           NU
              PC4BW         PC5BW
              ________      ________
 1              0.000         0.000


           LAMBDA
              CANEVRBW      COGPGSBW      WASCOM        DEMAGE        DEMMAL
              ________      ________      ________      ________      ________
 CANEVRBW       1.000         0.000         0.000         0.000         0.000
 COGPGSBW       0.000         1.000         0.000         0.000         0.000
 WASCOM         0.000         0.000         1.000         0.000         0.000
 DEMAGE         0.000         0.000         0.000         1.000         0.000
 DEMMAL         0.000         0.000         0.000         0.000         1.000
 CANEVR         0.000         0.000         0.000         0.000         0.000
 COGPGS         0.000         0.000         0.000         0.000         0.000
 PC1BW          0.000         0.000         0.000         0.000         0.000
 PC2BW          0.000         0.000         0.000         0.000         0.000
 PC3BW          0.000         0.000         0.000         0.000         0.000
 PC4BW          0.000         0.000         0.000         0.000         0.000
 PC5BW          0.000         0.000         0.000         0.000         0.000


           LAMBDA
              CANEVR        COGPGS        PC1BW         PC2BW         PC3BW
              ________      ________      ________      ________      ________
 CANEVRBW       0.000         0.000         0.000         0.000         0.000
 COGPGSBW       0.000         0.000         0.000         0.000         0.000
 WASCOM         0.000         0.000         0.000         0.000         0.000
 DEMAGE         0.000         0.000         0.000         0.000         0.000
 DEMMAL         0.000         0.000         0.000         0.000         0.000
 CANEVR         1.000         0.000         0.000         0.000         0.000
 COGPGS         0.000         1.000         0.000         0.000         0.000
 PC1BW          0.000         0.000         1.000         0.000         0.000
 PC2BW          0.000         0.000         0.000         1.000         0.000
 PC3BW          0.000         0.000         0.000         0.000         1.000
 PC4BW          0.000         0.000         0.000         0.000         0.000
 PC5BW          0.000         0.000         0.000         0.000         0.000


           LAMBDA
              PC4BW         PC5BW
              ________      ________
 CANEVRBW       0.000         0.000
 COGPGSBW       0.000         0.000
 WASCOM         0.000         0.000
 DEMAGE         0.000         0.000
 DEMMAL         0.000         0.000
 CANEVR         0.000         0.000
 COGPGS         0.000         0.000
 PC1BW          0.000         0.000
 PC2BW          0.000         0.000
 PC3BW          0.000         0.000
 PC4BW          1.000         0.000
 PC5BW          0.000         1.000


           THETA
              CANEVRBW      COGPGSBW      WASCOM        DEMAGE        DEMMAL
              ________      ________      ________      ________      ________
 CANEVRBW       0.000
 COGPGSBW       0.000         0.000
 WASCOM         0.000         0.000         0.000
 DEMAGE         0.000         0.000         0.000         0.000
 DEMMAL         0.000         0.000         0.000         0.000         0.000
 CANEVR         0.000         0.000         0.000         0.000         0.000
 COGPGS         0.000         0.000         0.000         0.000         0.000
 PC1BW          0.000         0.000         0.000         0.000         0.000
 PC2BW          0.000         0.000         0.000         0.000         0.000
 PC3BW          0.000         0.000         0.000         0.000         0.000
 PC4BW          0.000         0.000         0.000         0.000         0.000
 PC5BW          0.000         0.000         0.000         0.000         0.000


           THETA
              CANEVR        COGPGS        PC1BW         PC2BW         PC3BW
              ________      ________      ________      ________      ________
 CANEVR         0.000
 COGPGS         0.000         0.000
 PC1BW          0.000         0.000         0.000
 PC2BW          0.000         0.000         0.000         0.000
 PC3BW          0.000         0.000         0.000         0.000         0.000
 PC4BW          0.000         0.000         0.000         0.000         0.000
 PC5BW          0.000         0.000         0.000         0.000         0.000


           THETA
              PC4BW         PC5BW
              ________      ________
 PC4BW          0.000
 PC5BW          0.000         0.000


           ALPHA
              CANEVRBW      COGPGSBW      WASCOM        DEMAGE        DEMMAL
              ________      ________      ________      ________      ________
 1              0.000         0.000         0.000         0.000         0.000


           ALPHA
              CANEVR        COGPGS        PC1BW         PC2BW         PC3BW
              ________      ________      ________      ________      ________
 1              0.000         0.000         0.000         0.000         0.000


           ALPHA
              PC4BW         PC5BW
              ________      ________
 1              0.000         0.000


           BETA
              CANEVRBW      COGPGSBW      WASCOM        DEMAGE        DEMMAL
              ________      ________      ________      ________      ________
 CANEVRBW       0.000         0.000         0.000         0.000         0.000
 COGPGSBW       0.000         0.000         0.000         0.000         0.000
 WASCOM         0.000         0.000         0.000         0.000         0.000
 DEMAGE         0.000         0.000         0.000         0.000         0.000
 DEMMAL         0.000         0.000         0.000         0.000         0.000
 CANEVR         0.000         0.000         0.000         0.000         0.000
 COGPGS         0.000         0.000         0.000         0.000         0.000
 PC1BW          0.000         0.000         0.000         0.000         0.000
 PC2BW          0.000         0.000         0.000         0.000         0.000
 PC3BW          0.000         0.000         0.000         0.000         0.000
 PC4BW          0.000         0.000         0.000         0.000         0.000
 PC5BW          0.000         0.000         0.000         0.000         0.000


           BETA
              CANEVR        COGPGS        PC1BW         PC2BW         PC3BW
              ________      ________      ________      ________      ________
 CANEVRBW       0.000         0.000         0.000         0.000         0.000
 COGPGSBW       0.000         0.000         0.000         0.000         0.000
 WASCOM         0.000         0.000         0.000         0.000         0.000
 DEMAGE         0.000         0.000         0.000         0.000         0.000
 DEMMAL         0.000         0.000         0.000         0.000         0.000
 CANEVR         0.000         0.000         0.000         0.000         0.000
 COGPGS         0.000         0.000         0.000         0.000         0.000
 PC1BW          0.000         0.000         0.000         0.000         0.000
 PC2BW          0.000         0.000         0.000         0.000         0.000
 PC3BW          0.000         0.000         0.000         0.000         0.000
 PC4BW          0.000         0.000         0.000         0.000         0.000
 PC5BW          0.000         0.000         0.000         0.000         0.000


           BETA
              PC4BW         PC5BW
              ________      ________
 CANEVRBW       0.000         0.000
 COGPGSBW       0.000         0.000
 WASCOM         0.000         0.000
 DEMAGE         0.000         0.000
 DEMMAL         0.000         0.000
 CANEVR         0.000         0.000
 COGPGS         0.000         0.000
 PC1BW          0.000         0.000
 PC2BW          0.000         0.000
 PC3BW          0.000         0.000
 PC4BW          0.000         0.000
 PC5BW          0.000         0.000


           PSI
              CANEVRBW      COGPGSBW      WASCOM        DEMAGE        DEMMAL
              ________      ________      ________      ________      ________
 CANEVRBW       0.022
 COGPGSBW       0.000         0.057
 WASCOM         0.000         0.000         0.442
 DEMAGE         0.000         0.000         0.000         0.000
 DEMMAL         0.000         0.000         0.000         0.000         0.000
 CANEVR         0.000         0.000         0.000         0.000         0.000
 COGPGS         0.000         0.000         0.000         0.000         0.000
 PC1BW          0.000         0.000         0.000         0.000         0.000
 PC2BW          0.000         0.000         0.000         0.000         0.000
 PC3BW          0.000         0.000         0.000         0.000         0.000
 PC4BW          0.000         0.000         0.000         0.000         0.000
 PC5BW          0.000         0.000         0.000         0.000         0.000


           PSI
              CANEVR        COGPGS        PC1BW         PC2BW         PC3BW
              ________      ________      ________      ________      ________
 CANEVR         0.000
 COGPGS         0.000         0.000
 PC1BW          0.000         0.000         0.001
 PC2BW          0.000         0.000         0.000         0.001
 PC3BW          0.000         0.000         0.000         0.000         0.000
 PC4BW          0.000         0.000         0.000         0.000         0.000
 PC5BW          0.000         0.000         0.000         0.000         0.000


           PSI
              PC4BW         PC5BW
              ________      ________
 PC4BW          0.001
 PC5BW          0.000         0.001


SAMPLE STATISTICS FOR ESTIMATED FACTOR SCORES


     SAMPLE STATISTICS


           Means
              B_WASCOM
              ________
 1              0.000


           Covariances
              B_WASCOM
              ________
 B_WASCOM       0.317


           Correlations
              B_WASCOM
              ________
 B_WASCOM       1.000


PLOT INFORMATION

The following plots are available:

  Histograms (sample values)
  Scatterplots (sample values)

     Beginning Time:  12:53:45
        Ending Time:  12:53:46
       Elapsed Time:  00:00:01



MUTHEN & MUTHEN
3463 Stoner Ave.
Los Angeles, CA  90066

Tel: (310) 391-9971
Fax: (310) 391-8971
Web: www.StatModel.com
Support: Support@StatModel.com

Copyright (c) 1998-2015 Muthen & Muthen
