Mplus VERSION 7.4 (Mac)
MUTHEN & MUTHEN
07/30/2019  12:53 PM

INPUT INSTRUCTIONS


  TITLE: CANEVR_TRLBTS_1;

  DATA:
  	FILE = GD190618.csv;

  VARIABLE:
  	NAMES =
  			ID_Fam   Wave     ID_MPL
  			DEMMAL   DEMAGE   DEMHSP   DEMRAC
  			SRPWCR
  			WASVCB   WASBLK   WASDGT   WSISUM
  			TRLATS   TRLBTS
  			CVLASF   CVLASC   CVLALF   CVLALC
  			WASCOM   COGCOM   CVLCOM
  			CANEVR   CANONS   CANFLF
  			CANFTY   CANF6M   CANAC6
  			CANYRS
  			ALCEVR   ALCONS   ALCFLF
  			ALCFTY   ALCF6M   ALCAC6
  			ALCYRS
  			SRPWCRDt WASVCBDt WASBLKDt
  			WASDGTDt WSISUMDt TRLATSDt
  			TRLBTSDt CVLASFDt CVLASCDt
  			CVLALFDt CVLALCDt WASCOMDt
  			COGCOMDt CVLCOMDt
  			COGPGS
  			PC1 PC2 PC3 PC4 PC5 PC6
  		;
  	USEVARIABLES =
  		! outcome
  	  		TRLBTS
    		! covariates
  	  		DEMAGE
    			DEMMAL  		
    		! within predictor
    			CANEVR
    			COGPGS
    		! between predictor
    			CANEVRBW
    			COGPGSBW
    			PC1BW
    			PC2BW
    			PC3BW
    			PC4BW
    			PC5BW	
    		;
    	USEOBSERVATION =
    			(Wave EQ 1 AND TRLBTSDt EQ 1)
    		;
    	CLUSTER =
    			ID_Fam
    		;
    	MISSING = .;
    	BETWEEN =   		
    			CANEVRBW
    			COGPGSBW
    			PC1BW
    			PC2BW
    			PC3BW
    			PC4BW
    			PC5BW			
    		;
    	WITHIN  		
    			CANEVR
    			COGPGS
    			DEMAGE
    			DEMMAL
    		;  		

  DEFINE:
  	! CREATE BW FAM PREDICTOR
  		CANEVRBW = cluster_mean (CANEVR);	
  		COGPGSBW = cluster_mean (COGPGS);
  		PC1BW = cluster_mean (PC1);
  		PC2BW = cluster_mean (PC2);
  		PC3BW = cluster_mean (PC3);
  		PC4BW = cluster_mean (PC4);
  		PC5BW = cluster_mean (PC5);
  	! CENTER WI FAM VARIABLES
  		CENTER CANEVR (GROUPMEAN);
  		CENTER COGPGS (GROUPMEAN);
  		CENTER DEMMAL (GRANDMEAN);
  		CENTER DEMAGE (GRANDMEAN);
  	! CENTER BW FAM VARIABLES
  		CENTER CANEVRBW (GRANDMEAN);
  		CENTER COGPGSBW (GRANDMEAN);
  		CENTER PC1BW (GRANDMEAN);
  		CENTER PC2BW (GRANDMEAN);
  		CENTER PC3BW (GRANDMEAN);
  		CENTER PC4BW (GRANDMEAN);
  		CENTER PC5BW (GRANDMEAN);

  ANALYSIS:
          ITERATIONS = 1000000;
          TYPE = TWOLEVEL RANDOM;
          ALGORITHM = INTEGRATION;

  OUTPUT:
  	SAMPSTAT STDYX TECH1 CINT;

  MODEL:
  %WITHIN%
  	TRLBTS on CANEVR;
  	TRLBTS on  DEMMAL DEMAGE COGPGS;	
  	COGPGS*;
  	TRLBTS*;
  	CANEVR WITH DEMMAL*;
  	CANEVR WITH DEMAGE*;
  	CANEVR WITH COGPGS*;

  %BETWEEN%
  	TRLBTS on CANEVRBW COGPGSBW
  		 	    PC1BW PC2BW PC3BW PC4BW PC5BW;
  	COGPGSBW*;
  	TRLBTS*;
  	CANEVRBW WITH COGPGSBW*;

  PLOT:
  	TYPE = plot3;



*** WARNING
  Data set contains cases with missing on x-variables.
  These cases were not included in the analysis.
  Number of cases with missing on x-variables:  169
   1 WARNING(S) FOUND IN THE INPUT INSTRUCTIONS



CANEVR_TRLBTS_1;

SUMMARY OF ANALYSIS

Number of groups                                                 1
Number of observations                                        1025

Number of dependent variables                                    1
Number of independent variables                                 11
Number of continuous latent variables                            0

Observed dependent variables

  Continuous
   TRLBTS

Observed independent variables
   DEMAGE      DEMMAL      CANEVR      COGPGS      CANEVRBW    COGPGSBW
   PC1BW       PC2BW       PC3BW       PC4BW       PC5BW

Variables with special functions

  Cluster variable      ID_FAM

  Within variables
   DEMAGE      DEMMAL      CANEVR      COGPGS

  Between variables
   CANEVRBW    COGPGSBW    PC1BW       PC2BW       PC3BW       PC4BW
   PC5BW

  Centering (GRANDMEAN)
   DEMMAL      DEMAGE      CANEVRBW    COGPGSBW
   PC1BW       PC2BW       PC3BW       PC4BW       PC5BW

  Centering (GROUPMEAN)
   CANEVR      COGPGS


Estimator                                                      MLR
Information matrix                                        OBSERVED
Optimization Specifications for the Quasi-Newton Algorithm for
Continuous Outcomes
  Maximum number of iterations                             1000000
  Convergence criterion                                  0.100D-05
Optimization Specifications for the EM Algorithm
  Maximum number of iterations                                 500
  Convergence criteria
    Loglikelihood change                                 0.100D-02
    Relative loglikelihood change                        0.100D-05
    Derivative                                           0.100D-02
Optimization Specifications for the M step of the EM Algorithm for
Categorical Latent variables
  Number of M step iterations                                    1
  M step convergence criterion                           0.100D-02
  Basis for M step termination                           ITERATION
Optimization Specifications for the M step of the EM Algorithm for
Censored, Binary or Ordered Categorical (Ordinal), Unordered
Categorical (Nominal) and Count Outcomes
  Number of M step iterations                                    1
  M step convergence criterion                           0.100D-02
  Basis for M step termination                           ITERATION
  Maximum value for logit thresholds                            15
  Minimum value for logit thresholds                           -15
  Minimum expected cell size for chi-square              0.100D-01
Maximum number of iterations for H1                           2000
Convergence criterion for H1                             0.100D-03
Optimization algorithm                                         EMA
Integration Specifications
  Type                                                    STANDARD
  Number of integration points                                  15
  Dimensions of numerical integration                            0
  Adaptive quadrature                                           ON
Cholesky                                                       OFF

Input data file(s)
  GD190618.csv
Input data format  FREE


SUMMARY OF DATA

     Number of missing data patterns             9
     Number of clusters                        501



COVARIANCE COVERAGE OF DATA

Minimum covariance coverage value   0.100


     PROPORTION OF DATA PRESENT FOR Y


           Covariance Coverage
              CANEVRBW      COGPGSBW      TRLBTS        DEMAGE        DEMMAL
              ________      ________      ________      ________      ________
 CANEVRBW       0.998
 COGPGSBW       0.998         1.000
 TRLBTS         0.881         0.882         0.882
 DEMAGE         0.997         0.998         0.881         0.998
 DEMMAL         0.998         0.999         0.882         0.998         0.999
 CANEVR         0.996         0.996         0.879         0.995         0.996
 COGPGS         0.695         0.697         0.616         0.696         0.696
 PC1BW          0.998         1.000         0.882         0.998         0.999
 PC2BW          0.998         1.000         0.882         0.998         0.999
 PC3BW          0.998         1.000         0.882         0.998         0.999
 PC4BW          0.998         1.000         0.882         0.998         0.999
 PC5BW          0.998         1.000         0.882         0.998         0.999


           Covariance Coverage
              CANEVR        COGPGS        PC1BW         PC2BW         PC3BW
              ________      ________      ________      ________      ________
 CANEVR         0.996
 COGPGS         0.694         0.697
 PC1BW          0.996         0.697         1.000
 PC2BW          0.996         0.697         1.000         1.000
 PC3BW          0.996         0.697         1.000         1.000         1.000
 PC4BW          0.996         0.697         1.000         1.000         1.000
 PC5BW          0.996         0.697         1.000         1.000         1.000


           Covariance Coverage
              PC4BW         PC5BW
              ________      ________
 PC4BW          1.000
 PC5BW          1.000         1.000


SAMPLE STATISTICS


     ESTIMATED SAMPLE STATISTICS


           Means
              CANEVRBW      COGPGSBW      TRLBTS        DEMAGE        DEMMAL
              ________      ________      ________      ________      ________
 1              0.000         0.000        51.300         0.000         0.000


           Means
              CANEVR        COGPGS        PC1BW         PC2BW         PC3BW
              ________      ________      ________      ________      ________
 1              0.000         0.000         0.000         0.000         0.000


           Means
              PC4BW         PC5BW
              ________      ________
 1              0.000         0.000


           Covariances
              CANEVRBW      COGPGSBW      TRLBTS        DEMAGE        DEMMAL
              ________      ________      ________      ________      ________
 CANEVRBW       0.047
 COGPGSBW       0.001         0.112
 TRLBTS         0.069         0.145       117.112
 DEMAGE        -0.006         0.057        -2.865         6.721
 DEMMAL         0.010         0.006         0.023        -0.162         0.233
 CANEVR         0.000         0.000         0.156        -0.073         0.017
 COGPGS         0.000         0.000        -0.026        -0.010         0.003
 PC1BW          0.000        -0.003        -0.021         0.001        -0.001
 PC2BW         -0.001        -0.001        -0.060         0.005        -0.001
 PC3BW          0.000         0.000        -0.009        -0.002         0.000
 PC4BW          0.001         0.001        -0.008         0.003         0.001
 PC5BW          0.001         0.000         0.006         0.000         0.000


           Covariances
              CANEVR        COGPGS        PC1BW         PC2BW         PC3BW
              ________      ________      ________      ________      ________
 CANEVR         0.057
 COGPGS        -0.001         0.019
 PC1BW          0.000         0.000         0.001
 PC2BW          0.000         0.000         0.000         0.001
 PC3BW          0.000         0.000         0.000         0.000         0.001
 PC4BW          0.000         0.000         0.000         0.000         0.000
 PC5BW          0.000         0.000         0.000         0.000         0.000


           Covariances
              PC4BW         PC5BW
              ________      ________
 PC4BW          0.001
 PC5BW          0.000         0.001


           Correlations
              CANEVRBW      COGPGSBW      TRLBTS        DEMAGE        DEMMAL
              ________      ________      ________      ________      ________
 CANEVRBW       1.000
 COGPGSBW       0.010         1.000
 TRLBTS         0.030         0.040         1.000
 DEMAGE        -0.011         0.066        -0.102         1.000
 DEMMAL         0.092         0.034         0.004        -0.129         1.000
 CANEVR         0.000         0.001         0.061        -0.117         0.150
 COGPGS        -0.010        -0.001        -0.018        -0.027         0.043
 PC1BW         -0.051        -0.250        -0.052         0.009        -0.052
 PC2BW         -0.073        -0.041        -0.150         0.055        -0.050
 PC3BW         -0.004         0.007        -0.026        -0.027         0.025
 PC4BW          0.079         0.086        -0.022         0.036         0.049
 PC5BW          0.102        -0.046         0.018        -0.003         0.022


           Correlations
              CANEVR        COGPGS        PC1BW         PC2BW         PC3BW
              ________      ________      ________      ________      ________
 CANEVR         1.000
 COGPGS        -0.029         1.000
 PC1BW          0.000         0.000         1.000
 PC2BW          0.000         0.003        -0.009         1.000
 PC3BW          0.000         0.001         0.014         0.019         1.000
 PC4BW          0.000        -0.001        -0.009         0.001        -0.033
 PC5BW          0.000         0.000         0.031        -0.007         0.007


           Correlations
              PC4BW         PC5BW
              ________      ________
 PC4BW          1.000
 PC5BW         -0.016         1.000


     MAXIMUM LOG-LIKELIHOOD VALUE FOR THE UNRESTRICTED (H1) MODEL IS 3852.605


UNIVARIATE SAMPLE STATISTICS


     UNIVARIATE HIGHER-ORDER MOMENT DESCRIPTIVE STATISTICS

         Variable/         Mean/     Skewness/   Minimum/ % with                Percentiles
        Sample Size      Variance    Kurtosis    Maximum  Min/Max      20%/60%    40%/80%    Median

     CANEVRBW              0.011      -1.838      -0.883    1.00%      -0.216      0.117      0.117
             499.000       0.045       2.523       0.117   78.36%       0.117      0.117
     COGPGSBW             -0.003       0.207      -1.032    0.20%      -0.293     -0.089     -0.014
             501.000       0.120       0.584       1.224    0.20%       0.064      0.279
     TRLBTS               51.249      -0.031       4.000    0.11%      43.000     48.000     52.000
             904.000     117.090       0.850      89.000    0.11%      54.000     60.000
     DEMAGE                0.000       1.559      -3.934    0.10%      -1.994     -1.104     -0.574
            1023.000       6.722       3.755      16.036    0.10%      -0.024      1.616
     DEMMAL                0.000      -0.538      -0.630   37.01%      -0.630      0.370      0.370
            1024.000       0.233      -1.711       0.370   62.99%       0.370      0.370
     CANEVR                0.000      -0.353      -0.750    0.39%       0.000      0.000      0.000
            1021.000       0.057       2.036       0.750    0.10%       0.000      0.000
     COGPGS                0.000      -0.049      -0.505    0.14%      -0.055      0.000      0.000
             714.000       0.019       2.464       0.604    0.14%       0.000      0.060
     PC1BW                 0.001       2.506      -0.020    0.20%      -0.018     -0.016     -0.012
             501.000       0.001       4.885       0.136    0.20%      -0.009     -0.004
     PC2BW                -0.001       0.949      -0.036    0.20%      -0.031     -0.027     -0.017
             501.000       0.001      -0.178       0.131    0.20%      -0.003      0.036
     PC3BW                -0.001      13.649      -0.119    0.20%      -0.005     -0.002      0.000
             501.000       0.001     274.876       0.457    0.20%       0.001      0.005
     PC4BW                 0.000       5.771      -0.094    0.20%      -0.009     -0.006     -0.004
             501.000       0.001      40.886       0.284    0.20%      -0.003      0.000
     PC5BW                 0.000     -17.712      -0.544    0.20%      -0.002      0.000      0.000
             501.000       0.001     369.283       0.110    0.20%       0.001      0.004

     THE STANDARD ERRORS OF THE MODEL PARAMETER ESTIMATES MAY NOT BE
     TRUSTWORTHY FOR SOME PARAMETERS DUE TO A NON-POSITIVE DEFINITE
     FIRST-ORDER DERIVATIVE PRODUCT MATRIX.  THIS MAY BE DUE TO THE STARTING
     VALUES BUT MAY ALSO BE AN INDICATION OF MODEL NONIDENTIFICATION.  THE
     CONDITION NUMBER IS       0.100D-15.  PROBLEM INVOLVING THE FOLLOWING PARAMETER:
     Parameter 14, %WITHIN%: CANEVR


THE MODEL ESTIMATION TERMINATED NORMALLY



MODEL FIT INFORMATION

Number of Free Parameters                       30

Loglikelihood

          H0 Value                       -6215.997
          H0 Scaling Correction Factor      1.2261
            for MLR

Information Criteria

          Akaike (AIC)                   12491.994
          Bayesian (BIC)                 12639.967
          Sample-Size Adjusted BIC       12544.684
            (n* = (n + 2) / 24)



MODEL RESULTS

                                                    Two-Tailed
                    Estimate       S.E.  Est./S.E.    P-Value

Within Level

 TRLBTS     ON
    CANEVR             2.626      1.472      1.784      0.074
    DEMMAL            -0.595      0.726     -0.820      0.412
    DEMAGE            -0.321      0.138     -2.323      0.020
    COGPGS            -1.437      2.922     -0.492      0.623

 CANEVR   WITH
    DEMMAL             0.016      0.004      3.963      0.000
    DEMAGE            -0.062      0.020     -3.032      0.002
    COGPGS            -0.001      0.002     -0.572      0.568

 Means
    DEMAGE             0.000      0.083      0.000      1.000
    DEMMAL             0.000      0.016      0.000      1.000
    CANEVR             0.000      0.000      1.380      0.168
    COGPGS             0.001      0.001      0.511      0.609

 Variances
    DEMAGE             6.722      0.501     13.421      0.000
    DEMMAL             0.233      0.004     56.329      0.000
    CANEVR             0.057      0.005     11.689      0.000
    COGPGS             0.019      0.002      9.662      0.000

 Residual Variances
    TRLBTS            88.581      6.579     13.464      0.000

Between Level

 TRLBTS     ON
    CANEVRBW           1.217      2.009      0.606      0.545
    COGPGSBW           1.110      1.296      0.857      0.392
    PC1BW            -14.155     11.955     -1.184      0.236
    PC2BW            -40.969     10.354     -3.957      0.000
    PC3BW             -9.368      4.036     -2.321      0.020
    PC4BW             -5.086      8.102     -0.628      0.530
    PC5BW              5.462      5.574      0.980      0.327

 CANEVRBW WITH
    COGPGSBW           0.000      0.003      0.094      0.925

 Means
    CANEVRBW           0.011      0.010      1.167      0.243
    COGPGSBW          -0.003      0.015     -0.222      0.824

 Intercepts
    TRLBTS            51.237      0.395    129.737      0.000

 Variances
    CANEVRBW           0.045      0.004     10.504      0.000
    COGPGSBW           0.120      0.009     13.924      0.000

 Residual Variances
    TRLBTS            24.420      6.405      3.813      0.000


STANDARDIZED MODEL RESULTS


STDYX Standardization

                                                    Two-Tailed
                    Estimate       S.E.  Est./S.E.    P-Value

Within Level

 TRLBTS     ON
    CANEVR             0.066      0.037      1.789      0.074
    DEMMAL            -0.030      0.037     -0.819      0.413
    DEMAGE            -0.088      0.038     -2.331      0.020
    COGPGS            -0.021      0.042     -0.491      0.623

 CANEVR   WITH
    DEMMAL             0.138      0.033      4.138      0.000
    DEMAGE            -0.100      0.032     -3.112      0.002
    COGPGS            -0.036      0.062     -0.570      0.568

 Means
    DEMAGE             0.000      0.032      0.000      1.000
    DEMMAL             0.000      0.033      0.000      1.000
    CANEVR             0.000      0.000      1.386      0.166
    COGPGS             0.004      0.007      0.509      0.610

 Variances
    DEMAGE             1.000      0.000    999.000    999.000
    DEMMAL             1.000      0.000    999.000    999.000
    CANEVR             1.000      0.000    999.000    999.000
    COGPGS             1.000      0.000    999.000    999.000

 Residual Variances
    TRLBTS             0.986      0.009    104.850      0.000

Between Level

 TRLBTS     ON
    CANEVRBW           0.050      0.081      0.612      0.540
    COGPGSBW           0.074      0.087      0.849      0.396
    PC1BW             -0.102      0.086     -1.189      0.234
    PC2BW             -0.280      0.070     -4.004      0.000
    PC3BW             -0.043      0.019     -2.283      0.022
    PC4BW             -0.028      0.045     -0.624      0.533
    PC5BW              0.028      0.029      0.956      0.339

 CANEVRBW WITH
    COGPGSBW           0.004      0.040      0.094      0.925

 Means
    CANEVRBW           0.052      0.047      1.113      0.266
    COGPGSBW          -0.010      0.045     -0.222      0.824

 Intercepts
    TRLBTS             9.833      1.216      8.084      0.000

 Variances
    CANEVRBW           1.000      0.000    999.000    999.000
    COGPGSBW           1.000      0.000    999.000    999.000

 Residual Variances
    TRLBTS             0.899      0.043     20.883      0.000


R-SQUARE

Within Level

    Observed                                        Two-Tailed
    Variable        Estimate       S.E.  Est./S.E.    P-Value

    TRLBTS             0.014      0.009      1.502      0.133

Between Level

    Observed                                        Two-Tailed
    Variable        Estimate       S.E.  Est./S.E.    P-Value

    TRLBTS             0.101      0.043      2.337      0.019


QUALITY OF NUMERICAL RESULTS

     Condition Number for the Information Matrix              0.100E-15
       (ratio of smallest to largest eigenvalue)


CONFIDENCE INTERVALS OF MODEL RESULTS

                  Lower .5%  Lower 2.5%    Lower 5%    Estimate    Upper 5%  Upper 2.5%   Upper .5%

Within Level

 TRLBTS   ON
    CANEVR          -1.166      -0.259       0.204       2.626       5.047       5.511       6.417
    DEMMAL          -2.466      -2.019      -1.790      -0.595       0.600       0.828       1.276
    DEMAGE          -0.677      -0.592      -0.548      -0.321      -0.094      -0.050       0.035
    COGPGS          -8.965      -7.165      -6.245      -1.437       3.370       4.291       6.091

 CANEVR   WITH
    DEMMAL           0.006       0.008       0.009       0.016       0.023       0.024       0.026
    DEMAGE          -0.115      -0.102      -0.096      -0.062      -0.028      -0.022      -0.009
    COGPGS          -0.006      -0.005      -0.004      -0.001       0.002       0.003       0.004

 Means
    DEMAGE          -0.215      -0.163      -0.137       0.000       0.137       0.163       0.215
    DEMMAL          -0.041      -0.031      -0.026       0.000       0.026       0.031       0.041
    CANEVR           0.000       0.000       0.000       0.000       0.000       0.000       0.000
    COGPGS          -0.002      -0.001      -0.001       0.001       0.002       0.002       0.003

 Variances
    DEMAGE           5.432       5.740       5.898       6.722       7.545       7.703       8.012
    DEMMAL           0.222       0.225       0.226       0.233       0.240       0.241       0.244
    CANEVR           0.044       0.047       0.049       0.057       0.065       0.066       0.069
    COGPGS           0.014       0.015       0.015       0.019       0.022       0.022       0.023

 Residual Variances
    TRLBTS          71.634      75.686      77.758      88.581      99.404     101.477     105.528

Between Level

 TRLBTS   ON
    CANEVRBW        -3.959      -2.721      -2.088       1.217       4.522       5.155       6.392
    COGPGSBW        -2.228      -1.430      -1.022       1.110       3.243       3.651       4.449
    PC1BW          -44.948     -37.586     -33.820     -14.155       5.510       9.276      16.637
    PC2BW          -67.639     -61.263     -58.001     -40.969     -23.937     -20.675     -14.299
    PC3BW          -19.763     -17.278     -16.007      -9.368      -2.728      -1.457       1.028
    PC4BW          -25.954     -20.965     -18.413      -5.086       8.241      10.793      15.782
    PC5BW           -8.894      -5.462      -3.706       5.462      14.631      16.386      19.818

 CANEVRBW WITH
    COGPGSBW        -0.007      -0.005      -0.005       0.000       0.005       0.006       0.008

 Means
    CANEVRBW        -0.013      -0.008      -0.005       0.011       0.027       0.030       0.036
    COGPGSBW        -0.043      -0.034      -0.029      -0.003       0.022       0.027       0.036

 Intercepts
    TRLBTS          50.220      50.463      50.588      51.237      51.887      52.011      52.255

 Variances
    CANEVRBW         0.034       0.037       0.038       0.045       0.053       0.054       0.057
    COGPGSBW         0.097       0.103       0.105       0.120       0.134       0.136       0.142

 Residual Variances
    TRLBTS           7.923      11.867      13.884      24.420      34.956      36.974      40.918


CONFIDENCE INTERVALS OF STANDARDIZED MODEL RESULTS


STDYX Standardization

                  Lower .5%  Lower 2.5%    Lower 5%    Estimate    Upper 5%  Upper 2.5%   Upper .5%

Within Level

 TRLBTS   ON
    CANEVR          -0.029      -0.006       0.005       0.066       0.127       0.138       0.161
    DEMMAL          -0.126      -0.103      -0.091      -0.030       0.031       0.042       0.065
    DEMAGE          -0.185      -0.162      -0.150      -0.088      -0.026      -0.014       0.009
    COGPGS          -0.129      -0.103      -0.090      -0.021       0.049       0.062       0.088

 CANEVR   WITH
    DEMMAL           0.052       0.073       0.083       0.138       0.193       0.204       0.224
    DEMAGE          -0.183      -0.163      -0.153      -0.100      -0.047      -0.037      -0.017
    COGPGS          -0.196      -0.158      -0.138      -0.036       0.067       0.087       0.125

 Means
    DEMAGE          -0.083      -0.063      -0.053       0.000       0.053       0.063       0.083
    DEMMAL          -0.085      -0.065      -0.054       0.000       0.054       0.065       0.085
    CANEVR           0.000       0.000       0.000       0.000       0.001       0.001       0.001
    COGPGS          -0.015      -0.010      -0.008       0.004       0.016       0.018       0.022

 Variances
    DEMAGE           1.000       1.000       1.000       1.000       1.000       1.000       1.000
    DEMMAL           1.000       1.000       1.000       1.000       1.000       1.000       1.000
    CANEVR           1.000       1.000       1.000       1.000       1.000       1.000       1.000
    COGPGS           1.000       1.000       1.000       1.000       1.000       1.000       1.000

 Residual Variances
    TRLBTS           0.962       0.967       0.970       0.986       1.001       1.004       1.010

Between Level

 TRLBTS   ON
    CANEVRBW        -0.160      -0.110      -0.084       0.050       0.183       0.209       0.259
    COGPGSBW        -0.150      -0.096      -0.069       0.074       0.216       0.244       0.297
    PC1BW           -0.323      -0.270      -0.243      -0.102       0.039       0.066       0.119
    PC2BW           -0.461      -0.418      -0.396      -0.280      -0.165      -0.143      -0.100
    PC3BW           -0.091      -0.079      -0.073      -0.043      -0.012      -0.006       0.005
    PC4BW           -0.144      -0.117      -0.102      -0.028       0.046       0.060       0.088
    PC5BW           -0.047      -0.029      -0.020       0.028       0.075       0.084       0.102

 CANEVRBW WITH
    COGPGSBW        -0.098      -0.074      -0.061       0.004       0.069       0.081       0.106

 Means
    CANEVRBW        -0.069      -0.040      -0.025       0.052       0.129       0.144       0.173
    COGPGSBW        -0.125      -0.098      -0.083      -0.010       0.064       0.078       0.105

 Intercepts
    TRLBTS           6.700       7.449       7.832       9.833      11.834      12.217      12.966

 Variances
    CANEVRBW         1.000       1.000       1.000       1.000       1.000       1.000       1.000
    COGPGSBW         1.000       1.000       1.000       1.000       1.000       1.000       1.000

 Residual Variances
    TRLBTS           0.788       0.815       0.828       0.899       0.970       0.984       1.010


TECHNICAL 1 OUTPUT


     PARAMETER SPECIFICATION FOR WITHIN


           NU
              CANEVRBW      COGPGSBW      TRLBTS        DEMAGE        DEMMAL
              ________      ________      ________      ________      ________
 1                  0             0             0             0             0


           NU
              CANEVR        COGPGS        PC1BW         PC2BW         PC3BW
              ________      ________      ________      ________      ________
 1                  0             0             0             0             0


           NU
              PC4BW         PC5BW
              ________      ________
 1                  0             0


           LAMBDA
              CANEVRBW      COGPGSBW      TRLBTS        DEMAGE        DEMMAL
              ________      ________      ________      ________      ________
 CANEVRBW           0             0             0             0             0
 COGPGSBW           0             0             0             0             0
 TRLBTS             0             0             0             0             0
 DEMAGE             0             0             0             0             0
 DEMMAL             0             0             0             0             0
 CANEVR             0             0             0             0             0
 COGPGS             0             0             0             0             0
 PC1BW              0             0             0             0             0
 PC2BW              0             0             0             0             0
 PC3BW              0             0             0             0             0
 PC4BW              0             0             0             0             0
 PC5BW              0             0             0             0             0


           LAMBDA
              CANEVR        COGPGS        PC1BW         PC2BW         PC3BW
              ________      ________      ________      ________      ________
 CANEVRBW           0             0             0             0             0
 COGPGSBW           0             0             0             0             0
 TRLBTS             0             0             0             0             0
 DEMAGE             0             0             0             0             0
 DEMMAL             0             0             0             0             0
 CANEVR             0             0             0             0             0
 COGPGS             0             0             0             0             0
 PC1BW              0             0             0             0             0
 PC2BW              0             0             0             0             0
 PC3BW              0             0             0             0             0
 PC4BW              0             0             0             0             0
 PC5BW              0             0             0             0             0


           LAMBDA
              PC4BW         PC5BW
              ________      ________
 CANEVRBW           0             0
 COGPGSBW           0             0
 TRLBTS             0             0
 DEMAGE             0             0
 DEMMAL             0             0
 CANEVR             0             0
 COGPGS             0             0
 PC1BW              0             0
 PC2BW              0             0
 PC3BW              0             0
 PC4BW              0             0
 PC5BW              0             0


           THETA
              CANEVRBW      COGPGSBW      TRLBTS        DEMAGE        DEMMAL
              ________      ________      ________      ________      ________
 CANEVRBW           0
 COGPGSBW           0             0
 TRLBTS             0             0             0
 DEMAGE             0             0             0             0
 DEMMAL             0             0             0             0             0
 CANEVR             0             0             0             0             0
 COGPGS             0             0             0             0             0
 PC1BW              0             0             0             0             0
 PC2BW              0             0             0             0             0
 PC3BW              0             0             0             0             0
 PC4BW              0             0             0             0             0
 PC5BW              0             0             0             0             0


           THETA
              CANEVR        COGPGS        PC1BW         PC2BW         PC3BW
              ________      ________      ________      ________      ________
 CANEVR             0
 COGPGS             0             0
 PC1BW              0             0             0
 PC2BW              0             0             0             0
 PC3BW              0             0             0             0             0
 PC4BW              0             0             0             0             0
 PC5BW              0             0             0             0             0


           THETA
              PC4BW         PC5BW
              ________      ________
 PC4BW              0
 PC5BW              0             0


           ALPHA
              CANEVRBW      COGPGSBW      TRLBTS        DEMAGE        DEMMAL
              ________      ________      ________      ________      ________
 1                  0             0             0             1             2


           ALPHA
              CANEVR        COGPGS        PC1BW         PC2BW         PC3BW
              ________      ________      ________      ________      ________
 1                  3             4             0             0             0


           ALPHA
              PC4BW         PC5BW
              ________      ________
 1                  0             0


           BETA
              CANEVRBW      COGPGSBW      TRLBTS        DEMAGE        DEMMAL
              ________      ________      ________      ________      ________
 CANEVRBW           0             0             0             0             0
 COGPGSBW           0             0             0             0             0
 TRLBTS             0             0             0             5             6
 DEMAGE             0             0             0             0             0
 DEMMAL             0             0             0             0             0
 CANEVR             0             0             0             0             0
 COGPGS             0             0             0             0             0
 PC1BW              0             0             0             0             0
 PC2BW              0             0             0             0             0
 PC3BW              0             0             0             0             0
 PC4BW              0             0             0             0             0
 PC5BW              0             0             0             0             0


           BETA
              CANEVR        COGPGS        PC1BW         PC2BW         PC3BW
              ________      ________      ________      ________      ________
 CANEVRBW           0             0             0             0             0
 COGPGSBW           0             0             0             0             0
 TRLBTS             7             8             0             0             0
 DEMAGE             0             0             0             0             0
 DEMMAL             0             0             0             0             0
 CANEVR             0             0             0             0             0
 COGPGS             0             0             0             0             0
 PC1BW              0             0             0             0             0
 PC2BW              0             0             0             0             0
 PC3BW              0             0             0             0             0
 PC4BW              0             0             0             0             0
 PC5BW              0             0             0             0             0


           BETA
              PC4BW         PC5BW
              ________      ________
 CANEVRBW           0             0
 COGPGSBW           0             0
 TRLBTS             0             0
 DEMAGE             0             0
 DEMMAL             0             0
 CANEVR             0             0
 COGPGS             0             0
 PC1BW              0             0
 PC2BW              0             0
 PC3BW              0             0
 PC4BW              0             0
 PC5BW              0             0


           PSI
              CANEVRBW      COGPGSBW      TRLBTS        DEMAGE        DEMMAL
              ________      ________      ________      ________      ________
 CANEVRBW           0
 COGPGSBW           0             0
 TRLBTS             0             0             9
 DEMAGE             0             0             0            10
 DEMMAL             0             0             0             0            11
 CANEVR             0             0             0            12            13
 COGPGS             0             0             0             0             0
 PC1BW              0             0             0             0             0
 PC2BW              0             0             0             0             0
 PC3BW              0             0             0             0             0
 PC4BW              0             0             0             0             0
 PC5BW              0             0             0             0             0


           PSI
              CANEVR        COGPGS        PC1BW         PC2BW         PC3BW
              ________      ________      ________      ________      ________
 CANEVR            14
 COGPGS            15            16
 PC1BW              0             0             0
 PC2BW              0             0             0             0
 PC3BW              0             0             0             0             0
 PC4BW              0             0             0             0             0
 PC5BW              0             0             0             0             0


           PSI
              PC4BW         PC5BW
              ________      ________
 PC4BW              0
 PC5BW              0             0


     PARAMETER SPECIFICATION FOR BETWEEN


           NU
              CANEVRBW      COGPGSBW      TRLBTS        DEMAGE        DEMMAL
              ________      ________      ________      ________      ________
 1                  0             0             0             0             0


           NU
              CANEVR        COGPGS        PC1BW         PC2BW         PC3BW
              ________      ________      ________      ________      ________
 1                  0             0             0             0             0


           NU
              PC4BW         PC5BW
              ________      ________
 1                  0             0


           LAMBDA
              CANEVRBW      COGPGSBW      TRLBTS        DEMAGE        DEMMAL
              ________      ________      ________      ________      ________
 CANEVRBW           0             0             0             0             0
 COGPGSBW           0             0             0             0             0
 TRLBTS             0             0             0             0             0
 DEMAGE             0             0             0             0             0
 DEMMAL             0             0             0             0             0
 CANEVR             0             0             0             0             0
 COGPGS             0             0             0             0             0
 PC1BW              0             0             0             0             0
 PC2BW              0             0             0             0             0
 PC3BW              0             0             0             0             0
 PC4BW              0             0             0             0             0
 PC5BW              0             0             0             0             0


           LAMBDA
              CANEVR        COGPGS        PC1BW         PC2BW         PC3BW
              ________      ________      ________      ________      ________
 CANEVRBW           0             0             0             0             0
 COGPGSBW           0             0             0             0             0
 TRLBTS             0             0             0             0             0
 DEMAGE             0             0             0             0             0
 DEMMAL             0             0             0             0             0
 CANEVR             0             0             0             0             0
 COGPGS             0             0             0             0             0
 PC1BW              0             0             0             0             0
 PC2BW              0             0             0             0             0
 PC3BW              0             0             0             0             0
 PC4BW              0             0             0             0             0
 PC5BW              0             0             0             0             0


           LAMBDA
              PC4BW         PC5BW
              ________      ________
 CANEVRBW           0             0
 COGPGSBW           0             0
 TRLBTS             0             0
 DEMAGE             0             0
 DEMMAL             0             0
 CANEVR             0             0
 COGPGS             0             0
 PC1BW              0             0
 PC2BW              0             0
 PC3BW              0             0
 PC4BW              0             0
 PC5BW              0             0


           THETA
              CANEVRBW      COGPGSBW      TRLBTS        DEMAGE        DEMMAL
              ________      ________      ________      ________      ________
 CANEVRBW           0
 COGPGSBW           0             0
 TRLBTS             0             0             0
 DEMAGE             0             0             0             0
 DEMMAL             0             0             0             0             0
 CANEVR             0             0             0             0             0
 COGPGS             0             0             0             0             0
 PC1BW              0             0             0             0             0
 PC2BW              0             0             0             0             0
 PC3BW              0             0             0             0             0
 PC4BW              0             0             0             0             0
 PC5BW              0             0             0             0             0


           THETA
              CANEVR        COGPGS        PC1BW         PC2BW         PC3BW
              ________      ________      ________      ________      ________
 CANEVR             0
 COGPGS             0             0
 PC1BW              0             0             0
 PC2BW              0             0             0             0
 PC3BW              0             0             0             0             0
 PC4BW              0             0             0             0             0
 PC5BW              0             0             0             0             0


           THETA
              PC4BW         PC5BW
              ________      ________
 PC4BW              0
 PC5BW              0             0


           ALPHA
              CANEVRBW      COGPGSBW      TRLBTS        DEMAGE        DEMMAL
              ________      ________      ________      ________      ________
 1                 17            18            19             0             0


           ALPHA
              CANEVR        COGPGS        PC1BW         PC2BW         PC3BW
              ________      ________      ________      ________      ________
 1                  0             0             0             0             0


           ALPHA
              PC4BW         PC5BW
              ________      ________
 1                  0             0


           BETA
              CANEVRBW      COGPGSBW      TRLBTS        DEMAGE        DEMMAL
              ________      ________      ________      ________      ________
 CANEVRBW           0             0             0             0             0
 COGPGSBW           0             0             0             0             0
 TRLBTS            20            21             0             0             0
 DEMAGE             0             0             0             0             0
 DEMMAL             0             0             0             0             0
 CANEVR             0             0             0             0             0
 COGPGS             0             0             0             0             0
 PC1BW              0             0             0             0             0
 PC2BW              0             0             0             0             0
 PC3BW              0             0             0             0             0
 PC4BW              0             0             0             0             0
 PC5BW              0             0             0             0             0


           BETA
              CANEVR        COGPGS        PC1BW         PC2BW         PC3BW
              ________      ________      ________      ________      ________
 CANEVRBW           0             0             0             0             0
 COGPGSBW           0             0             0             0             0
 TRLBTS             0             0            22            23            24
 DEMAGE             0             0             0             0             0
 DEMMAL             0             0             0             0             0
 CANEVR             0             0             0             0             0
 COGPGS             0             0             0             0             0
 PC1BW              0             0             0             0             0
 PC2BW              0             0             0             0             0
 PC3BW              0             0             0             0             0
 PC4BW              0             0             0             0             0
 PC5BW              0             0             0             0             0


           BETA
              PC4BW         PC5BW
              ________      ________
 CANEVRBW           0             0
 COGPGSBW           0             0
 TRLBTS            25            26
 DEMAGE             0             0
 DEMMAL             0             0
 CANEVR             0             0
 COGPGS             0             0
 PC1BW              0             0
 PC2BW              0             0
 PC3BW              0             0
 PC4BW              0             0
 PC5BW              0             0


           PSI
              CANEVRBW      COGPGSBW      TRLBTS        DEMAGE        DEMMAL
              ________      ________      ________      ________      ________
 CANEVRBW          27
 COGPGSBW          28            29
 TRLBTS             0             0            30
 DEMAGE             0             0             0             0
 DEMMAL             0             0             0             0             0
 CANEVR             0             0             0             0             0
 COGPGS             0             0             0             0             0
 PC1BW              0             0             0             0             0
 PC2BW              0             0             0             0             0
 PC3BW              0             0             0             0             0
 PC4BW              0             0             0             0             0
 PC5BW              0             0             0             0             0


           PSI
              CANEVR        COGPGS        PC1BW         PC2BW         PC3BW
              ________      ________      ________      ________      ________
 CANEVR             0
 COGPGS             0             0
 PC1BW              0             0             0
 PC2BW              0             0             0             0
 PC3BW              0             0             0             0             0
 PC4BW              0             0             0             0             0
 PC5BW              0             0             0             0             0


           PSI
              PC4BW         PC5BW
              ________      ________
 PC4BW              0
 PC5BW              0             0


     STARTING VALUES FOR WITHIN


           NU
              CANEVRBW      COGPGSBW      TRLBTS        DEMAGE        DEMMAL
              ________      ________      ________      ________      ________
 1              0.000         0.000         0.000         0.000         0.000


           NU
              CANEVR        COGPGS        PC1BW         PC2BW         PC3BW
              ________      ________      ________      ________      ________
 1              0.000         0.000         0.000         0.000         0.000


           NU
              PC4BW         PC5BW
              ________      ________
 1              0.000         0.000


           LAMBDA
              CANEVRBW      COGPGSBW      TRLBTS        DEMAGE        DEMMAL
              ________      ________      ________      ________      ________
 CANEVRBW       1.000         0.000         0.000         0.000         0.000
 COGPGSBW       0.000         1.000         0.000         0.000         0.000
 TRLBTS         0.000         0.000         1.000         0.000         0.000
 DEMAGE         0.000         0.000         0.000         1.000         0.000
 DEMMAL         0.000         0.000         0.000         0.000         1.000
 CANEVR         0.000         0.000         0.000         0.000         0.000
 COGPGS         0.000         0.000         0.000         0.000         0.000
 PC1BW          0.000         0.000         0.000         0.000         0.000
 PC2BW          0.000         0.000         0.000         0.000         0.000
 PC3BW          0.000         0.000         0.000         0.000         0.000
 PC4BW          0.000         0.000         0.000         0.000         0.000
 PC5BW          0.000         0.000         0.000         0.000         0.000


           LAMBDA
              CANEVR        COGPGS        PC1BW         PC2BW         PC3BW
              ________      ________      ________      ________      ________
 CANEVRBW       0.000         0.000         0.000         0.000         0.000
 COGPGSBW       0.000         0.000         0.000         0.000         0.000
 TRLBTS         0.000         0.000         0.000         0.000         0.000
 DEMAGE         0.000         0.000         0.000         0.000         0.000
 DEMMAL         0.000         0.000         0.000         0.000         0.000
 CANEVR         1.000         0.000         0.000         0.000         0.000
 COGPGS         0.000         1.000         0.000         0.000         0.000
 PC1BW          0.000         0.000         1.000         0.000         0.000
 PC2BW          0.000         0.000         0.000         1.000         0.000
 PC3BW          0.000         0.000         0.000         0.000         1.000
 PC4BW          0.000         0.000         0.000         0.000         0.000
 PC5BW          0.000         0.000         0.000         0.000         0.000


           LAMBDA
              PC4BW         PC5BW
              ________      ________
 CANEVRBW       0.000         0.000
 COGPGSBW       0.000         0.000
 TRLBTS         0.000         0.000
 DEMAGE         0.000         0.000
 DEMMAL         0.000         0.000
 CANEVR         0.000         0.000
 COGPGS         0.000         0.000
 PC1BW          0.000         0.000
 PC2BW          0.000         0.000
 PC3BW          0.000         0.000
 PC4BW          1.000         0.000
 PC5BW          0.000         1.000


           THETA
              CANEVRBW      COGPGSBW      TRLBTS        DEMAGE        DEMMAL
              ________      ________      ________      ________      ________
 CANEVRBW       0.000
 COGPGSBW       0.000         0.000
 TRLBTS         0.000         0.000         0.000
 DEMAGE         0.000         0.000         0.000         0.000
 DEMMAL         0.000         0.000         0.000         0.000         0.000
 CANEVR         0.000         0.000         0.000         0.000         0.000
 COGPGS         0.000         0.000         0.000         0.000         0.000
 PC1BW          0.000         0.000         0.000         0.000         0.000
 PC2BW          0.000         0.000         0.000         0.000         0.000
 PC3BW          0.000         0.000         0.000         0.000         0.000
 PC4BW          0.000         0.000         0.000         0.000         0.000
 PC5BW          0.000         0.000         0.000         0.000         0.000


           THETA
              CANEVR        COGPGS        PC1BW         PC2BW         PC3BW
              ________      ________      ________      ________      ________
 CANEVR         0.000
 COGPGS         0.000         0.000
 PC1BW          0.000         0.000         0.000
 PC2BW          0.000         0.000         0.000         0.000
 PC3BW          0.000         0.000         0.000         0.000         0.000
 PC4BW          0.000         0.000         0.000         0.000         0.000
 PC5BW          0.000         0.000         0.000         0.000         0.000


           THETA
              PC4BW         PC5BW
              ________      ________
 PC4BW          0.000
 PC5BW          0.000         0.000


           ALPHA
              CANEVRBW      COGPGSBW      TRLBTS        DEMAGE        DEMMAL
              ________      ________      ________      ________      ________
 1              0.000         0.000         0.000         0.000         0.000


           ALPHA
              CANEVR        COGPGS        PC1BW         PC2BW         PC3BW
              ________      ________      ________      ________      ________
 1              0.000         0.000         0.000         0.000         0.000


           ALPHA
              PC4BW         PC5BW
              ________      ________
 1              0.000         0.000


           BETA
              CANEVRBW      COGPGSBW      TRLBTS        DEMAGE        DEMMAL
              ________      ________      ________      ________      ________
 CANEVRBW       0.000         0.000         0.000         0.000         0.000
 COGPGSBW       0.000         0.000         0.000         0.000         0.000
 TRLBTS         0.000         0.000         0.000         0.000         0.000
 DEMAGE         0.000         0.000         0.000         0.000         0.000
 DEMMAL         0.000         0.000         0.000         0.000         0.000
 CANEVR         0.000         0.000         0.000         0.000         0.000
 COGPGS         0.000         0.000         0.000         0.000         0.000
 PC1BW          0.000         0.000         0.000         0.000         0.000
 PC2BW          0.000         0.000         0.000         0.000         0.000
 PC3BW          0.000         0.000         0.000         0.000         0.000
 PC4BW          0.000         0.000         0.000         0.000         0.000
 PC5BW          0.000         0.000         0.000         0.000         0.000


           BETA
              CANEVR        COGPGS        PC1BW         PC2BW         PC3BW
              ________      ________      ________      ________      ________
 CANEVRBW       0.000         0.000         0.000         0.000         0.000
 COGPGSBW       0.000         0.000         0.000         0.000         0.000
 TRLBTS         0.000         0.000         0.000         0.000         0.000
 DEMAGE         0.000         0.000         0.000         0.000         0.000
 DEMMAL         0.000         0.000         0.000         0.000         0.000
 CANEVR         0.000         0.000         0.000         0.000         0.000
 COGPGS         0.000         0.000         0.000         0.000         0.000
 PC1BW          0.000         0.000         0.000         0.000         0.000
 PC2BW          0.000         0.000         0.000         0.000         0.000
 PC3BW          0.000         0.000         0.000         0.000         0.000
 PC4BW          0.000         0.000         0.000         0.000         0.000
 PC5BW          0.000         0.000         0.000         0.000         0.000


           BETA
              PC4BW         PC5BW
              ________      ________
 CANEVRBW       0.000         0.000
 COGPGSBW       0.000         0.000
 TRLBTS         0.000         0.000
 DEMAGE         0.000         0.000
 DEMMAL         0.000         0.000
 CANEVR         0.000         0.000
 COGPGS         0.000         0.000
 PC1BW          0.000         0.000
 PC2BW          0.000         0.000
 PC3BW          0.000         0.000
 PC4BW          0.000         0.000
 PC5BW          0.000         0.000


           PSI
              CANEVRBW      COGPGSBW      TRLBTS        DEMAGE        DEMMAL
              ________      ________      ________      ________      ________
 CANEVRBW       0.000
 COGPGSBW       0.000         0.000
 TRLBTS         0.000         0.000        58.545
 DEMAGE         0.000         0.000         0.000         3.361
 DEMMAL         0.000         0.000         0.000         0.000         0.117
 CANEVR         0.000         0.000         0.000         0.000         0.000
 COGPGS         0.000         0.000         0.000         0.000         0.000
 PC1BW          0.000         0.000         0.000         0.000         0.000
 PC2BW          0.000         0.000         0.000         0.000         0.000
 PC3BW          0.000         0.000         0.000         0.000         0.000
 PC4BW          0.000         0.000         0.000         0.000         0.000
 PC5BW          0.000         0.000         0.000         0.000         0.000


           PSI
              CANEVR        COGPGS        PC1BW         PC2BW         PC3BW
              ________      ________      ________      ________      ________
 CANEVR         0.029
 COGPGS         0.000         0.009
 PC1BW          0.000         0.000         0.000
 PC2BW          0.000         0.000         0.000         0.000
 PC3BW          0.000         0.000         0.000         0.000         0.000
 PC4BW          0.000         0.000         0.000         0.000         0.000
 PC5BW          0.000         0.000         0.000         0.000         0.000


           PSI
              PC4BW         PC5BW
              ________      ________
 PC4BW          0.000
 PC5BW          0.000         0.000


     STARTING VALUES FOR BETWEEN


           NU
              CANEVRBW      COGPGSBW      TRLBTS        DEMAGE        DEMMAL
              ________      ________      ________      ________      ________
 1              0.000         0.000         0.000         0.000         0.000


           NU
              CANEVR        COGPGS        PC1BW         PC2BW         PC3BW
              ________      ________      ________      ________      ________
 1              0.000         0.000         0.000         0.000         0.000


           NU
              PC4BW         PC5BW
              ________      ________
 1              0.000         0.000


           LAMBDA
              CANEVRBW      COGPGSBW      TRLBTS        DEMAGE        DEMMAL
              ________      ________      ________      ________      ________
 CANEVRBW       1.000         0.000         0.000         0.000         0.000
 COGPGSBW       0.000         1.000         0.000         0.000         0.000
 TRLBTS         0.000         0.000         1.000         0.000         0.000
 DEMAGE         0.000         0.000         0.000         1.000         0.000
 DEMMAL         0.000         0.000         0.000         0.000         1.000
 CANEVR         0.000         0.000         0.000         0.000         0.000
 COGPGS         0.000         0.000         0.000         0.000         0.000
 PC1BW          0.000         0.000         0.000         0.000         0.000
 PC2BW          0.000         0.000         0.000         0.000         0.000
 PC3BW          0.000         0.000         0.000         0.000         0.000
 PC4BW          0.000         0.000         0.000         0.000         0.000
 PC5BW          0.000         0.000         0.000         0.000         0.000


           LAMBDA
              CANEVR        COGPGS        PC1BW         PC2BW         PC3BW
              ________      ________      ________      ________      ________
 CANEVRBW       0.000         0.000         0.000         0.000         0.000
 COGPGSBW       0.000         0.000         0.000         0.000         0.000
 TRLBTS         0.000         0.000         0.000         0.000         0.000
 DEMAGE         0.000         0.000         0.000         0.000         0.000
 DEMMAL         0.000         0.000         0.000         0.000         0.000
 CANEVR         1.000         0.000         0.000         0.000         0.000
 COGPGS         0.000         1.000         0.000         0.000         0.000
 PC1BW          0.000         0.000         1.000         0.000         0.000
 PC2BW          0.000         0.000         0.000         1.000         0.000
 PC3BW          0.000         0.000         0.000         0.000         1.000
 PC4BW          0.000         0.000         0.000         0.000         0.000
 PC5BW          0.000         0.000         0.000         0.000         0.000


           LAMBDA
              PC4BW         PC5BW
              ________      ________
 CANEVRBW       0.000         0.000
 COGPGSBW       0.000         0.000
 TRLBTS         0.000         0.000
 DEMAGE         0.000         0.000
 DEMMAL         0.000         0.000
 CANEVR         0.000         0.000
 COGPGS         0.000         0.000
 PC1BW          0.000         0.000
 PC2BW          0.000         0.000
 PC3BW          0.000         0.000
 PC4BW          1.000         0.000
 PC5BW          0.000         1.000


           THETA
              CANEVRBW      COGPGSBW      TRLBTS        DEMAGE        DEMMAL
              ________      ________      ________      ________      ________
 CANEVRBW       0.000
 COGPGSBW       0.000         0.000
 TRLBTS         0.000         0.000         0.000
 DEMAGE         0.000         0.000         0.000         0.000
 DEMMAL         0.000         0.000         0.000         0.000         0.000
 CANEVR         0.000         0.000         0.000         0.000         0.000
 COGPGS         0.000         0.000         0.000         0.000         0.000
 PC1BW          0.000         0.000         0.000         0.000         0.000
 PC2BW          0.000         0.000         0.000         0.000         0.000
 PC3BW          0.000         0.000         0.000         0.000         0.000
 PC4BW          0.000         0.000         0.000         0.000         0.000
 PC5BW          0.000         0.000         0.000         0.000         0.000


           THETA
              CANEVR        COGPGS        PC1BW         PC2BW         PC3BW
              ________      ________      ________      ________      ________
 CANEVR         0.000
 COGPGS         0.000         0.000
 PC1BW          0.000         0.000         0.000
 PC2BW          0.000         0.000         0.000         0.000
 PC3BW          0.000         0.000         0.000         0.000         0.000
 PC4BW          0.000         0.000         0.000         0.000         0.000
 PC5BW          0.000         0.000         0.000         0.000         0.000


           THETA
              PC4BW         PC5BW
              ________      ________
 PC4BW          0.000
 PC5BW          0.000         0.000


           ALPHA
              CANEVRBW      COGPGSBW      TRLBTS        DEMAGE        DEMMAL
              ________      ________      ________      ________      ________
 1              0.000         0.000        51.249         0.000         0.000


           ALPHA
              CANEVR        COGPGS        PC1BW         PC2BW         PC3BW
              ________      ________      ________      ________      ________
 1              0.000         0.000         0.000         0.000         0.000


           ALPHA
              PC4BW         PC5BW
              ________      ________
 1              0.000         0.000


           BETA
              CANEVRBW      COGPGSBW      TRLBTS        DEMAGE        DEMMAL
              ________      ________      ________      ________      ________
 CANEVRBW       0.000         0.000         0.000         0.000         0.000
 COGPGSBW       0.000         0.000         0.000         0.000         0.000
 TRLBTS         0.000         0.000         0.000         0.000         0.000
 DEMAGE         0.000         0.000         0.000         0.000         0.000
 DEMMAL         0.000         0.000         0.000         0.000         0.000
 CANEVR         0.000         0.000         0.000         0.000         0.000
 COGPGS         0.000         0.000         0.000         0.000         0.000
 PC1BW          0.000         0.000         0.000         0.000         0.000
 PC2BW          0.000         0.000         0.000         0.000         0.000
 PC3BW          0.000         0.000         0.000         0.000         0.000
 PC4BW          0.000         0.000         0.000         0.000         0.000
 PC5BW          0.000         0.000         0.000         0.000         0.000


           BETA
              CANEVR        COGPGS        PC1BW         PC2BW         PC3BW
              ________      ________      ________      ________      ________
 CANEVRBW       0.000         0.000         0.000         0.000         0.000
 COGPGSBW       0.000         0.000         0.000         0.000         0.000
 TRLBTS         0.000         0.000         0.000         0.000         0.000
 DEMAGE         0.000         0.000         0.000         0.000         0.000
 DEMMAL         0.000         0.000         0.000         0.000         0.000
 CANEVR         0.000         0.000         0.000         0.000         0.000
 COGPGS         0.000         0.000         0.000         0.000         0.000
 PC1BW          0.000         0.000         0.000         0.000         0.000
 PC2BW          0.000         0.000         0.000         0.000         0.000
 PC3BW          0.000         0.000         0.000         0.000         0.000
 PC4BW          0.000         0.000         0.000         0.000         0.000
 PC5BW          0.000         0.000         0.000         0.000         0.000


           BETA
              PC4BW         PC5BW
              ________      ________
 CANEVRBW       0.000         0.000
 COGPGSBW       0.000         0.000
 TRLBTS         0.000         0.000
 DEMAGE         0.000         0.000
 DEMMAL         0.000         0.000
 CANEVR         0.000         0.000
 COGPGS         0.000         0.000
 PC1BW          0.000         0.000
 PC2BW          0.000         0.000
 PC3BW          0.000         0.000
 PC4BW          0.000         0.000
 PC5BW          0.000         0.000


           PSI
              CANEVRBW      COGPGSBW      TRLBTS        DEMAGE        DEMMAL
              ________      ________      ________      ________      ________
 CANEVRBW       0.023
 COGPGSBW       0.000         0.056
 TRLBTS         0.000         0.000        58.545
 DEMAGE         0.000         0.000         0.000         0.000
 DEMMAL         0.000         0.000         0.000         0.000         0.000
 CANEVR         0.000         0.000         0.000         0.000         0.000
 COGPGS         0.000         0.000         0.000         0.000         0.000
 PC1BW          0.000         0.000         0.000         0.000         0.000
 PC2BW          0.000         0.000         0.000         0.000         0.000
 PC3BW          0.000         0.000         0.000         0.000         0.000
 PC4BW          0.000         0.000         0.000         0.000         0.000
 PC5BW          0.000         0.000         0.000         0.000         0.000


           PSI
              CANEVR        COGPGS        PC1BW         PC2BW         PC3BW
              ________      ________      ________      ________      ________
 CANEVR         0.000
 COGPGS         0.000         0.000
 PC1BW          0.000         0.000         0.001
 PC2BW          0.000         0.000         0.000         0.001
 PC3BW          0.000         0.000         0.000         0.000         0.000
 PC4BW          0.000         0.000         0.000         0.000         0.000
 PC5BW          0.000         0.000         0.000         0.000         0.000


           PSI
              PC4BW         PC5BW
              ________      ________
 PC4BW          0.001
 PC5BW          0.000         0.000


SAMPLE STATISTICS FOR ESTIMATED FACTOR SCORES


     SAMPLE STATISTICS


           Means
              B_TRLBTS
              ________
 1             51.270


           Covariances
              B_TRLBTS
              ________
 B_TRLBTS      11.034


           Correlations
              B_TRLBTS
              ________
 B_TRLBTS       1.000


PLOT INFORMATION

The following plots are available:

  Histograms (sample values)
  Scatterplots (sample values)

     Beginning Time:  12:53:30
        Ending Time:  12:53:30
       Elapsed Time:  00:00:00



MUTHEN & MUTHEN
3463 Stoner Ave.
Los Angeles, CA  90066

Tel: (310) 391-9971
Fax: (310) 391-8971
Web: www.StatModel.com
Support: Support@StatModel.com

Copyright (c) 1998-2015 Muthen & Muthen
