Mplus VERSION 7.4 (Mac)
MUTHEN & MUTHEN
07/30/2019  12:53 PM

INPUT INSTRUCTIONS


  TITLE: CANEVR_CVLCOM_1;

  DATA:
  	FILE = GD190618.csv;

  VARIABLE:
  	NAMES =
  			ID_Fam   Wave     ID_MPL
  			DEMMAL   DEMAGE   DEMHSP   DEMRAC
  			SRPWCR
  			WASVCB   WASBLK   WASDGT   WSISUM
  			TRLATS   TRLBTS
  			CVLASF   CVLASC   CVLALF   CVLALC
  			WASCOM   COGCOM   CVLCOM
  			CANEVR   CANONS   CANFLF
  			CANFTY   CANF6M   CANAC6
  			CANYRS
  			ALCEVR   ALCONS   ALCFLF
  			ALCFTY   ALCF6M   ALCAC6
  			ALCYRS
  			SRPWCRDt WASVCBDt WASBLKDt
  			WASDGTDt WSISUMDt TRLATSDt
  			TRLBTSDt CVLASFDt CVLASCDt
  			CVLALFDt CVLALCDt WASCOMDt
  			COGCOMDt CVLCOMDt
  			COGPGS
  			PC1 PC2 PC3 PC4 PC5 PC6
  		;
  	USEVARIABLES =
  		! outcome
  	  		CVLCOM
    		! covariates
  	  		DEMAGE
    			DEMMAL  		
    		! within predictor
    			CANEVR
    			COGPGS
    		! between predictor
    			CANEVRBW
    			COGPGSBW
    			PC1BW
    			PC2BW
    			PC3BW
    			PC4BW
    			PC5BW	
    		;
    	USEOBSERVATION =
    			(Wave EQ 1 AND CVLCOMDt EQ 1)
    		;
    	CLUSTER =
    			ID_Fam
    		;
    	MISSING = .;
    	BETWEEN =   		
    			CANEVRBW
    			COGPGSBW
    			PC1BW
    			PC2BW
    			PC3BW
    			PC4BW
    			PC5BW			
    		;
    	WITHIN  		
    			CANEVR
    			COGPGS
    			DEMAGE
    			DEMMAL
    		;  		

  DEFINE:
  	! CREATE BW FAM PREDICTOR
  		CANEVRBW = cluster_mean (CANEVR);	
  		COGPGSBW = cluster_mean (COGPGS);
  		PC1BW = cluster_mean (PC1);
  		PC2BW = cluster_mean (PC2);
  		PC3BW = cluster_mean (PC3);
  		PC4BW = cluster_mean (PC4);
  		PC5BW = cluster_mean (PC5);
  	! CENTER WI FAM VARIABLES
  		CENTER CANEVR (GROUPMEAN);
  		CENTER COGPGS (GROUPMEAN);
  		CENTER DEMMAL (GRANDMEAN);
  		CENTER DEMAGE (GRANDMEAN);
  	! CENTER BW FAM VARIABLES
  		CENTER CANEVRBW (GRANDMEAN);
  		CENTER COGPGSBW (GRANDMEAN);
  		CENTER PC1BW (GRANDMEAN);
  		CENTER PC2BW (GRANDMEAN);
  		CENTER PC3BW (GRANDMEAN);
  		CENTER PC4BW (GRANDMEAN);
  		CENTER PC5BW (GRANDMEAN);

  ANALYSIS:
          ITERATIONS = 1000000;
          TYPE = TWOLEVEL RANDOM;
          ALGORITHM = INTEGRATION;

  OUTPUT:
  	SAMPSTAT STDYX TECH1 CINT;

  MODEL:
  %WITHIN%
  	CVLCOM on CANEVR;
  	CVLCOM on  DEMMAL DEMAGE COGPGS;	
  	COGPGS*;
  	CVLCOM*;
  	CANEVR WITH DEMMAL*;
  	CANEVR WITH DEMAGE*;
  	CANEVR WITH COGPGS*;

  %BETWEEN%
  	CVLCOM on CANEVRBW COGPGSBW
  		 	    PC1BW PC2BW PC3BW PC4BW PC5BW;
  	COGPGSBW*;
  	CVLCOM*;
  	CANEVRBW WITH COGPGSBW*;

  PLOT:
  	TYPE = plot3;



*** WARNING
  Data set contains cases with missing on x-variables.
  These cases were not included in the analysis.
  Number of cases with missing on x-variables:  46
   1 WARNING(S) FOUND IN THE INPUT INSTRUCTIONS



CANEVR_CVLCOM_1;

SUMMARY OF ANALYSIS

Number of groups                                                 1
Number of observations                                         444

Number of dependent variables                                    1
Number of independent variables                                 11
Number of continuous latent variables                            0

Observed dependent variables

  Continuous
   CVLCOM

Observed independent variables
   DEMAGE      DEMMAL      CANEVR      COGPGS      CANEVRBW    COGPGSBW
   PC1BW       PC2BW       PC3BW       PC4BW       PC5BW

Variables with special functions

  Cluster variable      ID_FAM

  Within variables
   DEMAGE      DEMMAL      CANEVR      COGPGS

  Between variables
   CANEVRBW    COGPGSBW    PC1BW       PC2BW       PC3BW       PC4BW
   PC5BW

  Centering (GRANDMEAN)
   DEMMAL      DEMAGE      CANEVRBW    COGPGSBW
   PC1BW       PC2BW       PC3BW       PC4BW       PC5BW

  Centering (GROUPMEAN)
   CANEVR      COGPGS


Estimator                                                      MLR
Information matrix                                        OBSERVED
Optimization Specifications for the Quasi-Newton Algorithm for
Continuous Outcomes
  Maximum number of iterations                             1000000
  Convergence criterion                                  0.100D-05
Optimization Specifications for the EM Algorithm
  Maximum number of iterations                                 500
  Convergence criteria
    Loglikelihood change                                 0.100D-02
    Relative loglikelihood change                        0.100D-05
    Derivative                                           0.100D-02
Optimization Specifications for the M step of the EM Algorithm for
Categorical Latent variables
  Number of M step iterations                                    1
  M step convergence criterion                           0.100D-02
  Basis for M step termination                           ITERATION
Optimization Specifications for the M step of the EM Algorithm for
Censored, Binary or Ordered Categorical (Ordinal), Unordered
Categorical (Nominal) and Count Outcomes
  Number of M step iterations                                    1
  M step convergence criterion                           0.100D-02
  Basis for M step termination                           ITERATION
  Maximum value for logit thresholds                            15
  Minimum value for logit thresholds                           -15
  Minimum expected cell size for chi-square              0.100D-01
Maximum number of iterations for H1                           2000
Convergence criterion for H1                             0.100D-03
Optimization algorithm                                         EMA
Integration Specifications
  Type                                                    STANDARD
  Number of integration points                                  15
  Dimensions of numerical integration                            0
  Adaptive quadrature                                           ON
Cholesky                                                       OFF

Input data file(s)
  GD190618.csv
Input data format  FREE


SUMMARY OF DATA

     Number of missing data patterns             5
     Number of clusters                        220



COVARIANCE COVERAGE OF DATA

Minimum covariance coverage value   0.100


     PROPORTION OF DATA PRESENT FOR Y


           Covariance Coverage
              CANEVRBW      COGPGSBW      CVLCOM        DEMAGE        DEMMAL
              ________      ________      ________      ________      ________
 CANEVRBW       0.998
 COGPGSBW       0.998         1.000
 CVLCOM         0.995         0.995         0.995
 DEMAGE         0.995         0.995         0.993         0.995
 DEMMAL         0.998         0.998         0.995         0.995         0.998
 CANEVR         0.998         0.998         0.995         0.995         0.998
 COGPGS         0.709         0.712         0.709         0.709         0.709
 PC1BW          0.998         1.000         0.995         0.995         0.998
 PC2BW          0.998         1.000         0.995         0.995         0.998
 PC3BW          0.998         1.000         0.995         0.995         0.998
 PC4BW          0.998         1.000         0.995         0.995         0.998
 PC5BW          0.998         1.000         0.995         0.995         0.998


           Covariance Coverage
              CANEVR        COGPGS        PC1BW         PC2BW         PC3BW
              ________      ________      ________      ________      ________
 CANEVR         0.998
 COGPGS         0.709         0.712
 PC1BW          0.998         0.712         1.000
 PC2BW          0.998         0.712         1.000         1.000
 PC3BW          0.998         0.712         1.000         1.000         1.000
 PC4BW          0.998         0.712         1.000         1.000         1.000
 PC5BW          0.998         0.712         1.000         1.000         1.000


           Covariance Coverage
              PC4BW         PC5BW
              ________      ________
 PC4BW          1.000
 PC5BW          1.000         1.000


SAMPLE STATISTICS


     ESTIMATED SAMPLE STATISTICS


           Means
              CANEVRBW      COGPGSBW      CVLCOM        DEMAGE        DEMMAL
              ________      ________      ________      ________      ________
 1              0.000         0.000         0.032        -0.001         0.000


           Means
              CANEVR        COGPGS        PC1BW         PC2BW         PC3BW
              ________      ________      ________      ________      ________
 1              0.000         0.000         0.000         0.000         0.000


           Means
              PC4BW         PC5BW
              ________      ________
 1              0.000         0.000


           Covariances
              CANEVRBW      COGPGSBW      CVLCOM        DEMAGE        DEMMAL
              ________      ________      ________      ________      ________
 CANEVRBW       0.055
 COGPGSBW       0.001         0.116
 CVLCOM        -0.008        -0.011         0.805
 DEMAGE        -0.011         0.036        -0.129         5.898
 DEMMAL         0.013         0.008        -0.063        -0.140         0.248
 CANEVR         0.000         0.000        -0.015        -0.125         0.011
 COGPGS        -0.001         0.000        -0.001        -0.027         0.004
 PC1BW         -0.001        -0.005        -0.001         0.007        -0.002
 PC2BW         -0.001         0.000        -0.004         0.006         0.000
 PC3BW          0.000        -0.001         0.000        -0.001         0.000
 PC4BW          0.001         0.002         0.000         0.005         0.001
 PC5BW          0.002        -0.001        -0.001         0.001         0.000


           Covariances
              CANEVR        COGPGS        PC1BW         PC2BW         PC3BW
              ________      ________      ________      ________      ________
 CANEVR         0.058
 COGPGS        -0.003         0.017
 PC1BW          0.000         0.000         0.001
 PC2BW          0.000         0.000         0.000         0.002
 PC3BW          0.000         0.000         0.000         0.000         0.000
 PC4BW          0.000         0.000         0.000         0.000        -0.001
 PC5BW          0.000         0.000         0.000         0.000         0.000


           Covariances
              PC4BW         PC5BW
              ________      ________
 PC4BW          0.002
 PC5BW          0.000         0.002


           Correlations
              CANEVRBW      COGPGSBW      CVLCOM        DEMAGE        DEMMAL
              ________      ________      ________      ________      ________
 CANEVRBW       1.000
 COGPGSBW       0.010         1.000
 CVLCOM        -0.036        -0.037         1.000
 DEMAGE        -0.019         0.043        -0.059         1.000
 DEMMAL         0.109         0.050        -0.142        -0.116         1.000
 CANEVR         0.000         0.000        -0.071        -0.214         0.094
 COGPGS        -0.035         0.001        -0.011        -0.087         0.056
 PC1BW         -0.117        -0.356        -0.015         0.075        -0.085
 PC2BW         -0.136         0.010        -0.108         0.059        -0.014
 PC3BW         -0.111        -0.134         0.009        -0.019        -0.057
 PC4BW          0.080         0.134        -0.011         0.047         0.046
 PC5BW          0.170        -0.033        -0.017         0.012         0.021


           Correlations
              CANEVR        COGPGS        PC1BW         PC2BW         PC3BW
              ________      ________      ________      ________      ________
 CANEVR         1.000
 COGPGS        -0.111         1.000
 PC1BW          0.000        -0.003         1.000
 PC2BW          0.000         0.011        -0.110         1.000
 PC3BW          0.000         0.008         0.053         0.158         1.000
 PC4BW          0.000        -0.007         0.007        -0.012        -0.966
 PC5BW          0.000         0.001        -0.100         0.041         0.005


           Correlations
              PC4BW         PC5BW
              ________      ________
 PC4BW          1.000
 PC5BW          0.033         1.000


     MAXIMUM LOG-LIKELIHOOD VALUE FOR THE UNRESTRICTED (H1) MODEL IS 3304.969


UNIVARIATE SAMPLE STATISTICS


     UNIVARIATE HIGHER-ORDER MOMENT DESCRIPTIVE STATISTICS

         Variable/         Mean/     Skewness/   Minimum/ % with                Percentiles
        Sample Size      Variance    Kurtosis    Maximum  Min/Max      20%/60%    40%/80%    Median

     CANEVRBW              0.003      -1.633      -0.869    1.83%      -0.369      0.131      0.131
             219.000       0.056       1.761       0.131   75.80%       0.131      0.131
     COGPGSBW              0.002       0.102      -0.982    0.45%      -0.292     -0.078      0.000
             220.000       0.115       0.217       1.035    0.45%       0.048      0.287
     CVLCOM                0.032      -0.911      -4.448    0.45%      -0.582     -0.065      0.065
             442.000       0.805       2.694       1.999    0.68%       0.319      0.708
     DEMAGE                0.000       1.685      -3.760    0.23%      -1.890     -0.940     -0.530
             442.000       5.899       4.644      15.340    0.23%      -0.070      1.350
     DEMMAL                0.000      -0.186      -0.546   45.37%      -0.546     -0.546      0.454
             443.000       0.248      -1.965       0.454   54.63%       0.454      0.454
     CANEVR                0.000      -0.107      -0.667    0.90%       0.000      0.000      0.000
             443.000       0.058       1.471       0.667    0.23%       0.000      0.000
     COGPGS                0.000       0.036      -0.482    0.32%      -0.068      0.000      0.000
             316.000       0.017       2.334       0.482    0.32%       0.000      0.065
     PC1BW                 0.000       2.328      -0.023    0.45%      -0.021     -0.016     -0.012
             220.000       0.002       3.990       0.132    0.45%      -0.010     -0.005
     PC2BW                -0.001       0.592      -0.045    0.45%      -0.041     -0.028     -0.014
             220.000       0.002      -0.852       0.120    0.45%       0.006      0.040
     PC3BW                 0.000      -4.401      -0.117    0.45%      -0.003      0.001      0.002
             220.000       0.000      24.351       0.033    0.45%       0.004      0.007
     PC4BW                -0.001       5.011      -0.096    0.45%      -0.013     -0.009     -0.007
             220.000       0.001      28.847       0.283    0.45%      -0.006     -0.002
     PC5BW                 0.001     -13.359      -0.542    0.45%       0.001      0.003      0.004
             220.000       0.001     188.505       0.053    0.45%       0.004      0.006

     THE STANDARD ERRORS OF THE MODEL PARAMETER ESTIMATES MAY NOT BE
     TRUSTWORTHY FOR SOME PARAMETERS DUE TO A NON-POSITIVE DEFINITE
     FIRST-ORDER DERIVATIVE PRODUCT MATRIX.  THIS MAY BE DUE TO THE STARTING
     VALUES BUT MAY ALSO BE AN INDICATION OF MODEL NONIDENTIFICATION.  THE
     CONDITION NUMBER IS       0.420D-15.  PROBLEM INVOLVING THE FOLLOWING PARAMETER:
     Parameter 14, %WITHIN%: CANEVR


THE MODEL ESTIMATION TERMINATED NORMALLY



MODEL FIT INFORMATION

Number of Free Parameters                       30

Loglikelihood

          H0 Value                       -1760.144
          H0 Scaling Correction Factor      1.3830
            for MLR

Information Criteria

          Akaike (AIC)                    3580.287
          Bayesian (BIC)                  3703.162
          Sample-Size Adjusted BIC        3607.955
            (n* = (n + 2) / 24)



MODEL RESULTS

                                                    Two-Tailed
                    Estimate       S.E.  Est./S.E.    P-Value

Within Level

 CVLCOM     ON
    CANEVR            -0.278      0.153     -1.814      0.070
    DEMMAL            -0.236      0.089     -2.650      0.008
    DEMAGE            -0.025      0.017     -1.439      0.150
    COGPGS            -0.134      0.340     -0.394      0.694

 CANEVR   WITH
    DEMMAL             0.009      0.005      1.675      0.094
    DEMAGE            -0.123      0.034     -3.674      0.000
    COGPGS            -0.004      0.003     -1.228      0.219

 Means
    DEMAGE             0.000      0.113      0.002      0.998
    DEMMAL             0.000      0.026      0.000      1.000
    CANEVR             0.000      0.000      0.515      0.607
    COGPGS             0.002      0.002      1.164      0.244

 Variances
    DEMAGE             5.898      0.702      8.405      0.000
    DEMMAL             0.248      0.002    101.232      0.000
    CANEVR             0.058      0.007      8.004      0.000
    COGPGS             0.017      0.003      6.234      0.000

 Residual Variances
    CVLCOM             0.626      0.090      6.923      0.000

Between Level

 CVLCOM     ON
    CANEVRBW          -0.149      0.195     -0.766      0.444
    COGPGSBW          -0.147      0.151     -0.972      0.331
    PC1BW             -2.303      1.289     -1.786      0.074
    PC2BW             -4.313      1.434     -3.007      0.003
    PC3BW             25.759     19.476      1.323      0.186
    PC4BW             10.686      8.160      1.309      0.190
    PC5BW             -0.548      0.487     -1.124      0.261

 CANEVRBW WITH
    COGPGSBW           0.001      0.005      0.108      0.914

 Means
    CANEVRBW           0.003      0.016      0.192      0.848
    COGPGSBW           0.002      0.023      0.082      0.935

 Intercepts
    CVLCOM             0.030      0.045      0.656      0.512

 Variances
    CANEVRBW           0.056      0.007      7.631      0.000
    COGPGSBW           0.115      0.012      9.963      0.000

 Residual Variances
    CVLCOM             0.138      0.082      1.677      0.094


STANDARDIZED MODEL RESULTS


STDYX Standardization

                                                    Two-Tailed
                    Estimate       S.E.  Est./S.E.    P-Value

Within Level

 CVLCOM     ON
    CANEVR            -0.083      0.047     -1.784      0.074
    DEMMAL            -0.146      0.051     -2.855      0.004
    DEMAGE            -0.076      0.052     -1.441      0.150
    COGPGS            -0.022      0.056     -0.388      0.698

 CANEVR   WITH
    DEMMAL             0.074      0.043      1.700      0.089
    DEMAGE            -0.210      0.051     -4.108      0.000
    COGPGS            -0.116      0.094     -1.239      0.215

 Means
    DEMAGE             0.000      0.046      0.002      0.998
    DEMMAL             0.000      0.053      0.000      1.000
    CANEVR             0.000      0.000      0.517      0.605
    COGPGS             0.014      0.012      1.155      0.248

 Variances
    DEMAGE             1.000      0.000    999.000    999.000
    DEMMAL             1.000      0.000    999.000    999.000
    CANEVR             1.000      0.000    999.000    999.000
    COGPGS             1.000      0.000    999.000    999.000

 Residual Variances
    CVLCOM             0.967      0.018     52.527      0.000

Between Level

 CVLCOM     ON
    CANEVRBW          -0.088      0.114     -0.773      0.440
    COGPGSBW          -0.124      0.119     -1.041      0.298
    PC1BW             -0.224      0.117     -1.907      0.057
    PC2BW             -0.425      0.134     -3.167      0.002
    PC3BW              0.995      0.595      1.673      0.094
    PC4BW              0.967      0.585      1.651      0.099
    PC5BW             -0.052      0.042     -1.237      0.216

 CANEVRBW WITH
    COGPGSBW           0.006      0.058      0.108      0.914

 Means
    CANEVRBW           0.013      0.068      0.190      0.849
    COGPGSBW           0.006      0.067      0.082      0.935

 Intercepts
    CVLCOM             0.074      0.120      0.618      0.537

 Variances
    CANEVRBW           1.000      0.000    999.000    999.000
    COGPGSBW           1.000      0.000    999.000    999.000

 Residual Variances
    CVLCOM             0.853      0.087      9.854      0.000


R-SQUARE

Within Level

    Observed                                        Two-Tailed
    Variable        Estimate       S.E.  Est./S.E.    P-Value

    CVLCOM             0.033      0.018      1.808      0.071

Between Level

    Observed                                        Two-Tailed
    Variable        Estimate       S.E.  Est./S.E.    P-Value

    CVLCOM             0.147      0.087      1.697      0.090


QUALITY OF NUMERICAL RESULTS

     Condition Number for the Information Matrix              0.420E-15
       (ratio of smallest to largest eigenvalue)


CONFIDENCE INTERVALS OF MODEL RESULTS

                  Lower .5%  Lower 2.5%    Lower 5%    Estimate    Upper 5%  Upper 2.5%   Upper .5%

Within Level

 CVLCOM   ON
    CANEVR          -0.673      -0.578      -0.530      -0.278      -0.026       0.022       0.117
    DEMMAL          -0.466      -0.411      -0.383      -0.236      -0.090      -0.062      -0.007
    DEMAGE          -0.070      -0.059      -0.054      -0.025       0.004       0.009       0.020
    COGPGS          -1.008      -0.799      -0.692      -0.134       0.425       0.532       0.741

 CANEVR   WITH
    DEMMAL          -0.005      -0.002       0.000       0.009       0.018       0.019       0.022
    DEMAGE          -0.210      -0.189      -0.178      -0.123      -0.068      -0.057      -0.037
    COGPGS          -0.011      -0.009      -0.009      -0.004       0.001       0.002       0.004

 Means
    DEMAGE          -0.290      -0.221      -0.185       0.000       0.186       0.221       0.291
    DEMMAL          -0.068      -0.052      -0.044       0.000       0.044       0.052       0.068
    CANEVR           0.000       0.000       0.000       0.000       0.000       0.000       0.000
    COGPGS          -0.002      -0.001      -0.001       0.002       0.004       0.005       0.006

 Variances
    DEMAGE           4.091       4.523       4.744       5.898       7.053       7.274       7.706
    DEMMAL           0.242       0.243       0.244       0.248       0.252       0.253       0.254
    CANEVR           0.040       0.044       0.046       0.058       0.070       0.073       0.077
    COGPGS           0.010       0.012       0.012       0.017       0.021       0.022       0.024

 Residual Variances
    CVLCOM           0.393       0.449       0.477       0.626       0.774       0.803       0.858

Between Level

 CVLCOM   ON
    CANEVRBW        -0.651      -0.531      -0.470      -0.149       0.171       0.233       0.353
    COGPGSBW        -0.537      -0.443      -0.396      -0.147       0.102       0.149       0.242
    PC1BW           -5.624      -4.830      -4.424      -2.303      -0.182       0.224       1.018
    PC2BW           -8.007      -7.124      -6.672      -4.313      -1.953      -1.501      -0.618
    PC3BW          -24.408     -12.414      -6.279      25.759      57.798      63.933      75.926
    PC4BW          -10.334      -5.308      -2.738      10.686      24.110      26.680      31.705
    PC5BW           -1.802      -1.502      -1.349      -0.548       0.254       0.407       0.707

 CANEVRBW WITH
    COGPGSBW        -0.012      -0.009      -0.007       0.001       0.008       0.010       0.013

 Means
    CANEVRBW        -0.038      -0.028      -0.023       0.003       0.029       0.034       0.044
    COGPGSBW        -0.057      -0.043      -0.036       0.002       0.039       0.047       0.061

 Intercepts
    CVLCOM          -0.087      -0.059      -0.045       0.030       0.104       0.119       0.146

 Variances
    CANEVRBW         0.037       0.042       0.044       0.056       0.068       0.071       0.075
    COGPGSBW         0.085       0.092       0.096       0.115       0.134       0.137       0.144

 Residual Variances
    CVLCOM          -0.074      -0.023       0.003       0.138       0.272       0.298       0.349


CONFIDENCE INTERVALS OF STANDARDIZED MODEL RESULTS


STDYX Standardization

                  Lower .5%  Lower 2.5%    Lower 5%    Estimate    Upper 5%  Upper 2.5%   Upper .5%

Within Level

 CVLCOM   ON
    CANEVR          -0.204      -0.175      -0.160      -0.083      -0.007       0.008       0.037
    DEMMAL          -0.278      -0.247      -0.231      -0.146      -0.062      -0.046      -0.014
    DEMAGE          -0.211      -0.178      -0.162      -0.076       0.011       0.027       0.059
    COGPGS          -0.165      -0.130      -0.113      -0.022       0.070       0.087       0.121

 CANEVR   WITH
    DEMMAL          -0.038      -0.011       0.002       0.074       0.145       0.159       0.185
    DEMAGE          -0.342      -0.310      -0.294      -0.210      -0.126      -0.110      -0.078
    COGPGS          -0.358      -0.300      -0.270      -0.116       0.038       0.068       0.125

 Means
    DEMAGE          -0.120      -0.091      -0.076       0.000       0.077       0.091       0.120
    DEMMAL          -0.137      -0.104      -0.087       0.000       0.087       0.104       0.137
    CANEVR           0.000       0.000       0.000       0.000       0.000       0.000       0.000
    COGPGS          -0.017      -0.010      -0.006       0.014       0.033       0.037       0.044

 Variances
    DEMAGE           1.000       1.000       1.000       1.000       1.000       1.000       1.000
    DEMMAL           1.000       1.000       1.000       1.000       1.000       1.000       1.000
    CANEVR           1.000       1.000       1.000       1.000       1.000       1.000       1.000
    COGPGS           1.000       1.000       1.000       1.000       1.000       1.000       1.000

 Residual Variances
    CVLCOM           0.919       0.931       0.936       0.967       0.997       1.003       1.014

Between Level

 CVLCOM   ON
    CANEVRBW        -0.382      -0.312      -0.276      -0.088       0.099       0.135       0.206
    COGPGSBW        -0.431      -0.358      -0.320      -0.124       0.072       0.110       0.183
    PC1BW           -0.527      -0.454      -0.417      -0.224      -0.031       0.006       0.079
    PC2BW           -0.770      -0.688      -0.646      -0.425      -0.204      -0.162      -0.079
    PC3BW           -0.537      -0.171       0.017       0.995       1.973       2.160       2.526
    PC4BW           -0.541      -0.181       0.004       0.967       1.930       2.114       2.475
    PC5BW           -0.159      -0.134      -0.120      -0.052       0.017       0.030       0.056

 CANEVRBW WITH
    COGPGSBW        -0.144      -0.108      -0.089       0.006       0.102       0.120       0.156

 Means
    CANEVRBW        -0.163      -0.121      -0.099       0.013       0.125       0.147       0.189
    COGPGSBW        -0.168      -0.127      -0.105       0.006       0.116       0.138       0.179

 Intercepts
    CVLCOM          -0.235      -0.161      -0.123       0.074       0.271       0.309       0.383

 Variances
    CANEVRBW         1.000       1.000       1.000       1.000       1.000       1.000       1.000
    COGPGSBW         1.000       1.000       1.000       1.000       1.000       1.000       1.000

 Residual Variances
    CVLCOM           0.630       0.683       0.711       0.853       0.996       1.023       1.076


TECHNICAL 1 OUTPUT


     PARAMETER SPECIFICATION FOR WITHIN


           NU
              CANEVRBW      COGPGSBW      CVLCOM        DEMAGE        DEMMAL
              ________      ________      ________      ________      ________
 1                  0             0             0             0             0


           NU
              CANEVR        COGPGS        PC1BW         PC2BW         PC3BW
              ________      ________      ________      ________      ________
 1                  0             0             0             0             0


           NU
              PC4BW         PC5BW
              ________      ________
 1                  0             0


           LAMBDA
              CANEVRBW      COGPGSBW      CVLCOM        DEMAGE        DEMMAL
              ________      ________      ________      ________      ________
 CANEVRBW           0             0             0             0             0
 COGPGSBW           0             0             0             0             0
 CVLCOM             0             0             0             0             0
 DEMAGE             0             0             0             0             0
 DEMMAL             0             0             0             0             0
 CANEVR             0             0             0             0             0
 COGPGS             0             0             0             0             0
 PC1BW              0             0             0             0             0
 PC2BW              0             0             0             0             0
 PC3BW              0             0             0             0             0
 PC4BW              0             0             0             0             0
 PC5BW              0             0             0             0             0


           LAMBDA
              CANEVR        COGPGS        PC1BW         PC2BW         PC3BW
              ________      ________      ________      ________      ________
 CANEVRBW           0             0             0             0             0
 COGPGSBW           0             0             0             0             0
 CVLCOM             0             0             0             0             0
 DEMAGE             0             0             0             0             0
 DEMMAL             0             0             0             0             0
 CANEVR             0             0             0             0             0
 COGPGS             0             0             0             0             0
 PC1BW              0             0             0             0             0
 PC2BW              0             0             0             0             0
 PC3BW              0             0             0             0             0
 PC4BW              0             0             0             0             0
 PC5BW              0             0             0             0             0


           LAMBDA
              PC4BW         PC5BW
              ________      ________
 CANEVRBW           0             0
 COGPGSBW           0             0
 CVLCOM             0             0
 DEMAGE             0             0
 DEMMAL             0             0
 CANEVR             0             0
 COGPGS             0             0
 PC1BW              0             0
 PC2BW              0             0
 PC3BW              0             0
 PC4BW              0             0
 PC5BW              0             0


           THETA
              CANEVRBW      COGPGSBW      CVLCOM        DEMAGE        DEMMAL
              ________      ________      ________      ________      ________
 CANEVRBW           0
 COGPGSBW           0             0
 CVLCOM             0             0             0
 DEMAGE             0             0             0             0
 DEMMAL             0             0             0             0             0
 CANEVR             0             0             0             0             0
 COGPGS             0             0             0             0             0
 PC1BW              0             0             0             0             0
 PC2BW              0             0             0             0             0
 PC3BW              0             0             0             0             0
 PC4BW              0             0             0             0             0
 PC5BW              0             0             0             0             0


           THETA
              CANEVR        COGPGS        PC1BW         PC2BW         PC3BW
              ________      ________      ________      ________      ________
 CANEVR             0
 COGPGS             0             0
 PC1BW              0             0             0
 PC2BW              0             0             0             0
 PC3BW              0             0             0             0             0
 PC4BW              0             0             0             0             0
 PC5BW              0             0             0             0             0


           THETA
              PC4BW         PC5BW
              ________      ________
 PC4BW              0
 PC5BW              0             0


           ALPHA
              CANEVRBW      COGPGSBW      CVLCOM        DEMAGE        DEMMAL
              ________      ________      ________      ________      ________
 1                  0             0             0             1             2


           ALPHA
              CANEVR        COGPGS        PC1BW         PC2BW         PC3BW
              ________      ________      ________      ________      ________
 1                  3             4             0             0             0


           ALPHA
              PC4BW         PC5BW
              ________      ________
 1                  0             0


           BETA
              CANEVRBW      COGPGSBW      CVLCOM        DEMAGE        DEMMAL
              ________      ________      ________      ________      ________
 CANEVRBW           0             0             0             0             0
 COGPGSBW           0             0             0             0             0
 CVLCOM             0             0             0             5             6
 DEMAGE             0             0             0             0             0
 DEMMAL             0             0             0             0             0
 CANEVR             0             0             0             0             0
 COGPGS             0             0             0             0             0
 PC1BW              0             0             0             0             0
 PC2BW              0             0             0             0             0
 PC3BW              0             0             0             0             0
 PC4BW              0             0             0             0             0
 PC5BW              0             0             0             0             0


           BETA
              CANEVR        COGPGS        PC1BW         PC2BW         PC3BW
              ________      ________      ________      ________      ________
 CANEVRBW           0             0             0             0             0
 COGPGSBW           0             0             0             0             0
 CVLCOM             7             8             0             0             0
 DEMAGE             0             0             0             0             0
 DEMMAL             0             0             0             0             0
 CANEVR             0             0             0             0             0
 COGPGS             0             0             0             0             0
 PC1BW              0             0             0             0             0
 PC2BW              0             0             0             0             0
 PC3BW              0             0             0             0             0
 PC4BW              0             0             0             0             0
 PC5BW              0             0             0             0             0


           BETA
              PC4BW         PC5BW
              ________      ________
 CANEVRBW           0             0
 COGPGSBW           0             0
 CVLCOM             0             0
 DEMAGE             0             0
 DEMMAL             0             0
 CANEVR             0             0
 COGPGS             0             0
 PC1BW              0             0
 PC2BW              0             0
 PC3BW              0             0
 PC4BW              0             0
 PC5BW              0             0


           PSI
              CANEVRBW      COGPGSBW      CVLCOM        DEMAGE        DEMMAL
              ________      ________      ________      ________      ________
 CANEVRBW           0
 COGPGSBW           0             0
 CVLCOM             0             0             9
 DEMAGE             0             0             0            10
 DEMMAL             0             0             0             0            11
 CANEVR             0             0             0            12            13
 COGPGS             0             0             0             0             0
 PC1BW              0             0             0             0             0
 PC2BW              0             0             0             0             0
 PC3BW              0             0             0             0             0
 PC4BW              0             0             0             0             0
 PC5BW              0             0             0             0             0


           PSI
              CANEVR        COGPGS        PC1BW         PC2BW         PC3BW
              ________      ________      ________      ________      ________
 CANEVR            14
 COGPGS            15            16
 PC1BW              0             0             0
 PC2BW              0             0             0             0
 PC3BW              0             0             0             0             0
 PC4BW              0             0             0             0             0
 PC5BW              0             0             0             0             0


           PSI
              PC4BW         PC5BW
              ________      ________
 PC4BW              0
 PC5BW              0             0


     PARAMETER SPECIFICATION FOR BETWEEN


           NU
              CANEVRBW      COGPGSBW      CVLCOM        DEMAGE        DEMMAL
              ________      ________      ________      ________      ________
 1                  0             0             0             0             0


           NU
              CANEVR        COGPGS        PC1BW         PC2BW         PC3BW
              ________      ________      ________      ________      ________
 1                  0             0             0             0             0


           NU
              PC4BW         PC5BW
              ________      ________
 1                  0             0


           LAMBDA
              CANEVRBW      COGPGSBW      CVLCOM        DEMAGE        DEMMAL
              ________      ________      ________      ________      ________
 CANEVRBW           0             0             0             0             0
 COGPGSBW           0             0             0             0             0
 CVLCOM             0             0             0             0             0
 DEMAGE             0             0             0             0             0
 DEMMAL             0             0             0             0             0
 CANEVR             0             0             0             0             0
 COGPGS             0             0             0             0             0
 PC1BW              0             0             0             0             0
 PC2BW              0             0             0             0             0
 PC3BW              0             0             0             0             0
 PC4BW              0             0             0             0             0
 PC5BW              0             0             0             0             0


           LAMBDA
              CANEVR        COGPGS        PC1BW         PC2BW         PC3BW
              ________      ________      ________      ________      ________
 CANEVRBW           0             0             0             0             0
 COGPGSBW           0             0             0             0             0
 CVLCOM             0             0             0             0             0
 DEMAGE             0             0             0             0             0
 DEMMAL             0             0             0             0             0
 CANEVR             0             0             0             0             0
 COGPGS             0             0             0             0             0
 PC1BW              0             0             0             0             0
 PC2BW              0             0             0             0             0
 PC3BW              0             0             0             0             0
 PC4BW              0             0             0             0             0
 PC5BW              0             0             0             0             0


           LAMBDA
              PC4BW         PC5BW
              ________      ________
 CANEVRBW           0             0
 COGPGSBW           0             0
 CVLCOM             0             0
 DEMAGE             0             0
 DEMMAL             0             0
 CANEVR             0             0
 COGPGS             0             0
 PC1BW              0             0
 PC2BW              0             0
 PC3BW              0             0
 PC4BW              0             0
 PC5BW              0             0


           THETA
              CANEVRBW      COGPGSBW      CVLCOM        DEMAGE        DEMMAL
              ________      ________      ________      ________      ________
 CANEVRBW           0
 COGPGSBW           0             0
 CVLCOM             0             0             0
 DEMAGE             0             0             0             0
 DEMMAL             0             0             0             0             0
 CANEVR             0             0             0             0             0
 COGPGS             0             0             0             0             0
 PC1BW              0             0             0             0             0
 PC2BW              0             0             0             0             0
 PC3BW              0             0             0             0             0
 PC4BW              0             0             0             0             0
 PC5BW              0             0             0             0             0


           THETA
              CANEVR        COGPGS        PC1BW         PC2BW         PC3BW
              ________      ________      ________      ________      ________
 CANEVR             0
 COGPGS             0             0
 PC1BW              0             0             0
 PC2BW              0             0             0             0
 PC3BW              0             0             0             0             0
 PC4BW              0             0             0             0             0
 PC5BW              0             0             0             0             0


           THETA
              PC4BW         PC5BW
              ________      ________
 PC4BW              0
 PC5BW              0             0


           ALPHA
              CANEVRBW      COGPGSBW      CVLCOM        DEMAGE        DEMMAL
              ________      ________      ________      ________      ________
 1                 17            18            19             0             0


           ALPHA
              CANEVR        COGPGS        PC1BW         PC2BW         PC3BW
              ________      ________      ________      ________      ________
 1                  0             0             0             0             0


           ALPHA
              PC4BW         PC5BW
              ________      ________
 1                  0             0


           BETA
              CANEVRBW      COGPGSBW      CVLCOM        DEMAGE        DEMMAL
              ________      ________      ________      ________      ________
 CANEVRBW           0             0             0             0             0
 COGPGSBW           0             0             0             0             0
 CVLCOM            20            21             0             0             0
 DEMAGE             0             0             0             0             0
 DEMMAL             0             0             0             0             0
 CANEVR             0             0             0             0             0
 COGPGS             0             0             0             0             0
 PC1BW              0             0             0             0             0
 PC2BW              0             0             0             0             0
 PC3BW              0             0             0             0             0
 PC4BW              0             0             0             0             0
 PC5BW              0             0             0             0             0


           BETA
              CANEVR        COGPGS        PC1BW         PC2BW         PC3BW
              ________      ________      ________      ________      ________
 CANEVRBW           0             0             0             0             0
 COGPGSBW           0             0             0             0             0
 CVLCOM             0             0            22            23            24
 DEMAGE             0             0             0             0             0
 DEMMAL             0             0             0             0             0
 CANEVR             0             0             0             0             0
 COGPGS             0             0             0             0             0
 PC1BW              0             0             0             0             0
 PC2BW              0             0             0             0             0
 PC3BW              0             0             0             0             0
 PC4BW              0             0             0             0             0
 PC5BW              0             0             0             0             0


           BETA
              PC4BW         PC5BW
              ________      ________
 CANEVRBW           0             0
 COGPGSBW           0             0
 CVLCOM            25            26
 DEMAGE             0             0
 DEMMAL             0             0
 CANEVR             0             0
 COGPGS             0             0
 PC1BW              0             0
 PC2BW              0             0
 PC3BW              0             0
 PC4BW              0             0
 PC5BW              0             0


           PSI
              CANEVRBW      COGPGSBW      CVLCOM        DEMAGE        DEMMAL
              ________      ________      ________      ________      ________
 CANEVRBW          27
 COGPGSBW          28            29
 CVLCOM             0             0            30
 DEMAGE             0             0             0             0
 DEMMAL             0             0             0             0             0
 CANEVR             0             0             0             0             0
 COGPGS             0             0             0             0             0
 PC1BW              0             0             0             0             0
 PC2BW              0             0             0             0             0
 PC3BW              0             0             0             0             0
 PC4BW              0             0             0             0             0
 PC5BW              0             0             0             0             0


           PSI
              CANEVR        COGPGS        PC1BW         PC2BW         PC3BW
              ________      ________      ________      ________      ________
 CANEVR             0
 COGPGS             0             0
 PC1BW              0             0             0
 PC2BW              0             0             0             0
 PC3BW              0             0             0             0             0
 PC4BW              0             0             0             0             0
 PC5BW              0             0             0             0             0


           PSI
              PC4BW         PC5BW
              ________      ________
 PC4BW              0
 PC5BW              0             0


     STARTING VALUES FOR WITHIN


           NU
              CANEVRBW      COGPGSBW      CVLCOM        DEMAGE        DEMMAL
              ________      ________      ________      ________      ________
 1              0.000         0.000         0.000         0.000         0.000


           NU
              CANEVR        COGPGS        PC1BW         PC2BW         PC3BW
              ________      ________      ________      ________      ________
 1              0.000         0.000         0.000         0.000         0.000


           NU
              PC4BW         PC5BW
              ________      ________
 1              0.000         0.000


           LAMBDA
              CANEVRBW      COGPGSBW      CVLCOM        DEMAGE        DEMMAL
              ________      ________      ________      ________      ________
 CANEVRBW       1.000         0.000         0.000         0.000         0.000
 COGPGSBW       0.000         1.000         0.000         0.000         0.000
 CVLCOM         0.000         0.000         1.000         0.000         0.000
 DEMAGE         0.000         0.000         0.000         1.000         0.000
 DEMMAL         0.000         0.000         0.000         0.000         1.000
 CANEVR         0.000         0.000         0.000         0.000         0.000
 COGPGS         0.000         0.000         0.000         0.000         0.000
 PC1BW          0.000         0.000         0.000         0.000         0.000
 PC2BW          0.000         0.000         0.000         0.000         0.000
 PC3BW          0.000         0.000         0.000         0.000         0.000
 PC4BW          0.000         0.000         0.000         0.000         0.000
 PC5BW          0.000         0.000         0.000         0.000         0.000


           LAMBDA
              CANEVR        COGPGS        PC1BW         PC2BW         PC3BW
              ________      ________      ________      ________      ________
 CANEVRBW       0.000         0.000         0.000         0.000         0.000
 COGPGSBW       0.000         0.000         0.000         0.000         0.000
 CVLCOM         0.000         0.000         0.000         0.000         0.000
 DEMAGE         0.000         0.000         0.000         0.000         0.000
 DEMMAL         0.000         0.000         0.000         0.000         0.000
 CANEVR         1.000         0.000         0.000         0.000         0.000
 COGPGS         0.000         1.000         0.000         0.000         0.000
 PC1BW          0.000         0.000         1.000         0.000         0.000
 PC2BW          0.000         0.000         0.000         1.000         0.000
 PC3BW          0.000         0.000         0.000         0.000         1.000
 PC4BW          0.000         0.000         0.000         0.000         0.000
 PC5BW          0.000         0.000         0.000         0.000         0.000


           LAMBDA
              PC4BW         PC5BW
              ________      ________
 CANEVRBW       0.000         0.000
 COGPGSBW       0.000         0.000
 CVLCOM         0.000         0.000
 DEMAGE         0.000         0.000
 DEMMAL         0.000         0.000
 CANEVR         0.000         0.000
 COGPGS         0.000         0.000
 PC1BW          0.000         0.000
 PC2BW          0.000         0.000
 PC3BW          0.000         0.000
 PC4BW          1.000         0.000
 PC5BW          0.000         1.000


           THETA
              CANEVRBW      COGPGSBW      CVLCOM        DEMAGE        DEMMAL
              ________      ________      ________      ________      ________
 CANEVRBW       0.000
 COGPGSBW       0.000         0.000
 CVLCOM         0.000         0.000         0.000
 DEMAGE         0.000         0.000         0.000         0.000
 DEMMAL         0.000         0.000         0.000         0.000         0.000
 CANEVR         0.000         0.000         0.000         0.000         0.000
 COGPGS         0.000         0.000         0.000         0.000         0.000
 PC1BW          0.000         0.000         0.000         0.000         0.000
 PC2BW          0.000         0.000         0.000         0.000         0.000
 PC3BW          0.000         0.000         0.000         0.000         0.000
 PC4BW          0.000         0.000         0.000         0.000         0.000
 PC5BW          0.000         0.000         0.000         0.000         0.000


           THETA
              CANEVR        COGPGS        PC1BW         PC2BW         PC3BW
              ________      ________      ________      ________      ________
 CANEVR         0.000
 COGPGS         0.000         0.000
 PC1BW          0.000         0.000         0.000
 PC2BW          0.000         0.000         0.000         0.000
 PC3BW          0.000         0.000         0.000         0.000         0.000
 PC4BW          0.000         0.000         0.000         0.000         0.000
 PC5BW          0.000         0.000         0.000         0.000         0.000


           THETA
              PC4BW         PC5BW
              ________      ________
 PC4BW          0.000
 PC5BW          0.000         0.000


           ALPHA
              CANEVRBW      COGPGSBW      CVLCOM        DEMAGE        DEMMAL
              ________      ________      ________      ________      ________
 1              0.000         0.000         0.000         0.000         0.000


           ALPHA
              CANEVR        COGPGS        PC1BW         PC2BW         PC3BW
              ________      ________      ________      ________      ________
 1              0.000         0.000         0.000         0.000         0.000


           ALPHA
              PC4BW         PC5BW
              ________      ________
 1              0.000         0.000


           BETA
              CANEVRBW      COGPGSBW      CVLCOM        DEMAGE        DEMMAL
              ________      ________      ________      ________      ________
 CANEVRBW       0.000         0.000         0.000         0.000         0.000
 COGPGSBW       0.000         0.000         0.000         0.000         0.000
 CVLCOM         0.000         0.000         0.000         0.000         0.000
 DEMAGE         0.000         0.000         0.000         0.000         0.000
 DEMMAL         0.000         0.000         0.000         0.000         0.000
 CANEVR         0.000         0.000         0.000         0.000         0.000
 COGPGS         0.000         0.000         0.000         0.000         0.000
 PC1BW          0.000         0.000         0.000         0.000         0.000
 PC2BW          0.000         0.000         0.000         0.000         0.000
 PC3BW          0.000         0.000         0.000         0.000         0.000
 PC4BW          0.000         0.000         0.000         0.000         0.000
 PC5BW          0.000         0.000         0.000         0.000         0.000


           BETA
              CANEVR        COGPGS        PC1BW         PC2BW         PC3BW
              ________      ________      ________      ________      ________
 CANEVRBW       0.000         0.000         0.000         0.000         0.000
 COGPGSBW       0.000         0.000         0.000         0.000         0.000
 CVLCOM         0.000         0.000         0.000         0.000         0.000
 DEMAGE         0.000         0.000         0.000         0.000         0.000
 DEMMAL         0.000         0.000         0.000         0.000         0.000
 CANEVR         0.000         0.000         0.000         0.000         0.000
 COGPGS         0.000         0.000         0.000         0.000         0.000
 PC1BW          0.000         0.000         0.000         0.000         0.000
 PC2BW          0.000         0.000         0.000         0.000         0.000
 PC3BW          0.000         0.000         0.000         0.000         0.000
 PC4BW          0.000         0.000         0.000         0.000         0.000
 PC5BW          0.000         0.000         0.000         0.000         0.000


           BETA
              PC4BW         PC5BW
              ________      ________
 CANEVRBW       0.000         0.000
 COGPGSBW       0.000         0.000
 CVLCOM         0.000         0.000
 DEMAGE         0.000         0.000
 DEMMAL         0.000         0.000
 CANEVR         0.000         0.000
 COGPGS         0.000         0.000
 PC1BW          0.000         0.000
 PC2BW          0.000         0.000
 PC3BW          0.000         0.000
 PC4BW          0.000         0.000
 PC5BW          0.000         0.000


           PSI
              CANEVRBW      COGPGSBW      CVLCOM        DEMAGE        DEMMAL
              ________      ________      ________      ________      ________
 CANEVRBW       0.000
 COGPGSBW       0.000         0.000
 CVLCOM         0.000         0.000         0.403
 DEMAGE         0.000         0.000         0.000         2.950
 DEMMAL         0.000         0.000         0.000         0.000         0.124
 CANEVR         0.000         0.000         0.000         0.000         0.000
 COGPGS         0.000         0.000         0.000         0.000         0.000
 PC1BW          0.000         0.000         0.000         0.000         0.000
 PC2BW          0.000         0.000         0.000         0.000         0.000
 PC3BW          0.000         0.000         0.000         0.000         0.000
 PC4BW          0.000         0.000         0.000         0.000         0.000
 PC5BW          0.000         0.000         0.000         0.000         0.000


           PSI
              CANEVR        COGPGS        PC1BW         PC2BW         PC3BW
              ________      ________      ________      ________      ________
 CANEVR         0.029
 COGPGS         0.000         0.008
 PC1BW          0.000         0.000         0.000
 PC2BW          0.000         0.000         0.000         0.000
 PC3BW          0.000         0.000         0.000         0.000         0.000
 PC4BW          0.000         0.000         0.000         0.000         0.000
 PC5BW          0.000         0.000         0.000         0.000         0.000


           PSI
              PC4BW         PC5BW
              ________      ________
 PC4BW          0.000
 PC5BW          0.000         0.000


     STARTING VALUES FOR BETWEEN


           NU
              CANEVRBW      COGPGSBW      CVLCOM        DEMAGE        DEMMAL
              ________      ________      ________      ________      ________
 1              0.000         0.000         0.000         0.000         0.000


           NU
              CANEVR        COGPGS        PC1BW         PC2BW         PC3BW
              ________      ________      ________      ________      ________
 1              0.000         0.000         0.000         0.000         0.000


           NU
              PC4BW         PC5BW
              ________      ________
 1              0.000         0.000


           LAMBDA
              CANEVRBW      COGPGSBW      CVLCOM        DEMAGE        DEMMAL
              ________      ________      ________      ________      ________
 CANEVRBW       1.000         0.000         0.000         0.000         0.000
 COGPGSBW       0.000         1.000         0.000         0.000         0.000
 CVLCOM         0.000         0.000         1.000         0.000         0.000
 DEMAGE         0.000         0.000         0.000         1.000         0.000
 DEMMAL         0.000         0.000         0.000         0.000         1.000
 CANEVR         0.000         0.000         0.000         0.000         0.000
 COGPGS         0.000         0.000         0.000         0.000         0.000
 PC1BW          0.000         0.000         0.000         0.000         0.000
 PC2BW          0.000         0.000         0.000         0.000         0.000
 PC3BW          0.000         0.000         0.000         0.000         0.000
 PC4BW          0.000         0.000         0.000         0.000         0.000
 PC5BW          0.000         0.000         0.000         0.000         0.000


           LAMBDA
              CANEVR        COGPGS        PC1BW         PC2BW         PC3BW
              ________      ________      ________      ________      ________
 CANEVRBW       0.000         0.000         0.000         0.000         0.000
 COGPGSBW       0.000         0.000         0.000         0.000         0.000
 CVLCOM         0.000         0.000         0.000         0.000         0.000
 DEMAGE         0.000         0.000         0.000         0.000         0.000
 DEMMAL         0.000         0.000         0.000         0.000         0.000
 CANEVR         1.000         0.000         0.000         0.000         0.000
 COGPGS         0.000         1.000         0.000         0.000         0.000
 PC1BW          0.000         0.000         1.000         0.000         0.000
 PC2BW          0.000         0.000         0.000         1.000         0.000
 PC3BW          0.000         0.000         0.000         0.000         1.000
 PC4BW          0.000         0.000         0.000         0.000         0.000
 PC5BW          0.000         0.000         0.000         0.000         0.000


           LAMBDA
              PC4BW         PC5BW
              ________      ________
 CANEVRBW       0.000         0.000
 COGPGSBW       0.000         0.000
 CVLCOM         0.000         0.000
 DEMAGE         0.000         0.000
 DEMMAL         0.000         0.000
 CANEVR         0.000         0.000
 COGPGS         0.000         0.000
 PC1BW          0.000         0.000
 PC2BW          0.000         0.000
 PC3BW          0.000         0.000
 PC4BW          1.000         0.000
 PC5BW          0.000         1.000


           THETA
              CANEVRBW      COGPGSBW      CVLCOM        DEMAGE        DEMMAL
              ________      ________      ________      ________      ________
 CANEVRBW       0.000
 COGPGSBW       0.000         0.000
 CVLCOM         0.000         0.000         0.000
 DEMAGE         0.000         0.000         0.000         0.000
 DEMMAL         0.000         0.000         0.000         0.000         0.000
 CANEVR         0.000         0.000         0.000         0.000         0.000
 COGPGS         0.000         0.000         0.000         0.000         0.000
 PC1BW          0.000         0.000         0.000         0.000         0.000
 PC2BW          0.000         0.000         0.000         0.000         0.000
 PC3BW          0.000         0.000         0.000         0.000         0.000
 PC4BW          0.000         0.000         0.000         0.000         0.000
 PC5BW          0.000         0.000         0.000         0.000         0.000


           THETA
              CANEVR        COGPGS        PC1BW         PC2BW         PC3BW
              ________      ________      ________      ________      ________
 CANEVR         0.000
 COGPGS         0.000         0.000
 PC1BW          0.000         0.000         0.000
 PC2BW          0.000         0.000         0.000         0.000
 PC3BW          0.000         0.000         0.000         0.000         0.000
 PC4BW          0.000         0.000         0.000         0.000         0.000
 PC5BW          0.000         0.000         0.000         0.000         0.000


           THETA
              PC4BW         PC5BW
              ________      ________
 PC4BW          0.000
 PC5BW          0.000         0.000


           ALPHA
              CANEVRBW      COGPGSBW      CVLCOM        DEMAGE        DEMMAL
              ________      ________      ________      ________      ________
 1              0.000         0.000         0.032         0.000         0.000


           ALPHA
              CANEVR        COGPGS        PC1BW         PC2BW         PC3BW
              ________      ________      ________      ________      ________
 1              0.000         0.000         0.000         0.000         0.000


           ALPHA
              PC4BW         PC5BW
              ________      ________
 1              0.000         0.000


           BETA
              CANEVRBW      COGPGSBW      CVLCOM        DEMAGE        DEMMAL
              ________      ________      ________      ________      ________
 CANEVRBW       0.000         0.000         0.000         0.000         0.000
 COGPGSBW       0.000         0.000         0.000         0.000         0.000
 CVLCOM         0.000         0.000         0.000         0.000         0.000
 DEMAGE         0.000         0.000         0.000         0.000         0.000
 DEMMAL         0.000         0.000         0.000         0.000         0.000
 CANEVR         0.000         0.000         0.000         0.000         0.000
 COGPGS         0.000         0.000         0.000         0.000         0.000
 PC1BW          0.000         0.000         0.000         0.000         0.000
 PC2BW          0.000         0.000         0.000         0.000         0.000
 PC3BW          0.000         0.000         0.000         0.000         0.000
 PC4BW          0.000         0.000         0.000         0.000         0.000
 PC5BW          0.000         0.000         0.000         0.000         0.000


           BETA
              CANEVR        COGPGS        PC1BW         PC2BW         PC3BW
              ________      ________      ________      ________      ________
 CANEVRBW       0.000         0.000         0.000         0.000         0.000
 COGPGSBW       0.000         0.000         0.000         0.000         0.000
 CVLCOM         0.000         0.000         0.000         0.000         0.000
 DEMAGE         0.000         0.000         0.000         0.000         0.000
 DEMMAL         0.000         0.000         0.000         0.000         0.000
 CANEVR         0.000         0.000         0.000         0.000         0.000
 COGPGS         0.000         0.000         0.000         0.000         0.000
 PC1BW          0.000         0.000         0.000         0.000         0.000
 PC2BW          0.000         0.000         0.000         0.000         0.000
 PC3BW          0.000         0.000         0.000         0.000         0.000
 PC4BW          0.000         0.000         0.000         0.000         0.000
 PC5BW          0.000         0.000         0.000         0.000         0.000


           BETA
              PC4BW         PC5BW
              ________      ________
 CANEVRBW       0.000         0.000
 COGPGSBW       0.000         0.000
 CVLCOM         0.000         0.000
 DEMAGE         0.000         0.000
 DEMMAL         0.000         0.000
 CANEVR         0.000         0.000
 COGPGS         0.000         0.000
 PC1BW          0.000         0.000
 PC2BW          0.000         0.000
 PC3BW          0.000         0.000
 PC4BW          0.000         0.000
 PC5BW          0.000         0.000


           PSI
              CANEVRBW      COGPGSBW      CVLCOM        DEMAGE        DEMMAL
              ________      ________      ________      ________      ________
 CANEVRBW       0.028
 COGPGSBW       0.000         0.058
 CVLCOM         0.000         0.000         0.403
 DEMAGE         0.000         0.000         0.000         0.000
 DEMMAL         0.000         0.000         0.000         0.000         0.000
 CANEVR         0.000         0.000         0.000         0.000         0.000
 COGPGS         0.000         0.000         0.000         0.000         0.000
 PC1BW          0.000         0.000         0.000         0.000         0.000
 PC2BW          0.000         0.000         0.000         0.000         0.000
 PC3BW          0.000         0.000         0.000         0.000         0.000
 PC4BW          0.000         0.000         0.000         0.000         0.000
 PC5BW          0.000         0.000         0.000         0.000         0.000


           PSI
              CANEVR        COGPGS        PC1BW         PC2BW         PC3BW
              ________      ________      ________      ________      ________
 CANEVR         0.000
 COGPGS         0.000         0.000
 PC1BW          0.000         0.000         0.001
 PC2BW          0.000         0.000         0.000         0.001
 PC3BW          0.000         0.000         0.000         0.000         0.000
 PC4BW          0.000         0.000         0.000         0.000         0.000
 PC5BW          0.000         0.000         0.000         0.000         0.000


           PSI
              PC4BW         PC5BW
              ________      ________
 PC4BW          0.001
 PC5BW          0.000         0.001


SAMPLE STATISTICS FOR ESTIMATED FACTOR SCORES


     SAMPLE STATISTICS


           Means
              B_CVLCOM
              ________
 1              0.032


           Covariances
              B_CVLCOM
              ________
 B_CVLCOM       0.061


           Correlations
              B_CVLCOM
              ________
 B_CVLCOM       1.000


PLOT INFORMATION

The following plots are available:

  Histograms (sample values)
  Scatterplots (sample values)

     Beginning Time:  12:53:10
        Ending Time:  12:53:10
       Elapsed Time:  00:00:00



MUTHEN & MUTHEN
3463 Stoner Ave.
Los Angeles, CA  90066

Tel: (310) 391-9971
Fax: (310) 391-8971
Web: www.StatModel.com
Support: Support@StatModel.com

Copyright (c) 1998-2015 Muthen & Muthen
