Mplus VERSION 7.4 (Mac)
MUTHEN & MUTHEN
07/30/2019  12:53 PM

INPUT INSTRUCTIONS


  TITLE: CANEVR_WASDGT_2;

  DATA:
  	FILE = GD190618.csv;

  VARIABLE:
  	NAMES =
  			ID_Fam   Wave     ID_MPL
  			DEMMAL   DEMAGE   DEMHSP   DEMRAC
  			SRPWCR
  			WASVCB   WASBLK   WASDGT   WSISUM
  			TRLATS   TRLBTS
  			CVLASF   CVLASC   CVLALF   CVLALC
  			WASCOM   COGCOM   CVLCOM
  			CANEVR   CANONS   CANFLF
  			CANFTY   CANF6M   CANAC6
  			CANYRS
  			ALCEVR   ALCONS   ALCFLF
  			ALCFTY   ALCF6M   ALCAC6
  			ALCYRS
  			SRPWCRDt WASVCBDt WASBLKDt
  			WASDGTDt WSISUMDt TRLATSDt
  			TRLBTSDt CVLASFDt CVLASCDt
  			CVLALFDt CVLALCDt WASCOMDt
  			COGCOMDt CVLCOMDt
  			COGPGS
  			PC1 PC2 PC3 PC4 PC5 PC6
  		;
  	USEVARIABLES =
  		! outcome
  	  		WASDGT
    		! covariates
  	  		DEMAGE
    			DEMMAL  		
    		! within predictor
    			CANEVR
    			COGPGS
    		! between predictor
    			CANEVRBW
    			COGPGSBW
    			PC1BW
    			PC2BW
    			PC3BW
    			PC4BW
    			PC5BW	
    		;
    	USEOBSERVATION =
    			(Wave EQ 2 AND WASDGTDt EQ 1)
    		;
    	CLUSTER =
    			ID_Fam
    		;
    	MISSING = .;
    	BETWEEN =   		
    			CANEVRBW
    			COGPGSBW
    			PC1BW
    			PC2BW
    			PC3BW
    			PC4BW
    			PC5BW			
    		;
    	WITHIN  		
    			CANEVR
    			COGPGS
    			DEMAGE
    			DEMMAL
    		;  		

  DEFINE:
  	! CREATE BW FAM PREDICTOR
  		CANEVRBW = cluster_mean (CANEVR);	
  		COGPGSBW = cluster_mean (COGPGS);
  		PC1BW = cluster_mean (PC1);
  		PC2BW = cluster_mean (PC2);
  		PC3BW = cluster_mean (PC3);
  		PC4BW = cluster_mean (PC4);
  		PC5BW = cluster_mean (PC5);
  	! CENTER WI FAM VARIABLES
  		CENTER CANEVR (GROUPMEAN);
  		CENTER COGPGS (GROUPMEAN);
  		CENTER DEMMAL (GRANDMEAN);
  		CENTER DEMAGE (GRANDMEAN);
  	! CENTER BW FAM VARIABLES
  		CENTER CANEVRBW (GRANDMEAN);
  		CENTER COGPGSBW (GRANDMEAN);
  		CENTER PC1BW (GRANDMEAN);
  		CENTER PC2BW (GRANDMEAN);
  		CENTER PC3BW (GRANDMEAN);
  		CENTER PC4BW (GRANDMEAN);
  		CENTER PC5BW (GRANDMEAN);

  ANALYSIS:
          ITERATIONS = 1000000;
          TYPE = TWOLEVEL RANDOM;
          ALGORITHM = INTEGRATION;

  OUTPUT:
  	SAMPSTAT STDYX TECH1 CINT;

  MODEL:
  %WITHIN%
  	WASDGT on CANEVR;
  	WASDGT on  DEMMAL DEMAGE COGPGS;	
  	COGPGS*;
  	WASDGT*;
  	CANEVR WITH DEMMAL*;
  	CANEVR WITH DEMAGE*;
  	CANEVR WITH COGPGS*;

  %BETWEEN%
  	WASDGT on CANEVRBW COGPGSBW
  		 	    PC1BW PC2BW PC3BW PC4BW PC5BW;
  	COGPGSBW*;
  	WASDGT*;
  	CANEVRBW WITH COGPGSBW*;

  PLOT:
  	TYPE = plot3;



*** WARNING
  Data set contains cases with missing on x-variables.
  These cases were not included in the analysis.
  Number of cases with missing on x-variables:  45
   1 WARNING(S) FOUND IN THE INPUT INSTRUCTIONS



CANEVR_WASDGT_2;

SUMMARY OF ANALYSIS

Number of groups                                                 1
Number of observations                                         380

Number of dependent variables                                    1
Number of independent variables                                 11
Number of continuous latent variables                            0

Observed dependent variables

  Continuous
   WASDGT

Observed independent variables
   DEMAGE      DEMMAL      CANEVR      COGPGS      CANEVRBW    COGPGSBW
   PC1BW       PC2BW       PC3BW       PC4BW       PC5BW

Variables with special functions

  Cluster variable      ID_FAM

  Within variables
   DEMAGE      DEMMAL      CANEVR      COGPGS

  Between variables
   CANEVRBW    COGPGSBW    PC1BW       PC2BW       PC3BW       PC4BW
   PC5BW

  Centering (GRANDMEAN)
   DEMMAL      DEMAGE      CANEVRBW    COGPGSBW
   PC1BW       PC2BW       PC3BW       PC4BW       PC5BW

  Centering (GROUPMEAN)
   CANEVR      COGPGS


Estimator                                                      MLR
Information matrix                                        OBSERVED
Optimization Specifications for the Quasi-Newton Algorithm for
Continuous Outcomes
  Maximum number of iterations                             1000000
  Convergence criterion                                  0.100D-05
Optimization Specifications for the EM Algorithm
  Maximum number of iterations                                 500
  Convergence criteria
    Loglikelihood change                                 0.100D-02
    Relative loglikelihood change                        0.100D-05
    Derivative                                           0.100D-02
Optimization Specifications for the M step of the EM Algorithm for
Categorical Latent variables
  Number of M step iterations                                    1
  M step convergence criterion                           0.100D-02
  Basis for M step termination                           ITERATION
Optimization Specifications for the M step of the EM Algorithm for
Censored, Binary or Ordered Categorical (Ordinal), Unordered
Categorical (Nominal) and Count Outcomes
  Number of M step iterations                                    1
  M step convergence criterion                           0.100D-02
  Basis for M step termination                           ITERATION
  Maximum value for logit thresholds                            15
  Minimum value for logit thresholds                           -15
  Minimum expected cell size for chi-square              0.100D-01
Maximum number of iterations for H1                           2000
Convergence criterion for H1                             0.100D-03
Optimization algorithm                                         EMA
Integration Specifications
  Type                                                    STANDARD
  Number of integration points                                  15
  Dimensions of numerical integration                            0
  Adaptive quadrature                                           ON
Cholesky                                                       OFF

Input data file(s)
  GD190618.csv
Input data format  FREE


SUMMARY OF DATA

     Number of missing data patterns             5
     Number of clusters                        193



COVARIANCE COVERAGE OF DATA

Minimum covariance coverage value   0.100


     PROPORTION OF DATA PRESENT FOR Y


           Covariance Coverage
              CANEVRBW      COGPGSBW      WASDGT        DEMAGE        DEMMAL
              ________      ________      ________      ________      ________
 CANEVRBW       1.000
 COGPGSBW       1.000         1.000
 WASDGT         0.847         0.847         0.847
 DEMAGE         0.997         0.997         0.847         0.997
 DEMMAL         0.997         0.997         0.847         0.997         0.997
 CANEVR         1.000         1.000         0.847         0.997         0.997
 COGPGS         0.753         0.753         0.647         0.753         0.753
 PC1BW          1.000         1.000         0.847         0.997         0.997
 PC2BW          1.000         1.000         0.847         0.997         0.997
 PC3BW          1.000         1.000         0.847         0.997         0.997
 PC4BW          1.000         1.000         0.847         0.997         0.997
 PC5BW          1.000         1.000         0.847         0.997         0.997


           Covariance Coverage
              CANEVR        COGPGS        PC1BW         PC2BW         PC3BW
              ________      ________      ________      ________      ________
 CANEVR         1.000
 COGPGS         0.753         0.753
 PC1BW          1.000         0.753         1.000
 PC2BW          1.000         0.753         1.000         1.000
 PC3BW          1.000         0.753         1.000         1.000         1.000
 PC4BW          1.000         0.753         1.000         1.000         1.000
 PC5BW          1.000         0.753         1.000         1.000         1.000


           Covariance Coverage
              PC4BW         PC5BW
              ________      ________
 PC4BW          1.000
 PC5BW          1.000         1.000


SAMPLE STATISTICS


     ESTIMATED SAMPLE STATISTICS


           Means
              CANEVRBW      COGPGSBW      WASDGT        DEMAGE        DEMMAL
              ________      ________      ________      ________      ________
 1              0.000         0.000        10.193        -0.002         0.000


           Means
              CANEVR        COGPGS        PC1BW         PC2BW         PC3BW
              ________      ________      ________      ________      ________
 1              0.000        -0.001         0.000         0.000         0.000


           Means
              PC4BW         PC5BW
              ________      ________
 1              0.000         0.000


           Covariances
              CANEVRBW      COGPGSBW      WASDGT        DEMAGE        DEMMAL
              ________      ________      ________      ________      ________
 CANEVRBW       0.032
 COGPGSBW      -0.002         0.111
 WASDGT         0.033         0.094         7.435
 DEMAGE        -0.050         0.015         0.421         7.950
 DEMMAL         0.010         0.013         0.134        -0.216         0.249
 CANEVR         0.000         0.000         0.012        -0.118         0.013
 COGPGS         0.000         0.000        -0.023        -0.017         0.004
 PC1BW         -0.001        -0.004        -0.014         0.011        -0.002
 PC2BW         -0.001         0.000        -0.039        -0.007        -0.001
 PC3BW          0.000        -0.001        -0.003        -0.001        -0.001
 PC4BW          0.001         0.002         0.000         0.005         0.001
 PC5BW          0.001         0.000         0.010         0.006         0.000


           Covariances
              CANEVR        COGPGS        PC1BW         PC2BW         PC3BW
              ________      ________      ________      ________      ________
 CANEVR         0.036
 COGPGS        -0.002         0.018
 PC1BW          0.000         0.000         0.001
 PC2BW          0.000         0.000         0.000         0.002
 PC3BW          0.000         0.000         0.000         0.000         0.000
 PC4BW          0.000         0.000         0.000         0.000        -0.001
 PC5BW          0.000         0.000         0.000         0.000         0.000


           Covariances
              PC4BW         PC5BW
              ________      ________
 PC4BW          0.002
 PC5BW          0.000         0.002


           Correlations
              CANEVRBW      COGPGSBW      WASDGT        DEMAGE        DEMMAL
              ________      ________      ________      ________      ________
 CANEVRBW       1.000
 COGPGSBW      -0.040         1.000
 WASDGT         0.068         0.103         1.000
 DEMAGE        -0.100         0.016         0.055         1.000
 DEMMAL         0.113         0.076         0.098        -0.153         1.000
 CANEVR         0.000         0.000         0.023        -0.222         0.139
 COGPGS        -0.017        -0.004        -0.062        -0.043         0.064
 PC1BW         -0.081        -0.298        -0.140         0.107        -0.097
 PC2BW         -0.129        -0.005        -0.358        -0.059        -0.038
 PC3BW         -0.097        -0.140        -0.064        -0.026        -0.076
 PC4BW          0.086         0.147         0.004         0.040         0.059
 PC5BW          0.110        -0.028         0.077         0.046         0.016


           Correlations
              CANEVR        COGPGS        PC1BW         PC2BW         PC3BW
              ________      ________      ________      ________      ________
 CANEVR         1.000
 COGPGS        -0.075         1.000
 PC1BW          0.000         0.005         1.000
 PC2BW          0.000         0.003        -0.109         1.000
 PC3BW          0.000         0.004         0.047         0.138         1.000
 PC4BW          0.000        -0.004         0.014         0.002        -0.969
 PC5BW          0.000         0.001        -0.127         0.044         0.001


           Correlations
              PC4BW         PC5BW
              ________      ________
 PC4BW          1.000
 PC5BW          0.036         1.000


     MAXIMUM LOG-LIKELIHOOD VALUE FOR THE UNRESTRICTED (H1) MODEL IS 2658.267


UNIVARIATE SAMPLE STATISTICS


     UNIVARIATE HIGHER-ORDER MOMENT DESCRIPTIVE STATISTICS

         Variable/         Mean/     Skewness/   Minimum/ % with                Percentiles
        Sample Size      Variance    Kurtosis    Maximum  Min/Max      20%/60%    40%/80%    Median

     CANEVRBW              0.005      -2.430      -0.926    0.52%       0.074      0.074      0.074
             193.000       0.031       5.154       0.074   86.01%       0.074      0.074
     COGPGSBW              0.007       0.062      -0.972    0.52%      -0.282     -0.090     -0.007
             193.000       0.112      -0.017       0.899    0.52%       0.057      0.299
     WASDGT               10.165       0.569       4.000    0.62%       8.000      9.000     10.000
             322.000       7.492       0.293      19.000    0.62%      10.000     12.000
     DEMAGE                0.000       1.011      -5.447    0.26%      -2.377     -0.957     -0.247
             379.000       7.951       2.689      15.723    0.26%       0.333      2.133
     DEMMAL                0.000      -0.122      -0.530   46.97%      -0.530     -0.530      0.470
             379.000       0.249      -1.985       0.470   53.03%       0.470      0.470
     CANEVR                0.000      -0.343      -0.667    1.05%       0.000      0.000      0.000
             380.000       0.036       4.403       0.500    5.79%       0.000      0.000
     COGPGS                0.000       0.035      -0.482    0.35%      -0.076      0.000      0.000
             286.000       0.018       1.996       0.482    0.35%       0.000      0.072
     PC1BW                 0.000       2.440      -0.023    0.52%      -0.021     -0.016     -0.012
             193.000       0.001       4.619       0.133    0.52%      -0.010     -0.004
     PC2BW                -0.001       0.617      -0.044    0.52%      -0.041     -0.028     -0.013
             193.000       0.002      -0.803       0.121    0.52%       0.004      0.041
     PC3BW                 0.000      -4.137      -0.117    0.52%      -0.003      0.001      0.003
             193.000       0.000      21.256       0.033    0.52%       0.004      0.008
     PC4BW                -0.001       4.674      -0.097    0.52%      -0.013     -0.010     -0.008
             193.000       0.001      24.872       0.282    0.52%      -0.007     -0.003
     PC5BW                 0.002     -12.543      -0.541    0.52%       0.002      0.004      0.004
             193.000       0.002     165.580       0.054    0.52%       0.005      0.007

     THE STANDARD ERRORS OF THE MODEL PARAMETER ESTIMATES MAY NOT BE
     TRUSTWORTHY FOR SOME PARAMETERS DUE TO A NON-POSITIVE DEFINITE
     FIRST-ORDER DERIVATIVE PRODUCT MATRIX.  THIS MAY BE DUE TO THE STARTING
     VALUES BUT MAY ALSO BE AN INDICATION OF MODEL NONIDENTIFICATION.  THE
     CONDITION NUMBER IS       0.877D-16.  PROBLEM INVOLVING THE FOLLOWING PARAMETER:
     Parameter 4, %WITHIN%: [ COGPGS ]


THE MODEL ESTIMATION TERMINATED NORMALLY



MODEL FIT INFORMATION

Number of Free Parameters                       30

Loglikelihood

          H0 Value                       -1673.147
          H0 Scaling Correction Factor      1.2903
            for MLR

Information Criteria

          Akaike (AIC)                    3406.294
          Bayesian (BIC)                  3524.499
          Sample-Size Adjusted BIC        3429.315
            (n* = (n + 2) / 24)



MODEL RESULTS

                                                    Two-Tailed
                    Estimate       S.E.  Est./S.E.    P-Value

Within Level

 WASDGT     ON
    CANEVR             0.407      0.595      0.684      0.494
    DEMMAL             0.324      0.262      1.239      0.215
    DEMAGE             0.063      0.041      1.530      0.126
    COGPGS            -1.161      0.724     -1.603      0.109

 CANEVR   WITH
    DEMMAL             0.011      0.005      2.108      0.035
    DEMAGE            -0.110      0.028     -3.883      0.000
    COGPGS            -0.002      0.002     -0.927      0.354

 Means
    DEMAGE             0.000      0.159      0.000      1.000
    DEMMAL             0.000      0.028      0.000      1.000
    CANEVR             0.000      0.000     -0.001      0.999
    COGPGS             0.000      0.001      0.292      0.770

 Variances
    DEMAGE             7.950      0.888      8.949      0.000
    DEMMAL             0.249      0.002    146.402      0.000
    CANEVR             0.036      0.006      5.559      0.000
    COGPGS             0.018      0.003      6.160      0.000

 Residual Variances
    WASDGT             3.894      0.427      9.121      0.000

Between Level

 WASDGT     ON
    CANEVRBW           0.158      0.972      0.162      0.871
    COGPGSBW           0.456      0.515      0.885      0.376
    PC1BW            -11.767      4.819     -2.442      0.015
    PC2BW            -25.823      5.035     -5.128      0.000
    PC3BW              6.770     52.332      0.129      0.897
    PC4BW              2.523     22.544      0.112      0.911
    PC5BW              3.812      1.529      2.494      0.013

 CANEVRBW WITH
    COGPGSBW          -0.002      0.003     -0.584      0.560

 Means
    CANEVRBW           0.005      0.013      0.362      0.718
    COGPGSBW           0.007      0.024      0.288      0.774

 Intercepts
    WASDGT            10.230      0.160     63.748      0.000

 Variances
    CANEVRBW           0.031      0.006      5.194      0.000
    COGPGSBW           0.112      0.011      9.866      0.000

 Residual Variances
    WASDGT             2.242      0.537      4.172      0.000


STANDARDIZED MODEL RESULTS


STDYX Standardization

                                                    Two-Tailed
                    Estimate       S.E.  Est./S.E.    P-Value

Within Level

 WASDGT     ON
    CANEVR             0.039      0.057      0.682      0.495
    DEMMAL             0.081      0.065      1.251      0.211
    DEMAGE             0.090      0.058      1.532      0.125
    COGPGS            -0.079      0.050     -1.586      0.113

 CANEVR   WITH
    DEMMAL             0.111      0.050      2.219      0.027
    DEMAGE            -0.207      0.042     -4.971      0.000
    COGPGS            -0.085      0.091     -0.932      0.351

 Means
    DEMAGE             0.000      0.056      0.000      1.000
    DEMMAL             0.000      0.056      0.000      1.000
    CANEVR             0.000      0.000     -0.001      0.999
    COGPGS             0.002      0.006      0.291      0.771

 Variances
    DEMAGE             1.000      0.000    999.000    999.000
    DEMMAL             1.000      0.000    999.000    999.000
    CANEVR             1.000      0.000    999.000    999.000
    COGPGS             1.000      0.000    999.000    999.000

 Residual Variances
    WASDGT             0.978      0.017     57.381      0.000

Between Level

 WASDGT     ON
    CANEVRBW           0.015      0.093      0.162      0.872
    COGPGSBW           0.082      0.094      0.879      0.379
    PC1BW             -0.238      0.095     -2.501      0.012
    PC2BW             -0.557      0.100     -5.576      0.000
    PC3BW              0.060      0.465      0.129      0.897
    PC4BW              0.053      0.472      0.112      0.911
    PC5BW              0.083      0.033      2.494      0.013

 CANEVRBW WITH
    COGPGSBW          -0.033      0.055     -0.591      0.555

 Means
    CANEVRBW           0.026      0.074      0.351      0.726
    COGPGSBW           0.021      0.072      0.288      0.773

 Intercepts
    WASDGT             5.534      0.536     10.323      0.000

 Variances
    CANEVRBW           1.000      0.000    999.000    999.000
    COGPGSBW           1.000      0.000    999.000    999.000

 Residual Variances
    WASDGT             0.656      0.080      8.179      0.000


R-SQUARE

Within Level

    Observed                                        Two-Tailed
    Variable        Estimate       S.E.  Est./S.E.    P-Value

    WASDGT             0.022      0.017      1.294      0.196

Between Level

    Observed                                        Two-Tailed
    Variable        Estimate       S.E.  Est./S.E.    P-Value

    WASDGT             0.344      0.080      4.288      0.000


QUALITY OF NUMERICAL RESULTS

     Condition Number for the Information Matrix              0.877E-16
       (ratio of smallest to largest eigenvalue)


CONFIDENCE INTERVALS OF MODEL RESULTS

                  Lower .5%  Lower 2.5%    Lower 5%    Estimate    Upper 5%  Upper 2.5%   Upper .5%

Within Level

 WASDGT   ON
    CANEVR          -1.125      -0.759      -0.571       0.407       1.385       1.573       1.939
    DEMMAL          -0.350      -0.189      -0.106       0.324       0.755       0.837       0.998
    DEMAGE          -0.043      -0.018      -0.005       0.063       0.131       0.144       0.170
    COGPGS          -3.025      -2.579      -2.351      -1.161       0.030       0.258       0.704

 CANEVR   WITH
    DEMMAL          -0.002       0.001       0.002       0.011       0.019       0.020       0.023
    DEMAGE          -0.184      -0.166      -0.157      -0.110      -0.064      -0.055      -0.037
    COGPGS          -0.008      -0.007      -0.006      -0.002       0.002       0.002       0.004

 Means
    DEMAGE          -0.410      -0.312      -0.262       0.000       0.262       0.312       0.410
    DEMMAL          -0.072      -0.055      -0.046       0.000       0.046       0.055       0.072
    CANEVR           0.000       0.000       0.000       0.000       0.000       0.000       0.000
    COGPGS          -0.002      -0.001      -0.001       0.000       0.001       0.002       0.002

 Variances
    DEMAGE           5.662       6.209       6.489       7.950       9.411       9.691      10.238
    DEMMAL           0.245       0.246       0.246       0.249       0.252       0.252       0.253
    CANEVR           0.019       0.023       0.025       0.036       0.046       0.048       0.052
    COGPGS           0.011       0.012       0.013       0.018       0.023       0.024       0.026

 Residual Variances
    WASDGT           2.794       3.057       3.192       3.894       4.597       4.731       4.994

Between Level

 WASDGT   ON
    CANEVRBW        -2.346      -1.748      -1.442       0.158       1.757       2.063       2.662
    COGPGSBW        -0.870      -0.553      -0.391       0.456       1.303       1.465       1.782
    PC1BW          -24.179     -21.212     -19.694     -11.767      -3.840      -2.322       0.645
    PC2BW          -38.793     -35.692     -34.106     -25.823     -17.539     -15.953     -12.852
    PC3BW         -128.027     -95.801     -79.317       6.770      92.856     109.340     141.566
    PC4BW          -55.545     -41.662     -34.561       2.523      39.607      46.708      60.591
    PC5BW           -0.125       0.816       1.297       3.812       6.327       6.808       7.750

 CANEVRBW WITH
    COGPGSBW        -0.010      -0.008      -0.007      -0.002       0.004       0.005       0.007

 Means
    CANEVRBW        -0.028      -0.020      -0.016       0.005       0.026       0.030       0.037
    COGPGSBW        -0.055      -0.040      -0.033       0.007       0.047       0.054       0.069

 Intercepts
    WASDGT           9.816       9.915       9.966      10.230      10.494      10.544      10.643

 Variances
    CANEVRBW         0.016       0.019       0.021       0.031       0.041       0.043       0.047
    COGPGSBW         0.083       0.090       0.093       0.112       0.130       0.134       0.141

 Residual Variances
    WASDGT           0.858       1.188       1.358       2.242       3.125       3.295       3.625


CONFIDENCE INTERVALS OF STANDARDIZED MODEL RESULTS


STDYX Standardization

                  Lower .5%  Lower 2.5%    Lower 5%    Estimate    Upper 5%  Upper 2.5%   Upper .5%

Within Level

 WASDGT   ON
    CANEVR          -0.107      -0.072      -0.054       0.039       0.132       0.149       0.184
    DEMMAL          -0.086      -0.046      -0.026       0.081       0.188       0.208       0.248
    DEMAGE          -0.061      -0.025      -0.007       0.090       0.186       0.204       0.240
    COGPGS          -0.207      -0.176      -0.160      -0.079       0.003       0.019       0.049

 CANEVR   WITH
    DEMMAL          -0.018       0.013       0.029       0.111       0.194       0.210       0.241
    DEMAGE          -0.314      -0.289      -0.276      -0.207      -0.139      -0.125      -0.100
    COGPGS          -0.318      -0.262      -0.234      -0.085       0.065       0.093       0.149

 Means
    DEMAGE          -0.145      -0.111      -0.093       0.000       0.093       0.111       0.145
    DEMMAL          -0.145      -0.110      -0.092       0.000       0.092       0.110       0.145
    CANEVR           0.000       0.000       0.000       0.000       0.000       0.000       0.000
    COGPGS          -0.013      -0.009      -0.008       0.002       0.011       0.013       0.016

 Variances
    DEMAGE           1.000       1.000       1.000       1.000       1.000       1.000       1.000
    DEMMAL           1.000       1.000       1.000       1.000       1.000       1.000       1.000
    CANEVR           1.000       1.000       1.000       1.000       1.000       1.000       1.000
    COGPGS           1.000       1.000       1.000       1.000       1.000       1.000       1.000

 Residual Variances
    WASDGT           0.934       0.945       0.950       0.978       1.006       1.011       1.022

Between Level

 WASDGT   ON
    CANEVRBW        -0.225      -0.168      -0.138       0.015       0.168       0.198       0.255
    COGPGSBW        -0.159      -0.101      -0.072       0.082       0.237       0.266       0.324
    PC1BW           -0.484      -0.425      -0.395      -0.238      -0.082      -0.052       0.007
    PC2BW           -0.814      -0.753      -0.721      -0.557      -0.393      -0.361      -0.300
    PC3BW           -1.138      -0.852      -0.705       0.060       0.825       0.972       1.258
    PC4BW           -1.163      -0.872      -0.724       0.053       0.829       0.978       1.269
    PC5BW           -0.003       0.018       0.028       0.083       0.138       0.149       0.169

 CANEVRBW WITH
    COGPGSBW        -0.175      -0.141      -0.124      -0.033       0.058       0.076       0.110

 Means
    CANEVRBW        -0.165      -0.120      -0.096       0.026       0.148       0.172       0.217
    COGPGSBW        -0.165      -0.120      -0.098       0.021       0.139       0.162       0.206

 Intercepts
    WASDGT           4.153       4.483       4.652       5.534       6.416       6.585       6.915

 Variances
    CANEVRBW         1.000       1.000       1.000       1.000       1.000       1.000       1.000
    COGPGSBW         1.000       1.000       1.000       1.000       1.000       1.000       1.000

 Residual Variances
    WASDGT           0.449       0.499       0.524       0.656       0.788       0.813       0.863


TECHNICAL 1 OUTPUT


     PARAMETER SPECIFICATION FOR WITHIN


           NU
              CANEVRBW      COGPGSBW      WASDGT        DEMAGE        DEMMAL
              ________      ________      ________      ________      ________
 1                  0             0             0             0             0


           NU
              CANEVR        COGPGS        PC1BW         PC2BW         PC3BW
              ________      ________      ________      ________      ________
 1                  0             0             0             0             0


           NU
              PC4BW         PC5BW
              ________      ________
 1                  0             0


           LAMBDA
              CANEVRBW      COGPGSBW      WASDGT        DEMAGE        DEMMAL
              ________      ________      ________      ________      ________
 CANEVRBW           0             0             0             0             0
 COGPGSBW           0             0             0             0             0
 WASDGT             0             0             0             0             0
 DEMAGE             0             0             0             0             0
 DEMMAL             0             0             0             0             0
 CANEVR             0             0             0             0             0
 COGPGS             0             0             0             0             0
 PC1BW              0             0             0             0             0
 PC2BW              0             0             0             0             0
 PC3BW              0             0             0             0             0
 PC4BW              0             0             0             0             0
 PC5BW              0             0             0             0             0


           LAMBDA
              CANEVR        COGPGS        PC1BW         PC2BW         PC3BW
              ________      ________      ________      ________      ________
 CANEVRBW           0             0             0             0             0
 COGPGSBW           0             0             0             0             0
 WASDGT             0             0             0             0             0
 DEMAGE             0             0             0             0             0
 DEMMAL             0             0             0             0             0
 CANEVR             0             0             0             0             0
 COGPGS             0             0             0             0             0
 PC1BW              0             0             0             0             0
 PC2BW              0             0             0             0             0
 PC3BW              0             0             0             0             0
 PC4BW              0             0             0             0             0
 PC5BW              0             0             0             0             0


           LAMBDA
              PC4BW         PC5BW
              ________      ________
 CANEVRBW           0             0
 COGPGSBW           0             0
 WASDGT             0             0
 DEMAGE             0             0
 DEMMAL             0             0
 CANEVR             0             0
 COGPGS             0             0
 PC1BW              0             0
 PC2BW              0             0
 PC3BW              0             0
 PC4BW              0             0
 PC5BW              0             0


           THETA
              CANEVRBW      COGPGSBW      WASDGT        DEMAGE        DEMMAL
              ________      ________      ________      ________      ________
 CANEVRBW           0
 COGPGSBW           0             0
 WASDGT             0             0             0
 DEMAGE             0             0             0             0
 DEMMAL             0             0             0             0             0
 CANEVR             0             0             0             0             0
 COGPGS             0             0             0             0             0
 PC1BW              0             0             0             0             0
 PC2BW              0             0             0             0             0
 PC3BW              0             0             0             0             0
 PC4BW              0             0             0             0             0
 PC5BW              0             0             0             0             0


           THETA
              CANEVR        COGPGS        PC1BW         PC2BW         PC3BW
              ________      ________      ________      ________      ________
 CANEVR             0
 COGPGS             0             0
 PC1BW              0             0             0
 PC2BW              0             0             0             0
 PC3BW              0             0             0             0             0
 PC4BW              0             0             0             0             0
 PC5BW              0             0             0             0             0


           THETA
              PC4BW         PC5BW
              ________      ________
 PC4BW              0
 PC5BW              0             0


           ALPHA
              CANEVRBW      COGPGSBW      WASDGT        DEMAGE        DEMMAL
              ________      ________      ________      ________      ________
 1                  0             0             0             1             2


           ALPHA
              CANEVR        COGPGS        PC1BW         PC2BW         PC3BW
              ________      ________      ________      ________      ________
 1                  3             4             0             0             0


           ALPHA
              PC4BW         PC5BW
              ________      ________
 1                  0             0


           BETA
              CANEVRBW      COGPGSBW      WASDGT        DEMAGE        DEMMAL
              ________      ________      ________      ________      ________
 CANEVRBW           0             0             0             0             0
 COGPGSBW           0             0             0             0             0
 WASDGT             0             0             0             5             6
 DEMAGE             0             0             0             0             0
 DEMMAL             0             0             0             0             0
 CANEVR             0             0             0             0             0
 COGPGS             0             0             0             0             0
 PC1BW              0             0             0             0             0
 PC2BW              0             0             0             0             0
 PC3BW              0             0             0             0             0
 PC4BW              0             0             0             0             0
 PC5BW              0             0             0             0             0


           BETA
              CANEVR        COGPGS        PC1BW         PC2BW         PC3BW
              ________      ________      ________      ________      ________
 CANEVRBW           0             0             0             0             0
 COGPGSBW           0             0             0             0             0
 WASDGT             7             8             0             0             0
 DEMAGE             0             0             0             0             0
 DEMMAL             0             0             0             0             0
 CANEVR             0             0             0             0             0
 COGPGS             0             0             0             0             0
 PC1BW              0             0             0             0             0
 PC2BW              0             0             0             0             0
 PC3BW              0             0             0             0             0
 PC4BW              0             0             0             0             0
 PC5BW              0             0             0             0             0


           BETA
              PC4BW         PC5BW
              ________      ________
 CANEVRBW           0             0
 COGPGSBW           0             0
 WASDGT             0             0
 DEMAGE             0             0
 DEMMAL             0             0
 CANEVR             0             0
 COGPGS             0             0
 PC1BW              0             0
 PC2BW              0             0
 PC3BW              0             0
 PC4BW              0             0
 PC5BW              0             0


           PSI
              CANEVRBW      COGPGSBW      WASDGT        DEMAGE        DEMMAL
              ________      ________      ________      ________      ________
 CANEVRBW           0
 COGPGSBW           0             0
 WASDGT             0             0             9
 DEMAGE             0             0             0            10
 DEMMAL             0             0             0             0            11
 CANEVR             0             0             0            12            13
 COGPGS             0             0             0             0             0
 PC1BW              0             0             0             0             0
 PC2BW              0             0             0             0             0
 PC3BW              0             0             0             0             0
 PC4BW              0             0             0             0             0
 PC5BW              0             0             0             0             0


           PSI
              CANEVR        COGPGS        PC1BW         PC2BW         PC3BW
              ________      ________      ________      ________      ________
 CANEVR            14
 COGPGS            15            16
 PC1BW              0             0             0
 PC2BW              0             0             0             0
 PC3BW              0             0             0             0             0
 PC4BW              0             0             0             0             0
 PC5BW              0             0             0             0             0


           PSI
              PC4BW         PC5BW
              ________      ________
 PC4BW              0
 PC5BW              0             0


     PARAMETER SPECIFICATION FOR BETWEEN


           NU
              CANEVRBW      COGPGSBW      WASDGT        DEMAGE        DEMMAL
              ________      ________      ________      ________      ________
 1                  0             0             0             0             0


           NU
              CANEVR        COGPGS        PC1BW         PC2BW         PC3BW
              ________      ________      ________      ________      ________
 1                  0             0             0             0             0


           NU
              PC4BW         PC5BW
              ________      ________
 1                  0             0


           LAMBDA
              CANEVRBW      COGPGSBW      WASDGT        DEMAGE        DEMMAL
              ________      ________      ________      ________      ________
 CANEVRBW           0             0             0             0             0
 COGPGSBW           0             0             0             0             0
 WASDGT             0             0             0             0             0
 DEMAGE             0             0             0             0             0
 DEMMAL             0             0             0             0             0
 CANEVR             0             0             0             0             0
 COGPGS             0             0             0             0             0
 PC1BW              0             0             0             0             0
 PC2BW              0             0             0             0             0
 PC3BW              0             0             0             0             0
 PC4BW              0             0             0             0             0
 PC5BW              0             0             0             0             0


           LAMBDA
              CANEVR        COGPGS        PC1BW         PC2BW         PC3BW
              ________      ________      ________      ________      ________
 CANEVRBW           0             0             0             0             0
 COGPGSBW           0             0             0             0             0
 WASDGT             0             0             0             0             0
 DEMAGE             0             0             0             0             0
 DEMMAL             0             0             0             0             0
 CANEVR             0             0             0             0             0
 COGPGS             0             0             0             0             0
 PC1BW              0             0             0             0             0
 PC2BW              0             0             0             0             0
 PC3BW              0             0             0             0             0
 PC4BW              0             0             0             0             0
 PC5BW              0             0             0             0             0


           LAMBDA
              PC4BW         PC5BW
              ________      ________
 CANEVRBW           0             0
 COGPGSBW           0             0
 WASDGT             0             0
 DEMAGE             0             0
 DEMMAL             0             0
 CANEVR             0             0
 COGPGS             0             0
 PC1BW              0             0
 PC2BW              0             0
 PC3BW              0             0
 PC4BW              0             0
 PC5BW              0             0


           THETA
              CANEVRBW      COGPGSBW      WASDGT        DEMAGE        DEMMAL
              ________      ________      ________      ________      ________
 CANEVRBW           0
 COGPGSBW           0             0
 WASDGT             0             0             0
 DEMAGE             0             0             0             0
 DEMMAL             0             0             0             0             0
 CANEVR             0             0             0             0             0
 COGPGS             0             0             0             0             0
 PC1BW              0             0             0             0             0
 PC2BW              0             0             0             0             0
 PC3BW              0             0             0             0             0
 PC4BW              0             0             0             0             0
 PC5BW              0             0             0             0             0


           THETA
              CANEVR        COGPGS        PC1BW         PC2BW         PC3BW
              ________      ________      ________      ________      ________
 CANEVR             0
 COGPGS             0             0
 PC1BW              0             0             0
 PC2BW              0             0             0             0
 PC3BW              0             0             0             0             0
 PC4BW              0             0             0             0             0
 PC5BW              0             0             0             0             0


           THETA
              PC4BW         PC5BW
              ________      ________
 PC4BW              0
 PC5BW              0             0


           ALPHA
              CANEVRBW      COGPGSBW      WASDGT        DEMAGE        DEMMAL
              ________      ________      ________      ________      ________
 1                 17            18            19             0             0


           ALPHA
              CANEVR        COGPGS        PC1BW         PC2BW         PC3BW
              ________      ________      ________      ________      ________
 1                  0             0             0             0             0


           ALPHA
              PC4BW         PC5BW
              ________      ________
 1                  0             0


           BETA
              CANEVRBW      COGPGSBW      WASDGT        DEMAGE        DEMMAL
              ________      ________      ________      ________      ________
 CANEVRBW           0             0             0             0             0
 COGPGSBW           0             0             0             0             0
 WASDGT            20            21             0             0             0
 DEMAGE             0             0             0             0             0
 DEMMAL             0             0             0             0             0
 CANEVR             0             0             0             0             0
 COGPGS             0             0             0             0             0
 PC1BW              0             0             0             0             0
 PC2BW              0             0             0             0             0
 PC3BW              0             0             0             0             0
 PC4BW              0             0             0             0             0
 PC5BW              0             0             0             0             0


           BETA
              CANEVR        COGPGS        PC1BW         PC2BW         PC3BW
              ________      ________      ________      ________      ________
 CANEVRBW           0             0             0             0             0
 COGPGSBW           0             0             0             0             0
 WASDGT             0             0            22            23            24
 DEMAGE             0             0             0             0             0
 DEMMAL             0             0             0             0             0
 CANEVR             0             0             0             0             0
 COGPGS             0             0             0             0             0
 PC1BW              0             0             0             0             0
 PC2BW              0             0             0             0             0
 PC3BW              0             0             0             0             0
 PC4BW              0             0             0             0             0
 PC5BW              0             0             0             0             0


           BETA
              PC4BW         PC5BW
              ________      ________
 CANEVRBW           0             0
 COGPGSBW           0             0
 WASDGT            25            26
 DEMAGE             0             0
 DEMMAL             0             0
 CANEVR             0             0
 COGPGS             0             0
 PC1BW              0             0
 PC2BW              0             0
 PC3BW              0             0
 PC4BW              0             0
 PC5BW              0             0


           PSI
              CANEVRBW      COGPGSBW      WASDGT        DEMAGE        DEMMAL
              ________      ________      ________      ________      ________
 CANEVRBW          27
 COGPGSBW          28            29
 WASDGT             0             0            30
 DEMAGE             0             0             0             0
 DEMMAL             0             0             0             0             0
 CANEVR             0             0             0             0             0
 COGPGS             0             0             0             0             0
 PC1BW              0             0             0             0             0
 PC2BW              0             0             0             0             0
 PC3BW              0             0             0             0             0
 PC4BW              0             0             0             0             0
 PC5BW              0             0             0             0             0


           PSI
              CANEVR        COGPGS        PC1BW         PC2BW         PC3BW
              ________      ________      ________      ________      ________
 CANEVR             0
 COGPGS             0             0
 PC1BW              0             0             0
 PC2BW              0             0             0             0
 PC3BW              0             0             0             0             0
 PC4BW              0             0             0             0             0
 PC5BW              0             0             0             0             0


           PSI
              PC4BW         PC5BW
              ________      ________
 PC4BW              0
 PC5BW              0             0


     STARTING VALUES FOR WITHIN


           NU
              CANEVRBW      COGPGSBW      WASDGT        DEMAGE        DEMMAL
              ________      ________      ________      ________      ________
 1              0.000         0.000         0.000         0.000         0.000


           NU
              CANEVR        COGPGS        PC1BW         PC2BW         PC3BW
              ________      ________      ________      ________      ________
 1              0.000         0.000         0.000         0.000         0.000


           NU
              PC4BW         PC5BW
              ________      ________
 1              0.000         0.000


           LAMBDA
              CANEVRBW      COGPGSBW      WASDGT        DEMAGE        DEMMAL
              ________      ________      ________      ________      ________
 CANEVRBW       1.000         0.000         0.000         0.000         0.000
 COGPGSBW       0.000         1.000         0.000         0.000         0.000
 WASDGT         0.000         0.000         1.000         0.000         0.000
 DEMAGE         0.000         0.000         0.000         1.000         0.000
 DEMMAL         0.000         0.000         0.000         0.000         1.000
 CANEVR         0.000         0.000         0.000         0.000         0.000
 COGPGS         0.000         0.000         0.000         0.000         0.000
 PC1BW          0.000         0.000         0.000         0.000         0.000
 PC2BW          0.000         0.000         0.000         0.000         0.000
 PC3BW          0.000         0.000         0.000         0.000         0.000
 PC4BW          0.000         0.000         0.000         0.000         0.000
 PC5BW          0.000         0.000         0.000         0.000         0.000


           LAMBDA
              CANEVR        COGPGS        PC1BW         PC2BW         PC3BW
              ________      ________      ________      ________      ________
 CANEVRBW       0.000         0.000         0.000         0.000         0.000
 COGPGSBW       0.000         0.000         0.000         0.000         0.000
 WASDGT         0.000         0.000         0.000         0.000         0.000
 DEMAGE         0.000         0.000         0.000         0.000         0.000
 DEMMAL         0.000         0.000         0.000         0.000         0.000
 CANEVR         1.000         0.000         0.000         0.000         0.000
 COGPGS         0.000         1.000         0.000         0.000         0.000
 PC1BW          0.000         0.000         1.000         0.000         0.000
 PC2BW          0.000         0.000         0.000         1.000         0.000
 PC3BW          0.000         0.000         0.000         0.000         1.000
 PC4BW          0.000         0.000         0.000         0.000         0.000
 PC5BW          0.000         0.000         0.000         0.000         0.000


           LAMBDA
              PC4BW         PC5BW
              ________      ________
 CANEVRBW       0.000         0.000
 COGPGSBW       0.000         0.000
 WASDGT         0.000         0.000
 DEMAGE         0.000         0.000
 DEMMAL         0.000         0.000
 CANEVR         0.000         0.000
 COGPGS         0.000         0.000
 PC1BW          0.000         0.000
 PC2BW          0.000         0.000
 PC3BW          0.000         0.000
 PC4BW          1.000         0.000
 PC5BW          0.000         1.000


           THETA
              CANEVRBW      COGPGSBW      WASDGT        DEMAGE        DEMMAL
              ________      ________      ________      ________      ________
 CANEVRBW       0.000
 COGPGSBW       0.000         0.000
 WASDGT         0.000         0.000         0.000
 DEMAGE         0.000         0.000         0.000         0.000
 DEMMAL         0.000         0.000         0.000         0.000         0.000
 CANEVR         0.000         0.000         0.000         0.000         0.000
 COGPGS         0.000         0.000         0.000         0.000         0.000
 PC1BW          0.000         0.000         0.000         0.000         0.000
 PC2BW          0.000         0.000         0.000         0.000         0.000
 PC3BW          0.000         0.000         0.000         0.000         0.000
 PC4BW          0.000         0.000         0.000         0.000         0.000
 PC5BW          0.000         0.000         0.000         0.000         0.000


           THETA
              CANEVR        COGPGS        PC1BW         PC2BW         PC3BW
              ________      ________      ________      ________      ________
 CANEVR         0.000
 COGPGS         0.000         0.000
 PC1BW          0.000         0.000         0.000
 PC2BW          0.000         0.000         0.000         0.000
 PC3BW          0.000         0.000         0.000         0.000         0.000
 PC4BW          0.000         0.000         0.000         0.000         0.000
 PC5BW          0.000         0.000         0.000         0.000         0.000


           THETA
              PC4BW         PC5BW
              ________      ________
 PC4BW          0.000
 PC5BW          0.000         0.000


           ALPHA
              CANEVRBW      COGPGSBW      WASDGT        DEMAGE        DEMMAL
              ________      ________      ________      ________      ________
 1              0.000         0.000         0.000         0.000         0.000


           ALPHA
              CANEVR        COGPGS        PC1BW         PC2BW         PC3BW
              ________      ________      ________      ________      ________
 1              0.000         0.000         0.000         0.000         0.000


           ALPHA
              PC4BW         PC5BW
              ________      ________
 1              0.000         0.000


           BETA
              CANEVRBW      COGPGSBW      WASDGT        DEMAGE        DEMMAL
              ________      ________      ________      ________      ________
 CANEVRBW       0.000         0.000         0.000         0.000         0.000
 COGPGSBW       0.000         0.000         0.000         0.000         0.000
 WASDGT         0.000         0.000         0.000         0.000         0.000
 DEMAGE         0.000         0.000         0.000         0.000         0.000
 DEMMAL         0.000         0.000         0.000         0.000         0.000
 CANEVR         0.000         0.000         0.000         0.000         0.000
 COGPGS         0.000         0.000         0.000         0.000         0.000
 PC1BW          0.000         0.000         0.000         0.000         0.000
 PC2BW          0.000         0.000         0.000         0.000         0.000
 PC3BW          0.000         0.000         0.000         0.000         0.000
 PC4BW          0.000         0.000         0.000         0.000         0.000
 PC5BW          0.000         0.000         0.000         0.000         0.000


           BETA
              CANEVR        COGPGS        PC1BW         PC2BW         PC3BW
              ________      ________      ________      ________      ________
 CANEVRBW       0.000         0.000         0.000         0.000         0.000
 COGPGSBW       0.000         0.000         0.000         0.000         0.000
 WASDGT         0.000         0.000         0.000         0.000         0.000
 DEMAGE         0.000         0.000         0.000         0.000         0.000
 DEMMAL         0.000         0.000         0.000         0.000         0.000
 CANEVR         0.000         0.000         0.000         0.000         0.000
 COGPGS         0.000         0.000         0.000         0.000         0.000
 PC1BW          0.000         0.000         0.000         0.000         0.000
 PC2BW          0.000         0.000         0.000         0.000         0.000
 PC3BW          0.000         0.000         0.000         0.000         0.000
 PC4BW          0.000         0.000         0.000         0.000         0.000
 PC5BW          0.000         0.000         0.000         0.000         0.000


           BETA
              PC4BW         PC5BW
              ________      ________
 CANEVRBW       0.000         0.000
 COGPGSBW       0.000         0.000
 WASDGT         0.000         0.000
 DEMAGE         0.000         0.000
 DEMMAL         0.000         0.000
 CANEVR         0.000         0.000
 COGPGS         0.000         0.000
 PC1BW          0.000         0.000
 PC2BW          0.000         0.000
 PC3BW          0.000         0.000
 PC4BW          0.000         0.000
 PC5BW          0.000         0.000


           PSI
              CANEVRBW      COGPGSBW      WASDGT        DEMAGE        DEMMAL
              ________      ________      ________      ________      ________
 CANEVRBW       0.000
 COGPGSBW       0.000         0.000
 WASDGT         0.000         0.000         3.746
 DEMAGE         0.000         0.000         0.000         3.975
 DEMMAL         0.000         0.000         0.000         0.000         0.125
 CANEVR         0.000         0.000         0.000         0.000         0.000
 COGPGS         0.000         0.000         0.000         0.000         0.000
 PC1BW          0.000         0.000         0.000         0.000         0.000
 PC2BW          0.000         0.000         0.000         0.000         0.000
 PC3BW          0.000         0.000         0.000         0.000         0.000
 PC4BW          0.000         0.000         0.000         0.000         0.000
 PC5BW          0.000         0.000         0.000         0.000         0.000


           PSI
              CANEVR        COGPGS        PC1BW         PC2BW         PC3BW
              ________      ________      ________      ________      ________
 CANEVR         0.018
 COGPGS         0.000         0.009
 PC1BW          0.000         0.000         0.000
 PC2BW          0.000         0.000         0.000         0.000
 PC3BW          0.000         0.000         0.000         0.000         0.000
 PC4BW          0.000         0.000         0.000         0.000         0.000
 PC5BW          0.000         0.000         0.000         0.000         0.000


           PSI
              PC4BW         PC5BW
              ________      ________
 PC4BW          0.000
 PC5BW          0.000         0.000


     STARTING VALUES FOR BETWEEN


           NU
              CANEVRBW      COGPGSBW      WASDGT        DEMAGE        DEMMAL
              ________      ________      ________      ________      ________
 1              0.000         0.000         0.000         0.000         0.000


           NU
              CANEVR        COGPGS        PC1BW         PC2BW         PC3BW
              ________      ________      ________      ________      ________
 1              0.000         0.000         0.000         0.000         0.000


           NU
              PC4BW         PC5BW
              ________      ________
 1              0.000         0.000


           LAMBDA
              CANEVRBW      COGPGSBW      WASDGT        DEMAGE        DEMMAL
              ________      ________      ________      ________      ________
 CANEVRBW       1.000         0.000         0.000         0.000         0.000
 COGPGSBW       0.000         1.000         0.000         0.000         0.000
 WASDGT         0.000         0.000         1.000         0.000         0.000
 DEMAGE         0.000         0.000         0.000         1.000         0.000
 DEMMAL         0.000         0.000         0.000         0.000         1.000
 CANEVR         0.000         0.000         0.000         0.000         0.000
 COGPGS         0.000         0.000         0.000         0.000         0.000
 PC1BW          0.000         0.000         0.000         0.000         0.000
 PC2BW          0.000         0.000         0.000         0.000         0.000
 PC3BW          0.000         0.000         0.000         0.000         0.000
 PC4BW          0.000         0.000         0.000         0.000         0.000
 PC5BW          0.000         0.000         0.000         0.000         0.000


           LAMBDA
              CANEVR        COGPGS        PC1BW         PC2BW         PC3BW
              ________      ________      ________      ________      ________
 CANEVRBW       0.000         0.000         0.000         0.000         0.000
 COGPGSBW       0.000         0.000         0.000         0.000         0.000
 WASDGT         0.000         0.000         0.000         0.000         0.000
 DEMAGE         0.000         0.000         0.000         0.000         0.000
 DEMMAL         0.000         0.000         0.000         0.000         0.000
 CANEVR         1.000         0.000         0.000         0.000         0.000
 COGPGS         0.000         1.000         0.000         0.000         0.000
 PC1BW          0.000         0.000         1.000         0.000         0.000
 PC2BW          0.000         0.000         0.000         1.000         0.000
 PC3BW          0.000         0.000         0.000         0.000         1.000
 PC4BW          0.000         0.000         0.000         0.000         0.000
 PC5BW          0.000         0.000         0.000         0.000         0.000


           LAMBDA
              PC4BW         PC5BW
              ________      ________
 CANEVRBW       0.000         0.000
 COGPGSBW       0.000         0.000
 WASDGT         0.000         0.000
 DEMAGE         0.000         0.000
 DEMMAL         0.000         0.000
 CANEVR         0.000         0.000
 COGPGS         0.000         0.000
 PC1BW          0.000         0.000
 PC2BW          0.000         0.000
 PC3BW          0.000         0.000
 PC4BW          1.000         0.000
 PC5BW          0.000         1.000


           THETA
              CANEVRBW      COGPGSBW      WASDGT        DEMAGE        DEMMAL
              ________      ________      ________      ________      ________
 CANEVRBW       0.000
 COGPGSBW       0.000         0.000
 WASDGT         0.000         0.000         0.000
 DEMAGE         0.000         0.000         0.000         0.000
 DEMMAL         0.000         0.000         0.000         0.000         0.000
 CANEVR         0.000         0.000         0.000         0.000         0.000
 COGPGS         0.000         0.000         0.000         0.000         0.000
 PC1BW          0.000         0.000         0.000         0.000         0.000
 PC2BW          0.000         0.000         0.000         0.000         0.000
 PC3BW          0.000         0.000         0.000         0.000         0.000
 PC4BW          0.000         0.000         0.000         0.000         0.000
 PC5BW          0.000         0.000         0.000         0.000         0.000


           THETA
              CANEVR        COGPGS        PC1BW         PC2BW         PC3BW
              ________      ________      ________      ________      ________
 CANEVR         0.000
 COGPGS         0.000         0.000
 PC1BW          0.000         0.000         0.000
 PC2BW          0.000         0.000         0.000         0.000
 PC3BW          0.000         0.000         0.000         0.000         0.000
 PC4BW          0.000         0.000         0.000         0.000         0.000
 PC5BW          0.000         0.000         0.000         0.000         0.000


           THETA
              PC4BW         PC5BW
              ________      ________
 PC4BW          0.000
 PC5BW          0.000         0.000


           ALPHA
              CANEVRBW      COGPGSBW      WASDGT        DEMAGE        DEMMAL
              ________      ________      ________      ________      ________
 1              0.000         0.000        10.165         0.000         0.000


           ALPHA
              CANEVR        COGPGS        PC1BW         PC2BW         PC3BW
              ________      ________      ________      ________      ________
 1              0.000         0.000         0.000         0.000         0.000


           ALPHA
              PC4BW         PC5BW
              ________      ________
 1              0.000         0.000


           BETA
              CANEVRBW      COGPGSBW      WASDGT        DEMAGE        DEMMAL
              ________      ________      ________      ________      ________
 CANEVRBW       0.000         0.000         0.000         0.000         0.000
 COGPGSBW       0.000         0.000         0.000         0.000         0.000
 WASDGT         0.000         0.000         0.000         0.000         0.000
 DEMAGE         0.000         0.000         0.000         0.000         0.000
 DEMMAL         0.000         0.000         0.000         0.000         0.000
 CANEVR         0.000         0.000         0.000         0.000         0.000
 COGPGS         0.000         0.000         0.000         0.000         0.000
 PC1BW          0.000         0.000         0.000         0.000         0.000
 PC2BW          0.000         0.000         0.000         0.000         0.000
 PC3BW          0.000         0.000         0.000         0.000         0.000
 PC4BW          0.000         0.000         0.000         0.000         0.000
 PC5BW          0.000         0.000         0.000         0.000         0.000


           BETA
              CANEVR        COGPGS        PC1BW         PC2BW         PC3BW
              ________      ________      ________      ________      ________
 CANEVRBW       0.000         0.000         0.000         0.000         0.000
 COGPGSBW       0.000         0.000         0.000         0.000         0.000
 WASDGT         0.000         0.000         0.000         0.000         0.000
 DEMAGE         0.000         0.000         0.000         0.000         0.000
 DEMMAL         0.000         0.000         0.000         0.000         0.000
 CANEVR         0.000         0.000         0.000         0.000         0.000
 COGPGS         0.000         0.000         0.000         0.000         0.000
 PC1BW          0.000         0.000         0.000         0.000         0.000
 PC2BW          0.000         0.000         0.000         0.000         0.000
 PC3BW          0.000         0.000         0.000         0.000         0.000
 PC4BW          0.000         0.000         0.000         0.000         0.000
 PC5BW          0.000         0.000         0.000         0.000         0.000


           BETA
              PC4BW         PC5BW
              ________      ________
 CANEVRBW       0.000         0.000
 COGPGSBW       0.000         0.000
 WASDGT         0.000         0.000
 DEMAGE         0.000         0.000
 DEMMAL         0.000         0.000
 CANEVR         0.000         0.000
 COGPGS         0.000         0.000
 PC1BW          0.000         0.000
 PC2BW          0.000         0.000
 PC3BW          0.000         0.000
 PC4BW          0.000         0.000
 PC5BW          0.000         0.000


           PSI
              CANEVRBW      COGPGSBW      WASDGT        DEMAGE        DEMMAL
              ________      ________      ________      ________      ________
 CANEVRBW       0.016
 COGPGSBW       0.000         0.055
 WASDGT         0.000         0.000         3.746
 DEMAGE         0.000         0.000         0.000         0.000
 DEMMAL         0.000         0.000         0.000         0.000         0.000
 CANEVR         0.000         0.000         0.000         0.000         0.000
 COGPGS         0.000         0.000         0.000         0.000         0.000
 PC1BW          0.000         0.000         0.000         0.000         0.000
 PC2BW          0.000         0.000         0.000         0.000         0.000
 PC3BW          0.000         0.000         0.000         0.000         0.000
 PC4BW          0.000         0.000         0.000         0.000         0.000
 PC5BW          0.000         0.000         0.000         0.000         0.000


           PSI
              CANEVR        COGPGS        PC1BW         PC2BW         PC3BW
              ________      ________      ________      ________      ________
 CANEVR         0.000
 COGPGS         0.000         0.000
 PC1BW          0.000         0.000         0.001
 PC2BW          0.000         0.000         0.000         0.001
 PC3BW          0.000         0.000         0.000         0.000         0.000
 PC4BW          0.000         0.000         0.000         0.000         0.000
 PC5BW          0.000         0.000         0.000         0.000         0.000


           PSI
              PC4BW         PC5BW
              ________      ________
 PC4BW          0.001
 PC5BW          0.000         0.001


SAMPLE STATISTICS FOR ESTIMATED FACTOR SCORES


     SAMPLE STATISTICS


           Means
              B_WASDGT
              ________
 1             10.197


           Covariances
              B_WASDGT
              ________
 B_WASDGT       2.238


           Correlations
              B_WASDGT
              ________
 B_WASDGT       1.000


PLOT INFORMATION

The following plots are available:

  Histograms (sample values)
  Scatterplots (sample values)

     Beginning Time:  12:53:48
        Ending Time:  12:53:49
       Elapsed Time:  00:00:01



MUTHEN & MUTHEN
3463 Stoner Ave.
Los Angeles, CA  90066

Tel: (310) 391-9971
Fax: (310) 391-8971
Web: www.StatModel.com
Support: Support@StatModel.com

Copyright (c) 1998-2015 Muthen & Muthen
