Mplus VERSION 7.4 (Mac)
MUTHEN & MUTHEN
07/30/2019  12:55 PM

INPUT INSTRUCTIONS


  TITLE: CANFLF_SRPWCR_1;

  DATA:
  	FILE = GD190618.csv;

  VARIABLE:
  	NAMES =
  			ID_Fam   Wave     ID_MPL
  			DEMMAL   DEMAGE   DEMHSP   DEMRAC
  			SRPWCR
  			WASVCB   WASBLK   WASDGT   WSISUM
  			TRLATS   TRLBTS
  			CVLASF   CVLASC   CVLALF   CVLALC
  			WASCOM   COGCOM   CVLCOM
  			CANEVR   CANONS   CANFLF
  			CANFTY   CANF6M   CANAC6
  			CANYRS
  			ALCEVR   ALCONS   ALCFLF
  			ALCFTY   ALCF6M   ALCAC6
  			ALCYRS
  			SRPWCRDt WASVCBDt WASBLKDt
  			WASDGTDt WSISUMDt TRLATSDt
  			TRLBTSDt CVLASFDt CVLASCDt
  			CVLALFDt CVLALCDt WASCOMDt
  			COGCOMDt CVLCOMDt
  			COGPGS
  			PC1 PC2 PC3 PC4 PC5 PC6
  		;
  	USEVARIABLES =
  		! outcome
  	  		SRPWCR
    		! covariates
  	  		DEMAGE
    			DEMMAL  		
    		! within predictor
    			CANFLF
    			COGPGS
    		! between predictor
    			CANFLFBW
    			COGPGSBW
    			PC1BW
    			PC2BW
    			PC3BW
    			PC4BW
    			PC5BW	
    		;
    	USEOBSERVATION =
    			(Wave EQ 1 AND SRPWCRDt EQ 1)
    		;
    	CLUSTER =
    			ID_Fam
    		;
    	MISSING = .;
    	BETWEEN =   		
    			CANFLFBW
    			COGPGSBW
    			PC1BW
    			PC2BW
    			PC3BW
    			PC4BW
    			PC5BW			
    		;
    	WITHIN  		
    			CANFLF
    			COGPGS
    			DEMAGE
    			DEMMAL
    		;  		

  DEFINE:
  	! CREATE BW FAM PREDICTOR
  		CANFLFBW = cluster_mean (CANFLF);	
  		COGPGSBW = cluster_mean (COGPGS);
  		PC1BW = cluster_mean (PC1);
  		PC2BW = cluster_mean (PC2);
  		PC3BW = cluster_mean (PC3);
  		PC4BW = cluster_mean (PC4);
  		PC5BW = cluster_mean (PC5);
  	! CENTER WI FAM VARIABLES
  		CENTER CANFLF (GROUPMEAN);
  		CENTER COGPGS (GROUPMEAN);
  		CENTER DEMMAL (GRANDMEAN);
  		CENTER DEMAGE (GRANDMEAN);
  	! CENTER BW FAM VARIABLES
  		CENTER CANFLFBW (GRANDMEAN);
  		CENTER COGPGSBW (GRANDMEAN);
  		CENTER PC1BW (GRANDMEAN);
  		CENTER PC2BW (GRANDMEAN);
  		CENTER PC3BW (GRANDMEAN);
  		CENTER PC4BW (GRANDMEAN);
  		CENTER PC5BW (GRANDMEAN);

  ANALYSIS:
          ITERATIONS = 1000000;
          TYPE = TWOLEVEL RANDOM;
          ALGORITHM = INTEGRATION;

  OUTPUT:
  	SAMPSTAT STDYX TECH1 CINT;

  MODEL:
  %WITHIN%
  	SRPWCR on CANFLF;
  	SRPWCR on  DEMMAL DEMAGE COGPGS;	
  	COGPGS*;
  	SRPWCR*;
  	CANFLF WITH DEMMAL*;
  	CANFLF WITH DEMAGE*;
  	CANFLF WITH COGPGS*;

  %BETWEEN%
  	SRPWCR on CANFLFBW COGPGSBW
  		 	    PC1BW PC2BW PC3BW PC4BW PC5BW;
  	COGPGSBW*;
  	SRPWCR*;
  	CANFLFBW WITH COGPGSBW*;

  PLOT:
  	TYPE = plot3;



*** WARNING
  Data set contains cases with missing on x-variables.
  These cases were not included in the analysis.
  Number of cases with missing on x-variables:  164
   1 WARNING(S) FOUND IN THE INPUT INSTRUCTIONS



CANFLF_SRPWCR_1;

SUMMARY OF ANALYSIS

Number of groups                                                 1
Number of observations                                        1048

Number of dependent variables                                    1
Number of independent variables                                 11
Number of continuous latent variables                            0

Observed dependent variables

  Continuous
   SRPWCR

Observed independent variables
   DEMAGE      DEMMAL      CANFLF      COGPGS      CANFLFBW    COGPGSBW
   PC1BW       PC2BW       PC3BW       PC4BW       PC5BW

Variables with special functions

  Cluster variable      ID_FAM

  Within variables
   DEMAGE      DEMMAL      CANFLF      COGPGS

  Between variables
   CANFLFBW    COGPGSBW    PC1BW       PC2BW       PC3BW       PC4BW
   PC5BW

  Centering (GRANDMEAN)
   DEMMAL      DEMAGE      CANFLFBW    COGPGSBW
   PC1BW       PC2BW       PC3BW       PC4BW       PC5BW

  Centering (GROUPMEAN)
   CANFLF      COGPGS


Estimator                                                      MLR
Information matrix                                        OBSERVED
Optimization Specifications for the Quasi-Newton Algorithm for
Continuous Outcomes
  Maximum number of iterations                             1000000
  Convergence criterion                                  0.100D-05
Optimization Specifications for the EM Algorithm
  Maximum number of iterations                                 500
  Convergence criteria
    Loglikelihood change                                 0.100D-02
    Relative loglikelihood change                        0.100D-05
    Derivative                                           0.100D-02
Optimization Specifications for the M step of the EM Algorithm for
Categorical Latent variables
  Number of M step iterations                                    1
  M step convergence criterion                           0.100D-02
  Basis for M step termination                           ITERATION
Optimization Specifications for the M step of the EM Algorithm for
Censored, Binary or Ordered Categorical (Ordinal), Unordered
Categorical (Nominal) and Count Outcomes
  Number of M step iterations                                    1
  M step convergence criterion                           0.100D-02
  Basis for M step termination                           ITERATION
  Maximum value for logit thresholds                            15
  Minimum value for logit thresholds                           -15
  Minimum expected cell size for chi-square              0.100D-01
Maximum number of iterations for H1                           2000
Convergence criterion for H1                             0.100D-03
Optimization algorithm                                         EMA
Integration Specifications
  Type                                                    STANDARD
  Number of integration points                                  15
  Dimensions of numerical integration                            0
  Adaptive quadrature                                           ON
Cholesky                                                       OFF

Input data file(s)
  GD190618.csv
Input data format  FREE


SUMMARY OF DATA

     Number of missing data patterns            12
     Number of clusters                        509



COVARIANCE COVERAGE OF DATA

Minimum covariance coverage value   0.100


     PROPORTION OF DATA PRESENT FOR Y


           Covariance Coverage
              CANFLFBW      COGPGSBW      SRPWCR        DEMAGE        DEMMAL
              ________      ________      ________      ________      ________
 CANFLFBW       0.905
 COGPGSBW       0.905         1.000
 SRPWCR         0.853         0.926         0.926
 DEMAGE         0.905         0.999         0.926         0.999
 DEMMAL         0.905         0.999         0.926         0.999         0.999
 CANFLF         0.854         0.854         0.812         0.854         0.854
 COGPGS         0.615         0.692         0.641         0.691         0.691
 PC1BW          0.905         1.000         0.926         0.999         0.999
 PC2BW          0.905         1.000         0.926         0.999         0.999
 PC3BW          0.905         1.000         0.926         0.999         0.999
 PC4BW          0.905         1.000         0.926         0.999         0.999
 PC5BW          0.905         1.000         0.926         0.999         0.999


           Covariance Coverage
              CANFLF        COGPGS        PC1BW         PC2BW         PC3BW
              ________      ________      ________      ________      ________
 CANFLF         0.854
 COGPGS         0.573         0.692
 PC1BW          0.854         0.692         1.000
 PC2BW          0.854         0.692         1.000         1.000
 PC3BW          0.854         0.692         1.000         1.000         1.000
 PC4BW          0.854         0.692         1.000         1.000         1.000
 PC5BW          0.854         0.692         1.000         1.000         1.000


           Covariance Coverage
              PC4BW         PC5BW
              ________      ________
 PC4BW          1.000
 PC5BW          1.000         1.000


SAMPLE STATISTICS


     ESTIMATED SAMPLE STATISTICS


           Means
              CANFLFBW      COGPGSBW      SRPWCR        DEMAGE        DEMMAL
              ________      ________      ________      ________      ________
 1              0.066         0.000         6.212         0.000         0.000


           Means
              CANFLF        COGPGS        PC1BW         PC2BW         PC3BW
              ________      ________      ________      ________      ________
 1              0.181        -0.001         0.000         0.000         0.000


           Means
              PC4BW         PC5BW
              ________      ________
 1              0.000         0.000


           Covariances
              CANFLFBW      COGPGSBW      SRPWCR        DEMAGE        DEMMAL
              ________      ________      ________      ________      ________
 CANFLFBW     406.465
 COGPGSBW       0.137         0.110
 SRPWCR        -3.996         0.149        72.768
 DEMAGE         1.419         0.052        -2.624         6.636
 DEMMAL         1.145         0.005         0.317        -0.181         0.234
 CANFLF        -3.679         0.003         8.068        -8.608         2.040
 COGPGS        -0.004         0.000         0.052        -0.009         0.003
 PC1BW          0.003        -0.003        -0.026         0.001        -0.001
 PC2BW         -0.018         0.000         0.006         0.005        -0.001
 PC3BW          0.003         0.000         0.040        -0.002         0.000
 PC4BW          0.028         0.001         0.015         0.003         0.001
 PC5BW          0.041         0.000         0.000         0.000         0.000


           Covariances
              CANFLF        COGPGS        PC1BW         PC2BW         PC3BW
              ________      ________      ________      ________      ________
 CANFLF       308.798
 COGPGS         0.046         0.019
 PC1BW          0.000         0.000         0.001
 PC2BW         -0.002         0.000         0.000         0.001
 PC3BW         -0.001         0.000         0.000         0.000         0.001
 PC4BW         -0.001         0.000         0.000         0.000         0.000
 PC5BW          0.000         0.000         0.000         0.000         0.000


           Covariances
              PC4BW         PC5BW
              ________      ________
 PC4BW          0.001
 PC5BW          0.000         0.001


           Correlations
              CANFLFBW      COGPGSBW      SRPWCR        DEMAGE        DEMMAL
              ________      ________      ________      ________      ________
 CANFLFBW       1.000
 COGPGSBW       0.021         1.000
 SRPWCR        -0.023         0.053         1.000
 DEMAGE         0.027         0.061        -0.119         1.000
 DEMMAL         0.117         0.028         0.077        -0.145         1.000
 CANFLF        -0.010         0.000         0.054        -0.190         0.240
 COGPGS        -0.002        -0.002         0.045        -0.027         0.045
 PC1BW          0.005        -0.257        -0.081         0.015        -0.053
 PC2BW         -0.024        -0.040         0.021         0.057        -0.049
 PC3BW          0.005         0.007         0.149        -0.027         0.026
 PC4BW          0.043         0.086         0.056         0.038         0.044
 PC5BW          0.066        -0.047        -0.001        -0.002         0.021


           Correlations
              CANFLF        COGPGS        PC1BW         PC2BW         PC3BW
              ________      ________      ________      ________      ________
 CANFLF         1.000
 COGPGS         0.019         1.000
 PC1BW         -0.001         0.001         1.000
 PC2BW         -0.003         0.002        -0.011         1.000
 PC3BW         -0.001         0.000         0.015         0.020         1.000
 PC4BW         -0.002         0.000        -0.011        -0.001        -0.036
 PC5BW          0.001         0.000         0.033        -0.007         0.008


           Correlations
              PC4BW         PC5BW
              ________      ________
 PC4BW          1.000
 PC5BW         -0.018         1.000


     MAXIMUM LOG-LIKELIHOOD VALUE FOR THE UNRESTRICTED (H1) MODEL IS -4105.406


UNIVARIATE SAMPLE STATISTICS


     UNIVARIATE HIGHER-ORDER MOMENT DESCRIPTIVE STATISTICS

         Variable/         Mean/     Skewness/   Minimum/ % with                Percentiles
        Sample Size      Variance    Kurtosis    Maximum  Min/Max      20%/60%    40%/80%    Median

     CANFLFBW              1.791      -0.713     -39.550    6.14%      -9.550     -5.800      5.450
             456.000     396.322      -0.607      20.450   43.64%      20.450     20.450
     COGPGSBW             -0.004       0.211      -1.036    0.20%      -0.297     -0.087     -0.015
             509.000       0.118       0.618       1.221    0.20%       0.063      0.272
     SRPWCR                6.177       0.273     -25.000    0.10%       0.000      4.000      6.000
             970.000      72.375       2.320      56.000    0.10%       8.000     13.000
     DEMAGE                0.000       1.534      -3.934    0.10%      -1.994     -1.084     -0.554
            1047.000       6.636       3.692      16.036    0.10%      -0.014      1.616
     DEMMAL                0.000      -0.519      -0.626   37.44%      -0.626      0.374      0.374
            1047.000       0.234      -1.731       0.374   62.56%       0.374      0.374
     CANFLF                0.000      -0.137     -45.000    0.11%     -15.000      0.000      0.000
             895.000     308.446      -0.256      40.000    0.11%       0.000     15.000
     COGPGS                0.000      -0.047      -0.505    0.14%      -0.057      0.000      0.000
             725.000       0.019       2.435       0.604    0.14%       0.000      0.064
     PC1BW                 0.001       2.495      -0.020    0.20%      -0.019     -0.016     -0.013
             509.000       0.001       4.854       0.136    0.20%      -0.009     -0.004
     PC2BW                -0.001       0.940      -0.037    0.20%      -0.031     -0.027     -0.017
             509.000       0.001      -0.192       0.131    0.20%      -0.003      0.036
     PC3BW                -0.001      13.736      -0.119    0.20%      -0.005     -0.002      0.000
             509.000       0.001     278.766       0.457    0.20%       0.001      0.005
     PC4BW                -0.001       5.807      -0.094    0.20%      -0.009     -0.006     -0.004
             509.000       0.001      41.478       0.284    0.20%      -0.003      0.000
     PC5BW                 0.000     -17.848      -0.544    0.20%      -0.002      0.000      0.000
             509.000       0.001     375.092       0.110    0.20%       0.001      0.004

     THE STANDARD ERRORS OF THE MODEL PARAMETER ESTIMATES MAY NOT BE
     TRUSTWORTHY FOR SOME PARAMETERS DUE TO A NON-POSITIVE DEFINITE
     FIRST-ORDER DERIVATIVE PRODUCT MATRIX.  THIS MAY BE DUE TO THE STARTING
     VALUES BUT MAY ALSO BE AN INDICATION OF MODEL NONIDENTIFICATION.  THE
     CONDITION NUMBER IS       0.711D-16.  PROBLEM INVOLVING THE FOLLOWING PARAMETER:
     Parameter 14, %WITHIN%: CANFLF


THE MODEL ESTIMATION TERMINATED NORMALLY



MODEL FIT INFORMATION

Number of Free Parameters                       30

Loglikelihood

          H0 Value                      -12202.535
          H0 Scaling Correction Factor      1.0703
            for MLR

Information Criteria

          Akaike (AIC)                   24465.070
          Bayesian (BIC)                 24613.709
          Sample-Size Adjusted BIC       24518.425
            (n* = (n + 2) / 24)



MODEL RESULTS

                                                    Two-Tailed
                    Estimate       S.E.  Est./S.E.    P-Value

Within Level

 SRPWCR     ON
    CANFLF             0.011      0.016      0.700      0.484
    DEMMAL             0.832      0.571      1.456      0.146
    DEMAGE            -0.368      0.106     -3.466      0.001
    COGPGS             2.360      2.578      0.915      0.360

 CANFLF   WITH
    DEMMAL             1.839      0.285      6.462      0.000
    DEMAGE            -7.154      1.608     -4.448      0.000
    COGPGS             0.007      0.129      0.058      0.954

 Means
    DEMAGE             0.000      0.082      0.000      1.000
    DEMMAL             0.000      0.016      0.000      1.000
    CANFLF             0.161      0.072      2.226      0.026
    COGPGS             0.000      0.001     -0.118      0.906

 Variances
    DEMAGE             6.636      0.487     13.634      0.000
    DEMMAL             0.234      0.004     58.409      0.000
    CANFLF           305.550     17.483     17.476      0.000
    COGPGS             0.019      0.002      9.755      0.000

 Residual Variances
    SRPWCR            62.139      4.857     12.794      0.000

Between Level

 SRPWCR     ON
    CANFLFBW          -0.012      0.014     -0.870      0.384
    COGPGSBW           0.982      0.896      1.096      0.273
    PC1BW            -16.005      9.583     -1.670      0.095
    PC2BW              5.837      7.225      0.808      0.419
    PC3BW             40.251      2.146     18.757      0.000
    PC4BW             15.912      4.263      3.732      0.000
    PC5BW              1.173      3.027      0.387      0.698

 CANFLFBW WITH
    COGPGSBW           0.116      0.309      0.377      0.706

 Means
    CANFLFBW           1.799      0.932      1.929      0.054
    COGPGSBW          -0.004      0.015     -0.240      0.811

 Intercepts
    SRPWCR             6.214      0.280     22.174      0.000

 Variances
    CANFLFBW         396.310     21.902     18.094      0.000
    COGPGSBW           0.118      0.008     13.944      0.000

 Residual Variances
    SRPWCR             6.862      3.061      2.242      0.025


STANDARDIZED MODEL RESULTS


STDYX Standardization

                                                    Two-Tailed
                    Estimate       S.E.  Est./S.E.    P-Value

Within Level

 SRPWCR     ON
    CANFLF             0.024      0.034      0.699      0.485
    DEMMAL             0.051      0.034      1.466      0.143
    DEMAGE            -0.119      0.033     -3.615      0.000
    COGPGS             0.041      0.044      0.918      0.359

 CANFLF   WITH
    DEMMAL             0.217      0.032      6.844      0.000
    DEMAGE            -0.159      0.034     -4.652      0.000
    COGPGS             0.003      0.054      0.058      0.954

 Means
    DEMAGE             0.000      0.032      0.000      1.000
    DEMMAL             0.000      0.033      0.000      1.000
    CANFLF             0.009      0.004      2.231      0.026
    COGPGS            -0.001      0.008     -0.118      0.906

 Variances
    DEMAGE             1.000      0.000    999.000    999.000
    DEMMAL             1.000      0.000    999.000    999.000
    CANFLF             1.000      0.000    999.000    999.000
    COGPGS             1.000      0.000    999.000    999.000

 Residual Variances
    SRPWCR             0.980      0.009    113.693      0.000

Between Level

 SRPWCR     ON
    CANFLFBW          -0.082      0.094     -0.875      0.382
    COGPGSBW           0.117      0.106      1.104      0.270
    PC1BW             -0.208      0.133     -1.569      0.117
    PC2BW              0.072      0.090      0.797      0.426
    PC3BW              0.328      0.062      5.300      0.000
    PC4BW              0.158      0.052      3.006      0.003
    PC5BW              0.011      0.027      0.386      0.699

 CANFLFBW WITH
    COGPGSBW           0.017      0.045      0.377      0.706

 Means
    CANFLFBW           0.090      0.048      1.867      0.062
    COGPGSBW          -0.011      0.044     -0.239      0.811

 Intercepts
    SRPWCR             2.150      0.397      5.413      0.000

 Variances
    CANFLFBW           1.000      0.000    999.000    999.000
    COGPGSBW           1.000      0.000    999.000    999.000

 Residual Variances
    SRPWCR             0.821      0.084      9.801      0.000


R-SQUARE

Within Level

    Observed                                        Two-Tailed
    Variable        Estimate       S.E.  Est./S.E.    P-Value

    SRPWCR             0.020      0.009      2.366      0.018

Between Level

    Observed                                        Two-Tailed
    Variable        Estimate       S.E.  Est./S.E.    P-Value

    SRPWCR             0.179      0.084      2.134      0.033


QUALITY OF NUMERICAL RESULTS

     Condition Number for the Information Matrix              0.711E-16
       (ratio of smallest to largest eigenvalue)


CONFIDENCE INTERVALS OF MODEL RESULTS

                  Lower .5%  Lower 2.5%    Lower 5%    Estimate    Upper 5%  Upper 2.5%   Upper .5%

Within Level

 SRPWCR   ON
    CANFLF          -0.029      -0.020      -0.015       0.011       0.037       0.041       0.051
    DEMMAL          -0.640      -0.288      -0.108       0.832       1.771       1.951       2.303
    DEMAGE          -0.642      -0.576      -0.543      -0.368      -0.193      -0.160      -0.095
    COGPGS          -4.281      -2.693      -1.881       2.360       6.601       7.413       9.001

 CANFLF   WITH
    DEMMAL           1.106       1.281       1.371       1.839       2.307       2.397       2.572
    DEMAGE         -11.297     -10.307      -9.800      -7.154      -4.508      -4.002      -3.011
    COGPGS          -0.325      -0.246      -0.205       0.007       0.220       0.261       0.340

 Means
    DEMAGE          -0.212      -0.161      -0.135       0.000       0.135       0.161       0.212
    DEMMAL          -0.041      -0.031      -0.026       0.000       0.026       0.031       0.041
    CANFLF          -0.025       0.019       0.042       0.161       0.279       0.302       0.346
    COGPGS          -0.003      -0.002      -0.002       0.000       0.002       0.002       0.003

 Variances
    DEMAGE           5.382       5.682       5.835       6.636       7.436       7.590       7.890
    DEMMAL           0.224       0.226       0.228       0.234       0.241       0.242       0.245
    CANFLF         260.516     271.282     276.789     305.550     334.310     339.817     350.584
    COGPGS           0.014       0.015       0.016       0.019       0.022       0.022       0.024

 Residual Variances
    SRPWCR          49.628      52.619      54.149      62.139      70.129      71.659      74.650

Between Level

 SRPWCR   ON
    CANFLFBW        -0.047      -0.039      -0.034      -0.012       0.011       0.015       0.023
    COGPGSBW        -1.326      -0.774      -0.492       0.982       2.456       2.738       3.290
    PC1BW          -40.690     -34.788     -31.769     -16.005      -0.241       2.778       8.680
    PC2BW          -12.772      -8.323      -6.048       5.837      17.722      19.997      24.446
    PC3BW           34.723      36.045      36.721      40.251      43.781      44.457      45.778
    PC4BW            4.931       7.556       8.899      15.912      22.924      24.267      26.893
    PC5BW           -6.625      -4.761      -3.807       1.173       6.153       7.106       8.970

 CANFLFBW WITH
    COGPGSBW        -0.679      -0.489      -0.392       0.116       0.624       0.722       0.912

 Means
    CANFLFBW        -0.603      -0.029       0.265       1.799       3.332       3.626       4.200
    COGPGSBW        -0.043      -0.034      -0.029      -0.004       0.021       0.026       0.036

 Intercepts
    SRPWCR           5.492       5.665       5.753       6.214       6.675       6.764       6.936

 Variances
    CANFLFBW       339.893     353.381     360.280     396.310     432.339     439.239     452.726
    COGPGSBW         0.096       0.102       0.104       0.118       0.132       0.135       0.140

 Residual Variances
    SRPWCR          -1.023       0.862       1.827       6.862      11.897      12.861      14.746


CONFIDENCE INTERVALS OF STANDARDIZED MODEL RESULTS


STDYX Standardization

                  Lower .5%  Lower 2.5%    Lower 5%    Estimate    Upper 5%  Upper 2.5%   Upper .5%

Within Level

 SRPWCR   ON
    CANFLF          -0.064      -0.043      -0.032       0.024       0.080       0.091       0.112
    DEMMAL          -0.038      -0.017      -0.006       0.051       0.107       0.118       0.139
    DEMAGE          -0.204      -0.184      -0.173      -0.119      -0.065      -0.055      -0.034
    COGPGS          -0.073      -0.046      -0.032       0.041       0.113       0.127       0.154

 CANFLF   WITH
    DEMMAL           0.136       0.155       0.165       0.217       0.270       0.280       0.299
    DEMAGE          -0.247      -0.226      -0.215      -0.159      -0.103      -0.092      -0.071
    COGPGS          -0.136      -0.103      -0.086       0.003       0.092       0.109       0.142

 Means
    DEMAGE          -0.082      -0.063      -0.053       0.000       0.053       0.063       0.082
    DEMMAL          -0.085      -0.065      -0.054       0.000       0.054       0.065       0.085
    CANFLF          -0.001       0.001       0.002       0.009       0.016       0.017       0.020
    COGPGS          -0.022      -0.017      -0.014      -0.001       0.012       0.015       0.020

 Variances
    DEMAGE           1.000       1.000       1.000       1.000       1.000       1.000       1.000
    DEMMAL           1.000       1.000       1.000       1.000       1.000       1.000       1.000
    CANFLF           1.000       1.000       1.000       1.000       1.000       1.000       1.000
    COGPGS           1.000       1.000       1.000       1.000       1.000       1.000       1.000

 Residual Variances
    SRPWCR           0.957       0.963       0.965       0.980       0.994       0.997       1.002

Between Level

 SRPWCR   ON
    CANFLFBW        -0.324      -0.266      -0.237      -0.082       0.072       0.102       0.160
    COGPGSBW        -0.156      -0.091      -0.057       0.117       0.291       0.324       0.389
    PC1BW           -0.549      -0.468      -0.426      -0.208       0.010       0.052       0.133
    PC2BW           -0.161      -0.105      -0.077       0.072       0.220       0.249       0.304
    PC3BW            0.169       0.207       0.226       0.328       0.430       0.450       0.488
    PC4BW            0.023       0.055       0.071       0.158       0.244       0.260       0.292
    PC5BW           -0.060      -0.043      -0.034       0.011       0.056       0.064       0.081

 CANFLFBW WITH
    COGPGSBW        -0.099      -0.071      -0.057       0.017       0.091       0.105       0.133

 Means
    CANFLFBW        -0.034      -0.004       0.011       0.090       0.170       0.185       0.215
    COGPGSBW        -0.125      -0.098      -0.084      -0.011       0.062       0.076       0.104

 Intercepts
    SRPWCR           1.127       1.371       1.496       2.150       2.803       2.928       3.173

 Variances
    CANFLFBW         1.000       1.000       1.000       1.000       1.000       1.000       1.000
    COGPGSBW         1.000       1.000       1.000       1.000       1.000       1.000       1.000

 Residual Variances
    SRPWCR           0.605       0.657       0.683       0.821       0.959       0.985       1.037


TECHNICAL 1 OUTPUT


     PARAMETER SPECIFICATION FOR WITHIN


           NU
              CANFLFBW      COGPGSBW      SRPWCR        DEMAGE        DEMMAL
              ________      ________      ________      ________      ________
 1                  0             0             0             0             0


           NU
              CANFLF        COGPGS        PC1BW         PC2BW         PC3BW
              ________      ________      ________      ________      ________
 1                  0             0             0             0             0


           NU
              PC4BW         PC5BW
              ________      ________
 1                  0             0


           LAMBDA
              CANFLFBW      COGPGSBW      SRPWCR        DEMAGE        DEMMAL
              ________      ________      ________      ________      ________
 CANFLFBW           0             0             0             0             0
 COGPGSBW           0             0             0             0             0
 SRPWCR             0             0             0             0             0
 DEMAGE             0             0             0             0             0
 DEMMAL             0             0             0             0             0
 CANFLF             0             0             0             0             0
 COGPGS             0             0             0             0             0
 PC1BW              0             0             0             0             0
 PC2BW              0             0             0             0             0
 PC3BW              0             0             0             0             0
 PC4BW              0             0             0             0             0
 PC5BW              0             0             0             0             0


           LAMBDA
              CANFLF        COGPGS        PC1BW         PC2BW         PC3BW
              ________      ________      ________      ________      ________
 CANFLFBW           0             0             0             0             0
 COGPGSBW           0             0             0             0             0
 SRPWCR             0             0             0             0             0
 DEMAGE             0             0             0             0             0
 DEMMAL             0             0             0             0             0
 CANFLF             0             0             0             0             0
 COGPGS             0             0             0             0             0
 PC1BW              0             0             0             0             0
 PC2BW              0             0             0             0             0
 PC3BW              0             0             0             0             0
 PC4BW              0             0             0             0             0
 PC5BW              0             0             0             0             0


           LAMBDA
              PC4BW         PC5BW
              ________      ________
 CANFLFBW           0             0
 COGPGSBW           0             0
 SRPWCR             0             0
 DEMAGE             0             0
 DEMMAL             0             0
 CANFLF             0             0
 COGPGS             0             0
 PC1BW              0             0
 PC2BW              0             0
 PC3BW              0             0
 PC4BW              0             0
 PC5BW              0             0


           THETA
              CANFLFBW      COGPGSBW      SRPWCR        DEMAGE        DEMMAL
              ________      ________      ________      ________      ________
 CANFLFBW           0
 COGPGSBW           0             0
 SRPWCR             0             0             0
 DEMAGE             0             0             0             0
 DEMMAL             0             0             0             0             0
 CANFLF             0             0             0             0             0
 COGPGS             0             0             0             0             0
 PC1BW              0             0             0             0             0
 PC2BW              0             0             0             0             0
 PC3BW              0             0             0             0             0
 PC4BW              0             0             0             0             0
 PC5BW              0             0             0             0             0


           THETA
              CANFLF        COGPGS        PC1BW         PC2BW         PC3BW
              ________      ________      ________      ________      ________
 CANFLF             0
 COGPGS             0             0
 PC1BW              0             0             0
 PC2BW              0             0             0             0
 PC3BW              0             0             0             0             0
 PC4BW              0             0             0             0             0
 PC5BW              0             0             0             0             0


           THETA
              PC4BW         PC5BW
              ________      ________
 PC4BW              0
 PC5BW              0             0


           ALPHA
              CANFLFBW      COGPGSBW      SRPWCR        DEMAGE        DEMMAL
              ________      ________      ________      ________      ________
 1                  0             0             0             1             2


           ALPHA
              CANFLF        COGPGS        PC1BW         PC2BW         PC3BW
              ________      ________      ________      ________      ________
 1                  3             4             0             0             0


           ALPHA
              PC4BW         PC5BW
              ________      ________
 1                  0             0


           BETA
              CANFLFBW      COGPGSBW      SRPWCR        DEMAGE        DEMMAL
              ________      ________      ________      ________      ________
 CANFLFBW           0             0             0             0             0
 COGPGSBW           0             0             0             0             0
 SRPWCR             0             0             0             5             6
 DEMAGE             0             0             0             0             0
 DEMMAL             0             0             0             0             0
 CANFLF             0             0             0             0             0
 COGPGS             0             0             0             0             0
 PC1BW              0             0             0             0             0
 PC2BW              0             0             0             0             0
 PC3BW              0             0             0             0             0
 PC4BW              0             0             0             0             0
 PC5BW              0             0             0             0             0


           BETA
              CANFLF        COGPGS        PC1BW         PC2BW         PC3BW
              ________      ________      ________      ________      ________
 CANFLFBW           0             0             0             0             0
 COGPGSBW           0             0             0             0             0
 SRPWCR             7             8             0             0             0
 DEMAGE             0             0             0             0             0
 DEMMAL             0             0             0             0             0
 CANFLF             0             0             0             0             0
 COGPGS             0             0             0             0             0
 PC1BW              0             0             0             0             0
 PC2BW              0             0             0             0             0
 PC3BW              0             0             0             0             0
 PC4BW              0             0             0             0             0
 PC5BW              0             0             0             0             0


           BETA
              PC4BW         PC5BW
              ________      ________
 CANFLFBW           0             0
 COGPGSBW           0             0
 SRPWCR             0             0
 DEMAGE             0             0
 DEMMAL             0             0
 CANFLF             0             0
 COGPGS             0             0
 PC1BW              0             0
 PC2BW              0             0
 PC3BW              0             0
 PC4BW              0             0
 PC5BW              0             0


           PSI
              CANFLFBW      COGPGSBW      SRPWCR        DEMAGE        DEMMAL
              ________      ________      ________      ________      ________
 CANFLFBW           0
 COGPGSBW           0             0
 SRPWCR             0             0             9
 DEMAGE             0             0             0            10
 DEMMAL             0             0             0             0            11
 CANFLF             0             0             0            12            13
 COGPGS             0             0             0             0             0
 PC1BW              0             0             0             0             0
 PC2BW              0             0             0             0             0
 PC3BW              0             0             0             0             0
 PC4BW              0             0             0             0             0
 PC5BW              0             0             0             0             0


           PSI
              CANFLF        COGPGS        PC1BW         PC2BW         PC3BW
              ________      ________      ________      ________      ________
 CANFLF            14
 COGPGS            15            16
 PC1BW              0             0             0
 PC2BW              0             0             0             0
 PC3BW              0             0             0             0             0
 PC4BW              0             0             0             0             0
 PC5BW              0             0             0             0             0


           PSI
              PC4BW         PC5BW
              ________      ________
 PC4BW              0
 PC5BW              0             0


     PARAMETER SPECIFICATION FOR BETWEEN


           NU
              CANFLFBW      COGPGSBW      SRPWCR        DEMAGE        DEMMAL
              ________      ________      ________      ________      ________
 1                  0             0             0             0             0


           NU
              CANFLF        COGPGS        PC1BW         PC2BW         PC3BW
              ________      ________      ________      ________      ________
 1                  0             0             0             0             0


           NU
              PC4BW         PC5BW
              ________      ________
 1                  0             0


           LAMBDA
              CANFLFBW      COGPGSBW      SRPWCR        DEMAGE        DEMMAL
              ________      ________      ________      ________      ________
 CANFLFBW           0             0             0             0             0
 COGPGSBW           0             0             0             0             0
 SRPWCR             0             0             0             0             0
 DEMAGE             0             0             0             0             0
 DEMMAL             0             0             0             0             0
 CANFLF             0             0             0             0             0
 COGPGS             0             0             0             0             0
 PC1BW              0             0             0             0             0
 PC2BW              0             0             0             0             0
 PC3BW              0             0             0             0             0
 PC4BW              0             0             0             0             0
 PC5BW              0             0             0             0             0


           LAMBDA
              CANFLF        COGPGS        PC1BW         PC2BW         PC3BW
              ________      ________      ________      ________      ________
 CANFLFBW           0             0             0             0             0
 COGPGSBW           0             0             0             0             0
 SRPWCR             0             0             0             0             0
 DEMAGE             0             0             0             0             0
 DEMMAL             0             0             0             0             0
 CANFLF             0             0             0             0             0
 COGPGS             0             0             0             0             0
 PC1BW              0             0             0             0             0
 PC2BW              0             0             0             0             0
 PC3BW              0             0             0             0             0
 PC4BW              0             0             0             0             0
 PC5BW              0             0             0             0             0


           LAMBDA
              PC4BW         PC5BW
              ________      ________
 CANFLFBW           0             0
 COGPGSBW           0             0
 SRPWCR             0             0
 DEMAGE             0             0
 DEMMAL             0             0
 CANFLF             0             0
 COGPGS             0             0
 PC1BW              0             0
 PC2BW              0             0
 PC3BW              0             0
 PC4BW              0             0
 PC5BW              0             0


           THETA
              CANFLFBW      COGPGSBW      SRPWCR        DEMAGE        DEMMAL
              ________      ________      ________      ________      ________
 CANFLFBW           0
 COGPGSBW           0             0
 SRPWCR             0             0             0
 DEMAGE             0             0             0             0
 DEMMAL             0             0             0             0             0
 CANFLF             0             0             0             0             0
 COGPGS             0             0             0             0             0
 PC1BW              0             0             0             0             0
 PC2BW              0             0             0             0             0
 PC3BW              0             0             0             0             0
 PC4BW              0             0             0             0             0
 PC5BW              0             0             0             0             0


           THETA
              CANFLF        COGPGS        PC1BW         PC2BW         PC3BW
              ________      ________      ________      ________      ________
 CANFLF             0
 COGPGS             0             0
 PC1BW              0             0             0
 PC2BW              0             0             0             0
 PC3BW              0             0             0             0             0
 PC4BW              0             0             0             0             0
 PC5BW              0             0             0             0             0


           THETA
              PC4BW         PC5BW
              ________      ________
 PC4BW              0
 PC5BW              0             0


           ALPHA
              CANFLFBW      COGPGSBW      SRPWCR        DEMAGE        DEMMAL
              ________      ________      ________      ________      ________
 1                 17            18            19             0             0


           ALPHA
              CANFLF        COGPGS        PC1BW         PC2BW         PC3BW
              ________      ________      ________      ________      ________
 1                  0             0             0             0             0


           ALPHA
              PC4BW         PC5BW
              ________      ________
 1                  0             0


           BETA
              CANFLFBW      COGPGSBW      SRPWCR        DEMAGE        DEMMAL
              ________      ________      ________      ________      ________
 CANFLFBW           0             0             0             0             0
 COGPGSBW           0             0             0             0             0
 SRPWCR            20            21             0             0             0
 DEMAGE             0             0             0             0             0
 DEMMAL             0             0             0             0             0
 CANFLF             0             0             0             0             0
 COGPGS             0             0             0             0             0
 PC1BW              0             0             0             0             0
 PC2BW              0             0             0             0             0
 PC3BW              0             0             0             0             0
 PC4BW              0             0             0             0             0
 PC5BW              0             0             0             0             0


           BETA
              CANFLF        COGPGS        PC1BW         PC2BW         PC3BW
              ________      ________      ________      ________      ________
 CANFLFBW           0             0             0             0             0
 COGPGSBW           0             0             0             0             0
 SRPWCR             0             0            22            23            24
 DEMAGE             0             0             0             0             0
 DEMMAL             0             0             0             0             0
 CANFLF             0             0             0             0             0
 COGPGS             0             0             0             0             0
 PC1BW              0             0             0             0             0
 PC2BW              0             0             0             0             0
 PC3BW              0             0             0             0             0
 PC4BW              0             0             0             0             0
 PC5BW              0             0             0             0             0


           BETA
              PC4BW         PC5BW
              ________      ________
 CANFLFBW           0             0
 COGPGSBW           0             0
 SRPWCR            25            26
 DEMAGE             0             0
 DEMMAL             0             0
 CANFLF             0             0
 COGPGS             0             0
 PC1BW              0             0
 PC2BW              0             0
 PC3BW              0             0
 PC4BW              0             0
 PC5BW              0             0


           PSI
              CANFLFBW      COGPGSBW      SRPWCR        DEMAGE        DEMMAL
              ________      ________      ________      ________      ________
 CANFLFBW          27
 COGPGSBW          28            29
 SRPWCR             0             0            30
 DEMAGE             0             0             0             0
 DEMMAL             0             0             0             0             0
 CANFLF             0             0             0             0             0
 COGPGS             0             0             0             0             0
 PC1BW              0             0             0             0             0
 PC2BW              0             0             0             0             0
 PC3BW              0             0             0             0             0
 PC4BW              0             0             0             0             0
 PC5BW              0             0             0             0             0


           PSI
              CANFLF        COGPGS        PC1BW         PC2BW         PC3BW
              ________      ________      ________      ________      ________
 CANFLF             0
 COGPGS             0             0
 PC1BW              0             0             0
 PC2BW              0             0             0             0
 PC3BW              0             0             0             0             0
 PC4BW              0             0             0             0             0
 PC5BW              0             0             0             0             0


           PSI
              PC4BW         PC5BW
              ________      ________
 PC4BW              0
 PC5BW              0             0


     STARTING VALUES FOR WITHIN


           NU
              CANFLFBW      COGPGSBW      SRPWCR        DEMAGE        DEMMAL
              ________      ________      ________      ________      ________
 1              0.000         0.000         0.000         0.000         0.000


           NU
              CANFLF        COGPGS        PC1BW         PC2BW         PC3BW
              ________      ________      ________      ________      ________
 1              0.000         0.000         0.000         0.000         0.000


           NU
              PC4BW         PC5BW
              ________      ________
 1              0.000         0.000


           LAMBDA
              CANFLFBW      COGPGSBW      SRPWCR        DEMAGE        DEMMAL
              ________      ________      ________      ________      ________
 CANFLFBW       1.000         0.000         0.000         0.000         0.000
 COGPGSBW       0.000         1.000         0.000         0.000         0.000
 SRPWCR         0.000         0.000         1.000         0.000         0.000
 DEMAGE         0.000         0.000         0.000         1.000         0.000
 DEMMAL         0.000         0.000         0.000         0.000         1.000
 CANFLF         0.000         0.000         0.000         0.000         0.000
 COGPGS         0.000         0.000         0.000         0.000         0.000
 PC1BW          0.000         0.000         0.000         0.000         0.000
 PC2BW          0.000         0.000         0.000         0.000         0.000
 PC3BW          0.000         0.000         0.000         0.000         0.000
 PC4BW          0.000         0.000         0.000         0.000         0.000
 PC5BW          0.000         0.000         0.000         0.000         0.000


           LAMBDA
              CANFLF        COGPGS        PC1BW         PC2BW         PC3BW
              ________      ________      ________      ________      ________
 CANFLFBW       0.000         0.000         0.000         0.000         0.000
 COGPGSBW       0.000         0.000         0.000         0.000         0.000
 SRPWCR         0.000         0.000         0.000         0.000         0.000
 DEMAGE         0.000         0.000         0.000         0.000         0.000
 DEMMAL         0.000         0.000         0.000         0.000         0.000
 CANFLF         1.000         0.000         0.000         0.000         0.000
 COGPGS         0.000         1.000         0.000         0.000         0.000
 PC1BW          0.000         0.000         1.000         0.000         0.000
 PC2BW          0.000         0.000         0.000         1.000         0.000
 PC3BW          0.000         0.000         0.000         0.000         1.000
 PC4BW          0.000         0.000         0.000         0.000         0.000
 PC5BW          0.000         0.000         0.000         0.000         0.000


           LAMBDA
              PC4BW         PC5BW
              ________      ________
 CANFLFBW       0.000         0.000
 COGPGSBW       0.000         0.000
 SRPWCR         0.000         0.000
 DEMAGE         0.000         0.000
 DEMMAL         0.000         0.000
 CANFLF         0.000         0.000
 COGPGS         0.000         0.000
 PC1BW          0.000         0.000
 PC2BW          0.000         0.000
 PC3BW          0.000         0.000
 PC4BW          1.000         0.000
 PC5BW          0.000         1.000


           THETA
              CANFLFBW      COGPGSBW      SRPWCR        DEMAGE        DEMMAL
              ________      ________      ________      ________      ________
 CANFLFBW       0.000
 COGPGSBW       0.000         0.000
 SRPWCR         0.000         0.000         0.000
 DEMAGE         0.000         0.000         0.000         0.000
 DEMMAL         0.000         0.000         0.000         0.000         0.000
 CANFLF         0.000         0.000         0.000         0.000         0.000
 COGPGS         0.000         0.000         0.000         0.000         0.000
 PC1BW          0.000         0.000         0.000         0.000         0.000
 PC2BW          0.000         0.000         0.000         0.000         0.000
 PC3BW          0.000         0.000         0.000         0.000         0.000
 PC4BW          0.000         0.000         0.000         0.000         0.000
 PC5BW          0.000         0.000         0.000         0.000         0.000


           THETA
              CANFLF        COGPGS        PC1BW         PC2BW         PC3BW
              ________      ________      ________      ________      ________
 CANFLF         0.000
 COGPGS         0.000         0.000
 PC1BW          0.000         0.000         0.000
 PC2BW          0.000         0.000         0.000         0.000
 PC3BW          0.000         0.000         0.000         0.000         0.000
 PC4BW          0.000         0.000         0.000         0.000         0.000
 PC5BW          0.000         0.000         0.000         0.000         0.000


           THETA
              PC4BW         PC5BW
              ________      ________
 PC4BW          0.000
 PC5BW          0.000         0.000


           ALPHA
              CANFLFBW      COGPGSBW      SRPWCR        DEMAGE        DEMMAL
              ________      ________      ________      ________      ________
 1              0.000         0.000         0.000         0.000         0.000


           ALPHA
              CANFLF        COGPGS        PC1BW         PC2BW         PC3BW
              ________      ________      ________      ________      ________
 1              0.000         0.000         0.000         0.000         0.000


           ALPHA
              PC4BW         PC5BW
              ________      ________
 1              0.000         0.000


           BETA
              CANFLFBW      COGPGSBW      SRPWCR        DEMAGE        DEMMAL
              ________      ________      ________      ________      ________
 CANFLFBW       0.000         0.000         0.000         0.000         0.000
 COGPGSBW       0.000         0.000         0.000         0.000         0.000
 SRPWCR         0.000         0.000         0.000         0.000         0.000
 DEMAGE         0.000         0.000         0.000         0.000         0.000
 DEMMAL         0.000         0.000         0.000         0.000         0.000
 CANFLF         0.000         0.000         0.000         0.000         0.000
 COGPGS         0.000         0.000         0.000         0.000         0.000
 PC1BW          0.000         0.000         0.000         0.000         0.000
 PC2BW          0.000         0.000         0.000         0.000         0.000
 PC3BW          0.000         0.000         0.000         0.000         0.000
 PC4BW          0.000         0.000         0.000         0.000         0.000
 PC5BW          0.000         0.000         0.000         0.000         0.000


           BETA
              CANFLF        COGPGS        PC1BW         PC2BW         PC3BW
              ________      ________      ________      ________      ________
 CANFLFBW       0.000         0.000         0.000         0.000         0.000
 COGPGSBW       0.000         0.000         0.000         0.000         0.000
 SRPWCR         0.000         0.000         0.000         0.000         0.000
 DEMAGE         0.000         0.000         0.000         0.000         0.000
 DEMMAL         0.000         0.000         0.000         0.000         0.000
 CANFLF         0.000         0.000         0.000         0.000         0.000
 COGPGS         0.000         0.000         0.000         0.000         0.000
 PC1BW          0.000         0.000         0.000         0.000         0.000
 PC2BW          0.000         0.000         0.000         0.000         0.000
 PC3BW          0.000         0.000         0.000         0.000         0.000
 PC4BW          0.000         0.000         0.000         0.000         0.000
 PC5BW          0.000         0.000         0.000         0.000         0.000


           BETA
              PC4BW         PC5BW
              ________      ________
 CANFLFBW       0.000         0.000
 COGPGSBW       0.000         0.000
 SRPWCR         0.000         0.000
 DEMAGE         0.000         0.000
 DEMMAL         0.000         0.000
 CANFLF         0.000         0.000
 COGPGS         0.000         0.000
 PC1BW          0.000         0.000
 PC2BW          0.000         0.000
 PC3BW          0.000         0.000
 PC4BW          0.000         0.000
 PC5BW          0.000         0.000


           PSI
              CANFLFBW      COGPGSBW      SRPWCR        DEMAGE        DEMMAL
              ________      ________      ________      ________      ________
 CANFLFBW       0.000
 COGPGSBW       0.000         0.000
 SRPWCR         0.000         0.000        36.187
 DEMAGE         0.000         0.000         0.000         3.318
 DEMMAL         0.000         0.000         0.000         0.000         0.117
 CANFLF         0.000         0.000         0.000         0.000         0.000
 COGPGS         0.000         0.000         0.000         0.000         0.000
 PC1BW          0.000         0.000         0.000         0.000         0.000
 PC2BW          0.000         0.000         0.000         0.000         0.000
 PC3BW          0.000         0.000         0.000         0.000         0.000
 PC4BW          0.000         0.000         0.000         0.000         0.000
 PC5BW          0.000         0.000         0.000         0.000         0.000


           PSI
              CANFLF        COGPGS        PC1BW         PC2BW         PC3BW
              ________      ________      ________      ________      ________
 CANFLF       154.223
 COGPGS         0.000         0.009
 PC1BW          0.000         0.000         0.000
 PC2BW          0.000         0.000         0.000         0.000
 PC3BW          0.000         0.000         0.000         0.000         0.000
 PC4BW          0.000         0.000         0.000         0.000         0.000
 PC5BW          0.000         0.000         0.000         0.000         0.000


           PSI
              PC4BW         PC5BW
              ________      ________
 PC4BW          0.000
 PC5BW          0.000         0.000


     STARTING VALUES FOR BETWEEN


           NU
              CANFLFBW      COGPGSBW      SRPWCR        DEMAGE        DEMMAL
              ________      ________      ________      ________      ________
 1              0.000         0.000         0.000         0.000         0.000


           NU
              CANFLF        COGPGS        PC1BW         PC2BW         PC3BW
              ________      ________      ________      ________      ________
 1              0.000         0.000         0.000         0.000         0.000


           NU
              PC4BW         PC5BW
              ________      ________
 1              0.000         0.000


           LAMBDA
              CANFLFBW      COGPGSBW      SRPWCR        DEMAGE        DEMMAL
              ________      ________      ________      ________      ________
 CANFLFBW       1.000         0.000         0.000         0.000         0.000
 COGPGSBW       0.000         1.000         0.000         0.000         0.000
 SRPWCR         0.000         0.000         1.000         0.000         0.000
 DEMAGE         0.000         0.000         0.000         1.000         0.000
 DEMMAL         0.000         0.000         0.000         0.000         1.000
 CANFLF         0.000         0.000         0.000         0.000         0.000
 COGPGS         0.000         0.000         0.000         0.000         0.000
 PC1BW          0.000         0.000         0.000         0.000         0.000
 PC2BW          0.000         0.000         0.000         0.000         0.000
 PC3BW          0.000         0.000         0.000         0.000         0.000
 PC4BW          0.000         0.000         0.000         0.000         0.000
 PC5BW          0.000         0.000         0.000         0.000         0.000


           LAMBDA
              CANFLF        COGPGS        PC1BW         PC2BW         PC3BW
              ________      ________      ________      ________      ________
 CANFLFBW       0.000         0.000         0.000         0.000         0.000
 COGPGSBW       0.000         0.000         0.000         0.000         0.000
 SRPWCR         0.000         0.000         0.000         0.000         0.000
 DEMAGE         0.000         0.000         0.000         0.000         0.000
 DEMMAL         0.000         0.000         0.000         0.000         0.000
 CANFLF         1.000         0.000         0.000         0.000         0.000
 COGPGS         0.000         1.000         0.000         0.000         0.000
 PC1BW          0.000         0.000         1.000         0.000         0.000
 PC2BW          0.000         0.000         0.000         1.000         0.000
 PC3BW          0.000         0.000         0.000         0.000         1.000
 PC4BW          0.000         0.000         0.000         0.000         0.000
 PC5BW          0.000         0.000         0.000         0.000         0.000


           LAMBDA
              PC4BW         PC5BW
              ________      ________
 CANFLFBW       0.000         0.000
 COGPGSBW       0.000         0.000
 SRPWCR         0.000         0.000
 DEMAGE         0.000         0.000
 DEMMAL         0.000         0.000
 CANFLF         0.000         0.000
 COGPGS         0.000         0.000
 PC1BW          0.000         0.000
 PC2BW          0.000         0.000
 PC3BW          0.000         0.000
 PC4BW          1.000         0.000
 PC5BW          0.000         1.000


           THETA
              CANFLFBW      COGPGSBW      SRPWCR        DEMAGE        DEMMAL
              ________      ________      ________      ________      ________
 CANFLFBW       0.000
 COGPGSBW       0.000         0.000
 SRPWCR         0.000         0.000         0.000
 DEMAGE         0.000         0.000         0.000         0.000
 DEMMAL         0.000         0.000         0.000         0.000         0.000
 CANFLF         0.000         0.000         0.000         0.000         0.000
 COGPGS         0.000         0.000         0.000         0.000         0.000
 PC1BW          0.000         0.000         0.000         0.000         0.000
 PC2BW          0.000         0.000         0.000         0.000         0.000
 PC3BW          0.000         0.000         0.000         0.000         0.000
 PC4BW          0.000         0.000         0.000         0.000         0.000
 PC5BW          0.000         0.000         0.000         0.000         0.000


           THETA
              CANFLF        COGPGS        PC1BW         PC2BW         PC3BW
              ________      ________      ________      ________      ________
 CANFLF         0.000
 COGPGS         0.000         0.000
 PC1BW          0.000         0.000         0.000
 PC2BW          0.000         0.000         0.000         0.000
 PC3BW          0.000         0.000         0.000         0.000         0.000
 PC4BW          0.000         0.000         0.000         0.000         0.000
 PC5BW          0.000         0.000         0.000         0.000         0.000


           THETA
              PC4BW         PC5BW
              ________      ________
 PC4BW          0.000
 PC5BW          0.000         0.000


           ALPHA
              CANFLFBW      COGPGSBW      SRPWCR        DEMAGE        DEMMAL
              ________      ________      ________      ________      ________
 1              0.000         0.000         6.177         0.000         0.000


           ALPHA
              CANFLF        COGPGS        PC1BW         PC2BW         PC3BW
              ________      ________      ________      ________      ________
 1              0.000         0.000         0.000         0.000         0.000


           ALPHA
              PC4BW         PC5BW
              ________      ________
 1              0.000         0.000


           BETA
              CANFLFBW      COGPGSBW      SRPWCR        DEMAGE        DEMMAL
              ________      ________      ________      ________      ________
 CANFLFBW       0.000         0.000         0.000         0.000         0.000
 COGPGSBW       0.000         0.000         0.000         0.000         0.000
 SRPWCR         0.000         0.000         0.000         0.000         0.000
 DEMAGE         0.000         0.000         0.000         0.000         0.000
 DEMMAL         0.000         0.000         0.000         0.000         0.000
 CANFLF         0.000         0.000         0.000         0.000         0.000
 COGPGS         0.000         0.000         0.000         0.000         0.000
 PC1BW          0.000         0.000         0.000         0.000         0.000
 PC2BW          0.000         0.000         0.000         0.000         0.000
 PC3BW          0.000         0.000         0.000         0.000         0.000
 PC4BW          0.000         0.000         0.000         0.000         0.000
 PC5BW          0.000         0.000         0.000         0.000         0.000


           BETA
              CANFLF        COGPGS        PC1BW         PC2BW         PC3BW
              ________      ________      ________      ________      ________
 CANFLFBW       0.000         0.000         0.000         0.000         0.000
 COGPGSBW       0.000         0.000         0.000         0.000         0.000
 SRPWCR         0.000         0.000         0.000         0.000         0.000
 DEMAGE         0.000         0.000         0.000         0.000         0.000
 DEMMAL         0.000         0.000         0.000         0.000         0.000
 CANFLF         0.000         0.000         0.000         0.000         0.000
 COGPGS         0.000         0.000         0.000         0.000         0.000
 PC1BW          0.000         0.000         0.000         0.000         0.000
 PC2BW          0.000         0.000         0.000         0.000         0.000
 PC3BW          0.000         0.000         0.000         0.000         0.000
 PC4BW          0.000         0.000         0.000         0.000         0.000
 PC5BW          0.000         0.000         0.000         0.000         0.000


           BETA
              PC4BW         PC5BW
              ________      ________
 CANFLFBW       0.000         0.000
 COGPGSBW       0.000         0.000
 SRPWCR         0.000         0.000
 DEMAGE         0.000         0.000
 DEMMAL         0.000         0.000
 CANFLF         0.000         0.000
 COGPGS         0.000         0.000
 PC1BW          0.000         0.000
 PC2BW          0.000         0.000
 PC3BW          0.000         0.000
 PC4BW          0.000         0.000
 PC5BW          0.000         0.000


           PSI
              CANFLFBW      COGPGSBW      SRPWCR        DEMAGE        DEMMAL
              ________      ________      ________      ________      ________
 CANFLFBW     203.333
 COGPGSBW       0.000         0.055
 SRPWCR         0.000         0.000        36.187
 DEMAGE         0.000         0.000         0.000         0.000
 DEMMAL         0.000         0.000         0.000         0.000         0.000
 CANFLF         0.000         0.000         0.000         0.000         0.000
 COGPGS         0.000         0.000         0.000         0.000         0.000
 PC1BW          0.000         0.000         0.000         0.000         0.000
 PC2BW          0.000         0.000         0.000         0.000         0.000
 PC3BW          0.000         0.000         0.000         0.000         0.000
 PC4BW          0.000         0.000         0.000         0.000         0.000
 PC5BW          0.000         0.000         0.000         0.000         0.000


           PSI
              CANFLF        COGPGS        PC1BW         PC2BW         PC3BW
              ________      ________      ________      ________      ________
 CANFLF         0.000
 COGPGS         0.000         0.000
 PC1BW          0.000         0.000         0.001
 PC2BW          0.000         0.000         0.000         0.001
 PC3BW          0.000         0.000         0.000         0.000         0.000
 PC4BW          0.000         0.000         0.000         0.000         0.000
 PC5BW          0.000         0.000         0.000         0.000         0.000


           PSI
              PC4BW         PC5BW
              ________      ________
 PC4BW          0.001
 PC5BW          0.000         0.000


SAMPLE STATISTICS FOR ESTIMATED FACTOR SCORES


     SAMPLE STATISTICS


           Means
              B_SRPWCR
              ________
 1              6.218


           Covariances
              B_SRPWCR
              ________
 B_SRPWCR       3.697


           Correlations
              B_SRPWCR
              ________
 B_SRPWCR       1.000


PLOT INFORMATION

The following plots are available:

  Histograms (sample values)
  Scatterplots (sample values)

     Beginning Time:  12:55:35
        Ending Time:  12:55:37
       Elapsed Time:  00:00:02



MUTHEN & MUTHEN
3463 Stoner Ave.
Los Angeles, CA  90066

Tel: (310) 391-9971
Fax: (310) 391-8971
Web: www.StatModel.com
Support: Support@StatModel.com

Copyright (c) 1998-2015 Muthen & Muthen
