Mplus VERSION 7.4 (Mac)
MUTHEN & MUTHEN
07/30/2019  12:54 PM

INPUT INSTRUCTIONS


  TITLE: CANF6M_WASCOM_1;

  DATA:
  	FILE = GD190618.csv;

  VARIABLE:
  	NAMES =
  			ID_Fam   Wave     ID_MPL
  			DEMMAL   DEMAGE   DEMHSP   DEMRAC
  			SRPWCR
  			WASVCB   WASBLK   WASDGT   WSISUM
  			TRLATS   TRLBTS
  			CVLASF   CVLASC   CVLALF   CVLALC
  			WASCOM   COGCOM   CVLCOM
  			CANEVR   CANONS   CANFLF
  			CANFTY   CANF6M   CANAC6
  			CANYRS
  			ALCEVR   ALCONS   ALCFLF
  			ALCFTY   ALCF6M   ALCAC6
  			ALCYRS
  			SRPWCRDt WASVCBDt WASBLKDt
  			WASDGTDt WSISUMDt TRLATSDt
  			TRLBTSDt CVLASFDt CVLASCDt
  			CVLALFDt CVLALCDt WASCOMDt
  			COGCOMDt CVLCOMDt
  			COGPGS
  			PC1 PC2 PC3 PC4 PC5 PC6
  		;
  	USEVARIABLES =
  		! outcome
  	  		WASCOM
    		! covariates
  	  		DEMAGE
    			DEMMAL  	
    		! within predictor
    			CANF6M
    			COGPGS
    		! between predictor
    			CANF6MBW
    			COGPGSBW
    			PC1BW
    			PC2BW
    			PC3BW
    			PC4BW
    			PC5BW			
    		;
    	USEOBSERVATION =
    			(Wave EQ 1 AND WASCOMDt EQ 1)
    		;
    	CLUSTER =
    			ID_Fam
    		;
    	MISSING = .;
    	BETWEEN =   		
    			CANF6MBW
    			COGPGSBW
    			PC1BW
    			PC2BW
    			PC3BW
    			PC4BW
    			PC5BW  			
    		;
    	WITHIN  		
    			CANF6M
    			COGPGS
    			DEMAGE
    			DEMMAL
    		;  		

  DEFINE:
  	! CREATE BW FAM PREDICTOR
  		CANF6MBW = cluster_mean (CANF6M);	
  		COGPGSBW = cluster_mean (COGPGS);
  		PC1BW = cluster_mean (PC1);
  		PC2BW = cluster_mean (PC2);
  		PC3BW = cluster_mean (PC3);
  		PC4BW = cluster_mean (PC4);
  		PC5BW = cluster_mean (PC5);
  	! CENTER WI FAM VARIABLES
  		CENTER CANF6M (GROUPMEAN);
  		CENTER COGPGS (GROUPMEAN);
  		CENTER DEMMAL (GRANDMEAN);
  		CENTER DEMAGE (GRANDMEAN);
  	! CENTER BW FAM VARIABLES
  		CENTER CANF6MBW (GRANDMEAN);
  		CENTER COGPGSBW (GRANDMEAN);
  		CENTER PC1BW (GRANDMEAN);
  		CENTER PC2BW (GRANDMEAN);
  		CENTER PC3BW (GRANDMEAN);
  		CENTER PC4BW (GRANDMEAN);
  		CENTER PC5BW (GRANDMEAN);

  ANALYSIS:
          ITERATIONS = 1000000;
          TYPE = TWOLEVEL RANDOM;
          ALGORITHM = INTEGRATION;

  OUTPUT:
  	SAMPSTAT STDYX TECH1 CINT;

  MODEL:
  %WITHIN%
  	WASCOM on CANF6M;
  	WASCOM on  DEMMAL DEMAGE COGPGS;
  	COGPGS*;
  	WASCOM*;
  	CANF6M WITH DEMMAL*;
  	CANF6M WITH DEMAGE*;
  	CANF6M WITH COGPGS*;

  %BETWEEN%
  	WASCOM on CANF6MBW COGPGSBW
  				    PC1BW PC2BW PC3BW PC4BW PC5BW;
  	COGPGSBW*;
  	WASCOM*;
  	CANF6MBW WITH COGPGSBW*;
  	
  PLOT:
  	TYPE = plot3;



*** WARNING
  Data set contains cases with missing on x-variables.
  These cases were not included in the analysis.
  Number of cases with missing on x-variables:  160
   1 WARNING(S) FOUND IN THE INPUT INSTRUCTIONS



CANF6M_WASCOM_1;

SUMMARY OF ANALYSIS

Number of groups                                                 1
Number of observations                                         965

Number of dependent variables                                    1
Number of independent variables                                 11
Number of continuous latent variables                            0

Observed dependent variables

  Continuous
   WASCOM

Observed independent variables
   DEMAGE      DEMMAL      CANF6M      COGPGS      CANF6MBW    COGPGSBW
   PC1BW       PC2BW       PC3BW       PC4BW       PC5BW

Variables with special functions

  Cluster variable      ID_FAM

  Within variables
   DEMAGE      DEMMAL      CANF6M      COGPGS

  Between variables
   CANF6MBW    COGPGSBW    PC1BW       PC2BW       PC3BW       PC4BW
   PC5BW

  Centering (GRANDMEAN)
   DEMMAL      DEMAGE      CANF6MBW    COGPGSBW
   PC1BW       PC2BW       PC3BW       PC4BW       PC5BW

  Centering (GROUPMEAN)
   CANF6M      COGPGS


Estimator                                                      MLR
Information matrix                                        OBSERVED
Optimization Specifications for the Quasi-Newton Algorithm for
Continuous Outcomes
  Maximum number of iterations                             1000000
  Convergence criterion                                  0.100D-05
Optimization Specifications for the EM Algorithm
  Maximum number of iterations                                 500
  Convergence criteria
    Loglikelihood change                                 0.100D-02
    Relative loglikelihood change                        0.100D-05
    Derivative                                           0.100D-02
Optimization Specifications for the M step of the EM Algorithm for
Categorical Latent variables
  Number of M step iterations                                    1
  M step convergence criterion                           0.100D-02
  Basis for M step termination                           ITERATION
Optimization Specifications for the M step of the EM Algorithm for
Censored, Binary or Ordered Categorical (Ordinal), Unordered
Categorical (Nominal) and Count Outcomes
  Number of M step iterations                                    1
  M step convergence criterion                           0.100D-02
  Basis for M step termination                           ITERATION
  Maximum value for logit thresholds                            15
  Minimum value for logit thresholds                           -15
  Minimum expected cell size for chi-square              0.100D-01
Maximum number of iterations for H1                           2000
Convergence criterion for H1                             0.100D-03
Optimization algorithm                                         EMA
Integration Specifications
  Type                                                    STANDARD
  Number of integration points                                  15
  Dimensions of numerical integration                            0
  Adaptive quadrature                                           ON
Cholesky                                                       OFF

Input data file(s)
  GD190618.csv
Input data format  FREE


SUMMARY OF DATA

     Number of missing data patterns             6
     Number of clusters                        490



COVARIANCE COVERAGE OF DATA

Minimum covariance coverage value   0.100


     PROPORTION OF DATA PRESENT FOR Y


           Covariance Coverage
              CANF6MBW      COGPGSBW      WASCOM        DEMAGE        DEMMAL
              ________      ________      ________      ________      ________
 CANF6MBW       0.999
 COGPGSBW       0.999         1.000
 WASCOM         0.999         1.000         1.000
 DEMAGE         0.998         0.999         0.999         0.999
 DEMMAL         0.999         1.000         1.000         0.999         1.000
 CANF6M         0.997         0.997         0.997         0.996         0.997
 COGPGS         0.696         0.697         0.697         0.697         0.697
 PC1BW          0.999         1.000         1.000         0.999         1.000
 PC2BW          0.999         1.000         1.000         0.999         1.000
 PC3BW          0.999         1.000         1.000         0.999         1.000
 PC4BW          0.999         1.000         1.000         0.999         1.000
 PC5BW          0.999         1.000         1.000         0.999         1.000


           Covariance Coverage
              CANF6M        COGPGS        PC1BW         PC2BW         PC3BW
              ________      ________      ________      ________      ________
 CANF6M         0.997
 COGPGS         0.695         0.697
 PC1BW          0.997         0.697         1.000
 PC2BW          0.997         0.697         1.000         1.000
 PC3BW          0.997         0.697         1.000         1.000         1.000
 PC4BW          0.997         0.697         1.000         1.000         1.000
 PC5BW          0.997         0.697         1.000         1.000         1.000


           Covariance Coverage
              PC4BW         PC5BW
              ________      ________
 PC4BW          1.000
 PC5BW          1.000         1.000


SAMPLE STATISTICS


     ESTIMATED SAMPLE STATISTICS


           Means
              CANF6MBW      COGPGSBW      WASCOM        DEMAGE        DEMMAL
              ________      ________      ________      ________      ________
 1              0.002         0.000         0.000         0.000         0.000


           Means
              CANF6M        COGPGS        PC1BW         PC2BW         PC3BW
              ________      ________      ________      ________      ________
 1              0.005        -0.002         0.000         0.000         0.000


           Means
              PC4BW         PC5BW
              ________      ________
 1              0.000         0.000


           Covariances
              CANF6MBW      COGPGSBW      WASCOM        DEMAGE        DEMMAL
              ________      ________      ________      ________      ________
 CANF6MBW      70.297
 COGPGSBW       0.031         0.113
 WASCOM         0.655         0.055         0.883
 DEMAGE        -0.889         0.049        -0.139         6.398
 DEMMAL         0.523         0.003         0.032        -0.181         0.234
 CANF6M         0.039         0.002         0.165        -3.918         0.564
 COGPGS        -0.002         0.000         0.005        -0.020         0.003
 PC1BW         -0.025        -0.003        -0.008         0.001        -0.001
 PC2BW         -0.048         0.000        -0.012         0.005        -0.001
 PC3BW         -0.002         0.000        -0.001        -0.001         0.000
 PC4BW          0.001         0.001         0.001         0.004         0.001
 PC5BW          0.011        -0.001         0.000         0.000         0.000


           Covariances
              CANF6M        COGPGS        PC1BW         PC2BW         PC3BW
              ________      ________      ________      ________      ________
 CANF6M        48.227
 COGPGS         0.045         0.018
 PC1BW          0.000         0.000         0.001
 PC2BW          0.000         0.000         0.000         0.001
 PC3BW          0.000         0.000         0.000         0.000         0.001
 PC4BW          0.000         0.000         0.000         0.000         0.000
 PC5BW          0.000         0.000         0.000         0.000         0.000


           Covariances
              PC4BW         PC5BW
              ________      ________
 PC4BW          0.001
 PC5BW          0.000         0.001


           Correlations
              CANF6MBW      COGPGSBW      WASCOM        DEMAGE        DEMMAL
              ________      ________      ________      ________      ________
 CANF6MBW       1.000
 COGPGSBW       0.011         1.000
 WASCOM         0.083         0.175         1.000
 DEMAGE        -0.042         0.058        -0.058         1.000
 DEMMAL         0.129         0.019         0.071        -0.148         1.000
 CANF6M         0.001         0.001         0.025        -0.223         0.168
 COGPGS        -0.001        -0.004         0.041        -0.060         0.050
 PC1BW         -0.081        -0.258        -0.240         0.014        -0.048
 PC2BW         -0.155        -0.028        -0.358         0.057        -0.061
 PC3BW         -0.007        -0.005        -0.040        -0.012         0.017
 PC4BW          0.004         0.092         0.022         0.044         0.045
 PC5BW          0.040        -0.051        -0.010         0.001         0.022


           Correlations
              CANF6M        COGPGS        PC1BW         PC2BW         PC3BW
              ________      ________      ________      ________      ________
 CANF6M         1.000
 COGPGS         0.048         1.000
 PC1BW          0.000         0.002         1.000
 PC2BW          0.000         0.000        -0.024         1.000
 PC3BW          0.000         0.001         0.019         0.031         1.000
 PC4BW          0.000         0.000        -0.010         0.004        -0.139
 PC5BW          0.000         0.000         0.031        -0.005         0.012


           Correlations
              PC4BW         PC5BW
              ________      ________
 PC4BW          1.000
 PC5BW         -0.014         1.000


     MAXIMUM LOG-LIKELIHOOD VALUE FOR THE UNRESTRICTED (H1) MODEL IS -1036.618


UNIVARIATE SAMPLE STATISTICS


     UNIVARIATE HIGHER-ORDER MOMENT DESCRIPTIVE STATISTICS

         Variable/         Mean/     Skewness/   Minimum/ % with                Percentiles
        Sample Size      Variance    Kurtosis    Maximum  Min/Max      20%/60%    40%/80%    Median

     CANF6MBW              0.485       0.791      -8.508   13.29%      -8.285     -4.423     -1.008
             489.000      76.983      -0.395      21.492    3.07%       1.492      6.992
     COGPGSBW             -0.003       0.237      -1.031    0.20%      -0.294     -0.092     -0.016
             490.000       0.119       0.592       1.225    0.20%       0.052      0.280
     WASCOM                0.000      -0.040      -2.668    0.10%      -0.801     -0.241      0.004
             965.000       0.883      -0.226       2.816    0.10%       0.257      0.847
     DEMAGE                0.000       1.437      -4.026    0.10%      -1.976     -1.076     -0.551
             964.000       6.399       2.956      15.944    0.10%      -0.026      1.574
     DEMMAL                0.000      -0.516      -0.625   37.51%      -0.625      0.375      0.375
             965.000       0.234      -1.734       0.375   62.49%       0.375      0.375
     CANF6M                0.000       0.143     -18.113    0.10%      -5.000     -0.085      0.000
             962.000      48.230       0.317      19.887    0.10%       0.000      4.665
     COGPGS                0.000      -0.006      -0.505    0.15%      -0.046      0.000      0.000
             673.000       0.018       2.763       0.604    0.15%       0.000      0.048
     PC1BW                 0.000       2.449      -0.021    0.20%      -0.019     -0.016     -0.013
             490.000       0.001       4.597       0.135    0.20%      -0.009     -0.004
     PC2BW                -0.001       0.930      -0.038    0.20%      -0.032     -0.026     -0.017
             490.000       0.001      -0.197       0.130    0.20%      -0.003      0.035
     PC3BW                 0.000      13.417      -0.118    0.20%      -0.005     -0.002      0.000
             490.000       0.001     267.178       0.454    0.20%       0.001      0.005
     PC4BW                -0.001       5.694      -0.094    0.20%      -0.009     -0.006     -0.005
             490.000       0.001      39.868       0.284    0.20%      -0.003     -0.001
     PC5BW                 0.001     -17.522      -0.544    0.20%      -0.002      0.000      0.001
             490.000       0.001     361.273       0.110    0.20%       0.001      0.004

     THE STANDARD ERRORS OF THE MODEL PARAMETER ESTIMATES MAY NOT BE
     TRUSTWORTHY FOR SOME PARAMETERS DUE TO A NON-POSITIVE DEFINITE
     FIRST-ORDER DERIVATIVE PRODUCT MATRIX.  THIS MAY BE DUE TO THE STARTING
     VALUES BUT MAY ALSO BE AN INDICATION OF MODEL NONIDENTIFICATION.  THE
     CONDITION NUMBER IS      -0.132D-17.  PROBLEM INVOLVING THE FOLLOWING PARAMETER:
     Parameter 14, %WITHIN%: CANF6M


THE MODEL ESTIMATION TERMINATED NORMALLY



MODEL FIT INFORMATION

Number of Free Parameters                       30

Loglikelihood

          H0 Value                       -8825.735
          H0 Scaling Correction Factor      1.0922
            for MLR

Information Criteria

          Akaike (AIC)                   17711.471
          Bayesian (BIC)                 17857.635
          Sample-Size Adjusted BIC       17762.355
            (n* = (n + 2) / 24)



MODEL RESULTS

                                                    Two-Tailed
                    Estimate       S.E.  Est./S.E.    P-Value

Within Level

 WASCOM     ON
    CANF6M             0.002      0.003      0.680      0.496
    DEMMAL             0.034      0.058      0.582      0.561
    DEMAGE            -0.007      0.012     -0.599      0.549
    COGPGS             0.268      0.176      1.526      0.127

 CANF6M   WITH
    DEMMAL             0.461      0.104      4.430      0.000
    DEMAGE            -3.546      0.589     -6.023      0.000
    COGPGS             0.029      0.055      0.527      0.598

 Means
    DEMAGE             0.000      0.083      0.003      0.998
    DEMMAL             0.000      0.017      0.000      1.000
    CANF6M             0.005      0.003      1.570      0.116
    COGPGS             0.000      0.001     -0.430      0.667

 Variances
    DEMAGE             6.399      0.459     13.943      0.000
    DEMMAL             0.234      0.004     56.688      0.000
    CANF6M            47.803      3.183     15.019      0.000
    COGPGS             0.018      0.002      8.979      0.000

 Residual Variances
    WASCOM             0.443      0.028     15.735      0.000

Between Level

 WASCOM     ON
    CANF6MBW           0.001      0.004      0.253      0.800
    COGPGSBW           0.322      0.100      3.218      0.001
    PC1BW             -5.362      0.850     -6.312      0.000
    PC2BW             -9.014      0.862    -10.454      0.000
    PC3BW             -0.676      0.562     -1.204      0.229
    PC4BW              0.214      0.994      0.216      0.829
    PC5BW              0.051      0.535      0.095      0.924

 CANF6MBW WITH
    COGPGSBW          -0.028      0.141     -0.202      0.840

 Means
    CANF6MBW           0.485      0.397      1.222      0.222
    COGPGSBW          -0.003      0.016     -0.206      0.837

 Intercepts
    WASCOM             0.002      0.032      0.056      0.956

 Variances
    CANF6MBW          76.983      4.410     17.454      0.000
    COGPGSBW           0.119      0.009     13.750      0.000

 Residual Variances
    WASCOM             0.259      0.032      8.224      0.000


STANDARDIZED MODEL RESULTS


STDYX Standardization

                                                    Two-Tailed
                    Estimate       S.E.  Est./S.E.    P-Value

Within Level

 WASCOM     ON
    CANF6M             0.023      0.033      0.677      0.498
    DEMMAL             0.025      0.042      0.581      0.561
    DEMAGE            -0.027      0.045     -0.595      0.552
    COGPGS             0.054      0.036      1.512      0.130

 CANF6M   WITH
    DEMMAL             0.138      0.030      4.522      0.000
    DEMAGE            -0.203      0.029     -6.970      0.000
    COGPGS             0.031      0.059      0.526      0.599

 Means
    DEMAGE             0.000      0.033      0.003      0.998
    DEMMAL             0.000      0.034      0.000      1.000
    CANF6M             0.001      0.000      1.573      0.116
    COGPGS            -0.003      0.007     -0.429      0.668

 Variances
    DEMAGE             1.000      0.000    999.000    999.000
    DEMMAL             1.000      0.000    999.000    999.000
    CANF6M             1.000      0.000    999.000    999.000
    COGPGS             1.000      0.000    999.000    999.000

 Residual Variances
    WASCOM             0.995      0.005    189.586      0.000

Between Level

 WASCOM     ON
    CANF6MBW           0.012      0.048      0.253      0.800
    COGPGSBW           0.173      0.055      3.160      0.002
    PC1BW             -0.317      0.049     -6.477      0.000
    PC2BW             -0.499      0.042    -11.737      0.000
    PC3BW             -0.025      0.021     -1.205      0.228
    PC4BW              0.010      0.045      0.216      0.829
    PC5BW              0.002      0.022      0.095      0.924

 CANF6MBW WITH
    COGPGSBW          -0.009      0.047     -0.202      0.840

 Means
    CANF6MBW           0.055      0.044      1.249      0.212
    COGPGSBW          -0.009      0.045     -0.206      0.837

 Intercepts
    WASCOM             0.003      0.050      0.056      0.956

 Variances
    CANF6MBW           1.000      0.000    999.000    999.000
    COGPGSBW           1.000      0.000    999.000    999.000

 Residual Variances
    WASCOM             0.625      0.048     13.002      0.000


R-SQUARE

Within Level

    Observed                                        Two-Tailed
    Variable        Estimate       S.E.  Est./S.E.    P-Value

    WASCOM             0.005      0.005      1.005      0.315

Between Level

    Observed                                        Two-Tailed
    Variable        Estimate       S.E.  Est./S.E.    P-Value

    WASCOM             0.375      0.048      7.808      0.000


QUALITY OF NUMERICAL RESULTS

     Condition Number for the Information Matrix             -0.132E-17
       (ratio of smallest to largest eigenvalue)


CONFIDENCE INTERVALS OF MODEL RESULTS

                  Lower .5%  Lower 2.5%    Lower 5%    Estimate    Upper 5%  Upper 2.5%   Upper .5%

Within Level

 WASCOM   ON
    CANF6M          -0.006      -0.004      -0.003       0.002       0.007       0.008       0.010
    DEMMAL          -0.116      -0.080      -0.062       0.034       0.130       0.148       0.184
    DEMAGE          -0.038      -0.030      -0.027      -0.007       0.012       0.016       0.023
    COGPGS          -0.185      -0.076      -0.021       0.268       0.558       0.613       0.721

 CANF6M   WITH
    DEMMAL           0.193       0.257       0.290       0.461       0.632       0.664       0.728
    DEMAGE          -5.063      -4.700      -4.515      -3.546      -2.578      -2.392      -2.030
    COGPGS          -0.112      -0.078      -0.061       0.029       0.119       0.136       0.170

 Means
    DEMAGE          -0.213      -0.162      -0.136       0.000       0.137       0.163       0.214
    DEMMAL          -0.043      -0.032      -0.027       0.000       0.027       0.032       0.043
    CANF6M          -0.003      -0.001       0.000       0.005       0.010       0.011       0.013
    COGPGS          -0.003      -0.002      -0.002       0.000       0.001       0.001       0.002

 Variances
    DEMAGE           5.217       5.499       5.644       6.399       7.154       7.298       7.581
    DEMMAL           0.224       0.226       0.228       0.234       0.241       0.243       0.245
    CANF6M          39.605      41.565      42.568      47.803      53.039      54.041      56.001
    COGPGS           0.013       0.014       0.015       0.018       0.022       0.022       0.023

 Residual Variances
    WASCOM           0.370       0.388       0.397       0.443       0.489       0.498       0.515

Between Level

 WASCOM   ON
    CANF6MBW        -0.008      -0.006      -0.005       0.001       0.007       0.008       0.010
    COGPGSBW         0.064       0.126       0.157       0.322       0.486       0.518       0.579
    PC1BW           -7.550      -7.027      -6.759      -5.362      -3.965      -3.697      -3.174
    PC2BW          -11.236     -10.705     -10.433      -9.014      -7.596      -7.324      -6.793
    PC3BW           -2.123      -1.777      -1.600      -0.676       0.248       0.425       0.771
    PC4BW           -2.345      -1.733      -1.420       0.214       1.849       2.162       2.774
    PC5BW           -1.327      -0.998      -0.829       0.051       0.931       1.099       1.429

 CANF6MBW WITH
    COGPGSBW        -0.392      -0.305      -0.261      -0.028       0.204       0.248       0.335

 Means
    CANF6MBW        -0.537      -0.293      -0.168       0.485       1.137       1.262       1.506
    COGPGSBW        -0.043      -0.034      -0.029      -0.003       0.022       0.027       0.037

 Intercepts
    WASCOM          -0.081      -0.061      -0.051       0.002       0.054       0.064       0.084

 Variances
    CANF6MBW        65.622      68.338      69.728      76.983      84.238      85.627      88.343
    COGPGSBW         0.097       0.102       0.105       0.119       0.134       0.136       0.142

 Residual Variances
    WASCOM           0.178       0.198       0.208       0.259       0.311       0.321       0.341


CONFIDENCE INTERVALS OF STANDARDIZED MODEL RESULTS


STDYX Standardization

                  Lower .5%  Lower 2.5%    Lower 5%    Estimate    Upper 5%  Upper 2.5%   Upper .5%

Within Level

 WASCOM   ON
    CANF6M          -0.063      -0.043      -0.032       0.023       0.078       0.088       0.109
    DEMMAL          -0.084      -0.058      -0.045       0.025       0.094       0.108       0.134
    DEMAGE          -0.144      -0.116      -0.102      -0.027       0.048       0.062       0.090
    COGPGS          -0.038      -0.016      -0.005       0.054       0.113       0.125       0.147

 CANF6M   WITH
    DEMMAL           0.059       0.078       0.088       0.138       0.188       0.197       0.216
    DEMAGE          -0.278      -0.260      -0.251      -0.203      -0.155      -0.146      -0.128
    COGPGS          -0.120      -0.084      -0.066       0.031       0.128       0.146       0.182

 Means
    DEMAGE          -0.084      -0.064      -0.054       0.000       0.054       0.064       0.085
    DEMMAL          -0.088      -0.067      -0.056       0.000       0.056       0.067       0.088
    CANF6M           0.000       0.000       0.000       0.001       0.001       0.002       0.002
    COGPGS          -0.020      -0.016      -0.014      -0.003       0.008       0.010       0.014

 Variances
    DEMAGE           1.000       1.000       1.000       1.000       1.000       1.000       1.000
    DEMMAL           1.000       1.000       1.000       1.000       1.000       1.000       1.000
    CANF6M           1.000       1.000       1.000       1.000       1.000       1.000       1.000
    COGPGS           1.000       1.000       1.000       1.000       1.000       1.000       1.000

 Residual Variances
    WASCOM           0.981       0.984       0.986       0.995       1.003       1.005       1.008

Between Level

 WASCOM   ON
    CANF6MBW        -0.112      -0.082      -0.067       0.012       0.092       0.107       0.136
    COGPGSBW         0.032       0.066       0.083       0.173       0.262       0.280       0.313
    PC1BW           -0.443      -0.413      -0.397      -0.317      -0.236      -0.221      -0.191
    PC2BW           -0.608      -0.582      -0.569      -0.499      -0.429      -0.415      -0.389
    PC3BW           -0.079      -0.066      -0.059      -0.025       0.009       0.016       0.029
    PC4BW           -0.106      -0.078      -0.064       0.010       0.083       0.098       0.125
    PC5BW           -0.055      -0.041      -0.034       0.002       0.038       0.045       0.059

 CANF6MBW WITH
    COGPGSBW        -0.129      -0.101      -0.086      -0.009       0.067       0.082       0.110

 Means
    CANF6MBW        -0.059      -0.031      -0.018       0.055       0.128       0.142       0.169
    COGPGSBW        -0.126      -0.098      -0.084      -0.009       0.065       0.079       0.107

 Intercepts
    WASCOM          -0.125      -0.095      -0.079       0.003       0.084       0.100       0.131

 Variances
    CANF6MBW         1.000       1.000       1.000       1.000       1.000       1.000       1.000
    COGPGSBW         1.000       1.000       1.000       1.000       1.000       1.000       1.000

 Residual Variances
    WASCOM           0.501       0.531       0.546       0.625       0.704       0.719       0.749


TECHNICAL 1 OUTPUT


     PARAMETER SPECIFICATION FOR WITHIN


           NU
              CANF6MBW      COGPGSBW      WASCOM        DEMAGE        DEMMAL
              ________      ________      ________      ________      ________
 1                  0             0             0             0             0


           NU
              CANF6M        COGPGS        PC1BW         PC2BW         PC3BW
              ________      ________      ________      ________      ________
 1                  0             0             0             0             0


           NU
              PC4BW         PC5BW
              ________      ________
 1                  0             0


           LAMBDA
              CANF6MBW      COGPGSBW      WASCOM        DEMAGE        DEMMAL
              ________      ________      ________      ________      ________
 CANF6MBW           0             0             0             0             0
 COGPGSBW           0             0             0             0             0
 WASCOM             0             0             0             0             0
 DEMAGE             0             0             0             0             0
 DEMMAL             0             0             0             0             0
 CANF6M             0             0             0             0             0
 COGPGS             0             0             0             0             0
 PC1BW              0             0             0             0             0
 PC2BW              0             0             0             0             0
 PC3BW              0             0             0             0             0
 PC4BW              0             0             0             0             0
 PC5BW              0             0             0             0             0


           LAMBDA
              CANF6M        COGPGS        PC1BW         PC2BW         PC3BW
              ________      ________      ________      ________      ________
 CANF6MBW           0             0             0             0             0
 COGPGSBW           0             0             0             0             0
 WASCOM             0             0             0             0             0
 DEMAGE             0             0             0             0             0
 DEMMAL             0             0             0             0             0
 CANF6M             0             0             0             0             0
 COGPGS             0             0             0             0             0
 PC1BW              0             0             0             0             0
 PC2BW              0             0             0             0             0
 PC3BW              0             0             0             0             0
 PC4BW              0             0             0             0             0
 PC5BW              0             0             0             0             0


           LAMBDA
              PC4BW         PC5BW
              ________      ________
 CANF6MBW           0             0
 COGPGSBW           0             0
 WASCOM             0             0
 DEMAGE             0             0
 DEMMAL             0             0
 CANF6M             0             0
 COGPGS             0             0
 PC1BW              0             0
 PC2BW              0             0
 PC3BW              0             0
 PC4BW              0             0
 PC5BW              0             0


           THETA
              CANF6MBW      COGPGSBW      WASCOM        DEMAGE        DEMMAL
              ________      ________      ________      ________      ________
 CANF6MBW           0
 COGPGSBW           0             0
 WASCOM             0             0             0
 DEMAGE             0             0             0             0
 DEMMAL             0             0             0             0             0
 CANF6M             0             0             0             0             0
 COGPGS             0             0             0             0             0
 PC1BW              0             0             0             0             0
 PC2BW              0             0             0             0             0
 PC3BW              0             0             0             0             0
 PC4BW              0             0             0             0             0
 PC5BW              0             0             0             0             0


           THETA
              CANF6M        COGPGS        PC1BW         PC2BW         PC3BW
              ________      ________      ________      ________      ________
 CANF6M             0
 COGPGS             0             0
 PC1BW              0             0             0
 PC2BW              0             0             0             0
 PC3BW              0             0             0             0             0
 PC4BW              0             0             0             0             0
 PC5BW              0             0             0             0             0


           THETA
              PC4BW         PC5BW
              ________      ________
 PC4BW              0
 PC5BW              0             0


           ALPHA
              CANF6MBW      COGPGSBW      WASCOM        DEMAGE        DEMMAL
              ________      ________      ________      ________      ________
 1                  0             0             0             1             2


           ALPHA
              CANF6M        COGPGS        PC1BW         PC2BW         PC3BW
              ________      ________      ________      ________      ________
 1                  3             4             0             0             0


           ALPHA
              PC4BW         PC5BW
              ________      ________
 1                  0             0


           BETA
              CANF6MBW      COGPGSBW      WASCOM        DEMAGE        DEMMAL
              ________      ________      ________      ________      ________
 CANF6MBW           0             0             0             0             0
 COGPGSBW           0             0             0             0             0
 WASCOM             0             0             0             5             6
 DEMAGE             0             0             0             0             0
 DEMMAL             0             0             0             0             0
 CANF6M             0             0             0             0             0
 COGPGS             0             0             0             0             0
 PC1BW              0             0             0             0             0
 PC2BW              0             0             0             0             0
 PC3BW              0             0             0             0             0
 PC4BW              0             0             0             0             0
 PC5BW              0             0             0             0             0


           BETA
              CANF6M        COGPGS        PC1BW         PC2BW         PC3BW
              ________      ________      ________      ________      ________
 CANF6MBW           0             0             0             0             0
 COGPGSBW           0             0             0             0             0
 WASCOM             7             8             0             0             0
 DEMAGE             0             0             0             0             0
 DEMMAL             0             0             0             0             0
 CANF6M             0             0             0             0             0
 COGPGS             0             0             0             0             0
 PC1BW              0             0             0             0             0
 PC2BW              0             0             0             0             0
 PC3BW              0             0             0             0             0
 PC4BW              0             0             0             0             0
 PC5BW              0             0             0             0             0


           BETA
              PC4BW         PC5BW
              ________      ________
 CANF6MBW           0             0
 COGPGSBW           0             0
 WASCOM             0             0
 DEMAGE             0             0
 DEMMAL             0             0
 CANF6M             0             0
 COGPGS             0             0
 PC1BW              0             0
 PC2BW              0             0
 PC3BW              0             0
 PC4BW              0             0
 PC5BW              0             0


           PSI
              CANF6MBW      COGPGSBW      WASCOM        DEMAGE        DEMMAL
              ________      ________      ________      ________      ________
 CANF6MBW           0
 COGPGSBW           0             0
 WASCOM             0             0             9
 DEMAGE             0             0             0            10
 DEMMAL             0             0             0             0            11
 CANF6M             0             0             0            12            13
 COGPGS             0             0             0             0             0
 PC1BW              0             0             0             0             0
 PC2BW              0             0             0             0             0
 PC3BW              0             0             0             0             0
 PC4BW              0             0             0             0             0
 PC5BW              0             0             0             0             0


           PSI
              CANF6M        COGPGS        PC1BW         PC2BW         PC3BW
              ________      ________      ________      ________      ________
 CANF6M            14
 COGPGS            15            16
 PC1BW              0             0             0
 PC2BW              0             0             0             0
 PC3BW              0             0             0             0             0
 PC4BW              0             0             0             0             0
 PC5BW              0             0             0             0             0


           PSI
              PC4BW         PC5BW
              ________      ________
 PC4BW              0
 PC5BW              0             0


     PARAMETER SPECIFICATION FOR BETWEEN


           NU
              CANF6MBW      COGPGSBW      WASCOM        DEMAGE        DEMMAL
              ________      ________      ________      ________      ________
 1                  0             0             0             0             0


           NU
              CANF6M        COGPGS        PC1BW         PC2BW         PC3BW
              ________      ________      ________      ________      ________
 1                  0             0             0             0             0


           NU
              PC4BW         PC5BW
              ________      ________
 1                  0             0


           LAMBDA
              CANF6MBW      COGPGSBW      WASCOM        DEMAGE        DEMMAL
              ________      ________      ________      ________      ________
 CANF6MBW           0             0             0             0             0
 COGPGSBW           0             0             0             0             0
 WASCOM             0             0             0             0             0
 DEMAGE             0             0             0             0             0
 DEMMAL             0             0             0             0             0
 CANF6M             0             0             0             0             0
 COGPGS             0             0             0             0             0
 PC1BW              0             0             0             0             0
 PC2BW              0             0             0             0             0
 PC3BW              0             0             0             0             0
 PC4BW              0             0             0             0             0
 PC5BW              0             0             0             0             0


           LAMBDA
              CANF6M        COGPGS        PC1BW         PC2BW         PC3BW
              ________      ________      ________      ________      ________
 CANF6MBW           0             0             0             0             0
 COGPGSBW           0             0             0             0             0
 WASCOM             0             0             0             0             0
 DEMAGE             0             0             0             0             0
 DEMMAL             0             0             0             0             0
 CANF6M             0             0             0             0             0
 COGPGS             0             0             0             0             0
 PC1BW              0             0             0             0             0
 PC2BW              0             0             0             0             0
 PC3BW              0             0             0             0             0
 PC4BW              0             0             0             0             0
 PC5BW              0             0             0             0             0


           LAMBDA
              PC4BW         PC5BW
              ________      ________
 CANF6MBW           0             0
 COGPGSBW           0             0
 WASCOM             0             0
 DEMAGE             0             0
 DEMMAL             0             0
 CANF6M             0             0
 COGPGS             0             0
 PC1BW              0             0
 PC2BW              0             0
 PC3BW              0             0
 PC4BW              0             0
 PC5BW              0             0


           THETA
              CANF6MBW      COGPGSBW      WASCOM        DEMAGE        DEMMAL
              ________      ________      ________      ________      ________
 CANF6MBW           0
 COGPGSBW           0             0
 WASCOM             0             0             0
 DEMAGE             0             0             0             0
 DEMMAL             0             0             0             0             0
 CANF6M             0             0             0             0             0
 COGPGS             0             0             0             0             0
 PC1BW              0             0             0             0             0
 PC2BW              0             0             0             0             0
 PC3BW              0             0             0             0             0
 PC4BW              0             0             0             0             0
 PC5BW              0             0             0             0             0


           THETA
              CANF6M        COGPGS        PC1BW         PC2BW         PC3BW
              ________      ________      ________      ________      ________
 CANF6M             0
 COGPGS             0             0
 PC1BW              0             0             0
 PC2BW              0             0             0             0
 PC3BW              0             0             0             0             0
 PC4BW              0             0             0             0             0
 PC5BW              0             0             0             0             0


           THETA
              PC4BW         PC5BW
              ________      ________
 PC4BW              0
 PC5BW              0             0


           ALPHA
              CANF6MBW      COGPGSBW      WASCOM        DEMAGE        DEMMAL
              ________      ________      ________      ________      ________
 1                 17            18            19             0             0


           ALPHA
              CANF6M        COGPGS        PC1BW         PC2BW         PC3BW
              ________      ________      ________      ________      ________
 1                  0             0             0             0             0


           ALPHA
              PC4BW         PC5BW
              ________      ________
 1                  0             0


           BETA
              CANF6MBW      COGPGSBW      WASCOM        DEMAGE        DEMMAL
              ________      ________      ________      ________      ________
 CANF6MBW           0             0             0             0             0
 COGPGSBW           0             0             0             0             0
 WASCOM            20            21             0             0             0
 DEMAGE             0             0             0             0             0
 DEMMAL             0             0             0             0             0
 CANF6M             0             0             0             0             0
 COGPGS             0             0             0             0             0
 PC1BW              0             0             0             0             0
 PC2BW              0             0             0             0             0
 PC3BW              0             0             0             0             0
 PC4BW              0             0             0             0             0
 PC5BW              0             0             0             0             0


           BETA
              CANF6M        COGPGS        PC1BW         PC2BW         PC3BW
              ________      ________      ________      ________      ________
 CANF6MBW           0             0             0             0             0
 COGPGSBW           0             0             0             0             0
 WASCOM             0             0            22            23            24
 DEMAGE             0             0             0             0             0
 DEMMAL             0             0             0             0             0
 CANF6M             0             0             0             0             0
 COGPGS             0             0             0             0             0
 PC1BW              0             0             0             0             0
 PC2BW              0             0             0             0             0
 PC3BW              0             0             0             0             0
 PC4BW              0             0             0             0             0
 PC5BW              0             0             0             0             0


           BETA
              PC4BW         PC5BW
              ________      ________
 CANF6MBW           0             0
 COGPGSBW           0             0
 WASCOM            25            26
 DEMAGE             0             0
 DEMMAL             0             0
 CANF6M             0             0
 COGPGS             0             0
 PC1BW              0             0
 PC2BW              0             0
 PC3BW              0             0
 PC4BW              0             0
 PC5BW              0             0


           PSI
              CANF6MBW      COGPGSBW      WASCOM        DEMAGE        DEMMAL
              ________      ________      ________      ________      ________
 CANF6MBW          27
 COGPGSBW          28            29
 WASCOM             0             0            30
 DEMAGE             0             0             0             0
 DEMMAL             0             0             0             0             0
 CANF6M             0             0             0             0             0
 COGPGS             0             0             0             0             0
 PC1BW              0             0             0             0             0
 PC2BW              0             0             0             0             0
 PC3BW              0             0             0             0             0
 PC4BW              0             0             0             0             0
 PC5BW              0             0             0             0             0


           PSI
              CANF6M        COGPGS        PC1BW         PC2BW         PC3BW
              ________      ________      ________      ________      ________
 CANF6M             0
 COGPGS             0             0
 PC1BW              0             0             0
 PC2BW              0             0             0             0
 PC3BW              0             0             0             0             0
 PC4BW              0             0             0             0             0
 PC5BW              0             0             0             0             0


           PSI
              PC4BW         PC5BW
              ________      ________
 PC4BW              0
 PC5BW              0             0


     STARTING VALUES FOR WITHIN


           NU
              CANF6MBW      COGPGSBW      WASCOM        DEMAGE        DEMMAL
              ________      ________      ________      ________      ________
 1              0.000         0.000         0.000         0.000         0.000


           NU
              CANF6M        COGPGS        PC1BW         PC2BW         PC3BW
              ________      ________      ________      ________      ________
 1              0.000         0.000         0.000         0.000         0.000


           NU
              PC4BW         PC5BW
              ________      ________
 1              0.000         0.000


           LAMBDA
              CANF6MBW      COGPGSBW      WASCOM        DEMAGE        DEMMAL
              ________      ________      ________      ________      ________
 CANF6MBW       1.000         0.000         0.000         0.000         0.000
 COGPGSBW       0.000         1.000         0.000         0.000         0.000
 WASCOM         0.000         0.000         1.000         0.000         0.000
 DEMAGE         0.000         0.000         0.000         1.000         0.000
 DEMMAL         0.000         0.000         0.000         0.000         1.000
 CANF6M         0.000         0.000         0.000         0.000         0.000
 COGPGS         0.000         0.000         0.000         0.000         0.000
 PC1BW          0.000         0.000         0.000         0.000         0.000
 PC2BW          0.000         0.000         0.000         0.000         0.000
 PC3BW          0.000         0.000         0.000         0.000         0.000
 PC4BW          0.000         0.000         0.000         0.000         0.000
 PC5BW          0.000         0.000         0.000         0.000         0.000


           LAMBDA
              CANF6M        COGPGS        PC1BW         PC2BW         PC3BW
              ________      ________      ________      ________      ________
 CANF6MBW       0.000         0.000         0.000         0.000         0.000
 COGPGSBW       0.000         0.000         0.000         0.000         0.000
 WASCOM         0.000         0.000         0.000         0.000         0.000
 DEMAGE         0.000         0.000         0.000         0.000         0.000
 DEMMAL         0.000         0.000         0.000         0.000         0.000
 CANF6M         1.000         0.000         0.000         0.000         0.000
 COGPGS         0.000         1.000         0.000         0.000         0.000
 PC1BW          0.000         0.000         1.000         0.000         0.000
 PC2BW          0.000         0.000         0.000         1.000         0.000
 PC3BW          0.000         0.000         0.000         0.000         1.000
 PC4BW          0.000         0.000         0.000         0.000         0.000
 PC5BW          0.000         0.000         0.000         0.000         0.000


           LAMBDA
              PC4BW         PC5BW
              ________      ________
 CANF6MBW       0.000         0.000
 COGPGSBW       0.000         0.000
 WASCOM         0.000         0.000
 DEMAGE         0.000         0.000
 DEMMAL         0.000         0.000
 CANF6M         0.000         0.000
 COGPGS         0.000         0.000
 PC1BW          0.000         0.000
 PC2BW          0.000         0.000
 PC3BW          0.000         0.000
 PC4BW          1.000         0.000
 PC5BW          0.000         1.000


           THETA
              CANF6MBW      COGPGSBW      WASCOM        DEMAGE        DEMMAL
              ________      ________      ________      ________      ________
 CANF6MBW       0.000
 COGPGSBW       0.000         0.000
 WASCOM         0.000         0.000         0.000
 DEMAGE         0.000         0.000         0.000         0.000
 DEMMAL         0.000         0.000         0.000         0.000         0.000
 CANF6M         0.000         0.000         0.000         0.000         0.000
 COGPGS         0.000         0.000         0.000         0.000         0.000
 PC1BW          0.000         0.000         0.000         0.000         0.000
 PC2BW          0.000         0.000         0.000         0.000         0.000
 PC3BW          0.000         0.000         0.000         0.000         0.000
 PC4BW          0.000         0.000         0.000         0.000         0.000
 PC5BW          0.000         0.000         0.000         0.000         0.000


           THETA
              CANF6M        COGPGS        PC1BW         PC2BW         PC3BW
              ________      ________      ________      ________      ________
 CANF6M         0.000
 COGPGS         0.000         0.000
 PC1BW          0.000         0.000         0.000
 PC2BW          0.000         0.000         0.000         0.000
 PC3BW          0.000         0.000         0.000         0.000         0.000
 PC4BW          0.000         0.000         0.000         0.000         0.000
 PC5BW          0.000         0.000         0.000         0.000         0.000


           THETA
              PC4BW         PC5BW
              ________      ________
 PC4BW          0.000
 PC5BW          0.000         0.000


           ALPHA
              CANF6MBW      COGPGSBW      WASCOM        DEMAGE        DEMMAL
              ________      ________      ________      ________      ________
 1              0.000         0.000         0.000         0.000         0.000


           ALPHA
              CANF6M        COGPGS        PC1BW         PC2BW         PC3BW
              ________      ________      ________      ________      ________
 1              0.000         0.000         0.000         0.000         0.000


           ALPHA
              PC4BW         PC5BW
              ________      ________
 1              0.000         0.000


           BETA
              CANF6MBW      COGPGSBW      WASCOM        DEMAGE        DEMMAL
              ________      ________      ________      ________      ________
 CANF6MBW       0.000         0.000         0.000         0.000         0.000
 COGPGSBW       0.000         0.000         0.000         0.000         0.000
 WASCOM         0.000         0.000         0.000         0.000         0.000
 DEMAGE         0.000         0.000         0.000         0.000         0.000
 DEMMAL         0.000         0.000         0.000         0.000         0.000
 CANF6M         0.000         0.000         0.000         0.000         0.000
 COGPGS         0.000         0.000         0.000         0.000         0.000
 PC1BW          0.000         0.000         0.000         0.000         0.000
 PC2BW          0.000         0.000         0.000         0.000         0.000
 PC3BW          0.000         0.000         0.000         0.000         0.000
 PC4BW          0.000         0.000         0.000         0.000         0.000
 PC5BW          0.000         0.000         0.000         0.000         0.000


           BETA
              CANF6M        COGPGS        PC1BW         PC2BW         PC3BW
              ________      ________      ________      ________      ________
 CANF6MBW       0.000         0.000         0.000         0.000         0.000
 COGPGSBW       0.000         0.000         0.000         0.000         0.000
 WASCOM         0.000         0.000         0.000         0.000         0.000
 DEMAGE         0.000         0.000         0.000         0.000         0.000
 DEMMAL         0.000         0.000         0.000         0.000         0.000
 CANF6M         0.000         0.000         0.000         0.000         0.000
 COGPGS         0.000         0.000         0.000         0.000         0.000
 PC1BW          0.000         0.000         0.000         0.000         0.000
 PC2BW          0.000         0.000         0.000         0.000         0.000
 PC3BW          0.000         0.000         0.000         0.000         0.000
 PC4BW          0.000         0.000         0.000         0.000         0.000
 PC5BW          0.000         0.000         0.000         0.000         0.000


           BETA
              PC4BW         PC5BW
              ________      ________
 CANF6MBW       0.000         0.000
 COGPGSBW       0.000         0.000
 WASCOM         0.000         0.000
 DEMAGE         0.000         0.000
 DEMMAL         0.000         0.000
 CANF6M         0.000         0.000
 COGPGS         0.000         0.000
 PC1BW          0.000         0.000
 PC2BW          0.000         0.000
 PC3BW          0.000         0.000
 PC4BW          0.000         0.000
 PC5BW          0.000         0.000


           PSI
              CANF6MBW      COGPGSBW      WASCOM        DEMAGE        DEMMAL
              ________      ________      ________      ________      ________
 CANF6MBW       0.000
 COGPGSBW       0.000         0.000
 WASCOM         0.000         0.000         0.442
 DEMAGE         0.000         0.000         0.000         3.199
 DEMMAL         0.000         0.000         0.000         0.000         0.117
 CANF6M         0.000         0.000         0.000         0.000         0.000
 COGPGS         0.000         0.000         0.000         0.000         0.000
 PC1BW          0.000         0.000         0.000         0.000         0.000
 PC2BW          0.000         0.000         0.000         0.000         0.000
 PC3BW          0.000         0.000         0.000         0.000         0.000
 PC4BW          0.000         0.000         0.000         0.000         0.000
 PC5BW          0.000         0.000         0.000         0.000         0.000


           PSI
              CANF6M        COGPGS        PC1BW         PC2BW         PC3BW
              ________      ________      ________      ________      ________
 CANF6M        24.115
 COGPGS         0.000         0.009
 PC1BW          0.000         0.000         0.000
 PC2BW          0.000         0.000         0.000         0.000
 PC3BW          0.000         0.000         0.000         0.000         0.000
 PC4BW          0.000         0.000         0.000         0.000         0.000
 PC5BW          0.000         0.000         0.000         0.000         0.000


           PSI
              PC4BW         PC5BW
              ________      ________
 PC4BW          0.000
 PC5BW          0.000         0.000


     STARTING VALUES FOR BETWEEN


           NU
              CANF6MBW      COGPGSBW      WASCOM        DEMAGE        DEMMAL
              ________      ________      ________      ________      ________
 1              0.000         0.000         0.000         0.000         0.000


           NU
              CANF6M        COGPGS        PC1BW         PC2BW         PC3BW
              ________      ________      ________      ________      ________
 1              0.000         0.000         0.000         0.000         0.000


           NU
              PC4BW         PC5BW
              ________      ________
 1              0.000         0.000


           LAMBDA
              CANF6MBW      COGPGSBW      WASCOM        DEMAGE        DEMMAL
              ________      ________      ________      ________      ________
 CANF6MBW       1.000         0.000         0.000         0.000         0.000
 COGPGSBW       0.000         1.000         0.000         0.000         0.000
 WASCOM         0.000         0.000         1.000         0.000         0.000
 DEMAGE         0.000         0.000         0.000         1.000         0.000
 DEMMAL         0.000         0.000         0.000         0.000         1.000
 CANF6M         0.000         0.000         0.000         0.000         0.000
 COGPGS         0.000         0.000         0.000         0.000         0.000
 PC1BW          0.000         0.000         0.000         0.000         0.000
 PC2BW          0.000         0.000         0.000         0.000         0.000
 PC3BW          0.000         0.000         0.000         0.000         0.000
 PC4BW          0.000         0.000         0.000         0.000         0.000
 PC5BW          0.000         0.000         0.000         0.000         0.000


           LAMBDA
              CANF6M        COGPGS        PC1BW         PC2BW         PC3BW
              ________      ________      ________      ________      ________
 CANF6MBW       0.000         0.000         0.000         0.000         0.000
 COGPGSBW       0.000         0.000         0.000         0.000         0.000
 WASCOM         0.000         0.000         0.000         0.000         0.000
 DEMAGE         0.000         0.000         0.000         0.000         0.000
 DEMMAL         0.000         0.000         0.000         0.000         0.000
 CANF6M         1.000         0.000         0.000         0.000         0.000
 COGPGS         0.000         1.000         0.000         0.000         0.000
 PC1BW          0.000         0.000         1.000         0.000         0.000
 PC2BW          0.000         0.000         0.000         1.000         0.000
 PC3BW          0.000         0.000         0.000         0.000         1.000
 PC4BW          0.000         0.000         0.000         0.000         0.000
 PC5BW          0.000         0.000         0.000         0.000         0.000


           LAMBDA
              PC4BW         PC5BW
              ________      ________
 CANF6MBW       0.000         0.000
 COGPGSBW       0.000         0.000
 WASCOM         0.000         0.000
 DEMAGE         0.000         0.000
 DEMMAL         0.000         0.000
 CANF6M         0.000         0.000
 COGPGS         0.000         0.000
 PC1BW          0.000         0.000
 PC2BW          0.000         0.000
 PC3BW          0.000         0.000
 PC4BW          1.000         0.000
 PC5BW          0.000         1.000


           THETA
              CANF6MBW      COGPGSBW      WASCOM        DEMAGE        DEMMAL
              ________      ________      ________      ________      ________
 CANF6MBW       0.000
 COGPGSBW       0.000         0.000
 WASCOM         0.000         0.000         0.000
 DEMAGE         0.000         0.000         0.000         0.000
 DEMMAL         0.000         0.000         0.000         0.000         0.000
 CANF6M         0.000         0.000         0.000         0.000         0.000
 COGPGS         0.000         0.000         0.000         0.000         0.000
 PC1BW          0.000         0.000         0.000         0.000         0.000
 PC2BW          0.000         0.000         0.000         0.000         0.000
 PC3BW          0.000         0.000         0.000         0.000         0.000
 PC4BW          0.000         0.000         0.000         0.000         0.000
 PC5BW          0.000         0.000         0.000         0.000         0.000


           THETA
              CANF6M        COGPGS        PC1BW         PC2BW         PC3BW
              ________      ________      ________      ________      ________
 CANF6M         0.000
 COGPGS         0.000         0.000
 PC1BW          0.000         0.000         0.000
 PC2BW          0.000         0.000         0.000         0.000
 PC3BW          0.000         0.000         0.000         0.000         0.000
 PC4BW          0.000         0.000         0.000         0.000         0.000
 PC5BW          0.000         0.000         0.000         0.000         0.000


           THETA
              PC4BW         PC5BW
              ________      ________
 PC4BW          0.000
 PC5BW          0.000         0.000


           ALPHA
              CANF6MBW      COGPGSBW      WASCOM        DEMAGE        DEMMAL
              ________      ________      ________      ________      ________
 1              0.000         0.000         0.000         0.000         0.000


           ALPHA
              CANF6M        COGPGS        PC1BW         PC2BW         PC3BW
              ________      ________      ________      ________      ________
 1              0.000         0.000         0.000         0.000         0.000


           ALPHA
              PC4BW         PC5BW
              ________      ________
 1              0.000         0.000


           BETA
              CANF6MBW      COGPGSBW      WASCOM        DEMAGE        DEMMAL
              ________      ________      ________      ________      ________
 CANF6MBW       0.000         0.000         0.000         0.000         0.000
 COGPGSBW       0.000         0.000         0.000         0.000         0.000
 WASCOM         0.000         0.000         0.000         0.000         0.000
 DEMAGE         0.000         0.000         0.000         0.000         0.000
 DEMMAL         0.000         0.000         0.000         0.000         0.000
 CANF6M         0.000         0.000         0.000         0.000         0.000
 COGPGS         0.000         0.000         0.000         0.000         0.000
 PC1BW          0.000         0.000         0.000         0.000         0.000
 PC2BW          0.000         0.000         0.000         0.000         0.000
 PC3BW          0.000         0.000         0.000         0.000         0.000
 PC4BW          0.000         0.000         0.000         0.000         0.000
 PC5BW          0.000         0.000         0.000         0.000         0.000


           BETA
              CANF6M        COGPGS        PC1BW         PC2BW         PC3BW
              ________      ________      ________      ________      ________
 CANF6MBW       0.000         0.000         0.000         0.000         0.000
 COGPGSBW       0.000         0.000         0.000         0.000         0.000
 WASCOM         0.000         0.000         0.000         0.000         0.000
 DEMAGE         0.000         0.000         0.000         0.000         0.000
 DEMMAL         0.000         0.000         0.000         0.000         0.000
 CANF6M         0.000         0.000         0.000         0.000         0.000
 COGPGS         0.000         0.000         0.000         0.000         0.000
 PC1BW          0.000         0.000         0.000         0.000         0.000
 PC2BW          0.000         0.000         0.000         0.000         0.000
 PC3BW          0.000         0.000         0.000         0.000         0.000
 PC4BW          0.000         0.000         0.000         0.000         0.000
 PC5BW          0.000         0.000         0.000         0.000         0.000


           BETA
              PC4BW         PC5BW
              ________      ________
 CANF6MBW       0.000         0.000
 COGPGSBW       0.000         0.000
 WASCOM         0.000         0.000
 DEMAGE         0.000         0.000
 DEMMAL         0.000         0.000
 CANF6M         0.000         0.000
 COGPGS         0.000         0.000
 PC1BW          0.000         0.000
 PC2BW          0.000         0.000
 PC3BW          0.000         0.000
 PC4BW          0.000         0.000
 PC5BW          0.000         0.000


           PSI
              CANF6MBW      COGPGSBW      WASCOM        DEMAGE        DEMMAL
              ________      ________      ________      ________      ________
 CANF6MBW      35.148
 COGPGSBW       0.000         0.057
 WASCOM         0.000         0.000         0.442
 DEMAGE         0.000         0.000         0.000         0.000
 DEMMAL         0.000         0.000         0.000         0.000         0.000
 CANF6M         0.000         0.000         0.000         0.000         0.000
 COGPGS         0.000         0.000         0.000         0.000         0.000
 PC1BW          0.000         0.000         0.000         0.000         0.000
 PC2BW          0.000         0.000         0.000         0.000         0.000
 PC3BW          0.000         0.000         0.000         0.000         0.000
 PC4BW          0.000         0.000         0.000         0.000         0.000
 PC5BW          0.000         0.000         0.000         0.000         0.000


           PSI
              CANF6M        COGPGS        PC1BW         PC2BW         PC3BW
              ________      ________      ________      ________      ________
 CANF6M         0.000
 COGPGS         0.000         0.000
 PC1BW          0.000         0.000         0.001
 PC2BW          0.000         0.000         0.000         0.001
 PC3BW          0.000         0.000         0.000         0.000         0.000
 PC4BW          0.000         0.000         0.000         0.000         0.000
 PC5BW          0.000         0.000         0.000         0.000         0.000


           PSI
              PC4BW         PC5BW
              ________      ________
 PC4BW          0.001
 PC5BW          0.000         0.001


SAMPLE STATISTICS FOR ESTIMATED FACTOR SCORES


     SAMPLE STATISTICS


           Means
              B_WASCOM
              ________
 1              0.000


           Covariances
              B_WASCOM
              ________
 B_WASCOM       0.318


           Correlations
              B_WASCOM
              ________
 B_WASCOM       1.000


PLOT INFORMATION

The following plots are available:

  Histograms (sample values)
  Scatterplots (sample values)

     Beginning Time:  12:54:49
        Ending Time:  12:54:50
       Elapsed Time:  00:00:01



MUTHEN & MUTHEN
3463 Stoner Ave.
Los Angeles, CA  90066

Tel: (310) 391-9971
Fax: (310) 391-8971
Web: www.StatModel.com
Support: Support@StatModel.com

Copyright (c) 1998-2015 Muthen & Muthen
