Mplus VERSION 7.4 (Mac)
MUTHEN & MUTHEN
07/30/2019  12:54 PM

INPUT INSTRUCTIONS


  TITLE: CANF6M_TRLATS_2;

  DATA:
  	FILE = GD190618.csv;

  VARIABLE:
  	NAMES =
  			ID_Fam   Wave     ID_MPL
  			DEMMAL   DEMAGE   DEMHSP   DEMRAC
  			SRPWCR
  			WASVCB   WASBLK   WASDGT   WSISUM
  			TRLATS   TRLBTS
  			CVLASF   CVLASC   CVLALF   CVLALC
  			WASCOM   COGCOM   CVLCOM
  			CANEVR   CANONS   CANFLF
  			CANFTY   CANF6M   CANAC6
  			CANYRS
  			ALCEVR   ALCONS   ALCFLF
  			ALCFTY   ALCF6M   ALCAC6
  			ALCYRS
  			SRPWCRDt WASVCBDt WASBLKDt
  			WASDGTDt WSISUMDt TRLATSDt
  			TRLBTSDt CVLASFDt CVLASCDt
  			CVLALFDt CVLALCDt WASCOMDt
  			COGCOMDt CVLCOMDt
  			COGPGS
  			PC1 PC2 PC3 PC4 PC5 PC6
  		;
  	USEVARIABLES =
  		! outcome
  	  		TRLATS
    		! covariates
  	  		DEMAGE
    			DEMMAL  		
    		! within predictor
    			CANF6M
    			COGPGS
    		! between predictor
    			CANF6MBW
    			COGPGSBW
    			PC1BW
    			PC2BW
    			PC3BW
    			PC4BW
    			PC5BW	
    		;
    	USEOBSERVATION =
    			(Wave EQ 2 AND TRLATSDt EQ 1)
    		;
    	CLUSTER =
    			ID_Fam
    		;
    	MISSING = .;
    	BETWEEN =   		
    			CANF6MBW
    			COGPGSBW
    			PC1BW
    			PC2BW
    			PC3BW
    			PC4BW
    			PC5BW			
    		;
    	WITHIN  		
    			CANF6M
    			COGPGS
    			DEMAGE
    			DEMMAL
    		;  		

  DEFINE:
  	! CREATE BW FAM PREDICTOR
  		CANF6MBW = cluster_mean (CANF6M);	
  		COGPGSBW = cluster_mean (COGPGS);
  		PC1BW = cluster_mean (PC1);
  		PC2BW = cluster_mean (PC2);
  		PC3BW = cluster_mean (PC3);
  		PC4BW = cluster_mean (PC4);
  		PC5BW = cluster_mean (PC5);
  	! CENTER WI FAM VARIABLES
  		CENTER CANF6M (GROUPMEAN);
  		CENTER COGPGS (GROUPMEAN);
  		CENTER DEMMAL (GRANDMEAN);
  		CENTER DEMAGE (GRANDMEAN);
  	! CENTER BW FAM VARIABLES
  		CENTER CANF6MBW (GRANDMEAN);
  		CENTER COGPGSBW (GRANDMEAN);
  		CENTER PC1BW (GRANDMEAN);
  		CENTER PC2BW (GRANDMEAN);
  		CENTER PC3BW (GRANDMEAN);
  		CENTER PC4BW (GRANDMEAN);
  		CENTER PC5BW (GRANDMEAN);

  ANALYSIS:
          ITERATIONS = 1000000;
          TYPE = TWOLEVEL RANDOM;
          ALGORITHM = INTEGRATION;

  OUTPUT:
  	SAMPSTAT STDYX TECH1 CINT;

  MODEL:
  %WITHIN%
  	TRLATS on CANF6M;
  	TRLATS on  DEMMAL DEMAGE COGPGS;	
  	COGPGS*;
  	TRLATS*;
  	CANF6M WITH DEMMAL*;
  	CANF6M WITH DEMAGE*;
  	CANF6M WITH COGPGS*;

  %BETWEEN%
  	TRLATS on CANF6MBW COGPGSBW
  		 	    PC1BW PC2BW PC3BW PC4BW PC5BW;
  	COGPGSBW*;
  	TRLATS*;
  	CANF6MBW WITH COGPGSBW*;

  PLOT:
  	TYPE = plot3;



*** WARNING
  Data set contains cases with missing on x-variables.
  These cases were not included in the analysis.
  Number of cases with missing on x-variables:  114
   1 WARNING(S) FOUND IN THE INPUT INSTRUCTIONS



CANF6M_TRLATS_2;

SUMMARY OF ANALYSIS

Number of groups                                                 1
Number of observations                                         779

Number of dependent variables                                    1
Number of independent variables                                 11
Number of continuous latent variables                            0

Observed dependent variables

  Continuous
   TRLATS

Observed independent variables
   DEMAGE      DEMMAL      CANF6M      COGPGS      CANF6MBW    COGPGSBW
   PC1BW       PC2BW       PC3BW       PC4BW       PC5BW

Variables with special functions

  Cluster variable      ID_FAM

  Within variables
   DEMAGE      DEMMAL      CANF6M      COGPGS

  Between variables
   CANF6MBW    COGPGSBW    PC1BW       PC2BW       PC3BW       PC4BW
   PC5BW

  Centering (GRANDMEAN)
   DEMMAL      DEMAGE      CANF6MBW    COGPGSBW
   PC1BW       PC2BW       PC3BW       PC4BW       PC5BW

  Centering (GROUPMEAN)
   CANF6M      COGPGS


Estimator                                                      MLR
Information matrix                                        OBSERVED
Optimization Specifications for the Quasi-Newton Algorithm for
Continuous Outcomes
  Maximum number of iterations                             1000000
  Convergence criterion                                  0.100D-05
Optimization Specifications for the EM Algorithm
  Maximum number of iterations                                 500
  Convergence criteria
    Loglikelihood change                                 0.100D-02
    Relative loglikelihood change                        0.100D-05
    Derivative                                           0.100D-02
Optimization Specifications for the M step of the EM Algorithm for
Categorical Latent variables
  Number of M step iterations                                    1
  M step convergence criterion                           0.100D-02
  Basis for M step termination                           ITERATION
Optimization Specifications for the M step of the EM Algorithm for
Censored, Binary or Ordered Categorical (Ordinal), Unordered
Categorical (Nominal) and Count Outcomes
  Number of M step iterations                                    1
  M step convergence criterion                           0.100D-02
  Basis for M step termination                           ITERATION
  Maximum value for logit thresholds                            15
  Minimum value for logit thresholds                           -15
  Minimum expected cell size for chi-square              0.100D-01
Maximum number of iterations for H1                           2000
Convergence criterion for H1                             0.100D-03
Optimization algorithm                                         EMA
Integration Specifications
  Type                                                    STANDARD
  Number of integration points                                  15
  Dimensions of numerical integration                            0
  Adaptive quadrature                                           ON
Cholesky                                                       OFF

Input data file(s)
  GD190618.csv
Input data format  FREE


SUMMARY OF DATA

     Number of missing data patterns             5
     Number of clusters                        398



COVARIANCE COVERAGE OF DATA

Minimum covariance coverage value   0.100


     PROPORTION OF DATA PRESENT FOR Y


           Covariance Coverage
              CANF6MBW      COGPGSBW      TRLATS        DEMAGE        DEMMAL
              ________      ________      ________      ________      ________
 CANF6MBW       1.000
 COGPGSBW       1.000         1.000
 TRLATS         0.908         0.908         0.908
 DEMAGE         0.999         0.999         0.908         0.999
 DEMMAL         0.999         0.999         0.908         0.999         0.999
 CANF6M         1.000         1.000         0.908         0.999         0.999
 COGPGS         0.759         0.759         0.694         0.759         0.759
 PC1BW          1.000         1.000         0.908         0.999         0.999
 PC2BW          1.000         1.000         0.908         0.999         0.999
 PC3BW          1.000         1.000         0.908         0.999         0.999
 PC4BW          1.000         1.000         0.908         0.999         0.999
 PC5BW          1.000         1.000         0.908         0.999         0.999


           Covariance Coverage
              CANF6M        COGPGS        PC1BW         PC2BW         PC3BW
              ________      ________      ________      ________      ________
 CANF6M         1.000
 COGPGS         0.759         0.759
 PC1BW          1.000         0.759         1.000
 PC2BW          1.000         0.759         1.000         1.000
 PC3BW          1.000         0.759         1.000         1.000         1.000
 PC4BW          1.000         0.759         1.000         1.000         1.000
 PC5BW          1.000         0.759         1.000         1.000         1.000


           Covariance Coverage
              PC4BW         PC5BW
              ________      ________
 PC4BW          1.000
 PC5BW          1.000         1.000


SAMPLE STATISTICS


     ESTIMATED SAMPLE STATISTICS


           Means
              CANF6MBW      COGPGSBW      TRLATS        DEMAGE        DEMMAL
              ________      ________      ________      ________      ________
 1              0.000         0.000        51.018         0.000         0.000


           Means
              CANF6M        COGPGS        PC1BW         PC2BW         PC3BW
              ________      ________      ________      ________      ________
 1              0.000        -0.001         0.000         0.000         0.000


           Means
              PC4BW         PC5BW
              ________      ________
 1              0.000         0.000


           Covariances
              CANF6MBW      COGPGSBW      TRLATS        DEMAGE        DEMMAL
              ________      ________      ________      ________      ________
 CANF6MBW      84.527
 COGPGSBW       0.085         0.109
 TRLATS         2.143         0.039       134.919
 DEMAGE        -2.822         0.026        -0.278         8.322
 DEMMAL         0.583         0.011        -0.363        -0.165         0.238
 CANF6M         0.000         0.000         4.304        -1.727         0.638
 COGPGS        -0.008         0.000        -0.055        -0.004         0.003
 PC1BW         -0.017        -0.003         0.008         0.005        -0.001
 PC2BW         -0.047        -0.001        -0.017        -0.003        -0.002
 PC3BW         -0.010         0.000         0.008        -0.002         0.000
 PC4BW          0.004         0.001        -0.004         0.003         0.001
 PC5BW          0.003         0.000        -0.005         0.003         0.000


           Covariances
              CANF6M        COGPGS        PC1BW         PC2BW         PC3BW
              ________      ________      ________      ________      ________
 CANF6M        53.544
 COGPGS         0.127         0.021
 PC1BW          0.000         0.000         0.001
 PC2BW          0.000         0.000         0.000         0.001
 PC3BW          0.000         0.000         0.000         0.000         0.001
 PC4BW          0.000         0.000         0.000         0.000         0.000
 PC5BW          0.000         0.000         0.000         0.000         0.000


           Covariances
              PC4BW         PC5BW
              ________      ________
 PC4BW          0.001
 PC5BW          0.000         0.001


           Correlations
              CANF6MBW      COGPGSBW      TRLATS        DEMAGE        DEMMAL
              ________      ________      ________      ________      ________
 CANF6MBW       1.000
 COGPGSBW       0.028         1.000
 TRLATS         0.020         0.010         1.000
 DEMAGE        -0.106         0.027        -0.008         1.000
 DEMMAL         0.130         0.067        -0.064        -0.117         1.000
 CANF6M         0.000         0.000         0.051        -0.082         0.179
 COGPGS        -0.006         0.000        -0.033        -0.010         0.045
 PC1BW         -0.051        -0.249         0.019         0.044        -0.042
 PC2BW         -0.140        -0.050        -0.041        -0.032        -0.086
 PC3BW         -0.030         0.013         0.019        -0.024         0.026
 PC4BW          0.011         0.102        -0.010         0.026         0.067
 PC5BW          0.010        -0.035        -0.012         0.031         0.023


           Correlations
              CANF6M        COGPGS        PC1BW         PC2BW         PC3BW
              ________      ________      ________      ________      ________
 CANF6M         1.000
 COGPGS         0.120         1.000
 PC1BW          0.000         0.001         1.000
 PC2BW          0.000        -0.001        -0.002         1.000
 PC3BW          0.000         0.000         0.006         0.010         1.000
 PC4BW          0.000         0.001        -0.006        -0.015         0.011
 PC5BW          0.000        -0.001        -0.013         0.005         0.001


           Correlations
              PC4BW         PC5BW
              ________      ________
 PC4BW          1.000
 PC5BW          0.000         1.000


     MAXIMUM LOG-LIKELIHOOD VALUE FOR THE UNRESTRICTED (H1) MODEL IS -3127.529


UNIVARIATE SAMPLE STATISTICS


     UNIVARIATE HIGHER-ORDER MOMENT DESCRIPTIVE STATISTICS

         Variable/         Mean/     Skewness/   Minimum/ % with                Percentiles
        Sample Size      Variance    Kurtosis    Maximum  Min/Max      20%/60%    40%/80%    Median

     CANF6MBW              0.493       0.926      -8.062   25.38%      -8.062     -7.227     -3.895
             398.000      96.315      -0.339      21.938    7.54%       0.328      7.353
     COGPGSBW              0.000       0.005      -1.029    0.25%      -0.290     -0.082     -0.007
             398.000       0.114       0.395       1.215    0.25%       0.074      0.288
     TRLATS               51.023      -0.023       2.000    0.14%      42.000     49.000     51.000
             707.000     134.919       0.367      84.000    0.14%      53.000     60.000
     DEMAGE                0.000       0.977      -5.362    0.13%      -2.382     -1.052     -0.427
             778.000       8.322       1.898      15.808    0.13%       0.318      2.218
     DEMMAL                0.000      -0.453      -0.611   38.95%      -0.611      0.389      0.389
             778.000       0.238      -1.794       0.389   61.05%       0.389      0.389
     CANF6M                0.000       0.191     -20.000    0.13%      -3.613      0.000      0.000
             779.000      53.544       0.782      22.293    0.13%       0.000      2.085
     COGPGS                0.000      -0.018      -0.505    0.17%      -0.072      0.000      0.000
             591.000       0.021       2.007       0.604    0.17%       0.000      0.073
     PC1BW                 0.000       2.626      -0.020    0.25%      -0.018     -0.016     -0.012
             398.000       0.001       5.546       0.136    0.25%      -0.009     -0.004
     PC2BW                -0.001       0.964      -0.036    0.25%      -0.031     -0.027     -0.017
             398.000       0.001      -0.147       0.131    0.25%      -0.003      0.036
     PC3BW                -0.001      12.587      -0.119    0.25%      -0.006     -0.003     -0.001
             398.000       0.001     227.694       0.457    0.25%       0.000      0.004
     PC4BW                 0.000       5.593      -0.094    0.25%      -0.009     -0.006     -0.005
             398.000       0.001      37.170       0.285    0.25%      -0.004      0.000
     PC5BW                 0.001     -16.006      -0.544    0.25%      -0.002      0.000      0.001
             398.000       0.001     298.330       0.111    0.25%       0.002      0.004

     THE STANDARD ERRORS OF THE MODEL PARAMETER ESTIMATES MAY NOT BE
     TRUSTWORTHY FOR SOME PARAMETERS DUE TO A NON-POSITIVE DEFINITE
     FIRST-ORDER DERIVATIVE PRODUCT MATRIX.  THIS MAY BE DUE TO THE STARTING
     VALUES BUT MAY ALSO BE AN INDICATION OF MODEL NONIDENTIFICATION.  THE
     CONDITION NUMBER IS       0.882D-18.  PROBLEM INVOLVING THE FOLLOWING PARAMETER:
     Parameter 4, %WITHIN%: [ COGPGS ]


THE MODEL ESTIMATION TERMINATED NORMALLY



MODEL FIT INFORMATION

Number of Free Parameters                       30

Loglikelihood

          H0 Value                       -9141.905
          H0 Scaling Correction Factor      1.0348
            for MLR

Information Criteria

          Akaike (AIC)                   18343.811
          Bayesian (BIC)                 18483.551
          Sample-Size Adjusted BIC       18388.286
            (n* = (n + 2) / 24)



MODEL RESULTS

                                                    Two-Tailed
                    Estimate       S.E.  Est./S.E.    P-Value

Within Level

 TRLATS     ON
    CANF6M             0.106      0.058      1.851      0.064
    DEMMAL            -1.969      0.975     -2.018      0.044
    DEMAGE            -0.080      0.157     -0.510      0.610
    COGPGS            -3.031      2.996     -1.012      0.312

 CANF6M   WITH
    DEMMAL             0.598      0.126      4.754      0.000
    DEMAGE            -1.299      0.715     -1.817      0.069
    COGPGS             0.117      0.062      1.876      0.061

 Means
    DEMAGE             0.000      0.115      0.002      0.998
    DEMMAL             0.000      0.019     -0.006      0.995
    CANF6M             0.000      0.000     -1.977      0.048
    COGPGS            -0.001      0.001     -1.501      0.133

 Variances
    DEMAGE             8.322      0.588     14.146      0.000
    DEMMAL             0.238      0.004     57.515      0.000
    CANF6M            53.345      4.233     12.601      0.000
    COGPGS             0.021      0.002      9.251      0.000

 Residual Variances
    TRLATS           117.552      9.283     12.664      0.000

Between Level

 TRLATS     ON
    CANF6MBW           0.035      0.051      0.681      0.496
    COGPGSBW           0.544      1.430      0.380      0.704
    PC1BW              7.180     12.217      0.588      0.557
    PC2BW            -12.771     13.715     -0.931      0.352
    PC3BW              7.236      3.415      2.119      0.034
    PC4BW             -1.616      7.126     -0.227      0.821
    PC5BW             -3.159      3.853     -0.820      0.412

 CANF6MBW WITH
    COGPGSBW           0.126      0.179      0.703      0.482

 Means
    CANF6MBW           0.493      0.492      1.001      0.317
    COGPGSBW           0.000      0.017     -0.023      0.982

 Intercepts
    TRLATS            51.012      0.462    110.531      0.000

 Variances
    CANF6MBW          96.315      6.223     15.478      0.000
    COGPGSBW           0.114      0.009     12.890      0.000

 Residual Variances
    TRLATS            15.802      7.290      2.167      0.030


STANDARDIZED MODEL RESULTS


STDYX Standardization

                                                    Two-Tailed
                    Estimate       S.E.  Est./S.E.    P-Value

Within Level

 TRLATS     ON
    CANF6M             0.071      0.038      1.880      0.060
    DEMMAL            -0.088      0.043     -2.061      0.039
    DEMAGE            -0.021      0.042     -0.508      0.611
    COGPGS            -0.040      0.040     -1.003      0.316

 CANF6M   WITH
    DEMMAL             0.168      0.034      4.989      0.000
    DEMAGE            -0.062      0.034     -1.834      0.067
    COGPGS             0.111      0.059      1.896      0.058

 Means
    DEMAGE             0.000      0.040      0.002      0.998
    DEMMAL             0.000      0.038     -0.006      0.995
    CANF6M             0.000      0.000    999.000    999.000
    COGPGS            -0.006      0.004     -1.500      0.134

 Variances
    DEMAGE             1.000      0.000    999.000    999.000
    DEMMAL             1.000      0.000    999.000    999.000
    CANF6M             1.000      0.000    999.000    999.000
    COGPGS             1.000      0.000    999.000    999.000

 Residual Variances
    TRLATS             0.988      0.009    109.449      0.000

Between Level

 TRLATS     ON
    CANF6MBW           0.085      0.122      0.698      0.485
    COGPGSBW           0.046      0.121      0.376      0.707
    PC1BW              0.065      0.111      0.585      0.559
    PC2BW             -0.114      0.127     -0.897      0.370
    PC3BW              0.047      0.025      1.877      0.061
    PC4BW             -0.012      0.055     -0.227      0.820
    PC5BW             -0.023      0.028     -0.827      0.408

 CANF6MBW WITH
    COGPGSBW           0.038      0.054      0.703      0.482

 Means
    CANF6MBW           0.050      0.049      1.025      0.305
    COGPGSBW          -0.001      0.050     -0.023      0.982

 Intercepts
    TRLATS            12.642      2.817      4.488      0.000

 Variances
    CANF6MBW           1.000      0.000    999.000    999.000
    COGPGSBW           1.000      0.000    999.000    999.000

 Residual Variances
    TRLATS             0.971      0.039     25.093      0.000


R-SQUARE

Within Level

    Observed                                        Two-Tailed
    Variable        Estimate       S.E.  Est./S.E.    P-Value

    TRLATS             0.012      0.009      1.366      0.172

Between Level

    Observed                                        Two-Tailed
    Variable        Estimate       S.E.  Est./S.E.    P-Value

    TRLATS             0.029      0.039      0.762      0.446


QUALITY OF NUMERICAL RESULTS

     Condition Number for the Information Matrix              0.882E-18
       (ratio of smallest to largest eigenvalue)


CONFIDENCE INTERVALS OF MODEL RESULTS

                  Lower .5%  Lower 2.5%    Lower 5%    Estimate    Upper 5%  Upper 2.5%   Upper .5%

Within Level

 TRLATS   ON
    CANF6M          -0.042      -0.006       0.012       0.106       0.201       0.219       0.255
    DEMMAL          -4.481      -3.880      -3.573      -1.969      -0.364      -0.057       0.544
    DEMAGE          -0.485      -0.389      -0.339      -0.080       0.179       0.228       0.325
    COGPGS         -10.748      -8.903      -7.959      -3.031       1.897       2.841       4.686

 CANF6M   WITH
    DEMMAL           0.274       0.352       0.391       0.598       0.806       0.845       0.923
    DEMAGE          -3.141      -2.701      -2.475      -1.299      -0.123       0.102       0.542
    COGPGS          -0.044      -0.005       0.014       0.117       0.220       0.240       0.278

 Means
    DEMAGE          -0.295      -0.225      -0.188       0.000       0.189       0.225       0.296
    DEMMAL          -0.048      -0.037      -0.031       0.000       0.031       0.037       0.048
    CANF6M           0.000       0.000       0.000       0.000       0.000       0.000       0.000
    COGPGS          -0.002      -0.002      -0.002      -0.001       0.000       0.000       0.001

 Variances
    DEMAGE           6.807       7.169       7.355       8.322       9.290       9.475       9.838
    DEMMAL           0.227       0.230       0.231       0.238       0.245       0.246       0.248
    CANF6M          42.441      45.048      46.381      53.345      60.309      61.642      64.249
    COGPGS           0.015       0.016       0.017       0.021       0.025       0.025       0.027

 Residual Variances
    TRLATS          93.642      99.358     102.282     117.552     132.822     135.746     141.462

Between Level

 TRLATS   ON
    CANF6MBW        -0.097      -0.065      -0.049       0.035       0.119       0.135       0.167
    COGPGSBW        -3.139      -2.259      -1.809       0.544       2.896       3.346       4.227
    PC1BW          -24.288     -16.765     -12.917       7.180      27.276      31.124      38.647
    PC2BW          -48.099     -39.653     -35.332     -12.771       9.791      14.112      22.558
    PC3BW           -1.561       0.542       1.618       7.236      12.853      13.929      16.032
    PC4BW          -19.972     -15.583     -13.339      -1.616      10.106      12.350      16.739
    PC5BW          -13.085     -10.712      -9.498      -3.159       3.180       4.393       6.766

 CANF6MBW WITH
    COGPGSBW        -0.336      -0.225      -0.169       0.126       0.421       0.477       0.587

 Means
    CANF6MBW        -0.774      -0.472      -0.317       0.493       1.302       1.457       1.760
    COGPGSBW        -0.044      -0.034      -0.028       0.000       0.027       0.033       0.043

 Intercepts
    TRLATS          49.823      50.107      50.253      51.012      51.771      51.916      52.201

 Variances
    CANF6MBW        80.287      84.119      86.079      96.315     106.551     108.511     112.343
    COGPGSBW         0.091       0.097       0.100       0.114       0.129       0.132       0.137

 Residual Variances
    TRLATS          -2.977       1.513       3.809      15.802      27.795      30.091      34.581


CONFIDENCE INTERVALS OF STANDARDIZED MODEL RESULTS


STDYX Standardization

                  Lower .5%  Lower 2.5%    Lower 5%    Estimate    Upper 5%  Upper 2.5%   Upper .5%

Within Level

 TRLATS   ON
    CANF6M          -0.026      -0.003       0.009       0.071       0.134       0.146       0.169
    DEMMAL          -0.198      -0.172      -0.158      -0.088      -0.018      -0.004       0.022
    DEMAGE          -0.129      -0.103      -0.090      -0.021       0.047       0.061       0.086
    COGPGS          -0.143      -0.118      -0.106      -0.040       0.026       0.038       0.063

 CANF6M   WITH
    DEMMAL           0.081       0.102       0.113       0.168       0.223       0.234       0.255
    DEMAGE          -0.148      -0.128      -0.117      -0.062      -0.006       0.004       0.025
    COGPGS          -0.040      -0.004       0.015       0.111       0.208       0.226       0.262

 Means
    DEMAGE          -0.102      -0.078      -0.065       0.000       0.065       0.078       0.103
    DEMMAL          -0.099      -0.075      -0.063       0.000       0.063       0.075       0.099
    CANF6M           0.000       0.000       0.000       0.000       0.000       0.000       0.000
    COGPGS          -0.015      -0.013      -0.012      -0.006       0.001       0.002       0.004

 Variances
    DEMAGE           1.000       1.000       1.000       1.000       1.000       1.000       1.000
    DEMMAL           1.000       1.000       1.000       1.000       1.000       1.000       1.000
    CANF6M           1.000       1.000       1.000       1.000       1.000       1.000       1.000
    COGPGS           1.000       1.000       1.000       1.000       1.000       1.000       1.000

 Residual Variances
    TRLATS           0.964       0.970       0.973       0.988       1.003       1.005       1.011

Between Level

 TRLATS   ON
    CANF6MBW        -0.228      -0.153      -0.115       0.085       0.285       0.323       0.398
    COGPGSBW        -0.266      -0.192      -0.154       0.046       0.245       0.283       0.357
    PC1BW           -0.221      -0.153      -0.118       0.065       0.248       0.283       0.352
    PC2BW           -0.442      -0.364      -0.324      -0.114       0.095       0.135       0.214
    PC3BW           -0.018      -0.002       0.006       0.047       0.089       0.097       0.112
    PC4BW           -0.154      -0.120      -0.103      -0.012       0.078       0.095       0.129
    PC5BW           -0.094      -0.077      -0.069      -0.023       0.023       0.031       0.049

 CANF6MBW WITH
    COGPGSBW        -0.101      -0.068      -0.051       0.038       0.127       0.144       0.177

 Means
    CANF6MBW        -0.076      -0.046      -0.030       0.050       0.131       0.146       0.176
    COGPGSBW        -0.130      -0.099      -0.084      -0.001       0.081       0.097       0.128

 Intercepts
    TRLATS           5.386       7.121       8.008      12.642      17.276      18.164      19.899

 Variances
    CANF6MBW         1.000       1.000       1.000       1.000       1.000       1.000       1.000
    COGPGSBW         1.000       1.000       1.000       1.000       1.000       1.000       1.000

 Residual Variances
    TRLATS           0.871       0.895       0.907       0.971       1.034       1.046       1.070


TECHNICAL 1 OUTPUT


     PARAMETER SPECIFICATION FOR WITHIN


           NU
              CANF6MBW      COGPGSBW      TRLATS        DEMAGE        DEMMAL
              ________      ________      ________      ________      ________
 1                  0             0             0             0             0


           NU
              CANF6M        COGPGS        PC1BW         PC2BW         PC3BW
              ________      ________      ________      ________      ________
 1                  0             0             0             0             0


           NU
              PC4BW         PC5BW
              ________      ________
 1                  0             0


           LAMBDA
              CANF6MBW      COGPGSBW      TRLATS        DEMAGE        DEMMAL
              ________      ________      ________      ________      ________
 CANF6MBW           0             0             0             0             0
 COGPGSBW           0             0             0             0             0
 TRLATS             0             0             0             0             0
 DEMAGE             0             0             0             0             0
 DEMMAL             0             0             0             0             0
 CANF6M             0             0             0             0             0
 COGPGS             0             0             0             0             0
 PC1BW              0             0             0             0             0
 PC2BW              0             0             0             0             0
 PC3BW              0             0             0             0             0
 PC4BW              0             0             0             0             0
 PC5BW              0             0             0             0             0


           LAMBDA
              CANF6M        COGPGS        PC1BW         PC2BW         PC3BW
              ________      ________      ________      ________      ________
 CANF6MBW           0             0             0             0             0
 COGPGSBW           0             0             0             0             0
 TRLATS             0             0             0             0             0
 DEMAGE             0             0             0             0             0
 DEMMAL             0             0             0             0             0
 CANF6M             0             0             0             0             0
 COGPGS             0             0             0             0             0
 PC1BW              0             0             0             0             0
 PC2BW              0             0             0             0             0
 PC3BW              0             0             0             0             0
 PC4BW              0             0             0             0             0
 PC5BW              0             0             0             0             0


           LAMBDA
              PC4BW         PC5BW
              ________      ________
 CANF6MBW           0             0
 COGPGSBW           0             0
 TRLATS             0             0
 DEMAGE             0             0
 DEMMAL             0             0
 CANF6M             0             0
 COGPGS             0             0
 PC1BW              0             0
 PC2BW              0             0
 PC3BW              0             0
 PC4BW              0             0
 PC5BW              0             0


           THETA
              CANF6MBW      COGPGSBW      TRLATS        DEMAGE        DEMMAL
              ________      ________      ________      ________      ________
 CANF6MBW           0
 COGPGSBW           0             0
 TRLATS             0             0             0
 DEMAGE             0             0             0             0
 DEMMAL             0             0             0             0             0
 CANF6M             0             0             0             0             0
 COGPGS             0             0             0             0             0
 PC1BW              0             0             0             0             0
 PC2BW              0             0             0             0             0
 PC3BW              0             0             0             0             0
 PC4BW              0             0             0             0             0
 PC5BW              0             0             0             0             0


           THETA
              CANF6M        COGPGS        PC1BW         PC2BW         PC3BW
              ________      ________      ________      ________      ________
 CANF6M             0
 COGPGS             0             0
 PC1BW              0             0             0
 PC2BW              0             0             0             0
 PC3BW              0             0             0             0             0
 PC4BW              0             0             0             0             0
 PC5BW              0             0             0             0             0


           THETA
              PC4BW         PC5BW
              ________      ________
 PC4BW              0
 PC5BW              0             0


           ALPHA
              CANF6MBW      COGPGSBW      TRLATS        DEMAGE        DEMMAL
              ________      ________      ________      ________      ________
 1                  0             0             0             1             2


           ALPHA
              CANF6M        COGPGS        PC1BW         PC2BW         PC3BW
              ________      ________      ________      ________      ________
 1                  3             4             0             0             0


           ALPHA
              PC4BW         PC5BW
              ________      ________
 1                  0             0


           BETA
              CANF6MBW      COGPGSBW      TRLATS        DEMAGE        DEMMAL
              ________      ________      ________      ________      ________
 CANF6MBW           0             0             0             0             0
 COGPGSBW           0             0             0             0             0
 TRLATS             0             0             0             5             6
 DEMAGE             0             0             0             0             0
 DEMMAL             0             0             0             0             0
 CANF6M             0             0             0             0             0
 COGPGS             0             0             0             0             0
 PC1BW              0             0             0             0             0
 PC2BW              0             0             0             0             0
 PC3BW              0             0             0             0             0
 PC4BW              0             0             0             0             0
 PC5BW              0             0             0             0             0


           BETA
              CANF6M        COGPGS        PC1BW         PC2BW         PC3BW
              ________      ________      ________      ________      ________
 CANF6MBW           0             0             0             0             0
 COGPGSBW           0             0             0             0             0
 TRLATS             7             8             0             0             0
 DEMAGE             0             0             0             0             0
 DEMMAL             0             0             0             0             0
 CANF6M             0             0             0             0             0
 COGPGS             0             0             0             0             0
 PC1BW              0             0             0             0             0
 PC2BW              0             0             0             0             0
 PC3BW              0             0             0             0             0
 PC4BW              0             0             0             0             0
 PC5BW              0             0             0             0             0


           BETA
              PC4BW         PC5BW
              ________      ________
 CANF6MBW           0             0
 COGPGSBW           0             0
 TRLATS             0             0
 DEMAGE             0             0
 DEMMAL             0             0
 CANF6M             0             0
 COGPGS             0             0
 PC1BW              0             0
 PC2BW              0             0
 PC3BW              0             0
 PC4BW              0             0
 PC5BW              0             0


           PSI
              CANF6MBW      COGPGSBW      TRLATS        DEMAGE        DEMMAL
              ________      ________      ________      ________      ________
 CANF6MBW           0
 COGPGSBW           0             0
 TRLATS             0             0             9
 DEMAGE             0             0             0            10
 DEMMAL             0             0             0             0            11
 CANF6M             0             0             0            12            13
 COGPGS             0             0             0             0             0
 PC1BW              0             0             0             0             0
 PC2BW              0             0             0             0             0
 PC3BW              0             0             0             0             0
 PC4BW              0             0             0             0             0
 PC5BW              0             0             0             0             0


           PSI
              CANF6M        COGPGS        PC1BW         PC2BW         PC3BW
              ________      ________      ________      ________      ________
 CANF6M            14
 COGPGS            15            16
 PC1BW              0             0             0
 PC2BW              0             0             0             0
 PC3BW              0             0             0             0             0
 PC4BW              0             0             0             0             0
 PC5BW              0             0             0             0             0


           PSI
              PC4BW         PC5BW
              ________      ________
 PC4BW              0
 PC5BW              0             0


     PARAMETER SPECIFICATION FOR BETWEEN


           NU
              CANF6MBW      COGPGSBW      TRLATS        DEMAGE        DEMMAL
              ________      ________      ________      ________      ________
 1                  0             0             0             0             0


           NU
              CANF6M        COGPGS        PC1BW         PC2BW         PC3BW
              ________      ________      ________      ________      ________
 1                  0             0             0             0             0


           NU
              PC4BW         PC5BW
              ________      ________
 1                  0             0


           LAMBDA
              CANF6MBW      COGPGSBW      TRLATS        DEMAGE        DEMMAL
              ________      ________      ________      ________      ________
 CANF6MBW           0             0             0             0             0
 COGPGSBW           0             0             0             0             0
 TRLATS             0             0             0             0             0
 DEMAGE             0             0             0             0             0
 DEMMAL             0             0             0             0             0
 CANF6M             0             0             0             0             0
 COGPGS             0             0             0             0             0
 PC1BW              0             0             0             0             0
 PC2BW              0             0             0             0             0
 PC3BW              0             0             0             0             0
 PC4BW              0             0             0             0             0
 PC5BW              0             0             0             0             0


           LAMBDA
              CANF6M        COGPGS        PC1BW         PC2BW         PC3BW
              ________      ________      ________      ________      ________
 CANF6MBW           0             0             0             0             0
 COGPGSBW           0             0             0             0             0
 TRLATS             0             0             0             0             0
 DEMAGE             0             0             0             0             0
 DEMMAL             0             0             0             0             0
 CANF6M             0             0             0             0             0
 COGPGS             0             0             0             0             0
 PC1BW              0             0             0             0             0
 PC2BW              0             0             0             0             0
 PC3BW              0             0             0             0             0
 PC4BW              0             0             0             0             0
 PC5BW              0             0             0             0             0


           LAMBDA
              PC4BW         PC5BW
              ________      ________
 CANF6MBW           0             0
 COGPGSBW           0             0
 TRLATS             0             0
 DEMAGE             0             0
 DEMMAL             0             0
 CANF6M             0             0
 COGPGS             0             0
 PC1BW              0             0
 PC2BW              0             0
 PC3BW              0             0
 PC4BW              0             0
 PC5BW              0             0


           THETA
              CANF6MBW      COGPGSBW      TRLATS        DEMAGE        DEMMAL
              ________      ________      ________      ________      ________
 CANF6MBW           0
 COGPGSBW           0             0
 TRLATS             0             0             0
 DEMAGE             0             0             0             0
 DEMMAL             0             0             0             0             0
 CANF6M             0             0             0             0             0
 COGPGS             0             0             0             0             0
 PC1BW              0             0             0             0             0
 PC2BW              0             0             0             0             0
 PC3BW              0             0             0             0             0
 PC4BW              0             0             0             0             0
 PC5BW              0             0             0             0             0


           THETA
              CANF6M        COGPGS        PC1BW         PC2BW         PC3BW
              ________      ________      ________      ________      ________
 CANF6M             0
 COGPGS             0             0
 PC1BW              0             0             0
 PC2BW              0             0             0             0
 PC3BW              0             0             0             0             0
 PC4BW              0             0             0             0             0
 PC5BW              0             0             0             0             0


           THETA
              PC4BW         PC5BW
              ________      ________
 PC4BW              0
 PC5BW              0             0


           ALPHA
              CANF6MBW      COGPGSBW      TRLATS        DEMAGE        DEMMAL
              ________      ________      ________      ________      ________
 1                 17            18            19             0             0


           ALPHA
              CANF6M        COGPGS        PC1BW         PC2BW         PC3BW
              ________      ________      ________      ________      ________
 1                  0             0             0             0             0


           ALPHA
              PC4BW         PC5BW
              ________      ________
 1                  0             0


           BETA
              CANF6MBW      COGPGSBW      TRLATS        DEMAGE        DEMMAL
              ________      ________      ________      ________      ________
 CANF6MBW           0             0             0             0             0
 COGPGSBW           0             0             0             0             0
 TRLATS            20            21             0             0             0
 DEMAGE             0             0             0             0             0
 DEMMAL             0             0             0             0             0
 CANF6M             0             0             0             0             0
 COGPGS             0             0             0             0             0
 PC1BW              0             0             0             0             0
 PC2BW              0             0             0             0             0
 PC3BW              0             0             0             0             0
 PC4BW              0             0             0             0             0
 PC5BW              0             0             0             0             0


           BETA
              CANF6M        COGPGS        PC1BW         PC2BW         PC3BW
              ________      ________      ________      ________      ________
 CANF6MBW           0             0             0             0             0
 COGPGSBW           0             0             0             0             0
 TRLATS             0             0            22            23            24
 DEMAGE             0             0             0             0             0
 DEMMAL             0             0             0             0             0
 CANF6M             0             0             0             0             0
 COGPGS             0             0             0             0             0
 PC1BW              0             0             0             0             0
 PC2BW              0             0             0             0             0
 PC3BW              0             0             0             0             0
 PC4BW              0             0             0             0             0
 PC5BW              0             0             0             0             0


           BETA
              PC4BW         PC5BW
              ________      ________
 CANF6MBW           0             0
 COGPGSBW           0             0
 TRLATS            25            26
 DEMAGE             0             0
 DEMMAL             0             0
 CANF6M             0             0
 COGPGS             0             0
 PC1BW              0             0
 PC2BW              0             0
 PC3BW              0             0
 PC4BW              0             0
 PC5BW              0             0


           PSI
              CANF6MBW      COGPGSBW      TRLATS        DEMAGE        DEMMAL
              ________      ________      ________      ________      ________
 CANF6MBW          27
 COGPGSBW          28            29
 TRLATS             0             0            30
 DEMAGE             0             0             0             0
 DEMMAL             0             0             0             0             0
 CANF6M             0             0             0             0             0
 COGPGS             0             0             0             0             0
 PC1BW              0             0             0             0             0
 PC2BW              0             0             0             0             0
 PC3BW              0             0             0             0             0
 PC4BW              0             0             0             0             0
 PC5BW              0             0             0             0             0


           PSI
              CANF6M        COGPGS        PC1BW         PC2BW         PC3BW
              ________      ________      ________      ________      ________
 CANF6M             0
 COGPGS             0             0
 PC1BW              0             0             0
 PC2BW              0             0             0             0
 PC3BW              0             0             0             0             0
 PC4BW              0             0             0             0             0
 PC5BW              0             0             0             0             0


           PSI
              PC4BW         PC5BW
              ________      ________
 PC4BW              0
 PC5BW              0             0


     STARTING VALUES FOR WITHIN


           NU
              CANF6MBW      COGPGSBW      TRLATS        DEMAGE        DEMMAL
              ________      ________      ________      ________      ________
 1              0.000         0.000         0.000         0.000         0.000


           NU
              CANF6M        COGPGS        PC1BW         PC2BW         PC3BW
              ________      ________      ________      ________      ________
 1              0.000         0.000         0.000         0.000         0.000


           NU
              PC4BW         PC5BW
              ________      ________
 1              0.000         0.000


           LAMBDA
              CANF6MBW      COGPGSBW      TRLATS        DEMAGE        DEMMAL
              ________      ________      ________      ________      ________
 CANF6MBW       1.000         0.000         0.000         0.000         0.000
 COGPGSBW       0.000         1.000         0.000         0.000         0.000
 TRLATS         0.000         0.000         1.000         0.000         0.000
 DEMAGE         0.000         0.000         0.000         1.000         0.000
 DEMMAL         0.000         0.000         0.000         0.000         1.000
 CANF6M         0.000         0.000         0.000         0.000         0.000
 COGPGS         0.000         0.000         0.000         0.000         0.000
 PC1BW          0.000         0.000         0.000         0.000         0.000
 PC2BW          0.000         0.000         0.000         0.000         0.000
 PC3BW          0.000         0.000         0.000         0.000         0.000
 PC4BW          0.000         0.000         0.000         0.000         0.000
 PC5BW          0.000         0.000         0.000         0.000         0.000


           LAMBDA
              CANF6M        COGPGS        PC1BW         PC2BW         PC3BW
              ________      ________      ________      ________      ________
 CANF6MBW       0.000         0.000         0.000         0.000         0.000
 COGPGSBW       0.000         0.000         0.000         0.000         0.000
 TRLATS         0.000         0.000         0.000         0.000         0.000
 DEMAGE         0.000         0.000         0.000         0.000         0.000
 DEMMAL         0.000         0.000         0.000         0.000         0.000
 CANF6M         1.000         0.000         0.000         0.000         0.000
 COGPGS         0.000         1.000         0.000         0.000         0.000
 PC1BW          0.000         0.000         1.000         0.000         0.000
 PC2BW          0.000         0.000         0.000         1.000         0.000
 PC3BW          0.000         0.000         0.000         0.000         1.000
 PC4BW          0.000         0.000         0.000         0.000         0.000
 PC5BW          0.000         0.000         0.000         0.000         0.000


           LAMBDA
              PC4BW         PC5BW
              ________      ________
 CANF6MBW       0.000         0.000
 COGPGSBW       0.000         0.000
 TRLATS         0.000         0.000
 DEMAGE         0.000         0.000
 DEMMAL         0.000         0.000
 CANF6M         0.000         0.000
 COGPGS         0.000         0.000
 PC1BW          0.000         0.000
 PC2BW          0.000         0.000
 PC3BW          0.000         0.000
 PC4BW          1.000         0.000
 PC5BW          0.000         1.000


           THETA
              CANF6MBW      COGPGSBW      TRLATS        DEMAGE        DEMMAL
              ________      ________      ________      ________      ________
 CANF6MBW       0.000
 COGPGSBW       0.000         0.000
 TRLATS         0.000         0.000         0.000
 DEMAGE         0.000         0.000         0.000         0.000
 DEMMAL         0.000         0.000         0.000         0.000         0.000
 CANF6M         0.000         0.000         0.000         0.000         0.000
 COGPGS         0.000         0.000         0.000         0.000         0.000
 PC1BW          0.000         0.000         0.000         0.000         0.000
 PC2BW          0.000         0.000         0.000         0.000         0.000
 PC3BW          0.000         0.000         0.000         0.000         0.000
 PC4BW          0.000         0.000         0.000         0.000         0.000
 PC5BW          0.000         0.000         0.000         0.000         0.000


           THETA
              CANF6M        COGPGS        PC1BW         PC2BW         PC3BW
              ________      ________      ________      ________      ________
 CANF6M         0.000
 COGPGS         0.000         0.000
 PC1BW          0.000         0.000         0.000
 PC2BW          0.000         0.000         0.000         0.000
 PC3BW          0.000         0.000         0.000         0.000         0.000
 PC4BW          0.000         0.000         0.000         0.000         0.000
 PC5BW          0.000         0.000         0.000         0.000         0.000


           THETA
              PC4BW         PC5BW
              ________      ________
 PC4BW          0.000
 PC5BW          0.000         0.000


           ALPHA
              CANF6MBW      COGPGSBW      TRLATS        DEMAGE        DEMMAL
              ________      ________      ________      ________      ________
 1              0.000         0.000         0.000         0.000         0.000


           ALPHA
              CANF6M        COGPGS        PC1BW         PC2BW         PC3BW
              ________      ________      ________      ________      ________
 1              0.000         0.000         0.000         0.000         0.000


           ALPHA
              PC4BW         PC5BW
              ________      ________
 1              0.000         0.000


           BETA
              CANF6MBW      COGPGSBW      TRLATS        DEMAGE        DEMMAL
              ________      ________      ________      ________      ________
 CANF6MBW       0.000         0.000         0.000         0.000         0.000
 COGPGSBW       0.000         0.000         0.000         0.000         0.000
 TRLATS         0.000         0.000         0.000         0.000         0.000
 DEMAGE         0.000         0.000         0.000         0.000         0.000
 DEMMAL         0.000         0.000         0.000         0.000         0.000
 CANF6M         0.000         0.000         0.000         0.000         0.000
 COGPGS         0.000         0.000         0.000         0.000         0.000
 PC1BW          0.000         0.000         0.000         0.000         0.000
 PC2BW          0.000         0.000         0.000         0.000         0.000
 PC3BW          0.000         0.000         0.000         0.000         0.000
 PC4BW          0.000         0.000         0.000         0.000         0.000
 PC5BW          0.000         0.000         0.000         0.000         0.000


           BETA
              CANF6M        COGPGS        PC1BW         PC2BW         PC3BW
              ________      ________      ________      ________      ________
 CANF6MBW       0.000         0.000         0.000         0.000         0.000
 COGPGSBW       0.000         0.000         0.000         0.000         0.000
 TRLATS         0.000         0.000         0.000         0.000         0.000
 DEMAGE         0.000         0.000         0.000         0.000         0.000
 DEMMAL         0.000         0.000         0.000         0.000         0.000
 CANF6M         0.000         0.000         0.000         0.000         0.000
 COGPGS         0.000         0.000         0.000         0.000         0.000
 PC1BW          0.000         0.000         0.000         0.000         0.000
 PC2BW          0.000         0.000         0.000         0.000         0.000
 PC3BW          0.000         0.000         0.000         0.000         0.000
 PC4BW          0.000         0.000         0.000         0.000         0.000
 PC5BW          0.000         0.000         0.000         0.000         0.000


           BETA
              PC4BW         PC5BW
              ________      ________
 CANF6MBW       0.000         0.000
 COGPGSBW       0.000         0.000
 TRLATS         0.000         0.000
 DEMAGE         0.000         0.000
 DEMMAL         0.000         0.000
 CANF6M         0.000         0.000
 COGPGS         0.000         0.000
 PC1BW          0.000         0.000
 PC2BW          0.000         0.000
 PC3BW          0.000         0.000
 PC4BW          0.000         0.000
 PC5BW          0.000         0.000


           PSI
              CANF6MBW      COGPGSBW      TRLATS        DEMAGE        DEMMAL
              ________      ________      ________      ________      ________
 CANF6MBW       0.000
 COGPGSBW       0.000         0.000
 TRLATS         0.000         0.000        67.459
 DEMAGE         0.000         0.000         0.000         4.161
 DEMMAL         0.000         0.000         0.000         0.000         0.119
 CANF6M         0.000         0.000         0.000         0.000         0.000
 COGPGS         0.000         0.000         0.000         0.000         0.000
 PC1BW          0.000         0.000         0.000         0.000         0.000
 PC2BW          0.000         0.000         0.000         0.000         0.000
 PC3BW          0.000         0.000         0.000         0.000         0.000
 PC4BW          0.000         0.000         0.000         0.000         0.000
 PC5BW          0.000         0.000         0.000         0.000         0.000


           PSI
              CANF6M        COGPGS        PC1BW         PC2BW         PC3BW
              ________      ________      ________      ________      ________
 CANF6M        26.772
 COGPGS         0.000         0.010
 PC1BW          0.000         0.000         0.000
 PC2BW          0.000         0.000         0.000         0.000
 PC3BW          0.000         0.000         0.000         0.000         0.000
 PC4BW          0.000         0.000         0.000         0.000         0.000
 PC5BW          0.000         0.000         0.000         0.000         0.000


           PSI
              PC4BW         PC5BW
              ________      ________
 PC4BW          0.000
 PC5BW          0.000         0.000


     STARTING VALUES FOR BETWEEN


           NU
              CANF6MBW      COGPGSBW      TRLATS        DEMAGE        DEMMAL
              ________      ________      ________      ________      ________
 1              0.000         0.000         0.000         0.000         0.000


           NU
              CANF6M        COGPGS        PC1BW         PC2BW         PC3BW
              ________      ________      ________      ________      ________
 1              0.000         0.000         0.000         0.000         0.000


           NU
              PC4BW         PC5BW
              ________      ________
 1              0.000         0.000


           LAMBDA
              CANF6MBW      COGPGSBW      TRLATS        DEMAGE        DEMMAL
              ________      ________      ________      ________      ________
 CANF6MBW       1.000         0.000         0.000         0.000         0.000
 COGPGSBW       0.000         1.000         0.000         0.000         0.000
 TRLATS         0.000         0.000         1.000         0.000         0.000
 DEMAGE         0.000         0.000         0.000         1.000         0.000
 DEMMAL         0.000         0.000         0.000         0.000         1.000
 CANF6M         0.000         0.000         0.000         0.000         0.000
 COGPGS         0.000         0.000         0.000         0.000         0.000
 PC1BW          0.000         0.000         0.000         0.000         0.000
 PC2BW          0.000         0.000         0.000         0.000         0.000
 PC3BW          0.000         0.000         0.000         0.000         0.000
 PC4BW          0.000         0.000         0.000         0.000         0.000
 PC5BW          0.000         0.000         0.000         0.000         0.000


           LAMBDA
              CANF6M        COGPGS        PC1BW         PC2BW         PC3BW
              ________      ________      ________      ________      ________
 CANF6MBW       0.000         0.000         0.000         0.000         0.000
 COGPGSBW       0.000         0.000         0.000         0.000         0.000
 TRLATS         0.000         0.000         0.000         0.000         0.000
 DEMAGE         0.000         0.000         0.000         0.000         0.000
 DEMMAL         0.000         0.000         0.000         0.000         0.000
 CANF6M         1.000         0.000         0.000         0.000         0.000
 COGPGS         0.000         1.000         0.000         0.000         0.000
 PC1BW          0.000         0.000         1.000         0.000         0.000
 PC2BW          0.000         0.000         0.000         1.000         0.000
 PC3BW          0.000         0.000         0.000         0.000         1.000
 PC4BW          0.000         0.000         0.000         0.000         0.000
 PC5BW          0.000         0.000         0.000         0.000         0.000


           LAMBDA
              PC4BW         PC5BW
              ________      ________
 CANF6MBW       0.000         0.000
 COGPGSBW       0.000         0.000
 TRLATS         0.000         0.000
 DEMAGE         0.000         0.000
 DEMMAL         0.000         0.000
 CANF6M         0.000         0.000
 COGPGS         0.000         0.000
 PC1BW          0.000         0.000
 PC2BW          0.000         0.000
 PC3BW          0.000         0.000
 PC4BW          1.000         0.000
 PC5BW          0.000         1.000


           THETA
              CANF6MBW      COGPGSBW      TRLATS        DEMAGE        DEMMAL
              ________      ________      ________      ________      ________
 CANF6MBW       0.000
 COGPGSBW       0.000         0.000
 TRLATS         0.000         0.000         0.000
 DEMAGE         0.000         0.000         0.000         0.000
 DEMMAL         0.000         0.000         0.000         0.000         0.000
 CANF6M         0.000         0.000         0.000         0.000         0.000
 COGPGS         0.000         0.000         0.000         0.000         0.000
 PC1BW          0.000         0.000         0.000         0.000         0.000
 PC2BW          0.000         0.000         0.000         0.000         0.000
 PC3BW          0.000         0.000         0.000         0.000         0.000
 PC4BW          0.000         0.000         0.000         0.000         0.000
 PC5BW          0.000         0.000         0.000         0.000         0.000


           THETA
              CANF6M        COGPGS        PC1BW         PC2BW         PC3BW
              ________      ________      ________      ________      ________
 CANF6M         0.000
 COGPGS         0.000         0.000
 PC1BW          0.000         0.000         0.000
 PC2BW          0.000         0.000         0.000         0.000
 PC3BW          0.000         0.000         0.000         0.000         0.000
 PC4BW          0.000         0.000         0.000         0.000         0.000
 PC5BW          0.000         0.000         0.000         0.000         0.000


           THETA
              PC4BW         PC5BW
              ________      ________
 PC4BW          0.000
 PC5BW          0.000         0.000


           ALPHA
              CANF6MBW      COGPGSBW      TRLATS        DEMAGE        DEMMAL
              ________      ________      ________      ________      ________
 1              0.000         0.000        51.023         0.000         0.000


           ALPHA
              CANF6M        COGPGS        PC1BW         PC2BW         PC3BW
              ________      ________      ________      ________      ________
 1              0.000         0.000         0.000         0.000         0.000


           ALPHA
              PC4BW         PC5BW
              ________      ________
 1              0.000         0.000


           BETA
              CANF6MBW      COGPGSBW      TRLATS        DEMAGE        DEMMAL
              ________      ________      ________      ________      ________
 CANF6MBW       0.000         0.000         0.000         0.000         0.000
 COGPGSBW       0.000         0.000         0.000         0.000         0.000
 TRLATS         0.000         0.000         0.000         0.000         0.000
 DEMAGE         0.000         0.000         0.000         0.000         0.000
 DEMMAL         0.000         0.000         0.000         0.000         0.000
 CANF6M         0.000         0.000         0.000         0.000         0.000
 COGPGS         0.000         0.000         0.000         0.000         0.000
 PC1BW          0.000         0.000         0.000         0.000         0.000
 PC2BW          0.000         0.000         0.000         0.000         0.000
 PC3BW          0.000         0.000         0.000         0.000         0.000
 PC4BW          0.000         0.000         0.000         0.000         0.000
 PC5BW          0.000         0.000         0.000         0.000         0.000


           BETA
              CANF6M        COGPGS        PC1BW         PC2BW         PC3BW
              ________      ________      ________      ________      ________
 CANF6MBW       0.000         0.000         0.000         0.000         0.000
 COGPGSBW       0.000         0.000         0.000         0.000         0.000
 TRLATS         0.000         0.000         0.000         0.000         0.000
 DEMAGE         0.000         0.000         0.000         0.000         0.000
 DEMMAL         0.000         0.000         0.000         0.000         0.000
 CANF6M         0.000         0.000         0.000         0.000         0.000
 COGPGS         0.000         0.000         0.000         0.000         0.000
 PC1BW          0.000         0.000         0.000         0.000         0.000
 PC2BW          0.000         0.000         0.000         0.000         0.000
 PC3BW          0.000         0.000         0.000         0.000         0.000
 PC4BW          0.000         0.000         0.000         0.000         0.000
 PC5BW          0.000         0.000         0.000         0.000         0.000


           BETA
              PC4BW         PC5BW
              ________      ________
 CANF6MBW       0.000         0.000
 COGPGSBW       0.000         0.000
 TRLATS         0.000         0.000
 DEMAGE         0.000         0.000
 DEMMAL         0.000         0.000
 CANF6M         0.000         0.000
 COGPGS         0.000         0.000
 PC1BW          0.000         0.000
 PC2BW          0.000         0.000
 PC3BW          0.000         0.000
 PC4BW          0.000         0.000
 PC5BW          0.000         0.000


           PSI
              CANF6MBW      COGPGSBW      TRLATS        DEMAGE        DEMMAL
              ________      ________      ________      ________      ________
 CANF6MBW      42.264
 COGPGSBW       0.000         0.055
 TRLATS         0.000         0.000        67.459
 DEMAGE         0.000         0.000         0.000         0.000
 DEMMAL         0.000         0.000         0.000         0.000         0.000
 CANF6M         0.000         0.000         0.000         0.000         0.000
 COGPGS         0.000         0.000         0.000         0.000         0.000
 PC1BW          0.000         0.000         0.000         0.000         0.000
 PC2BW          0.000         0.000         0.000         0.000         0.000
 PC3BW          0.000         0.000         0.000         0.000         0.000
 PC4BW          0.000         0.000         0.000         0.000         0.000
 PC5BW          0.000         0.000         0.000         0.000         0.000


           PSI
              CANF6M        COGPGS        PC1BW         PC2BW         PC3BW
              ________      ________      ________      ________      ________
 CANF6M         0.000
 COGPGS         0.000         0.000
 PC1BW          0.000         0.000         0.001
 PC2BW          0.000         0.000         0.000         0.001
 PC3BW          0.000         0.000         0.000         0.000         0.001
 PC4BW          0.000         0.000         0.000         0.000         0.000
 PC5BW          0.000         0.000         0.000         0.000         0.000


           PSI
              PC4BW         PC5BW
              ________      ________
 PC4BW          0.001
 PC5BW          0.000         0.001


SAMPLE STATISTICS FOR ESTIMATED FACTOR SCORES


     SAMPLE STATISTICS


           Means
              B_TRLATS
              ________
 1             51.011


           Covariances
              B_TRLATS
              ________
 B_TRLATS       3.767


           Correlations
              B_TRLATS
              ________
 B_TRLATS       1.000


PLOT INFORMATION

The following plots are available:

  Histograms (sample values)
  Scatterplots (sample values)

     Beginning Time:  12:54:32
        Ending Time:  12:54:33
       Elapsed Time:  00:00:01



MUTHEN & MUTHEN
3463 Stoner Ave.
Los Angeles, CA  90066

Tel: (310) 391-9971
Fax: (310) 391-8971
Web: www.StatModel.com
Support: Support@StatModel.com

Copyright (c) 1998-2015 Muthen & Muthen
