Mplus VERSION 7.4 (Mac)
MUTHEN & MUTHEN
07/30/2019  12:55 PM

INPUT INSTRUCTIONS


  TITLE: CANFLF_SRPWCR_2;

  DATA:
  	FILE = GD190618.csv;

  VARIABLE:
  	NAMES =
  			ID_Fam   Wave     ID_MPL
  			DEMMAL   DEMAGE   DEMHSP   DEMRAC
  			SRPWCR
  			WASVCB   WASBLK   WASDGT   WSISUM
  			TRLATS   TRLBTS
  			CVLASF   CVLASC   CVLALF   CVLALC
  			WASCOM   COGCOM   CVLCOM
  			CANEVR   CANONS   CANFLF
  			CANFTY   CANF6M   CANAC6
  			CANYRS
  			ALCEVR   ALCONS   ALCFLF
  			ALCFTY   ALCF6M   ALCAC6
  			ALCYRS
  			SRPWCRDt WASVCBDt WASBLKDt
  			WASDGTDt WSISUMDt TRLATSDt
  			TRLBTSDt CVLASFDt CVLASCDt
  			CVLALFDt CVLALCDt WASCOMDt
  			COGCOMDt CVLCOMDt
  			COGPGS
  			PC1 PC2 PC3 PC4 PC5 PC6
  		;
  	USEVARIABLES =
  		! outcome
  	  		SRPWCR
    		! covariates
  	  		DEMAGE
    			DEMMAL  		
    		! within predictor
    			CANFLF
    			COGPGS
    		! between predictor
    			CANFLFBW
    			COGPGSBW
    			PC1BW
    			PC2BW
    			PC3BW
    			PC4BW
    			PC5BW	
    		;
    	USEOBSERVATION =
    			(Wave EQ 2 AND SRPWCRDt EQ 1)
    		;
    	CLUSTER =
    			ID_Fam
    		;
    	MISSING = .;
    	BETWEEN =   		
    			CANFLFBW
    			COGPGSBW
    			PC1BW
    			PC2BW
    			PC3BW
    			PC4BW
    			PC5BW			
    		;
    	WITHIN  		
    			CANFLF
    			COGPGS
    			DEMAGE
    			DEMMAL
    		;  		

  DEFINE:
  	! CREATE BW FAM PREDICTOR
  		CANFLFBW = cluster_mean (CANFLF);	
  		COGPGSBW = cluster_mean (COGPGS);
  		PC1BW = cluster_mean (PC1);
  		PC2BW = cluster_mean (PC2);
  		PC3BW = cluster_mean (PC3);
  		PC4BW = cluster_mean (PC4);
  		PC5BW = cluster_mean (PC5);
  	! CENTER WI FAM VARIABLES
  		CENTER CANFLF (GROUPMEAN);
  		CENTER COGPGS (GROUPMEAN);
  		CENTER DEMMAL (GRANDMEAN);
  		CENTER DEMAGE (GRANDMEAN);
  	! CENTER BW FAM VARIABLES
  		CENTER CANFLFBW (GRANDMEAN);
  		CENTER COGPGSBW (GRANDMEAN);
  		CENTER PC1BW (GRANDMEAN);
  		CENTER PC2BW (GRANDMEAN);
  		CENTER PC3BW (GRANDMEAN);
  		CENTER PC4BW (GRANDMEAN);
  		CENTER PC5BW (GRANDMEAN);

  ANALYSIS:
          ITERATIONS = 1000000;
          TYPE = TWOLEVEL RANDOM;
          ALGORITHM = INTEGRATION;

  OUTPUT:
  	SAMPSTAT STDYX TECH1 CINT;

  MODEL:
  %WITHIN%
  	SRPWCR on CANFLF;
  	SRPWCR on  DEMMAL DEMAGE COGPGS;	
  	COGPGS*;
  	SRPWCR*;
  	CANFLF WITH DEMMAL*;
  	CANFLF WITH DEMAGE*;
  	CANFLF WITH COGPGS*;

  %BETWEEN%
  	SRPWCR on CANFLFBW COGPGSBW
  		 	    PC1BW PC2BW PC3BW PC4BW PC5BW;
  	COGPGSBW*;
  	SRPWCR*;
  	CANFLFBW WITH COGPGSBW*;

  PLOT:
  	TYPE = plot3;



*** WARNING
  Data set contains cases with missing on x-variables.
  These cases were not included in the analysis.
  Number of cases with missing on x-variables:  115
   1 WARNING(S) FOUND IN THE INPUT INSTRUCTIONS



CANFLF_SRPWCR_2;

SUMMARY OF ANALYSIS

Number of groups                                                 1
Number of observations                                         776

Number of dependent variables                                    1
Number of independent variables                                 11
Number of continuous latent variables                            0

Observed dependent variables

  Continuous
   SRPWCR

Observed independent variables
   DEMAGE      DEMMAL      CANFLF      COGPGS      CANFLFBW    COGPGSBW
   PC1BW       PC2BW       PC3BW       PC4BW       PC5BW

Variables with special functions

  Cluster variable      ID_FAM

  Within variables
   DEMAGE      DEMMAL      CANFLF      COGPGS

  Between variables
   CANFLFBW    COGPGSBW    PC1BW       PC2BW       PC3BW       PC4BW
   PC5BW

  Centering (GRANDMEAN)
   DEMMAL      DEMAGE      CANFLFBW    COGPGSBW
   PC1BW       PC2BW       PC3BW       PC4BW       PC5BW

  Centering (GROUPMEAN)
   CANFLF      COGPGS


Estimator                                                      MLR
Information matrix                                        OBSERVED
Optimization Specifications for the Quasi-Newton Algorithm for
Continuous Outcomes
  Maximum number of iterations                             1000000
  Convergence criterion                                  0.100D-05
Optimization Specifications for the EM Algorithm
  Maximum number of iterations                                 500
  Convergence criteria
    Loglikelihood change                                 0.100D-02
    Relative loglikelihood change                        0.100D-05
    Derivative                                           0.100D-02
Optimization Specifications for the M step of the EM Algorithm for
Categorical Latent variables
  Number of M step iterations                                    1
  M step convergence criterion                           0.100D-02
  Basis for M step termination                           ITERATION
Optimization Specifications for the M step of the EM Algorithm for
Censored, Binary or Ordered Categorical (Ordinal), Unordered
Categorical (Nominal) and Count Outcomes
  Number of M step iterations                                    1
  M step convergence criterion                           0.100D-02
  Basis for M step termination                           ITERATION
  Maximum value for logit thresholds                            15
  Minimum value for logit thresholds                           -15
  Minimum expected cell size for chi-square              0.100D-01
Maximum number of iterations for H1                           2000
Convergence criterion for H1                             0.100D-03
Optimization algorithm                                         EMA
Integration Specifications
  Type                                                    STANDARD
  Number of integration points                                  15
  Dimensions of numerical integration                            0
  Adaptive quadrature                                           ON
Cholesky                                                       OFF

Input data file(s)
  GD190618.csv
Input data format  FREE


SUMMARY OF DATA

     Number of missing data patterns             5
     Number of clusters                        397



COVARIANCE COVERAGE OF DATA

Minimum covariance coverage value   0.100


     PROPORTION OF DATA PRESENT FOR Y


           Covariance Coverage
              CANFLFBW      COGPGSBW      SRPWCR        DEMAGE        DEMMAL
              ________      ________      ________      ________      ________
 CANFLFBW       1.000
 COGPGSBW       1.000         1.000
 SRPWCR         0.901         0.901         0.901
 DEMAGE         0.999         0.999         0.901         0.999
 DEMMAL         0.999         0.999         0.901         0.999         0.999
 CANFLF         1.000         1.000         0.901         0.999         0.999
 COGPGS         0.760         0.760         0.691         0.760         0.760
 PC1BW          1.000         1.000         0.901         0.999         0.999
 PC2BW          1.000         1.000         0.901         0.999         0.999
 PC3BW          1.000         1.000         0.901         0.999         0.999
 PC4BW          1.000         1.000         0.901         0.999         0.999
 PC5BW          1.000         1.000         0.901         0.999         0.999


           Covariance Coverage
              CANFLF        COGPGS        PC1BW         PC2BW         PC3BW
              ________      ________      ________      ________      ________
 CANFLF         1.000
 COGPGS         0.760         0.760
 PC1BW          1.000         0.760         1.000
 PC2BW          1.000         0.760         1.000         1.000
 PC3BW          1.000         0.760         1.000         1.000         1.000
 PC4BW          1.000         0.760         1.000         1.000         1.000
 PC5BW          1.000         0.760         1.000         1.000         1.000


           Covariance Coverage
              PC4BW         PC5BW
              ________      ________
 PC4BW          1.000
 PC5BW          1.000         1.000


SAMPLE STATISTICS


     ESTIMATED SAMPLE STATISTICS


           Means
              CANFLFBW      COGPGSBW      SRPWCR        DEMAGE        DEMMAL
              ________      ________      ________      ________      ________
 1              0.000         0.000         5.576         0.000         0.000


           Means
              CANFLF        COGPGS        PC1BW         PC2BW         PC3BW
              ________      ________      ________      ________      ________
 1              0.000         0.000         0.000         0.000         0.000


           Means
              PC4BW         PC5BW
              ________      ________
 1              0.000         0.000


           Covariances
              CANFLFBW      COGPGSBW      SRPWCR        DEMAGE        DEMMAL
              ________      ________      ________      ________      ________
 CANFLFBW     214.571
 COGPGSBW       0.056         0.109
 SRPWCR        -5.691         0.243        81.363
 DEMAGE        -2.892         0.024        -1.633         8.278
 DEMMAL         1.227         0.010         0.259        -0.170         0.238
 CANFLF         0.000         0.000         6.446        -7.772         1.757
 COGPGS         0.001         0.000        -0.034        -0.006         0.003
 PC1BW         -0.020        -0.003        -0.006         0.005        -0.001
 PC2BW         -0.101        -0.001         0.024        -0.003        -0.002
 PC3BW         -0.026         0.000        -0.002        -0.002         0.000
 PC4BW          0.019         0.001         0.006         0.003         0.001
 PC5BW          0.050         0.000         0.018         0.003         0.000


           Covariances
              CANFLF        COGPGS        PC1BW         PC2BW         PC3BW
              ________      ________      ________      ________      ________
 CANFLF       222.178
 COGPGS         0.028         0.021
 PC1BW          0.000         0.000         0.001
 PC2BW          0.000         0.000         0.000         0.001
 PC3BW          0.000         0.000         0.000         0.000         0.001
 PC4BW          0.000         0.000         0.000         0.000         0.000
 PC5BW          0.000         0.000         0.000         0.000         0.000


           Covariances
              PC4BW         PC5BW
              ________      ________
 PC4BW          0.001
 PC5BW          0.000         0.001


           Correlations
              CANFLFBW      COGPGSBW      SRPWCR        DEMAGE        DEMMAL
              ________      ________      ________      ________      ________
 CANFLFBW       1.000
 COGPGSBW       0.012         1.000
 SRPWCR        -0.043         0.082         1.000
 DEMAGE        -0.069         0.025        -0.063         1.000
 DEMMAL         0.172         0.065         0.059        -0.121         1.000
 CANFLF         0.000         0.000         0.048        -0.181         0.242
 COGPGS         0.000         0.000        -0.026        -0.014         0.043
 PC1BW         -0.038        -0.250        -0.018         0.047        -0.042
 PC2BW         -0.187        -0.050         0.072        -0.028        -0.087
 PC3BW         -0.050         0.013        -0.007        -0.023         0.026
 PC4BW          0.036         0.102         0.020         0.027         0.067
 PC5BW          0.096        -0.034         0.055         0.032         0.023


           Correlations
              CANFLF        COGPGS        PC1BW         PC2BW         PC3BW
              ________      ________      ________      ________      ________
 CANFLF         1.000
 COGPGS         0.013         1.000
 PC1BW          0.000         0.001         1.000
 PC2BW          0.000         0.000        -0.004         1.000
 PC3BW          0.000         0.001         0.006         0.009         1.000
 PC4BW          0.000        -0.001        -0.006        -0.016         0.011
 PC5BW          0.000         0.000        -0.013         0.005         0.001


           Correlations
              PC4BW         PC5BW
              ________      ________
 PC4BW          1.000
 PC5BW          0.000         1.000


     MAXIMUM LOG-LIKELIHOOD VALUE FOR THE UNRESTRICTED (H1) MODEL IS -3801.896


UNIVARIATE SAMPLE STATISTICS


     UNIVARIATE HIGHER-ORDER MOMENT DESCRIPTIVE STATISTICS

         Variable/         Mean/     Skewness/   Minimum/ % with                Percentiles
        Sample Size      Variance    Kurtosis    Maximum  Min/Max      20%/60%    40%/80%    Median

     CANFLFBW              1.298      -1.328     -49.550    0.25%     -15.800     10.450     10.450
             397.000     201.913       0.748      10.450   66.25%      10.450     10.450
     COGPGSBW              0.000       0.000      -1.029    0.25%      -0.290     -0.080     -0.004
             397.000       0.114       0.397       1.215    0.25%       0.074      0.288
     SRPWCR                5.609       0.273     -24.000    0.14%      -1.000      4.000      6.000
             699.000      81.431       3.149      64.000    0.14%       8.000     12.000
     DEMAGE                0.000       0.981      -5.349    0.13%      -2.379     -1.039     -0.429
             775.000       8.278       1.934      15.821    0.13%       0.321      2.221
     DEMMAL                0.000      -0.452      -0.610   38.97%      -0.610      0.390      0.390
             775.000       0.238      -1.795       0.390   61.03%       0.390      0.390
     CANFLF                0.000      -0.189     -45.000    0.13%       0.000      0.000      0.000
             776.000     222.178       0.861      44.625    0.13%       0.000      0.000
     COGPGS                0.000      -0.018      -0.505    0.17%      -0.072      0.000      0.000
             590.000       0.021       1.998       0.604    0.17%       0.000      0.073
     PC1BW                 0.000       2.622      -0.020    0.25%      -0.018     -0.016     -0.012
             397.000       0.001       5.522       0.136    0.25%      -0.009     -0.004
     PC2BW                -0.001       0.960      -0.036    0.25%      -0.031     -0.027     -0.017
             397.000       0.001      -0.154       0.131    0.25%      -0.003      0.036
     PC3BW                -0.001      12.571      -0.119    0.25%      -0.006     -0.003     -0.001
             397.000       0.001     227.127       0.457    0.25%       0.000      0.004
     PC4BW                 0.000       5.585      -0.094    0.25%      -0.009     -0.006     -0.005
             397.000       0.001      37.065       0.285    0.25%      -0.004      0.000
     PC5BW                 0.001     -15.986      -0.544    0.25%      -0.002      0.000      0.001
             397.000       0.001     297.575       0.111    0.25%       0.002      0.004

     THE STANDARD ERRORS OF THE MODEL PARAMETER ESTIMATES MAY NOT BE
     TRUSTWORTHY FOR SOME PARAMETERS DUE TO A NON-POSITIVE DEFINITE
     FIRST-ORDER DERIVATIVE PRODUCT MATRIX.  THIS MAY BE DUE TO THE STARTING
     VALUES BUT MAY ALSO BE AN INDICATION OF MODEL NONIDENTIFICATION.  THE
     CONDITION NUMBER IS       0.324D-19.  PROBLEM INVOLVING THE FOLLOWING PARAMETER:
     Parameter 3, %WITHIN%: [ CANFLF ]


THE MODEL ESTIMATION TERMINATED NORMALLY



MODEL FIT INFORMATION

Number of Free Parameters                       30

Loglikelihood

          H0 Value                       -9590.855
          H0 Scaling Correction Factor      1.1437
            for MLR

Information Criteria

          Akaike (AIC)                   19241.711
          Bayesian (BIC)                 19381.335
          Sample-Size Adjusted BIC       19286.071
            (n* = (n + 2) / 24)



MODEL RESULTS

                                                    Two-Tailed
                    Estimate       S.E.  Est./S.E.    P-Value

Within Level

 SRPWCR     ON
    CANFLF             0.015      0.023      0.662      0.508
    DEMMAL             0.976      0.755      1.293      0.196
    DEMAGE            -0.184      0.121     -1.520      0.129
    COGPGS            -1.860      2.574     -0.722      0.470

 CANFLF   WITH
    DEMMAL             1.621      0.272      5.952      0.000
    DEMAGE            -6.613      1.591     -4.157      0.000
    COGPGS             0.004      0.141      0.029      0.977

 Means
    DEMAGE             0.000      0.115      0.000      1.000
    DEMMAL             0.000      0.019      0.000      1.000
    CANFLF             0.000      0.000      0.000      1.000
    COGPGS             0.000      0.001      0.040      0.968

 Variances
    DEMAGE             8.278      0.589     14.047      0.000
    DEMMAL             0.238      0.004     57.375      0.000
    CANFLF           220.320     17.408     12.656      0.000
    COGPGS             0.021      0.002      9.248      0.000

 Residual Variances
    SRPWCR            75.733      9.349      8.100      0.000

Between Level

 SRPWCR     ON
    CANFLFBW          -0.030      0.025     -1.193      0.233
    COGPGSBW           2.362      0.947      2.494      0.013
    PC1BW              1.726     10.220      0.169      0.866
    PC2BW             17.084      9.778      1.747      0.081
    PC3BW             -3.532      2.598     -1.360      0.174
    PC4BW              2.726      5.385      0.506      0.613
    PC5BW             16.056      3.211      5.000      0.000

 CANFLFBW WITH
    COGPGSBW           0.040      0.204      0.196      0.845

 Means
    CANFLFBW           1.298      0.713      1.820      0.069
    COGPGSBW           0.000      0.017      0.005      0.996

 Intercepts
    SRPWCR             5.566      0.343     16.212      0.000

 Variances
    CANFLFBW         201.913     16.799     12.019      0.000
    COGPGSBW           0.114      0.009     12.870      0.000

 Residual Variances
    SRPWCR             3.612      4.609      0.784      0.433


STANDARDIZED MODEL RESULTS


STDYX Standardization

                                                    Two-Tailed
                    Estimate       S.E.  Est./S.E.    P-Value

Within Level

 SRPWCR     ON
    CANFLF             0.026      0.038      0.674      0.501
    DEMMAL             0.054      0.041      1.313      0.189
    DEMAGE            -0.061      0.039     -1.535      0.125
    COGPGS            -0.031      0.042     -0.731      0.465

 CANFLF   WITH
    DEMMAL             0.224      0.035      6.416      0.000
    DEMAGE            -0.155      0.035     -4.382      0.000
    COGPGS             0.002      0.066      0.029      0.977

 Means
    DEMAGE             0.000      0.040      0.000      1.000
    DEMMAL             0.000      0.039      0.000      1.000
    CANFLF             0.000      0.000      0.000      1.000
    COGPGS             0.000      0.007      0.040      0.968

 Variances
    DEMAGE             1.000      0.000    999.000    999.000
    DEMMAL             1.000      0.000    999.000    999.000
    CANFLF             1.000      0.000    999.000    999.000
    COGPGS             1.000      0.000    999.000    999.000

 Residual Variances
    SRPWCR             0.991      0.008    125.982      0.000

Between Level

 SRPWCR     ON
    CANFLFBW          -0.192      0.185     -1.038      0.299
    COGPGSBW           0.356      0.197      1.803      0.071
    PC1BW              0.028      0.171      0.165      0.869
    PC2BW              0.275      0.194      1.419      0.156
    PC3BW             -0.041      0.036     -1.164      0.245
    PC4BW              0.038      0.074      0.508      0.611
    PC5BW              0.210      0.112      1.876      0.061

 CANFLFBW WITH
    COGPGSBW           0.008      0.043      0.196      0.845

 Means
    CANFLFBW           0.091      0.053      1.715      0.086
    COGPGSBW           0.000      0.050      0.005      0.996

 Intercepts
    SRPWCR             2.478      1.179      2.102      0.036

 Variances
    CANFLFBW           1.000      0.000    999.000    999.000
    COGPGSBW           1.000      0.000    999.000    999.000

 Residual Variances
    SRPWCR             0.716      0.284      2.521      0.012


R-SQUARE

Within Level

    Observed                                        Two-Tailed
    Variable        Estimate       S.E.  Est./S.E.    P-Value

    SRPWCR             0.009      0.008      1.189      0.234

Between Level

    Observed                                        Two-Tailed
    Variable        Estimate       S.E.  Est./S.E.    P-Value

    SRPWCR             0.284      0.284      0.999      0.318


QUALITY OF NUMERICAL RESULTS

     Condition Number for the Information Matrix              0.324E-19
       (ratio of smallest to largest eigenvalue)


CONFIDENCE INTERVALS OF MODEL RESULTS

                  Lower .5%  Lower 2.5%    Lower 5%    Estimate    Upper 5%  Upper 2.5%   Upper .5%

Within Level

 SRPWCR   ON
    CANFLF          -0.044      -0.030      -0.023       0.015       0.053       0.060       0.074
    DEMMAL          -0.969      -0.504      -0.266       0.976       2.218       2.456       2.920
    DEMAGE          -0.496      -0.421      -0.383      -0.184       0.015       0.053       0.128
    COGPGS          -8.491      -6.905      -6.094      -1.860       2.375       3.186       4.771

 CANFLF   WITH
    DEMMAL           0.919       1.087       1.173       1.621       2.068       2.154       2.322
    DEMAGE         -10.712      -9.732      -9.231      -6.613      -3.996      -3.495      -2.515
    COGPGS          -0.358      -0.272      -0.227       0.004       0.236       0.280       0.367

 Means
    DEMAGE          -0.296      -0.225      -0.189       0.000       0.189       0.225       0.296
    DEMMAL          -0.048      -0.037      -0.031       0.000       0.031       0.037       0.048
    CANFLF           0.000       0.000       0.000       0.000       0.000       0.000       0.000
    COGPGS          -0.003      -0.002      -0.002       0.000       0.002       0.002       0.003

 Variances
    DEMAGE           6.760       7.123       7.308       8.278       9.247       9.433       9.795
    DEMMAL           0.227       0.230       0.231       0.238       0.245       0.246       0.248
    CANFLF         175.480     186.200     191.683     220.320     248.956     254.440     265.160
    COGPGS           0.015       0.016       0.017       0.021       0.025       0.025       0.027

 Residual Variances
    SRPWCR          51.651      57.408      60.353      75.733      91.113      94.058      99.816

Between Level

 SRPWCR   ON
    CANFLFBW        -0.096      -0.080      -0.072      -0.030       0.012       0.020       0.035
    COGPGSBW        -0.077       0.506       0.804       2.362       3.920       4.219       4.802
    PC1BW          -24.599     -18.305     -15.086       1.726      18.538      21.758      28.051
    PC2BW           -8.101      -2.080       1.000      17.084      33.168      36.248      42.269
    PC3BW          -10.223      -8.623      -7.805      -3.532       0.742       1.560       3.160
    PC4BW          -11.144      -7.828      -6.132       2.726      11.585      13.281      16.597
    PC5BW            7.785       9.763      10.774      16.056      21.338      22.350      24.327

 CANFLFBW WITH
    COGPGSBW        -0.487      -0.361      -0.296       0.040       0.376       0.441       0.567

 Means
    CANFLFBW        -0.539      -0.100       0.125       1.298       2.471       2.696       3.135
    COGPGSBW        -0.044      -0.033      -0.028       0.000       0.028       0.033       0.044

 Intercepts
    SRPWCR           4.682       4.893       5.001       5.566       6.131       6.239       6.451

 Variances
    CANFLFBW       158.642     168.987     174.278     201.913     229.548     234.839     245.184
    COGPGSBW         0.091       0.097       0.100       0.114       0.129       0.132       0.137

 Residual Variances
    SRPWCR          -8.261      -5.422      -3.970       3.612      11.194      12.646      15.485


CONFIDENCE INTERVALS OF STANDARDIZED MODEL RESULTS


STDYX Standardization

                  Lower .5%  Lower 2.5%    Lower 5%    Estimate    Upper 5%  Upper 2.5%   Upper .5%

Within Level

 SRPWCR   ON
    CANFLF          -0.073      -0.049      -0.037       0.026       0.089       0.101       0.125
    DEMMAL          -0.052      -0.027      -0.014       0.054       0.123       0.136       0.161
    DEMAGE          -0.162      -0.138      -0.125      -0.061       0.004       0.017       0.041
    COGPGS          -0.139      -0.113      -0.100      -0.031       0.038       0.052       0.077

 CANFLF   WITH
    DEMMAL           0.134       0.155       0.166       0.224       0.281       0.292       0.314
    DEMAGE          -0.246      -0.224      -0.213      -0.155      -0.097      -0.086      -0.064
    COGPGS          -0.167      -0.127      -0.106       0.002       0.110       0.131       0.171

 Means
    DEMAGE          -0.103      -0.078      -0.066       0.000       0.066       0.078       0.103
    DEMMAL          -0.099      -0.075      -0.063       0.000       0.063       0.075       0.099
    CANFLF           0.000       0.000       0.000       0.000       0.000       0.000       0.000
    COGPGS          -0.018      -0.014      -0.012       0.000       0.012       0.014       0.019

 Variances
    DEMAGE           1.000       1.000       1.000       1.000       1.000       1.000       1.000
    DEMMAL           1.000       1.000       1.000       1.000       1.000       1.000       1.000
    CANFLF           1.000       1.000       1.000       1.000       1.000       1.000       1.000
    COGPGS           1.000       1.000       1.000       1.000       1.000       1.000       1.000

 Residual Variances
    SRPWCR           0.970       0.975       0.978       0.991       1.004       1.006       1.011

Between Level

 SRPWCR   ON
    CANFLFBW        -0.670      -0.556      -0.497      -0.192       0.112       0.171       0.285
    COGPGSBW        -0.152      -0.031       0.031       0.356       0.680       0.742       0.864
    PC1BW           -0.411      -0.306      -0.252       0.028       0.309       0.362       0.467
    PC2BW           -0.224      -0.105      -0.044       0.275       0.593       0.654       0.774
    PC3BW           -0.133      -0.111      -0.100      -0.041       0.017       0.028       0.050
    PC4BW           -0.154      -0.108      -0.085       0.038       0.160       0.184       0.230
    PC5BW           -0.078      -0.009       0.026       0.210       0.394       0.429       0.498

 CANFLFBW WITH
    COGPGSBW        -0.101      -0.075      -0.062       0.008       0.078       0.092       0.118

 Means
    CANFLFBW        -0.046      -0.013       0.004       0.091       0.179       0.196       0.229
    COGPGSBW        -0.129      -0.098      -0.082       0.000       0.083       0.099       0.130

 Intercepts
    SRPWCR          -0.559       0.167       0.539       2.478       4.418       4.790       5.516

 Variances
    CANFLFBW         1.000       1.000       1.000       1.000       1.000       1.000       1.000
    COGPGSBW         1.000       1.000       1.000       1.000       1.000       1.000       1.000

 Residual Variances
    SRPWCR          -0.016       0.159       0.249       0.716       1.184       1.273       1.448


TECHNICAL 1 OUTPUT


     PARAMETER SPECIFICATION FOR WITHIN


           NU
              CANFLFBW      COGPGSBW      SRPWCR        DEMAGE        DEMMAL
              ________      ________      ________      ________      ________
 1                  0             0             0             0             0


           NU
              CANFLF        COGPGS        PC1BW         PC2BW         PC3BW
              ________      ________      ________      ________      ________
 1                  0             0             0             0             0


           NU
              PC4BW         PC5BW
              ________      ________
 1                  0             0


           LAMBDA
              CANFLFBW      COGPGSBW      SRPWCR        DEMAGE        DEMMAL
              ________      ________      ________      ________      ________
 CANFLFBW           0             0             0             0             0
 COGPGSBW           0             0             0             0             0
 SRPWCR             0             0             0             0             0
 DEMAGE             0             0             0             0             0
 DEMMAL             0             0             0             0             0
 CANFLF             0             0             0             0             0
 COGPGS             0             0             0             0             0
 PC1BW              0             0             0             0             0
 PC2BW              0             0             0             0             0
 PC3BW              0             0             0             0             0
 PC4BW              0             0             0             0             0
 PC5BW              0             0             0             0             0


           LAMBDA
              CANFLF        COGPGS        PC1BW         PC2BW         PC3BW
              ________      ________      ________      ________      ________
 CANFLFBW           0             0             0             0             0
 COGPGSBW           0             0             0             0             0
 SRPWCR             0             0             0             0             0
 DEMAGE             0             0             0             0             0
 DEMMAL             0             0             0             0             0
 CANFLF             0             0             0             0             0
 COGPGS             0             0             0             0             0
 PC1BW              0             0             0             0             0
 PC2BW              0             0             0             0             0
 PC3BW              0             0             0             0             0
 PC4BW              0             0             0             0             0
 PC5BW              0             0             0             0             0


           LAMBDA
              PC4BW         PC5BW
              ________      ________
 CANFLFBW           0             0
 COGPGSBW           0             0
 SRPWCR             0             0
 DEMAGE             0             0
 DEMMAL             0             0
 CANFLF             0             0
 COGPGS             0             0
 PC1BW              0             0
 PC2BW              0             0
 PC3BW              0             0
 PC4BW              0             0
 PC5BW              0             0


           THETA
              CANFLFBW      COGPGSBW      SRPWCR        DEMAGE        DEMMAL
              ________      ________      ________      ________      ________
 CANFLFBW           0
 COGPGSBW           0             0
 SRPWCR             0             0             0
 DEMAGE             0             0             0             0
 DEMMAL             0             0             0             0             0
 CANFLF             0             0             0             0             0
 COGPGS             0             0             0             0             0
 PC1BW              0             0             0             0             0
 PC2BW              0             0             0             0             0
 PC3BW              0             0             0             0             0
 PC4BW              0             0             0             0             0
 PC5BW              0             0             0             0             0


           THETA
              CANFLF        COGPGS        PC1BW         PC2BW         PC3BW
              ________      ________      ________      ________      ________
 CANFLF             0
 COGPGS             0             0
 PC1BW              0             0             0
 PC2BW              0             0             0             0
 PC3BW              0             0             0             0             0
 PC4BW              0             0             0             0             0
 PC5BW              0             0             0             0             0


           THETA
              PC4BW         PC5BW
              ________      ________
 PC4BW              0
 PC5BW              0             0


           ALPHA
              CANFLFBW      COGPGSBW      SRPWCR        DEMAGE        DEMMAL
              ________      ________      ________      ________      ________
 1                  0             0             0             1             2


           ALPHA
              CANFLF        COGPGS        PC1BW         PC2BW         PC3BW
              ________      ________      ________      ________      ________
 1                  3             4             0             0             0


           ALPHA
              PC4BW         PC5BW
              ________      ________
 1                  0             0


           BETA
              CANFLFBW      COGPGSBW      SRPWCR        DEMAGE        DEMMAL
              ________      ________      ________      ________      ________
 CANFLFBW           0             0             0             0             0
 COGPGSBW           0             0             0             0             0
 SRPWCR             0             0             0             5             6
 DEMAGE             0             0             0             0             0
 DEMMAL             0             0             0             0             0
 CANFLF             0             0             0             0             0
 COGPGS             0             0             0             0             0
 PC1BW              0             0             0             0             0
 PC2BW              0             0             0             0             0
 PC3BW              0             0             0             0             0
 PC4BW              0             0             0             0             0
 PC5BW              0             0             0             0             0


           BETA
              CANFLF        COGPGS        PC1BW         PC2BW         PC3BW
              ________      ________      ________      ________      ________
 CANFLFBW           0             0             0             0             0
 COGPGSBW           0             0             0             0             0
 SRPWCR             7             8             0             0             0
 DEMAGE             0             0             0             0             0
 DEMMAL             0             0             0             0             0
 CANFLF             0             0             0             0             0
 COGPGS             0             0             0             0             0
 PC1BW              0             0             0             0             0
 PC2BW              0             0             0             0             0
 PC3BW              0             0             0             0             0
 PC4BW              0             0             0             0             0
 PC5BW              0             0             0             0             0


           BETA
              PC4BW         PC5BW
              ________      ________
 CANFLFBW           0             0
 COGPGSBW           0             0
 SRPWCR             0             0
 DEMAGE             0             0
 DEMMAL             0             0
 CANFLF             0             0
 COGPGS             0             0
 PC1BW              0             0
 PC2BW              0             0
 PC3BW              0             0
 PC4BW              0             0
 PC5BW              0             0


           PSI
              CANFLFBW      COGPGSBW      SRPWCR        DEMAGE        DEMMAL
              ________      ________      ________      ________      ________
 CANFLFBW           0
 COGPGSBW           0             0
 SRPWCR             0             0             9
 DEMAGE             0             0             0            10
 DEMMAL             0             0             0             0            11
 CANFLF             0             0             0            12            13
 COGPGS             0             0             0             0             0
 PC1BW              0             0             0             0             0
 PC2BW              0             0             0             0             0
 PC3BW              0             0             0             0             0
 PC4BW              0             0             0             0             0
 PC5BW              0             0             0             0             0


           PSI
              CANFLF        COGPGS        PC1BW         PC2BW         PC3BW
              ________      ________      ________      ________      ________
 CANFLF            14
 COGPGS            15            16
 PC1BW              0             0             0
 PC2BW              0             0             0             0
 PC3BW              0             0             0             0             0
 PC4BW              0             0             0             0             0
 PC5BW              0             0             0             0             0


           PSI
              PC4BW         PC5BW
              ________      ________
 PC4BW              0
 PC5BW              0             0


     PARAMETER SPECIFICATION FOR BETWEEN


           NU
              CANFLFBW      COGPGSBW      SRPWCR        DEMAGE        DEMMAL
              ________      ________      ________      ________      ________
 1                  0             0             0             0             0


           NU
              CANFLF        COGPGS        PC1BW         PC2BW         PC3BW
              ________      ________      ________      ________      ________
 1                  0             0             0             0             0


           NU
              PC4BW         PC5BW
              ________      ________
 1                  0             0


           LAMBDA
              CANFLFBW      COGPGSBW      SRPWCR        DEMAGE        DEMMAL
              ________      ________      ________      ________      ________
 CANFLFBW           0             0             0             0             0
 COGPGSBW           0             0             0             0             0
 SRPWCR             0             0             0             0             0
 DEMAGE             0             0             0             0             0
 DEMMAL             0             0             0             0             0
 CANFLF             0             0             0             0             0
 COGPGS             0             0             0             0             0
 PC1BW              0             0             0             0             0
 PC2BW              0             0             0             0             0
 PC3BW              0             0             0             0             0
 PC4BW              0             0             0             0             0
 PC5BW              0             0             0             0             0


           LAMBDA
              CANFLF        COGPGS        PC1BW         PC2BW         PC3BW
              ________      ________      ________      ________      ________
 CANFLFBW           0             0             0             0             0
 COGPGSBW           0             0             0             0             0
 SRPWCR             0             0             0             0             0
 DEMAGE             0             0             0             0             0
 DEMMAL             0             0             0             0             0
 CANFLF             0             0             0             0             0
 COGPGS             0             0             0             0             0
 PC1BW              0             0             0             0             0
 PC2BW              0             0             0             0             0
 PC3BW              0             0             0             0             0
 PC4BW              0             0             0             0             0
 PC5BW              0             0             0             0             0


           LAMBDA
              PC4BW         PC5BW
              ________      ________
 CANFLFBW           0             0
 COGPGSBW           0             0
 SRPWCR             0             0
 DEMAGE             0             0
 DEMMAL             0             0
 CANFLF             0             0
 COGPGS             0             0
 PC1BW              0             0
 PC2BW              0             0
 PC3BW              0             0
 PC4BW              0             0
 PC5BW              0             0


           THETA
              CANFLFBW      COGPGSBW      SRPWCR        DEMAGE        DEMMAL
              ________      ________      ________      ________      ________
 CANFLFBW           0
 COGPGSBW           0             0
 SRPWCR             0             0             0
 DEMAGE             0             0             0             0
 DEMMAL             0             0             0             0             0
 CANFLF             0             0             0             0             0
 COGPGS             0             0             0             0             0
 PC1BW              0             0             0             0             0
 PC2BW              0             0             0             0             0
 PC3BW              0             0             0             0             0
 PC4BW              0             0             0             0             0
 PC5BW              0             0             0             0             0


           THETA
              CANFLF        COGPGS        PC1BW         PC2BW         PC3BW
              ________      ________      ________      ________      ________
 CANFLF             0
 COGPGS             0             0
 PC1BW              0             0             0
 PC2BW              0             0             0             0
 PC3BW              0             0             0             0             0
 PC4BW              0             0             0             0             0
 PC5BW              0             0             0             0             0


           THETA
              PC4BW         PC5BW
              ________      ________
 PC4BW              0
 PC5BW              0             0


           ALPHA
              CANFLFBW      COGPGSBW      SRPWCR        DEMAGE        DEMMAL
              ________      ________      ________      ________      ________
 1                 17            18            19             0             0


           ALPHA
              CANFLF        COGPGS        PC1BW         PC2BW         PC3BW
              ________      ________      ________      ________      ________
 1                  0             0             0             0             0


           ALPHA
              PC4BW         PC5BW
              ________      ________
 1                  0             0


           BETA
              CANFLFBW      COGPGSBW      SRPWCR        DEMAGE        DEMMAL
              ________      ________      ________      ________      ________
 CANFLFBW           0             0             0             0             0
 COGPGSBW           0             0             0             0             0
 SRPWCR            20            21             0             0             0
 DEMAGE             0             0             0             0             0
 DEMMAL             0             0             0             0             0
 CANFLF             0             0             0             0             0
 COGPGS             0             0             0             0             0
 PC1BW              0             0             0             0             0
 PC2BW              0             0             0             0             0
 PC3BW              0             0             0             0             0
 PC4BW              0             0             0             0             0
 PC5BW              0             0             0             0             0


           BETA
              CANFLF        COGPGS        PC1BW         PC2BW         PC3BW
              ________      ________      ________      ________      ________
 CANFLFBW           0             0             0             0             0
 COGPGSBW           0             0             0             0             0
 SRPWCR             0             0            22            23            24
 DEMAGE             0             0             0             0             0
 DEMMAL             0             0             0             0             0
 CANFLF             0             0             0             0             0
 COGPGS             0             0             0             0             0
 PC1BW              0             0             0             0             0
 PC2BW              0             0             0             0             0
 PC3BW              0             0             0             0             0
 PC4BW              0             0             0             0             0
 PC5BW              0             0             0             0             0


           BETA
              PC4BW         PC5BW
              ________      ________
 CANFLFBW           0             0
 COGPGSBW           0             0
 SRPWCR            25            26
 DEMAGE             0             0
 DEMMAL             0             0
 CANFLF             0             0
 COGPGS             0             0
 PC1BW              0             0
 PC2BW              0             0
 PC3BW              0             0
 PC4BW              0             0
 PC5BW              0             0


           PSI
              CANFLFBW      COGPGSBW      SRPWCR        DEMAGE        DEMMAL
              ________      ________      ________      ________      ________
 CANFLFBW          27
 COGPGSBW          28            29
 SRPWCR             0             0            30
 DEMAGE             0             0             0             0
 DEMMAL             0             0             0             0             0
 CANFLF             0             0             0             0             0
 COGPGS             0             0             0             0             0
 PC1BW              0             0             0             0             0
 PC2BW              0             0             0             0             0
 PC3BW              0             0             0             0             0
 PC4BW              0             0             0             0             0
 PC5BW              0             0             0             0             0


           PSI
              CANFLF        COGPGS        PC1BW         PC2BW         PC3BW
              ________      ________      ________      ________      ________
 CANFLF             0
 COGPGS             0             0
 PC1BW              0             0             0
 PC2BW              0             0             0             0
 PC3BW              0             0             0             0             0
 PC4BW              0             0             0             0             0
 PC5BW              0             0             0             0             0


           PSI
              PC4BW         PC5BW
              ________      ________
 PC4BW              0
 PC5BW              0             0


     STARTING VALUES FOR WITHIN


           NU
              CANFLFBW      COGPGSBW      SRPWCR        DEMAGE        DEMMAL
              ________      ________      ________      ________      ________
 1              0.000         0.000         0.000         0.000         0.000


           NU
              CANFLF        COGPGS        PC1BW         PC2BW         PC3BW
              ________      ________      ________      ________      ________
 1              0.000         0.000         0.000         0.000         0.000


           NU
              PC4BW         PC5BW
              ________      ________
 1              0.000         0.000


           LAMBDA
              CANFLFBW      COGPGSBW      SRPWCR        DEMAGE        DEMMAL
              ________      ________      ________      ________      ________
 CANFLFBW       1.000         0.000         0.000         0.000         0.000
 COGPGSBW       0.000         1.000         0.000         0.000         0.000
 SRPWCR         0.000         0.000         1.000         0.000         0.000
 DEMAGE         0.000         0.000         0.000         1.000         0.000
 DEMMAL         0.000         0.000         0.000         0.000         1.000
 CANFLF         0.000         0.000         0.000         0.000         0.000
 COGPGS         0.000         0.000         0.000         0.000         0.000
 PC1BW          0.000         0.000         0.000         0.000         0.000
 PC2BW          0.000         0.000         0.000         0.000         0.000
 PC3BW          0.000         0.000         0.000         0.000         0.000
 PC4BW          0.000         0.000         0.000         0.000         0.000
 PC5BW          0.000         0.000         0.000         0.000         0.000


           LAMBDA
              CANFLF        COGPGS        PC1BW         PC2BW         PC3BW
              ________      ________      ________      ________      ________
 CANFLFBW       0.000         0.000         0.000         0.000         0.000
 COGPGSBW       0.000         0.000         0.000         0.000         0.000
 SRPWCR         0.000         0.000         0.000         0.000         0.000
 DEMAGE         0.000         0.000         0.000         0.000         0.000
 DEMMAL         0.000         0.000         0.000         0.000         0.000
 CANFLF         1.000         0.000         0.000         0.000         0.000
 COGPGS         0.000         1.000         0.000         0.000         0.000
 PC1BW          0.000         0.000         1.000         0.000         0.000
 PC2BW          0.000         0.000         0.000         1.000         0.000
 PC3BW          0.000         0.000         0.000         0.000         1.000
 PC4BW          0.000         0.000         0.000         0.000         0.000
 PC5BW          0.000         0.000         0.000         0.000         0.000


           LAMBDA
              PC4BW         PC5BW
              ________      ________
 CANFLFBW       0.000         0.000
 COGPGSBW       0.000         0.000
 SRPWCR         0.000         0.000
 DEMAGE         0.000         0.000
 DEMMAL         0.000         0.000
 CANFLF         0.000         0.000
 COGPGS         0.000         0.000
 PC1BW          0.000         0.000
 PC2BW          0.000         0.000
 PC3BW          0.000         0.000
 PC4BW          1.000         0.000
 PC5BW          0.000         1.000


           THETA
              CANFLFBW      COGPGSBW      SRPWCR        DEMAGE        DEMMAL
              ________      ________      ________      ________      ________
 CANFLFBW       0.000
 COGPGSBW       0.000         0.000
 SRPWCR         0.000         0.000         0.000
 DEMAGE         0.000         0.000         0.000         0.000
 DEMMAL         0.000         0.000         0.000         0.000         0.000
 CANFLF         0.000         0.000         0.000         0.000         0.000
 COGPGS         0.000         0.000         0.000         0.000         0.000
 PC1BW          0.000         0.000         0.000         0.000         0.000
 PC2BW          0.000         0.000         0.000         0.000         0.000
 PC3BW          0.000         0.000         0.000         0.000         0.000
 PC4BW          0.000         0.000         0.000         0.000         0.000
 PC5BW          0.000         0.000         0.000         0.000         0.000


           THETA
              CANFLF        COGPGS        PC1BW         PC2BW         PC3BW
              ________      ________      ________      ________      ________
 CANFLF         0.000
 COGPGS         0.000         0.000
 PC1BW          0.000         0.000         0.000
 PC2BW          0.000         0.000         0.000         0.000
 PC3BW          0.000         0.000         0.000         0.000         0.000
 PC4BW          0.000         0.000         0.000         0.000         0.000
 PC5BW          0.000         0.000         0.000         0.000         0.000


           THETA
              PC4BW         PC5BW
              ________      ________
 PC4BW          0.000
 PC5BW          0.000         0.000


           ALPHA
              CANFLFBW      COGPGSBW      SRPWCR        DEMAGE        DEMMAL
              ________      ________      ________      ________      ________
 1              0.000         0.000         0.000         0.000         0.000


           ALPHA
              CANFLF        COGPGS        PC1BW         PC2BW         PC3BW
              ________      ________      ________      ________      ________
 1              0.000         0.000         0.000         0.000         0.000


           ALPHA
              PC4BW         PC5BW
              ________      ________
 1              0.000         0.000


           BETA
              CANFLFBW      COGPGSBW      SRPWCR        DEMAGE        DEMMAL
              ________      ________      ________      ________      ________
 CANFLFBW       0.000         0.000         0.000         0.000         0.000
 COGPGSBW       0.000         0.000         0.000         0.000         0.000
 SRPWCR         0.000         0.000         0.000         0.000         0.000
 DEMAGE         0.000         0.000         0.000         0.000         0.000
 DEMMAL         0.000         0.000         0.000         0.000         0.000
 CANFLF         0.000         0.000         0.000         0.000         0.000
 COGPGS         0.000         0.000         0.000         0.000         0.000
 PC1BW          0.000         0.000         0.000         0.000         0.000
 PC2BW          0.000         0.000         0.000         0.000         0.000
 PC3BW          0.000         0.000         0.000         0.000         0.000
 PC4BW          0.000         0.000         0.000         0.000         0.000
 PC5BW          0.000         0.000         0.000         0.000         0.000


           BETA
              CANFLF        COGPGS        PC1BW         PC2BW         PC3BW
              ________      ________      ________      ________      ________
 CANFLFBW       0.000         0.000         0.000         0.000         0.000
 COGPGSBW       0.000         0.000         0.000         0.000         0.000
 SRPWCR         0.000         0.000         0.000         0.000         0.000
 DEMAGE         0.000         0.000         0.000         0.000         0.000
 DEMMAL         0.000         0.000         0.000         0.000         0.000
 CANFLF         0.000         0.000         0.000         0.000         0.000
 COGPGS         0.000         0.000         0.000         0.000         0.000
 PC1BW          0.000         0.000         0.000         0.000         0.000
 PC2BW          0.000         0.000         0.000         0.000         0.000
 PC3BW          0.000         0.000         0.000         0.000         0.000
 PC4BW          0.000         0.000         0.000         0.000         0.000
 PC5BW          0.000         0.000         0.000         0.000         0.000


           BETA
              PC4BW         PC5BW
              ________      ________
 CANFLFBW       0.000         0.000
 COGPGSBW       0.000         0.000
 SRPWCR         0.000         0.000
 DEMAGE         0.000         0.000
 DEMMAL         0.000         0.000
 CANFLF         0.000         0.000
 COGPGS         0.000         0.000
 PC1BW          0.000         0.000
 PC2BW          0.000         0.000
 PC3BW          0.000         0.000
 PC4BW          0.000         0.000
 PC5BW          0.000         0.000


           PSI
              CANFLFBW      COGPGSBW      SRPWCR        DEMAGE        DEMMAL
              ________      ________      ________      ________      ________
 CANFLFBW       0.000
 COGPGSBW       0.000         0.000
 SRPWCR         0.000         0.000        40.716
 DEMAGE         0.000         0.000         0.000         4.139
 DEMMAL         0.000         0.000         0.000         0.000         0.119
 CANFLF         0.000         0.000         0.000         0.000         0.000
 COGPGS         0.000         0.000         0.000         0.000         0.000
 PC1BW          0.000         0.000         0.000         0.000         0.000
 PC2BW          0.000         0.000         0.000         0.000         0.000
 PC3BW          0.000         0.000         0.000         0.000         0.000
 PC4BW          0.000         0.000         0.000         0.000         0.000
 PC5BW          0.000         0.000         0.000         0.000         0.000


           PSI
              CANFLF        COGPGS        PC1BW         PC2BW         PC3BW
              ________      ________      ________      ________      ________
 CANFLF       111.089
 COGPGS         0.000         0.010
 PC1BW          0.000         0.000         0.000
 PC2BW          0.000         0.000         0.000         0.000
 PC3BW          0.000         0.000         0.000         0.000         0.000
 PC4BW          0.000         0.000         0.000         0.000         0.000
 PC5BW          0.000         0.000         0.000         0.000         0.000


           PSI
              PC4BW         PC5BW
              ________      ________
 PC4BW          0.000
 PC5BW          0.000         0.000


     STARTING VALUES FOR BETWEEN


           NU
              CANFLFBW      COGPGSBW      SRPWCR        DEMAGE        DEMMAL
              ________      ________      ________      ________      ________
 1              0.000         0.000         0.000         0.000         0.000


           NU
              CANFLF        COGPGS        PC1BW         PC2BW         PC3BW
              ________      ________      ________      ________      ________
 1              0.000         0.000         0.000         0.000         0.000


           NU
              PC4BW         PC5BW
              ________      ________
 1              0.000         0.000


           LAMBDA
              CANFLFBW      COGPGSBW      SRPWCR        DEMAGE        DEMMAL
              ________      ________      ________      ________      ________
 CANFLFBW       1.000         0.000         0.000         0.000         0.000
 COGPGSBW       0.000         1.000         0.000         0.000         0.000
 SRPWCR         0.000         0.000         1.000         0.000         0.000
 DEMAGE         0.000         0.000         0.000         1.000         0.000
 DEMMAL         0.000         0.000         0.000         0.000         1.000
 CANFLF         0.000         0.000         0.000         0.000         0.000
 COGPGS         0.000         0.000         0.000         0.000         0.000
 PC1BW          0.000         0.000         0.000         0.000         0.000
 PC2BW          0.000         0.000         0.000         0.000         0.000
 PC3BW          0.000         0.000         0.000         0.000         0.000
 PC4BW          0.000         0.000         0.000         0.000         0.000
 PC5BW          0.000         0.000         0.000         0.000         0.000


           LAMBDA
              CANFLF        COGPGS        PC1BW         PC2BW         PC3BW
              ________      ________      ________      ________      ________
 CANFLFBW       0.000         0.000         0.000         0.000         0.000
 COGPGSBW       0.000         0.000         0.000         0.000         0.000
 SRPWCR         0.000         0.000         0.000         0.000         0.000
 DEMAGE         0.000         0.000         0.000         0.000         0.000
 DEMMAL         0.000         0.000         0.000         0.000         0.000
 CANFLF         1.000         0.000         0.000         0.000         0.000
 COGPGS         0.000         1.000         0.000         0.000         0.000
 PC1BW          0.000         0.000         1.000         0.000         0.000
 PC2BW          0.000         0.000         0.000         1.000         0.000
 PC3BW          0.000         0.000         0.000         0.000         1.000
 PC4BW          0.000         0.000         0.000         0.000         0.000
 PC5BW          0.000         0.000         0.000         0.000         0.000


           LAMBDA
              PC4BW         PC5BW
              ________      ________
 CANFLFBW       0.000         0.000
 COGPGSBW       0.000         0.000
 SRPWCR         0.000         0.000
 DEMAGE         0.000         0.000
 DEMMAL         0.000         0.000
 CANFLF         0.000         0.000
 COGPGS         0.000         0.000
 PC1BW          0.000         0.000
 PC2BW          0.000         0.000
 PC3BW          0.000         0.000
 PC4BW          1.000         0.000
 PC5BW          0.000         1.000


           THETA
              CANFLFBW      COGPGSBW      SRPWCR        DEMAGE        DEMMAL
              ________      ________      ________      ________      ________
 CANFLFBW       0.000
 COGPGSBW       0.000         0.000
 SRPWCR         0.000         0.000         0.000
 DEMAGE         0.000         0.000         0.000         0.000
 DEMMAL         0.000         0.000         0.000         0.000         0.000
 CANFLF         0.000         0.000         0.000         0.000         0.000
 COGPGS         0.000         0.000         0.000         0.000         0.000
 PC1BW          0.000         0.000         0.000         0.000         0.000
 PC2BW          0.000         0.000         0.000         0.000         0.000
 PC3BW          0.000         0.000         0.000         0.000         0.000
 PC4BW          0.000         0.000         0.000         0.000         0.000
 PC5BW          0.000         0.000         0.000         0.000         0.000


           THETA
              CANFLF        COGPGS        PC1BW         PC2BW         PC3BW
              ________      ________      ________      ________      ________
 CANFLF         0.000
 COGPGS         0.000         0.000
 PC1BW          0.000         0.000         0.000
 PC2BW          0.000         0.000         0.000         0.000
 PC3BW          0.000         0.000         0.000         0.000         0.000
 PC4BW          0.000         0.000         0.000         0.000         0.000
 PC5BW          0.000         0.000         0.000         0.000         0.000


           THETA
              PC4BW         PC5BW
              ________      ________
 PC4BW          0.000
 PC5BW          0.000         0.000


           ALPHA
              CANFLFBW      COGPGSBW      SRPWCR        DEMAGE        DEMMAL
              ________      ________      ________      ________      ________
 1              0.000         0.000         5.609         0.000         0.000


           ALPHA
              CANFLF        COGPGS        PC1BW         PC2BW         PC3BW
              ________      ________      ________      ________      ________
 1              0.000         0.000         0.000         0.000         0.000


           ALPHA
              PC4BW         PC5BW
              ________      ________
 1              0.000         0.000


           BETA
              CANFLFBW      COGPGSBW      SRPWCR        DEMAGE        DEMMAL
              ________      ________      ________      ________      ________
 CANFLFBW       0.000         0.000         0.000         0.000         0.000
 COGPGSBW       0.000         0.000         0.000         0.000         0.000
 SRPWCR         0.000         0.000         0.000         0.000         0.000
 DEMAGE         0.000         0.000         0.000         0.000         0.000
 DEMMAL         0.000         0.000         0.000         0.000         0.000
 CANFLF         0.000         0.000         0.000         0.000         0.000
 COGPGS         0.000         0.000         0.000         0.000         0.000
 PC1BW          0.000         0.000         0.000         0.000         0.000
 PC2BW          0.000         0.000         0.000         0.000         0.000
 PC3BW          0.000         0.000         0.000         0.000         0.000
 PC4BW          0.000         0.000         0.000         0.000         0.000
 PC5BW          0.000         0.000         0.000         0.000         0.000


           BETA
              CANFLF        COGPGS        PC1BW         PC2BW         PC3BW
              ________      ________      ________      ________      ________
 CANFLFBW       0.000         0.000         0.000         0.000         0.000
 COGPGSBW       0.000         0.000         0.000         0.000         0.000
 SRPWCR         0.000         0.000         0.000         0.000         0.000
 DEMAGE         0.000         0.000         0.000         0.000         0.000
 DEMMAL         0.000         0.000         0.000         0.000         0.000
 CANFLF         0.000         0.000         0.000         0.000         0.000
 COGPGS         0.000         0.000         0.000         0.000         0.000
 PC1BW          0.000         0.000         0.000         0.000         0.000
 PC2BW          0.000         0.000         0.000         0.000         0.000
 PC3BW          0.000         0.000         0.000         0.000         0.000
 PC4BW          0.000         0.000         0.000         0.000         0.000
 PC5BW          0.000         0.000         0.000         0.000         0.000


           BETA
              PC4BW         PC5BW
              ________      ________
 CANFLFBW       0.000         0.000
 COGPGSBW       0.000         0.000
 SRPWCR         0.000         0.000
 DEMAGE         0.000         0.000
 DEMMAL         0.000         0.000
 CANFLF         0.000         0.000
 COGPGS         0.000         0.000
 PC1BW          0.000         0.000
 PC2BW          0.000         0.000
 PC3BW          0.000         0.000
 PC4BW          0.000         0.000
 PC5BW          0.000         0.000


           PSI
              CANFLFBW      COGPGSBW      SRPWCR        DEMAGE        DEMMAL
              ________      ________      ________      ________      ________
 CANFLFBW     107.286
 COGPGSBW       0.000         0.055
 SRPWCR         0.000         0.000        40.716
 DEMAGE         0.000         0.000         0.000         0.000
 DEMMAL         0.000         0.000         0.000         0.000         0.000
 CANFLF         0.000         0.000         0.000         0.000         0.000
 COGPGS         0.000         0.000         0.000         0.000         0.000
 PC1BW          0.000         0.000         0.000         0.000         0.000
 PC2BW          0.000         0.000         0.000         0.000         0.000
 PC3BW          0.000         0.000         0.000         0.000         0.000
 PC4BW          0.000         0.000         0.000         0.000         0.000
 PC5BW          0.000         0.000         0.000         0.000         0.000


           PSI
              CANFLF        COGPGS        PC1BW         PC2BW         PC3BW
              ________      ________      ________      ________      ________
 CANFLF         0.000
 COGPGS         0.000         0.000
 PC1BW          0.000         0.000         0.001
 PC2BW          0.000         0.000         0.000         0.001
 PC3BW          0.000         0.000         0.000         0.000         0.001
 PC4BW          0.000         0.000         0.000         0.000         0.000
 PC5BW          0.000         0.000         0.000         0.000         0.000


           PSI
              PC4BW         PC5BW
              ________      ________
 PC4BW          0.001
 PC5BW          0.000         0.001


SAMPLE STATISTICS FOR ESTIMATED FACTOR SCORES


     SAMPLE STATISTICS


           Means
              B_SRPWCR
              ________
 1              5.571


           Covariances
              B_SRPWCR
              ________
 B_SRPWCR       1.857


           Correlations
              B_SRPWCR
              ________
 B_SRPWCR       1.000


PLOT INFORMATION

The following plots are available:

  Histograms (sample values)
  Scatterplots (sample values)

     Beginning Time:  12:55:40
        Ending Time:  12:55:42
       Elapsed Time:  00:00:02



MUTHEN & MUTHEN
3463 Stoner Ave.
Los Angeles, CA  90066

Tel: (310) 391-9971
Fax: (310) 391-8971
Web: www.StatModel.com
Support: Support@StatModel.com

Copyright (c) 1998-2015 Muthen & Muthen
