Mplus VERSION 7.4 (Mac)
MUTHEN & MUTHEN
07/30/2019  12:54 PM

INPUT INSTRUCTIONS


  TITLE: CANF6M_CVLASF_2;

  DATA:
  	FILE = GD190618.csv;

  VARIABLE:
  	NAMES =
  			ID_Fam   Wave     ID_MPL
  			DEMMAL   DEMAGE   DEMHSP   DEMRAC
  			SRPWCR
  			WASVCB   WASBLK   WASDGT   WSISUM
  			TRLATS   TRLBTS
  			CVLASF   CVLASC   CVLALF   CVLALC
  			WASCOM   COGCOM   CVLCOM
  			CANEVR   CANONS   CANFLF
  			CANFTY   CANF6M   CANAC6
  			CANYRS
  			ALCEVR   ALCONS   ALCFLF
  			ALCFTY   ALCF6M   ALCAC6
  			ALCYRS
  			SRPWCRDt WASVCBDt WASBLKDt
  			WASDGTDt WSISUMDt TRLATSDt
  			TRLBTSDt CVLASFDt CVLASCDt
  			CVLALFDt CVLALCDt WASCOMDt
  			COGCOMDt CVLCOMDt
  			COGPGS
  			PC1 PC2 PC3 PC4 PC5 PC6
  		;
  	USEVARIABLES =
  		! outcome
  	  		CVLASF
    		! covariates
  	  		DEMAGE
    			DEMMAL  		
    		! within predictor
    			CANF6M
    			COGPGS
    		! between predictor
    			CANF6MBW
    			COGPGSBW
    			PC1BW
    			PC2BW
    			PC3BW
    			PC4BW
    			PC5BW	
    		;
    	USEOBSERVATION =
    			(Wave EQ 2 AND CVLASFDt EQ 1)
    		;
    	CLUSTER =
    			ID_Fam
    		;
    	MISSING = .;
    	BETWEEN =   		
    			CANF6MBW
    			COGPGSBW
    			PC1BW
    			PC2BW
    			PC3BW
    			PC4BW
    			PC5BW			
    		;
    	WITHIN  		
    			CANF6M
    			COGPGS
    			DEMAGE
    			DEMMAL
    		;  		

  DEFINE:
  	! CREATE BW FAM PREDICTOR
  		CANF6MBW = cluster_mean (CANF6M);	
  		COGPGSBW = cluster_mean (COGPGS);
  		PC1BW = cluster_mean (PC1);
  		PC2BW = cluster_mean (PC2);
  		PC3BW = cluster_mean (PC3);
  		PC4BW = cluster_mean (PC4);
  		PC5BW = cluster_mean (PC5);
  	! CENTER WI FAM VARIABLES
  		CENTER CANF6M (GROUPMEAN);
  		CENTER COGPGS (GROUPMEAN);
  		CENTER DEMMAL (GRANDMEAN);
  		CENTER DEMAGE (GRANDMEAN);
  	! CENTER BW FAM VARIABLES
  		CENTER CANF6MBW (GRANDMEAN);
  		CENTER COGPGSBW (GRANDMEAN);
  		CENTER PC1BW (GRANDMEAN);
  		CENTER PC2BW (GRANDMEAN);
  		CENTER PC3BW (GRANDMEAN);
  		CENTER PC4BW (GRANDMEAN);
  		CENTER PC5BW (GRANDMEAN);

  ANALYSIS:
          ITERATIONS = 1000000;
          TYPE = TWOLEVEL RANDOM;
          ALGORITHM = INTEGRATION;

  OUTPUT:
  	SAMPSTAT STDYX TECH1 CINT;

  MODEL:
  %WITHIN%
  	CVLASF on CANF6M;
  	CVLASF on  DEMMAL DEMAGE COGPGS;	
  	COGPGS*;
  	CVLASF*;
  	CANF6M WITH DEMMAL*;
  	CANF6M WITH DEMAGE*;
  	CANF6M WITH COGPGS*;

  %BETWEEN%
  	CVLASF on CANF6MBW COGPGSBW
  		 	    PC1BW PC2BW PC3BW PC4BW PC5BW;
  	COGPGSBW*;
  	CVLASF*;
  	CANF6MBW WITH COGPGSBW*;

  PLOT:
  	TYPE = plot3;



*** WARNING
  Data set contains cases with missing on x-variables.
  These cases were not included in the analysis.
  Number of cases with missing on x-variables:  45
   1 WARNING(S) FOUND IN THE INPUT INSTRUCTIONS



CANF6M_CVLASF_2;

SUMMARY OF ANALYSIS

Number of groups                                                 1
Number of observations                                         379

Number of dependent variables                                    1
Number of independent variables                                 11
Number of continuous latent variables                            0

Observed dependent variables

  Continuous
   CVLASF

Observed independent variables
   DEMAGE      DEMMAL      CANF6M      COGPGS      CANF6MBW    COGPGSBW
   PC1BW       PC2BW       PC3BW       PC4BW       PC5BW

Variables with special functions

  Cluster variable      ID_FAM

  Within variables
   DEMAGE      DEMMAL      CANF6M      COGPGS

  Between variables
   CANF6MBW    COGPGSBW    PC1BW       PC2BW       PC3BW       PC4BW
   PC5BW

  Centering (GRANDMEAN)
   DEMMAL      DEMAGE      CANF6MBW    COGPGSBW
   PC1BW       PC2BW       PC3BW       PC4BW       PC5BW

  Centering (GROUPMEAN)
   CANF6M      COGPGS


Estimator                                                      MLR
Information matrix                                        OBSERVED
Optimization Specifications for the Quasi-Newton Algorithm for
Continuous Outcomes
  Maximum number of iterations                             1000000
  Convergence criterion                                  0.100D-05
Optimization Specifications for the EM Algorithm
  Maximum number of iterations                                 500
  Convergence criteria
    Loglikelihood change                                 0.100D-02
    Relative loglikelihood change                        0.100D-05
    Derivative                                           0.100D-02
Optimization Specifications for the M step of the EM Algorithm for
Categorical Latent variables
  Number of M step iterations                                    1
  M step convergence criterion                           0.100D-02
  Basis for M step termination                           ITERATION
Optimization Specifications for the M step of the EM Algorithm for
Censored, Binary or Ordered Categorical (Ordinal), Unordered
Categorical (Nominal) and Count Outcomes
  Number of M step iterations                                    1
  M step convergence criterion                           0.100D-02
  Basis for M step termination                           ITERATION
  Maximum value for logit thresholds                            15
  Minimum value for logit thresholds                           -15
  Minimum expected cell size for chi-square              0.100D-01
Maximum number of iterations for H1                           2000
Convergence criterion for H1                             0.100D-03
Optimization algorithm                                         EMA
Integration Specifications
  Type                                                    STANDARD
  Number of integration points                                  15
  Dimensions of numerical integration                            0
  Adaptive quadrature                                           ON
Cholesky                                                       OFF

Input data file(s)
  GD190618.csv
Input data format  FREE


SUMMARY OF DATA

     Number of missing data patterns             5
     Number of clusters                        193



COVARIANCE COVERAGE OF DATA

Minimum covariance coverage value   0.100


     PROPORTION OF DATA PRESENT FOR Y


           Covariance Coverage
              CANF6MBW      COGPGSBW      CVLASF        DEMAGE        DEMMAL
              ________      ________      ________      ________      ________
 CANF6MBW       1.000
 COGPGSBW       1.000         1.000
 CVLASF         0.839         0.839         0.839
 DEMAGE         0.997         0.997         0.839         0.997
 DEMMAL         0.997         0.997         0.839         0.997         0.997
 CANF6M         1.000         1.000         0.839         0.997         0.997
 COGPGS         0.755         0.755         0.641         0.755         0.755
 PC1BW          1.000         1.000         0.839         0.997         0.997
 PC2BW          1.000         1.000         0.839         0.997         0.997
 PC3BW          1.000         1.000         0.839         0.997         0.997
 PC4BW          1.000         1.000         0.839         0.997         0.997
 PC5BW          1.000         1.000         0.839         0.997         0.997


           Covariance Coverage
              CANF6M        COGPGS        PC1BW         PC2BW         PC3BW
              ________      ________      ________      ________      ________
 CANF6M         1.000
 COGPGS         0.755         0.755
 PC1BW          1.000         0.755         1.000
 PC2BW          1.000         0.755         1.000         1.000
 PC3BW          1.000         0.755         1.000         1.000         1.000
 PC4BW          1.000         0.755         1.000         1.000         1.000
 PC5BW          1.000         0.755         1.000         1.000         1.000


           Covariance Coverage
              PC4BW         PC5BW
              ________      ________
 PC4BW          1.000
 PC5BW          1.000         1.000


SAMPLE STATISTICS


     ESTIMATED SAMPLE STATISTICS


           Means
              CANF6MBW      COGPGSBW      CVLASF        DEMAGE        DEMMAL
              ________      ________      ________      ________      ________
 1              0.000         0.000        -0.352        -0.001         0.000


           Means
              CANF6M        COGPGS        PC1BW         PC2BW         PC3BW
              ________      ________      ________      ________      ________
 1              0.000        -0.001         0.000         0.000         0.000


           Means
              PC4BW         PC5BW
              ________      ________
 1              0.000         0.000


           Covariances
              CANF6MBW      COGPGSBW      CVLASF        DEMAGE        DEMMAL
              ________      ________      ________      ________      ________
 CANF6MBW      80.562
 COGPGSBW       0.236         0.111
 CVLASF         0.258         0.005         1.108
 DEMAGE        -1.991         0.012        -0.137         7.883
 DEMMAL         0.885         0.013         0.023        -0.208         0.249
 CANF6M         0.000         0.000        -1.140        -1.268         0.482
 COGPGS         0.000         0.000         0.006        -0.014         0.004
 PC1BW         -0.022        -0.004        -0.003         0.011        -0.002
 PC2BW         -0.072         0.000        -0.006        -0.007        -0.001
 PC3BW         -0.008        -0.001        -0.001        -0.001        -0.001
 PC4BW          0.001         0.002         0.001         0.005         0.001
 PC5BW          0.015         0.000         0.003         0.006         0.000


           Covariances
              CANF6M        COGPGS        PC1BW         PC2BW         PC3BW
              ________      ________      ________      ________      ________
 CANF6M        51.860
 COGPGS         0.104         0.018
 PC1BW          0.000         0.000         0.001
 PC2BW          0.000         0.000         0.000         0.002
 PC3BW          0.000         0.000         0.000         0.000         0.000
 PC4BW          0.000         0.000         0.000         0.000        -0.001
 PC5BW          0.000         0.000         0.000         0.000         0.000


           Covariances
              PC4BW         PC5BW
              ________      ________
 PC4BW          0.002
 PC5BW          0.000         0.002


           Correlations
              CANF6MBW      COGPGSBW      CVLASF        DEMAGE        DEMMAL
              ________      ________      ________      ________      ________
 CANF6MBW       1.000
 COGPGSBW       0.079         1.000
 CVLASF         0.027         0.016         1.000
 DEMAGE        -0.079         0.013        -0.046         1.000
 DEMMAL         0.198         0.079         0.043        -0.148         1.000
 CANF6M         0.000         0.000        -0.150        -0.063         0.134
 COGPGS         0.000        -0.005         0.041        -0.036         0.063
 PC1BW         -0.064        -0.298        -0.066         0.109        -0.098
 PC2BW         -0.199        -0.006        -0.149        -0.066        -0.035
 PC3BW         -0.048        -0.141        -0.066        -0.028        -0.076
 PC4BW          0.003         0.147         0.025         0.041         0.058
 PC5BW          0.033        -0.029         0.058         0.045         0.016


           Correlations
              CANF6M        COGPGS        PC1BW         PC2BW         PC3BW
              ________      ________      ________      ________      ________
 CANF6M         1.000
 COGPGS         0.107         1.000
 PC1BW          0.000        -0.003         1.000
 PC2BW          0.000        -0.005        -0.108         1.000
 PC3BW          0.000        -0.001         0.047         0.138         1.000
 PC4BW          0.000         0.000         0.014         0.003        -0.969
 PC5BW          0.000        -0.001        -0.126         0.043         0.001


           Correlations
              PC4BW         PC5BW
              ________      ________
 PC4BW          1.000
 PC5BW          0.036         1.000


     MAXIMUM LOG-LIKELIHOOD VALUE FOR THE UNRESTRICTED (H1) MODEL IS 76.528


UNIVARIATE SAMPLE STATISTICS


     UNIVARIATE HIGHER-ORDER MOMENT DESCRIPTIVE STATISTICS

         Variable/         Mean/     Skewness/   Minimum/ % with                Percentiles
        Sample Size      Variance    Kurtosis    Maximum  Min/Max      20%/60%    40%/80%    Median

     CANF6MBW              0.128       1.049      -7.569   24.35%      -7.569     -6.904     -4.569
             193.000      83.913       0.064      22.431    4.66%       0.484      7.431
     COGPGSBW              0.007       0.062      -0.971    0.52%      -0.281     -0.090     -0.006
             193.000       0.112      -0.017       0.900    0.52%       0.058      0.299
     CVLASF               -0.357      -0.279      -4.500    0.31%      -1.500     -0.500     -0.500
             318.000       1.108       0.073       2.000    0.63%       0.000      0.500
     DEMAGE                0.000       1.020      -5.431    0.26%      -2.361     -0.961     -0.256
             378.000       7.883       2.777      15.739    0.26%       0.349      2.139
     DEMMAL                0.000      -0.127      -0.532   46.83%      -0.532     -0.532      0.468
             378.000       0.249      -1.984       0.468   53.17%       0.468      0.468
     CANF6M                0.000       0.174     -15.000    3.43%      -2.553      0.000      0.000
             379.000      51.860       0.821      20.000    0.53%       0.000      1.750
     COGPGS                0.000       0.035      -0.482    0.35%      -0.076      0.000      0.000
             286.000       0.018       1.996       0.482    0.35%       0.000      0.072
     PC1BW                 0.000       2.440      -0.023    0.52%      -0.021     -0.016     -0.012
             193.000       0.001       4.619       0.133    0.52%      -0.010     -0.004
     PC2BW                -0.001       0.617      -0.044    0.52%      -0.041     -0.027     -0.013
             193.000       0.002      -0.803       0.121    0.52%       0.005      0.041
     PC3BW                 0.000      -4.137      -0.117    0.52%      -0.003      0.001      0.003
             193.000       0.000      21.256       0.033    0.52%       0.004      0.008
     PC4BW                -0.001       4.674      -0.097    0.52%      -0.014     -0.010     -0.008
             193.000       0.001      24.872       0.282    0.52%      -0.007     -0.003
     PC5BW                 0.002     -12.543      -0.541    0.52%       0.002      0.004      0.004
             193.000       0.002     165.580       0.054    0.52%       0.005      0.007

     THE STANDARD ERRORS OF THE MODEL PARAMETER ESTIMATES MAY NOT BE
     TRUSTWORTHY FOR SOME PARAMETERS DUE TO A NON-POSITIVE DEFINITE
     FIRST-ORDER DERIVATIVE PRODUCT MATRIX.  THIS MAY BE DUE TO THE STARTING
     VALUES BUT MAY ALSO BE AN INDICATION OF MODEL NONIDENTIFICATION.  THE
     CONDITION NUMBER IS       0.102D-17.  PROBLEM INVOLVING THE FOLLOWING PARAMETER:
     Parameter 4, %WITHIN%: [ COGPGS ]


THE MODEL ESTIMATION TERMINATED NORMALLY



MODEL FIT INFORMATION

Number of Free Parameters                       30

Loglikelihood

          H0 Value                       -3533.913
          H0 Scaling Correction Factor      1.1278
            for MLR

Information Criteria

          Akaike (AIC)                    7127.826
          Bayesian (BIC)                  7245.953
          Sample-Size Adjusted BIC        7150.769
            (n* = (n + 2) / 24)



MODEL RESULTS

                                                    Two-Tailed
                    Estimate       S.E.  Est./S.E.    P-Value

Within Level

 CVLASF     ON
    CANF6M            -0.024      0.007     -3.369      0.001
    DEMMAL             0.091      0.118      0.773      0.440
    DEMAGE            -0.020      0.020     -0.988      0.323
    COGPGS             0.410      0.436      0.939      0.348

 CANF6M   WITH
    DEMMAL             0.443      0.170      2.614      0.009
    DEMAGE            -0.871      0.909     -0.958      0.338
    COGPGS             0.095      0.083      1.146      0.252

 Means
    DEMAGE             0.000      0.158      0.002      0.998
    DEMMAL             0.000      0.028     -0.007      0.995
    CANF6M             0.000      0.000      0.000      1.000
    COGPGS            -0.001      0.001     -0.902      0.367

 Variances
    DEMAGE             7.883      0.888      8.876      0.000
    DEMMAL             0.249      0.002    139.430      0.000
    CANF6M            51.713      6.166      8.387      0.000
    COGPGS             0.018      0.003      6.164      0.000

 Residual Variances
    CVLASF             1.028      0.139      7.379      0.000

Between Level

 CVLASF     ON
    CANF6MBW          -0.004      0.005     -0.705      0.481
    COGPGSBW           0.025      0.178      0.140      0.889
    PC1BW             -0.822      2.072     -0.397      0.691
    PC2BW             -2.554      1.875     -1.363      0.173
    PC3BW            -26.970     18.323     -1.472      0.141
    PC4BW            -10.543      7.633     -1.381      0.167
    PC5BW              1.650      0.554      2.976      0.003

 CANF6MBW WITH
    COGPGSBW           0.263      0.274      0.960      0.337

 Means
    CANF6MBW           0.128      0.659      0.193      0.847
    COGPGSBW           0.007      0.024      0.303      0.762

 Intercepts
    CVLASF            -0.351      0.057     -6.109      0.000

 Variances
    CANF6MBW          83.913      8.678      9.670      0.000
    COGPGSBW           0.112      0.011      9.866      0.000

 Residual Variances
    CVLASF             0.001      0.093      0.014      0.989


STANDARDIZED MODEL RESULTS


STDYX Standardization

                                                    Two-Tailed
                    Estimate       S.E.  Est./S.E.    P-Value

Within Level

 CVLASF     ON
    CANF6M            -0.168      0.049     -3.418      0.001
    DEMMAL             0.044      0.057      0.779      0.436
    DEMAGE            -0.055      0.056     -0.989      0.323
    COGPGS             0.054      0.056      0.953      0.340

 CANF6M   WITH
    DEMMAL             0.124      0.045      2.732      0.006
    DEMAGE            -0.043      0.045     -0.958      0.338
    COGPGS             0.097      0.083      1.173      0.241

 Means
    DEMAGE             0.000      0.056      0.002      0.998
    DEMMAL             0.000      0.056     -0.007      0.995
    CANF6M             0.000      0.000      0.000      1.000
    COGPGS            -0.004      0.004     -0.906      0.365

 Variances
    DEMAGE             1.000      0.000    999.000    999.000
    DEMMAL             1.000      0.000    999.000    999.000
    CANF6M             1.000      0.000    999.000    999.000
    COGPGS             1.000      0.000    999.000    999.000

 Residual Variances
    CVLASF             0.968      0.018     53.071      0.000

Between Level

 CVLASF     ON
    CANF6MBW          -0.163      0.252     -0.647      0.518
    COGPGSBW           0.039      0.279      0.140      0.888
    PC1BW             -0.145      0.360     -0.402      0.688
    PC2BW             -0.478      0.546     -0.876      0.381
    PC3BW             -2.081      2.745     -0.758      0.448
    PC4BW             -1.915      2.563     -0.747      0.455
    PC5BW              0.313      0.349      0.898      0.369

 CANF6MBW WITH
    COGPGSBW           0.086      0.088      0.974      0.330

 Means
    CANF6MBW           0.014      0.071      0.195      0.845
    COGPGSBW           0.022      0.072      0.303      0.762

 Intercepts
    CVLASF            -1.649      1.822     -0.905      0.365

 Variances
    CANF6MBW           1.000      0.000    999.000    999.000
    COGPGSBW           1.000      0.000    999.000    999.000

 Residual Variances
    CVLASF             0.028      2.003      0.014      0.989


R-SQUARE

Within Level

    Observed                                        Two-Tailed
    Variable        Estimate       S.E.  Est./S.E.    P-Value

    CVLASF             0.032      0.018      1.743      0.081

Between Level

    Observed                                        Two-Tailed
    Variable        Estimate       S.E.  Est./S.E.    P-Value

    CVLASF             0.972      2.003      0.485      0.628


QUALITY OF NUMERICAL RESULTS

     Condition Number for the Information Matrix              0.102E-17
       (ratio of smallest to largest eigenvalue)


CONFIDENCE INTERVALS OF MODEL RESULTS

                  Lower .5%  Lower 2.5%    Lower 5%    Estimate    Upper 5%  Upper 2.5%   Upper .5%

Within Level

 CVLASF   ON
    CANF6M          -0.043      -0.038      -0.036      -0.024      -0.012      -0.010      -0.006
    DEMMAL          -0.212      -0.140      -0.103       0.091       0.285       0.322       0.394
    DEMAGE          -0.073      -0.060      -0.054      -0.020       0.013       0.020       0.033
    COGPGS          -0.714      -0.445      -0.308       0.410       1.127       1.265       1.533

 CANF6M   WITH
    DEMMAL           0.006       0.111       0.164       0.443       0.722       0.776       0.880
    DEMAGE          -3.212      -2.652      -2.366      -0.871       0.624       0.910       1.470
    COGPGS          -0.118      -0.067      -0.041       0.095       0.231       0.257       0.308

 Means
    DEMAGE          -0.406      -0.309      -0.259       0.000       0.260       0.309       0.407
    DEMMAL          -0.073      -0.055      -0.046       0.000       0.046       0.055       0.072
    CANF6M           0.000       0.000       0.000       0.000       0.000       0.000       0.000
    COGPGS          -0.002      -0.002      -0.002      -0.001       0.000       0.001       0.001

 Variances
    DEMAGE           5.596       6.143       6.422       7.883       9.345       9.624      10.171
    DEMMAL           0.244       0.245       0.246       0.249       0.252       0.252       0.254
    CANF6M          35.830      39.628      41.570      51.713      61.857      63.799      67.597
    COGPGS           0.011       0.013       0.013       0.018       0.023       0.024       0.026

 Residual Variances
    CVLASF           0.669       0.755       0.799       1.028       1.257       1.301       1.386

Between Level

 CVLASF   ON
    CANF6MBW        -0.018      -0.014      -0.013      -0.004       0.005       0.007       0.010
    COGPGSBW        -0.433      -0.324      -0.268       0.025       0.318       0.374       0.483
    PC1BW           -6.158      -4.883      -4.230      -0.822       2.586       3.238       4.514
    PC2BW           -7.383      -6.229      -5.638      -2.554       0.530       1.120       2.275
    PC3BW          -74.167     -62.884     -57.112     -26.970       3.172       8.944      20.227
    PC4BW          -30.203     -25.503     -23.098     -10.543       2.013       4.417       9.118
    PC5BW            0.222       0.563       0.738       1.650       2.562       2.737       3.078

 CANF6MBW WITH
    COGPGSBW        -0.443      -0.274      -0.188       0.263       0.714       0.801       0.969

 Means
    CANF6MBW        -1.571      -1.165      -0.957       0.128       1.212       1.420       1.826
    COGPGSBW        -0.055      -0.040      -0.032       0.007       0.047       0.054       0.069

 Intercepts
    CVLASF          -0.499      -0.464      -0.446      -0.351      -0.257      -0.238      -0.203

 Variances
    CANF6MBW        61.560      66.904      69.638      83.913      98.189     100.922     106.266
    COGPGSBW         0.083       0.090       0.093       0.112       0.130       0.134       0.141

 Residual Variances
    CVLASF          -0.239      -0.182      -0.152       0.001       0.155       0.184       0.242


CONFIDENCE INTERVALS OF STANDARDIZED MODEL RESULTS


STDYX Standardization

                  Lower .5%  Lower 2.5%    Lower 5%    Estimate    Upper 5%  Upper 2.5%   Upper .5%

Within Level

 CVLASF   ON
    CANF6M          -0.295      -0.265      -0.249      -0.168      -0.087      -0.072      -0.041
    DEMMAL          -0.102      -0.067      -0.049       0.044       0.137       0.155       0.190
    DEMAGE          -0.199      -0.164      -0.147      -0.055       0.037       0.054       0.089
    COGPGS          -0.092      -0.057      -0.039       0.054       0.147       0.165       0.199

 CANF6M   WITH
    DEMMAL           0.007       0.035       0.049       0.124       0.198       0.212       0.240
    DEMAGE          -0.159      -0.131      -0.117      -0.043       0.031       0.045       0.073
    COGPGS          -0.117      -0.065      -0.039       0.097       0.234       0.260       0.311

 Means
    DEMAGE          -0.145      -0.110      -0.092       0.000       0.093       0.110       0.145
    DEMMAL          -0.146      -0.111      -0.093       0.000       0.092       0.110       0.145
    CANF6M           0.000       0.000       0.000       0.000       0.000       0.000       0.000
    COGPGS          -0.016      -0.013      -0.011      -0.004       0.003       0.005       0.007

 Variances
    DEMAGE           1.000       1.000       1.000       1.000       1.000       1.000       1.000
    DEMMAL           1.000       1.000       1.000       1.000       1.000       1.000       1.000
    CANF6M           1.000       1.000       1.000       1.000       1.000       1.000       1.000
    COGPGS           1.000       1.000       1.000       1.000       1.000       1.000       1.000

 Residual Variances
    CVLASF           0.921       0.932       0.938       0.968       0.998       1.004       1.015

Between Level

 CVLASF   ON
    CANF6MBW        -0.811      -0.656      -0.577      -0.163       0.251       0.330       0.485
    COGPGSBW        -0.679      -0.507      -0.419       0.039       0.497       0.585       0.757
    PC1BW           -1.072      -0.850      -0.737      -0.145       0.448       0.561       0.783
    PC2BW           -1.885      -1.548      -1.376      -0.478       0.420       0.592       0.928
    PC3BW           -9.152      -7.461      -6.597      -2.081       2.434       3.299       4.989
    PC4BW           -8.518      -6.940      -6.132      -1.915       2.301       3.109       4.687
    PC5BW           -0.585      -0.370      -0.260       0.313       0.887       0.996       1.211

 CANF6MBW WITH
    COGPGSBW        -0.141      -0.087      -0.059       0.086       0.231       0.259       0.313

 Means
    CANF6MBW        -0.170      -0.126      -0.104       0.014       0.131       0.154       0.198
    COGPGSBW        -0.163      -0.119      -0.097       0.022       0.140       0.163       0.207

 Intercepts
    CVLASF          -6.342      -5.220      -4.646      -1.649       1.348       1.922       3.044

 Variances
    CANF6MBW         1.000       1.000       1.000       1.000       1.000       1.000       1.000
    COGPGSBW         1.000       1.000       1.000       1.000       1.000       1.000       1.000

 Residual Variances
    CVLASF          -5.130      -3.897      -3.266       0.028       3.323       3.953       5.187


TECHNICAL 1 OUTPUT


     PARAMETER SPECIFICATION FOR WITHIN


           NU
              CANF6MBW      COGPGSBW      CVLASF        DEMAGE        DEMMAL
              ________      ________      ________      ________      ________
 1                  0             0             0             0             0


           NU
              CANF6M        COGPGS        PC1BW         PC2BW         PC3BW
              ________      ________      ________      ________      ________
 1                  0             0             0             0             0


           NU
              PC4BW         PC5BW
              ________      ________
 1                  0             0


           LAMBDA
              CANF6MBW      COGPGSBW      CVLASF        DEMAGE        DEMMAL
              ________      ________      ________      ________      ________
 CANF6MBW           0             0             0             0             0
 COGPGSBW           0             0             0             0             0
 CVLASF             0             0             0             0             0
 DEMAGE             0             0             0             0             0
 DEMMAL             0             0             0             0             0
 CANF6M             0             0             0             0             0
 COGPGS             0             0             0             0             0
 PC1BW              0             0             0             0             0
 PC2BW              0             0             0             0             0
 PC3BW              0             0             0             0             0
 PC4BW              0             0             0             0             0
 PC5BW              0             0             0             0             0


           LAMBDA
              CANF6M        COGPGS        PC1BW         PC2BW         PC3BW
              ________      ________      ________      ________      ________
 CANF6MBW           0             0             0             0             0
 COGPGSBW           0             0             0             0             0
 CVLASF             0             0             0             0             0
 DEMAGE             0             0             0             0             0
 DEMMAL             0             0             0             0             0
 CANF6M             0             0             0             0             0
 COGPGS             0             0             0             0             0
 PC1BW              0             0             0             0             0
 PC2BW              0             0             0             0             0
 PC3BW              0             0             0             0             0
 PC4BW              0             0             0             0             0
 PC5BW              0             0             0             0             0


           LAMBDA
              PC4BW         PC5BW
              ________      ________
 CANF6MBW           0             0
 COGPGSBW           0             0
 CVLASF             0             0
 DEMAGE             0             0
 DEMMAL             0             0
 CANF6M             0             0
 COGPGS             0             0
 PC1BW              0             0
 PC2BW              0             0
 PC3BW              0             0
 PC4BW              0             0
 PC5BW              0             0


           THETA
              CANF6MBW      COGPGSBW      CVLASF        DEMAGE        DEMMAL
              ________      ________      ________      ________      ________
 CANF6MBW           0
 COGPGSBW           0             0
 CVLASF             0             0             0
 DEMAGE             0             0             0             0
 DEMMAL             0             0             0             0             0
 CANF6M             0             0             0             0             0
 COGPGS             0             0             0             0             0
 PC1BW              0             0             0             0             0
 PC2BW              0             0             0             0             0
 PC3BW              0             0             0             0             0
 PC4BW              0             0             0             0             0
 PC5BW              0             0             0             0             0


           THETA
              CANF6M        COGPGS        PC1BW         PC2BW         PC3BW
              ________      ________      ________      ________      ________
 CANF6M             0
 COGPGS             0             0
 PC1BW              0             0             0
 PC2BW              0             0             0             0
 PC3BW              0             0             0             0             0
 PC4BW              0             0             0             0             0
 PC5BW              0             0             0             0             0


           THETA
              PC4BW         PC5BW
              ________      ________
 PC4BW              0
 PC5BW              0             0


           ALPHA
              CANF6MBW      COGPGSBW      CVLASF        DEMAGE        DEMMAL
              ________      ________      ________      ________      ________
 1                  0             0             0             1             2


           ALPHA
              CANF6M        COGPGS        PC1BW         PC2BW         PC3BW
              ________      ________      ________      ________      ________
 1                  3             4             0             0             0


           ALPHA
              PC4BW         PC5BW
              ________      ________
 1                  0             0


           BETA
              CANF6MBW      COGPGSBW      CVLASF        DEMAGE        DEMMAL
              ________      ________      ________      ________      ________
 CANF6MBW           0             0             0             0             0
 COGPGSBW           0             0             0             0             0
 CVLASF             0             0             0             5             6
 DEMAGE             0             0             0             0             0
 DEMMAL             0             0             0             0             0
 CANF6M             0             0             0             0             0
 COGPGS             0             0             0             0             0
 PC1BW              0             0             0             0             0
 PC2BW              0             0             0             0             0
 PC3BW              0             0             0             0             0
 PC4BW              0             0             0             0             0
 PC5BW              0             0             0             0             0


           BETA
              CANF6M        COGPGS        PC1BW         PC2BW         PC3BW
              ________      ________      ________      ________      ________
 CANF6MBW           0             0             0             0             0
 COGPGSBW           0             0             0             0             0
 CVLASF             7             8             0             0             0
 DEMAGE             0             0             0             0             0
 DEMMAL             0             0             0             0             0
 CANF6M             0             0             0             0             0
 COGPGS             0             0             0             0             0
 PC1BW              0             0             0             0             0
 PC2BW              0             0             0             0             0
 PC3BW              0             0             0             0             0
 PC4BW              0             0             0             0             0
 PC5BW              0             0             0             0             0


           BETA
              PC4BW         PC5BW
              ________      ________
 CANF6MBW           0             0
 COGPGSBW           0             0
 CVLASF             0             0
 DEMAGE             0             0
 DEMMAL             0             0
 CANF6M             0             0
 COGPGS             0             0
 PC1BW              0             0
 PC2BW              0             0
 PC3BW              0             0
 PC4BW              0             0
 PC5BW              0             0


           PSI
              CANF6MBW      COGPGSBW      CVLASF        DEMAGE        DEMMAL
              ________      ________      ________      ________      ________
 CANF6MBW           0
 COGPGSBW           0             0
 CVLASF             0             0             9
 DEMAGE             0             0             0            10
 DEMMAL             0             0             0             0            11
 CANF6M             0             0             0            12            13
 COGPGS             0             0             0             0             0
 PC1BW              0             0             0             0             0
 PC2BW              0             0             0             0             0
 PC3BW              0             0             0             0             0
 PC4BW              0             0             0             0             0
 PC5BW              0             0             0             0             0


           PSI
              CANF6M        COGPGS        PC1BW         PC2BW         PC3BW
              ________      ________      ________      ________      ________
 CANF6M            14
 COGPGS            15            16
 PC1BW              0             0             0
 PC2BW              0             0             0             0
 PC3BW              0             0             0             0             0
 PC4BW              0             0             0             0             0
 PC5BW              0             0             0             0             0


           PSI
              PC4BW         PC5BW
              ________      ________
 PC4BW              0
 PC5BW              0             0


     PARAMETER SPECIFICATION FOR BETWEEN


           NU
              CANF6MBW      COGPGSBW      CVLASF        DEMAGE        DEMMAL
              ________      ________      ________      ________      ________
 1                  0             0             0             0             0


           NU
              CANF6M        COGPGS        PC1BW         PC2BW         PC3BW
              ________      ________      ________      ________      ________
 1                  0             0             0             0             0


           NU
              PC4BW         PC5BW
              ________      ________
 1                  0             0


           LAMBDA
              CANF6MBW      COGPGSBW      CVLASF        DEMAGE        DEMMAL
              ________      ________      ________      ________      ________
 CANF6MBW           0             0             0             0             0
 COGPGSBW           0             0             0             0             0
 CVLASF             0             0             0             0             0
 DEMAGE             0             0             0             0             0
 DEMMAL             0             0             0             0             0
 CANF6M             0             0             0             0             0
 COGPGS             0             0             0             0             0
 PC1BW              0             0             0             0             0
 PC2BW              0             0             0             0             0
 PC3BW              0             0             0             0             0
 PC4BW              0             0             0             0             0
 PC5BW              0             0             0             0             0


           LAMBDA
              CANF6M        COGPGS        PC1BW         PC2BW         PC3BW
              ________      ________      ________      ________      ________
 CANF6MBW           0             0             0             0             0
 COGPGSBW           0             0             0             0             0
 CVLASF             0             0             0             0             0
 DEMAGE             0             0             0             0             0
 DEMMAL             0             0             0             0             0
 CANF6M             0             0             0             0             0
 COGPGS             0             0             0             0             0
 PC1BW              0             0             0             0             0
 PC2BW              0             0             0             0             0
 PC3BW              0             0             0             0             0
 PC4BW              0             0             0             0             0
 PC5BW              0             0             0             0             0


           LAMBDA
              PC4BW         PC5BW
              ________      ________
 CANF6MBW           0             0
 COGPGSBW           0             0
 CVLASF             0             0
 DEMAGE             0             0
 DEMMAL             0             0
 CANF6M             0             0
 COGPGS             0             0
 PC1BW              0             0
 PC2BW              0             0
 PC3BW              0             0
 PC4BW              0             0
 PC5BW              0             0


           THETA
              CANF6MBW      COGPGSBW      CVLASF        DEMAGE        DEMMAL
              ________      ________      ________      ________      ________
 CANF6MBW           0
 COGPGSBW           0             0
 CVLASF             0             0             0
 DEMAGE             0             0             0             0
 DEMMAL             0             0             0             0             0
 CANF6M             0             0             0             0             0
 COGPGS             0             0             0             0             0
 PC1BW              0             0             0             0             0
 PC2BW              0             0             0             0             0
 PC3BW              0             0             0             0             0
 PC4BW              0             0             0             0             0
 PC5BW              0             0             0             0             0


           THETA
              CANF6M        COGPGS        PC1BW         PC2BW         PC3BW
              ________      ________      ________      ________      ________
 CANF6M             0
 COGPGS             0             0
 PC1BW              0             0             0
 PC2BW              0             0             0             0
 PC3BW              0             0             0             0             0
 PC4BW              0             0             0             0             0
 PC5BW              0             0             0             0             0


           THETA
              PC4BW         PC5BW
              ________      ________
 PC4BW              0
 PC5BW              0             0


           ALPHA
              CANF6MBW      COGPGSBW      CVLASF        DEMAGE        DEMMAL
              ________      ________      ________      ________      ________
 1                 17            18            19             0             0


           ALPHA
              CANF6M        COGPGS        PC1BW         PC2BW         PC3BW
              ________      ________      ________      ________      ________
 1                  0             0             0             0             0


           ALPHA
              PC4BW         PC5BW
              ________      ________
 1                  0             0


           BETA
              CANF6MBW      COGPGSBW      CVLASF        DEMAGE        DEMMAL
              ________      ________      ________      ________      ________
 CANF6MBW           0             0             0             0             0
 COGPGSBW           0             0             0             0             0
 CVLASF            20            21             0             0             0
 DEMAGE             0             0             0             0             0
 DEMMAL             0             0             0             0             0
 CANF6M             0             0             0             0             0
 COGPGS             0             0             0             0             0
 PC1BW              0             0             0             0             0
 PC2BW              0             0             0             0             0
 PC3BW              0             0             0             0             0
 PC4BW              0             0             0             0             0
 PC5BW              0             0             0             0             0


           BETA
              CANF6M        COGPGS        PC1BW         PC2BW         PC3BW
              ________      ________      ________      ________      ________
 CANF6MBW           0             0             0             0             0
 COGPGSBW           0             0             0             0             0
 CVLASF             0             0            22            23            24
 DEMAGE             0             0             0             0             0
 DEMMAL             0             0             0             0             0
 CANF6M             0             0             0             0             0
 COGPGS             0             0             0             0             0
 PC1BW              0             0             0             0             0
 PC2BW              0             0             0             0             0
 PC3BW              0             0             0             0             0
 PC4BW              0             0             0             0             0
 PC5BW              0             0             0             0             0


           BETA
              PC4BW         PC5BW
              ________      ________
 CANF6MBW           0             0
 COGPGSBW           0             0
 CVLASF            25            26
 DEMAGE             0             0
 DEMMAL             0             0
 CANF6M             0             0
 COGPGS             0             0
 PC1BW              0             0
 PC2BW              0             0
 PC3BW              0             0
 PC4BW              0             0
 PC5BW              0             0


           PSI
              CANF6MBW      COGPGSBW      CVLASF        DEMAGE        DEMMAL
              ________      ________      ________      ________      ________
 CANF6MBW          27
 COGPGSBW          28            29
 CVLASF             0             0            30
 DEMAGE             0             0             0             0
 DEMMAL             0             0             0             0             0
 CANF6M             0             0             0             0             0
 COGPGS             0             0             0             0             0
 PC1BW              0             0             0             0             0
 PC2BW              0             0             0             0             0
 PC3BW              0             0             0             0             0
 PC4BW              0             0             0             0             0
 PC5BW              0             0             0             0             0


           PSI
              CANF6M        COGPGS        PC1BW         PC2BW         PC3BW
              ________      ________      ________      ________      ________
 CANF6M             0
 COGPGS             0             0
 PC1BW              0             0             0
 PC2BW              0             0             0             0
 PC3BW              0             0             0             0             0
 PC4BW              0             0             0             0             0
 PC5BW              0             0             0             0             0


           PSI
              PC4BW         PC5BW
              ________      ________
 PC4BW              0
 PC5BW              0             0


     STARTING VALUES FOR WITHIN


           NU
              CANF6MBW      COGPGSBW      CVLASF        DEMAGE        DEMMAL
              ________      ________      ________      ________      ________
 1              0.000         0.000         0.000         0.000         0.000


           NU
              CANF6M        COGPGS        PC1BW         PC2BW         PC3BW
              ________      ________      ________      ________      ________
 1              0.000         0.000         0.000         0.000         0.000


           NU
              PC4BW         PC5BW
              ________      ________
 1              0.000         0.000


           LAMBDA
              CANF6MBW      COGPGSBW      CVLASF        DEMAGE        DEMMAL
              ________      ________      ________      ________      ________
 CANF6MBW       1.000         0.000         0.000         0.000         0.000
 COGPGSBW       0.000         1.000         0.000         0.000         0.000
 CVLASF         0.000         0.000         1.000         0.000         0.000
 DEMAGE         0.000         0.000         0.000         1.000         0.000
 DEMMAL         0.000         0.000         0.000         0.000         1.000
 CANF6M         0.000         0.000         0.000         0.000         0.000
 COGPGS         0.000         0.000         0.000         0.000         0.000
 PC1BW          0.000         0.000         0.000         0.000         0.000
 PC2BW          0.000         0.000         0.000         0.000         0.000
 PC3BW          0.000         0.000         0.000         0.000         0.000
 PC4BW          0.000         0.000         0.000         0.000         0.000
 PC5BW          0.000         0.000         0.000         0.000         0.000


           LAMBDA
              CANF6M        COGPGS        PC1BW         PC2BW         PC3BW
              ________      ________      ________      ________      ________
 CANF6MBW       0.000         0.000         0.000         0.000         0.000
 COGPGSBW       0.000         0.000         0.000         0.000         0.000
 CVLASF         0.000         0.000         0.000         0.000         0.000
 DEMAGE         0.000         0.000         0.000         0.000         0.000
 DEMMAL         0.000         0.000         0.000         0.000         0.000
 CANF6M         1.000         0.000         0.000         0.000         0.000
 COGPGS         0.000         1.000         0.000         0.000         0.000
 PC1BW          0.000         0.000         1.000         0.000         0.000
 PC2BW          0.000         0.000         0.000         1.000         0.000
 PC3BW          0.000         0.000         0.000         0.000         1.000
 PC4BW          0.000         0.000         0.000         0.000         0.000
 PC5BW          0.000         0.000         0.000         0.000         0.000


           LAMBDA
              PC4BW         PC5BW
              ________      ________
 CANF6MBW       0.000         0.000
 COGPGSBW       0.000         0.000
 CVLASF         0.000         0.000
 DEMAGE         0.000         0.000
 DEMMAL         0.000         0.000
 CANF6M         0.000         0.000
 COGPGS         0.000         0.000
 PC1BW          0.000         0.000
 PC2BW          0.000         0.000
 PC3BW          0.000         0.000
 PC4BW          1.000         0.000
 PC5BW          0.000         1.000


           THETA
              CANF6MBW      COGPGSBW      CVLASF        DEMAGE        DEMMAL
              ________      ________      ________      ________      ________
 CANF6MBW       0.000
 COGPGSBW       0.000         0.000
 CVLASF         0.000         0.000         0.000
 DEMAGE         0.000         0.000         0.000         0.000
 DEMMAL         0.000         0.000         0.000         0.000         0.000
 CANF6M         0.000         0.000         0.000         0.000         0.000
 COGPGS         0.000         0.000         0.000         0.000         0.000
 PC1BW          0.000         0.000         0.000         0.000         0.000
 PC2BW          0.000         0.000         0.000         0.000         0.000
 PC3BW          0.000         0.000         0.000         0.000         0.000
 PC4BW          0.000         0.000         0.000         0.000         0.000
 PC5BW          0.000         0.000         0.000         0.000         0.000


           THETA
              CANF6M        COGPGS        PC1BW         PC2BW         PC3BW
              ________      ________      ________      ________      ________
 CANF6M         0.000
 COGPGS         0.000         0.000
 PC1BW          0.000         0.000         0.000
 PC2BW          0.000         0.000         0.000         0.000
 PC3BW          0.000         0.000         0.000         0.000         0.000
 PC4BW          0.000         0.000         0.000         0.000         0.000
 PC5BW          0.000         0.000         0.000         0.000         0.000


           THETA
              PC4BW         PC5BW
              ________      ________
 PC4BW          0.000
 PC5BW          0.000         0.000


           ALPHA
              CANF6MBW      COGPGSBW      CVLASF        DEMAGE        DEMMAL
              ________      ________      ________      ________      ________
 1              0.000         0.000         0.000         0.000         0.000


           ALPHA
              CANF6M        COGPGS        PC1BW         PC2BW         PC3BW
              ________      ________      ________      ________      ________
 1              0.000         0.000         0.000         0.000         0.000


           ALPHA
              PC4BW         PC5BW
              ________      ________
 1              0.000         0.000


           BETA
              CANF6MBW      COGPGSBW      CVLASF        DEMAGE        DEMMAL
              ________      ________      ________      ________      ________
 CANF6MBW       0.000         0.000         0.000         0.000         0.000
 COGPGSBW       0.000         0.000         0.000         0.000         0.000
 CVLASF         0.000         0.000         0.000         0.000         0.000
 DEMAGE         0.000         0.000         0.000         0.000         0.000
 DEMMAL         0.000         0.000         0.000         0.000         0.000
 CANF6M         0.000         0.000         0.000         0.000         0.000
 COGPGS         0.000         0.000         0.000         0.000         0.000
 PC1BW          0.000         0.000         0.000         0.000         0.000
 PC2BW          0.000         0.000         0.000         0.000         0.000
 PC3BW          0.000         0.000         0.000         0.000         0.000
 PC4BW          0.000         0.000         0.000         0.000         0.000
 PC5BW          0.000         0.000         0.000         0.000         0.000


           BETA
              CANF6M        COGPGS        PC1BW         PC2BW         PC3BW
              ________      ________      ________      ________      ________
 CANF6MBW       0.000         0.000         0.000         0.000         0.000
 COGPGSBW       0.000         0.000         0.000         0.000         0.000
 CVLASF         0.000         0.000         0.000         0.000         0.000
 DEMAGE         0.000         0.000         0.000         0.000         0.000
 DEMMAL         0.000         0.000         0.000         0.000         0.000
 CANF6M         0.000         0.000         0.000         0.000         0.000
 COGPGS         0.000         0.000         0.000         0.000         0.000
 PC1BW          0.000         0.000         0.000         0.000         0.000
 PC2BW          0.000         0.000         0.000         0.000         0.000
 PC3BW          0.000         0.000         0.000         0.000         0.000
 PC4BW          0.000         0.000         0.000         0.000         0.000
 PC5BW          0.000         0.000         0.000         0.000         0.000


           BETA
              PC4BW         PC5BW
              ________      ________
 CANF6MBW       0.000         0.000
 COGPGSBW       0.000         0.000
 CVLASF         0.000         0.000
 DEMAGE         0.000         0.000
 DEMMAL         0.000         0.000
 CANF6M         0.000         0.000
 COGPGS         0.000         0.000
 PC1BW          0.000         0.000
 PC2BW          0.000         0.000
 PC3BW          0.000         0.000
 PC4BW          0.000         0.000
 PC5BW          0.000         0.000


           PSI
              CANF6MBW      COGPGSBW      CVLASF        DEMAGE        DEMMAL
              ________      ________      ________      ________      ________
 CANF6MBW       0.000
 COGPGSBW       0.000         0.000
 CVLASF         0.000         0.000         0.554
 DEMAGE         0.000         0.000         0.000         3.942
 DEMMAL         0.000         0.000         0.000         0.000         0.124
 CANF6M         0.000         0.000         0.000         0.000         0.000
 COGPGS         0.000         0.000         0.000         0.000         0.000
 PC1BW          0.000         0.000         0.000         0.000         0.000
 PC2BW          0.000         0.000         0.000         0.000         0.000
 PC3BW          0.000         0.000         0.000         0.000         0.000
 PC4BW          0.000         0.000         0.000         0.000         0.000
 PC5BW          0.000         0.000         0.000         0.000         0.000


           PSI
              CANF6M        COGPGS        PC1BW         PC2BW         PC3BW
              ________      ________      ________      ________      ________
 CANF6M        25.930
 COGPGS         0.000         0.009
 PC1BW          0.000         0.000         0.000
 PC2BW          0.000         0.000         0.000         0.000
 PC3BW          0.000         0.000         0.000         0.000         0.000
 PC4BW          0.000         0.000         0.000         0.000         0.000
 PC5BW          0.000         0.000         0.000         0.000         0.000


           PSI
              PC4BW         PC5BW
              ________      ________
 PC4BW          0.000
 PC5BW          0.000         0.000


     STARTING VALUES FOR BETWEEN


           NU
              CANF6MBW      COGPGSBW      CVLASF        DEMAGE        DEMMAL
              ________      ________      ________      ________      ________
 1              0.000         0.000         0.000         0.000         0.000


           NU
              CANF6M        COGPGS        PC1BW         PC2BW         PC3BW
              ________      ________      ________      ________      ________
 1              0.000         0.000         0.000         0.000         0.000


           NU
              PC4BW         PC5BW
              ________      ________
 1              0.000         0.000


           LAMBDA
              CANF6MBW      COGPGSBW      CVLASF        DEMAGE        DEMMAL
              ________      ________      ________      ________      ________
 CANF6MBW       1.000         0.000         0.000         0.000         0.000
 COGPGSBW       0.000         1.000         0.000         0.000         0.000
 CVLASF         0.000         0.000         1.000         0.000         0.000
 DEMAGE         0.000         0.000         0.000         1.000         0.000
 DEMMAL         0.000         0.000         0.000         0.000         1.000
 CANF6M         0.000         0.000         0.000         0.000         0.000
 COGPGS         0.000         0.000         0.000         0.000         0.000
 PC1BW          0.000         0.000         0.000         0.000         0.000
 PC2BW          0.000         0.000         0.000         0.000         0.000
 PC3BW          0.000         0.000         0.000         0.000         0.000
 PC4BW          0.000         0.000         0.000         0.000         0.000
 PC5BW          0.000         0.000         0.000         0.000         0.000


           LAMBDA
              CANF6M        COGPGS        PC1BW         PC2BW         PC3BW
              ________      ________      ________      ________      ________
 CANF6MBW       0.000         0.000         0.000         0.000         0.000
 COGPGSBW       0.000         0.000         0.000         0.000         0.000
 CVLASF         0.000         0.000         0.000         0.000         0.000
 DEMAGE         0.000         0.000         0.000         0.000         0.000
 DEMMAL         0.000         0.000         0.000         0.000         0.000
 CANF6M         1.000         0.000         0.000         0.000         0.000
 COGPGS         0.000         1.000         0.000         0.000         0.000
 PC1BW          0.000         0.000         1.000         0.000         0.000
 PC2BW          0.000         0.000         0.000         1.000         0.000
 PC3BW          0.000         0.000         0.000         0.000         1.000
 PC4BW          0.000         0.000         0.000         0.000         0.000
 PC5BW          0.000         0.000         0.000         0.000         0.000


           LAMBDA
              PC4BW         PC5BW
              ________      ________
 CANF6MBW       0.000         0.000
 COGPGSBW       0.000         0.000
 CVLASF         0.000         0.000
 DEMAGE         0.000         0.000
 DEMMAL         0.000         0.000
 CANF6M         0.000         0.000
 COGPGS         0.000         0.000
 PC1BW          0.000         0.000
 PC2BW          0.000         0.000
 PC3BW          0.000         0.000
 PC4BW          1.000         0.000
 PC5BW          0.000         1.000


           THETA
              CANF6MBW      COGPGSBW      CVLASF        DEMAGE        DEMMAL
              ________      ________      ________      ________      ________
 CANF6MBW       0.000
 COGPGSBW       0.000         0.000
 CVLASF         0.000         0.000         0.000
 DEMAGE         0.000         0.000         0.000         0.000
 DEMMAL         0.000         0.000         0.000         0.000         0.000
 CANF6M         0.000         0.000         0.000         0.000         0.000
 COGPGS         0.000         0.000         0.000         0.000         0.000
 PC1BW          0.000         0.000         0.000         0.000         0.000
 PC2BW          0.000         0.000         0.000         0.000         0.000
 PC3BW          0.000         0.000         0.000         0.000         0.000
 PC4BW          0.000         0.000         0.000         0.000         0.000
 PC5BW          0.000         0.000         0.000         0.000         0.000


           THETA
              CANF6M        COGPGS        PC1BW         PC2BW         PC3BW
              ________      ________      ________      ________      ________
 CANF6M         0.000
 COGPGS         0.000         0.000
 PC1BW          0.000         0.000         0.000
 PC2BW          0.000         0.000         0.000         0.000
 PC3BW          0.000         0.000         0.000         0.000         0.000
 PC4BW          0.000         0.000         0.000         0.000         0.000
 PC5BW          0.000         0.000         0.000         0.000         0.000


           THETA
              PC4BW         PC5BW
              ________      ________
 PC4BW          0.000
 PC5BW          0.000         0.000


           ALPHA
              CANF6MBW      COGPGSBW      CVLASF        DEMAGE        DEMMAL
              ________      ________      ________      ________      ________
 1              0.000         0.000        -0.357         0.000         0.000


           ALPHA
              CANF6M        COGPGS        PC1BW         PC2BW         PC3BW
              ________      ________      ________      ________      ________
 1              0.000         0.000         0.000         0.000         0.000


           ALPHA
              PC4BW         PC5BW
              ________      ________
 1              0.000         0.000


           BETA
              CANF6MBW      COGPGSBW      CVLASF        DEMAGE        DEMMAL
              ________      ________      ________      ________      ________
 CANF6MBW       0.000         0.000         0.000         0.000         0.000
 COGPGSBW       0.000         0.000         0.000         0.000         0.000
 CVLASF         0.000         0.000         0.000         0.000         0.000
 DEMAGE         0.000         0.000         0.000         0.000         0.000
 DEMMAL         0.000         0.000         0.000         0.000         0.000
 CANF6M         0.000         0.000         0.000         0.000         0.000
 COGPGS         0.000         0.000         0.000         0.000         0.000
 PC1BW          0.000         0.000         0.000         0.000         0.000
 PC2BW          0.000         0.000         0.000         0.000         0.000
 PC3BW          0.000         0.000         0.000         0.000         0.000
 PC4BW          0.000         0.000         0.000         0.000         0.000
 PC5BW          0.000         0.000         0.000         0.000         0.000


           BETA
              CANF6M        COGPGS        PC1BW         PC2BW         PC3BW
              ________      ________      ________      ________      ________
 CANF6MBW       0.000         0.000         0.000         0.000         0.000
 COGPGSBW       0.000         0.000         0.000         0.000         0.000
 CVLASF         0.000         0.000         0.000         0.000         0.000
 DEMAGE         0.000         0.000         0.000         0.000         0.000
 DEMMAL         0.000         0.000         0.000         0.000         0.000
 CANF6M         0.000         0.000         0.000         0.000         0.000
 COGPGS         0.000         0.000         0.000         0.000         0.000
 PC1BW          0.000         0.000         0.000         0.000         0.000
 PC2BW          0.000         0.000         0.000         0.000         0.000
 PC3BW          0.000         0.000         0.000         0.000         0.000
 PC4BW          0.000         0.000         0.000         0.000         0.000
 PC5BW          0.000         0.000         0.000         0.000         0.000


           BETA
              PC4BW         PC5BW
              ________      ________
 CANF6MBW       0.000         0.000
 COGPGSBW       0.000         0.000
 CVLASF         0.000         0.000
 DEMAGE         0.000         0.000
 DEMMAL         0.000         0.000
 CANF6M         0.000         0.000
 COGPGS         0.000         0.000
 PC1BW          0.000         0.000
 PC2BW          0.000         0.000
 PC3BW          0.000         0.000
 PC4BW          0.000         0.000
 PC5BW          0.000         0.000


           PSI
              CANF6MBW      COGPGSBW      CVLASF        DEMAGE        DEMMAL
              ________      ________      ________      ________      ________
 CANF6MBW      40.281
 COGPGSBW       0.000         0.055
 CVLASF         0.000         0.000         0.554
 DEMAGE         0.000         0.000         0.000         0.000
 DEMMAL         0.000         0.000         0.000         0.000         0.000
 CANF6M         0.000         0.000         0.000         0.000         0.000
 COGPGS         0.000         0.000         0.000         0.000         0.000
 PC1BW          0.000         0.000         0.000         0.000         0.000
 PC2BW          0.000         0.000         0.000         0.000         0.000
 PC3BW          0.000         0.000         0.000         0.000         0.000
 PC4BW          0.000         0.000         0.000         0.000         0.000
 PC5BW          0.000         0.000         0.000         0.000         0.000


           PSI
              CANF6M        COGPGS        PC1BW         PC2BW         PC3BW
              ________      ________      ________      ________      ________
 CANF6M         0.000
 COGPGS         0.000         0.000
 PC1BW          0.000         0.000         0.001
 PC2BW          0.000         0.000         0.000         0.001
 PC3BW          0.000         0.000         0.000         0.000         0.000
 PC4BW          0.000         0.000         0.000         0.000         0.000
 PC5BW          0.000         0.000         0.000         0.000         0.000


           PSI
              PC4BW         PC5BW
              ________      ________
 PC4BW          0.001
 PC5BW          0.000         0.001


SAMPLE STATISTICS FOR ESTIMATED FACTOR SCORES


     SAMPLE STATISTICS


           Means
              B_CVLASF
              ________
 1             -0.351


           Covariances
              B_CVLASF
              ________
 B_CVLASF       0.044


           Correlations
              B_CVLASF
              ________
 B_CVLASF       1.000


PLOT INFORMATION

The following plots are available:

  Histograms (sample values)
  Scatterplots (sample values)

     Beginning Time:  12:54:15
        Ending Time:  12:54:17
       Elapsed Time:  00:00:02



MUTHEN & MUTHEN
3463 Stoner Ave.
Los Angeles, CA  90066

Tel: (310) 391-9971
Fax: (310) 391-8971
Web: www.StatModel.com
Support: Support@StatModel.com

Copyright (c) 1998-2015 Muthen & Muthen
