Mplus VERSION 7.4 (Mac)
MUTHEN & MUTHEN
07/30/2019  12:54 PM

INPUT INSTRUCTIONS


  TITLE: CANF6M_CVLALC_2;

  DATA:
  	FILE = GD190618.csv;

  VARIABLE:
  	NAMES =
  			ID_Fam   Wave     ID_MPL
  			DEMMAL   DEMAGE   DEMHSP   DEMRAC
  			SRPWCR
  			WASVCB   WASBLK   WASDGT   WSISUM
  			TRLATS   TRLBTS
  			CVLASF   CVLASC   CVLALF   CVLALC
  			WASCOM   COGCOM   CVLCOM
  			CANEVR   CANONS   CANFLF
  			CANFTY   CANF6M   CANAC6
  			CANYRS
  			ALCEVR   ALCONS   ALCFLF
  			ALCFTY   ALCF6M   ALCAC6
  			ALCYRS
  			SRPWCRDt WASVCBDt WASBLKDt
  			WASDGTDt WSISUMDt TRLATSDt
  			TRLBTSDt CVLASFDt CVLASCDt
  			CVLALFDt CVLALCDt WASCOMDt
  			COGCOMDt CVLCOMDt
  			COGPGS
  			PC1 PC2 PC3 PC4 PC5 PC6
  		;
  	USEVARIABLES =
  		! outcome
  	  		CVLALC
    		! covariates
  	  		DEMAGE
    			DEMMAL  		
    		! within predictor
    			CANF6M
    			COGPGS
    		! between predictor
    			CANF6MBW
    			COGPGSBW
    			PC1BW
    			PC2BW
    			PC3BW
    			PC4BW
    			PC5BW	
    		;
    	USEOBSERVATION =
    			(Wave EQ 2 AND CVLALCDt EQ 1)
    		;
    	CLUSTER =
    			ID_Fam
    		;
    	MISSING = .;
    	BETWEEN =   		
    			CANF6MBW
    			COGPGSBW
    			PC1BW
    			PC2BW
    			PC3BW
    			PC4BW
    			PC5BW			
    		;
    	WITHIN  		
    			CANF6M
    			COGPGS
    			DEMAGE
    			DEMMAL
    		;  		

  DEFINE:
  	! CREATE BW FAM PREDICTOR
  		CANF6MBW = cluster_mean (CANF6M);	
  		COGPGSBW = cluster_mean (COGPGS);
  		PC1BW = cluster_mean (PC1);
  		PC2BW = cluster_mean (PC2);
  		PC3BW = cluster_mean (PC3);
  		PC4BW = cluster_mean (PC4);
  		PC5BW = cluster_mean (PC5);
  	! CENTER WI FAM VARIABLES
  		CENTER CANF6M (GROUPMEAN);
  		CENTER COGPGS (GROUPMEAN);
  		CENTER DEMMAL (GRANDMEAN);
  		CENTER DEMAGE (GRANDMEAN);
  	! CENTER BW FAM VARIABLES
  		CENTER CANF6MBW (GRANDMEAN);
  		CENTER COGPGSBW (GRANDMEAN);
  		CENTER PC1BW (GRANDMEAN);
  		CENTER PC2BW (GRANDMEAN);
  		CENTER PC3BW (GRANDMEAN);
  		CENTER PC4BW (GRANDMEAN);
  		CENTER PC5BW (GRANDMEAN);

  ANALYSIS:
          ITERATIONS = 1000000;
          TYPE = TWOLEVEL RANDOM;
          ALGORITHM = INTEGRATION;

  OUTPUT:
  	SAMPSTAT STDYX TECH1 CINT;

  MODEL:
  %WITHIN%
  	CVLALC on CANF6M;
  	CVLALC on  DEMMAL DEMAGE COGPGS;	
  	COGPGS*;
  	CVLALC*;
  	CANF6M WITH DEMMAL*;
  	CANF6M WITH DEMAGE*;
  	CANF6M WITH COGPGS*;

  %BETWEEN%
  	CVLALC on CANF6MBW COGPGSBW
  		 	    PC1BW PC2BW PC3BW PC4BW PC5BW;
  	COGPGSBW*;
  	CVLALC*;
  	CANF6MBW WITH COGPGSBW*;

  PLOT:
  	TYPE = plot3;



*** WARNING
  Data set contains cases with missing on x-variables.
  These cases were not included in the analysis.
  Number of cases with missing on x-variables:  45
   1 WARNING(S) FOUND IN THE INPUT INSTRUCTIONS



CANF6M_CVLALC_2;

SUMMARY OF ANALYSIS

Number of groups                                                 1
Number of observations                                         379

Number of dependent variables                                    1
Number of independent variables                                 11
Number of continuous latent variables                            0

Observed dependent variables

  Continuous
   CVLALC

Observed independent variables
   DEMAGE      DEMMAL      CANF6M      COGPGS      CANF6MBW    COGPGSBW
   PC1BW       PC2BW       PC3BW       PC4BW       PC5BW

Variables with special functions

  Cluster variable      ID_FAM

  Within variables
   DEMAGE      DEMMAL      CANF6M      COGPGS

  Between variables
   CANF6MBW    COGPGSBW    PC1BW       PC2BW       PC3BW       PC4BW
   PC5BW

  Centering (GRANDMEAN)
   DEMMAL      DEMAGE      CANF6MBW    COGPGSBW
   PC1BW       PC2BW       PC3BW       PC4BW       PC5BW

  Centering (GROUPMEAN)
   CANF6M      COGPGS


Estimator                                                      MLR
Information matrix                                        OBSERVED
Optimization Specifications for the Quasi-Newton Algorithm for
Continuous Outcomes
  Maximum number of iterations                             1000000
  Convergence criterion                                  0.100D-05
Optimization Specifications for the EM Algorithm
  Maximum number of iterations                                 500
  Convergence criteria
    Loglikelihood change                                 0.100D-02
    Relative loglikelihood change                        0.100D-05
    Derivative                                           0.100D-02
Optimization Specifications for the M step of the EM Algorithm for
Categorical Latent variables
  Number of M step iterations                                    1
  M step convergence criterion                           0.100D-02
  Basis for M step termination                           ITERATION
Optimization Specifications for the M step of the EM Algorithm for
Censored, Binary or Ordered Categorical (Ordinal), Unordered
Categorical (Nominal) and Count Outcomes
  Number of M step iterations                                    1
  M step convergence criterion                           0.100D-02
  Basis for M step termination                           ITERATION
  Maximum value for logit thresholds                            15
  Minimum value for logit thresholds                           -15
  Minimum expected cell size for chi-square              0.100D-01
Maximum number of iterations for H1                           2000
Convergence criterion for H1                             0.100D-03
Optimization algorithm                                         EMA
Integration Specifications
  Type                                                    STANDARD
  Number of integration points                                  15
  Dimensions of numerical integration                            0
  Adaptive quadrature                                           ON
Cholesky                                                       OFF

Input data file(s)
  GD190618.csv
Input data format  FREE


SUMMARY OF DATA

     Number of missing data patterns             5
     Number of clusters                        193



COVARIANCE COVERAGE OF DATA

Minimum covariance coverage value   0.100


     PROPORTION OF DATA PRESENT FOR Y


           Covariance Coverage
              CANF6MBW      COGPGSBW      CVLALC        DEMAGE        DEMMAL
              ________      ________      ________      ________      ________
 CANF6MBW       1.000
 COGPGSBW       1.000         1.000
 CVLALC         0.839         0.839         0.839
 DEMAGE         0.997         0.997         0.839         0.997
 DEMMAL         0.997         0.997         0.839         0.997         0.997
 CANF6M         1.000         1.000         0.839         0.997         0.997
 COGPGS         0.755         0.755         0.641         0.755         0.755
 PC1BW          1.000         1.000         0.839         0.997         0.997
 PC2BW          1.000         1.000         0.839         0.997         0.997
 PC3BW          1.000         1.000         0.839         0.997         0.997
 PC4BW          1.000         1.000         0.839         0.997         0.997
 PC5BW          1.000         1.000         0.839         0.997         0.997


           Covariance Coverage
              CANF6M        COGPGS        PC1BW         PC2BW         PC3BW
              ________      ________      ________      ________      ________
 CANF6M         1.000
 COGPGS         0.755         0.755
 PC1BW          1.000         0.755         1.000
 PC2BW          1.000         0.755         1.000         1.000
 PC3BW          1.000         0.755         1.000         1.000         1.000
 PC4BW          1.000         0.755         1.000         1.000         1.000
 PC5BW          1.000         0.755         1.000         1.000         1.000


           Covariance Coverage
              PC4BW         PC5BW
              ________      ________
 PC4BW          1.000
 PC5BW          1.000         1.000


SAMPLE STATISTICS


     ESTIMATED SAMPLE STATISTICS


           Means
              CANF6MBW      COGPGSBW      CVLALC        DEMAGE        DEMMAL
              ________      ________      ________      ________      ________
 1              0.000         0.000        -0.574        -0.001         0.000


           Means
              CANF6M        COGPGS        PC1BW         PC2BW         PC3BW
              ________      ________      ________      ________      ________
 1              0.000        -0.001         0.000         0.000         0.000


           Means
              PC4BW         PC5BW
              ________      ________
 1              0.000         0.000


           Covariances
              CANF6MBW      COGPGSBW      CVLALC        DEMAGE        DEMMAL
              ________      ________      ________      ________      ________
 CANF6MBW      80.562
 COGPGSBW       0.236         0.111
 CVLALC         1.124        -0.013         1.161
 DEMAGE        -1.991         0.012        -0.161         7.883
 DEMMAL         0.885         0.013         0.024        -0.208         0.249
 CANF6M         0.000         0.000        -1.331        -1.268         0.482
 COGPGS        -0.001         0.000         0.011        -0.014         0.004
 PC1BW         -0.022        -0.004        -0.002         0.011        -0.002
 PC2BW         -0.072         0.000        -0.007        -0.007        -0.001
 PC3BW         -0.008        -0.001         0.000        -0.001        -0.001
 PC4BW          0.001         0.002        -0.001         0.005         0.001
 PC5BW          0.015         0.000         0.001         0.006         0.000


           Covariances
              CANF6M        COGPGS        PC1BW         PC2BW         PC3BW
              ________      ________      ________      ________      ________
 CANF6M        51.860
 COGPGS         0.102         0.018
 PC1BW          0.000         0.000         0.001
 PC2BW          0.000         0.000         0.000         0.002
 PC3BW          0.000         0.000         0.000         0.000         0.000
 PC4BW          0.000         0.000         0.000         0.000        -0.001
 PC5BW          0.000         0.000         0.000         0.000         0.000


           Covariances
              PC4BW         PC5BW
              ________      ________
 PC4BW          0.002
 PC5BW          0.000         0.002


           Correlations
              CANF6MBW      COGPGSBW      CVLALC        DEMAGE        DEMMAL
              ________      ________      ________      ________      ________
 CANF6MBW       1.000
 COGPGSBW       0.079         1.000
 CVLALC         0.116        -0.036         1.000
 DEMAGE        -0.079         0.013        -0.053         1.000
 DEMMAL         0.198         0.079         0.045        -0.148         1.000
 CANF6M         0.000         0.000        -0.172        -0.063         0.134
 COGPGS        -0.001        -0.011         0.078        -0.036         0.062
 PC1BW         -0.064        -0.298        -0.044         0.109        -0.098
 PC2BW         -0.199        -0.006        -0.151        -0.066        -0.035
 PC3BW         -0.048        -0.141        -0.024        -0.028        -0.076
 PC4BW          0.003         0.147        -0.018         0.041         0.058
 PC5BW          0.033        -0.029         0.020         0.045         0.016


           Correlations
              CANF6M        COGPGS        PC1BW         PC2BW         PC3BW
              ________      ________      ________      ________      ________
 CANF6M         1.000
 COGPGS         0.105         1.000
 PC1BW          0.000        -0.004         1.000
 PC2BW          0.000        -0.006        -0.108         1.000
 PC3BW          0.000        -0.002         0.047         0.138         1.000
 PC4BW          0.000         0.000         0.014         0.003        -0.969
 PC5BW          0.000        -0.001        -0.126         0.043         0.001


           Correlations
              PC4BW         PC5BW
              ________      ________
 PC4BW          1.000
 PC5BW          0.036         1.000


     MAXIMUM LOG-LIKELIHOOD VALUE FOR THE UNRESTRICTED (H1) MODEL IS 71.190


UNIVARIATE SAMPLE STATISTICS


     UNIVARIATE HIGHER-ORDER MOMENT DESCRIPTIVE STATISTICS

         Variable/         Mean/     Skewness/   Minimum/ % with                Percentiles
        Sample Size      Variance    Kurtosis    Maximum  Min/Max      20%/60%    40%/80%    Median

     CANF6MBW              0.128       1.049      -7.569   24.35%      -7.569     -6.904     -4.569
             193.000      83.913       0.064      22.431    4.66%       0.484      7.431
     COGPGSBW              0.007       0.062      -0.971    0.52%      -0.281     -0.090     -0.006
             193.000       0.112      -0.017       0.900    0.52%       0.058      0.299
     CVLALC               -0.579      -0.755      -5.000    0.31%      -1.500     -1.000     -0.500
             318.000       1.159       0.763       1.500    1.26%       0.000      0.500
     DEMAGE                0.000       1.020      -5.431    0.26%      -2.361     -0.961     -0.256
             378.000       7.883       2.777      15.739    0.26%       0.349      2.139
     DEMMAL                0.000      -0.127      -0.532   46.83%      -0.532     -0.532      0.468
             378.000       0.249      -1.984       0.468   53.17%       0.468      0.468
     CANF6M                0.000       0.174     -15.000    3.43%      -2.553      0.000      0.000
             379.000      51.860       0.821      20.000    0.53%       0.000      1.750
     COGPGS                0.000       0.035      -0.482    0.35%      -0.076      0.000      0.000
             286.000       0.018       1.996       0.482    0.35%       0.000      0.072
     PC1BW                 0.000       2.440      -0.023    0.52%      -0.021     -0.016     -0.012
             193.000       0.001       4.619       0.133    0.52%      -0.010     -0.004
     PC2BW                -0.001       0.617      -0.044    0.52%      -0.041     -0.027     -0.013
             193.000       0.002      -0.803       0.121    0.52%       0.005      0.041
     PC3BW                 0.000      -4.137      -0.117    0.52%      -0.003      0.001      0.003
             193.000       0.000      21.256       0.033    0.52%       0.004      0.008
     PC4BW                -0.001       4.674      -0.097    0.52%      -0.014     -0.010     -0.008
             193.000       0.001      24.872       0.282    0.52%      -0.007     -0.003
     PC5BW                 0.002     -12.543      -0.541    0.52%       0.002      0.004      0.004
             193.000       0.002     165.580       0.054    0.52%       0.005      0.007

     THE STANDARD ERRORS OF THE MODEL PARAMETER ESTIMATES MAY NOT BE
     TRUSTWORTHY FOR SOME PARAMETERS DUE TO A NON-POSITIVE DEFINITE
     FIRST-ORDER DERIVATIVE PRODUCT MATRIX.  THIS MAY BE DUE TO THE STARTING
     VALUES BUT MAY ALSO BE AN INDICATION OF MODEL NONIDENTIFICATION.  THE
     CONDITION NUMBER IS      -0.356D-17.  PROBLEM INVOLVING THE FOLLOWING PARAMETER:
     Parameter 4, %WITHIN%: [ COGPGS ]


THE MODEL ESTIMATION TERMINATED NORMALLY



MODEL FIT INFORMATION

Number of Free Parameters                       30

Loglikelihood

          H0 Value                       -3539.211
          H0 Scaling Correction Factor      1.1345
            for MLR

Information Criteria

          Akaike (AIC)                    7138.422
          Bayesian (BIC)                  7256.548
          Sample-Size Adjusted BIC        7161.365
            (n* = (n + 2) / 24)



MODEL RESULTS

                                                    Two-Tailed
                    Estimate       S.E.  Est./S.E.    P-Value

Within Level

 CVLALC     ON
    CANF6M            -0.028      0.007     -3.921      0.000
    DEMMAL             0.083      0.117      0.705      0.481
    DEMAGE            -0.016      0.025     -0.628      0.530
    COGPGS             0.721      0.441      1.637      0.102

 CANF6M   WITH
    DEMMAL             0.444      0.170      2.618      0.009
    DEMAGE            -0.872      0.909     -0.959      0.338
    COGPGS             0.092      0.083      1.118      0.264

 Means
    DEMAGE             0.000      0.158      0.002      0.998
    DEMMAL             0.000      0.028     -0.007      0.995
    CANF6M             0.000      0.000      0.000      1.000
    COGPGS            -0.001      0.001     -1.126      0.260

 Variances
    DEMAGE             7.883      0.888      8.876      0.000
    DEMMAL             0.249      0.002    139.430      0.000
    CANF6M            51.716      6.167      8.386      0.000
    COGPGS             0.018      0.003      6.167      0.000

 Residual Variances
    CVLALC             0.989      0.138      7.144      0.000

Between Level

 CVLALC     ON
    CANF6MBW           0.009      0.006      1.452      0.146
    COGPGSBW          -0.144      0.166     -0.867      0.386
    PC1BW             -0.796      2.229     -0.357      0.721
    PC2BW             -2.615      1.964     -1.332      0.183
    PC3BW            -20.726     17.511     -1.184      0.237
    PC4BW             -8.807      7.385     -1.193      0.233
    PC5BW              0.715      0.610      1.172      0.241

 CANF6MBW WITH
    COGPGSBW           0.263      0.274      0.960      0.337

 Means
    CANF6MBW           0.128      0.659      0.193      0.847
    COGPGSBW           0.007      0.024      0.303      0.762

 Intercepts
    CVLALC            -0.573      0.060     -9.491      0.000

 Variances
    CANF6MBW          83.913      8.678      9.670      0.000
    COGPGSBW           0.112      0.011      9.866      0.000

 Residual Variances
    CVLALC             0.078      0.088      0.885      0.376


STANDARDIZED MODEL RESULTS


STDYX Standardization

                                                    Two-Tailed
                    Estimate       S.E.  Est./S.E.    P-Value

Within Level

 CVLALC     ON
    CANF6M            -0.197      0.051     -3.890      0.000
    DEMMAL             0.041      0.058      0.703      0.482
    DEMAGE            -0.044      0.069     -0.628      0.530
    COGPGS             0.096      0.058      1.659      0.097

 CANF6M   WITH
    DEMMAL             0.124      0.045      2.736      0.006
    DEMAGE            -0.043      0.045     -0.959      0.338
    COGPGS             0.095      0.083      1.142      0.253

 Means
    DEMAGE             0.000      0.056      0.002      0.998
    DEMMAL             0.000      0.056     -0.007      0.995
    CANF6M             0.000      0.000      0.000      1.000
    COGPGS            -0.006      0.005     -1.136      0.256

 Variances
    DEMAGE             1.000      0.000    999.000    999.000
    DEMMAL             1.000      0.000    999.000    999.000
    CANF6M             1.000      0.000    999.000    999.000
    COGPGS             1.000      0.000    999.000    999.000

 Residual Variances
    CVLALC             0.955      0.022     42.725      0.000

Between Level

 CVLALC     ON
    CANF6MBW           0.237      0.191      1.244      0.214
    COGPGSBW          -0.141      0.173     -0.811      0.417
    PC1BW             -0.087      0.239     -0.363      0.717
    PC2BW             -0.304      0.219     -1.390      0.165
    PC3BW             -0.993      0.982     -1.011      0.312
    PC4BW             -0.993      0.971     -1.023      0.306
    PC5BW              0.084      0.079      1.070      0.284

 CANF6MBW WITH
    COGPGSBW           0.086      0.088      0.974      0.330

 Means
    CANF6MBW           0.014      0.071      0.195      0.845
    COGPGSBW           0.022      0.072      0.303      0.762

 Intercepts
    CVLALC            -1.670      0.671     -2.488      0.013

 Variances
    CANF6MBW           1.000      0.000    999.000    999.000
    COGPGSBW           1.000      0.000    999.000    999.000

 Residual Variances
    CVLALC             0.659      0.283      2.333      0.020


R-SQUARE

Within Level

    Observed                                        Two-Tailed
    Variable        Estimate       S.E.  Est./S.E.    P-Value

    CVLALC             0.045      0.022      2.017      0.044

Between Level

    Observed                                        Two-Tailed
    Variable        Estimate       S.E.  Est./S.E.    P-Value

    CVLALC             0.341      0.283      1.205      0.228


QUALITY OF NUMERICAL RESULTS

     Condition Number for the Information Matrix             -0.356E-17
       (ratio of smallest to largest eigenvalue)


CONFIDENCE INTERVALS OF MODEL RESULTS

                  Lower .5%  Lower 2.5%    Lower 5%    Estimate    Upper 5%  Upper 2.5%   Upper .5%

Within Level

 CVLALC   ON
    CANF6M          -0.046      -0.042      -0.039      -0.028      -0.016      -0.014      -0.010
    DEMMAL          -0.220      -0.147      -0.110       0.083       0.276       0.313       0.385
    DEMAGE          -0.081      -0.065      -0.057      -0.016       0.026       0.034       0.049
    COGPGS          -0.414      -0.142      -0.003       0.721       1.446       1.585       1.857

 CANF6M   WITH
    DEMMAL           0.007       0.112       0.165       0.444       0.723       0.777       0.881
    DEMAGE          -3.214      -2.654      -2.367      -0.872       0.624       0.910       1.470
    COGPGS          -0.121      -0.070      -0.044       0.092       0.228       0.255       0.305

 Means
    DEMAGE          -0.406      -0.309      -0.259       0.000       0.260       0.309       0.407
    DEMMAL          -0.073      -0.055      -0.046       0.000       0.046       0.055       0.072
    CANF6M           0.000       0.000       0.000       0.000       0.000       0.000       0.000
    COGPGS          -0.003      -0.002      -0.002      -0.001       0.000       0.001       0.001

 Variances
    DEMAGE           5.596       6.143       6.422       7.883       9.345       9.624      10.171
    DEMMAL           0.244       0.245       0.246       0.249       0.252       0.252       0.254
    CANF6M          35.831      39.629      41.571      51.716      61.861      63.804      67.601
    COGPGS           0.011       0.013       0.013       0.018       0.023       0.024       0.026

 Residual Variances
    CVLALC           0.632       0.718       0.761       0.989       1.217       1.260       1.346

Between Level

 CVLALC   ON
    CANF6MBW        -0.007      -0.003      -0.001       0.009       0.019       0.021       0.025
    COGPGSBW        -0.573      -0.470      -0.418      -0.144       0.129       0.182       0.284
    PC1BW           -6.538      -5.165      -4.463      -0.796       2.871       3.573       4.946
    PC2BW           -7.673      -6.464      -5.845      -2.615       0.615       1.234       2.443
    PC3BW          -65.831     -55.047     -49.532     -20.726       8.079      13.595      24.378
    PC4BW          -27.828     -23.281     -20.955      -8.807       3.341       5.667      10.214
    PC5BW           -0.856      -0.480      -0.288       0.715       1.718       1.910       2.285

 CANF6MBW WITH
    COGPGSBW        -0.443      -0.274      -0.188       0.263       0.714       0.801       0.969

 Means
    CANF6MBW        -1.571      -1.165      -0.957       0.128       1.212       1.420       1.826
    COGPGSBW        -0.055      -0.040      -0.032       0.007       0.047       0.054       0.069

 Intercepts
    CVLALC          -0.729      -0.691      -0.672      -0.573      -0.474      -0.455      -0.418

 Variances
    CANF6MBW        61.560      66.904      69.638      83.913      98.189     100.922     106.266
    COGPGSBW         0.083       0.090       0.093       0.112       0.130       0.134       0.141

 Residual Variances
    CVLALC          -0.148      -0.094      -0.067       0.078       0.222       0.250       0.304


CONFIDENCE INTERVALS OF STANDARDIZED MODEL RESULTS


STDYX Standardization

                  Lower .5%  Lower 2.5%    Lower 5%    Estimate    Upper 5%  Upper 2.5%   Upper .5%

Within Level

 CVLALC   ON
    CANF6M          -0.327      -0.296      -0.280      -0.197      -0.113      -0.098      -0.066
    DEMMAL          -0.108      -0.073      -0.054       0.041       0.135       0.154       0.189
    DEMAGE          -0.222      -0.179      -0.158      -0.044       0.071       0.092       0.135
    COGPGS          -0.053      -0.017       0.001       0.096       0.191       0.209       0.245

 CANF6M   WITH
    DEMMAL           0.007       0.035       0.049       0.124       0.198       0.212       0.240
    DEMAGE          -0.159      -0.131      -0.117      -0.043       0.031       0.045       0.073
    COGPGS          -0.119      -0.068      -0.042       0.095       0.232       0.258       0.309

 Means
    DEMAGE          -0.145      -0.110      -0.092       0.000       0.093       0.110       0.145
    DEMMAL          -0.146      -0.111      -0.093       0.000       0.092       0.110       0.145
    CANF6M           0.000       0.000       0.000       0.000       0.000       0.000       0.000
    COGPGS          -0.019      -0.015      -0.014      -0.006       0.003       0.004       0.007

 Variances
    DEMAGE           1.000       1.000       1.000       1.000       1.000       1.000       1.000
    DEMMAL           1.000       1.000       1.000       1.000       1.000       1.000       1.000
    CANF6M           1.000       1.000       1.000       1.000       1.000       1.000       1.000
    COGPGS           1.000       1.000       1.000       1.000       1.000       1.000       1.000

 Residual Variances
    CVLALC           0.897       0.911       0.918       0.955       0.992       0.999       1.012

Between Level

 CVLALC   ON
    CANF6MBW        -0.254      -0.137      -0.077       0.237       0.551       0.611       0.729
    COGPGSBW        -0.587      -0.480      -0.426      -0.141       0.145       0.199       0.306
    PC1BW           -0.703      -0.556      -0.480      -0.087       0.307       0.382       0.529
    PC2BW           -0.867      -0.733      -0.664      -0.304       0.056       0.125       0.259
    PC3BW           -3.523      -2.918      -2.608      -0.993       0.623       0.933       1.537
    PC4BW           -3.493      -2.896      -2.590      -0.993       0.604       0.910       1.508
    PC5BW           -0.118      -0.070      -0.045       0.084       0.214       0.238       0.287

 CANF6MBW WITH
    COGPGSBW        -0.141      -0.087      -0.059       0.086       0.231       0.259       0.313

 Means
    CANF6MBW        -0.170      -0.126      -0.104       0.014       0.131       0.154       0.198
    COGPGSBW        -0.163      -0.119      -0.097       0.022       0.140       0.163       0.207

 Intercepts
    CVLALC          -3.400      -2.986      -2.775      -1.670      -0.566      -0.355       0.059

 Variances
    CANF6MBW         1.000       1.000       1.000       1.000       1.000       1.000       1.000
    COGPGSBW         1.000       1.000       1.000       1.000       1.000       1.000       1.000

 Residual Variances
    CVLALC          -0.069       0.105       0.194       0.659       1.124       1.213       1.388


TECHNICAL 1 OUTPUT


     PARAMETER SPECIFICATION FOR WITHIN


           NU
              CANF6MBW      COGPGSBW      CVLALC        DEMAGE        DEMMAL
              ________      ________      ________      ________      ________
 1                  0             0             0             0             0


           NU
              CANF6M        COGPGS        PC1BW         PC2BW         PC3BW
              ________      ________      ________      ________      ________
 1                  0             0             0             0             0


           NU
              PC4BW         PC5BW
              ________      ________
 1                  0             0


           LAMBDA
              CANF6MBW      COGPGSBW      CVLALC        DEMAGE        DEMMAL
              ________      ________      ________      ________      ________
 CANF6MBW           0             0             0             0             0
 COGPGSBW           0             0             0             0             0
 CVLALC             0             0             0             0             0
 DEMAGE             0             0             0             0             0
 DEMMAL             0             0             0             0             0
 CANF6M             0             0             0             0             0
 COGPGS             0             0             0             0             0
 PC1BW              0             0             0             0             0
 PC2BW              0             0             0             0             0
 PC3BW              0             0             0             0             0
 PC4BW              0             0             0             0             0
 PC5BW              0             0             0             0             0


           LAMBDA
              CANF6M        COGPGS        PC1BW         PC2BW         PC3BW
              ________      ________      ________      ________      ________
 CANF6MBW           0             0             0             0             0
 COGPGSBW           0             0             0             0             0
 CVLALC             0             0             0             0             0
 DEMAGE             0             0             0             0             0
 DEMMAL             0             0             0             0             0
 CANF6M             0             0             0             0             0
 COGPGS             0             0             0             0             0
 PC1BW              0             0             0             0             0
 PC2BW              0             0             0             0             0
 PC3BW              0             0             0             0             0
 PC4BW              0             0             0             0             0
 PC5BW              0             0             0             0             0


           LAMBDA
              PC4BW         PC5BW
              ________      ________
 CANF6MBW           0             0
 COGPGSBW           0             0
 CVLALC             0             0
 DEMAGE             0             0
 DEMMAL             0             0
 CANF6M             0             0
 COGPGS             0             0
 PC1BW              0             0
 PC2BW              0             0
 PC3BW              0             0
 PC4BW              0             0
 PC5BW              0             0


           THETA
              CANF6MBW      COGPGSBW      CVLALC        DEMAGE        DEMMAL
              ________      ________      ________      ________      ________
 CANF6MBW           0
 COGPGSBW           0             0
 CVLALC             0             0             0
 DEMAGE             0             0             0             0
 DEMMAL             0             0             0             0             0
 CANF6M             0             0             0             0             0
 COGPGS             0             0             0             0             0
 PC1BW              0             0             0             0             0
 PC2BW              0             0             0             0             0
 PC3BW              0             0             0             0             0
 PC4BW              0             0             0             0             0
 PC5BW              0             0             0             0             0


           THETA
              CANF6M        COGPGS        PC1BW         PC2BW         PC3BW
              ________      ________      ________      ________      ________
 CANF6M             0
 COGPGS             0             0
 PC1BW              0             0             0
 PC2BW              0             0             0             0
 PC3BW              0             0             0             0             0
 PC4BW              0             0             0             0             0
 PC5BW              0             0             0             0             0


           THETA
              PC4BW         PC5BW
              ________      ________
 PC4BW              0
 PC5BW              0             0


           ALPHA
              CANF6MBW      COGPGSBW      CVLALC        DEMAGE        DEMMAL
              ________      ________      ________      ________      ________
 1                  0             0             0             1             2


           ALPHA
              CANF6M        COGPGS        PC1BW         PC2BW         PC3BW
              ________      ________      ________      ________      ________
 1                  3             4             0             0             0


           ALPHA
              PC4BW         PC5BW
              ________      ________
 1                  0             0


           BETA
              CANF6MBW      COGPGSBW      CVLALC        DEMAGE        DEMMAL
              ________      ________      ________      ________      ________
 CANF6MBW           0             0             0             0             0
 COGPGSBW           0             0             0             0             0
 CVLALC             0             0             0             5             6
 DEMAGE             0             0             0             0             0
 DEMMAL             0             0             0             0             0
 CANF6M             0             0             0             0             0
 COGPGS             0             0             0             0             0
 PC1BW              0             0             0             0             0
 PC2BW              0             0             0             0             0
 PC3BW              0             0             0             0             0
 PC4BW              0             0             0             0             0
 PC5BW              0             0             0             0             0


           BETA
              CANF6M        COGPGS        PC1BW         PC2BW         PC3BW
              ________      ________      ________      ________      ________
 CANF6MBW           0             0             0             0             0
 COGPGSBW           0             0             0             0             0
 CVLALC             7             8             0             0             0
 DEMAGE             0             0             0             0             0
 DEMMAL             0             0             0             0             0
 CANF6M             0             0             0             0             0
 COGPGS             0             0             0             0             0
 PC1BW              0             0             0             0             0
 PC2BW              0             0             0             0             0
 PC3BW              0             0             0             0             0
 PC4BW              0             0             0             0             0
 PC5BW              0             0             0             0             0


           BETA
              PC4BW         PC5BW
              ________      ________
 CANF6MBW           0             0
 COGPGSBW           0             0
 CVLALC             0             0
 DEMAGE             0             0
 DEMMAL             0             0
 CANF6M             0             0
 COGPGS             0             0
 PC1BW              0             0
 PC2BW              0             0
 PC3BW              0             0
 PC4BW              0             0
 PC5BW              0             0


           PSI
              CANF6MBW      COGPGSBW      CVLALC        DEMAGE        DEMMAL
              ________      ________      ________      ________      ________
 CANF6MBW           0
 COGPGSBW           0             0
 CVLALC             0             0             9
 DEMAGE             0             0             0            10
 DEMMAL             0             0             0             0            11
 CANF6M             0             0             0            12            13
 COGPGS             0             0             0             0             0
 PC1BW              0             0             0             0             0
 PC2BW              0             0             0             0             0
 PC3BW              0             0             0             0             0
 PC4BW              0             0             0             0             0
 PC5BW              0             0             0             0             0


           PSI
              CANF6M        COGPGS        PC1BW         PC2BW         PC3BW
              ________      ________      ________      ________      ________
 CANF6M            14
 COGPGS            15            16
 PC1BW              0             0             0
 PC2BW              0             0             0             0
 PC3BW              0             0             0             0             0
 PC4BW              0             0             0             0             0
 PC5BW              0             0             0             0             0


           PSI
              PC4BW         PC5BW
              ________      ________
 PC4BW              0
 PC5BW              0             0


     PARAMETER SPECIFICATION FOR BETWEEN


           NU
              CANF6MBW      COGPGSBW      CVLALC        DEMAGE        DEMMAL
              ________      ________      ________      ________      ________
 1                  0             0             0             0             0


           NU
              CANF6M        COGPGS        PC1BW         PC2BW         PC3BW
              ________      ________      ________      ________      ________
 1                  0             0             0             0             0


           NU
              PC4BW         PC5BW
              ________      ________
 1                  0             0


           LAMBDA
              CANF6MBW      COGPGSBW      CVLALC        DEMAGE        DEMMAL
              ________      ________      ________      ________      ________
 CANF6MBW           0             0             0             0             0
 COGPGSBW           0             0             0             0             0
 CVLALC             0             0             0             0             0
 DEMAGE             0             0             0             0             0
 DEMMAL             0             0             0             0             0
 CANF6M             0             0             0             0             0
 COGPGS             0             0             0             0             0
 PC1BW              0             0             0             0             0
 PC2BW              0             0             0             0             0
 PC3BW              0             0             0             0             0
 PC4BW              0             0             0             0             0
 PC5BW              0             0             0             0             0


           LAMBDA
              CANF6M        COGPGS        PC1BW         PC2BW         PC3BW
              ________      ________      ________      ________      ________
 CANF6MBW           0             0             0             0             0
 COGPGSBW           0             0             0             0             0
 CVLALC             0             0             0             0             0
 DEMAGE             0             0             0             0             0
 DEMMAL             0             0             0             0             0
 CANF6M             0             0             0             0             0
 COGPGS             0             0             0             0             0
 PC1BW              0             0             0             0             0
 PC2BW              0             0             0             0             0
 PC3BW              0             0             0             0             0
 PC4BW              0             0             0             0             0
 PC5BW              0             0             0             0             0


           LAMBDA
              PC4BW         PC5BW
              ________      ________
 CANF6MBW           0             0
 COGPGSBW           0             0
 CVLALC             0             0
 DEMAGE             0             0
 DEMMAL             0             0
 CANF6M             0             0
 COGPGS             0             0
 PC1BW              0             0
 PC2BW              0             0
 PC3BW              0             0
 PC4BW              0             0
 PC5BW              0             0


           THETA
              CANF6MBW      COGPGSBW      CVLALC        DEMAGE        DEMMAL
              ________      ________      ________      ________      ________
 CANF6MBW           0
 COGPGSBW           0             0
 CVLALC             0             0             0
 DEMAGE             0             0             0             0
 DEMMAL             0             0             0             0             0
 CANF6M             0             0             0             0             0
 COGPGS             0             0             0             0             0
 PC1BW              0             0             0             0             0
 PC2BW              0             0             0             0             0
 PC3BW              0             0             0             0             0
 PC4BW              0             0             0             0             0
 PC5BW              0             0             0             0             0


           THETA
              CANF6M        COGPGS        PC1BW         PC2BW         PC3BW
              ________      ________      ________      ________      ________
 CANF6M             0
 COGPGS             0             0
 PC1BW              0             0             0
 PC2BW              0             0             0             0
 PC3BW              0             0             0             0             0
 PC4BW              0             0             0             0             0
 PC5BW              0             0             0             0             0


           THETA
              PC4BW         PC5BW
              ________      ________
 PC4BW              0
 PC5BW              0             0


           ALPHA
              CANF6MBW      COGPGSBW      CVLALC        DEMAGE        DEMMAL
              ________      ________      ________      ________      ________
 1                 17            18            19             0             0


           ALPHA
              CANF6M        COGPGS        PC1BW         PC2BW         PC3BW
              ________      ________      ________      ________      ________
 1                  0             0             0             0             0


           ALPHA
              PC4BW         PC5BW
              ________      ________
 1                  0             0


           BETA
              CANF6MBW      COGPGSBW      CVLALC        DEMAGE        DEMMAL
              ________      ________      ________      ________      ________
 CANF6MBW           0             0             0             0             0
 COGPGSBW           0             0             0             0             0
 CVLALC            20            21             0             0             0
 DEMAGE             0             0             0             0             0
 DEMMAL             0             0             0             0             0
 CANF6M             0             0             0             0             0
 COGPGS             0             0             0             0             0
 PC1BW              0             0             0             0             0
 PC2BW              0             0             0             0             0
 PC3BW              0             0             0             0             0
 PC4BW              0             0             0             0             0
 PC5BW              0             0             0             0             0


           BETA
              CANF6M        COGPGS        PC1BW         PC2BW         PC3BW
              ________      ________      ________      ________      ________
 CANF6MBW           0             0             0             0             0
 COGPGSBW           0             0             0             0             0
 CVLALC             0             0            22            23            24
 DEMAGE             0             0             0             0             0
 DEMMAL             0             0             0             0             0
 CANF6M             0             0             0             0             0
 COGPGS             0             0             0             0             0
 PC1BW              0             0             0             0             0
 PC2BW              0             0             0             0             0
 PC3BW              0             0             0             0             0
 PC4BW              0             0             0             0             0
 PC5BW              0             0             0             0             0


           BETA
              PC4BW         PC5BW
              ________      ________
 CANF6MBW           0             0
 COGPGSBW           0             0
 CVLALC            25            26
 DEMAGE             0             0
 DEMMAL             0             0
 CANF6M             0             0
 COGPGS             0             0
 PC1BW              0             0
 PC2BW              0             0
 PC3BW              0             0
 PC4BW              0             0
 PC5BW              0             0


           PSI
              CANF6MBW      COGPGSBW      CVLALC        DEMAGE        DEMMAL
              ________      ________      ________      ________      ________
 CANF6MBW          27
 COGPGSBW          28            29
 CVLALC             0             0            30
 DEMAGE             0             0             0             0
 DEMMAL             0             0             0             0             0
 CANF6M             0             0             0             0             0
 COGPGS             0             0             0             0             0
 PC1BW              0             0             0             0             0
 PC2BW              0             0             0             0             0
 PC3BW              0             0             0             0             0
 PC4BW              0             0             0             0             0
 PC5BW              0             0             0             0             0


           PSI
              CANF6M        COGPGS        PC1BW         PC2BW         PC3BW
              ________      ________      ________      ________      ________
 CANF6M             0
 COGPGS             0             0
 PC1BW              0             0             0
 PC2BW              0             0             0             0
 PC3BW              0             0             0             0             0
 PC4BW              0             0             0             0             0
 PC5BW              0             0             0             0             0


           PSI
              PC4BW         PC5BW
              ________      ________
 PC4BW              0
 PC5BW              0             0


     STARTING VALUES FOR WITHIN


           NU
              CANF6MBW      COGPGSBW      CVLALC        DEMAGE        DEMMAL
              ________      ________      ________      ________      ________
 1              0.000         0.000         0.000         0.000         0.000


           NU
              CANF6M        COGPGS        PC1BW         PC2BW         PC3BW
              ________      ________      ________      ________      ________
 1              0.000         0.000         0.000         0.000         0.000


           NU
              PC4BW         PC5BW
              ________      ________
 1              0.000         0.000


           LAMBDA
              CANF6MBW      COGPGSBW      CVLALC        DEMAGE        DEMMAL
              ________      ________      ________      ________      ________
 CANF6MBW       1.000         0.000         0.000         0.000         0.000
 COGPGSBW       0.000         1.000         0.000         0.000         0.000
 CVLALC         0.000         0.000         1.000         0.000         0.000
 DEMAGE         0.000         0.000         0.000         1.000         0.000
 DEMMAL         0.000         0.000         0.000         0.000         1.000
 CANF6M         0.000         0.000         0.000         0.000         0.000
 COGPGS         0.000         0.000         0.000         0.000         0.000
 PC1BW          0.000         0.000         0.000         0.000         0.000
 PC2BW          0.000         0.000         0.000         0.000         0.000
 PC3BW          0.000         0.000         0.000         0.000         0.000
 PC4BW          0.000         0.000         0.000         0.000         0.000
 PC5BW          0.000         0.000         0.000         0.000         0.000


           LAMBDA
              CANF6M        COGPGS        PC1BW         PC2BW         PC3BW
              ________      ________      ________      ________      ________
 CANF6MBW       0.000         0.000         0.000         0.000         0.000
 COGPGSBW       0.000         0.000         0.000         0.000         0.000
 CVLALC         0.000         0.000         0.000         0.000         0.000
 DEMAGE         0.000         0.000         0.000         0.000         0.000
 DEMMAL         0.000         0.000         0.000         0.000         0.000
 CANF6M         1.000         0.000         0.000         0.000         0.000
 COGPGS         0.000         1.000         0.000         0.000         0.000
 PC1BW          0.000         0.000         1.000         0.000         0.000
 PC2BW          0.000         0.000         0.000         1.000         0.000
 PC3BW          0.000         0.000         0.000         0.000         1.000
 PC4BW          0.000         0.000         0.000         0.000         0.000
 PC5BW          0.000         0.000         0.000         0.000         0.000


           LAMBDA
              PC4BW         PC5BW
              ________      ________
 CANF6MBW       0.000         0.000
 COGPGSBW       0.000         0.000
 CVLALC         0.000         0.000
 DEMAGE         0.000         0.000
 DEMMAL         0.000         0.000
 CANF6M         0.000         0.000
 COGPGS         0.000         0.000
 PC1BW          0.000         0.000
 PC2BW          0.000         0.000
 PC3BW          0.000         0.000
 PC4BW          1.000         0.000
 PC5BW          0.000         1.000


           THETA
              CANF6MBW      COGPGSBW      CVLALC        DEMAGE        DEMMAL
              ________      ________      ________      ________      ________
 CANF6MBW       0.000
 COGPGSBW       0.000         0.000
 CVLALC         0.000         0.000         0.000
 DEMAGE         0.000         0.000         0.000         0.000
 DEMMAL         0.000         0.000         0.000         0.000         0.000
 CANF6M         0.000         0.000         0.000         0.000         0.000
 COGPGS         0.000         0.000         0.000         0.000         0.000
 PC1BW          0.000         0.000         0.000         0.000         0.000
 PC2BW          0.000         0.000         0.000         0.000         0.000
 PC3BW          0.000         0.000         0.000         0.000         0.000
 PC4BW          0.000         0.000         0.000         0.000         0.000
 PC5BW          0.000         0.000         0.000         0.000         0.000


           THETA
              CANF6M        COGPGS        PC1BW         PC2BW         PC3BW
              ________      ________      ________      ________      ________
 CANF6M         0.000
 COGPGS         0.000         0.000
 PC1BW          0.000         0.000         0.000
 PC2BW          0.000         0.000         0.000         0.000
 PC3BW          0.000         0.000         0.000         0.000         0.000
 PC4BW          0.000         0.000         0.000         0.000         0.000
 PC5BW          0.000         0.000         0.000         0.000         0.000


           THETA
              PC4BW         PC5BW
              ________      ________
 PC4BW          0.000
 PC5BW          0.000         0.000


           ALPHA
              CANF6MBW      COGPGSBW      CVLALC        DEMAGE        DEMMAL
              ________      ________      ________      ________      ________
 1              0.000         0.000         0.000         0.000         0.000


           ALPHA
              CANF6M        COGPGS        PC1BW         PC2BW         PC3BW
              ________      ________      ________      ________      ________
 1              0.000         0.000         0.000         0.000         0.000


           ALPHA
              PC4BW         PC5BW
              ________      ________
 1              0.000         0.000


           BETA
              CANF6MBW      COGPGSBW      CVLALC        DEMAGE        DEMMAL
              ________      ________      ________      ________      ________
 CANF6MBW       0.000         0.000         0.000         0.000         0.000
 COGPGSBW       0.000         0.000         0.000         0.000         0.000
 CVLALC         0.000         0.000         0.000         0.000         0.000
 DEMAGE         0.000         0.000         0.000         0.000         0.000
 DEMMAL         0.000         0.000         0.000         0.000         0.000
 CANF6M         0.000         0.000         0.000         0.000         0.000
 COGPGS         0.000         0.000         0.000         0.000         0.000
 PC1BW          0.000         0.000         0.000         0.000         0.000
 PC2BW          0.000         0.000         0.000         0.000         0.000
 PC3BW          0.000         0.000         0.000         0.000         0.000
 PC4BW          0.000         0.000         0.000         0.000         0.000
 PC5BW          0.000         0.000         0.000         0.000         0.000


           BETA
              CANF6M        COGPGS        PC1BW         PC2BW         PC3BW
              ________      ________      ________      ________      ________
 CANF6MBW       0.000         0.000         0.000         0.000         0.000
 COGPGSBW       0.000         0.000         0.000         0.000         0.000
 CVLALC         0.000         0.000         0.000         0.000         0.000
 DEMAGE         0.000         0.000         0.000         0.000         0.000
 DEMMAL         0.000         0.000         0.000         0.000         0.000
 CANF6M         0.000         0.000         0.000         0.000         0.000
 COGPGS         0.000         0.000         0.000         0.000         0.000
 PC1BW          0.000         0.000         0.000         0.000         0.000
 PC2BW          0.000         0.000         0.000         0.000         0.000
 PC3BW          0.000         0.000         0.000         0.000         0.000
 PC4BW          0.000         0.000         0.000         0.000         0.000
 PC5BW          0.000         0.000         0.000         0.000         0.000


           BETA
              PC4BW         PC5BW
              ________      ________
 CANF6MBW       0.000         0.000
 COGPGSBW       0.000         0.000
 CVLALC         0.000         0.000
 DEMAGE         0.000         0.000
 DEMMAL         0.000         0.000
 CANF6M         0.000         0.000
 COGPGS         0.000         0.000
 PC1BW          0.000         0.000
 PC2BW          0.000         0.000
 PC3BW          0.000         0.000
 PC4BW          0.000         0.000
 PC5BW          0.000         0.000


           PSI
              CANF6MBW      COGPGSBW      CVLALC        DEMAGE        DEMMAL
              ________      ________      ________      ________      ________
 CANF6MBW       0.000
 COGPGSBW       0.000         0.000
 CVLALC         0.000         0.000         0.579
 DEMAGE         0.000         0.000         0.000         3.942
 DEMMAL         0.000         0.000         0.000         0.000         0.124
 CANF6M         0.000         0.000         0.000         0.000         0.000
 COGPGS         0.000         0.000         0.000         0.000         0.000
 PC1BW          0.000         0.000         0.000         0.000         0.000
 PC2BW          0.000         0.000         0.000         0.000         0.000
 PC3BW          0.000         0.000         0.000         0.000         0.000
 PC4BW          0.000         0.000         0.000         0.000         0.000
 PC5BW          0.000         0.000         0.000         0.000         0.000


           PSI
              CANF6M        COGPGS        PC1BW         PC2BW         PC3BW
              ________      ________      ________      ________      ________
 CANF6M        25.930
 COGPGS         0.000         0.009
 PC1BW          0.000         0.000         0.000
 PC2BW          0.000         0.000         0.000         0.000
 PC3BW          0.000         0.000         0.000         0.000         0.000
 PC4BW          0.000         0.000         0.000         0.000         0.000
 PC5BW          0.000         0.000         0.000         0.000         0.000


           PSI
              PC4BW         PC5BW
              ________      ________
 PC4BW          0.000
 PC5BW          0.000         0.000


     STARTING VALUES FOR BETWEEN


           NU
              CANF6MBW      COGPGSBW      CVLALC        DEMAGE        DEMMAL
              ________      ________      ________      ________      ________
 1              0.000         0.000         0.000         0.000         0.000


           NU
              CANF6M        COGPGS        PC1BW         PC2BW         PC3BW
              ________      ________      ________      ________      ________
 1              0.000         0.000         0.000         0.000         0.000


           NU
              PC4BW         PC5BW
              ________      ________
 1              0.000         0.000


           LAMBDA
              CANF6MBW      COGPGSBW      CVLALC        DEMAGE        DEMMAL
              ________      ________      ________      ________      ________
 CANF6MBW       1.000         0.000         0.000         0.000         0.000
 COGPGSBW       0.000         1.000         0.000         0.000         0.000
 CVLALC         0.000         0.000         1.000         0.000         0.000
 DEMAGE         0.000         0.000         0.000         1.000         0.000
 DEMMAL         0.000         0.000         0.000         0.000         1.000
 CANF6M         0.000         0.000         0.000         0.000         0.000
 COGPGS         0.000         0.000         0.000         0.000         0.000
 PC1BW          0.000         0.000         0.000         0.000         0.000
 PC2BW          0.000         0.000         0.000         0.000         0.000
 PC3BW          0.000         0.000         0.000         0.000         0.000
 PC4BW          0.000         0.000         0.000         0.000         0.000
 PC5BW          0.000         0.000         0.000         0.000         0.000


           LAMBDA
              CANF6M        COGPGS        PC1BW         PC2BW         PC3BW
              ________      ________      ________      ________      ________
 CANF6MBW       0.000         0.000         0.000         0.000         0.000
 COGPGSBW       0.000         0.000         0.000         0.000         0.000
 CVLALC         0.000         0.000         0.000         0.000         0.000
 DEMAGE         0.000         0.000         0.000         0.000         0.000
 DEMMAL         0.000         0.000         0.000         0.000         0.000
 CANF6M         1.000         0.000         0.000         0.000         0.000
 COGPGS         0.000         1.000         0.000         0.000         0.000
 PC1BW          0.000         0.000         1.000         0.000         0.000
 PC2BW          0.000         0.000         0.000         1.000         0.000
 PC3BW          0.000         0.000         0.000         0.000         1.000
 PC4BW          0.000         0.000         0.000         0.000         0.000
 PC5BW          0.000         0.000         0.000         0.000         0.000


           LAMBDA
              PC4BW         PC5BW
              ________      ________
 CANF6MBW       0.000         0.000
 COGPGSBW       0.000         0.000
 CVLALC         0.000         0.000
 DEMAGE         0.000         0.000
 DEMMAL         0.000         0.000
 CANF6M         0.000         0.000
 COGPGS         0.000         0.000
 PC1BW          0.000         0.000
 PC2BW          0.000         0.000
 PC3BW          0.000         0.000
 PC4BW          1.000         0.000
 PC5BW          0.000         1.000


           THETA
              CANF6MBW      COGPGSBW      CVLALC        DEMAGE        DEMMAL
              ________      ________      ________      ________      ________
 CANF6MBW       0.000
 COGPGSBW       0.000         0.000
 CVLALC         0.000         0.000         0.000
 DEMAGE         0.000         0.000         0.000         0.000
 DEMMAL         0.000         0.000         0.000         0.000         0.000
 CANF6M         0.000         0.000         0.000         0.000         0.000
 COGPGS         0.000         0.000         0.000         0.000         0.000
 PC1BW          0.000         0.000         0.000         0.000         0.000
 PC2BW          0.000         0.000         0.000         0.000         0.000
 PC3BW          0.000         0.000         0.000         0.000         0.000
 PC4BW          0.000         0.000         0.000         0.000         0.000
 PC5BW          0.000         0.000         0.000         0.000         0.000


           THETA
              CANF6M        COGPGS        PC1BW         PC2BW         PC3BW
              ________      ________      ________      ________      ________
 CANF6M         0.000
 COGPGS         0.000         0.000
 PC1BW          0.000         0.000         0.000
 PC2BW          0.000         0.000         0.000         0.000
 PC3BW          0.000         0.000         0.000         0.000         0.000
 PC4BW          0.000         0.000         0.000         0.000         0.000
 PC5BW          0.000         0.000         0.000         0.000         0.000


           THETA
              PC4BW         PC5BW
              ________      ________
 PC4BW          0.000
 PC5BW          0.000         0.000


           ALPHA
              CANF6MBW      COGPGSBW      CVLALC        DEMAGE        DEMMAL
              ________      ________      ________      ________      ________
 1              0.000         0.000        -0.579         0.000         0.000


           ALPHA
              CANF6M        COGPGS        PC1BW         PC2BW         PC3BW
              ________      ________      ________      ________      ________
 1              0.000         0.000         0.000         0.000         0.000


           ALPHA
              PC4BW         PC5BW
              ________      ________
 1              0.000         0.000


           BETA
              CANF6MBW      COGPGSBW      CVLALC        DEMAGE        DEMMAL
              ________      ________      ________      ________      ________
 CANF6MBW       0.000         0.000         0.000         0.000         0.000
 COGPGSBW       0.000         0.000         0.000         0.000         0.000
 CVLALC         0.000         0.000         0.000         0.000         0.000
 DEMAGE         0.000         0.000         0.000         0.000         0.000
 DEMMAL         0.000         0.000         0.000         0.000         0.000
 CANF6M         0.000         0.000         0.000         0.000         0.000
 COGPGS         0.000         0.000         0.000         0.000         0.000
 PC1BW          0.000         0.000         0.000         0.000         0.000
 PC2BW          0.000         0.000         0.000         0.000         0.000
 PC3BW          0.000         0.000         0.000         0.000         0.000
 PC4BW          0.000         0.000         0.000         0.000         0.000
 PC5BW          0.000         0.000         0.000         0.000         0.000


           BETA
              CANF6M        COGPGS        PC1BW         PC2BW         PC3BW
              ________      ________      ________      ________      ________
 CANF6MBW       0.000         0.000         0.000         0.000         0.000
 COGPGSBW       0.000         0.000         0.000         0.000         0.000
 CVLALC         0.000         0.000         0.000         0.000         0.000
 DEMAGE         0.000         0.000         0.000         0.000         0.000
 DEMMAL         0.000         0.000         0.000         0.000         0.000
 CANF6M         0.000         0.000         0.000         0.000         0.000
 COGPGS         0.000         0.000         0.000         0.000         0.000
 PC1BW          0.000         0.000         0.000         0.000         0.000
 PC2BW          0.000         0.000         0.000         0.000         0.000
 PC3BW          0.000         0.000         0.000         0.000         0.000
 PC4BW          0.000         0.000         0.000         0.000         0.000
 PC5BW          0.000         0.000         0.000         0.000         0.000


           BETA
              PC4BW         PC5BW
              ________      ________
 CANF6MBW       0.000         0.000
 COGPGSBW       0.000         0.000
 CVLALC         0.000         0.000
 DEMAGE         0.000         0.000
 DEMMAL         0.000         0.000
 CANF6M         0.000         0.000
 COGPGS         0.000         0.000
 PC1BW          0.000         0.000
 PC2BW          0.000         0.000
 PC3BW          0.000         0.000
 PC4BW          0.000         0.000
 PC5BW          0.000         0.000


           PSI
              CANF6MBW      COGPGSBW      CVLALC        DEMAGE        DEMMAL
              ________      ________      ________      ________      ________
 CANF6MBW      40.281
 COGPGSBW       0.000         0.055
 CVLALC         0.000         0.000         0.579
 DEMAGE         0.000         0.000         0.000         0.000
 DEMMAL         0.000         0.000         0.000         0.000         0.000
 CANF6M         0.000         0.000         0.000         0.000         0.000
 COGPGS         0.000         0.000         0.000         0.000         0.000
 PC1BW          0.000         0.000         0.000         0.000         0.000
 PC2BW          0.000         0.000         0.000         0.000         0.000
 PC3BW          0.000         0.000         0.000         0.000         0.000
 PC4BW          0.000         0.000         0.000         0.000         0.000
 PC5BW          0.000         0.000         0.000         0.000         0.000


           PSI
              CANF6M        COGPGS        PC1BW         PC2BW         PC3BW
              ________      ________      ________      ________      ________
 CANF6M         0.000
 COGPGS         0.000         0.000
 PC1BW          0.000         0.000         0.001
 PC2BW          0.000         0.000         0.000         0.001
 PC3BW          0.000         0.000         0.000         0.000         0.000
 PC4BW          0.000         0.000         0.000         0.000         0.000
 PC5BW          0.000         0.000         0.000         0.000         0.000


           PSI
              PC4BW         PC5BW
              ________      ________
 PC4BW          0.001
 PC5BW          0.000         0.001


SAMPLE STATISTICS FOR ESTIMATED FACTOR SCORES


     SAMPLE STATISTICS


           Means
              B_CVLALC
              ________
 1             -0.574


           Covariances
              B_CVLALC
              ________
 B_CVLALC       0.055


           Correlations
              B_CVLALC
              ________
 B_CVLALC       1.000


PLOT INFORMATION

The following plots are available:

  Histograms (sample values)
  Scatterplots (sample values)

     Beginning Time:  12:54:01
        Ending Time:  12:54:02
       Elapsed Time:  00:00:01



MUTHEN & MUTHEN
3463 Stoner Ave.
Los Angeles, CA  90066

Tel: (310) 391-9971
Fax: (310) 391-8971
Web: www.StatModel.com
Support: Support@StatModel.com

Copyright (c) 1998-2015 Muthen & Muthen
