Mplus VERSION 7.4 (Mac)
MUTHEN & MUTHEN
07/30/2019  12:55 PM

INPUT INSTRUCTIONS


  TITLE: CANFLF_CVLALF_2;

  DATA:
  	FILE = GD190618.csv;

  VARIABLE:
  	NAMES =
  			ID_Fam   Wave     ID_MPL
  			DEMMAL   DEMAGE   DEMHSP   DEMRAC
  			SRPWCR
  			WASVCB   WASBLK   WASDGT   WSISUM
  			TRLATS   TRLBTS
  			CVLASF   CVLASC   CVLALF   CVLALC
  			WASCOM   COGCOM   CVLCOM
  			CANEVR   CANONS   CANFLF
  			CANFTY   CANF6M   CANAC6
  			CANYRS
  			ALCEVR   ALCONS   ALCFLF
  			ALCFTY   ALCF6M   ALCAC6
  			ALCYRS
  			SRPWCRDt WASVCBDt WASBLKDt
  			WASDGTDt WSISUMDt TRLATSDt
  			TRLBTSDt CVLASFDt CVLASCDt
  			CVLALFDt CVLALCDt WASCOMDt
  			COGCOMDt CVLCOMDt
  			COGPGS
  			PC1 PC2 PC3 PC4 PC5 PC6
  		;
  	USEVARIABLES =
  		! outcome
  	  		CVLALF
    		! covariates
  	  		DEMAGE
    			DEMMAL  		
    		! within predictor
    			CANFLF
    			COGPGS
    		! between predictor
    			CANFLFBW
    			COGPGSBW
    			PC1BW
    			PC2BW
    			PC3BW
    			PC4BW
    			PC5BW	
    		;
    	USEOBSERVATION =
    			(Wave EQ 2 AND CVLALFDt EQ 1)
    		;
    	CLUSTER =
    			ID_Fam
    		;
    	MISSING = .;
    	BETWEEN =   		
    			CANFLFBW
    			COGPGSBW
    			PC1BW
    			PC2BW
    			PC3BW
    			PC4BW
    			PC5BW			
    		;
    	WITHIN  		
    			CANFLF
    			COGPGS
    			DEMAGE
    			DEMMAL
    		;  		

  DEFINE:
  	! CREATE BW FAM PREDICTOR
  		CANFLFBW = cluster_mean (CANFLF);	
  		COGPGSBW = cluster_mean (COGPGS);
  		PC1BW = cluster_mean (PC1);
  		PC2BW = cluster_mean (PC2);
  		PC3BW = cluster_mean (PC3);
  		PC4BW = cluster_mean (PC4);
  		PC5BW = cluster_mean (PC5);
  	! CENTER WI FAM VARIABLES
  		CENTER CANFLF (GROUPMEAN);
  		CENTER COGPGS (GROUPMEAN);
  		CENTER DEMMAL (GRANDMEAN);
  		CENTER DEMAGE (GRANDMEAN);
  	! CENTER BW FAM VARIABLES
  		CENTER CANFLFBW (GRANDMEAN);
  		CENTER COGPGSBW (GRANDMEAN);
  		CENTER PC1BW (GRANDMEAN);
  		CENTER PC2BW (GRANDMEAN);
  		CENTER PC3BW (GRANDMEAN);
  		CENTER PC4BW (GRANDMEAN);
  		CENTER PC5BW (GRANDMEAN);

  ANALYSIS:
          ITERATIONS = 1000000;
          TYPE = TWOLEVEL RANDOM;
          ALGORITHM = INTEGRATION;

  OUTPUT:
  	SAMPSTAT STDYX TECH1 CINT;

  MODEL:
  %WITHIN%
  	CVLALF on CANFLF;
  	CVLALF on  DEMMAL DEMAGE COGPGS;	
  	COGPGS*;
  	CVLALF*;
  	CANFLF WITH DEMMAL*;
  	CANFLF WITH DEMAGE*;
  	CANFLF WITH COGPGS*;

  %BETWEEN%
  	CVLALF on CANFLFBW COGPGSBW
  		 	    PC1BW PC2BW PC3BW PC4BW PC5BW;
  	COGPGSBW*;
  	CVLALF*;
  	CANFLFBW WITH COGPGSBW*;

  PLOT:
  	TYPE = plot3;



*** WARNING
  Data set contains cases with missing on x-variables.
  These cases were not included in the analysis.
  Number of cases with missing on x-variables:  45
   1 WARNING(S) FOUND IN THE INPUT INSTRUCTIONS



CANFLF_CVLALF_2;

SUMMARY OF ANALYSIS

Number of groups                                                 1
Number of observations                                         379

Number of dependent variables                                    1
Number of independent variables                                 11
Number of continuous latent variables                            0

Observed dependent variables

  Continuous
   CVLALF

Observed independent variables
   DEMAGE      DEMMAL      CANFLF      COGPGS      CANFLFBW    COGPGSBW
   PC1BW       PC2BW       PC3BW       PC4BW       PC5BW

Variables with special functions

  Cluster variable      ID_FAM

  Within variables
   DEMAGE      DEMMAL      CANFLF      COGPGS

  Between variables
   CANFLFBW    COGPGSBW    PC1BW       PC2BW       PC3BW       PC4BW
   PC5BW

  Centering (GRANDMEAN)
   DEMMAL      DEMAGE      CANFLFBW    COGPGSBW
   PC1BW       PC2BW       PC3BW       PC4BW       PC5BW

  Centering (GROUPMEAN)
   CANFLF      COGPGS


Estimator                                                      MLR
Information matrix                                        OBSERVED
Optimization Specifications for the Quasi-Newton Algorithm for
Continuous Outcomes
  Maximum number of iterations                             1000000
  Convergence criterion                                  0.100D-05
Optimization Specifications for the EM Algorithm
  Maximum number of iterations                                 500
  Convergence criteria
    Loglikelihood change                                 0.100D-02
    Relative loglikelihood change                        0.100D-05
    Derivative                                           0.100D-02
Optimization Specifications for the M step of the EM Algorithm for
Categorical Latent variables
  Number of M step iterations                                    1
  M step convergence criterion                           0.100D-02
  Basis for M step termination                           ITERATION
Optimization Specifications for the M step of the EM Algorithm for
Censored, Binary or Ordered Categorical (Ordinal), Unordered
Categorical (Nominal) and Count Outcomes
  Number of M step iterations                                    1
  M step convergence criterion                           0.100D-02
  Basis for M step termination                           ITERATION
  Maximum value for logit thresholds                            15
  Minimum value for logit thresholds                           -15
  Minimum expected cell size for chi-square              0.100D-01
Maximum number of iterations for H1                           2000
Convergence criterion for H1                             0.100D-03
Optimization algorithm                                         EMA
Integration Specifications
  Type                                                    STANDARD
  Number of integration points                                  15
  Dimensions of numerical integration                            0
  Adaptive quadrature                                           ON
Cholesky                                                       OFF

Input data file(s)
  GD190618.csv
Input data format  FREE


SUMMARY OF DATA

     Number of missing data patterns             5
     Number of clusters                        193



COVARIANCE COVERAGE OF DATA

Minimum covariance coverage value   0.100


     PROPORTION OF DATA PRESENT FOR Y


           Covariance Coverage
              CANFLFBW      COGPGSBW      CVLALF        DEMAGE        DEMMAL
              ________      ________      ________      ________      ________
 CANFLFBW       1.000
 COGPGSBW       1.000         1.000
 CVLALF         0.839         0.839         0.839
 DEMAGE         0.997         0.997         0.839         0.997
 DEMMAL         0.997         0.997         0.839         0.997         0.997
 CANFLF         1.000         1.000         0.839         0.997         0.997
 COGPGS         0.755         0.755         0.641         0.755         0.755
 PC1BW          1.000         1.000         0.839         0.997         0.997
 PC2BW          1.000         1.000         0.839         0.997         0.997
 PC3BW          1.000         1.000         0.839         0.997         0.997
 PC4BW          1.000         1.000         0.839         0.997         0.997
 PC5BW          1.000         1.000         0.839         0.997         0.997


           Covariance Coverage
              CANFLF        COGPGS        PC1BW         PC2BW         PC3BW
              ________      ________      ________      ________      ________
 CANFLF         1.000
 COGPGS         0.755         0.755
 PC1BW          1.000         0.755         1.000
 PC2BW          1.000         0.755         1.000         1.000
 PC3BW          1.000         0.755         1.000         1.000         1.000
 PC4BW          1.000         0.755         1.000         1.000         1.000
 PC5BW          1.000         0.755         1.000         1.000         1.000


           Covariance Coverage
              PC4BW         PC5BW
              ________      ________
 PC4BW          1.000
 PC5BW          1.000         1.000


SAMPLE STATISTICS


     ESTIMATED SAMPLE STATISTICS


           Means
              CANFLFBW      COGPGSBW      CVLALF        DEMAGE        DEMMAL
              ________      ________      ________      ________      ________
 1              0.000         0.000        -0.491        -0.002         0.000


           Means
              CANFLF        COGPGS        PC1BW         PC2BW         PC3BW
              ________      ________      ________      ________      ________
 1              0.000        -0.002         0.000         0.000         0.000


           Means
              PC4BW         PC5BW
              ________      ________
 1              0.000         0.000


           Covariances
              CANFLFBW      COGPGSBW      CVLALF        DEMAGE        DEMMAL
              ________      ________      ________      ________      ________
 CANFLFBW     264.685
 COGPGSBW      -0.245         0.111
 CVLALF         0.645        -0.021         1.203
 DEMAGE         0.562         0.013        -0.308         7.883
 DEMMAL         1.596         0.013         0.016        -0.208         0.249
 CANFLF         0.000         0.000        -0.188        -7.996         1.391
 COGPGS         0.013         0.000         0.012        -0.013         0.004
 PC1BW         -0.037        -0.004        -0.004         0.011        -0.002
 PC2BW         -0.127         0.000        -0.006        -0.007        -0.001
 PC3BW         -0.022        -0.001        -0.002        -0.001        -0.001
 PC4BW          0.030         0.002         0.002         0.005         0.001
 PC5BW          0.110         0.000         0.003         0.006         0.000


           Covariances
              CANFLF        COGPGS        PC1BW         PC2BW         PC3BW
              ________      ________      ________      ________      ________
 CANFLF       198.448
 COGPGS         0.126         0.018
 PC1BW          0.000         0.000         0.001
 PC2BW          0.000         0.000         0.000         0.002
 PC3BW          0.000         0.000         0.000         0.000         0.000
 PC4BW          0.000         0.000         0.000         0.000        -0.001
 PC5BW          0.000         0.000         0.000         0.000         0.000


           Covariances
              PC4BW         PC5BW
              ________      ________
 PC4BW          0.002
 PC5BW          0.000         0.002


           Correlations
              CANFLFBW      COGPGSBW      CVLALF        DEMAGE        DEMMAL
              ________      ________      ________      ________      ________
 CANFLFBW       1.000
 COGPGSBW      -0.045         1.000
 CVLALF         0.036        -0.058         1.000
 DEMAGE         0.012         0.014        -0.100         1.000
 DEMMAL         0.197         0.077         0.029        -0.149         1.000
 CANFLF         0.000         0.000        -0.012        -0.202         0.198
 COGPGS         0.006        -0.007         0.080        -0.034         0.062
 PC1BW         -0.060        -0.298        -0.088         0.109        -0.098
 PC2BW         -0.193        -0.006        -0.135        -0.066        -0.035
 PC3BW         -0.073        -0.141        -0.077        -0.028        -0.076
 PC4BW          0.043         0.147         0.039         0.041         0.058
 PC5BW          0.137        -0.029         0.054         0.045         0.016


           Correlations
              CANFLF        COGPGS        PC1BW         PC2BW         PC3BW
              ________      ________      ________      ________      ________
 CANFLF         1.000
 COGPGS         0.066         1.000
 PC1BW          0.000        -0.004         1.000
 PC2BW          0.000        -0.003        -0.108         1.000
 PC3BW          0.000         0.000         0.047         0.138         1.000
 PC4BW          0.000        -0.002         0.014         0.003        -0.969
 PC5BW          0.000        -0.001        -0.126         0.043         0.001


           Correlations
              PC4BW         PC5BW
              ________      ________
 PC4BW          1.000
 PC5BW          0.036         1.000


     MAXIMUM LOG-LIKELIHOOD VALUE FOR THE UNRESTRICTED (H1) MODEL IS -406.162


UNIVARIATE SAMPLE STATISTICS


     UNIVARIATE HIGHER-ORDER MOMENT DESCRIPTIVE STATISTICS

         Variable/         Mean/     Skewness/   Minimum/ % with                Percentiles
        Sample Size      Variance    Kurtosis    Maximum  Min/Max      20%/60%    40%/80%    Median

     CANFLFBW              0.706      -1.161     -48.156    0.52%     -17.406     11.844     11.844
             193.000     254.938       0.230      11.844   62.18%      11.844     11.844
     COGPGSBW              0.007       0.062      -0.971    0.52%      -0.281     -0.090     -0.006
             193.000       0.112      -0.017       0.900    0.52%       0.058      0.299
     CVLALF               -0.480      -0.339      -4.500    0.31%      -1.500     -0.500      0.000
             318.000       1.205      -0.321       1.500    3.77%       0.000      0.500
     DEMAGE                0.000       1.020      -5.431    0.26%      -2.361     -0.961     -0.256
             378.000       7.883       2.777      15.739    0.26%       0.349      2.139
     DEMMAL                0.000      -0.127      -0.532   46.83%      -0.532     -0.532      0.468
             378.000       0.249      -1.984       0.468   53.17%       0.468      0.468
     CANFLF                0.000       0.033     -40.000    0.26%       0.000      0.000      0.000
             379.000     198.448       0.868      38.667    0.53%       0.000      0.000
     COGPGS                0.000       0.035      -0.482    0.35%      -0.076      0.000      0.000
             286.000       0.018       1.996       0.482    0.35%       0.000      0.072
     PC1BW                 0.000       2.440      -0.023    0.52%      -0.021     -0.016     -0.012
             193.000       0.001       4.619       0.133    0.52%      -0.010     -0.004
     PC2BW                -0.001       0.617      -0.044    0.52%      -0.041     -0.027     -0.013
             193.000       0.002      -0.803       0.121    0.52%       0.005      0.041
     PC3BW                 0.000      -4.137      -0.117    0.52%      -0.003      0.001      0.003
             193.000       0.000      21.256       0.033    0.52%       0.004      0.008
     PC4BW                -0.001       4.674      -0.097    0.52%      -0.014     -0.010     -0.008
             193.000       0.001      24.872       0.282    0.52%      -0.007     -0.003
     PC5BW                 0.002     -12.543      -0.541    0.52%       0.002      0.004      0.004
             193.000       0.002     165.580       0.054    0.52%       0.005      0.007

     THE STANDARD ERRORS OF THE MODEL PARAMETER ESTIMATES MAY NOT BE
     TRUSTWORTHY FOR SOME PARAMETERS DUE TO A NON-POSITIVE DEFINITE
     FIRST-ORDER DERIVATIVE PRODUCT MATRIX.  THIS MAY BE DUE TO THE STARTING
     VALUES BUT MAY ALSO BE AN INDICATION OF MODEL NONIDENTIFICATION.  THE
     CONDITION NUMBER IS      -0.101D-17.  PROBLEM INVOLVING THE FOLLOWING PARAMETER:
     Parameter 4, %WITHIN%: [ COGPGS ]


THE MODEL ESTIMATION TERMINATED NORMALLY



MODEL FIT INFORMATION

Number of Free Parameters                       30

Loglikelihood

          H0 Value                       -3901.522
          H0 Scaling Correction Factor      1.1599
            for MLR

Information Criteria

          Akaike (AIC)                    7863.045
          Bayesian (BIC)                  7981.171
          Sample-Size Adjusted BIC        7885.987
            (n* = (n + 2) / 24)



MODEL RESULTS

                                                    Two-Tailed
                    Estimate       S.E.  Est./S.E.    P-Value

Within Level

 CVLALF     ON
    CANFLF            -0.003      0.005     -0.570      0.569
    DEMMAL             0.009      0.124      0.073      0.942
    DEMAGE            -0.036      0.022     -1.624      0.104
    COGPGS             0.626      0.492      1.272      0.203

 CANFLF   WITH
    DEMMAL             1.191      0.360      3.311      0.001
    DEMAGE            -6.967      2.104     -3.312      0.001
    COGPGS             0.099      0.167      0.594      0.553

 Means
    DEMAGE             0.000      0.158      0.000      1.000
    DEMMAL             0.000      0.028      0.000      1.000
    CANFLF             0.000      0.000      0.000      1.000
    COGPGS            -0.001      0.001     -0.837      0.403

 Variances
    DEMAGE             7.883      0.888      8.876      0.000
    DEMMAL             0.249      0.002    139.321      0.000
    CANFLF           196.473     23.508      8.358      0.000
    COGPGS             0.018      0.003      6.166      0.000

 Residual Variances
    CVLALF             1.040      0.132      7.901      0.000

Between Level

 CVLALF     ON
    CANFLFBW          -0.001      0.004     -0.275      0.783
    COGPGSBW          -0.289      0.181     -1.598      0.110
    PC1BW             -2.680      2.499     -1.073      0.283
    PC2BW             -3.293      2.105     -1.564      0.118
    PC3BW            -17.153     17.809     -0.963      0.335
    PC4BW             -5.645      7.614     -0.741      0.458
    PC5BW              1.364      0.703      1.939      0.052

 CANFLFBW WITH
    COGPGSBW          -0.245      0.320     -0.766      0.444

 Means
    CANFLFBW           0.706      1.149      0.614      0.539
    COGPGSBW           0.007      0.024      0.303      0.762

 Intercepts
    CVLALF            -0.491      0.061     -7.998      0.000

 Variances
    CANFLFBW         254.938     27.404      9.303      0.000
    COGPGSBW           0.112      0.011      9.866      0.000

 Residual Variances
    CVLALF             0.092      0.098      0.937      0.349


STANDARDIZED MODEL RESULTS


STDYX Standardization

                                                    Two-Tailed
                    Estimate       S.E.  Est./S.E.    P-Value

Within Level

 CVLALF     ON
    CANFLF            -0.036      0.063     -0.565      0.572
    DEMMAL             0.004      0.060      0.073      0.942
    DEMAGE            -0.098      0.060     -1.645      0.100
    COGPGS             0.082      0.064      1.289      0.198

 CANFLF   WITH
    DEMMAL             0.170      0.049      3.471      0.001
    DEMAGE            -0.177      0.049     -3.608      0.000
    COGPGS             0.052      0.087      0.600      0.549

 Means
    DEMAGE             0.000      0.056      0.000      1.000
    DEMMAL             0.000      0.056      0.000      1.000
    CANFLF             0.000      0.000      0.000      1.000
    COGPGS            -0.007      0.009     -0.847      0.397

 Variances
    DEMAGE             1.000      0.000    999.000    999.000
    DEMMAL             1.000      0.000    999.000    999.000
    CANFLF             1.000      0.000    999.000    999.000
    COGPGS             1.000      0.000    999.000    999.000

 Residual Variances
    CVLALF             0.984      0.016     61.352      0.000

Between Level

 CVLALF     ON
    CANFLFBW          -0.042      0.154     -0.271      0.786
    COGPGSBW          -0.248      0.172     -1.444      0.149
    PC1BW             -0.258      0.237     -1.089      0.276
    PC2BW             -0.337      0.221     -1.526      0.127
    PC3BW             -0.724      0.798     -0.907      0.364
    PC4BW             -0.561      0.792     -0.708      0.479
    PC5BW              0.142      0.092      1.532      0.126

 CANFLFBW WITH
    COGPGSBW          -0.046      0.060     -0.768      0.442

 Means
    CANFLFBW           0.044      0.074      0.599      0.549
    COGPGSBW           0.022      0.072      0.303      0.762

 Intercepts
    CVLALF            -1.261      0.460     -2.744      0.006

 Variances
    CANFLFBW           1.000      0.000    999.000    999.000
    COGPGSBW           1.000      0.000    999.000    999.000

 Residual Variances
    CVLALF             0.604      0.288      2.096      0.036


R-SQUARE

Within Level

    Observed                                        Two-Tailed
    Variable        Estimate       S.E.  Est./S.E.    P-Value

    CVLALF             0.016      0.016      1.009      0.313

Between Level

    Observed                                        Two-Tailed
    Variable        Estimate       S.E.  Est./S.E.    P-Value

    CVLALF             0.396      0.288      1.376      0.169


QUALITY OF NUMERICAL RESULTS

     Condition Number for the Information Matrix             -0.101E-17
       (ratio of smallest to largest eigenvalue)


CONFIDENCE INTERVALS OF MODEL RESULTS

                  Lower .5%  Lower 2.5%    Lower 5%    Estimate    Upper 5%  Upper 2.5%   Upper .5%

Within Level

 CVLALF   ON
    CANFLF          -0.014      -0.012      -0.010      -0.003       0.005       0.006       0.009
    DEMMAL          -0.311      -0.234      -0.195       0.009       0.213       0.252       0.329
    DEMAGE          -0.093      -0.080      -0.073      -0.036       0.000       0.007       0.021
    COGPGS          -0.641      -0.338      -0.183       0.626       1.434       1.589       1.892

 CANFLF   WITH
    DEMMAL           0.264       0.486       0.599       1.191       1.783       1.897       2.118
    DEMAGE         -12.386     -11.090     -10.428      -6.967      -3.506      -2.843      -1.548
    COGPGS          -0.330      -0.228      -0.175       0.099       0.373       0.425       0.528

 Means
    DEMAGE          -0.406      -0.309      -0.259       0.000       0.259       0.309       0.406
    DEMMAL          -0.072      -0.055      -0.046       0.000       0.046       0.055       0.072
    CANFLF           0.000       0.000       0.000       0.000       0.000       0.000       0.000
    COGPGS          -0.004      -0.003      -0.003      -0.001       0.001       0.001       0.002

 Variances
    DEMAGE           5.595       6.142       6.422       7.883       9.344       9.624      10.170
    DEMMAL           0.244       0.245       0.246       0.249       0.252       0.252       0.254
    CANFLF         135.921     150.397     157.802     196.473     235.143     242.548     257.025
    COGPGS           0.011       0.013       0.013       0.018       0.023       0.024       0.026

 Residual Variances
    CVLALF           0.701       0.782       0.823       1.040       1.257       1.298       1.379

Between Level

 CVLALF   ON
    CANFLFBW        -0.011      -0.008      -0.007      -0.001       0.005       0.006       0.009
    COGPGSBW        -0.756      -0.644      -0.587      -0.289       0.008       0.065       0.177
    PC1BW           -9.116      -7.578      -6.791      -2.680       1.430       2.217       3.756
    PC2BW           -8.715      -7.419      -6.756      -3.293       0.170       0.833       2.130
    PC3BW          -63.025     -52.058     -46.448     -17.153      12.142      17.751      28.718
    PC4BW          -25.257     -20.568     -18.170      -5.645       6.880       9.279      13.968
    PC5BW           -0.448      -0.015       0.207       1.364       2.521       2.743       3.176

 CANFLFBW WITH
    COGPGSBW        -1.069      -0.872      -0.772      -0.245       0.281       0.382       0.579

 Means
    CANFLFBW        -2.254      -1.546      -1.184       0.706       2.597       2.959       3.667
    COGPGSBW        -0.055      -0.040      -0.032       0.007       0.047       0.054       0.069

 Intercepts
    CVLALF          -0.649      -0.611      -0.592      -0.491      -0.390      -0.371      -0.333

 Variances
    CANFLFBW       184.351     201.226     209.858     254.938     300.017     308.650     325.525
    COGPGSBW         0.083       0.090       0.093       0.112       0.130       0.134       0.141

 Residual Variances
    CVLALF          -0.160      -0.100      -0.069       0.092       0.252       0.283       0.343


CONFIDENCE INTERVALS OF STANDARDIZED MODEL RESULTS


STDYX Standardization

                  Lower .5%  Lower 2.5%    Lower 5%    Estimate    Upper 5%  Upper 2.5%   Upper .5%

Within Level

 CVLALF   ON
    CANFLF          -0.199      -0.160      -0.140      -0.036       0.068       0.088       0.127
    DEMMAL          -0.151      -0.114      -0.095       0.004       0.104       0.122       0.160
    DEMAGE          -0.253      -0.216      -0.197      -0.098       0.000       0.019       0.056
    COGPGS          -0.082      -0.043      -0.023       0.082       0.188       0.208       0.247

 CANFLF   WITH
    DEMMAL           0.044       0.074       0.090       0.170       0.251       0.267       0.297
    DEMAGE          -0.303      -0.273      -0.258      -0.177      -0.096      -0.081      -0.051
    COGPGS          -0.172      -0.118      -0.091       0.052       0.195       0.222       0.276

 Means
    DEMAGE          -0.145      -0.110      -0.092       0.000       0.092       0.110       0.145
    DEMMAL          -0.145      -0.110      -0.093       0.000       0.093       0.110       0.145
    CANFLF           0.000       0.000       0.000       0.000       0.000       0.000       0.000
    COGPGS          -0.029      -0.024      -0.021      -0.007       0.007       0.010       0.015

 Variances
    DEMAGE           1.000       1.000       1.000       1.000       1.000       1.000       1.000
    DEMMAL           1.000       1.000       1.000       1.000       1.000       1.000       1.000
    CANFLF           1.000       1.000       1.000       1.000       1.000       1.000       1.000
    COGPGS           1.000       1.000       1.000       1.000       1.000       1.000       1.000

 Residual Variances
    CVLALF           0.943       0.952       0.957       0.984       1.010       1.015       1.025

Between Level

 CVLALF   ON
    CANFLFBW        -0.440      -0.345      -0.296      -0.042       0.212       0.261       0.356
    COGPGSBW        -0.692      -0.586      -0.531      -0.248       0.035       0.089       0.195
    PC1BW           -0.867      -0.721      -0.647      -0.258       0.131       0.206       0.352
    PC2BW           -0.906      -0.770      -0.700      -0.337       0.026       0.096       0.232
    PC3BW           -2.778      -2.287      -2.036      -0.724       0.588       0.839       1.331
    PC4BW           -2.601      -2.113      -1.864      -0.561       0.742       0.992       1.480
    PC5BW           -0.096      -0.040      -0.010       0.142       0.294       0.323       0.380

 CANFLFBW WITH
    COGPGSBW        -0.200      -0.163      -0.144      -0.046       0.052       0.071       0.108

 Means
    CANFLFBW        -0.146      -0.101      -0.077       0.044       0.166       0.189       0.234
    COGPGSBW        -0.163      -0.119      -0.097       0.022       0.140       0.163       0.207

 Intercepts
    CVLALF          -2.445      -2.162      -2.017      -1.261      -0.505      -0.360      -0.077

 Variances
    CANFLFBW         1.000       1.000       1.000       1.000       1.000       1.000       1.000
    COGPGSBW         1.000       1.000       1.000       1.000       1.000       1.000       1.000

 Residual Variances
    CVLALF          -0.138       0.039       0.130       0.604       1.077       1.168       1.346


TECHNICAL 1 OUTPUT


     PARAMETER SPECIFICATION FOR WITHIN


           NU
              CANFLFBW      COGPGSBW      CVLALF        DEMAGE        DEMMAL
              ________      ________      ________      ________      ________
 1                  0             0             0             0             0


           NU
              CANFLF        COGPGS        PC1BW         PC2BW         PC3BW
              ________      ________      ________      ________      ________
 1                  0             0             0             0             0


           NU
              PC4BW         PC5BW
              ________      ________
 1                  0             0


           LAMBDA
              CANFLFBW      COGPGSBW      CVLALF        DEMAGE        DEMMAL
              ________      ________      ________      ________      ________
 CANFLFBW           0             0             0             0             0
 COGPGSBW           0             0             0             0             0
 CVLALF             0             0             0             0             0
 DEMAGE             0             0             0             0             0
 DEMMAL             0             0             0             0             0
 CANFLF             0             0             0             0             0
 COGPGS             0             0             0             0             0
 PC1BW              0             0             0             0             0
 PC2BW              0             0             0             0             0
 PC3BW              0             0             0             0             0
 PC4BW              0             0             0             0             0
 PC5BW              0             0             0             0             0


           LAMBDA
              CANFLF        COGPGS        PC1BW         PC2BW         PC3BW
              ________      ________      ________      ________      ________
 CANFLFBW           0             0             0             0             0
 COGPGSBW           0             0             0             0             0
 CVLALF             0             0             0             0             0
 DEMAGE             0             0             0             0             0
 DEMMAL             0             0             0             0             0
 CANFLF             0             0             0             0             0
 COGPGS             0             0             0             0             0
 PC1BW              0             0             0             0             0
 PC2BW              0             0             0             0             0
 PC3BW              0             0             0             0             0
 PC4BW              0             0             0             0             0
 PC5BW              0             0             0             0             0


           LAMBDA
              PC4BW         PC5BW
              ________      ________
 CANFLFBW           0             0
 COGPGSBW           0             0
 CVLALF             0             0
 DEMAGE             0             0
 DEMMAL             0             0
 CANFLF             0             0
 COGPGS             0             0
 PC1BW              0             0
 PC2BW              0             0
 PC3BW              0             0
 PC4BW              0             0
 PC5BW              0             0


           THETA
              CANFLFBW      COGPGSBW      CVLALF        DEMAGE        DEMMAL
              ________      ________      ________      ________      ________
 CANFLFBW           0
 COGPGSBW           0             0
 CVLALF             0             0             0
 DEMAGE             0             0             0             0
 DEMMAL             0             0             0             0             0
 CANFLF             0             0             0             0             0
 COGPGS             0             0             0             0             0
 PC1BW              0             0             0             0             0
 PC2BW              0             0             0             0             0
 PC3BW              0             0             0             0             0
 PC4BW              0             0             0             0             0
 PC5BW              0             0             0             0             0


           THETA
              CANFLF        COGPGS        PC1BW         PC2BW         PC3BW
              ________      ________      ________      ________      ________
 CANFLF             0
 COGPGS             0             0
 PC1BW              0             0             0
 PC2BW              0             0             0             0
 PC3BW              0             0             0             0             0
 PC4BW              0             0             0             0             0
 PC5BW              0             0             0             0             0


           THETA
              PC4BW         PC5BW
              ________      ________
 PC4BW              0
 PC5BW              0             0


           ALPHA
              CANFLFBW      COGPGSBW      CVLALF        DEMAGE        DEMMAL
              ________      ________      ________      ________      ________
 1                  0             0             0             1             2


           ALPHA
              CANFLF        COGPGS        PC1BW         PC2BW         PC3BW
              ________      ________      ________      ________      ________
 1                  3             4             0             0             0


           ALPHA
              PC4BW         PC5BW
              ________      ________
 1                  0             0


           BETA
              CANFLFBW      COGPGSBW      CVLALF        DEMAGE        DEMMAL
              ________      ________      ________      ________      ________
 CANFLFBW           0             0             0             0             0
 COGPGSBW           0             0             0             0             0
 CVLALF             0             0             0             5             6
 DEMAGE             0             0             0             0             0
 DEMMAL             0             0             0             0             0
 CANFLF             0             0             0             0             0
 COGPGS             0             0             0             0             0
 PC1BW              0             0             0             0             0
 PC2BW              0             0             0             0             0
 PC3BW              0             0             0             0             0
 PC4BW              0             0             0             0             0
 PC5BW              0             0             0             0             0


           BETA
              CANFLF        COGPGS        PC1BW         PC2BW         PC3BW
              ________      ________      ________      ________      ________
 CANFLFBW           0             0             0             0             0
 COGPGSBW           0             0             0             0             0
 CVLALF             7             8             0             0             0
 DEMAGE             0             0             0             0             0
 DEMMAL             0             0             0             0             0
 CANFLF             0             0             0             0             0
 COGPGS             0             0             0             0             0
 PC1BW              0             0             0             0             0
 PC2BW              0             0             0             0             0
 PC3BW              0             0             0             0             0
 PC4BW              0             0             0             0             0
 PC5BW              0             0             0             0             0


           BETA
              PC4BW         PC5BW
              ________      ________
 CANFLFBW           0             0
 COGPGSBW           0             0
 CVLALF             0             0
 DEMAGE             0             0
 DEMMAL             0             0
 CANFLF             0             0
 COGPGS             0             0
 PC1BW              0             0
 PC2BW              0             0
 PC3BW              0             0
 PC4BW              0             0
 PC5BW              0             0


           PSI
              CANFLFBW      COGPGSBW      CVLALF        DEMAGE        DEMMAL
              ________      ________      ________      ________      ________
 CANFLFBW           0
 COGPGSBW           0             0
 CVLALF             0             0             9
 DEMAGE             0             0             0            10
 DEMMAL             0             0             0             0            11
 CANFLF             0             0             0            12            13
 COGPGS             0             0             0             0             0
 PC1BW              0             0             0             0             0
 PC2BW              0             0             0             0             0
 PC3BW              0             0             0             0             0
 PC4BW              0             0             0             0             0
 PC5BW              0             0             0             0             0


           PSI
              CANFLF        COGPGS        PC1BW         PC2BW         PC3BW
              ________      ________      ________      ________      ________
 CANFLF            14
 COGPGS            15            16
 PC1BW              0             0             0
 PC2BW              0             0             0             0
 PC3BW              0             0             0             0             0
 PC4BW              0             0             0             0             0
 PC5BW              0             0             0             0             0


           PSI
              PC4BW         PC5BW
              ________      ________
 PC4BW              0
 PC5BW              0             0


     PARAMETER SPECIFICATION FOR BETWEEN


           NU
              CANFLFBW      COGPGSBW      CVLALF        DEMAGE        DEMMAL
              ________      ________      ________      ________      ________
 1                  0             0             0             0             0


           NU
              CANFLF        COGPGS        PC1BW         PC2BW         PC3BW
              ________      ________      ________      ________      ________
 1                  0             0             0             0             0


           NU
              PC4BW         PC5BW
              ________      ________
 1                  0             0


           LAMBDA
              CANFLFBW      COGPGSBW      CVLALF        DEMAGE        DEMMAL
              ________      ________      ________      ________      ________
 CANFLFBW           0             0             0             0             0
 COGPGSBW           0             0             0             0             0
 CVLALF             0             0             0             0             0
 DEMAGE             0             0             0             0             0
 DEMMAL             0             0             0             0             0
 CANFLF             0             0             0             0             0
 COGPGS             0             0             0             0             0
 PC1BW              0             0             0             0             0
 PC2BW              0             0             0             0             0
 PC3BW              0             0             0             0             0
 PC4BW              0             0             0             0             0
 PC5BW              0             0             0             0             0


           LAMBDA
              CANFLF        COGPGS        PC1BW         PC2BW         PC3BW
              ________      ________      ________      ________      ________
 CANFLFBW           0             0             0             0             0
 COGPGSBW           0             0             0             0             0
 CVLALF             0             0             0             0             0
 DEMAGE             0             0             0             0             0
 DEMMAL             0             0             0             0             0
 CANFLF             0             0             0             0             0
 COGPGS             0             0             0             0             0
 PC1BW              0             0             0             0             0
 PC2BW              0             0             0             0             0
 PC3BW              0             0             0             0             0
 PC4BW              0             0             0             0             0
 PC5BW              0             0             0             0             0


           LAMBDA
              PC4BW         PC5BW
              ________      ________
 CANFLFBW           0             0
 COGPGSBW           0             0
 CVLALF             0             0
 DEMAGE             0             0
 DEMMAL             0             0
 CANFLF             0             0
 COGPGS             0             0
 PC1BW              0             0
 PC2BW              0             0
 PC3BW              0             0
 PC4BW              0             0
 PC5BW              0             0


           THETA
              CANFLFBW      COGPGSBW      CVLALF        DEMAGE        DEMMAL
              ________      ________      ________      ________      ________
 CANFLFBW           0
 COGPGSBW           0             0
 CVLALF             0             0             0
 DEMAGE             0             0             0             0
 DEMMAL             0             0             0             0             0
 CANFLF             0             0             0             0             0
 COGPGS             0             0             0             0             0
 PC1BW              0             0             0             0             0
 PC2BW              0             0             0             0             0
 PC3BW              0             0             0             0             0
 PC4BW              0             0             0             0             0
 PC5BW              0             0             0             0             0


           THETA
              CANFLF        COGPGS        PC1BW         PC2BW         PC3BW
              ________      ________      ________      ________      ________
 CANFLF             0
 COGPGS             0             0
 PC1BW              0             0             0
 PC2BW              0             0             0             0
 PC3BW              0             0             0             0             0
 PC4BW              0             0             0             0             0
 PC5BW              0             0             0             0             0


           THETA
              PC4BW         PC5BW
              ________      ________
 PC4BW              0
 PC5BW              0             0


           ALPHA
              CANFLFBW      COGPGSBW      CVLALF        DEMAGE        DEMMAL
              ________      ________      ________      ________      ________
 1                 17            18            19             0             0


           ALPHA
              CANFLF        COGPGS        PC1BW         PC2BW         PC3BW
              ________      ________      ________      ________      ________
 1                  0             0             0             0             0


           ALPHA
              PC4BW         PC5BW
              ________      ________
 1                  0             0


           BETA
              CANFLFBW      COGPGSBW      CVLALF        DEMAGE        DEMMAL
              ________      ________      ________      ________      ________
 CANFLFBW           0             0             0             0             0
 COGPGSBW           0             0             0             0             0
 CVLALF            20            21             0             0             0
 DEMAGE             0             0             0             0             0
 DEMMAL             0             0             0             0             0
 CANFLF             0             0             0             0             0
 COGPGS             0             0             0             0             0
 PC1BW              0             0             0             0             0
 PC2BW              0             0             0             0             0
 PC3BW              0             0             0             0             0
 PC4BW              0             0             0             0             0
 PC5BW              0             0             0             0             0


           BETA
              CANFLF        COGPGS        PC1BW         PC2BW         PC3BW
              ________      ________      ________      ________      ________
 CANFLFBW           0             0             0             0             0
 COGPGSBW           0             0             0             0             0
 CVLALF             0             0            22            23            24
 DEMAGE             0             0             0             0             0
 DEMMAL             0             0             0             0             0
 CANFLF             0             0             0             0             0
 COGPGS             0             0             0             0             0
 PC1BW              0             0             0             0             0
 PC2BW              0             0             0             0             0
 PC3BW              0             0             0             0             0
 PC4BW              0             0             0             0             0
 PC5BW              0             0             0             0             0


           BETA
              PC4BW         PC5BW
              ________      ________
 CANFLFBW           0             0
 COGPGSBW           0             0
 CVLALF            25            26
 DEMAGE             0             0
 DEMMAL             0             0
 CANFLF             0             0
 COGPGS             0             0
 PC1BW              0             0
 PC2BW              0             0
 PC3BW              0             0
 PC4BW              0             0
 PC5BW              0             0


           PSI
              CANFLFBW      COGPGSBW      CVLALF        DEMAGE        DEMMAL
              ________      ________      ________      ________      ________
 CANFLFBW          27
 COGPGSBW          28            29
 CVLALF             0             0            30
 DEMAGE             0             0             0             0
 DEMMAL             0             0             0             0             0
 CANFLF             0             0             0             0             0
 COGPGS             0             0             0             0             0
 PC1BW              0             0             0             0             0
 PC2BW              0             0             0             0             0
 PC3BW              0             0             0             0             0
 PC4BW              0             0             0             0             0
 PC5BW              0             0             0             0             0


           PSI
              CANFLF        COGPGS        PC1BW         PC2BW         PC3BW
              ________      ________      ________      ________      ________
 CANFLF             0
 COGPGS             0             0
 PC1BW              0             0             0
 PC2BW              0             0             0             0
 PC3BW              0             0             0             0             0
 PC4BW              0             0             0             0             0
 PC5BW              0             0             0             0             0


           PSI
              PC4BW         PC5BW
              ________      ________
 PC4BW              0
 PC5BW              0             0


     STARTING VALUES FOR WITHIN


           NU
              CANFLFBW      COGPGSBW      CVLALF        DEMAGE        DEMMAL
              ________      ________      ________      ________      ________
 1              0.000         0.000         0.000         0.000         0.000


           NU
              CANFLF        COGPGS        PC1BW         PC2BW         PC3BW
              ________      ________      ________      ________      ________
 1              0.000         0.000         0.000         0.000         0.000


           NU
              PC4BW         PC5BW
              ________      ________
 1              0.000         0.000


           LAMBDA
              CANFLFBW      COGPGSBW      CVLALF        DEMAGE        DEMMAL
              ________      ________      ________      ________      ________
 CANFLFBW       1.000         0.000         0.000         0.000         0.000
 COGPGSBW       0.000         1.000         0.000         0.000         0.000
 CVLALF         0.000         0.000         1.000         0.000         0.000
 DEMAGE         0.000         0.000         0.000         1.000         0.000
 DEMMAL         0.000         0.000         0.000         0.000         1.000
 CANFLF         0.000         0.000         0.000         0.000         0.000
 COGPGS         0.000         0.000         0.000         0.000         0.000
 PC1BW          0.000         0.000         0.000         0.000         0.000
 PC2BW          0.000         0.000         0.000         0.000         0.000
 PC3BW          0.000         0.000         0.000         0.000         0.000
 PC4BW          0.000         0.000         0.000         0.000         0.000
 PC5BW          0.000         0.000         0.000         0.000         0.000


           LAMBDA
              CANFLF        COGPGS        PC1BW         PC2BW         PC3BW
              ________      ________      ________      ________      ________
 CANFLFBW       0.000         0.000         0.000         0.000         0.000
 COGPGSBW       0.000         0.000         0.000         0.000         0.000
 CVLALF         0.000         0.000         0.000         0.000         0.000
 DEMAGE         0.000         0.000         0.000         0.000         0.000
 DEMMAL         0.000         0.000         0.000         0.000         0.000
 CANFLF         1.000         0.000         0.000         0.000         0.000
 COGPGS         0.000         1.000         0.000         0.000         0.000
 PC1BW          0.000         0.000         1.000         0.000         0.000
 PC2BW          0.000         0.000         0.000         1.000         0.000
 PC3BW          0.000         0.000         0.000         0.000         1.000
 PC4BW          0.000         0.000         0.000         0.000         0.000
 PC5BW          0.000         0.000         0.000         0.000         0.000


           LAMBDA
              PC4BW         PC5BW
              ________      ________
 CANFLFBW       0.000         0.000
 COGPGSBW       0.000         0.000
 CVLALF         0.000         0.000
 DEMAGE         0.000         0.000
 DEMMAL         0.000         0.000
 CANFLF         0.000         0.000
 COGPGS         0.000         0.000
 PC1BW          0.000         0.000
 PC2BW          0.000         0.000
 PC3BW          0.000         0.000
 PC4BW          1.000         0.000
 PC5BW          0.000         1.000


           THETA
              CANFLFBW      COGPGSBW      CVLALF        DEMAGE        DEMMAL
              ________      ________      ________      ________      ________
 CANFLFBW       0.000
 COGPGSBW       0.000         0.000
 CVLALF         0.000         0.000         0.000
 DEMAGE         0.000         0.000         0.000         0.000
 DEMMAL         0.000         0.000         0.000         0.000         0.000
 CANFLF         0.000         0.000         0.000         0.000         0.000
 COGPGS         0.000         0.000         0.000         0.000         0.000
 PC1BW          0.000         0.000         0.000         0.000         0.000
 PC2BW          0.000         0.000         0.000         0.000         0.000
 PC3BW          0.000         0.000         0.000         0.000         0.000
 PC4BW          0.000         0.000         0.000         0.000         0.000
 PC5BW          0.000         0.000         0.000         0.000         0.000


           THETA
              CANFLF        COGPGS        PC1BW         PC2BW         PC3BW
              ________      ________      ________      ________      ________
 CANFLF         0.000
 COGPGS         0.000         0.000
 PC1BW          0.000         0.000         0.000
 PC2BW          0.000         0.000         0.000         0.000
 PC3BW          0.000         0.000         0.000         0.000         0.000
 PC4BW          0.000         0.000         0.000         0.000         0.000
 PC5BW          0.000         0.000         0.000         0.000         0.000


           THETA
              PC4BW         PC5BW
              ________      ________
 PC4BW          0.000
 PC5BW          0.000         0.000


           ALPHA
              CANFLFBW      COGPGSBW      CVLALF        DEMAGE        DEMMAL
              ________      ________      ________      ________      ________
 1              0.000         0.000         0.000         0.000         0.000


           ALPHA
              CANFLF        COGPGS        PC1BW         PC2BW         PC3BW
              ________      ________      ________      ________      ________
 1              0.000         0.000         0.000         0.000         0.000


           ALPHA
              PC4BW         PC5BW
              ________      ________
 1              0.000         0.000


           BETA
              CANFLFBW      COGPGSBW      CVLALF        DEMAGE        DEMMAL
              ________      ________      ________      ________      ________
 CANFLFBW       0.000         0.000         0.000         0.000         0.000
 COGPGSBW       0.000         0.000         0.000         0.000         0.000
 CVLALF         0.000         0.000         0.000         0.000         0.000
 DEMAGE         0.000         0.000         0.000         0.000         0.000
 DEMMAL         0.000         0.000         0.000         0.000         0.000
 CANFLF         0.000         0.000         0.000         0.000         0.000
 COGPGS         0.000         0.000         0.000         0.000         0.000
 PC1BW          0.000         0.000         0.000         0.000         0.000
 PC2BW          0.000         0.000         0.000         0.000         0.000
 PC3BW          0.000         0.000         0.000         0.000         0.000
 PC4BW          0.000         0.000         0.000         0.000         0.000
 PC5BW          0.000         0.000         0.000         0.000         0.000


           BETA
              CANFLF        COGPGS        PC1BW         PC2BW         PC3BW
              ________      ________      ________      ________      ________
 CANFLFBW       0.000         0.000         0.000         0.000         0.000
 COGPGSBW       0.000         0.000         0.000         0.000         0.000
 CVLALF         0.000         0.000         0.000         0.000         0.000
 DEMAGE         0.000         0.000         0.000         0.000         0.000
 DEMMAL         0.000         0.000         0.000         0.000         0.000
 CANFLF         0.000         0.000         0.000         0.000         0.000
 COGPGS         0.000         0.000         0.000         0.000         0.000
 PC1BW          0.000         0.000         0.000         0.000         0.000
 PC2BW          0.000         0.000         0.000         0.000         0.000
 PC3BW          0.000         0.000         0.000         0.000         0.000
 PC4BW          0.000         0.000         0.000         0.000         0.000
 PC5BW          0.000         0.000         0.000         0.000         0.000


           BETA
              PC4BW         PC5BW
              ________      ________
 CANFLFBW       0.000         0.000
 COGPGSBW       0.000         0.000
 CVLALF         0.000         0.000
 DEMAGE         0.000         0.000
 DEMMAL         0.000         0.000
 CANFLF         0.000         0.000
 COGPGS         0.000         0.000
 PC1BW          0.000         0.000
 PC2BW          0.000         0.000
 PC3BW          0.000         0.000
 PC4BW          0.000         0.000
 PC5BW          0.000         0.000


           PSI
              CANFLFBW      COGPGSBW      CVLALF        DEMAGE        DEMMAL
              ________      ________      ________      ________      ________
 CANFLFBW       0.000
 COGPGSBW       0.000         0.000
 CVLALF         0.000         0.000         0.602
 DEMAGE         0.000         0.000         0.000         3.942
 DEMMAL         0.000         0.000         0.000         0.000         0.124
 CANFLF         0.000         0.000         0.000         0.000         0.000
 COGPGS         0.000         0.000         0.000         0.000         0.000
 PC1BW          0.000         0.000         0.000         0.000         0.000
 PC2BW          0.000         0.000         0.000         0.000         0.000
 PC3BW          0.000         0.000         0.000         0.000         0.000
 PC4BW          0.000         0.000         0.000         0.000         0.000
 PC5BW          0.000         0.000         0.000         0.000         0.000


           PSI
              CANFLF        COGPGS        PC1BW         PC2BW         PC3BW
              ________      ________      ________      ________      ________
 CANFLF        99.224
 COGPGS         0.000         0.009
 PC1BW          0.000         0.000         0.000
 PC2BW          0.000         0.000         0.000         0.000
 PC3BW          0.000         0.000         0.000         0.000         0.000
 PC4BW          0.000         0.000         0.000         0.000         0.000
 PC5BW          0.000         0.000         0.000         0.000         0.000


           PSI
              PC4BW         PC5BW
              ________      ________
 PC4BW          0.000
 PC5BW          0.000         0.000


     STARTING VALUES FOR BETWEEN


           NU
              CANFLFBW      COGPGSBW      CVLALF        DEMAGE        DEMMAL
              ________      ________      ________      ________      ________
 1              0.000         0.000         0.000         0.000         0.000


           NU
              CANFLF        COGPGS        PC1BW         PC2BW         PC3BW
              ________      ________      ________      ________      ________
 1              0.000         0.000         0.000         0.000         0.000


           NU
              PC4BW         PC5BW
              ________      ________
 1              0.000         0.000


           LAMBDA
              CANFLFBW      COGPGSBW      CVLALF        DEMAGE        DEMMAL
              ________      ________      ________      ________      ________
 CANFLFBW       1.000         0.000         0.000         0.000         0.000
 COGPGSBW       0.000         1.000         0.000         0.000         0.000
 CVLALF         0.000         0.000         1.000         0.000         0.000
 DEMAGE         0.000         0.000         0.000         1.000         0.000
 DEMMAL         0.000         0.000         0.000         0.000         1.000
 CANFLF         0.000         0.000         0.000         0.000         0.000
 COGPGS         0.000         0.000         0.000         0.000         0.000
 PC1BW          0.000         0.000         0.000         0.000         0.000
 PC2BW          0.000         0.000         0.000         0.000         0.000
 PC3BW          0.000         0.000         0.000         0.000         0.000
 PC4BW          0.000         0.000         0.000         0.000         0.000
 PC5BW          0.000         0.000         0.000         0.000         0.000


           LAMBDA
              CANFLF        COGPGS        PC1BW         PC2BW         PC3BW
              ________      ________      ________      ________      ________
 CANFLFBW       0.000         0.000         0.000         0.000         0.000
 COGPGSBW       0.000         0.000         0.000         0.000         0.000
 CVLALF         0.000         0.000         0.000         0.000         0.000
 DEMAGE         0.000         0.000         0.000         0.000         0.000
 DEMMAL         0.000         0.000         0.000         0.000         0.000
 CANFLF         1.000         0.000         0.000         0.000         0.000
 COGPGS         0.000         1.000         0.000         0.000         0.000
 PC1BW          0.000         0.000         1.000         0.000         0.000
 PC2BW          0.000         0.000         0.000         1.000         0.000
 PC3BW          0.000         0.000         0.000         0.000         1.000
 PC4BW          0.000         0.000         0.000         0.000         0.000
 PC5BW          0.000         0.000         0.000         0.000         0.000


           LAMBDA
              PC4BW         PC5BW
              ________      ________
 CANFLFBW       0.000         0.000
 COGPGSBW       0.000         0.000
 CVLALF         0.000         0.000
 DEMAGE         0.000         0.000
 DEMMAL         0.000         0.000
 CANFLF         0.000         0.000
 COGPGS         0.000         0.000
 PC1BW          0.000         0.000
 PC2BW          0.000         0.000
 PC3BW          0.000         0.000
 PC4BW          1.000         0.000
 PC5BW          0.000         1.000


           THETA
              CANFLFBW      COGPGSBW      CVLALF        DEMAGE        DEMMAL
              ________      ________      ________      ________      ________
 CANFLFBW       0.000
 COGPGSBW       0.000         0.000
 CVLALF         0.000         0.000         0.000
 DEMAGE         0.000         0.000         0.000         0.000
 DEMMAL         0.000         0.000         0.000         0.000         0.000
 CANFLF         0.000         0.000         0.000         0.000         0.000
 COGPGS         0.000         0.000         0.000         0.000         0.000
 PC1BW          0.000         0.000         0.000         0.000         0.000
 PC2BW          0.000         0.000         0.000         0.000         0.000
 PC3BW          0.000         0.000         0.000         0.000         0.000
 PC4BW          0.000         0.000         0.000         0.000         0.000
 PC5BW          0.000         0.000         0.000         0.000         0.000


           THETA
              CANFLF        COGPGS        PC1BW         PC2BW         PC3BW
              ________      ________      ________      ________      ________
 CANFLF         0.000
 COGPGS         0.000         0.000
 PC1BW          0.000         0.000         0.000
 PC2BW          0.000         0.000         0.000         0.000
 PC3BW          0.000         0.000         0.000         0.000         0.000
 PC4BW          0.000         0.000         0.000         0.000         0.000
 PC5BW          0.000         0.000         0.000         0.000         0.000


           THETA
              PC4BW         PC5BW
              ________      ________
 PC4BW          0.000
 PC5BW          0.000         0.000


           ALPHA
              CANFLFBW      COGPGSBW      CVLALF        DEMAGE        DEMMAL
              ________      ________      ________      ________      ________
 1              0.000         0.000        -0.480         0.000         0.000


           ALPHA
              CANFLF        COGPGS        PC1BW         PC2BW         PC3BW
              ________      ________      ________      ________      ________
 1              0.000         0.000         0.000         0.000         0.000


           ALPHA
              PC4BW         PC5BW
              ________      ________
 1              0.000         0.000


           BETA
              CANFLFBW      COGPGSBW      CVLALF        DEMAGE        DEMMAL
              ________      ________      ________      ________      ________
 CANFLFBW       0.000         0.000         0.000         0.000         0.000
 COGPGSBW       0.000         0.000         0.000         0.000         0.000
 CVLALF         0.000         0.000         0.000         0.000         0.000
 DEMAGE         0.000         0.000         0.000         0.000         0.000
 DEMMAL         0.000         0.000         0.000         0.000         0.000
 CANFLF         0.000         0.000         0.000         0.000         0.000
 COGPGS         0.000         0.000         0.000         0.000         0.000
 PC1BW          0.000         0.000         0.000         0.000         0.000
 PC2BW          0.000         0.000         0.000         0.000         0.000
 PC3BW          0.000         0.000         0.000         0.000         0.000
 PC4BW          0.000         0.000         0.000         0.000         0.000
 PC5BW          0.000         0.000         0.000         0.000         0.000


           BETA
              CANFLF        COGPGS        PC1BW         PC2BW         PC3BW
              ________      ________      ________      ________      ________
 CANFLFBW       0.000         0.000         0.000         0.000         0.000
 COGPGSBW       0.000         0.000         0.000         0.000         0.000
 CVLALF         0.000         0.000         0.000         0.000         0.000
 DEMAGE         0.000         0.000         0.000         0.000         0.000
 DEMMAL         0.000         0.000         0.000         0.000         0.000
 CANFLF         0.000         0.000         0.000         0.000         0.000
 COGPGS         0.000         0.000         0.000         0.000         0.000
 PC1BW          0.000         0.000         0.000         0.000         0.000
 PC2BW          0.000         0.000         0.000         0.000         0.000
 PC3BW          0.000         0.000         0.000         0.000         0.000
 PC4BW          0.000         0.000         0.000         0.000         0.000
 PC5BW          0.000         0.000         0.000         0.000         0.000


           BETA
              PC4BW         PC5BW
              ________      ________
 CANFLFBW       0.000         0.000
 COGPGSBW       0.000         0.000
 CVLALF         0.000         0.000
 DEMAGE         0.000         0.000
 DEMMAL         0.000         0.000
 CANFLF         0.000         0.000
 COGPGS         0.000         0.000
 PC1BW          0.000         0.000
 PC2BW          0.000         0.000
 PC3BW          0.000         0.000
 PC4BW          0.000         0.000
 PC5BW          0.000         0.000


           PSI
              CANFLFBW      COGPGSBW      CVLALF        DEMAGE        DEMMAL
              ________      ________      ________      ________      ________
 CANFLFBW     132.343
 COGPGSBW       0.000         0.055
 CVLALF         0.000         0.000         0.602
 DEMAGE         0.000         0.000         0.000         0.000
 DEMMAL         0.000         0.000         0.000         0.000         0.000
 CANFLF         0.000         0.000         0.000         0.000         0.000
 COGPGS         0.000         0.000         0.000         0.000         0.000
 PC1BW          0.000         0.000         0.000         0.000         0.000
 PC2BW          0.000         0.000         0.000         0.000         0.000
 PC3BW          0.000         0.000         0.000         0.000         0.000
 PC4BW          0.000         0.000         0.000         0.000         0.000
 PC5BW          0.000         0.000         0.000         0.000         0.000


           PSI
              CANFLF        COGPGS        PC1BW         PC2BW         PC3BW
              ________      ________      ________      ________      ________
 CANFLF         0.000
 COGPGS         0.000         0.000
 PC1BW          0.000         0.000         0.001
 PC2BW          0.000         0.000         0.000         0.001
 PC3BW          0.000         0.000         0.000         0.000         0.000
 PC4BW          0.000         0.000         0.000         0.000         0.000
 PC5BW          0.000         0.000         0.000         0.000         0.000


           PSI
              PC4BW         PC5BW
              ________      ________
 PC4BW          0.001
 PC5BW          0.000         0.001


SAMPLE STATISTICS FOR ESTIMATED FACTOR SCORES


     SAMPLE STATISTICS


           Means
              B_CVLALF
              ________
 1             -0.492


           Covariances
              B_CVLALF
              ________
 B_CVLALF       0.065


           Correlations
              B_CVLALF
              ________
 B_CVLALF       1.000


PLOT INFORMATION

The following plots are available:

  Histograms (sample values)
  Scatterplots (sample values)

     Beginning Time:  12:55:13
        Ending Time:  12:55:14
       Elapsed Time:  00:00:01



MUTHEN & MUTHEN
3463 Stoner Ave.
Los Angeles, CA  90066

Tel: (310) 391-9971
Fax: (310) 391-8971
Web: www.StatModel.com
Support: Support@StatModel.com

Copyright (c) 1998-2015 Muthen & Muthen
