Mplus VERSION 7.4 (Mac)
MUTHEN & MUTHEN
07/30/2019  12:57 PM

INPUT INSTRUCTIONS


  TITLE: CANONS_WSISUM_1;

  DATA:
  	FILE = GD190618.csv;

  VARIABLE:
  	NAMES =
  			ID_Fam   Wave     ID_MPL
  			DEMMAL   DEMAGE   DEMHSP   DEMRAC
  			SRPWCR
  			WASVCB   WASBLK   WASDGT   WSISUM
  			TRLATS   TRLBTS
  			CVLASF   CVLASC   CVLALF   CVLALC
  			WASCOM   COGCOM   CVLCOM
  			CANEVR   CANONS   CANFLF
  			CANFTY   CANF6M   CANAC6
  			CANYRS
  			ALCEVR   ALCONS   ALCFLF
  			ALCFTY   ALCF6M   ALCAC6
  			ALCYRS
  			SRPWCRDt WASVCBDt WASBLKDt
  			WASDGTDt WSISUMDt TRLATSDt
  			TRLBTSDt CVLASFDt CVLASCDt
  			CVLALFDt CVLALCDt WASCOMDt
  			COGCOMDt CVLCOMDt
  			COGPGS
  			PC1 PC2 PC3 PC4 PC5 PC6
  		;
  	USEVARIABLES =
  		! outcome
  	  		WSISUM
    		! covariates
  	  		DEMAGE
    			DEMMAL  	
    		! within predictor
    			CANONS
    			COGPGS
    		! between predictor
    			CANONSBW
    			COGPGSBW
    			PC1BW
    			PC2BW
    			PC3BW
    			PC4BW
    			PC5BW			
    		;
    	USEOBSERVATION =
    			(Wave EQ 1 AND WSISUMDt EQ 1)
    		;
    	CLUSTER =
    			ID_Fam
    		;
    	MISSING = .;
    	BETWEEN =   		
    			CANONSBW
    			COGPGSBW
    			PC1BW
    			PC2BW
    			PC3BW
    			PC4BW
    			PC5BW  			
    		;
    	WITHIN  		
    			CANONS
    			COGPGS
    			DEMAGE
    			DEMMAL
    		;  		

  DEFINE:
  	! CREATE BW FAM PREDICTOR
  		CANONSBW = cluster_mean (CANONS);	
  		COGPGSBW = cluster_mean (COGPGS);
  		PC1BW = cluster_mean (PC1);
  		PC2BW = cluster_mean (PC2);
  		PC3BW = cluster_mean (PC3);
  		PC4BW = cluster_mean (PC4);
  		PC5BW = cluster_mean (PC5);
  	! CENTER WI FAM VARIABLES
  		CENTER CANONS (GROUPMEAN);
  		CENTER COGPGS (GROUPMEAN);
  		CENTER DEMMAL (GRANDMEAN);
  		CENTER DEMAGE (GRANDMEAN);
  	! CENTER BW FAM VARIABLES
  		CENTER CANONSBW (GRANDMEAN);
  		CENTER COGPGSBW (GRANDMEAN);
  		CENTER PC1BW (GRANDMEAN);
  		CENTER PC2BW (GRANDMEAN);
  		CENTER PC3BW (GRANDMEAN);
  		CENTER PC4BW (GRANDMEAN);
  		CENTER PC5BW (GRANDMEAN);

  ANALYSIS:
          ITERATIONS = 1000000;
          TYPE = TWOLEVEL RANDOM;
          ALGORITHM = INTEGRATION;

  OUTPUT:
  	SAMPSTAT STDYX TECH1 CINT;

  MODEL:
  %WITHIN%
  	WSISUM on CANONS;
  	WSISUM on  DEMMAL DEMAGE COGPGS;
  	COGPGS*;
  	WSISUM*;
  	CANONS WITH DEMMAL*;
  	CANONS WITH DEMAGE*;
  	CANONS WITH COGPGS*;

  %BETWEEN%
  	WSISUM on CANONSBW COGPGSBW
  				    PC1BW PC2BW PC3BW PC4BW PC5BW;
  	COGPGSBW*;
  	WSISUM*;
  	CANONSBW WITH COGPGSBW*;
  	
  PLOT:
  	TYPE = plot3;



*** WARNING
  Data set contains cases with missing on x-variables.
  These cases were not included in the analysis.
  Number of cases with missing on x-variables:  160
   1 WARNING(S) FOUND IN THE INPUT INSTRUCTIONS



CANONS_WSISUM_1;

SUMMARY OF ANALYSIS

Number of groups                                                 1
Number of observations                                         965

Number of dependent variables                                    1
Number of independent variables                                 11
Number of continuous latent variables                            0

Observed dependent variables

  Continuous
   WSISUM

Observed independent variables
   DEMAGE      DEMMAL      CANONS      COGPGS      CANONSBW    COGPGSBW
   PC1BW       PC2BW       PC3BW       PC4BW       PC5BW

Variables with special functions

  Cluster variable      ID_FAM

  Within variables
   DEMAGE      DEMMAL      CANONS      COGPGS

  Between variables
   CANONSBW    COGPGSBW    PC1BW       PC2BW       PC3BW       PC4BW
   PC5BW

  Centering (GRANDMEAN)
   DEMMAL      DEMAGE      CANONSBW    COGPGSBW
   PC1BW       PC2BW       PC3BW       PC4BW       PC5BW

  Centering (GROUPMEAN)
   CANONS      COGPGS


Estimator                                                      MLR
Information matrix                                        OBSERVED
Optimization Specifications for the Quasi-Newton Algorithm for
Continuous Outcomes
  Maximum number of iterations                             1000000
  Convergence criterion                                  0.100D-05
Optimization Specifications for the EM Algorithm
  Maximum number of iterations                                 500
  Convergence criteria
    Loglikelihood change                                 0.100D-02
    Relative loglikelihood change                        0.100D-05
    Derivative                                           0.100D-02
Optimization Specifications for the M step of the EM Algorithm for
Categorical Latent variables
  Number of M step iterations                                    1
  M step convergence criterion                           0.100D-02
  Basis for M step termination                           ITERATION
Optimization Specifications for the M step of the EM Algorithm for
Censored, Binary or Ordered Categorical (Ordinal), Unordered
Categorical (Nominal) and Count Outcomes
  Number of M step iterations                                    1
  M step convergence criterion                           0.100D-02
  Basis for M step termination                           ITERATION
  Maximum value for logit thresholds                            15
  Minimum value for logit thresholds                           -15
  Minimum expected cell size for chi-square              0.100D-01
Maximum number of iterations for H1                           2000
Convergence criterion for H1                             0.100D-03
Optimization algorithm                                         EMA
Integration Specifications
  Type                                                    STANDARD
  Number of integration points                                  15
  Dimensions of numerical integration                            0
  Adaptive quadrature                                           ON
Cholesky                                                       OFF

Input data file(s)
  GD190618.csv
Input data format  FREE


SUMMARY OF DATA

     Number of missing data patterns             7
     Number of clusters                        490



COVARIANCE COVERAGE OF DATA

Minimum covariance coverage value   0.100


     PROPORTION OF DATA PRESENT FOR Y


           Covariance Coverage
              CANONSBW      COGPGSBW      WSISUM        DEMAGE        DEMMAL
              ________      ________      ________      ________      ________
 CANONSBW       0.958
 COGPGSBW       0.958         1.000
 WSISUM         0.958         1.000         1.000
 DEMAGE         0.956         0.999         0.999         0.999
 DEMMAL         0.958         1.000         1.000         0.999         1.000
 CANONS         0.790         0.790         0.790         0.789         0.790
 COGPGS         0.668         0.697         0.697         0.697         0.697
 PC1BW          0.958         1.000         1.000         0.999         1.000
 PC2BW          0.958         1.000         1.000         0.999         1.000
 PC3BW          0.958         1.000         1.000         0.999         1.000
 PC4BW          0.958         1.000         1.000         0.999         1.000
 PC5BW          0.958         1.000         1.000         0.999         1.000


           Covariance Coverage
              CANONS        COGPGS        PC1BW         PC2BW         PC3BW
              ________      ________      ________      ________      ________
 CANONS         0.790
 COGPGS         0.594         0.697
 PC1BW          0.790         0.697         1.000
 PC2BW          0.790         0.697         1.000         1.000
 PC3BW          0.790         0.697         1.000         1.000         1.000
 PC4BW          0.790         0.697         1.000         1.000         1.000
 PC5BW          0.790         0.697         1.000         1.000         1.000


           Covariance Coverage
              PC4BW         PC5BW
              ________      ________
 PC4BW          1.000
 PC5BW          1.000         1.000


SAMPLE STATISTICS


     ESTIMATED SAMPLE STATISTICS


           Means
              CANONSBW      COGPGSBW      WSISUM        DEMAGE        DEMMAL
              ________      ________      ________      ________      ________
 1             -0.014         0.000        93.718        -0.001         0.000


           Means
              CANONS        COGPGS        PC1BW         PC2BW         PC3BW
              ________      ________      ________      ________      ________
 1              0.087        -0.002         0.000         0.000         0.000


           Means
              PC4BW         PC5BW
              ________      ________
 1              0.000         0.000


           Covariances
              CANONSBW      COGPGSBW      WSISUM        DEMAGE        DEMMAL
              ________      ________      ________      ________      ________
 CANONSBW       2.555
 COGPGSBW       0.050         0.113
 WSISUM         2.070         0.940       232.219
 DEMAGE         0.905         0.049        -1.212         6.398
 DEMMAL        -0.033         0.003         0.849        -0.181         0.234
 CANONS        -0.087        -0.001        -0.233         1.551        -0.119
 COGPGS        -0.001         0.000         0.087        -0.021         0.003
 PC1BW          0.003        -0.003        -0.172         0.001        -0.001
 PC2BW         -0.003         0.000        -0.164         0.005        -0.001
 PC3BW         -0.004         0.000        -0.011        -0.001         0.000
 PC4BW          0.005         0.001         0.019         0.004         0.001
 PC5BW          0.006        -0.001        -0.009         0.000         0.000


           Covariances
              CANONS        COGPGS        PC1BW         PC2BW         PC3BW
              ________      ________      ________      ________      ________
 CANONS         1.861
 COGPGS        -0.012         0.018
 PC1BW          0.000         0.000         0.001
 PC2BW          0.001         0.000         0.000         0.001
 PC3BW          0.001         0.000         0.000         0.000         0.001
 PC4BW         -0.001         0.000         0.000         0.000         0.000
 PC5BW         -0.003         0.000         0.000         0.000         0.000


           Covariances
              PC4BW         PC5BW
              ________      ________
 PC4BW          0.001
 PC5BW          0.000         0.001


           Correlations
              CANONSBW      COGPGSBW      WSISUM        DEMAGE        DEMMAL
              ________      ________      ________      ________      ________
 CANONSBW       1.000
 COGPGSBW       0.092         1.000
 WSISUM         0.085         0.183         1.000
 DEMAGE         0.224         0.058        -0.031         1.000
 DEMMAL        -0.043         0.019         0.115        -0.148         1.000
 CANONS        -0.040        -0.002        -0.011         0.450        -0.181
 COGPGS        -0.003        -0.004         0.042        -0.060         0.050
 PC1BW          0.055        -0.258        -0.300         0.015        -0.048
 PC2BW         -0.056        -0.028        -0.290         0.058        -0.061
 PC3BW         -0.080        -0.005        -0.026        -0.012         0.017
 PC4BW          0.087         0.092         0.038         0.044         0.045
 PC5BW          0.116        -0.051        -0.019         0.001         0.022


           Correlations
              CANONS        COGPGS        PC1BW         PC2BW         PC3BW
              ________      ________      ________      ________      ________
 CANONS         1.000
 COGPGS        -0.066         1.000
 PC1BW          0.001        -0.001         1.000
 PC2BW          0.022         0.000        -0.024         1.000
 PC3BW          0.026         0.001         0.019         0.031         1.000
 PC4BW         -0.012         0.000        -0.010         0.004        -0.139
 PC5BW         -0.069         0.000         0.031        -0.005         0.012


           Correlations
              PC4BW         PC5BW
              ________      ________
 PC4BW          1.000
 PC5BW         -0.014         1.000


     MAXIMUM LOG-LIKELIHOOD VALUE FOR THE UNRESTRICTED (H1) MODEL IS -50.144


UNIVARIATE SAMPLE STATISTICS


     UNIVARIATE HIGHER-ORDER MOMENT DESCRIPTIVE STATISTICS

         Variable/         Mean/     Skewness/   Minimum/ % with                Percentiles
        Sample Size      Variance    Kurtosis    Maximum  Min/Max      20%/60%    40%/80%    Median

     CANONSBW             -0.110      -0.374      -4.688    2.56%      -1.688     -0.688     -0.188
             468.000       2.724       0.379       4.312    0.21%       0.312      1.312
     COGPGSBW             -0.003       0.237      -1.031    0.20%      -0.294     -0.092     -0.016
             490.000       0.119       0.592       1.225    0.20%       0.052      0.280
     WSISUM               93.718      -0.183      49.000    0.10%      81.000     91.000     94.000
             965.000     232.219      -0.226     135.000    0.10%      98.000    107.000
     DEMAGE                0.000       1.437      -4.026    0.10%      -1.976     -1.076     -0.551
             964.000       6.399       2.956      15.944    0.10%      -0.026      1.574
     DEMMAL                0.000      -0.516      -0.625   37.51%      -0.625      0.375      0.375
             965.000       0.234      -1.734       0.375   62.49%       0.375      0.375
     CANONS                0.000       0.072      -6.500    0.13%      -1.000      0.000      0.000
             762.000       1.783       2.896       6.500    0.13%       0.000      1.000
     COGPGS                0.000      -0.006      -0.505    0.15%      -0.046      0.000      0.000
             673.000       0.018       2.763       0.604    0.15%       0.000      0.048
     PC1BW                 0.000       2.449      -0.021    0.20%      -0.019     -0.016     -0.013
             490.000       0.001       4.597       0.135    0.20%      -0.009     -0.004
     PC2BW                -0.001       0.930      -0.038    0.20%      -0.032     -0.026     -0.017
             490.000       0.001      -0.197       0.130    0.20%      -0.003      0.035
     PC3BW                 0.000      13.417      -0.118    0.20%      -0.005     -0.002      0.000
             490.000       0.001     267.178       0.454    0.20%       0.001      0.005
     PC4BW                -0.001       5.694      -0.094    0.20%      -0.009     -0.006     -0.005
             490.000       0.001      39.868       0.284    0.20%      -0.003     -0.001
     PC5BW                 0.001     -17.522      -0.544    0.20%      -0.002      0.000      0.001
             490.000       0.001     361.273       0.110    0.20%       0.001      0.004

     THE STANDARD ERRORS OF THE MODEL PARAMETER ESTIMATES MAY NOT BE
     TRUSTWORTHY FOR SOME PARAMETERS DUE TO A NON-POSITIVE DEFINITE
     FIRST-ORDER DERIVATIVE PRODUCT MATRIX.  THIS MAY BE DUE TO THE STARTING
     VALUES BUT MAY ALSO BE AN INDICATION OF MODEL NONIDENTIFICATION.  THE
     CONDITION NUMBER IS       0.715D-16.  PROBLEM INVOLVING THE FOLLOWING PARAMETER:
     Parameter 14, %WITHIN%: CANONS


THE MODEL ESTIMATION TERMINATED NORMALLY



MODEL FIT INFORMATION

Number of Free Parameters                       30

Loglikelihood

          H0 Value                       -8680.532
          H0 Scaling Correction Factor      1.1744
            for MLR

Information Criteria

          Akaike (AIC)                   17421.064
          Bayesian (BIC)                 17567.227
          Sample-Size Adjusted BIC       17471.948
            (n* = (n + 2) / 24)



MODEL RESULTS

                                                    Two-Tailed
                    Estimate       S.E.  Est./S.E.    P-Value

Within Level

 WSISUM     ON
    CANONS             0.340      0.323      1.051      0.293
    DEMMAL             2.275      0.909      2.504      0.012
    DEMAGE            -0.137      0.200     -0.686      0.493
    COGPGS             4.280      2.884      1.484      0.138

 CANONS   WITH
    DEMMAL            -0.071      0.021     -3.387      0.001
    DEMAGE             1.453      0.193      7.544      0.000
    COGPGS            -0.007      0.011     -0.605      0.545

 Means
    DEMAGE            -0.001      0.083     -0.008      0.994
    DEMMAL             0.000      0.017      0.000      1.000
    CANONS             0.070      0.014      4.866      0.000
    COGPGS             0.000      0.001     -0.595      0.552

 Variances
    DEMAGE             6.398      0.459     13.944      0.000
    DEMMAL             0.234      0.004     56.688      0.000
    CANONS             1.800      0.194      9.293      0.000
    COGPGS             0.018      0.002      8.980      0.000

 Residual Variances
    WSISUM           114.743      7.725     14.854      0.000

Between Level

 WSISUM     ON
    CANONSBW           0.864      0.345      2.504      0.012
    COGPGSBW           4.457      1.665      2.677      0.007
    PC1BW           -114.099     14.364     -7.943      0.000
    PC2BW           -116.942     13.929     -8.396      0.000
    PC3BW             -0.753      8.275     -0.091      0.927
    PC4BW              8.753     14.006      0.625      0.532
    PC5BW             -3.296      8.269     -0.399      0.690

 CANONSBW WITH
    COGPGSBW           0.055      0.028      1.954      0.051

 Means
    CANONSBW          -0.110      0.076     -1.440      0.150
    COGPGSBW          -0.003      0.016     -0.206      0.837

 Intercepts
    WSISUM            93.720      0.521    179.996      0.000

 Variances
    CANONSBW           2.724      0.194     14.027      0.000
    COGPGSBW           0.119      0.009     13.750      0.000

 Residual Variances
    WSISUM            70.241      8.464      8.298      0.000


STANDARDIZED MODEL RESULTS


STDYX Standardization

                                                    Two-Tailed
                    Estimate       S.E.  Est./S.E.    P-Value

Within Level

 WSISUM     ON
    CANONS             0.042      0.040      1.047      0.295
    DEMMAL             0.102      0.041      2.518      0.012
    DEMAGE            -0.032      0.047     -0.682      0.495
    COGPGS             0.054      0.036      1.481      0.139

 CANONS   WITH
    DEMMAL            -0.110      0.031     -3.499      0.000
    DEMAGE             0.428      0.032     13.452      0.000
    COGPGS            -0.038      0.062     -0.609      0.543

 Means
    DEMAGE             0.000      0.033     -0.008      0.994
    DEMMAL             0.000      0.034      0.000      1.000
    CANONS             0.052      0.010      5.133      0.000
    COGPGS            -0.003      0.005     -0.595      0.552

 Variances
    DEMAGE             1.000      0.000    999.000    999.000
    DEMMAL             1.000      0.000    999.000    999.000
    CANONS             1.000      0.000    999.000    999.000
    COGPGS             1.000      0.000    999.000    999.000

 Residual Variances
    WSISUM             0.986      0.009    108.423      0.000

Between Level

 WSISUM     ON
    CANONSBW           0.136      0.054      2.517      0.012
    COGPGSBW           0.146      0.055      2.638      0.008
    PC1BW             -0.413      0.049     -8.355      0.000
    PC2BW             -0.396      0.045     -8.850      0.000
    PC3BW             -0.002      0.019     -0.091      0.927
    PC4BW              0.024      0.039      0.626      0.531
    PC5BW             -0.008      0.021     -0.400      0.689

 CANONSBW WITH
    COGPGSBW           0.096      0.049      1.962      0.050

 Means
    CANONSBW          -0.067      0.046     -1.457      0.145
    COGPGSBW          -0.009      0.045     -0.206      0.837

 Intercepts
    WSISUM             8.906      0.449     19.832      0.000

 Variances
    CANONSBW           1.000      0.000    999.000    999.000
    COGPGSBW           1.000      0.000    999.000    999.000

 Residual Variances
    WSISUM             0.634      0.047     13.628      0.000


R-SQUARE

Within Level

    Observed                                        Two-Tailed
    Variable        Estimate       S.E.  Est./S.E.    P-Value

    WSISUM             0.014      0.009      1.521      0.128

Between Level

    Observed                                        Two-Tailed
    Variable        Estimate       S.E.  Est./S.E.    P-Value

    WSISUM             0.366      0.047      7.859      0.000


QUALITY OF NUMERICAL RESULTS

     Condition Number for the Information Matrix              0.715E-16
       (ratio of smallest to largest eigenvalue)


CONFIDENCE INTERVALS OF MODEL RESULTS

                  Lower .5%  Lower 2.5%    Lower 5%    Estimate    Upper 5%  Upper 2.5%   Upper .5%

Within Level

 WSISUM   ON
    CANONS          -0.493      -0.294      -0.192       0.340       0.871       0.973       1.172
    DEMMAL          -0.066       0.494       0.780       2.275       3.769       4.056       4.615
    DEMAGE          -0.652      -0.529      -0.466      -0.137       0.192       0.255       0.378
    COGPGS          -3.149      -1.373      -0.464       4.280       9.024       9.933      11.709

 CANONS   WITH
    DEMMAL          -0.125      -0.112      -0.106      -0.071      -0.037      -0.030      -0.017
    DEMAGE           0.957       1.076       1.136       1.453       1.770       1.831       1.949
    COGPGS          -0.036      -0.029      -0.025      -0.007       0.012       0.015       0.022

 Means
    DEMAGE          -0.214      -0.163      -0.137      -0.001       0.136       0.162       0.213
    DEMMAL          -0.043      -0.032      -0.027       0.000       0.027       0.032       0.043
    CANONS           0.033       0.042       0.047       0.070       0.094       0.099       0.108
    COGPGS          -0.002      -0.002      -0.002       0.000       0.001       0.001       0.001

 Variances
    DEMAGE           5.216       5.499       5.643       6.398       7.153       7.297       7.580
    DEMMAL           0.224       0.226       0.228       0.234       0.241       0.243       0.245
    CANONS           1.301       1.420       1.481       1.800       2.119       2.180       2.299
    COGPGS           0.013       0.014       0.015       0.018       0.022       0.022       0.023

 Residual Variances
    WSISUM          94.845      99.602     102.036     114.743     127.450     129.884     134.640

Between Level

 WSISUM   ON
    CANONSBW        -0.025       0.188       0.296       0.864       1.432       1.541       1.753
    COGPGSBW         0.169       1.194       1.719       4.457       7.196       7.720       8.745
    PC1BW         -151.099    -142.254    -137.729    -114.099     -90.470     -85.945     -77.099
    PC2BW         -152.819    -144.242    -139.854    -116.942     -94.029     -89.641     -81.064
    PC3BW          -22.068     -16.972     -14.366      -0.753      12.859      15.465      20.561
    PC4BW          -27.323     -18.699     -14.287       8.753      31.792      36.204      44.829
    PC5BW          -24.594     -19.502     -16.897      -3.296      10.306      12.911      18.003

 CANONSBW WITH
    COGPGSBW        -0.017       0.000       0.009       0.055       0.101       0.109       0.127

 Means
    CANONSBW        -0.306      -0.259      -0.235      -0.110       0.016       0.040       0.087
    COGPGSBW        -0.043      -0.034      -0.029      -0.003       0.022       0.027       0.037

 Intercepts
    WSISUM          92.378      92.699      92.863      93.720      94.576      94.740      95.061

 Variances
    CANONSBW         2.224       2.344       2.405       2.724       3.044       3.105       3.225
    COGPGSBW         0.097       0.102       0.105       0.119       0.134       0.136       0.142

 Residual Variances
    WSISUM          48.438      53.650      56.317      70.241      84.165      86.831      92.043


CONFIDENCE INTERVALS OF STANDARDIZED MODEL RESULTS


STDYX Standardization

                  Lower .5%  Lower 2.5%    Lower 5%    Estimate    Upper 5%  Upper 2.5%   Upper .5%

Within Level

 WSISUM   ON
    CANONS          -0.062      -0.037      -0.024       0.042       0.109       0.121       0.146
    DEMMAL          -0.002       0.023       0.035       0.102       0.169       0.182       0.207
    DEMAGE          -0.154      -0.124      -0.110      -0.032       0.045       0.060       0.089
    COGPGS          -0.040      -0.017      -0.006       0.054       0.113       0.125       0.147

 CANONS   WITH
    DEMMAL          -0.190      -0.171      -0.161      -0.110      -0.058      -0.048      -0.029
    DEMAGE           0.346       0.366       0.376       0.428       0.481       0.491       0.510
    COGPGS          -0.198      -0.160      -0.140      -0.038       0.064       0.084       0.122

 Means
    DEMAGE          -0.085      -0.064      -0.054       0.000       0.054       0.064       0.084
    DEMMAL          -0.088      -0.067      -0.056       0.000       0.056       0.067       0.088
    CANONS           0.026       0.032       0.036       0.052       0.069       0.072       0.079
    COGPGS          -0.016      -0.013      -0.011      -0.003       0.005       0.007       0.010

 Variances
    DEMAGE           1.000       1.000       1.000       1.000       1.000       1.000       1.000
    DEMMAL           1.000       1.000       1.000       1.000       1.000       1.000       1.000
    CANONS           1.000       1.000       1.000       1.000       1.000       1.000       1.000
    COGPGS           1.000       1.000       1.000       1.000       1.000       1.000       1.000

 Residual Variances
    WSISUM           0.963       0.968       0.971       0.986       1.001       1.004       1.010

Between Level

 WSISUM   ON
    CANONSBW        -0.003       0.030       0.047       0.136       0.224       0.241       0.274
    COGPGSBW         0.003       0.038       0.055       0.146       0.238       0.255       0.289
    PC1BW           -0.540      -0.510      -0.494      -0.413      -0.331      -0.316      -0.285
    PC2BW           -0.512      -0.484      -0.470      -0.396      -0.323      -0.308      -0.281
    PC3BW           -0.050      -0.038      -0.033      -0.002       0.029       0.035       0.047
    PC4BW           -0.075      -0.052      -0.039       0.024       0.088       0.100       0.124
    PC5BW           -0.062      -0.049      -0.042      -0.008       0.026       0.032       0.045

 CANONSBW WITH
    COGPGSBW        -0.030       0.000       0.015       0.096       0.176       0.192       0.222

 Means
    CANONSBW        -0.184      -0.156      -0.142      -0.067       0.009       0.023       0.051
    COGPGSBW        -0.126      -0.098      -0.084      -0.009       0.065       0.079       0.107

 Intercepts
    WSISUM           7.749       8.025       8.167       8.906       9.644       9.786      10.062

 Variances
    CANONSBW         1.000       1.000       1.000       1.000       1.000       1.000       1.000
    COGPGSBW         1.000       1.000       1.000       1.000       1.000       1.000       1.000

 Residual Variances
    WSISUM           0.514       0.543       0.558       0.634       0.711       0.725       0.754


TECHNICAL 1 OUTPUT


     PARAMETER SPECIFICATION FOR WITHIN


           NU
              CANONSBW      COGPGSBW      WSISUM        DEMAGE        DEMMAL
              ________      ________      ________      ________      ________
 1                  0             0             0             0             0


           NU
              CANONS        COGPGS        PC1BW         PC2BW         PC3BW
              ________      ________      ________      ________      ________
 1                  0             0             0             0             0


           NU
              PC4BW         PC5BW
              ________      ________
 1                  0             0


           LAMBDA
              CANONSBW      COGPGSBW      WSISUM        DEMAGE        DEMMAL
              ________      ________      ________      ________      ________
 CANONSBW           0             0             0             0             0
 COGPGSBW           0             0             0             0             0
 WSISUM             0             0             0             0             0
 DEMAGE             0             0             0             0             0
 DEMMAL             0             0             0             0             0
 CANONS             0             0             0             0             0
 COGPGS             0             0             0             0             0
 PC1BW              0             0             0             0             0
 PC2BW              0             0             0             0             0
 PC3BW              0             0             0             0             0
 PC4BW              0             0             0             0             0
 PC5BW              0             0             0             0             0


           LAMBDA
              CANONS        COGPGS        PC1BW         PC2BW         PC3BW
              ________      ________      ________      ________      ________
 CANONSBW           0             0             0             0             0
 COGPGSBW           0             0             0             0             0
 WSISUM             0             0             0             0             0
 DEMAGE             0             0             0             0             0
 DEMMAL             0             0             0             0             0
 CANONS             0             0             0             0             0
 COGPGS             0             0             0             0             0
 PC1BW              0             0             0             0             0
 PC2BW              0             0             0             0             0
 PC3BW              0             0             0             0             0
 PC4BW              0             0             0             0             0
 PC5BW              0             0             0             0             0


           LAMBDA
              PC4BW         PC5BW
              ________      ________
 CANONSBW           0             0
 COGPGSBW           0             0
 WSISUM             0             0
 DEMAGE             0             0
 DEMMAL             0             0
 CANONS             0             0
 COGPGS             0             0
 PC1BW              0             0
 PC2BW              0             0
 PC3BW              0             0
 PC4BW              0             0
 PC5BW              0             0


           THETA
              CANONSBW      COGPGSBW      WSISUM        DEMAGE        DEMMAL
              ________      ________      ________      ________      ________
 CANONSBW           0
 COGPGSBW           0             0
 WSISUM             0             0             0
 DEMAGE             0             0             0             0
 DEMMAL             0             0             0             0             0
 CANONS             0             0             0             0             0
 COGPGS             0             0             0             0             0
 PC1BW              0             0             0             0             0
 PC2BW              0             0             0             0             0
 PC3BW              0             0             0             0             0
 PC4BW              0             0             0             0             0
 PC5BW              0             0             0             0             0


           THETA
              CANONS        COGPGS        PC1BW         PC2BW         PC3BW
              ________      ________      ________      ________      ________
 CANONS             0
 COGPGS             0             0
 PC1BW              0             0             0
 PC2BW              0             0             0             0
 PC3BW              0             0             0             0             0
 PC4BW              0             0             0             0             0
 PC5BW              0             0             0             0             0


           THETA
              PC4BW         PC5BW
              ________      ________
 PC4BW              0
 PC5BW              0             0


           ALPHA
              CANONSBW      COGPGSBW      WSISUM        DEMAGE        DEMMAL
              ________      ________      ________      ________      ________
 1                  0             0             0             1             2


           ALPHA
              CANONS        COGPGS        PC1BW         PC2BW         PC3BW
              ________      ________      ________      ________      ________
 1                  3             4             0             0             0


           ALPHA
              PC4BW         PC5BW
              ________      ________
 1                  0             0


           BETA
              CANONSBW      COGPGSBW      WSISUM        DEMAGE        DEMMAL
              ________      ________      ________      ________      ________
 CANONSBW           0             0             0             0             0
 COGPGSBW           0             0             0             0             0
 WSISUM             0             0             0             5             6
 DEMAGE             0             0             0             0             0
 DEMMAL             0             0             0             0             0
 CANONS             0             0             0             0             0
 COGPGS             0             0             0             0             0
 PC1BW              0             0             0             0             0
 PC2BW              0             0             0             0             0
 PC3BW              0             0             0             0             0
 PC4BW              0             0             0             0             0
 PC5BW              0             0             0             0             0


           BETA
              CANONS        COGPGS        PC1BW         PC2BW         PC3BW
              ________      ________      ________      ________      ________
 CANONSBW           0             0             0             0             0
 COGPGSBW           0             0             0             0             0
 WSISUM             7             8             0             0             0
 DEMAGE             0             0             0             0             0
 DEMMAL             0             0             0             0             0
 CANONS             0             0             0             0             0
 COGPGS             0             0             0             0             0
 PC1BW              0             0             0             0             0
 PC2BW              0             0             0             0             0
 PC3BW              0             0             0             0             0
 PC4BW              0             0             0             0             0
 PC5BW              0             0             0             0             0


           BETA
              PC4BW         PC5BW
              ________      ________
 CANONSBW           0             0
 COGPGSBW           0             0
 WSISUM             0             0
 DEMAGE             0             0
 DEMMAL             0             0
 CANONS             0             0
 COGPGS             0             0
 PC1BW              0             0
 PC2BW              0             0
 PC3BW              0             0
 PC4BW              0             0
 PC5BW              0             0


           PSI
              CANONSBW      COGPGSBW      WSISUM        DEMAGE        DEMMAL
              ________      ________      ________      ________      ________
 CANONSBW           0
 COGPGSBW           0             0
 WSISUM             0             0             9
 DEMAGE             0             0             0            10
 DEMMAL             0             0             0             0            11
 CANONS             0             0             0            12            13
 COGPGS             0             0             0             0             0
 PC1BW              0             0             0             0             0
 PC2BW              0             0             0             0             0
 PC3BW              0             0             0             0             0
 PC4BW              0             0             0             0             0
 PC5BW              0             0             0             0             0


           PSI
              CANONS        COGPGS        PC1BW         PC2BW         PC3BW
              ________      ________      ________      ________      ________
 CANONS            14
 COGPGS            15            16
 PC1BW              0             0             0
 PC2BW              0             0             0             0
 PC3BW              0             0             0             0             0
 PC4BW              0             0             0             0             0
 PC5BW              0             0             0             0             0


           PSI
              PC4BW         PC5BW
              ________      ________
 PC4BW              0
 PC5BW              0             0


     PARAMETER SPECIFICATION FOR BETWEEN


           NU
              CANONSBW      COGPGSBW      WSISUM        DEMAGE        DEMMAL
              ________      ________      ________      ________      ________
 1                  0             0             0             0             0


           NU
              CANONS        COGPGS        PC1BW         PC2BW         PC3BW
              ________      ________      ________      ________      ________
 1                  0             0             0             0             0


           NU
              PC4BW         PC5BW
              ________      ________
 1                  0             0


           LAMBDA
              CANONSBW      COGPGSBW      WSISUM        DEMAGE        DEMMAL
              ________      ________      ________      ________      ________
 CANONSBW           0             0             0             0             0
 COGPGSBW           0             0             0             0             0
 WSISUM             0             0             0             0             0
 DEMAGE             0             0             0             0             0
 DEMMAL             0             0             0             0             0
 CANONS             0             0             0             0             0
 COGPGS             0             0             0             0             0
 PC1BW              0             0             0             0             0
 PC2BW              0             0             0             0             0
 PC3BW              0             0             0             0             0
 PC4BW              0             0             0             0             0
 PC5BW              0             0             0             0             0


           LAMBDA
              CANONS        COGPGS        PC1BW         PC2BW         PC3BW
              ________      ________      ________      ________      ________
 CANONSBW           0             0             0             0             0
 COGPGSBW           0             0             0             0             0
 WSISUM             0             0             0             0             0
 DEMAGE             0             0             0             0             0
 DEMMAL             0             0             0             0             0
 CANONS             0             0             0             0             0
 COGPGS             0             0             0             0             0
 PC1BW              0             0             0             0             0
 PC2BW              0             0             0             0             0
 PC3BW              0             0             0             0             0
 PC4BW              0             0             0             0             0
 PC5BW              0             0             0             0             0


           LAMBDA
              PC4BW         PC5BW
              ________      ________
 CANONSBW           0             0
 COGPGSBW           0             0
 WSISUM             0             0
 DEMAGE             0             0
 DEMMAL             0             0
 CANONS             0             0
 COGPGS             0             0
 PC1BW              0             0
 PC2BW              0             0
 PC3BW              0             0
 PC4BW              0             0
 PC5BW              0             0


           THETA
              CANONSBW      COGPGSBW      WSISUM        DEMAGE        DEMMAL
              ________      ________      ________      ________      ________
 CANONSBW           0
 COGPGSBW           0             0
 WSISUM             0             0             0
 DEMAGE             0             0             0             0
 DEMMAL             0             0             0             0             0
 CANONS             0             0             0             0             0
 COGPGS             0             0             0             0             0
 PC1BW              0             0             0             0             0
 PC2BW              0             0             0             0             0
 PC3BW              0             0             0             0             0
 PC4BW              0             0             0             0             0
 PC5BW              0             0             0             0             0


           THETA
              CANONS        COGPGS        PC1BW         PC2BW         PC3BW
              ________      ________      ________      ________      ________
 CANONS             0
 COGPGS             0             0
 PC1BW              0             0             0
 PC2BW              0             0             0             0
 PC3BW              0             0             0             0             0
 PC4BW              0             0             0             0             0
 PC5BW              0             0             0             0             0


           THETA
              PC4BW         PC5BW
              ________      ________
 PC4BW              0
 PC5BW              0             0


           ALPHA
              CANONSBW      COGPGSBW      WSISUM        DEMAGE        DEMMAL
              ________      ________      ________      ________      ________
 1                 17            18            19             0             0


           ALPHA
              CANONS        COGPGS        PC1BW         PC2BW         PC3BW
              ________      ________      ________      ________      ________
 1                  0             0             0             0             0


           ALPHA
              PC4BW         PC5BW
              ________      ________
 1                  0             0


           BETA
              CANONSBW      COGPGSBW      WSISUM        DEMAGE        DEMMAL
              ________      ________      ________      ________      ________
 CANONSBW           0             0             0             0             0
 COGPGSBW           0             0             0             0             0
 WSISUM            20            21             0             0             0
 DEMAGE             0             0             0             0             0
 DEMMAL             0             0             0             0             0
 CANONS             0             0             0             0             0
 COGPGS             0             0             0             0             0
 PC1BW              0             0             0             0             0
 PC2BW              0             0             0             0             0
 PC3BW              0             0             0             0             0
 PC4BW              0             0             0             0             0
 PC5BW              0             0             0             0             0


           BETA
              CANONS        COGPGS        PC1BW         PC2BW         PC3BW
              ________      ________      ________      ________      ________
 CANONSBW           0             0             0             0             0
 COGPGSBW           0             0             0             0             0
 WSISUM             0             0            22            23            24
 DEMAGE             0             0             0             0             0
 DEMMAL             0             0             0             0             0
 CANONS             0             0             0             0             0
 COGPGS             0             0             0             0             0
 PC1BW              0             0             0             0             0
 PC2BW              0             0             0             0             0
 PC3BW              0             0             0             0             0
 PC4BW              0             0             0             0             0
 PC5BW              0             0             0             0             0


           BETA
              PC4BW         PC5BW
              ________      ________
 CANONSBW           0             0
 COGPGSBW           0             0
 WSISUM            25            26
 DEMAGE             0             0
 DEMMAL             0             0
 CANONS             0             0
 COGPGS             0             0
 PC1BW              0             0
 PC2BW              0             0
 PC3BW              0             0
 PC4BW              0             0
 PC5BW              0             0


           PSI
              CANONSBW      COGPGSBW      WSISUM        DEMAGE        DEMMAL
              ________      ________      ________      ________      ________
 CANONSBW          27
 COGPGSBW          28            29
 WSISUM             0             0            30
 DEMAGE             0             0             0             0
 DEMMAL             0             0             0             0             0
 CANONS             0             0             0             0             0
 COGPGS             0             0             0             0             0
 PC1BW              0             0             0             0             0
 PC2BW              0             0             0             0             0
 PC3BW              0             0             0             0             0
 PC4BW              0             0             0             0             0
 PC5BW              0             0             0             0             0


           PSI
              CANONS        COGPGS        PC1BW         PC2BW         PC3BW
              ________      ________      ________      ________      ________
 CANONS             0
 COGPGS             0             0
 PC1BW              0             0             0
 PC2BW              0             0             0             0
 PC3BW              0             0             0             0             0
 PC4BW              0             0             0             0             0
 PC5BW              0             0             0             0             0


           PSI
              PC4BW         PC5BW
              ________      ________
 PC4BW              0
 PC5BW              0             0


     STARTING VALUES FOR WITHIN


           NU
              CANONSBW      COGPGSBW      WSISUM        DEMAGE        DEMMAL
              ________      ________      ________      ________      ________
 1              0.000         0.000         0.000         0.000         0.000


           NU
              CANONS        COGPGS        PC1BW         PC2BW         PC3BW
              ________      ________      ________      ________      ________
 1              0.000         0.000         0.000         0.000         0.000


           NU
              PC4BW         PC5BW
              ________      ________
 1              0.000         0.000


           LAMBDA
              CANONSBW      COGPGSBW      WSISUM        DEMAGE        DEMMAL
              ________      ________      ________      ________      ________
 CANONSBW       1.000         0.000         0.000         0.000         0.000
 COGPGSBW       0.000         1.000         0.000         0.000         0.000
 WSISUM         0.000         0.000         1.000         0.000         0.000
 DEMAGE         0.000         0.000         0.000         1.000         0.000
 DEMMAL         0.000         0.000         0.000         0.000         1.000
 CANONS         0.000         0.000         0.000         0.000         0.000
 COGPGS         0.000         0.000         0.000         0.000         0.000
 PC1BW          0.000         0.000         0.000         0.000         0.000
 PC2BW          0.000         0.000         0.000         0.000         0.000
 PC3BW          0.000         0.000         0.000         0.000         0.000
 PC4BW          0.000         0.000         0.000         0.000         0.000
 PC5BW          0.000         0.000         0.000         0.000         0.000


           LAMBDA
              CANONS        COGPGS        PC1BW         PC2BW         PC3BW
              ________      ________      ________      ________      ________
 CANONSBW       0.000         0.000         0.000         0.000         0.000
 COGPGSBW       0.000         0.000         0.000         0.000         0.000
 WSISUM         0.000         0.000         0.000         0.000         0.000
 DEMAGE         0.000         0.000         0.000         0.000         0.000
 DEMMAL         0.000         0.000         0.000         0.000         0.000
 CANONS         1.000         0.000         0.000         0.000         0.000
 COGPGS         0.000         1.000         0.000         0.000         0.000
 PC1BW          0.000         0.000         1.000         0.000         0.000
 PC2BW          0.000         0.000         0.000         1.000         0.000
 PC3BW          0.000         0.000         0.000         0.000         1.000
 PC4BW          0.000         0.000         0.000         0.000         0.000
 PC5BW          0.000         0.000         0.000         0.000         0.000


           LAMBDA
              PC4BW         PC5BW
              ________      ________
 CANONSBW       0.000         0.000
 COGPGSBW       0.000         0.000
 WSISUM         0.000         0.000
 DEMAGE         0.000         0.000
 DEMMAL         0.000         0.000
 CANONS         0.000         0.000
 COGPGS         0.000         0.000
 PC1BW          0.000         0.000
 PC2BW          0.000         0.000
 PC3BW          0.000         0.000
 PC4BW          1.000         0.000
 PC5BW          0.000         1.000


           THETA
              CANONSBW      COGPGSBW      WSISUM        DEMAGE        DEMMAL
              ________      ________      ________      ________      ________
 CANONSBW       0.000
 COGPGSBW       0.000         0.000
 WSISUM         0.000         0.000         0.000
 DEMAGE         0.000         0.000         0.000         0.000
 DEMMAL         0.000         0.000         0.000         0.000         0.000
 CANONS         0.000         0.000         0.000         0.000         0.000
 COGPGS         0.000         0.000         0.000         0.000         0.000
 PC1BW          0.000         0.000         0.000         0.000         0.000
 PC2BW          0.000         0.000         0.000         0.000         0.000
 PC3BW          0.000         0.000         0.000         0.000         0.000
 PC4BW          0.000         0.000         0.000         0.000         0.000
 PC5BW          0.000         0.000         0.000         0.000         0.000


           THETA
              CANONS        COGPGS        PC1BW         PC2BW         PC3BW
              ________      ________      ________      ________      ________
 CANONS         0.000
 COGPGS         0.000         0.000
 PC1BW          0.000         0.000         0.000
 PC2BW          0.000         0.000         0.000         0.000
 PC3BW          0.000         0.000         0.000         0.000         0.000
 PC4BW          0.000         0.000         0.000         0.000         0.000
 PC5BW          0.000         0.000         0.000         0.000         0.000


           THETA
              PC4BW         PC5BW
              ________      ________
 PC4BW          0.000
 PC5BW          0.000         0.000


           ALPHA
              CANONSBW      COGPGSBW      WSISUM        DEMAGE        DEMMAL
              ________      ________      ________      ________      ________
 1              0.000         0.000         0.000         0.000         0.000


           ALPHA
              CANONS        COGPGS        PC1BW         PC2BW         PC3BW
              ________      ________      ________      ________      ________
 1              0.000         0.000         0.000         0.000         0.000


           ALPHA
              PC4BW         PC5BW
              ________      ________
 1              0.000         0.000


           BETA
              CANONSBW      COGPGSBW      WSISUM        DEMAGE        DEMMAL
              ________      ________      ________      ________      ________
 CANONSBW       0.000         0.000         0.000         0.000         0.000
 COGPGSBW       0.000         0.000         0.000         0.000         0.000
 WSISUM         0.000         0.000         0.000         0.000         0.000
 DEMAGE         0.000         0.000         0.000         0.000         0.000
 DEMMAL         0.000         0.000         0.000         0.000         0.000
 CANONS         0.000         0.000         0.000         0.000         0.000
 COGPGS         0.000         0.000         0.000         0.000         0.000
 PC1BW          0.000         0.000         0.000         0.000         0.000
 PC2BW          0.000         0.000         0.000         0.000         0.000
 PC3BW          0.000         0.000         0.000         0.000         0.000
 PC4BW          0.000         0.000         0.000         0.000         0.000
 PC5BW          0.000         0.000         0.000         0.000         0.000


           BETA
              CANONS        COGPGS        PC1BW         PC2BW         PC3BW
              ________      ________      ________      ________      ________
 CANONSBW       0.000         0.000         0.000         0.000         0.000
 COGPGSBW       0.000         0.000         0.000         0.000         0.000
 WSISUM         0.000         0.000         0.000         0.000         0.000
 DEMAGE         0.000         0.000         0.000         0.000         0.000
 DEMMAL         0.000         0.000         0.000         0.000         0.000
 CANONS         0.000         0.000         0.000         0.000         0.000
 COGPGS         0.000         0.000         0.000         0.000         0.000
 PC1BW          0.000         0.000         0.000         0.000         0.000
 PC2BW          0.000         0.000         0.000         0.000         0.000
 PC3BW          0.000         0.000         0.000         0.000         0.000
 PC4BW          0.000         0.000         0.000         0.000         0.000
 PC5BW          0.000         0.000         0.000         0.000         0.000


           BETA
              PC4BW         PC5BW
              ________      ________
 CANONSBW       0.000         0.000
 COGPGSBW       0.000         0.000
 WSISUM         0.000         0.000
 DEMAGE         0.000         0.000
 DEMMAL         0.000         0.000
 CANONS         0.000         0.000
 COGPGS         0.000         0.000
 PC1BW          0.000         0.000
 PC2BW          0.000         0.000
 PC3BW          0.000         0.000
 PC4BW          0.000         0.000
 PC5BW          0.000         0.000


           PSI
              CANONSBW      COGPGSBW      WSISUM        DEMAGE        DEMMAL
              ________      ________      ________      ________      ________
 CANONSBW       0.000
 COGPGSBW       0.000         0.000
 WSISUM         0.000         0.000       116.109
 DEMAGE         0.000         0.000         0.000         3.199
 DEMMAL         0.000         0.000         0.000         0.000         0.117
 CANONS         0.000         0.000         0.000         0.000         0.000
 COGPGS         0.000         0.000         0.000         0.000         0.000
 PC1BW          0.000         0.000         0.000         0.000         0.000
 PC2BW          0.000         0.000         0.000         0.000         0.000
 PC3BW          0.000         0.000         0.000         0.000         0.000
 PC4BW          0.000         0.000         0.000         0.000         0.000
 PC5BW          0.000         0.000         0.000         0.000         0.000


           PSI
              CANONS        COGPGS        PC1BW         PC2BW         PC3BW
              ________      ________      ________      ________      ________
 CANONS         0.892
 COGPGS         0.000         0.009
 PC1BW          0.000         0.000         0.000
 PC2BW          0.000         0.000         0.000         0.000
 PC3BW          0.000         0.000         0.000         0.000         0.000
 PC4BW          0.000         0.000         0.000         0.000         0.000
 PC5BW          0.000         0.000         0.000         0.000         0.000


           PSI
              PC4BW         PC5BW
              ________      ________
 PC4BW          0.000
 PC5BW          0.000         0.000


     STARTING VALUES FOR BETWEEN


           NU
              CANONSBW      COGPGSBW      WSISUM        DEMAGE        DEMMAL
              ________      ________      ________      ________      ________
 1              0.000         0.000         0.000         0.000         0.000


           NU
              CANONS        COGPGS        PC1BW         PC2BW         PC3BW
              ________      ________      ________      ________      ________
 1              0.000         0.000         0.000         0.000         0.000


           NU
              PC4BW         PC5BW
              ________      ________
 1              0.000         0.000


           LAMBDA
              CANONSBW      COGPGSBW      WSISUM        DEMAGE        DEMMAL
              ________      ________      ________      ________      ________
 CANONSBW       1.000         0.000         0.000         0.000         0.000
 COGPGSBW       0.000         1.000         0.000         0.000         0.000
 WSISUM         0.000         0.000         1.000         0.000         0.000
 DEMAGE         0.000         0.000         0.000         1.000         0.000
 DEMMAL         0.000         0.000         0.000         0.000         1.000
 CANONS         0.000         0.000         0.000         0.000         0.000
 COGPGS         0.000         0.000         0.000         0.000         0.000
 PC1BW          0.000         0.000         0.000         0.000         0.000
 PC2BW          0.000         0.000         0.000         0.000         0.000
 PC3BW          0.000         0.000         0.000         0.000         0.000
 PC4BW          0.000         0.000         0.000         0.000         0.000
 PC5BW          0.000         0.000         0.000         0.000         0.000


           LAMBDA
              CANONS        COGPGS        PC1BW         PC2BW         PC3BW
              ________      ________      ________      ________      ________
 CANONSBW       0.000         0.000         0.000         0.000         0.000
 COGPGSBW       0.000         0.000         0.000         0.000         0.000
 WSISUM         0.000         0.000         0.000         0.000         0.000
 DEMAGE         0.000         0.000         0.000         0.000         0.000
 DEMMAL         0.000         0.000         0.000         0.000         0.000
 CANONS         1.000         0.000         0.000         0.000         0.000
 COGPGS         0.000         1.000         0.000         0.000         0.000
 PC1BW          0.000         0.000         1.000         0.000         0.000
 PC2BW          0.000         0.000         0.000         1.000         0.000
 PC3BW          0.000         0.000         0.000         0.000         1.000
 PC4BW          0.000         0.000         0.000         0.000         0.000
 PC5BW          0.000         0.000         0.000         0.000         0.000


           LAMBDA
              PC4BW         PC5BW
              ________      ________
 CANONSBW       0.000         0.000
 COGPGSBW       0.000         0.000
 WSISUM         0.000         0.000
 DEMAGE         0.000         0.000
 DEMMAL         0.000         0.000
 CANONS         0.000         0.000
 COGPGS         0.000         0.000
 PC1BW          0.000         0.000
 PC2BW          0.000         0.000
 PC3BW          0.000         0.000
 PC4BW          1.000         0.000
 PC5BW          0.000         1.000


           THETA
              CANONSBW      COGPGSBW      WSISUM        DEMAGE        DEMMAL
              ________      ________      ________      ________      ________
 CANONSBW       0.000
 COGPGSBW       0.000         0.000
 WSISUM         0.000         0.000         0.000
 DEMAGE         0.000         0.000         0.000         0.000
 DEMMAL         0.000         0.000         0.000         0.000         0.000
 CANONS         0.000         0.000         0.000         0.000         0.000
 COGPGS         0.000         0.000         0.000         0.000         0.000
 PC1BW          0.000         0.000         0.000         0.000         0.000
 PC2BW          0.000         0.000         0.000         0.000         0.000
 PC3BW          0.000         0.000         0.000         0.000         0.000
 PC4BW          0.000         0.000         0.000         0.000         0.000
 PC5BW          0.000         0.000         0.000         0.000         0.000


           THETA
              CANONS        COGPGS        PC1BW         PC2BW         PC3BW
              ________      ________      ________      ________      ________
 CANONS         0.000
 COGPGS         0.000         0.000
 PC1BW          0.000         0.000         0.000
 PC2BW          0.000         0.000         0.000         0.000
 PC3BW          0.000         0.000         0.000         0.000         0.000
 PC4BW          0.000         0.000         0.000         0.000         0.000
 PC5BW          0.000         0.000         0.000         0.000         0.000


           THETA
              PC4BW         PC5BW
              ________      ________
 PC4BW          0.000
 PC5BW          0.000         0.000


           ALPHA
              CANONSBW      COGPGSBW      WSISUM        DEMAGE        DEMMAL
              ________      ________      ________      ________      ________
 1              0.000         0.000        93.718         0.000         0.000


           ALPHA
              CANONS        COGPGS        PC1BW         PC2BW         PC3BW
              ________      ________      ________      ________      ________
 1              0.000         0.000         0.000         0.000         0.000


           ALPHA
              PC4BW         PC5BW
              ________      ________
 1              0.000         0.000


           BETA
              CANONSBW      COGPGSBW      WSISUM        DEMAGE        DEMMAL
              ________      ________      ________      ________      ________
 CANONSBW       0.000         0.000         0.000         0.000         0.000
 COGPGSBW       0.000         0.000         0.000         0.000         0.000
 WSISUM         0.000         0.000         0.000         0.000         0.000
 DEMAGE         0.000         0.000         0.000         0.000         0.000
 DEMMAL         0.000         0.000         0.000         0.000         0.000
 CANONS         0.000         0.000         0.000         0.000         0.000
 COGPGS         0.000         0.000         0.000         0.000         0.000
 PC1BW          0.000         0.000         0.000         0.000         0.000
 PC2BW          0.000         0.000         0.000         0.000         0.000
 PC3BW          0.000         0.000         0.000         0.000         0.000
 PC4BW          0.000         0.000         0.000         0.000         0.000
 PC5BW          0.000         0.000         0.000         0.000         0.000


           BETA
              CANONS        COGPGS        PC1BW         PC2BW         PC3BW
              ________      ________      ________      ________      ________
 CANONSBW       0.000         0.000         0.000         0.000         0.000
 COGPGSBW       0.000         0.000         0.000         0.000         0.000
 WSISUM         0.000         0.000         0.000         0.000         0.000
 DEMAGE         0.000         0.000         0.000         0.000         0.000
 DEMMAL         0.000         0.000         0.000         0.000         0.000
 CANONS         0.000         0.000         0.000         0.000         0.000
 COGPGS         0.000         0.000         0.000         0.000         0.000
 PC1BW          0.000         0.000         0.000         0.000         0.000
 PC2BW          0.000         0.000         0.000         0.000         0.000
 PC3BW          0.000         0.000         0.000         0.000         0.000
 PC4BW          0.000         0.000         0.000         0.000         0.000
 PC5BW          0.000         0.000         0.000         0.000         0.000


           BETA
              PC4BW         PC5BW
              ________      ________
 CANONSBW       0.000         0.000
 COGPGSBW       0.000         0.000
 WSISUM         0.000         0.000
 DEMAGE         0.000         0.000
 DEMMAL         0.000         0.000
 CANONS         0.000         0.000
 COGPGS         0.000         0.000
 PC1BW          0.000         0.000
 PC2BW          0.000         0.000
 PC3BW          0.000         0.000
 PC4BW          0.000         0.000
 PC5BW          0.000         0.000


           PSI
              CANONSBW      COGPGSBW      WSISUM        DEMAGE        DEMMAL
              ________      ________      ________      ________      ________
 CANONSBW       1.262
 COGPGSBW       0.000         0.057
 WSISUM         0.000         0.000       116.109
 DEMAGE         0.000         0.000         0.000         0.000
 DEMMAL         0.000         0.000         0.000         0.000         0.000
 CANONS         0.000         0.000         0.000         0.000         0.000
 COGPGS         0.000         0.000         0.000         0.000         0.000
 PC1BW          0.000         0.000         0.000         0.000         0.000
 PC2BW          0.000         0.000         0.000         0.000         0.000
 PC3BW          0.000         0.000         0.000         0.000         0.000
 PC4BW          0.000         0.000         0.000         0.000         0.000
 PC5BW          0.000         0.000         0.000         0.000         0.000


           PSI
              CANONS        COGPGS        PC1BW         PC2BW         PC3BW
              ________      ________      ________      ________      ________
 CANONS         0.000
 COGPGS         0.000         0.000
 PC1BW          0.000         0.000         0.001
 PC2BW          0.000         0.000         0.000         0.001
 PC3BW          0.000         0.000         0.000         0.000         0.000
 PC4BW          0.000         0.000         0.000         0.000         0.000
 PC5BW          0.000         0.000         0.000         0.000         0.000


           PSI
              PC4BW         PC5BW
              ________      ________
 PC4BW          0.001
 PC5BW          0.000         0.001


SAMPLE STATISTICS FOR ESTIMATED FACTOR SCORES


     SAMPLE STATISTICS


           Means
              B_WSISUM
              ________
 1             93.696


           Covariances
              B_WSISUM
              ________
 B_WSISUM      83.402


           Correlations
              B_WSISUM
              ________
 B_WSISUM       1.000


PLOT INFORMATION

The following plots are available:

  Histograms (sample values)
  Scatterplots (sample values)

     Beginning Time:  12:57:24
        Ending Time:  12:57:25
       Elapsed Time:  00:00:01



MUTHEN & MUTHEN
3463 Stoner Ave.
Los Angeles, CA  90066

Tel: (310) 391-9971
Fax: (310) 391-8971
Web: www.StatModel.com
Support: Support@StatModel.com

Copyright (c) 1998-2015 Muthen & Muthen
