Mplus VERSION 7.4 (Mac)
MUTHEN & MUTHEN
07/30/2019  12:57 PM

INPUT INSTRUCTIONS


  TITLE: CANONS_WASDGT_2;

  DATA:
  	FILE = GD190618.csv;

  VARIABLE:
  	NAMES =
  			ID_Fam   Wave     ID_MPL
  			DEMMAL   DEMAGE   DEMHSP   DEMRAC
  			SRPWCR
  			WASVCB   WASBLK   WASDGT   WSISUM
  			TRLATS   TRLBTS
  			CVLASF   CVLASC   CVLALF   CVLALC
  			WASCOM   COGCOM   CVLCOM
  			CANEVR   CANONS   CANFLF
  			CANFTY   CANF6M   CANAC6
  			CANYRS
  			ALCEVR   ALCONS   ALCFLF
  			ALCFTY   ALCF6M   ALCAC6
  			ALCYRS
  			SRPWCRDt WASVCBDt WASBLKDt
  			WASDGTDt WSISUMDt TRLATSDt
  			TRLBTSDt CVLASFDt CVLASCDt
  			CVLALFDt CVLALCDt WASCOMDt
  			COGCOMDt CVLCOMDt
  			COGPGS
  			PC1 PC2 PC3 PC4 PC5 PC6
  		;
  	USEVARIABLES =
  		! outcome
  	  		WASDGT
    		! covariates
  	  		DEMAGE
    			DEMMAL  		
    		! within predictor
    			CANONS
    			COGPGS
    		! between predictor
    			CANONSBW
    			COGPGSBW
    			PC1BW
    			PC2BW
    			PC3BW
    			PC4BW
    			PC5BW	
    		;
    	USEOBSERVATION =
    			(Wave EQ 2 AND WASDGTDt EQ 1)
    		;
    	CLUSTER =
    			ID_Fam
    		;
    	MISSING = .;
    	BETWEEN =   		
    			CANONSBW
    			COGPGSBW
    			PC1BW
    			PC2BW
    			PC3BW
    			PC4BW
    			PC5BW			
    		;
    	WITHIN  		
    			CANONS
    			COGPGS
    			DEMAGE
    			DEMMAL
    		;  		

  DEFINE:
  	! CREATE BW FAM PREDICTOR
  		CANONSBW = cluster_mean (CANONS);	
  		COGPGSBW = cluster_mean (COGPGS);
  		PC1BW = cluster_mean (PC1);
  		PC2BW = cluster_mean (PC2);
  		PC3BW = cluster_mean (PC3);
  		PC4BW = cluster_mean (PC4);
  		PC5BW = cluster_mean (PC5);
  	! CENTER WI FAM VARIABLES
  		CENTER CANONS (GROUPMEAN);
  		CENTER COGPGS (GROUPMEAN);
  		CENTER DEMMAL (GRANDMEAN);
  		CENTER DEMAGE (GRANDMEAN);
  	! CENTER BW FAM VARIABLES
  		CENTER CANONSBW (GRANDMEAN);
  		CENTER COGPGSBW (GRANDMEAN);
  		CENTER PC1BW (GRANDMEAN);
  		CENTER PC2BW (GRANDMEAN);
  		CENTER PC3BW (GRANDMEAN);
  		CENTER PC4BW (GRANDMEAN);
  		CENTER PC5BW (GRANDMEAN);

  ANALYSIS:
          ITERATIONS = 1000000;
          TYPE = TWOLEVEL RANDOM;
          ALGORITHM = INTEGRATION;

  OUTPUT:
  	SAMPSTAT STDYX TECH1 CINT;

  MODEL:
  %WITHIN%
  	WASDGT on CANONS;
  	WASDGT on  DEMMAL DEMAGE COGPGS;	
  	COGPGS*;
  	WASDGT*;
  	CANONS WITH DEMMAL*;
  	CANONS WITH DEMAGE*;
  	CANONS WITH COGPGS*;

  %BETWEEN%
  	WASDGT on CANONSBW COGPGSBW
  		 	    PC1BW PC2BW PC3BW PC4BW PC5BW;
  	COGPGSBW*;
  	WASDGT*;
  	CANONSBW WITH COGPGSBW*;

  PLOT:
  	TYPE = plot3;



*** WARNING
  Data set contains cases with missing on x-variables.
  These cases were not included in the analysis.
  Number of cases with missing on x-variables:  45
   1 WARNING(S) FOUND IN THE INPUT INSTRUCTIONS



CANONS_WASDGT_2;

SUMMARY OF ANALYSIS

Number of groups                                                 1
Number of observations                                         380

Number of dependent variables                                    1
Number of independent variables                                 11
Number of continuous latent variables                            0

Observed dependent variables

  Continuous
   WASDGT

Observed independent variables
   DEMAGE      DEMMAL      CANONS      COGPGS      CANONSBW    COGPGSBW
   PC1BW       PC2BW       PC3BW       PC4BW       PC5BW

Variables with special functions

  Cluster variable      ID_FAM

  Within variables
   DEMAGE      DEMMAL      CANONS      COGPGS

  Between variables
   CANONSBW    COGPGSBW    PC1BW       PC2BW       PC3BW       PC4BW
   PC5BW

  Centering (GRANDMEAN)
   DEMMAL      DEMAGE      CANONSBW    COGPGSBW
   PC1BW       PC2BW       PC3BW       PC4BW       PC5BW

  Centering (GROUPMEAN)
   CANONS      COGPGS


Estimator                                                      MLR
Information matrix                                        OBSERVED
Optimization Specifications for the Quasi-Newton Algorithm for
Continuous Outcomes
  Maximum number of iterations                             1000000
  Convergence criterion                                  0.100D-05
Optimization Specifications for the EM Algorithm
  Maximum number of iterations                                 500
  Convergence criteria
    Loglikelihood change                                 0.100D-02
    Relative loglikelihood change                        0.100D-05
    Derivative                                           0.100D-02
Optimization Specifications for the M step of the EM Algorithm for
Categorical Latent variables
  Number of M step iterations                                    1
  M step convergence criterion                           0.100D-02
  Basis for M step termination                           ITERATION
Optimization Specifications for the M step of the EM Algorithm for
Censored, Binary or Ordered Categorical (Ordinal), Unordered
Categorical (Nominal) and Count Outcomes
  Number of M step iterations                                    1
  M step convergence criterion                           0.100D-02
  Basis for M step termination                           ITERATION
  Maximum value for logit thresholds                            15
  Minimum value for logit thresholds                           -15
  Minimum expected cell size for chi-square              0.100D-01
Maximum number of iterations for H1                           2000
Convergence criterion for H1                             0.100D-03
Optimization algorithm                                         EMA
Integration Specifications
  Type                                                    STANDARD
  Number of integration points                                  15
  Dimensions of numerical integration                            0
  Adaptive quadrature                                           ON
Cholesky                                                       OFF

Input data file(s)
  GD190618.csv
Input data format  FREE


SUMMARY OF DATA

     Number of missing data patterns            13
     Number of clusters                        193



COVARIANCE COVERAGE OF DATA

Minimum covariance coverage value   0.100


     PROPORTION OF DATA PRESENT FOR Y


           Covariance Coverage
              CANONSBW      COGPGSBW      WASDGT        DEMAGE        DEMMAL
              ________      ________      ________      ________      ________
 CANONSBW       0.939
 COGPGSBW       0.939         1.000
 WASDGT         0.803         0.847         0.847
 DEMAGE         0.937         0.997         0.847         0.997
 DEMMAL         0.937         0.997         0.847         0.997         0.997
 CANONS         0.787         0.787         0.676         0.784         0.784
 COGPGS         0.703         0.753         0.647         0.753         0.753
 PC1BW          0.939         1.000         0.847         0.997         0.997
 PC2BW          0.939         1.000         0.847         0.997         0.997
 PC3BW          0.939         1.000         0.847         0.997         0.997
 PC4BW          0.939         1.000         0.847         0.997         0.997
 PC5BW          0.939         1.000         0.847         0.997         0.997


           Covariance Coverage
              CANONS        COGPGS        PC1BW         PC2BW         PC3BW
              ________      ________      ________      ________      ________
 CANONS         0.787
 COGPGS         0.611         0.753
 PC1BW          0.787         0.753         1.000
 PC2BW          0.787         0.753         1.000         1.000
 PC3BW          0.787         0.753         1.000         1.000         1.000
 PC4BW          0.787         0.753         1.000         1.000         1.000
 PC5BW          0.787         0.753         1.000         1.000         1.000


           Covariance Coverage
              PC4BW         PC5BW
              ________      ________
 PC4BW          1.000
 PC5BW          1.000         1.000


SAMPLE STATISTICS


     ESTIMATED SAMPLE STATISTICS


           Means
              CANONSBW      COGPGSBW      WASDGT        DEMAGE        DEMMAL
              ________      ________      ________      ________      ________
 1              0.005         0.000        10.195         0.000         0.000


           Means
              CANONS        COGPGS        PC1BW         PC2BW         PC3BW
              ________      ________      ________      ________      ________
 1              0.034         0.000         0.000         0.000         0.000


           Means
              PC4BW         PC5BW
              ________      ________
 1              0.000         0.000


           Covariances
              CANONSBW      COGPGSBW      WASDGT        DEMAGE        DEMMAL
              ________      ________      ________      ________      ________
 CANONSBW       4.044
 COGPGSBW       0.004         0.111
 WASDGT         0.141         0.093         7.431
 DEMAGE         1.212         0.014         0.431         7.949
 DEMMAL        -0.104         0.013         0.132        -0.216         0.249
 CANONS        -0.056         0.001        -0.121         0.722        -0.049
 COGPGS        -0.001         0.000        -0.022        -0.017         0.005
 PC1BW          0.012        -0.004        -0.014         0.011        -0.002
 PC2BW         -0.009         0.000        -0.039        -0.007        -0.001
 PC3BW         -0.003        -0.001        -0.003        -0.001        -0.001
 PC4BW          0.007         0.002         0.000         0.005         0.001
 PC5BW         -0.010         0.000         0.010         0.006         0.000


           Covariances
              CANONS        COGPGS        PC1BW         PC2BW         PC3BW
              ________      ________      ________      ________      ________
 CANONS         1.791
 COGPGS         0.015         0.018
 PC1BW          0.000         0.000         0.001
 PC2BW          0.001         0.000         0.000         0.002
 PC3BW          0.000         0.000         0.000         0.000         0.000
 PC4BW          0.000         0.000         0.000         0.000        -0.001
 PC5BW         -0.001         0.000         0.000         0.000         0.000


           Covariances
              PC4BW         PC5BW
              ________      ________
 PC4BW          0.002
 PC5BW          0.000         0.002


           Correlations
              CANONSBW      COGPGSBW      WASDGT        DEMAGE        DEMMAL
              ________      ________      ________      ________      ________
 CANONSBW       1.000
 COGPGSBW       0.006         1.000
 WASDGT         0.026         0.103         1.000
 DEMAGE         0.214         0.015         0.056         1.000
 DEMMAL        -0.104         0.077         0.097        -0.153         1.000
 CANONS        -0.021         0.002        -0.033         0.191        -0.073
 COGPGS        -0.004        -0.007        -0.059        -0.043         0.069
 PC1BW          0.156        -0.298        -0.139         0.107        -0.097
 PC2BW         -0.106        -0.005        -0.357        -0.060        -0.038
 PC3BW         -0.075        -0.140        -0.063        -0.026        -0.076
 PC4BW          0.084         0.147         0.004         0.040         0.059
 PC5BW         -0.096        -0.028         0.078         0.046         0.016


           Correlations
              CANONS        COGPGS        PC1BW         PC2BW         PC3BW
              ________      ________      ________      ________      ________
 CANONS         1.000
 COGPGS         0.085         1.000
 PC1BW          0.004         0.003         1.000
 PC2BW          0.015        -0.001        -0.109         1.000
 PC3BW          0.009         0.004         0.047         0.138         1.000
 PC4BW         -0.008        -0.005         0.014         0.002        -0.969
 PC5BW         -0.010         0.001        -0.127         0.044         0.001


           Correlations
              PC4BW         PC5BW
              ________      ________
 PC4BW          1.000
 PC5BW          0.036         1.000


     MAXIMUM LOG-LIKELIHOOD VALUE FOR THE UNRESTRICTED (H1) MODEL IS 1182.424


UNIVARIATE SAMPLE STATISTICS


     UNIVARIATE HIGHER-ORDER MOMENT DESCRIPTIVE STATISTICS

         Variable/         Mean/     Skewness/   Minimum/ % with                Percentiles
        Sample Size      Variance    Kurtosis    Maximum  Min/Max      20%/60%    40%/80%    Median

     CANONSBW             -0.037       1.508      -4.948    0.55%      -1.448     -0.948     -0.282
             181.000       4.092       5.896      11.052    0.55%       0.052      1.052
     COGPGSBW              0.007       0.062      -0.972    0.52%      -0.282     -0.090     -0.007
             193.000       0.112      -0.017       0.899    0.52%       0.057      0.299
     WASDGT               10.165       0.569       4.000    0.62%       8.000      9.000     10.000
             322.000       7.492       0.293      19.000    0.62%      10.000     12.000
     DEMAGE                0.000       1.011      -5.447    0.26%      -2.377     -0.957     -0.247
             379.000       7.951       2.689      15.723    0.26%       0.333      2.133
     DEMMAL                0.000      -0.122      -0.530   46.97%      -0.530     -0.530      0.470
             379.000       0.249      -1.985       0.470   53.03%       0.470      0.470
     CANONS                0.000      -0.008      -4.500    0.67%      -1.000      0.000      0.000
             299.000       1.772       1.914       4.500    0.67%       0.000      1.000
     COGPGS                0.000       0.035      -0.482    0.35%      -0.076      0.000      0.000
             286.000       0.018       1.996       0.482    0.35%       0.000      0.072
     PC1BW                 0.000       2.440      -0.023    0.52%      -0.021     -0.016     -0.012
             193.000       0.001       4.619       0.133    0.52%      -0.010     -0.004
     PC2BW                -0.001       0.617      -0.044    0.52%      -0.041     -0.028     -0.013
             193.000       0.002      -0.803       0.121    0.52%       0.004      0.041
     PC3BW                 0.000      -4.137      -0.117    0.52%      -0.003      0.001      0.003
             193.000       0.000      21.256       0.033    0.52%       0.004      0.008
     PC4BW                -0.001       4.674      -0.097    0.52%      -0.013     -0.010     -0.008
             193.000       0.001      24.872       0.282    0.52%      -0.007     -0.003
     PC5BW                 0.002     -12.543      -0.541    0.52%       0.002      0.004      0.004
             193.000       0.002     165.580       0.054    0.52%       0.005      0.007

     THE STANDARD ERRORS OF THE MODEL PARAMETER ESTIMATES MAY NOT BE
     TRUSTWORTHY FOR SOME PARAMETERS DUE TO A NON-POSITIVE DEFINITE
     FIRST-ORDER DERIVATIVE PRODUCT MATRIX.  THIS MAY BE DUE TO THE STARTING
     VALUES BUT MAY ALSO BE AN INDICATION OF MODEL NONIDENTIFICATION.  THE
     CONDITION NUMBER IS       0.100D-10.  PROBLEM INVOLVING THE FOLLOWING PARAMETER:
     Parameter 26, %BETWEEN%: WASDGT ON PC5BW


THE MODEL ESTIMATION TERMINATED NORMALLY



MODEL FIT INFORMATION

Number of Free Parameters                       30

Loglikelihood

          H0 Value                       -2728.245
          H0 Scaling Correction Factor      1.1798
            for MLR

Information Criteria

          Akaike (AIC)                    5516.490
          Bayesian (BIC)                  5634.695
          Sample-Size Adjusted BIC        5539.511
            (n* = (n + 2) / 24)



MODEL RESULTS

                                                    Two-Tailed
                    Estimate       S.E.  Est./S.E.    P-Value

Within Level

 WASDGT     ON
    CANONS            -0.058      0.108     -0.540      0.589
    DEMMAL             0.345      0.261      1.321      0.186
    DEMAGE             0.060      0.040      1.486      0.137
    COGPGS            -1.185      0.754     -1.572      0.116

 CANONS   WITH
    DEMMAL            -0.032      0.030     -1.066      0.287
    DEMAGE             0.669      0.218      3.067      0.002
    COGPGS             0.016      0.015      1.067      0.286

 Means
    DEMAGE             0.001      0.159      0.006      0.995
    DEMMAL             0.000      0.028     -0.002      0.999
    CANONS             0.028      0.014      1.999      0.046
    COGPGS             0.001      0.001      0.511      0.609

 Variances
    DEMAGE             7.951      0.888      8.949      0.000
    DEMMAL             0.249      0.002    146.469      0.000
    CANONS             1.779      0.282      6.300      0.000
    COGPGS             0.018      0.003      6.166      0.000

 Residual Variances
    WASDGT             3.894      0.417      9.347      0.000

Between Level

 WASDGT     ON
    CANONSBW           0.026      0.089      0.291      0.771
    COGPGSBW           0.440      0.520      0.846      0.397
    PC1BW            -11.835      4.840     -2.445      0.014
    PC2BW            -25.846      5.020     -5.148      0.000
    PC3BW              7.933     52.660      0.151      0.880
    PC4BW              2.990     22.639      0.132      0.895
    PC5BW              3.979      1.467      2.713      0.007

 CANONSBW WITH
    COGPGSBW          -0.005      0.045     -0.120      0.904

 Means
    CANONSBW          -0.037      0.150     -0.244      0.807
    COGPGSBW           0.007      0.024      0.288      0.774

 Intercepts
    WASDGT            10.234      0.161     63.654      0.000

 Variances
    CANONSBW           4.092      0.855      4.788      0.000
    COGPGSBW           0.112      0.011      9.866      0.000

 Residual Variances
    WASDGT             2.240      0.536      4.182      0.000


STANDARDIZED MODEL RESULTS


STDYX Standardization

                                                    Two-Tailed
                    Estimate       S.E.  Est./S.E.    P-Value

Within Level

 WASDGT     ON
    CANONS            -0.039      0.072     -0.540      0.589
    DEMMAL             0.086      0.065      1.332      0.183
    DEMAGE             0.084      0.056      1.499      0.134
    COGPGS            -0.080      0.052     -1.556      0.120

 CANONS   WITH
    DEMMAL            -0.049      0.045     -1.087      0.277
    DEMAGE             0.178      0.053      3.360      0.001
    COGPGS             0.087      0.080      1.092      0.275

 Means
    DEMAGE             0.000      0.056      0.006      0.995
    DEMMAL             0.000      0.056     -0.002      0.999
    CANONS             0.021      0.010      2.082      0.037
    COGPGS             0.004      0.008      0.518      0.605

 Variances
    DEMAGE             1.000      0.000    999.000    999.000
    DEMMAL             1.000      0.000    999.000    999.000
    CANONS             1.000      0.000    999.000    999.000
    COGPGS             1.000      0.000    999.000    999.000

 Residual Variances
    WASDGT             0.978      0.017     56.839      0.000

Between Level

 WASDGT     ON
    CANONSBW           0.028      0.098      0.289      0.773
    COGPGSBW           0.080      0.095      0.841      0.401
    PC1BW             -0.240      0.096     -2.503      0.012
    PC2BW             -0.558      0.098     -5.671      0.000
    PC3BW              0.071      0.468      0.151      0.880
    PC4BW              0.063      0.474      0.132      0.895
    PC5BW              0.087      0.032      2.687      0.007

 CANONSBW WITH
    COGPGSBW          -0.008      0.066     -0.121      0.904

 Means
    CANONSBW          -0.018      0.075     -0.240      0.810
    COGPGSBW           0.021      0.072      0.288      0.773

 Intercepts
    WASDGT             5.539      0.538     10.294      0.000

 Variances
    CANONSBW           1.000      0.000    999.000    999.000
    COGPGSBW           1.000      0.000    999.000    999.000

 Residual Variances
    WASDGT             0.656      0.079      8.347      0.000


R-SQUARE

Within Level

    Observed                                        Two-Tailed
    Variable        Estimate       S.E.  Est./S.E.    P-Value

    WASDGT             0.022      0.017      1.294      0.196

Between Level

    Observed                                        Two-Tailed
    Variable        Estimate       S.E.  Est./S.E.    P-Value

    WASDGT             0.344      0.079      4.378      0.000


QUALITY OF NUMERICAL RESULTS

     Condition Number for the Information Matrix              0.100E-10
       (ratio of smallest to largest eigenvalue)


CONFIDENCE INTERVALS OF MODEL RESULTS

                  Lower .5%  Lower 2.5%    Lower 5%    Estimate    Upper 5%  Upper 2.5%   Upper .5%

Within Level

 WASDGT   ON
    CANONS          -0.335      -0.269      -0.235      -0.058       0.119       0.153       0.219
    DEMMAL          -0.328      -0.167      -0.085       0.345       0.775       0.857       1.018
    DEMAGE          -0.044      -0.019      -0.006       0.060       0.126       0.138       0.163
    COGPGS          -3.128      -2.663      -2.426      -1.185       0.055       0.292       0.757

 CANONS   WITH
    DEMMAL          -0.111      -0.092      -0.083      -0.032       0.018       0.027       0.046
    DEMAGE           0.107       0.242       0.310       0.669       1.028       1.097       1.232
    COGPGS          -0.022      -0.013      -0.008       0.016       0.040       0.045       0.054

 Means
    DEMAGE          -0.409      -0.311      -0.261       0.001       0.263       0.313       0.411
    DEMMAL          -0.072      -0.055      -0.046       0.000       0.046       0.055       0.072
    CANONS          -0.008       0.001       0.005       0.028       0.051       0.056       0.065
    COGPGS          -0.002      -0.002      -0.001       0.001       0.002       0.003       0.003

 Variances
    DEMAGE           5.662       6.209       6.489       7.951       9.412       9.692      10.239
    DEMMAL           0.245       0.246       0.246       0.249       0.252       0.252       0.253
    CANONS           1.052       1.226       1.315       1.779       2.244       2.333       2.507
    COGPGS           0.011       0.013       0.013       0.018       0.023       0.024       0.026

 Residual Variances
    WASDGT           2.821       3.077       3.209       3.894       4.579       4.711       4.967

Between Level

 WASDGT   ON
    CANONSBW        -0.202      -0.148      -0.120       0.026       0.171       0.199       0.254
    COGPGSBW        -0.899      -0.579      -0.415       0.440       1.295       1.458       1.778
    PC1BW          -24.300     -21.320     -19.796     -11.835      -3.874      -2.349       0.631
    PC2BW          -38.778     -35.686     -34.105     -25.846     -17.587     -16.006     -12.914
    PC3BW         -127.708     -95.280     -78.692       7.933      94.559     111.147     143.575
    PC4BW          -55.325     -41.384     -34.252       2.990      40.232      47.363      61.305
    PC5BW            0.201       1.104       1.566       3.979       6.392       6.854       7.757

 CANONSBW WITH
    COGPGSBW        -0.122      -0.094      -0.080      -0.005       0.069       0.083       0.111

 Means
    CANONSBW        -0.424      -0.331      -0.284      -0.037       0.211       0.258       0.351
    COGPGSBW        -0.055      -0.040      -0.033       0.007       0.047       0.054       0.069

 Intercepts
    WASDGT           9.820       9.919       9.970      10.234      10.499      10.549      10.648

 Variances
    CANONSBW         1.891       2.417       2.686       4.092       5.498       5.768       6.294
    COGPGSBW         0.083       0.090       0.093       0.112       0.130       0.134       0.141

 Residual Variances
    WASDGT           0.860       1.190       1.359       2.240       3.121       3.289       3.619


CONFIDENCE INTERVALS OF STANDARDIZED MODEL RESULTS


STDYX Standardization

                  Lower .5%  Lower 2.5%    Lower 5%    Estimate    Upper 5%  Upper 2.5%   Upper .5%

Within Level

 WASDGT   ON
    CANONS          -0.224      -0.180      -0.157      -0.039       0.080       0.102       0.146
    DEMMAL          -0.081      -0.041      -0.020       0.086       0.193       0.213       0.253
    DEMAGE          -0.061      -0.026      -0.008       0.084       0.177       0.195       0.229
    COGPGS          -0.214      -0.182      -0.165      -0.080       0.005       0.021       0.053

 CANONS   WITH
    DEMMAL          -0.164      -0.137      -0.123      -0.049       0.025       0.039       0.067
    DEMAGE           0.042       0.074       0.091       0.178       0.265       0.282       0.314
    COGPGS          -0.118      -0.069      -0.044       0.087       0.218       0.243       0.292

 Means
    DEMAGE          -0.145      -0.110      -0.092       0.000       0.093       0.111       0.146
    DEMMAL          -0.145      -0.110      -0.092       0.000       0.092       0.110       0.145
    CANONS          -0.005       0.001       0.004       0.021       0.038       0.041       0.047
    COGPGS          -0.017      -0.012      -0.009       0.004       0.018       0.020       0.025

 Variances
    DEMAGE           1.000       1.000       1.000       1.000       1.000       1.000       1.000
    DEMMAL           1.000       1.000       1.000       1.000       1.000       1.000       1.000
    CANONS           1.000       1.000       1.000       1.000       1.000       1.000       1.000
    COGPGS           1.000       1.000       1.000       1.000       1.000       1.000       1.000

 Residual Variances
    WASDGT           0.933       0.944       0.949       0.978       1.006       1.011       1.022

Between Level

 WASDGT   ON
    CANONSBW        -0.223      -0.163      -0.132       0.028       0.189       0.219       0.280
    COGPGSBW        -0.164      -0.106      -0.076       0.080       0.235       0.265       0.323
    PC1BW           -0.486      -0.427      -0.397      -0.240      -0.082      -0.052       0.007
    PC2BW           -0.811      -0.750      -0.719      -0.558      -0.396      -0.365      -0.304
    PC3BW           -1.135      -0.847      -0.699       0.071       0.841       0.988       1.276
    PC4BW           -1.159      -0.867      -0.717       0.063       0.842       0.992       1.284
    PC5BW            0.004       0.024       0.034       0.087       0.140       0.150       0.170

 CANONSBW WITH
    COGPGSBW        -0.179      -0.138      -0.117      -0.008       0.101       0.122       0.163

 Means
    CANONSBW        -0.212      -0.166      -0.142      -0.018       0.106       0.130       0.176
    COGPGSBW        -0.165      -0.120      -0.098       0.021       0.139       0.162       0.206

 Intercepts
    WASDGT           4.153       4.484       4.653       5.539       6.424       6.593       6.924

 Variances
    CANONSBW         1.000       1.000       1.000       1.000       1.000       1.000       1.000
    COGPGSBW         1.000       1.000       1.000       1.000       1.000       1.000       1.000

 Residual Variances
    WASDGT           0.454       0.502       0.527       0.656       0.785       0.810       0.858


TECHNICAL 1 OUTPUT


     PARAMETER SPECIFICATION FOR WITHIN


           NU
              CANONSBW      COGPGSBW      WASDGT        DEMAGE        DEMMAL
              ________      ________      ________      ________      ________
 1                  0             0             0             0             0


           NU
              CANONS        COGPGS        PC1BW         PC2BW         PC3BW
              ________      ________      ________      ________      ________
 1                  0             0             0             0             0


           NU
              PC4BW         PC5BW
              ________      ________
 1                  0             0


           LAMBDA
              CANONSBW      COGPGSBW      WASDGT        DEMAGE        DEMMAL
              ________      ________      ________      ________      ________
 CANONSBW           0             0             0             0             0
 COGPGSBW           0             0             0             0             0
 WASDGT             0             0             0             0             0
 DEMAGE             0             0             0             0             0
 DEMMAL             0             0             0             0             0
 CANONS             0             0             0             0             0
 COGPGS             0             0             0             0             0
 PC1BW              0             0             0             0             0
 PC2BW              0             0             0             0             0
 PC3BW              0             0             0             0             0
 PC4BW              0             0             0             0             0
 PC5BW              0             0             0             0             0


           LAMBDA
              CANONS        COGPGS        PC1BW         PC2BW         PC3BW
              ________      ________      ________      ________      ________
 CANONSBW           0             0             0             0             0
 COGPGSBW           0             0             0             0             0
 WASDGT             0             0             0             0             0
 DEMAGE             0             0             0             0             0
 DEMMAL             0             0             0             0             0
 CANONS             0             0             0             0             0
 COGPGS             0             0             0             0             0
 PC1BW              0             0             0             0             0
 PC2BW              0             0             0             0             0
 PC3BW              0             0             0             0             0
 PC4BW              0             0             0             0             0
 PC5BW              0             0             0             0             0


           LAMBDA
              PC4BW         PC5BW
              ________      ________
 CANONSBW           0             0
 COGPGSBW           0             0
 WASDGT             0             0
 DEMAGE             0             0
 DEMMAL             0             0
 CANONS             0             0
 COGPGS             0             0
 PC1BW              0             0
 PC2BW              0             0
 PC3BW              0             0
 PC4BW              0             0
 PC5BW              0             0


           THETA
              CANONSBW      COGPGSBW      WASDGT        DEMAGE        DEMMAL
              ________      ________      ________      ________      ________
 CANONSBW           0
 COGPGSBW           0             0
 WASDGT             0             0             0
 DEMAGE             0             0             0             0
 DEMMAL             0             0             0             0             0
 CANONS             0             0             0             0             0
 COGPGS             0             0             0             0             0
 PC1BW              0             0             0             0             0
 PC2BW              0             0             0             0             0
 PC3BW              0             0             0             0             0
 PC4BW              0             0             0             0             0
 PC5BW              0             0             0             0             0


           THETA
              CANONS        COGPGS        PC1BW         PC2BW         PC3BW
              ________      ________      ________      ________      ________
 CANONS             0
 COGPGS             0             0
 PC1BW              0             0             0
 PC2BW              0             0             0             0
 PC3BW              0             0             0             0             0
 PC4BW              0             0             0             0             0
 PC5BW              0             0             0             0             0


           THETA
              PC4BW         PC5BW
              ________      ________
 PC4BW              0
 PC5BW              0             0


           ALPHA
              CANONSBW      COGPGSBW      WASDGT        DEMAGE        DEMMAL
              ________      ________      ________      ________      ________
 1                  0             0             0             1             2


           ALPHA
              CANONS        COGPGS        PC1BW         PC2BW         PC3BW
              ________      ________      ________      ________      ________
 1                  3             4             0             0             0


           ALPHA
              PC4BW         PC5BW
              ________      ________
 1                  0             0


           BETA
              CANONSBW      COGPGSBW      WASDGT        DEMAGE        DEMMAL
              ________      ________      ________      ________      ________
 CANONSBW           0             0             0             0             0
 COGPGSBW           0             0             0             0             0
 WASDGT             0             0             0             5             6
 DEMAGE             0             0             0             0             0
 DEMMAL             0             0             0             0             0
 CANONS             0             0             0             0             0
 COGPGS             0             0             0             0             0
 PC1BW              0             0             0             0             0
 PC2BW              0             0             0             0             0
 PC3BW              0             0             0             0             0
 PC4BW              0             0             0             0             0
 PC5BW              0             0             0             0             0


           BETA
              CANONS        COGPGS        PC1BW         PC2BW         PC3BW
              ________      ________      ________      ________      ________
 CANONSBW           0             0             0             0             0
 COGPGSBW           0             0             0             0             0
 WASDGT             7             8             0             0             0
 DEMAGE             0             0             0             0             0
 DEMMAL             0             0             0             0             0
 CANONS             0             0             0             0             0
 COGPGS             0             0             0             0             0
 PC1BW              0             0             0             0             0
 PC2BW              0             0             0             0             0
 PC3BW              0             0             0             0             0
 PC4BW              0             0             0             0             0
 PC5BW              0             0             0             0             0


           BETA
              PC4BW         PC5BW
              ________      ________
 CANONSBW           0             0
 COGPGSBW           0             0
 WASDGT             0             0
 DEMAGE             0             0
 DEMMAL             0             0
 CANONS             0             0
 COGPGS             0             0
 PC1BW              0             0
 PC2BW              0             0
 PC3BW              0             0
 PC4BW              0             0
 PC5BW              0             0


           PSI
              CANONSBW      COGPGSBW      WASDGT        DEMAGE        DEMMAL
              ________      ________      ________      ________      ________
 CANONSBW           0
 COGPGSBW           0             0
 WASDGT             0             0             9
 DEMAGE             0             0             0            10
 DEMMAL             0             0             0             0            11
 CANONS             0             0             0            12            13
 COGPGS             0             0             0             0             0
 PC1BW              0             0             0             0             0
 PC2BW              0             0             0             0             0
 PC3BW              0             0             0             0             0
 PC4BW              0             0             0             0             0
 PC5BW              0             0             0             0             0


           PSI
              CANONS        COGPGS        PC1BW         PC2BW         PC3BW
              ________      ________      ________      ________      ________
 CANONS            14
 COGPGS            15            16
 PC1BW              0             0             0
 PC2BW              0             0             0             0
 PC3BW              0             0             0             0             0
 PC4BW              0             0             0             0             0
 PC5BW              0             0             0             0             0


           PSI
              PC4BW         PC5BW
              ________      ________
 PC4BW              0
 PC5BW              0             0


     PARAMETER SPECIFICATION FOR BETWEEN


           NU
              CANONSBW      COGPGSBW      WASDGT        DEMAGE        DEMMAL
              ________      ________      ________      ________      ________
 1                  0             0             0             0             0


           NU
              CANONS        COGPGS        PC1BW         PC2BW         PC3BW
              ________      ________      ________      ________      ________
 1                  0             0             0             0             0


           NU
              PC4BW         PC5BW
              ________      ________
 1                  0             0


           LAMBDA
              CANONSBW      COGPGSBW      WASDGT        DEMAGE        DEMMAL
              ________      ________      ________      ________      ________
 CANONSBW           0             0             0             0             0
 COGPGSBW           0             0             0             0             0
 WASDGT             0             0             0             0             0
 DEMAGE             0             0             0             0             0
 DEMMAL             0             0             0             0             0
 CANONS             0             0             0             0             0
 COGPGS             0             0             0             0             0
 PC1BW              0             0             0             0             0
 PC2BW              0             0             0             0             0
 PC3BW              0             0             0             0             0
 PC4BW              0             0             0             0             0
 PC5BW              0             0             0             0             0


           LAMBDA
              CANONS        COGPGS        PC1BW         PC2BW         PC3BW
              ________      ________      ________      ________      ________
 CANONSBW           0             0             0             0             0
 COGPGSBW           0             0             0             0             0
 WASDGT             0             0             0             0             0
 DEMAGE             0             0             0             0             0
 DEMMAL             0             0             0             0             0
 CANONS             0             0             0             0             0
 COGPGS             0             0             0             0             0
 PC1BW              0             0             0             0             0
 PC2BW              0             0             0             0             0
 PC3BW              0             0             0             0             0
 PC4BW              0             0             0             0             0
 PC5BW              0             0             0             0             0


           LAMBDA
              PC4BW         PC5BW
              ________      ________
 CANONSBW           0             0
 COGPGSBW           0             0
 WASDGT             0             0
 DEMAGE             0             0
 DEMMAL             0             0
 CANONS             0             0
 COGPGS             0             0
 PC1BW              0             0
 PC2BW              0             0
 PC3BW              0             0
 PC4BW              0             0
 PC5BW              0             0


           THETA
              CANONSBW      COGPGSBW      WASDGT        DEMAGE        DEMMAL
              ________      ________      ________      ________      ________
 CANONSBW           0
 COGPGSBW           0             0
 WASDGT             0             0             0
 DEMAGE             0             0             0             0
 DEMMAL             0             0             0             0             0
 CANONS             0             0             0             0             0
 COGPGS             0             0             0             0             0
 PC1BW              0             0             0             0             0
 PC2BW              0             0             0             0             0
 PC3BW              0             0             0             0             0
 PC4BW              0             0             0             0             0
 PC5BW              0             0             0             0             0


           THETA
              CANONS        COGPGS        PC1BW         PC2BW         PC3BW
              ________      ________      ________      ________      ________
 CANONS             0
 COGPGS             0             0
 PC1BW              0             0             0
 PC2BW              0             0             0             0
 PC3BW              0             0             0             0             0
 PC4BW              0             0             0             0             0
 PC5BW              0             0             0             0             0


           THETA
              PC4BW         PC5BW
              ________      ________
 PC4BW              0
 PC5BW              0             0


           ALPHA
              CANONSBW      COGPGSBW      WASDGT        DEMAGE        DEMMAL
              ________      ________      ________      ________      ________
 1                 17            18            19             0             0


           ALPHA
              CANONS        COGPGS        PC1BW         PC2BW         PC3BW
              ________      ________      ________      ________      ________
 1                  0             0             0             0             0


           ALPHA
              PC4BW         PC5BW
              ________      ________
 1                  0             0


           BETA
              CANONSBW      COGPGSBW      WASDGT        DEMAGE        DEMMAL
              ________      ________      ________      ________      ________
 CANONSBW           0             0             0             0             0
 COGPGSBW           0             0             0             0             0
 WASDGT            20            21             0             0             0
 DEMAGE             0             0             0             0             0
 DEMMAL             0             0             0             0             0
 CANONS             0             0             0             0             0
 COGPGS             0             0             0             0             0
 PC1BW              0             0             0             0             0
 PC2BW              0             0             0             0             0
 PC3BW              0             0             0             0             0
 PC4BW              0             0             0             0             0
 PC5BW              0             0             0             0             0


           BETA
              CANONS        COGPGS        PC1BW         PC2BW         PC3BW
              ________      ________      ________      ________      ________
 CANONSBW           0             0             0             0             0
 COGPGSBW           0             0             0             0             0
 WASDGT             0             0            22            23            24
 DEMAGE             0             0             0             0             0
 DEMMAL             0             0             0             0             0
 CANONS             0             0             0             0             0
 COGPGS             0             0             0             0             0
 PC1BW              0             0             0             0             0
 PC2BW              0             0             0             0             0
 PC3BW              0             0             0             0             0
 PC4BW              0             0             0             0             0
 PC5BW              0             0             0             0             0


           BETA
              PC4BW         PC5BW
              ________      ________
 CANONSBW           0             0
 COGPGSBW           0             0
 WASDGT            25            26
 DEMAGE             0             0
 DEMMAL             0             0
 CANONS             0             0
 COGPGS             0             0
 PC1BW              0             0
 PC2BW              0             0
 PC3BW              0             0
 PC4BW              0             0
 PC5BW              0             0


           PSI
              CANONSBW      COGPGSBW      WASDGT        DEMAGE        DEMMAL
              ________      ________      ________      ________      ________
 CANONSBW          27
 COGPGSBW          28            29
 WASDGT             0             0            30
 DEMAGE             0             0             0             0
 DEMMAL             0             0             0             0             0
 CANONS             0             0             0             0             0
 COGPGS             0             0             0             0             0
 PC1BW              0             0             0             0             0
 PC2BW              0             0             0             0             0
 PC3BW              0             0             0             0             0
 PC4BW              0             0             0             0             0
 PC5BW              0             0             0             0             0


           PSI
              CANONS        COGPGS        PC1BW         PC2BW         PC3BW
              ________      ________      ________      ________      ________
 CANONS             0
 COGPGS             0             0
 PC1BW              0             0             0
 PC2BW              0             0             0             0
 PC3BW              0             0             0             0             0
 PC4BW              0             0             0             0             0
 PC5BW              0             0             0             0             0


           PSI
              PC4BW         PC5BW
              ________      ________
 PC4BW              0
 PC5BW              0             0


     STARTING VALUES FOR WITHIN


           NU
              CANONSBW      COGPGSBW      WASDGT        DEMAGE        DEMMAL
              ________      ________      ________      ________      ________
 1              0.000         0.000         0.000         0.000         0.000


           NU
              CANONS        COGPGS        PC1BW         PC2BW         PC3BW
              ________      ________      ________      ________      ________
 1              0.000         0.000         0.000         0.000         0.000


           NU
              PC4BW         PC5BW
              ________      ________
 1              0.000         0.000


           LAMBDA
              CANONSBW      COGPGSBW      WASDGT        DEMAGE        DEMMAL
              ________      ________      ________      ________      ________
 CANONSBW       1.000         0.000         0.000         0.000         0.000
 COGPGSBW       0.000         1.000         0.000         0.000         0.000
 WASDGT         0.000         0.000         1.000         0.000         0.000
 DEMAGE         0.000         0.000         0.000         1.000         0.000
 DEMMAL         0.000         0.000         0.000         0.000         1.000
 CANONS         0.000         0.000         0.000         0.000         0.000
 COGPGS         0.000         0.000         0.000         0.000         0.000
 PC1BW          0.000         0.000         0.000         0.000         0.000
 PC2BW          0.000         0.000         0.000         0.000         0.000
 PC3BW          0.000         0.000         0.000         0.000         0.000
 PC4BW          0.000         0.000         0.000         0.000         0.000
 PC5BW          0.000         0.000         0.000         0.000         0.000


           LAMBDA
              CANONS        COGPGS        PC1BW         PC2BW         PC3BW
              ________      ________      ________      ________      ________
 CANONSBW       0.000         0.000         0.000         0.000         0.000
 COGPGSBW       0.000         0.000         0.000         0.000         0.000
 WASDGT         0.000         0.000         0.000         0.000         0.000
 DEMAGE         0.000         0.000         0.000         0.000         0.000
 DEMMAL         0.000         0.000         0.000         0.000         0.000
 CANONS         1.000         0.000         0.000         0.000         0.000
 COGPGS         0.000         1.000         0.000         0.000         0.000
 PC1BW          0.000         0.000         1.000         0.000         0.000
 PC2BW          0.000         0.000         0.000         1.000         0.000
 PC3BW          0.000         0.000         0.000         0.000         1.000
 PC4BW          0.000         0.000         0.000         0.000         0.000
 PC5BW          0.000         0.000         0.000         0.000         0.000


           LAMBDA
              PC4BW         PC5BW
              ________      ________
 CANONSBW       0.000         0.000
 COGPGSBW       0.000         0.000
 WASDGT         0.000         0.000
 DEMAGE         0.000         0.000
 DEMMAL         0.000         0.000
 CANONS         0.000         0.000
 COGPGS         0.000         0.000
 PC1BW          0.000         0.000
 PC2BW          0.000         0.000
 PC3BW          0.000         0.000
 PC4BW          1.000         0.000
 PC5BW          0.000         1.000


           THETA
              CANONSBW      COGPGSBW      WASDGT        DEMAGE        DEMMAL
              ________      ________      ________      ________      ________
 CANONSBW       0.000
 COGPGSBW       0.000         0.000
 WASDGT         0.000         0.000         0.000
 DEMAGE         0.000         0.000         0.000         0.000
 DEMMAL         0.000         0.000         0.000         0.000         0.000
 CANONS         0.000         0.000         0.000         0.000         0.000
 COGPGS         0.000         0.000         0.000         0.000         0.000
 PC1BW          0.000         0.000         0.000         0.000         0.000
 PC2BW          0.000         0.000         0.000         0.000         0.000
 PC3BW          0.000         0.000         0.000         0.000         0.000
 PC4BW          0.000         0.000         0.000         0.000         0.000
 PC5BW          0.000         0.000         0.000         0.000         0.000


           THETA
              CANONS        COGPGS        PC1BW         PC2BW         PC3BW
              ________      ________      ________      ________      ________
 CANONS         0.000
 COGPGS         0.000         0.000
 PC1BW          0.000         0.000         0.000
 PC2BW          0.000         0.000         0.000         0.000
 PC3BW          0.000         0.000         0.000         0.000         0.000
 PC4BW          0.000         0.000         0.000         0.000         0.000
 PC5BW          0.000         0.000         0.000         0.000         0.000


           THETA
              PC4BW         PC5BW
              ________      ________
 PC4BW          0.000
 PC5BW          0.000         0.000


           ALPHA
              CANONSBW      COGPGSBW      WASDGT        DEMAGE        DEMMAL
              ________      ________      ________      ________      ________
 1              0.000         0.000         0.000         0.000         0.000


           ALPHA
              CANONS        COGPGS        PC1BW         PC2BW         PC3BW
              ________      ________      ________      ________      ________
 1              0.000         0.000         0.000         0.000         0.000


           ALPHA
              PC4BW         PC5BW
              ________      ________
 1              0.000         0.000


           BETA
              CANONSBW      COGPGSBW      WASDGT        DEMAGE        DEMMAL
              ________      ________      ________      ________      ________
 CANONSBW       0.000         0.000         0.000         0.000         0.000
 COGPGSBW       0.000         0.000         0.000         0.000         0.000
 WASDGT         0.000         0.000         0.000         0.000         0.000
 DEMAGE         0.000         0.000         0.000         0.000         0.000
 DEMMAL         0.000         0.000         0.000         0.000         0.000
 CANONS         0.000         0.000         0.000         0.000         0.000
 COGPGS         0.000         0.000         0.000         0.000         0.000
 PC1BW          0.000         0.000         0.000         0.000         0.000
 PC2BW          0.000         0.000         0.000         0.000         0.000
 PC3BW          0.000         0.000         0.000         0.000         0.000
 PC4BW          0.000         0.000         0.000         0.000         0.000
 PC5BW          0.000         0.000         0.000         0.000         0.000


           BETA
              CANONS        COGPGS        PC1BW         PC2BW         PC3BW
              ________      ________      ________      ________      ________
 CANONSBW       0.000         0.000         0.000         0.000         0.000
 COGPGSBW       0.000         0.000         0.000         0.000         0.000
 WASDGT         0.000         0.000         0.000         0.000         0.000
 DEMAGE         0.000         0.000         0.000         0.000         0.000
 DEMMAL         0.000         0.000         0.000         0.000         0.000
 CANONS         0.000         0.000         0.000         0.000         0.000
 COGPGS         0.000         0.000         0.000         0.000         0.000
 PC1BW          0.000         0.000         0.000         0.000         0.000
 PC2BW          0.000         0.000         0.000         0.000         0.000
 PC3BW          0.000         0.000         0.000         0.000         0.000
 PC4BW          0.000         0.000         0.000         0.000         0.000
 PC5BW          0.000         0.000         0.000         0.000         0.000


           BETA
              PC4BW         PC5BW
              ________      ________
 CANONSBW       0.000         0.000
 COGPGSBW       0.000         0.000
 WASDGT         0.000         0.000
 DEMAGE         0.000         0.000
 DEMMAL         0.000         0.000
 CANONS         0.000         0.000
 COGPGS         0.000         0.000
 PC1BW          0.000         0.000
 PC2BW          0.000         0.000
 PC3BW          0.000         0.000
 PC4BW          0.000         0.000
 PC5BW          0.000         0.000


           PSI
              CANONSBW      COGPGSBW      WASDGT        DEMAGE        DEMMAL
              ________      ________      ________      ________      ________
 CANONSBW       0.000
 COGPGSBW       0.000         0.000
 WASDGT         0.000         0.000         3.746
 DEMAGE         0.000         0.000         0.000         3.975
 DEMMAL         0.000         0.000         0.000         0.000         0.125
 CANONS         0.000         0.000         0.000         0.000         0.000
 COGPGS         0.000         0.000         0.000         0.000         0.000
 PC1BW          0.000         0.000         0.000         0.000         0.000
 PC2BW          0.000         0.000         0.000         0.000         0.000
 PC3BW          0.000         0.000         0.000         0.000         0.000
 PC4BW          0.000         0.000         0.000         0.000         0.000
 PC5BW          0.000         0.000         0.000         0.000         0.000


           PSI
              CANONS        COGPGS        PC1BW         PC2BW         PC3BW
              ________      ________      ________      ________      ________
 CANONS         0.886
 COGPGS         0.000         0.009
 PC1BW          0.000         0.000         0.000
 PC2BW          0.000         0.000         0.000         0.000
 PC3BW          0.000         0.000         0.000         0.000         0.000
 PC4BW          0.000         0.000         0.000         0.000         0.000
 PC5BW          0.000         0.000         0.000         0.000         0.000


           PSI
              PC4BW         PC5BW
              ________      ________
 PC4BW          0.000
 PC5BW          0.000         0.000


     STARTING VALUES FOR BETWEEN


           NU
              CANONSBW      COGPGSBW      WASDGT        DEMAGE        DEMMAL
              ________      ________      ________      ________      ________
 1              0.000         0.000         0.000         0.000         0.000


           NU
              CANONS        COGPGS        PC1BW         PC2BW         PC3BW
              ________      ________      ________      ________      ________
 1              0.000         0.000         0.000         0.000         0.000


           NU
              PC4BW         PC5BW
              ________      ________
 1              0.000         0.000


           LAMBDA
              CANONSBW      COGPGSBW      WASDGT        DEMAGE        DEMMAL
              ________      ________      ________      ________      ________
 CANONSBW       1.000         0.000         0.000         0.000         0.000
 COGPGSBW       0.000         1.000         0.000         0.000         0.000
 WASDGT         0.000         0.000         1.000         0.000         0.000
 DEMAGE         0.000         0.000         0.000         1.000         0.000
 DEMMAL         0.000         0.000         0.000         0.000         1.000
 CANONS         0.000         0.000         0.000         0.000         0.000
 COGPGS         0.000         0.000         0.000         0.000         0.000
 PC1BW          0.000         0.000         0.000         0.000         0.000
 PC2BW          0.000         0.000         0.000         0.000         0.000
 PC3BW          0.000         0.000         0.000         0.000         0.000
 PC4BW          0.000         0.000         0.000         0.000         0.000
 PC5BW          0.000         0.000         0.000         0.000         0.000


           LAMBDA
              CANONS        COGPGS        PC1BW         PC2BW         PC3BW
              ________      ________      ________      ________      ________
 CANONSBW       0.000         0.000         0.000         0.000         0.000
 COGPGSBW       0.000         0.000         0.000         0.000         0.000
 WASDGT         0.000         0.000         0.000         0.000         0.000
 DEMAGE         0.000         0.000         0.000         0.000         0.000
 DEMMAL         0.000         0.000         0.000         0.000         0.000
 CANONS         1.000         0.000         0.000         0.000         0.000
 COGPGS         0.000         1.000         0.000         0.000         0.000
 PC1BW          0.000         0.000         1.000         0.000         0.000
 PC2BW          0.000         0.000         0.000         1.000         0.000
 PC3BW          0.000         0.000         0.000         0.000         1.000
 PC4BW          0.000         0.000         0.000         0.000         0.000
 PC5BW          0.000         0.000         0.000         0.000         0.000


           LAMBDA
              PC4BW         PC5BW
              ________      ________
 CANONSBW       0.000         0.000
 COGPGSBW       0.000         0.000
 WASDGT         0.000         0.000
 DEMAGE         0.000         0.000
 DEMMAL         0.000         0.000
 CANONS         0.000         0.000
 COGPGS         0.000         0.000
 PC1BW          0.000         0.000
 PC2BW          0.000         0.000
 PC3BW          0.000         0.000
 PC4BW          1.000         0.000
 PC5BW          0.000         1.000


           THETA
              CANONSBW      COGPGSBW      WASDGT        DEMAGE        DEMMAL
              ________      ________      ________      ________      ________
 CANONSBW       0.000
 COGPGSBW       0.000         0.000
 WASDGT         0.000         0.000         0.000
 DEMAGE         0.000         0.000         0.000         0.000
 DEMMAL         0.000         0.000         0.000         0.000         0.000
 CANONS         0.000         0.000         0.000         0.000         0.000
 COGPGS         0.000         0.000         0.000         0.000         0.000
 PC1BW          0.000         0.000         0.000         0.000         0.000
 PC2BW          0.000         0.000         0.000         0.000         0.000
 PC3BW          0.000         0.000         0.000         0.000         0.000
 PC4BW          0.000         0.000         0.000         0.000         0.000
 PC5BW          0.000         0.000         0.000         0.000         0.000


           THETA
              CANONS        COGPGS        PC1BW         PC2BW         PC3BW
              ________      ________      ________      ________      ________
 CANONS         0.000
 COGPGS         0.000         0.000
 PC1BW          0.000         0.000         0.000
 PC2BW          0.000         0.000         0.000         0.000
 PC3BW          0.000         0.000         0.000         0.000         0.000
 PC4BW          0.000         0.000         0.000         0.000         0.000
 PC5BW          0.000         0.000         0.000         0.000         0.000


           THETA
              PC4BW         PC5BW
              ________      ________
 PC4BW          0.000
 PC5BW          0.000         0.000


           ALPHA
              CANONSBW      COGPGSBW      WASDGT        DEMAGE        DEMMAL
              ________      ________      ________      ________      ________
 1              0.000         0.000        10.165         0.000         0.000


           ALPHA
              CANONS        COGPGS        PC1BW         PC2BW         PC3BW
              ________      ________      ________      ________      ________
 1              0.000         0.000         0.000         0.000         0.000


           ALPHA
              PC4BW         PC5BW
              ________      ________
 1              0.000         0.000


           BETA
              CANONSBW      COGPGSBW      WASDGT        DEMAGE        DEMMAL
              ________      ________      ________      ________      ________
 CANONSBW       0.000         0.000         0.000         0.000         0.000
 COGPGSBW       0.000         0.000         0.000         0.000         0.000
 WASDGT         0.000         0.000         0.000         0.000         0.000
 DEMAGE         0.000         0.000         0.000         0.000         0.000
 DEMMAL         0.000         0.000         0.000         0.000         0.000
 CANONS         0.000         0.000         0.000         0.000         0.000
 COGPGS         0.000         0.000         0.000         0.000         0.000
 PC1BW          0.000         0.000         0.000         0.000         0.000
 PC2BW          0.000         0.000         0.000         0.000         0.000
 PC3BW          0.000         0.000         0.000         0.000         0.000
 PC4BW          0.000         0.000         0.000         0.000         0.000
 PC5BW          0.000         0.000         0.000         0.000         0.000


           BETA
              CANONS        COGPGS        PC1BW         PC2BW         PC3BW
              ________      ________      ________      ________      ________
 CANONSBW       0.000         0.000         0.000         0.000         0.000
 COGPGSBW       0.000         0.000         0.000         0.000         0.000
 WASDGT         0.000         0.000         0.000         0.000         0.000
 DEMAGE         0.000         0.000         0.000         0.000         0.000
 DEMMAL         0.000         0.000         0.000         0.000         0.000
 CANONS         0.000         0.000         0.000         0.000         0.000
 COGPGS         0.000         0.000         0.000         0.000         0.000
 PC1BW          0.000         0.000         0.000         0.000         0.000
 PC2BW          0.000         0.000         0.000         0.000         0.000
 PC3BW          0.000         0.000         0.000         0.000         0.000
 PC4BW          0.000         0.000         0.000         0.000         0.000
 PC5BW          0.000         0.000         0.000         0.000         0.000


           BETA
              PC4BW         PC5BW
              ________      ________
 CANONSBW       0.000         0.000
 COGPGSBW       0.000         0.000
 WASDGT         0.000         0.000
 DEMAGE         0.000         0.000
 DEMMAL         0.000         0.000
 CANONS         0.000         0.000
 COGPGS         0.000         0.000
 PC1BW          0.000         0.000
 PC2BW          0.000         0.000
 PC3BW          0.000         0.000
 PC4BW          0.000         0.000
 PC5BW          0.000         0.000


           PSI
              CANONSBW      COGPGSBW      WASDGT        DEMAGE        DEMMAL
              ________      ________      ________      ________      ________
 CANONSBW       2.022
 COGPGSBW       0.000         0.055
 WASDGT         0.000         0.000         3.746
 DEMAGE         0.000         0.000         0.000         0.000
 DEMMAL         0.000         0.000         0.000         0.000         0.000
 CANONS         0.000         0.000         0.000         0.000         0.000
 COGPGS         0.000         0.000         0.000         0.000         0.000
 PC1BW          0.000         0.000         0.000         0.000         0.000
 PC2BW          0.000         0.000         0.000         0.000         0.000
 PC3BW          0.000         0.000         0.000         0.000         0.000
 PC4BW          0.000         0.000         0.000         0.000         0.000
 PC5BW          0.000         0.000         0.000         0.000         0.000


           PSI
              CANONS        COGPGS        PC1BW         PC2BW         PC3BW
              ________      ________      ________      ________      ________
 CANONS         0.000
 COGPGS         0.000         0.000
 PC1BW          0.000         0.000         0.001
 PC2BW          0.000         0.000         0.000         0.001
 PC3BW          0.000         0.000         0.000         0.000         0.000
 PC4BW          0.000         0.000         0.000         0.000         0.000
 PC5BW          0.000         0.000         0.000         0.000         0.000


           PSI
              PC4BW         PC5BW
              ________      ________
 PC4BW          0.001
 PC5BW          0.000         0.001


SAMPLE STATISTICS FOR ESTIMATED FACTOR SCORES


     SAMPLE STATISTICS


           Means
              B_WASDGT
              ________
 1             10.201


           Covariances
              B_WASDGT
              ________
 B_WASDGT       2.228


           Correlations
              B_WASDGT
              ________
 B_WASDGT       1.000


PLOT INFORMATION

The following plots are available:

  Histograms (sample values)
  Scatterplots (sample values)

     Beginning Time:  12:57:21
        Ending Time:  12:57:22
       Elapsed Time:  00:00:01



MUTHEN & MUTHEN
3463 Stoner Ave.
Los Angeles, CA  90066

Tel: (310) 391-9971
Fax: (310) 391-8971
Web: www.StatModel.com
Support: Support@StatModel.com

Copyright (c) 1998-2015 Muthen & Muthen
